Sun Sep 22 22:24:21 UTC 2024	workflow.Workflow:INFO: Config file name: /workspaces/git/src/preprocessing/config.ini
Sun Sep 22 22:24:21 UTC 2024	workflow.Workflow:INFO: {Parameters are: 
Sun Sep 22 22:24:21 UTC 2024	workflow.Workflow:INFO: 	CHAMP maximum number of repeats for a give number of clusters = 1
Sun Sep 22 22:24:21 UTC 2024	workflow.Workflow:INFO: 	CHAMP maximum cluster number = 10
Sun Sep 22 22:24:21 UTC 2024	workflow.Workflow:INFO: 	CHAMP maximum clustering iterations = 100
Sun Sep 22 22:24:21 UTC 2024	workflow.Workflow:INFO: 	CHAMP minimum cluster size = 2
Sun Sep 22 22:24:21 UTC 2024	workflow.Workflow:INFO: 	CHAMP P-value = 0.05
Sun Sep 22 22:24:21 UTC 2024	workflow.Workflow:INFO: 	CHAMP seed site similarity = 0.85
Sun Sep 22 22:24:21 UTC 2024	workflow.Workflow:INFO: 	CHAMP to use most significant deficits from enrichment = true
Sun Sep 22 22:24:21 UTC 2024	workflow.Workflow:INFO: 	CHAMP window size = 0
Sun Sep 22 22:24:21 UTC 2024	workflow.Workflow:INFO: 	Debug log file = run.log
Sun Sep 22 22:24:21 UTC 2024	workflow.Workflow:INFO: 	Site identification deficit threshold = 0.1
Sun Sep 22 22:24:21 UTC 2024	workflow.Workflow:INFO: 	Downstream = 500
Sun Sep 22 22:24:21 UTC 2024	workflow.Workflow:INFO: 	Workflow end point = 1
Sun Sep 22 22:24:21 UTC 2024	workflow.Workflow:INFO: 	Enrichment gene coverage P-value = 0.05
Sun Sep 22 22:24:21 UTC 2024	workflow.Workflow:INFO: 	Enrichment site count P-value = 1.0
Sun Sep 22 22:24:21 UTC 2024	workflow.Workflow:INFO: 	Enrichment results file = EnrichmentResults.txt
Sun Sep 22 22:24:21 UTC 2024	workflow.Workflow:INFO: 	EXCLUSIONFILTERFILE = data/exclude.txt
Sun Sep 22 22:24:21 UTC 2024	workflow.Workflow:INFO: 	Search gene list file = /workspaces/git/src/preprocessing/promoters.fa
Sun Sep 22 22:24:21 UTC 2024	workflow.Workflow:INFO: 	GENELISTOUT = data/genelist.txt
Sun Sep 22 22:24:21 UTC 2024	workflow.Workflow:INFO: 	Site identification results file = /workspaces/git/src/preprocessing/CiiiDER_results.txt
Sun Sep 22 22:24:21 UTC 2024	workflow.Workflow:INFO: 	GRAPHOUTPUT = data/testout.png
Sun Sep 22 22:24:21 UTC 2024	workflow.Workflow:INFO: 	INCLUSIONFILTERFILE = data/include.txt
Sun Sep 22 22:24:21 UTC 2024	workflow.Workflow:INFO: 	INPUTFOLDER = resources
Sun Sep 22 22:24:21 UTC 2024	workflow.Workflow:INFO: 	MATCHFILE = data/minFP_good.prf
Sun Sep 22 22:24:21 UTC 2024	workflow.Workflow:INFO: 	Transcription factor matrix file = /workspaces/git/src/preprocessing/motif_matrices.txt
Sun Sep 22 22:24:21 UTC 2024	workflow.Workflow:INFO: 	Number of threads = 2
Sun Sep 22 22:24:21 UTC 2024	workflow.Workflow:INFO: 	SQLDATA = data/sqldata.sqli
Sun Sep 22 22:24:21 UTC 2024	workflow.Workflow:INFO: 	Workflow start point = 1
Sun Sep 22 22:24:21 UTC 2024	workflow.Workflow:INFO: 	Upstream = 1500
Sun Sep 22 22:24:21 UTC 2024	workflow.Workflow:INFO: Max memory: 3930062848 bytes
Sun Sep 22 22:24:22 UTC 2024	workflow.Workflow:INFO: Free memory initially: 14815152 bytes
Sun Sep 22 22:24:22 UTC 2024	workflow.Workflow:INFO: Operating system: Linux amd64 5.15.153.1-microsoft-standard-WSL2
Sun Sep 22 22:24:22 UTC 2024	workflow.Workflow:INFO: JVM version: 64 bit Debian OpenJDK 64-Bit Server VM 11.0.24+8-post-Debian-2deb11u1
Sun Sep 22 22:24:22 UTC 2024	workflow.Workflow:INFO: JVM arguments (see lines below): 
		
Sun Sep 22 22:24:22 UTC 2024	workflow.Workflow:INFO: Program arguments: /CiiiDER/CiiiDER_TFMs/CiiiDER.jar -n /workspaces/git/src/preprocessing/config.ini
Sun Sep 22 22:24:22 UTC 2024	workflow.Workflow:INFO: Recorded parameters to log file
Sun Sep 22 22:24:22 UTC 2024	workflow.Workflow:INFO: Importing Gene List...
Sun Sep 22 22:24:22 UTC 2024	workflow.Workflow:INFO: Importing Gene List
Sun Sep 22 22:24:26 UTC 2024	workflow.Workflow:INFO: Scanning Gene Promoters
Sun Sep 22 22:27:01 UTC 2024	workflow.Workflow:INFO: Completed Scanning Gene Promoters
Sun Sep 22 22:27:01 UTC 2024	workflow.Workflow:INFO: Run Completed Successfully
