[1] NA
[1] "WT SecA interactome"
[1] NA
[1] "WT SecA interactome"
[1] NA
[1] "WT total translatome"
[1] NA
[1] "WT total translatome"
[1] NA
[1] "WT SecA interactome, AcrB and OppC mutants"
[1] NA
[1] "WT SecA interactome, AcrB and OppC mutants"
[1] NA
[1] "WT total translatome, AcrB and OppC mutants"
[1] NA
[1] "WT total translatome, AcrB and OppC mutants"
[1] NA
[1] "∆tig SecA interactome"
[1] NA
[1] "∆tig SecA interactome"
[1] NA
[1] "∆tig total translatome"
[1] NA
[1] "∆tig total translatome"
[1] NA
[1] "secA∆ZnBD SecA interactome"
[1] NA
[1] "secA∆ZnBD SecA interactome"
[1] NA
[1] "secA∆ZnBD total translatome"
[1] NA
[1] "secA∆ZnBD total translatome"
[1] NA
[1] "∆secB SecA interactome"
[1] NA
[1] "∆secB SecA interactome"
[1] NA
[1] "∆secB total translatome"
[1] NA
[1] "∆secB total translatome"
[1] NA
[1] "WT SecA interactome, CCCP"
[1] NA
[1] "WT SecA interactome, CCCP"
[1] NA
[1] "WT total translatome, CCCP"
[1] NA
[1] "WT total translatome, CCCP"
[1] NA
[1] "WT cytosolic monosomes"
[1] NA
[1] "WT cytosolic monosomes"
[1] NA
[1] "WT membrane monosomes"
[1] NA
[1] "WT membrane monosomes"
[1] NA
[1] "WT cytosolic monosomes, CCCP"
[1] NA
[1] "WT cytosolic monosomes, CCCP"
[1] NA
[1] "WT membrane monosomes, CCCP"
[1] NA
[1] "WT membrane monosomes, CCCP"
[1] NA
