[1] "Log2 signal intensity of individual probes"
[1] "E. coli K12 MG1655, M9 complete medium, log phase"
[1] NA
[1] "E. coli K12 MG1655, M9 complete medium, log phase"
[1] NA
[1] "E. coli K12 MG1655, M9 complete medium, log phase"
[1] NA
[1] "E. coli K12 MG1655, M9 complete medium, log phase, heat shock 45 °C, 10 min"
[1] "10"
[1] "36000"
[1] "E. coli K12 MG1655, M9 complete medium, log phase, heat shock 45 °C, 10 min"
[1] "10"
[1] "36000"
[1] "E. coli K12 MG1655, M9 complete medium, log phase, heat shock 45 °C, 10 min"
[1] "10"
[1] "36000"
[1] "E. coli K12 MG1655, M9 complete medium, stationary phase"
[1] NA
[1] "E. coli K12 MG1655, M9 complete medium, stationary phase"
[1] NA
[1] "E. coli K12 MG1655, M9 complete medium, stationary phase"
[1] NA
[1] "E. coli K12 MG1655, M9 complete medium, stationary phase"
[1] NA
[1] "E. coli K12 MG1655, M9 complete medium, stationary phase"
[1] NA
[1] "E. coli K12 MG1655, W2 minimal medium, log phase"
[1] NA
[1] "E. coli K12 MG1655, W2 minimal medium, log phase"
[1] NA
[1] "E. coli K12 MG1655, W2 minimal medium, log phase"
[1] NA
