[1] "Median scaled gene-level intensity"
[1] "B. subtilis  SMM_OD1.0"
[1] NA
[1] "B. subtilis  SMM_OD1.0"
[1] NA
[1] "B. subtilis  SMM_OD1.0"
[1] NA
[1] "B. subtilis  SMM with 1 mM glycine betaine_OD1.0"
[1] NA
[1] "B. subtilis  SMM with 1 mM glycine betaine_OD1.0"
[1] NA
[1] "B. subtilis  SMM with 1 mM glycine betaine_OD1.0"
[1] NA
[1] "B. subtilis  SMM with 1.2 M NaCl_OD1.0"
[1] NA
[1] "B. subtilis  SMM with 1.2 M NaCl_OD1.0"
[1] NA
[1] "B. subtilis  SMM with 1.2 M NaCl_OD1.0"
[1] NA
[1] "B. subtilis  SMM with 1.2 M NaCl and 1 mM glycine betaine_OD1.0"
[1] NA
[1] "B. subtilis  SMM with 1.2 M NaCl and 1 mM glycine betaine_OD1.0"
[1] NA
[1] "B. subtilis  SMM with 1.2 M NaCl and 1 mM glycine betaine_OD1.0"
[1] NA
