[1] NA
[1] "E. coli CY598"
[1] NA
[1] "E. coli CY598"
[1] NA
[1] "E. coli CY598"
[1] NA
[1] "E. coli CY708"
[1] NA
[1] "E. coli CY708"
[1] NA
[1] "E. coli CY708"
[1] NA
[1] "E. coli CY1102"
[1] NA
[1] "E. coli CY1102"
[1] NA
[1] "E. coli CY1102"
[1] NA
[1] "E. coli CY1166"
[1] NA
[1] "E. coli CY1166"
[1] NA
[1] "E. coli CY1166"
[1] NA
[1] "E. coli CY1179"
[1] NA
[1] "E. coli CY1179"
[1] NA
[1] "E. coli CY1179"
[1] NA
[1] "E. coli CY598"
[1] NA
[1] "E. coli CY598"
[1] NA
[1] "E. coli CY598"
[1] NA
[1] "E. coli CY706"
[1] NA
[1] "E. coli CY706"
[1] NA
[1] "E. coli CY706"
[1] NA
