Setting options('download.file.method.GEOquery'='auto')
Setting options('GEOquery.inmemory.gpl'=FALSE)
Loading required package: Biobase
Loading required package: BiocGenerics

Attaching package: 'BiocGenerics'

The following objects are masked from 'package:stats':

    IQR, mad, sd, var, xtabs

The following objects are masked from 'package:base':

    anyDuplicated, aperm, append, as.data.frame, basename, cbind,
    colnames, dirname, do.call, duplicated, eval, evalq, Filter, Find,
    get, grep, grepl, intersect, is.unsorted, lapply, Map, mapply,
    match, mget, order, paste, pmax, pmax.int, pmin, pmin.int,
    Position, rank, rbind, Reduce, rownames, sapply, setdiff, table,
    tapply, union, unique, unsplit, which.max, which.min

Welcome to Bioconductor

    Vignettes contain introductory material; view with
    'browseVignettes()'. To cite Bioconductor, see
    'citation("Biobase")', and for packages 'citation("pkgname")'.


Attaching package: 'fs'

The following object is masked from 'package:BiocGenerics':

    path

Using locally cached version of GSE17926 found here:
C:\Users\Rafael\repos\personal\geo_data_analysis\data/GSE17926/GSE17926.soft.gz 
Reading file....
Parsing....
Found 71 entities...
GPL9059 (1 of 72 entities)
GSM443626 (2 of 72 entities)
GSM443627 (3 of 72 entities)
GSM443628 (4 of 72 entities)
GSM443629 (5 of 72 entities)
GSM443630 (6 of 72 entities)
GSM443631 (7 of 72 entities)
GSM443632 (8 of 72 entities)
GSM443633 (9 of 72 entities)
GSM443634 (10 of 72 entities)
GSM443635 (11 of 72 entities)
GSM443636 (12 of 72 entities)
GSM443637 (13 of 72 entities)
GSM443638 (14 of 72 entities)
GSM443639 (15 of 72 entities)
GSM443640 (16 of 72 entities)
GSM443641 (17 of 72 entities)
GSM443642 (18 of 72 entities)
GSM443643 (19 of 72 entities)
GSM443644 (20 of 72 entities)
GSM443645 (21 of 72 entities)
GSM443646 (22 of 72 entities)
GSM443647 (23 of 72 entities)
GSM443648 (24 of 72 entities)
GSM443649 (25 of 72 entities)
GSM443650 (26 of 72 entities)
GSM443651 (27 of 72 entities)
GSM443652 (28 of 72 entities)
GSM443653 (29 of 72 entities)
GSM443654 (30 of 72 entities)
GSM443655 (31 of 72 entities)
GSM443656 (32 of 72 entities)
GSM443657 (33 of 72 entities)
GSM443658 (34 of 72 entities)
GSM443659 (35 of 72 entities)
GSM443660 (36 of 72 entities)
GSM443661 (37 of 72 entities)
GSM443662 (38 of 72 entities)
GSM443663 (39 of 72 entities)
GSM443664 (40 of 72 entities)
GSM443665 (41 of 72 entities)
GSM443666 (42 of 72 entities)
GSM443667 (43 of 72 entities)
GSM443668 (44 of 72 entities)
GSM443669 (45 of 72 entities)
GSM443670 (46 of 72 entities)
GSM443671 (47 of 72 entities)
GSM443672 (48 of 72 entities)
GSM443673 (49 of 72 entities)
GSM443674 (50 of 72 entities)
GSM443675 (51 of 72 entities)
GSM447045 (52 of 72 entities)
GSM447046 (53 of 72 entities)
GSM447047 (54 of 72 entities)
GSM447048 (55 of 72 entities)
GSM447049 (56 of 72 entities)
GSM447050 (57 of 72 entities)
GSM447051 (58 of 72 entities)
GSM447052 (59 of 72 entities)
GSM447053 (60 of 72 entities)
GSM447054 (61 of 72 entities)
GSM447055 (62 of 72 entities)
GSM447056 (63 of 72 entities)
GSM447057 (64 of 72 entities)
GSM447058 (65 of 72 entities)
GSM447059 (66 of 72 entities)
GSM447060 (67 of 72 entities)
GSM447061 (68 of 72 entities)
GSM447062 (69 of 72 entities)
GSM447063 (70 of 72 entities)
GSM447064 (71 of 72 entities)
Warning messages:
1: In grep("\\^(SAMPLE|PLATFORM)", lines) :
  unable to translate '166	Myosin	Myosin	rabbit muscle	Sigma	M1636		Molecule is a protein composed of several myosin chains <a0> <a0> <a0> <a0>	Myosin' to a wide string
2: In grep("\\^(SAMPLE|PLATFORM)", lines) : input string 244 is invalid
3: In grep("!\\w+_table_begin", txt, perl = TRUE) :
  input string 112 is invalid UTF-8
4: In grep("!\\w+_table_end", txt, perl = TRUE) :
  input string 112 is invalid UTF-8
Error: invalid sample names; likely not time series
Execution halted
