[1] "Robust Multiarray Analysis signal intensity"
[1] "Mycobacterium tuberculosis in whole blood culture"
[1] NA
[1] "Mycobacterium tuberculosis in whole blood culture containing ethambutol"
[1] NA
[1] "Mycobacterium tuberculosis in whole blood culture containing faropenam"
[1] NA
[1] "Mycobacterium tuberculosis in whole blood culture containing isoniazid,pyrazinamide,rifampicin,ethambutol"
[1] NA
[1] "Mycobacterium tuberculosis in whole blood culture containing isoniazid"
[1] NA
[1] "Mycobacterium tuberculosis in whole blood culture containing moxifloxacin"
[1] NA
[1] "Mycobacterium tuberculosis in whole blood culture containing pyrazinamide"
[1] NA
[1] "Mycobacterium tuberculosis in whole blood culture containing rifampicin"
[1] NA
[1] "Mycobacterium tuberculosis in whole blood culture"
[1] NA
[1] "Mycobacterium tuberculosis in whole blood culture containing ethambutol"
[1] NA
[1] "Mycobacterium tuberculosis in whole blood culture containing faropenam"
[1] NA
[1] "Mycobacterium tuberculosis in whole blood culture containing isoniazid,pyrazinamide,rifampicin,ethambutol"
[1] NA
[1] "Mycobacterium tuberculosis in whole blood culture containing isoniazid"
[1] NA
[1] "Mycobacterium tuberculosis in whole blood culture containing moxifloxacin"
[1] NA
[1] "Mycobacterium tuberculosis in whole blood culture containing pyrazinamide"
[1] NA
[1] "Mycobacterium tuberculosis in whole blood culture containing rifampicin"
[1] NA
[1] "Mycobacterium tuberculosis in whole blood culture"
[1] NA
[1] "Mycobacterium tuberculosis in whole blood culture containing ethambutol"
[1] NA
[1] "Mycobacterium tuberculosis in whole blood culture containing faropenam"
[1] NA
[1] "Mycobacterium tuberculosis in whole blood culture containing isoniazid,pyrazinamide,rifampicin,ethambutol"
[1] NA
[1] "Mycobacterium tuberculosis in whole blood culture containing isoniazid"
[1] NA
[1] "Mycobacterium tuberculosis in whole blood culture containing moxifloxacin"
[1] NA
[1] "Mycobacterium tuberculosis in whole blood culture containing pyrazinamide"
[1] NA
[1] "Mycobacterium tuberculosis in whole blood culture containing rifampicin"
[1] NA
[1] "Mycobacterium tuberculosis in whole blood culture"
[1] NA
[1] "Mycobacterium tuberculosis in whole blood culture containing ethambutol"
[1] NA
[1] "Mycobacterium tuberculosis in whole blood culture containing faropenam"
[1] NA
[1] "Mycobacterium tuberculosis in whole blood culture containing isoniazid,pyrazinamide,rifampicin,ethambutol"
[1] NA
[1] "Mycobacterium tuberculosis in whole blood culture containing isoniazid"
[1] NA
[1] "Mycobacterium tuberculosis in whole blood culture containing moxifloxacin"
[1] NA
[1] "Mycobacterium tuberculosis in whole blood culture containing pyrazinamide"
[1] NA
[1] "Mycobacterium tuberculosis in whole blood culture containing rifampicin"
[1] NA
[1] "log-phase Mycobacterium tuberculosis broth culture"
[1] NA
[1] "log-phase Mycobacterium tuberculosis broth culture"
[1] NA
[1] "log-phase Mycobacterium tuberculosis broth culture"
[1] NA
[1] "log-phase Mycobacterium tuberculosis broth culture"
[1] NA
[1] "log-phase Mycobacterium tuberculosis broth culture"
[1] NA
[1] "sputum sample from TB patient within 1-2 weeks standard therapy"
[1] NA
[1] "sputum sample from TB patient within 1-2 weeks standard therapy"
[1] NA
[1] "sputum sample from TB patient within 1-2 weeks standard therapy"
[1] NA
[1] "sputum sample from TB patient within 1-2 weeks standard therapy"
[1] NA
[1] "sputum sample from TB patient within 1-2 weeks standard therapy"
[1] NA
[1] "sputum sample from TB patient within 1-2 weeks standard therapy"
[1] NA
[1] "sputum sample from TB patient within 1-2 weeks standard therapy"
[1] NA
[1] "sputum sample from TB patient within 1-2 weeks standard therapy"
[1] NA
[1] "sputum sample from TB patient within 1-2 weeks standard therapy"
[1] NA
