[1] NA
[1] "WT strain with treatment"
[1] NA
[1] "WT strain without treatment"
[1] NA
[1] "WT strain without treatment"
[1] NA
[1] "WT strain without treatment"
[1] NA
[1] "WT strain with treatment"
[1] NA
[1] "WT strain with treatment"
[1] NA
[1] "prrA mutant strain without treatment"
[1] NA
[1] "prrA mutant strain without treatment"
[1] NA
[1] "prrA mutant strain without treatment"
[1] NA
[1] "prrA mutant strain with treatment"
[1] NA
[1] "prrA mutant strain with treatment"
[1] NA
[1] "prrA mutant strain with treatment"
[1] NA
