[1] NA
[1] "in vitro transcript"
[1] NA
[1] "in vitro transcript"
[1] NA
[1] "in vitro transcript"
[1] NA
[1] "liquid cell culture"
[1] NA
[1] "liquid cell culture"
[1] NA
[1] "liquid cell culture"
[1] NA
[1] "liquid cell culture"
[1] NA
[1] "liquid cell culture"
[1] NA
[1] "liquid cell culture"
[1] NA
[1] "liquid cell culture"
[1] NA
[1] "liquid cell culture"
[1] NA
[1] "liquid cell culture"
[1] NA
[1] "liquid cell culture"
[1] NA
[1] "liquid cell culture"
[1] NA
[1] "liquid cell culture"
[1] NA
[1] "liquid cell culture"
[1] NA
[1] "liquid cell culture"
[1] NA
[1] "liquid cell culture"
[1] NA
[1] "liquid cell culture"
[1] NA
[1] "liquid cell culture"
[1] NA
[1] "liquid cell culture"
[1] NA
[1] "liquid cell culture"
[1] NA
[1] "liquid cell culture"
[1] NA
