[1] "log2 ratio representing mutant/wt"
[1] "ugtP single mutant"
[1] NA
[1] "ugtP single mutant"
[1] NA
[1] "ugtP single mutant"
[1] NA
[1] "mprFpssAywnE triple mutant"
[1] NA
[1] "mprFpssAywnE triple mutant"
[1] NA
[1] "mprFpssAywnE triple mutant"
[1] NA
[1] "ugtPmprFpssAywnE quadruple mutant"
[1] NA
[1] "ugtPmprFpssAywnE quadruple mutant"
[1] NA
[1] "ugtPmprFpssAywnE quadruple mutant"
[1] NA
[1] "ugtP single mutant"
[1] NA
[1] "mprFpssAywnE triple mutant"
[1] NA
[1] "ugtPmprFpssAywnE quadruple mutant"
[1] NA
