[1] "Values are log2 intensities normalized by RMA."
[1] "E. coli wild-type, replete isoleucine, control"
[1] NA
[1] "E. coli wild-type, replete isoleucine, control"
[1] NA
[1] "E. coli relA spoT, isoleucine starved"
[1] NA
[1] "E. coli relA spoT, isoleucine starved"
[1] NA
[1] "E. coli relA, isoleucine starved"
[1] NA
[1] "E. coli relA, isoleucine starved"
[1] NA
[1] "E. coli wild-type, isoleucine starved"
[1] NA
[1] "E. coli wild-type, isoleucine starved"
[1] NA
[1] "E. coli crp, isoleucine starved"
[1] NA
[1] "E. coli crp, isoleucine starved"
[1] NA
[1] "E. coli dksA, isoleucine starved"
[1] NA
[1] "E. coli dksA, isoleucine starved"
[1] NA
[1] "E. coli lrp, isoleucine starved"
[1] NA
[1] "E. coli lrp, isoleucine starved"
[1] NA
[1] "E. coli rpoS, isoleucine starved"
[1] NA
[1] "E. coli rpoS, isoleucine starved"
[1] NA
[1] "E. coli wild-type, replete isoleucine, control"
[1] NA
[1] "E. coli wild-type, replete isoleucine, control"
[1] NA
[1] "E. coli wild-type, isoleucine starved"
[1] NA
[1] "E. coli wild-type, isoleucine starved"
[1] NA
[1] "E. coli wild-type, isoleucine starved"
[1] NA
[1] "E. coli wild-type, isoleucine starved"
[1] NA
[1] "E. coli wild-type, isoleucine starved"
[1] NA
[1] "E. coli wild-type, isoleucine starved"
[1] NA
[1] "E. coli wild-type, isoleucine starved"
[1] NA
[1] "E. coli wild-type, isoleucine starved"
[1] NA
[1] "E. coli wild-type, isoleucine starved"
[1] NA
[1] "E. coli wild-type, isoleucine starved"
[1] NA
[1] "E. coli wild-type, isoleucine starved"
[1] NA
[1] "E. coli wild-type, isoleucine starved"
[1] NA
