[1] NA
[1] "BMDMs"
[1] NA
[1] "BMDMs"
[1] NA
[1] "BMDMs"
[1] NA
[1] "BMDMs"
[1] NA
[1] "BMDMs"
[1] NA
[1] "BMDMs"
[1] NA
[1] "BMDMs"
[1] NA
[1] "BMDMs"
[1] NA
[1] "BMDMs"
[1] NA
[1] "BMDMs"
[1] NA
[1] "BMDMs"
[1] NA
[1] "BMDMs"
[1] NA
[1] "BMDMs"
[1] NA
[1] "BMDMs"
[1] NA
[1] "BMDMs"
[1] NA
[1] "BMDMs"
[1] NA
[1] "BMDMs"
[1] NA
[1] "BMDMs"
[1] NA
[1] "BMDMs"
[1] NA
[1] "BMDMs"
[1] NA
[1] "BMDMs"
[1] NA
[1] "BMDMs"
[1] NA
[1] "BMDMs"
[1] NA
[1] "BMDMs"
[1] NA
[1] "BMDMs"
[1] NA
[1] "BMDMs"
[1] NA
[1] "BMDMs"
[1] NA
[1] "BMDMs"
[1] NA
[1] "BMDMs"
[1] NA
[1] "BMDMs"
[1] NA
[1] "BMDMs"
[1] NA
[1] "BMDMs"
[1] NA
[1] "BMDMs"
[1] NA
[1] "BMDMs"
[1] NA
[1] "BMDMs"
[1] NA
[1] "BMDMs"
[1] NA
[1] "BMDMs"
[1] NA
[1] "BMDMs"
[1] NA
[1] "BMDMs"
[1] NA
[1] "BMDMs"
[1] NA
[1] "BMDMs"
[1] NA
[1] "BMDMs"
[1] NA
[1] "BMDMs"
[1] NA
[1] "BMDMs"
[1] NA
[1] "BMDMs"
[1] NA
[1] "BMDMs"
[1] NA
[1] "BMDMs"
[1] NA
[1] "BMDMs"
[1] NA
[1] "BMDMs"
[1] NA
[1] "BMDMs"
[1] NA
[1] "BMDMs"
[1] NA
[1] "BMDMs"
[1] NA
[1] "BMDMs"
[1] NA
[1] "BMDMs"
[1] NA
