[1] "Log ratio"
[1] "mRNA from wild type grown in LB"
[1] NA
[1] "mRNA from wild type grown in LB"
[1] NA
[1] "mRNA from wild type grown in LB"
[1] NA
[1] "mRNA from wild type grown in LB"
[1] NA
[1] "Genomic DNA from dnaC(ts) mutant"
[1] NA
[1] "Genomic DNA from dnaC(ts) mutant"
[1] NA
[1] "Genomic DNA from dnaC(ts) mutant"
[1] NA
[1] "Genomic DNA from dnaC(ts) mutant"
[1] NA
[1] "mRNA from gyrA D82G mutant grown in LB"
[1] NA
[1] "mRNA from gyrA D82G mutant grown in LB"
[1] NA
[1] "mRNA from gyrA D82G mutant grown in LB"
[1] NA
[1] "mRNA from gyrA D82G mutant grown in LB"
[1] NA
[1] "Genomic DNA from dnaC(ts) mutant"
[1] NA
[1] "Genomic DNA from dnaC(ts) mutant"
[1] NA
[1] "Genomic DNA from dnaC(ts) mutant"
[1] NA
[1] "Genomic DNA from dnaC(ts) mutant"
[1] NA
[1] "mRNA from wild type grown in LB"
[1] NA
[1] "mRNA from wild type grown in LB"
[1] NA
[1] "mRNA from wild type grown in LB"
[1] NA
[1] "mRNA from wild type grown in LB"
[1] NA
[1] "Genomic DNA from dnaC(ts) mutant"
[1] NA
[1] "Genomic DNA from dnaC(ts) mutant"
[1] NA
[1] "Genomic DNA from dnaC(ts) mutant"
[1] NA
[1] "Genomic DNA from dnaC(ts) mutant"
[1] NA
[1] "mRNA from wild type grown in LB"
[1] NA
[1] "mRNA from wild type grown in LB"
[1] NA
[1] "mRNA from wild type grown in LB"
[1] NA
[1] "mRNA from wild type grown in LB"
[1] NA
[1] "Genomic DNA from dnaC(ts) mutant"
[1] NA
[1] "Genomic DNA from dnaC(ts) mutant"
[1] NA
[1] "Genomic DNA from dnaC(ts) mutant"
[1] NA
[1] "Genomic DNA from dnaC(ts) mutant"
[1] NA
[1] "mRNA abundance (gyrA D82G, LB)"
[1] NA
[1] "mRNA abundance (gyrA D82G, LB)"
[1] NA
[1] "mRNA abundance (gyrA D82G, LB)"
[1] NA
[1] "mRNA abundance (gyrA D82G, LB)"
[1] NA
[1] "mRNA abundance (wt, LB)"
[1] NA
[1] "mRNA abundance (wt, LB)"
[1] NA
[1] "mRNA abundance (wt, LB)"
[1] NA
[1] "mRNA abundance (wt, LB)"
[1] NA
[1] "mRNA abundance (wt, M9)"
[1] NA
[1] "mRNA abundance (wt, M9)"
[1] NA
[1] "Genomic DNA from dnaC(ts) mutant"
[1] NA
[1] "Genomic DNA from dnaC(ts) mutant"
[1] NA
