[1] NA
[1] "bacterial culture"
[1] NA
[1] "bacterial culture"
[1] NA
[1] "bacterial culture"
[1] NA
[1] "bacterial culture"
[1] NA
[1] "bacterial culture"
[1] NA
[1] "bacterial culture"
[1] NA
[1] "bacterial culture"
[1] NA
[1] "bacterial culture"
[1] NA
[1] "bacterial culture"
[1] NA
[1] "bacterial culture"
[1] NA
[1] "bacterial culture"
[1] NA
[1] "bacterial culture"
[1] NA
[1] "bacterial culture"
[1] NA
[1] "bacterial culture"
[1] NA
[1] "bacterial culture"
[1] NA
[1] "bacterial culture"
[1] NA
[1] "bacterial culture"
[1] NA
[1] "bacterial culture"
[1] NA
[1] "bacterial culture"
[1] NA
[1] "bacterial culture"
[1] NA
[1] "bacterial culture"
[1] NA
[1] "bacterial culture"
[1] NA
[1] "infected bacterial culture"
[1] NA
[1] "infected bacterial culture"
[1] NA
[1] "infected bacterial culture"
[1] NA
[1] "infected bacterial culture"
[1] NA
[1] "infected bacterial culture"
[1] NA
[1] "infected bacterial culture"
[1] NA
[1] "infected bacterial culture"
[1] NA
[1] "infected bacterial culture"
[1] NA
[1] "infected bacterial culture"
[1] NA
[1] "infected bacterial culture"
[1] NA
[1] "infected bacterial culture"
[1] NA
[1] "infected bacterial culture"
[1] NA
[1] "infected bacterial culture"
[1] NA
[1] "infected bacterial culture"
[1] NA
[1] "infected bacterial culture"
[1] NA
[1] "infected bacterial culture"
[1] NA
[1] "infected bacterial culture"
[1] NA
[1] "infected bacterial culture"
[1] NA
[1] "infected bacterial culture"
[1] NA
[1] "infected bacterial culture"
[1] NA
[1] "infected bacterial culture"
[1] NA
[1] "infected bacterial culture"
[1] NA
