[1] NA
[1] "Salmonella treated with acpP PNA"
[1] NA
[1] "Salmonella treated with scrambled PNA"
[1] NA
[1] "Salmonella treated with mm2 acpP PNA"
[1] NA
[1] "Salmonella treated with mm3 acpP PNA"
[1] NA
[1] "Salmonella treated with mm4 acpP PNA"
[1] NA
[1] "Salmonella treated with mm5 acpP PNA"
[1] NA
[1] "Salmonella treated with mm6 acpP PNA"
[1] NA
[1] "Salmonella treated with mm8 acpP PNA"
[1] NA
[1] "Salmonella treated with mm9 acpP PNA"
[1] NA
[1] "Salmonella treated with water"
[1] NA
[1] "Salmonella treated with mm1 acpP PNA"
[1] NA
[1] "Salmonella treated with mm7 acpP PNA"
[1] NA
[1] "Salmonella treated with water"
[1] NA
[1] "Salmonella treated with acpP PNA"
[1] NA
[1] "Salmonella treated with scrambled PNA"
[1] NA
[1] "Salmonella treated with mm2 acpP PNA"
[1] NA
[1] "Salmonella treated with mm3 acpP PNA"
[1] NA
[1] "Salmonella treated with mm4 acpP PNA"
[1] NA
[1] "Salmonella treated with mm5 acpP PNA"
[1] NA
[1] "Salmonella treated with mm6 acpP PNA"
[1] NA
[1] "Salmonella treated with mm8 acpP PNA"
[1] NA
[1] "Salmonella treated with mm9 acpP PNA"
[1] NA
[1] "Salmonella treated with water"
[1] NA
[1] "Salmonella treated with mm1 acpP PNA"
[1] NA
[1] "Salmonella treated with mm7 acpP PNA"
[1] NA
[1] "Salmonella treated with water"
[1] NA
[1] "Salmonella treated with water"
[1] NA
[1] "Salmonella treated with water"
[1] NA
