[1] NA
[1] "Bacterial cell pellet"
[1] NA
[1] "Bacterial cell pellet"
[1] NA
[1] "Bacterial cell pellet"
[1] NA
[1] "Bacterial cell pellet"
[1] NA
[1] "Bacterial cell pellet"
[1] NA
[1] "Bacterial cell pellet"
[1] NA
[1] "Bacterial cell pellet"
[1] NA
[1] "Bacterial cell pellet"
[1] NA
[1] "Bacterial cell pellet"
[1] NA
[1] "Bacterial cell pellet"
[1] NA
[1] "Bacterial cell pellet"
[1] NA
[1] "Bacterial cell pellet"
[1] NA
[1] "Bacterial cell pellet"
[1] NA
[1] "Bacterial cell pellet"
[1] NA
[1] "Bacterial cell pellet"
[1] NA
[1] "Bacterial cell pellet"
[1] NA
[1] "Bacterial cell pellet"
[1] NA
[1] "Bacterial cell pellet"
[1] NA
[1] "Bacterial cell pellet"
[1] NA
[1] "Bacterial cell pellet"
[1] NA
[1] "Bacterial cell pellet"
[1] NA
[1] "Bacterial cell pellet"
[1] NA
[1] "Bacterial cell pellet"
[1] NA
[1] "Bacterial cell pellet"
[1] NA
