[1] NA
[1] "whole cells"
[1] NA
[1] "whole cells"
[1] NA
[1] "whole cells"
[1] NA
[1] "whole cells"
[1] NA
[1] "whole cells"
[1] NA
[1] "whole cells"
[1] NA
[1] "whole cells"
[1] NA
[1] "whole cells"
[1] NA
[1] "whole cells"
[1] NA
[1] "whole cells"
[1] NA
[1] "whole cells"
[1] NA
[1] "whole cells"
[1] NA
[1] "whole cells"
[1] NA
[1] "whole cells"
[1] NA
[1] "whole cells"
[1] NA
[1] "whole cells"
[1] NA
[1] "whole cells"
[1] NA
[1] "whole cells"
[1] NA
[1] "whole cells"
[1] NA
[1] "whole cells"
[1] NA
[1] "whole cells"
[1] NA
[1] "whole cells"
[1] NA
[1] "whole cells"
[1] NA
[1] "whole cells"
[1] NA
[1] "whole cells"
[1] NA
[1] "whole cells"
[1] NA
[1] "whole cells"
[1] NA
