[1] NA
[1] "E. coli RNA-seq - WT C-lim 0.1 rep1"
[1] NA
[1] "E. coli RNA-seq - WT C-lim 0.1 rep2"
[1] NA
[1] "E. coli RNA-seq - WT C-lim 0.1 rep3"
[1] NA
[1] "E. coli RNA-seq - WT C-lim 0.6 rep1"
[1] NA
[1] "E. coli RNA-seq - WT C-lim 0.6 rep2"
[1] NA
[1] "E. coli RNA-seq - WT C-lim 0.6 rep3"
[1] NA
[1] "E. coli RNA-seq - WT N-lim 0.1 rep1"
[1] NA
[1] "E. coli RNA-seq - WT N-lim 0.1 rep2"
[1] NA
[1] "E. coli RNA-seq - WT N-lim 0.1 rep3"
[1] NA
[1] "E. coli RNA-seq - WT N-lim 0.6 rep1"
[1] NA
[1] "E. coli RNA-seq - WT N-lim 0.6 rep2"
[1] NA
[1] "E. coli RNA-seq - WT N-lim 0.6 rep3"
[1] NA
[1] "E. coli RNA-seq - WT P-lim 0.1 rep1"
[1] NA
[1] "E. coli RNA-seq - WT P-lim 0.1 rep2"
[1] NA
[1] "E. coli RNA-seq - WT P-lim 0.1 rep3"
[1] NA
[1] "E. coli RNA-seq - WT P-lim 0.6 rep1"
[1] NA
[1] "E. coli RNA-seq - WT P-lim 0.6 rep2"
[1] NA
[1] "E. coli RNA-seq - WT P-lim 0.6 rep3"
[1] NA
[1] "E. coli RNA-seq - WT M 0.9 rep1"
[1] NA
[1] "E. coli RNA-seq - WT M 0.9 rep2"
[1] NA
[1] "E. coli RNA-seq - WT M 0.9 rep3"
[1] NA
[1] "E. coli RNA-seq - WT G 1.8 rep1"
[1] NA
[1] "E. coli RNA-seq - WT G 1.8 rep2"
[1] NA
[1] "E. coli RNA-seq - WT G 1.8 rep3"
[1] NA
[1] "E. coli RNA-seq - ΔrplA N-lim 0.1 rep1"
[1] NA
[1] "E. coli RNA-seq - ΔrplA N-lim 0.1 rep2"
[1] NA
[1] "E. coli RNA-seq - ΔrplA N-lim 0.1 rep3"
[1] NA
[1] "E. coli RNA-seq - ΔrplA N-lim 0.6 rep1"
[1] NA
[1] "E. coli RNA-seq - ΔrplA N-lim 0.6 rep2"
[1] NA
[1] "E. coli RNA-seq - ΔrplA N-lim 0.6 rep3"
[1] NA
[1] "E. coli RNA-seq - ΔleuB Leu-lim 0.1 rep1"
[1] NA
[1] "E. coli RNA-seq - ΔleuB Leu-lim 0.1 rep2"
[1] NA
[1] "E. coli RNA-seq - ΔleuB Leu-lim 0.1 rep3"
[1] NA
[1] "E. coli RNA-seq - ΔleuB Leu-lim 0.6 rep1"
[1] NA
[1] "E. coli RNA-seq - ΔleuB Leu-lim 0.6 rep2"
[1] NA
[1] "E. coli RNA-seq - ΔleuB Leu-lim 0.6 rep3"
[1] NA
[1] "E. coli Ribo-seq - WT C-lim 0.1 rep1"
[1] NA
[1] "E. coli Ribo-seq - WT C-lim 0.1 rep2"
[1] NA
[1] "E. coli Ribo-seq - WT C-lim 0.1 rep3"
[1] NA
[1] "E. coli Ribo-seq - WT C-lim 0.6 rep1"
[1] NA
[1] "E. coli Ribo-seq - WT C-lim 0.6 rep2"
[1] NA
[1] "E. coli Ribo-seq - WT C-lim 0.6 rep3"
[1] NA
[1] "E. coli Ribo-seq - WT N-lim 0.1 rep1"
[1] NA
[1] "E. coli Ribo-seq - WT N-lim 0.1 rep2"
[1] NA
[1] "E. coli Ribo-seq - WT N-lim 0.1 rep3"
[1] NA
[1] "E. coli Ribo-seq - WT N-lim 0.6 rep1"
[1] NA
[1] "E. coli Ribo-seq - WT N-lim 0.6 rep2"
[1] NA
[1] "E. coli Ribo-seq - WT N-lim 0.6 rep3"
[1] NA
[1] "E. coli Ribo-seq - WT P-lim 0.1 rep1"
[1] NA
[1] "E. coli Ribo-seq - WT P-lim 0.1 rep2"
[1] NA
[1] "E. coli Ribo-seq - WT P-lim 0.1 rep3"
[1] NA
[1] "E. coli Ribo-seq - WT P-lim 0.6 rep1"
[1] NA
[1] "E. coli Ribo-seq - WT P-lim 0.6 rep2"
[1] NA
[1] "E. coli Ribo-seq - WT P-lim 0.6 rep3"
[1] NA
[1] "E. coli Ribo-seq - WT M 0.9 rep1"
[1] NA
[1] "E. coli Ribo-seq - WT M 0.9 rep2"
[1] NA
[1] "E. coli Ribo-seq - WT M 0.9 rep3"
[1] NA
[1] "E. coli Ribo-seq - WT G 1.8 rep1"
[1] NA
[1] "E. coli Ribo-seq - WT G 1.8 rep2"
[1] NA
[1] "E. coli Ribo-seq - WT G 1.8 rep3"
[1] NA
[1] "E. coli Ribo-seq - ΔrplA N-lim 0.1 rep1"
[1] NA
[1] "E. coli Ribo-seq - ΔrplA N-lim 0.1 rep2"
[1] NA
[1] "E. coli Ribo-seq - ΔrplA N-lim 0.1 rep3"
[1] NA
[1] "E. coli Ribo-seq - ΔrplA N-lim 0.6 rep1"
[1] NA
[1] "E. coli Ribo-seq - ΔrplA N-lim 0.6 rep2"
[1] NA
[1] "E. coli Ribo-seq - ΔrplA N-lim 0.6 rep3"
[1] NA
[1] "E. coli Ribo-seq - ΔleuB Leu-lim 0.1 rep1"
[1] NA
[1] "E. coli Ribo-seq - ΔleuB Leu-lim 0.1 rep2"
[1] NA
[1] "E. coli Ribo-seq - ΔleuB Leu-lim 0.1 rep3"
[1] NA
[1] "E. coli Ribo-seq - ΔleuB Leu-lim 0.6 rep1"
[1] NA
[1] "E. coli Ribo-seq - ΔleuB Leu-lim 0.6 rep2"
[1] NA
[1] "E. coli Ribo-seq - ΔleuB Leu-lim 0.6 rep3"
[1] NA
