[1] NA
[1] "SECO-wt top"
[1] NA
[1] "SECO-wt dense"
[1] NA
[1] "SECO-rok top"
[1] NA
[1] "RNA-wt ex"
[1] NA
[1] "RNA-rok ex"
[1] NA
[1] "RNA-wt st"
[1] NA
[1] "RNA-rok st"
[1] NA
[1] "Hi-C-wt ex"
[1] NA
[1] "Hi-C-rok ex"
[1] NA
[1] "Hi-C-wt le"
[1] NA
[1] "Hi-C-rok le"
[1] NA
[1] "Hi-C-wt st"
[1] NA
[1] "Hi-C-rok st"
[1] NA
[1] "168"
[1] NA
[1] "168"
[1] NA
[1] "168"
[1] NA
[1] "168"
[1] NA
[1] "168"
[1] NA
[1] "168"
[1] NA
[1] "168"
[1] NA
[1] "168"
[1] NA
[1] "168"
[1] NA
[1] "168"
[1] NA
[1] "wt st_RNA_2"
[1] NA
[1] "RC8 2"
[1] NA
[1] "RC8+RC8S 2"
[1] NA
[1] "RC8+RC8R 2"
[1] NA
[1] "Hi-C-wt HU"
[1] NA
[1] "Hi-C-dnaA ex"
[1] NA
[1] "Hi-C-dnaA st"
[1] NA
