[1] NA
[1] "Bacteria"
[1] NA
[1] "Bacteria"
[1] NA
[1] "Bacteria"
[1] NA
[1] "spike-in pool1"
[1] NA
[1] "spike-in pool2"
[1] NA
[1] "spike-in pool3"
[1] NA
[1] "spike-in pool4"
[1] NA
[1] "Bacteria"
[1] NA
[1] "Bacteria"
[1] NA
[1] "Bacteria"
[1] NA
[1] "Bacteria"
[1] NA
[1] "Bacteria"
[1] NA
[1] "Bacteria"
[1] NA
[1] "Bacteria"
[1] NA
[1] "Bacteria"
[1] NA
[1] "Bacteria"
[1] NA
[1] "Bacteria"
[1] NA
[1] "Bacteria"
[1] NA
[1] "Bacteria"
[1] NA
[1] "Bacteria"
[1] NA
[1] "Bacteria"
[1] NA
[1] "Bacteria"
[1] NA
[1] "Bacteria"
[1] NA
[1] "Bacteria"
[1] NA
[1] "Bacteria"
[1] NA
[1] "Bacteria"
[1] NA
[1] "Bacteria"
[1] NA
[1] "Bacteria"
[1] NA
[1] "Bacteria"
[1] NA
[1] "Bacteria"
[1] NA
[1] "Bacteria"
[1] NA
[1] "Bacteria"
[1] NA
[1] "Bacteria"
[1] NA
[1] "Bacteria"
[1] NA
[1] "Bacteria"
[1] NA
[1] "Bacteria"
[1] NA
[1] "Bacteria"
[1] NA
