[1] NA
[1] "AZ-LolCDE"
[1] NA
[1] "AZ-LolCDE"
[1] NA
[1] "AZ-LolCDE"
[1] NA
[1] "B-01"
[1] NA
[1] "B-01"
[1] NA
[1] "B-01"
[1] NA
[1] "Ceftriaxone"
[1] NA
[1] "Ceftriaxone"
[1] NA
[1] "Ceftriaxone"
[1] NA
[1] "Chloramphenicol"
[1] NA
[1] "Chloramphenicol"
[1] NA
[1] "Chloramphenicol"
[1] NA
[1] "Ciprofloxacin"
[1] NA
[1] "Ciprofloxacin"
[1] NA
[1] "Ciprofloxacin"
[1] NA
[1] "Clarithromycin"
[1] NA
[1] "Clarithromycin"
[1] NA
[1] "Clarithromycin"
[1] NA
[1] "Colistin"
[1] NA
[1] "Colistin"
[1] NA
[1] "Colistin"
[1] NA
[1] "DMSO"
[1] NA
[1] "DMSO"
[1] NA
[1] "DMSO"
[1] NA
[1] "DMSO"
[1] NA
[1] "DMSO"
[1] NA
[1] "DMSO"
[1] NA
[1] "Doxycycline"
[1] NA
[1] "Doxycycline"
[1] NA
[1] "Doxycycline"
[1] NA
[1] "Globomycin"
[1] NA
[1] "Globomycin"
[1] NA
[1] "Globomycin"
[1] NA
[1] "Levofloxacin"
[1] NA
[1] "Levofloxacin"
[1] NA
[1] "Levofloxacin"
[1] NA
[1] "Mecillinam"
[1] NA
[1] "Mecillinam"
[1] NA
[1] "Mecillinam"
[1] NA
[1] "Meropenem"
[1] NA
[1] "Meropenem"
[1] NA
[1] "Meropenem"
[1] NA
[1] "Nitrofurantoin"
[1] NA
[1] "Nitrofurantoin"
[1] NA
[1] "Nitrofurantoin"
[1] NA
[1] "Nitroxolin"
[1] NA
[1] "Nitroxolin"
[1] NA
[1] "Nitroxolin"
[1] NA
[1] "Norfloxacin"
[1] NA
[1] "Norfloxacin"
[1] NA
[1] "Norfloxacin"
[1] NA
[1] "PolymyxineB"
[1] NA
[1] "PolymyxineB"
[1] NA
[1] "PolymyxineB"
[1] NA
[1] "Trimethoprim"
[1] NA
[1] "Trimethoprim"
[1] NA
[1] "Trimethoprim"
[1] NA
