[1] "Signal value according to Affymetrix® Microarray Suite Version 5.0 algorithm after scaling (normalization) to a target value of 500."
[1] "E. coli 15min_anaerobic"
[1] "15"
[1] "900"
[1] "E.coli 15min_CORM-2 treated_anaerobic"
[1] "15"
[1] "900"
[1] "E.coli 15min_anaerobic"
[1] "15"
[1] "900"
[1] "E.coli 15min_CORM-2 treated_anaerobic"
[1] "15"
[1] "900"
[1] "E.coli 15min_aerobic"
[1] "15"
[1] "900"
[1] "E.coli 15min_CORM-2 treated_aerobic"
[1] "15"
[1] "900"
[1] "E.coli 15min_aerobic"
[1] "15"
[1] "900"
[1] "E.coli 15min_CORM-2 treated_aerobic"
[1] "15"
[1] "900"
