[1] NA
[1] "UTI89 wt"
[1] NA
[1] "UTI89 wt"
[1] NA
[1] "UTI89 wt"
[1] NA
[1] "UTI89 wt"
[1] NA
[1] "UTI89 wt"
[1] NA
[1] "UTI89 wt"
[1] NA
[1] "UTI89 wt"
[1] NA
[1] "UTI89 wt"
[1] NA
[1] "UTI89 wt"
[1] NA
[1] "UTI89 wt"
[1] NA
[1] "UTI89 wt"
[1] NA
[1] "UTI89 wt"
[1] NA
[1] "UTI89 wt"
[1] NA
[1] "UTI89 wt"
[1] NA
[1] "UTI89 wt"
[1] NA
[1] "UTI89 wt"
[1] NA
[1] "UTI89 wt"
[1] NA
[1] "UTI89 wt"
[1] NA
[1] "UTI89 delta hsdSMR"
[1] NA
[1] "UTI89 delta hsdSMR"
[1] NA
[1] "UTI89 delta hsdSMR"
[1] NA
[1] "UTI89 delta hsdSMR"
[1] NA
[1] "UTI89 delta hsdSMR"
[1] NA
[1] "UTI89 delta hsdSMR"
[1] NA
[1] "UTI89 hsdS-MG1655"
[1] NA
[1] "UTI89 hsdS-MG1655"
[1] NA
[1] "UTI89 hsdS-MG1655"
[1] NA
[1] "UTI89 hsdS-MG1655"
[1] NA
[1] "UTI89 hsdS-MG1655"
[1] NA
[1] "UTI89 hsdS-MG1655"
[1] NA
[1] "UTI89 hsdSMR-CFT073"
[1] NA
[1] "UTI89 hsdSMR-CFT073"
[1] NA
[1] "UTI89 hsdSMR-CFT073"
[1] NA
[1] "UTI89 hsdSMR-CFT073"
[1] NA
[1] "UTI89 hsdSMR-CFT073"
[1] NA
[1] "UTI89 hsdSMR-CFT073"
[1] NA
[1] "UTI89 hsdS-UTI89"
[1] NA
[1] "UTI89 hsdS-UTI89"
[1] NA
[1] "UTI89 hsdS-UTI89"
[1] NA
[1] "UTI89 hsdS-UTI89"
[1] NA
[1] "UTI89 hsdS-UTI89"
[1] NA
[1] "UTI89 hsdS-UTI89"
[1] NA
[1] "MG1655 wt"
[1] NA
[1] "MG1655 wt"
[1] NA
[1] "MG1655 wt"
[1] NA
[1] "MG1655 wt"
[1] NA
[1] "MG1655 wt"
[1] NA
[1] "MG1655 delta hsdSMR"
[1] NA
[1] "MG1655 delta hsdSMR"
[1] NA
[1] "MG1655 delta hsdSMR"
[1] NA
[1] "MG1655 delta hsdSMR"
[1] NA
[1] "MG1655 delta hsdSMR"
[1] NA
[1] "CFT073 wt"
[1] NA
[1] "CFT073 wt"
[1] NA
[1] "CFT073 wt"
[1] NA
[1] "CFT073 wt"
[1] NA
[1] "CFT073 wt"
[1] NA
[1] "CFT073 wt"
[1] NA
[1] "CFT073 delta hsdSMR"
[1] NA
[1] "CFT073 delta hsdSMR"
[1] NA
[1] "CFT073 delta hsdSMR"
[1] NA
[1] "CFT073 delta hsdSMR"
[1] NA
[1] "CFT073 delta hsdSMR"
[1] NA
[1] "CFT073 delta hsdSMR"
[1] NA
