[1] NA
[1] "Wild Type grown on glycerol"
[1] NA
[1] "Wild Type grown on glycerol"
[1] NA
[1] "Wild Type grown on glycerol"
[1] NA
[1] "Wild Type grown on cholesterol"
[1] NA
[1] "Wild Type grown on cholesterol"
[1] NA
[1] "Wild Type grown on cholesterol"
[1] NA
[1] "Wild Type grown on 7H9 with OADC"
[1] NA
[1] "Wild Type grown on 7H9 with OADC"
[1] NA
[1] "Wild Type grown on 7H9 with OADC"
[1] NA
[1] "Mutant PrpR grown on glycerol"
[1] NA
[1] "Mutant PrpR grown on glycerol"
[1] NA
[1] "Mutant PrpR grown on glycerol"
[1] NA
[1] "Mutant PrpR grown on cholesterol"
[1] NA
[1] "Mutant PrpR grown on cholesterol"
[1] NA
[1] "Mutant PrpR grown on cholesterol"
[1] NA
[1] "Mutant PrpR grown on 7H9 with OADC"
[1] NA
[1] "Mutant PrpR grown on 7H9 with OADC"
[1] NA
[1] "Mutant PrpR grown on 7H9 with OADC"
[1] NA
[1] "Wild Type grown on 7H9 with OADC and Vit.B12"
[1] NA
[1] "Wild Type grown on 7H9 with OADC and Vit.B12"
[1] NA
[1] "Wild Type grown on 7H9 with OADC and Vit.B12"
[1] NA
