[1] "normalized log 10 test/reference, normalized to the 75th percentile of intensities of the two channels"
[1] "Halobacterium sp. NRC-1 VNG1451C deletion strain."
[1] NA
[1] "Halobacterium sp. NRC-1 wild type."
[1] NA
[1] "Halobacterium sp. NRC-1 ura3 deletion parent strain."
[1] NA
[1] "Halobacterium sp. NRC-1 wild type."
[1] NA
[1] "Halobacterium sp. NRC-1 VNG1451C deletion strain."
[1] NA
[1] "Halobacterium sp. NRC-1 wild type."
[1] NA
[1] "Halobacterium sp. NRC-1 ura3 deletion parent strain."
[1] NA
[1] "Halobacterium sp. NRC-1 wild type."
[1] NA
[1] "Halobacterium sp. NRC-1 VNG1451C deletion strain."
[1] NA
[1] "Halobacterium sp. NRC-1 wild type."
[1] NA
[1] "Halobacterium sp. NRC-1 ura3 deletion parent strain."
[1] NA
[1] "Halobacterium sp. NRC-1 wild type."
[1] NA
[1] "Halobacterium sp. NRC-1 VNG1451C deletion strain."
[1] NA
[1] "Halobacterium sp. NRC-1 wild type."
[1] NA
[1] "Halobacterium sp. NRC-1 ura3 deletion parent strain."
[1] NA
[1] "Halobacterium sp. NRC-1 wild type."
[1] NA
[1] "Halobacterium sp. NRC-1 VNG1451C deletion strain."
[1] NA
[1] "Halobacterium sp. NRC-1 wild type."
[1] NA
[1] "Halobacterium sp. NRC-1 ura3 deletion parent strain."
[1] NA
[1] "Halobacterium sp. NRC-1 wild type."
[1] NA
[1] "Halobacterium sp. NRC-1 VNG1451C deletion strain."
[1] NA
[1] "Halobacterium sp. NRC-1 wild type."
[1] NA
[1] "Halobacterium sp. NRC-1 ura3 deletion parent strain."
[1] NA
[1] "Halobacterium sp. NRC-1 wild type."
[1] NA
[1] "Halobacterium sp. NRC-1 VNG1451C deletion strain."
[1] NA
[1] "Halobacterium sp. NRC-1 wild type."
[1] NA
[1] "Halobacterium sp. NRC-1 ura3 deletion parent strain."
[1] NA
[1] "Halobacterium sp. NRC-1 wild type."
[1] NA
[1] "Halobacterium sp. NRC-1 VNG1451C deletion strain."
[1] NA
[1] "Halobacterium sp. NRC-1 wild type."
[1] NA
[1] "Halobacterium sp. NRC-1 ura3 deletion parent strain."
[1] NA
[1] "Halobacterium sp. NRC-1 wild type."
[1] NA
[1] "Halobacterium sp. NRC-1 VNG1451C deletion strain."
[1] NA
[1] "Halobacterium sp. NRC-1 wild type."
[1] NA
[1] "Halobacterium sp. NRC-1 ura3 deletion parent strain."
[1] NA
[1] "Halobacterium sp. NRC-1 wild type."
[1] NA
[1] "Halobacterium sp. NRC-1 VNG1451C deletion strain."
[1] NA
[1] "Halobacterium sp. NRC-1 wild type."
[1] NA
[1] "Halobacterium sp. NRC-1 ura3 deletion parent strain."
[1] NA
[1] "Halobacterium sp. NRC-1 wild type."
[1] NA
[1] "Halobacterium sp. NRC-1 VNG1451C deletion strain."
[1] NA
[1] "Halobacterium sp. NRC-1 wild type."
[1] NA
