[1] NA
[1] "bacteria cells"
[1] NA
[1] "bacteria cells"
[1] NA
[1] "bacteria cells"
[1] NA
[1] "bacteria cells"
[1] NA
[1] "bacteria cells"
[1] NA
[1] "bacteria cells"
[1] NA
[1] "bacteria cells"
[1] NA
[1] "bacteria cells"
[1] NA
[1] "bacteria cells"
[1] NA
[1] "bacteria cells"
[1] NA
[1] "bacteria cells"
[1] NA
[1] "bacteria cells"
[1] NA
[1] "bacteria cells"
[1] NA
[1] "bacteria cells"
[1] NA
[1] "bacteria cells"
[1] NA
[1] "bacteria cells"
[1] NA
[1] "bacteria cells"
[1] NA
[1] "bacteria cells"
[1] NA
