[1] "dChip preprocessed and normalized value"
[1] "anaerobic growth of appY knock-out strain on M9 media with glucose"
[1] NA
[1] "anaerobic growth of appY knock-out strain on M9 media with glucose"
[1] NA
[1] "anaerobic growth of appY knock-out strain on M9 media with glucose"
[1] NA
[1] "anaerobic growth of arcA knock-out strain on M9 media with glucose"
[1] NA
[1] "anaerobic growth of arcA knock-out strain on M9 media with glucose"
[1] NA
[1] "anaerobic growth of arcA knock-out strain on M9 media with glucose"
[1] NA
[1] "anaerobic growth of arcA/fnr double knock-out strain on M9 media with glucose"
[1] NA
[1] "anaerobic growth of arcA/fnr double knock-out strain on M9 media with glucose"
[1] NA
[1] "anaerobic growth of arcA/fnr double knock-out strain on M9 media with glucose"
[1] NA
[1] "anaerobic growth of fnr knock-out strain on M9 media with glucose"
[1] NA
[1] "anaerobic growth of fnr knock-out strain on M9 media with glucose"
[1] NA
[1] "anaerobic growth of fnr knock-out strain on M9 media with glucose"
[1] NA
[1] "anaerobic growth of oxyR knock-out strain on M9 media with glucose"
[1] NA
[1] "anaerobic growth of oxyR knock-out strain on M9 media with glucose"
[1] NA
[1] "anaerobic growth of oxyR knock-out strain on M9 media with glucose"
[1] NA
[1] "anaerobic growth of soxS knock-out strain on M9 media with glucose"
[1] NA
[1] "anaerobic growth of soxS knock-out strain on M9 media with glucose"
[1] NA
[1] "anaerobic growth of soxS knock-out strain on M9 media with glucose"
[1] NA
[1] "anaerobic growth of wild-type strain on M9 media with glucose (reference)"
[1] NA
[1] "anaerobic growth of wild-type strain on M9 media with glucose (reference)"
[1] NA
[1] "anaerobic growth of wild-type strain on M9 media with glucose (reference)"
[1] NA
[1] "anaerobic growth of wild-type strain on M9 media with glucose (reference)"
[1] NA
