[1] NA
[1] "WT cells in exponential phase minimal medium A supplemented with 0.25% citrate as carbon source at 30°C"
[1] NA
[1] "WT cells in exponential phase minimal medium A supplemented with 0.25% citrate as carbon source at 30°C"
[1] NA
[1] "Dsmc cells in exponential phase minimal medium A supplemented with 0.25% citrate as carbon source at 30°C"
[1] NA
[1] "Dsmc cells in exponential phase minimal medium A supplemented with 0.25% citrate as carbon source at 30°C"
[1] NA
[1] "Dmks cells in exponential phase minimal medium A supplemented with 0.25% citrate as carbon source at 30°C"
[1] NA
[1] "Dmks cells in exponential phase minimal medium A supplemented with 0.25% citrate as carbon source at 30°C"
[1] NA
[1] "Dmks Dsmc cells in exponential phase minimal medium A supplemented with 0.25% citrate as carbon source at 30°C"
[1] NA
[1] "Dmks Dsmc cells in exponential phase minimal medium A supplemented with 0.25% citrate as carbon source at 30°C"
[1] NA
[1] "Dmks Dsmc cells in exponential phase minimal medium A supplemented with 0.25% citrate as carbon source at 30°C"
[1] NA
[1] "DparS cells in exponential phase minimal medium A supplemented with 0.25% citrate as carbon source at 30°C"
[1] NA
[1] "DparS cells in exponential phase minimal medium A supplemented with 0.25% citrate as carbon source at 30°C"
[1] NA
[1] "DparS123 cells in exponential phase minimal medium A supplemented with 0.25% citrate"
[1] NA
[1] "DparA cells in exponential phase minimal medium A supplemented with 0.25% citrate"
[1] NA
[1] "DparS Dsmc cells in exponential phase minimal medium A supplemented with 0.25% citrate as carbon source at 30°C"
[1] NA
[1] "DparS Dsmc cells in exponential phase minimal medium A supplemented with 0.25% citrate as carbon source at 30°C"
[1] NA
[1] "<delta>mks::mukFEB cells in exponential phase minimal medium A supplemented with 0.25% citrate as carbon source at 30°C"
[1] NA
[1] "<delta>mks::mukFEB cells in exponential phase minimal medium A supplemented with 0.25% citrate as carbon source at 30°C"
[1] NA
[1] "<delta>mks::mukFEB Dsmc cells in exponential phase minimal medium A supplemented with 0.25% citrate as carbon source at 30°C"
[1] NA
[1] "<delta>mks::mukFEB Dsmc cells in exponential phase minimal medium A supplemented with 0.25% citrate as carbon source at 30°C"
[1] NA
[1] "parS+550 cells in exponential phase minimal medium A supplemented with 0.25% citrate as carbon source at 30°C"
[1] NA
[1] "parS+550 cells in exponential phase minimal medium A supplemented with 0.25% citrate as carbon source at 30°C"
[1] NA
[1] "<delta>mks parS+550 cells in exponential phase minimal medium A supplemented with 0.25% citrate as carbon source at 30°C"
[1] NA
[1] "<delta>mks parS+550 cells in exponential phase minimal medium A supplemented with 0.25% citrate as carbon source at 30°C"
[1] NA
[1] "<delta>smc parS+550 cells in exponential phase minimal medium A supplemented with 0.25% citrate as carbon source at 30°C"
[1] NA
[1] "<delta>smc parS+550 cells in exponential phase minimal medium A supplemented with 0.25% citrate as carbon source at 30°C"
[1] NA
[1] "parS+550 <delta>mks::mukFEB cells in exponential phase minimal medium A supplemented with 0.25% citrate as carbon source at 30°C"
[1] NA
[1] "parS+550 <delta>mks::mukFEB cells in exponential phase minimal medium A supplemented with 0.25% citrate as carbon source at 30°C"
[1] NA
[1] "parS-330 cells in exponential phase minimal medium A supplemented with 0.25% citrate as carbon source at 30°C"
[1] NA
[1] "parS-330 cells in exponential phase minimal medium A supplemented with 0.25% citrate as carbon source at 30°C"
[1] NA
[1] "<delta>mks parS-330 cells in exponential phase minimal medium A supplemented with 0.25% citrate as carbon source at 30°C"
[1] NA
[1] "<delta>mks parS-330 cells in exponential phase minimal medium A supplemented with 0.25% citrate as carbon source at 30°C"
[1] NA
[1] "<delta>smc parS-330 cells in exponential phase minimal medium A supplemented with 0.25% citrate as carbon source at 30°C"
[1] NA
[1] "<delta>smc parS-330 cells in exponential phase minimal medium A supplemented with 0.25% citrate as carbon source at 30°C"
[1] NA
[1] "oriC ins1 cells in exponential phase minimal medium A supplemented with 0.25% citrate as carbon source at 30°C"
[1] NA
[1] "oriC ins1 cells in exponential phase minimal medium A supplemented with 0.25% citrate as carbon source at 30°C"
[1] NA
[1] "oriC ins1 <delta>mks cells in exponential phase minimal medium A supplemented with 0.25% citrate as carbon source at 30°C"
[1] NA
[1] "oriC ins1 <delta>mks cells in exponential phase minimal medium A supplemented with 0.25% citrate as carbon source at 30°C"
[1] NA
[1] "oriC ins1 <delta>smc cells in exponential phase minimal medium A supplemented with 0.25% citrate as carbon source at 30°C"
[1] NA
[1] "oriC ins1 <delta>smc cells in exponential phase minimal medium A supplemented with 0.25% citrate as carbon source at 30°C"
[1] NA
[1] "WT cells in exponential phase minimal medium A supplemented with 0.25% citrate as carbon source at 30°C"
[1] NA
[1] "WT cells in exponential phase minimal medium A supplemented with 0.25% citrate as carbon source at 30°C"
[1] NA
[1] "oriC ins1 cells in exponential phase minimal medium A supplemented with 0.25% citrate as carbon source at 30°C"
[1] NA
[1] "oriC ins1 cells in exponential phase minimal medium A supplemented with 0.25% citrate as carbon source at 30°C"
[1] NA
[1] "oriC ins1 <delta>mks cells in exponential phase minimal medium A supplemented with 0.25% citrate as carbon source at 30°C"
[1] NA
[1] "oriC ins1 <delta>mks cells in exponential phase minimal medium A supplemented with 0.25% citrate as carbon source at 30°C"
[1] NA
[1] "oriC ins1 <delta>smc cells in exponential phase minimal medium A supplemented with 0.25% citrate as carbon source at 30°C"
[1] NA
[1] "oriC ins1 <delta>smc cells in exponential phase minimal medium A supplemented with 0.25% citrate as carbon source at 30°C"
[1] NA
[1] "oriC ins1 <delta>mks::mukFEB cells in exponential phase minimal medium A supplemented with 0.25% citrate as carbon source at 30°C"
[1] NA
[1] "oriC ins1 <delta>mks::mukFEB cells in exponential phase minimal medium A supplemented with 0.25% citrate as carbon source at 30°C"
[1] NA
