[1] "Normalized Signal Intensity"
[1] "Murine antiserum, IRF5+/+"
[1] NA
[1] "Murine antiserum, IRF5-/-"
[1] NA
[1] "Murine antiserum, IRF5+/-"
[1] NA
[1] "Murine antiserum, IRF5-/-"
[1] NA
[1] "Murine antiserum, IRF5-/-"
[1] NA
[1] "Murine antiserum, IRF5+/+"
[1] NA
[1] "Murine antiserum, IRF5+/+"
[1] NA
[1] "Murine antiserum, IRF5+/+"
[1] NA
[1] "Murine antiserum, IRF5+/+"
[1] NA
[1] "Murine antiserum, IRF5-/-"
[1] NA
[1] "Murine antiserum, IRF5-/-"
[1] NA
[1] "Murine antiserum, IRF5-/-"
[1] NA
[1] "Murine antiserum, IRF5-/-"
[1] NA
[1] "Murine antiserum, IRF5-/-"
[1] NA
[1] "Murine antiserum, IRF5+/-"
[1] NA
[1] "Murine antiserum, IRF5+/-"
[1] NA
[1] "Murine antiserum, IRF5+/-"
[1] NA
[1] "Murine antiserum, IRF5+/+"
[1] NA
[1] "Murine antiserum, IRF5+/-"
[1] NA
[1] "Murine antiserum, IRF5+/-"
[1] NA
[1] "Murine antiserum, IRF5+/+"
[1] NA
[1] "Murine antiserum, IRF5+/+"
[1] NA
[1] "Murine antiserum, IRF5+/-"
[1] NA
[1] "Murine antiserum, IRF5-/-"
[1] NA
[1] "Murine antiserum, IRF5-/-"
[1] NA
[1] "Murine antiserum, IRF5-/-"
[1] NA
[1] "Murine antiserum, IRF5+/+"
[1] NA
[1] "Murine antiserum, IRF5+/+"
[1] NA
[1] "Murine antiserum, IRF5-/-"
[1] NA
[1] "Murine antiserum, IRF5-/-"
[1] NA
[1] "Murine antiserum, IRF5+/+"
[1] NA
[1] "Murine antiserum, IRF5+/-"
[1] NA
[1] "Murine antiserum, IRF5+/+"
[1] NA
[1] "Murine antiserum, IRF5-/-"
[1] NA
[1] "Murine antiserum, IRF5+/-"
[1] NA
[1] "Murine antiserum, IRF5+/-"
[1] NA
[1] "Murine antiserum, IRF5+/-"
[1] NA
[1] "Murine antiserum, WT"
[1] NA
[1] "Murine antiserum, WT"
[1] NA
[1] "Murine antiserum, WT"
[1] NA
[1] "Murine antiserum, WT"
[1] NA
[1] "Murine antiserum, WT"
[1] NA
[1] "Murine antiserum, WT"
[1] NA
[1] "Murine antiserum, WT"
[1] NA
[1] "Murine antiserum, WT"
[1] NA
[1] "Murine antiserum, WT"
[1] NA
[1] "Murine antiserum, WT"
[1] NA
[1] "Murine antiserum, WT"
[1] NA
[1] "Murine antiserum, WT"
[1] NA
[1] "Murine antiserum, WT"
[1] NA
[1] "Murine antiserum, Ifnar +/+"
[1] NA
[1] "Murine antiserum, Ifnar +/+"
[1] NA
[1] "Murine antiserum, Ifnar +/+"
[1] NA
[1] "Murine antiserum, Ifnar +/+"
[1] NA
[1] "Murine antiserum, Ifnar +/+"
[1] NA
[1] "Murine antiserum, Ifnar -/-"
[1] NA
[1] "Murine antiserum, Ifnar +/+"
[1] NA
[1] "Murine antiserum, Ifnar +/+"
[1] NA
[1] "Murine antiserum, Ifnar +/+"
[1] NA
[1] "Murine antiserum, Ifnar +/+"
[1] NA
[1] "Murine antiserum, Ifnar -/-"
[1] NA
[1] "Murine antiserum, Ifnar +/+"
[1] NA
[1] "Murine antiserum, Ifnar -/-"
[1] NA
[1] "Murine antiserum, Ifnar -/-"
[1] NA
[1] "Murine antiserum, Ifnar -/-"
[1] NA
[1] "Murine antiserum, Ifnar -/-"
[1] NA
[1] "Murine antiserum, Ifnar -/-"
[1] NA
[1] "Murine antiserum, Ifnar -/-"
[1] NA
[1] "Murine antiserum, Ifnar -/-"
[1] NA
[1] "Murine antiserum, Ifnar -/-"
[1] NA
