[1] "normalized log10 ratio of test/reference"
[1] "Halobacterium NRC1, IP fraction of ChIP-Chip sample from Cmyc tagged TFBd"
[1] NA
[1] "Halobacterium NRC1, IP fraction of ChIP-Chip sample from Cmyc tagged TFBd"
[1] NA
[1] "Halobacterium NRC1, IP fraction of ChIP-Chip sample from Cmyc tagged TFBd"
[1] NA
[1] "Halobacterium NRC1, IP fraction of ChIP-Chip sample from Cmyc tagged TFBd"
[1] NA
[1] "Halobacterium NRC1, IP fraction of ChIP-Chip sample from Cmyc tagged TBPb"
[1] NA
[1] "Halobacterium NRC1, IP fraction of ChIP-Chip sample from Cmyc tagged TBPb"
[1] NA
[1] "Halobacterium NRC1, IP fraction of ChIP-Chip sample from Cmyc tagged TFBg"
[1] NA
[1] "Halobacterium NRC1, IP fraction of ChIP-Chip sample from Cmyc tagged TFBg"
[1] NA
[1] "Halobacterium NRC1, IP fraction of ChIP-Chip sample from Cmyc tagged TBPb"
[1] NA
[1] "Halobacterium NRC1, IP fraction of ChIP-Chip sample from Cmyc tagged TBPb"
[1] NA
[1] "Halobacterium NRC1, IP fraction of ChIP-Chip sample from Cmyc tagged TFBg"
[1] NA
[1] "Halobacterium NRC1, IP fraction of ChIP-Chip sample from Cmyc tagged TFBg"
[1] NA
[1] "Halobacterium NRC1, IP fraction of ChIP-Chip sample from Cmyc tagged TFBa"
[1] NA
[1] "Halobacterium NRC1, IP fraction of ChIP-Chip sample from Cmyc tagged TFBa"
[1] NA
[1] "Halobacterium NRC1, IP fraction of ChIP-Chip sample from Cmyc tagged TFBa"
[1] NA
[1] "Halobacterium NRC1, IP fraction of ChIP-Chip sample from Cmyc tagged TFBa"
[1] NA
[1] "Halobacterium NRC1, IP fraction of ChIP-Chip sample from Cmyc tagged TFBc"
[1] NA
[1] "Halobacterium NRC1, IP fraction of ChIP-Chip sample from Cmyc tagged TFBc"
[1] NA
[1] "Halobacterium NRC1, IP fraction of ChIP-Chip sample from Cmyc tagged TFBc"
[1] NA
[1] "Halobacterium NRC1, IP fraction of ChIP-Chip sample from Cmyc tagged TFBc"
[1] NA
[1] "Halobacterium NRC1, IP fraction of ChIP-Chip sample from Cmyc tagged TFBe"
[1] NA
[1] "Halobacterium NRC1, IP fraction of ChIP-Chip sample from Cmyc tagged TFBe"
[1] NA
[1] "Halobacterium NRC1, IP fraction of ChIP-Chip sample from Cmyc tagged TFBe"
[1] NA
[1] "Halobacterium NRC1, IP fraction of ChIP-Chip sample from Cmyc tagged TFBf"
[1] NA
[1] "Halobacterium NRC1, IP fraction of ChIP-Chip sample from Cmyc tagged TFBf"
[1] NA
[1] "Halobacterium NRC1, IP fraction of ChIP-Chip sample from Cmyc tagged TFBf"
[1] NA
[1] "Halobacterium NRC1, IP fraction of ChIP-Chip sample from Cmyc tagged TFBf"
[1] NA
[1] "Halobacterium NRC1, IP fraction of ChIP-Chip sample from Cmyc tagged TFBd"
[1] NA
[1] "Halobacterium NRC1, IP fraction of ChIP-Chip sample from Cmyc tagged TFBd"
[1] NA
[1] "Halobacterium NRC1, IP fraction of ChIP-Chip sample from Cmyc tagged TFBc"
[1] NA
[1] "Halobacterium NRC1, IP fraction of ChIP-Chip sample from Cmyc tagged TFBc"
[1] NA
[1] "Halobacterium NRC1, IP fraction of ChIP-Chip sample from Cmyc tagged TFBd"
[1] NA
[1] "Halobacterium NRC1, IP fraction of ChIP-Chip sample from Cmyc tagged TFBd"
[1] NA
[1] "Halobacterium NRC1, IP fraction of ChIP-Chip sample from Cmyc tagged TFBc"
[1] NA
[1] "Halobacterium NRC1, IP fraction of ChIP-Chip sample from Cmyc tagged TFBc"
[1] NA
[1] "Halobacterium NRC1, IP fraction of ChIP-Chip sample from Cmyc tagged TFBd"
[1] NA
[1] "Halobacterium NRC1, IP fraction of ChIP-Chip sample from Cmyc tagged TFBd"
[1] NA
[1] "Halobacterium NRC1, IP fraction of ChIP-Chip sample from Cmyc tagged TFBd"
[1] NA
[1] "Halobacterium NRC1, IP fraction of ChIP-Chip sample from Cmyc tagged TFBd"
[1] NA
[1] "Halobacterium NRC1, IP fraction of ChIP-Chip sample from Cmyc tagged TFBa"
[1] NA
[1] "Halobacterium NRC1, IP fraction of ChIP-Chip sample from Cmyc tagged TFBa"
[1] NA
[1] "Halobacterium NRC1, IP fraction of ChIP-Chip sample from Cmyc tagged TFBa"
[1] NA
[1] "Halobacterium NRC1, IP fraction of ChIP-Chip sample from Cmyc tagged TFBa"
[1] NA
[1] "Halobacterium NRC1, IP fraction of ChIP-Chip sample from Cmyc tagged TFBb"
[1] NA
[1] "Halobacterium NRC1, IP fraction of ChIP-Chip sample from Cmyc tagged TFBb"
[1] NA
[1] "Halobacterium NRC1, IP fraction of ChIP-Chip sample from Cmyc tagged TFBf"
[1] NA
[1] "Halobacterium NRC1, IP fraction of ChIP-Chip sample from Cmyc tagged TFBf"
[1] NA
[1] "Halobacterium NRC1, IP fraction of ChIP-Chip sample from Cmyc tagged TFBf"
[1] NA
[1] "Halobacterium NRC1, IP fraction of ChIP-Chip sample from Cmyc tagged TFBf"
[1] NA
[1] "Halobacterium NRC1, IP fraction of ChIP-Chip sample from Cmyc tagged TFBb"
[1] NA
[1] "Halobacterium NRC1, IP fraction of ChIP-Chip sample from Cmyc tagged TFBb"
[1] NA
[1] "Halobacterium NRC1, IP fraction of ChIP-Chip sample from Cmyc tagged TFBc"
[1] NA
[1] "Halobacterium NRC1, IP fraction of ChIP-Chip sample from Cmyc tagged TFBc"
[1] NA
[1] "Halobacterium NRC1, IP fraction of ChIP-Chip sample from Cmyc tagged TFBc"
[1] NA
[1] "Halobacterium NRC1, IP fraction of ChIP-Chip sample from Cmyc tagged TFBc"
[1] NA
[1] "Halobacterium NRC1, IP fraction of ChIP-Chip sample from Cmyc tagged TBPb"
[1] NA
[1] "Halobacterium NRC1, IP fraction of ChIP-Chip sample from Cmyc tagged TBPb"
[1] NA
[1] "Halobacterium NRC1, IP fraction of ChIP-Chip sample from Cmyc tagged TBPb"
[1] NA
[1] "Halobacterium NRC1, IP fraction of ChIP-Chip sample from Cmyc tagged TFBg"
[1] NA
[1] "Halobacterium NRC1, IP fraction of ChIP-Chip sample from Cmyc tagged TFBg"
[1] NA
[1] "Halobacterium NRC1, IP fraction of ChIP-Chip sample from Cmyc tagged TFBe"
[1] NA
[1] "Halobacterium NRC1, IP fraction of ChIP-Chip sample from Cmyc tagged TFBf"
[1] NA
[1] "Halobacterium NRC1, IP fraction of ChIP-Chip sample from Cmyc tagged TFBg"
[1] NA
[1] "Halobacterium NRC1, IP fraction of ChIP-Chip sample from Cmyc tagged TFBg"
[1] NA
[1] "Halobacterium NRC1, IP fraction of ChIP-Chip sample from Cmyc tagged TFBe"
[1] NA
[1] "Halobacterium NRC1, IP fraction of ChIP-Chip sample from Cmyc tagged TFBf"
[1] NA
[1] "Halobacterium NRC1, IP fraction of ChIP-Chip sample from Cmyc tagged TFBd"
[1] NA
[1] "Halobacterium NRC1, whole cell extract (wce) from Cmyc tagged TFBd"
[1] NA
[1] "Halobacterium NRC1, IP fraction of ChIP-Chip sample from Cmyc tagged TFBd"
[1] NA
[1] "Halobacterium NRC1, whole cell extract (wce) from Cmyc tagged TFBd"
[1] NA
[1] "Halobacterium NRC1, IP fraction of ChIP-Chip sample from Cmyc tagged TFBd"
[1] NA
[1] "Halobacterium NRC1, whole cell extract (wce) from Cmyc tagged TFBd"
[1] NA
[1] "Halobacterium NRC1, IP fraction of ChIP-Chip sample from Cmyc tagged TFBd"
[1] NA
[1] "Halobacterium NRC1, IP fraction of ChIP-Chip sample from Cmyc tagged TFBd"
[1] NA
[1] "Halobacterium NRC1, IP fraction of ChIP-Chip sample from Cmyc tagged TFBg"
[1] NA
[1] "Halobacterium NRC1, IP fraction of ChIP-Chip sample from Cmyc tagged TFBg"
[1] NA
[1] "Halobacterium NRC1, whole cell extract (wce) from Cmyc tagged TFBg"
[1] NA
[1] "Halobacterium NRC1, whole cell extract (wce) from Cmyc tagged TFBg"
[1] NA
[1] "Halobacterium NRC-1 growth curve"
[1] NA
[1] "Halobacterium NRC-1 Reference sample"
[1] NA
[1] "Halobacterium NRC-1 Reference sample"
[1] NA
[1] "Halobacterium NRC-1 growth curve"
[1] NA
[1] "Halobacterium NRC-1 growth curve"
[1] NA
[1] "Halobacterium NRC-1 Reference sample"
[1] NA
[1] "Halobacterium NRC-1 Reference sample"
[1] NA
[1] "Halobacterium NRC-1 growth curve"
[1] NA
[1] "Halobacterium NRC-1 growth curve"
[1] NA
[1] "Halobacterium NRC-1 Reference sample"
[1] NA
[1] "Halobacterium NRC-1 Reference sample"
[1] NA
[1] "Halobacterium NRC-1 growth curve"
[1] NA
[1] "Halobacterium NRC-1 growth curve"
[1] NA
[1] "Halobacterium NRC-1 Reference sample"
[1] NA
[1] "Halobacterium NRC-1 Reference sample"
[1] NA
[1] "Halobacterium NRC-1 growth curve"
[1] NA
[1] "Halobacterium NRC-1 Reference sample"
[1] NA
[1] "Halobacterium NRC-1 growth curve"
[1] NA
[1] "Halobacterium NRC-1 Reference sample"
[1] NA
[1] "Halobacterium NRC-1 Reference sample"
[1] NA
[1] "Halobacterium NRC-1 growth curve"
[1] NA
[1] "Halobacterium NRC-1 growth curve"
[1] NA
[1] "Halobacterium NRC-1 Reference sample"
[1] NA
[1] "Halobacterium NRC-1 Reference sample"
[1] NA
[1] "Halobacterium NRC-1 growth curve"
[1] NA
[1] "Halobacterium NRC-1 growth curve"
[1] NA
[1] "Halobacterium NRC-1 Reference sample"
[1] NA
[1] "Halobacterium NRC-1 Reference sample"
[1] NA
[1] "Halobacterium NRC-1 Reference sample"
[1] NA
[1] "Halobacterium NRC-1 growth curve"
[1] NA
[1] "Halobacterium NRC-1 growth curve"
[1] NA
[1] "Halobacterium NRC-1 Reference sample"
[1] NA
[1] "Halobacterium NRC-1 growth curve"
[1] NA
[1] "Halobacterium NRC-1 Reference sample"
[1] NA
[1] "Halobacterium NRC-1 Reference sample"
[1] NA
[1] "Halobacterium NRC-1 growth curve"
[1] NA
[1] "Halobacterium NRC-1 growth curve"
[1] NA
[1] "Halobacterium NRC-1 Reference sample"
[1] NA
[1] "Halobacterium NRC-1 Reference sample"
[1] NA
[1] "Halobacterium NRC-1 growth curve"
[1] NA
[1] "Halobacterium NRC-1 growth curve"
[1] NA
[1] "Halobacterium NRC-1 Reference sample"
[1] NA
[1] "Halobacterium NRC-1 Reference sample"
[1] NA
[1] "Halobacterium NRC-1 growth curve"
[1] NA
[1] "Halobacterium NRC-1 growth curve"
[1] NA
[1] "Halobacterium NRC-1 Reference sample"
[1] NA
[1] "Halobacterium NRC-1 Reference sample"
[1] NA
[1] "Halobacterium NRC-1 growth curve"
[1] NA
[1] "Halobacterium NRC-1 growth curve"
[1] NA
[1] "Halobacterium NRC-1 Reference sample"
[1] NA
[1] "Halobacterium NRC-1 Reference sample"
[1] NA
[1] "Halobacterium NRC-1 growth curve"
[1] NA
[1] "Halobacterium NRC-1 growth curve"
[1] NA
[1] "Halobacterium NRC-1 growth curve"
[1] NA
[1] "Halobacterium NRC-1 growth curve"
[1] NA
[1] "Halobacterium NRC-1 growth curve"
[1] NA
[1] "Halobacterium NRC-1 growth curve"
[1] NA
[1] "Halobacterium NRC-1 growth curve"
[1] NA
[1] "Halobacterium NRC-1 growth curve"
[1] NA
[1] "Halobacterium NRC-1 growth curve"
[1] NA
[1] "Halobacterium NRC-1 growth curve"
[1] NA
[1] "Halobacterium NRC-1 growth curve"
[1] NA
[1] "Halobacterium NRC-1 growth curve"
[1] NA
[1] "Halobacterium NRC-1 growth curve"
[1] NA
[1] "Halobacterium NRC-1 growth curve"
[1] NA
[1] "Halobacterium NRC-1 growth curve"
[1] NA
[1] "Halobacterium NRC-1 Reference sample"
[1] NA
[1] "Halobacterium NRC-1 Reference sample"
[1] NA
[1] "Halobacterium NRC-1 Reference sample"
[1] NA
[1] "Halobacterium NRC-1 Reference sample"
[1] NA
[1] "Halobacterium NRC-1 Reference sample"
[1] NA
[1] "Halobacterium NRC-1 Reference sample"
[1] NA
[1] "Halobacterium NRC-1 Reference sample"
[1] NA
[1] "Halobacterium NRC-1 Reference sample"
[1] NA
[1] "Halobacterium NRC-1 Reference sample"
[1] NA
[1] "Halobacterium NRC-1 Reference sample"
[1] NA
[1] "Halobacterium NRC-1 Reference sample"
[1] NA
[1] "Halobacterium NRC-1 Reference sample"
[1] NA
[1] "Halobacterium NRC-1 Reference sample"
[1] NA
[1] "Halobacterium NRC-1 growth curve"
[1] NA
[1] "Halobacterium NRC-1 growth curve"
[1] NA
[1] "Halobacterium NRC-1 growth curve"
[1] NA
[1] "Halobacterium NRC-1 growth curve"
[1] NA
[1] "Halobacterium NRC-1 growth curve"
[1] NA
[1] "Halobacterium NRC-1 growth curve"
[1] NA
[1] "Halobacterium NRC-1 growth curve"
[1] NA
[1] "Halobacterium NRC-1 growth curve"
[1] NA
[1] "Halobacterium NRC-1 growth curve"
[1] NA
[1] "Halobacterium NRC-1 growth curve"
[1] NA
[1] "Halobacterium NRC-1 growth curve"
[1] NA
[1] "Halobacterium NRC-1 growth curve"
[1] NA
[1] "Halobacterium NRC-1 growth curve"
[1] NA
[1] "Halobacterium NRC-1 Reference sample"
[1] NA
[1] "Halobacterium NRC-1 Reference sample"
[1] NA
[1] "Halobacterium NRC-1 Reference sample"
[1] NA
[1] "Halobacterium NRC-1 Reference sample"
[1] NA
[1] "Halobacterium NRC-1 Reference sample"
[1] NA
[1] "Halobacterium NRC-1 Reference sample"
[1] NA
[1] "Halobacterium NRC-1 Reference sample"
[1] NA
[1] "Halobacterium NRC-1 Reference sample"
[1] NA
[1] "Halobacterium NRC-1 Reference sample"
[1] NA
[1] "Halobacterium NRC-1 Reference sample"
[1] NA
[1] "Halobacterium NRC-1 Reference sample"
[1] NA
[1] "Halobacterium NRC-1 Reference sample"
[1] NA
[1] "Halobacterium NRC-1 Reference sample"
[1] NA
[1] "Halobacterium NRC1, IP fraction of ChIP-Chip sample from Cmyc-tagged TFBd at OD600=0.29"
[1] NA
[1] "Halobacterium NRC1, Whole Cell Extract (WCE) from Cmyc-tagged TFBd"
[1] NA
[1] "Halobacterium NRC1, IP fraction of ChIP-Chip sample from Cmyc-tagged TFBd at OD600=0.807"
[1] NA
[1] "Halobacterium NRC1, Whole Cell Extract (WCE) from Cmyc-tagged TFBd"
[1] NA
[1] "Halobacterium NRC1, IP fraction of ChIP-Chip sample from Cmyc-tagged TFBd at OD600=1.455"
[1] NA
[1] "Halobacterium NRC1, Whole Cell Extract (WCE) from Cmyc-tagged TFBd"
[1] NA
[1] "Halobacterium NRC1, IP fraction of ChIP-Chip sample from Cmyc-tagged TFBd at OD600=0.287"
[1] NA
[1] "Halobacterium NRC1, Whole Cell Extract (WCE) from Cmyc-tagged TFBd"
[1] NA
[1] "Halobacterium NRC1, IP fraction of ChIP-Chip sample from Cmyc-tagged TFBd at OD600=0.786"
[1] NA
[1] "Halobacterium NRC1, Whole Cell Extract (WCE) from Cmyc-tagged TFBd"
[1] NA
[1] "Halobacterium NRC1, IP fraction of ChIP-Chip sample from Cmyc-tagged TFBd at OD600=1.343"
[1] NA
[1] "Halobacterium NRC1, Whole Cell Extract (WCE) from Cmyc-tagged TFBd"
[1] NA
[1] "Halobacterium NRC1, Whole Cell Extract (WCE) from Cmyc tagged TFBf"
[1] NA
[1] "Halobacterium NRC1, Whole Cell Extract (WCE) from Cmyc tagged TFBa"
[1] NA
[1] "Halobacterium NRC1, Whole Cell Extract (WCE) from Cmyc tagged TFBd"
[1] NA
[1] "Halobacterium NRC1, Whole Cell Extract (WCE) from Cmyc tagged TFBd"
[1] NA
[1] "Halobacterium NRC1, Whole Cell Extract (WCE) from Cmyc tagged TFBd"
[1] NA
[1] "Halobacterium NRC1, Reference RNA"
[1] NA
[1] "Halobacterium NRC1, total RNA sample from Cmyc tagged TFBd"
[1] NA
