[1] "log2 IP/mock-IP ratio of individual probes"
[1] "E.coli RNAP beta subunit ChIP DNA from mid-exponential condition without rifampicin treatment"
[1] NA
[1] "E.coli RNAP beta subunit ChIP DNA from mid-exponential condition without rifampicin treatment"
[1] NA
[1] "E.coli RNAP beta subunit ChIP DNA from mid-exponential condition without rifampicin treatment"
[1] NA
[1] "E.coli RNAP beta subunit ChIP DNA from mid-exponential condition with rifampicin treatment"
[1] NA
[1] "E.coli RNAP beta subunit ChIP DNA from mid-exponential condition with rifampicin treatment"
[1] NA
[1] "E.coli RNAP beta subunit ChIP DNA from mid-exponential condition with rifampicin treatment"
[1] NA
[1] "E.coli RNAP beta subunit ChIP DNA from heat-shocked condition without rifampicin treatment"
[1] NA
[1] "E.coli RNAP beta subunit ChIP DNA from heat-shocked condition without rifampicin treatment"
[1] NA
[1] "E.coli RNAP beta subunit ChIP DNA from stationary condition without rifampicin treatment"
[1] NA
[1] "E.coli RNAP beta subunit ChIP DNA from stationary condition without rifampicin treatment"
[1] NA
[1] "E.coli RNAP beta subunit ChIP DNA from nitrogen-limiting condition without rifampicin treatment"
[1] NA
[1] "E.coli RNAP beta subunit ChIP DNA from nitrogen-limiting condition without rifampicin treatment"
[1] NA
