[1] NA
[1] "M. tuberculosis H37Rv"
[1] NA
[1] "M. tuberculosis H37Rv"
[1] NA
[1] "M. tuberculosis H37Rv"
[1] NA
[1] "M. tuberculosis H37Rv"
[1] NA
[1] "M. tuberculosis H37Rv"
[1] NA
[1] "M. tuberculosis H37Rv"
[1] NA
[1] "M. tuberculosis H37Rv"
[1] NA
[1] "M. tuberculosis H37Rv"
[1] NA
[1] "M. tuberculosis H37Rv"
[1] NA
[1] "M. tuberculosis H37Rv"
[1] NA
[1] "M. tuberculosis H37Rv"
[1] NA
[1] "M. tuberculosis H37Rv"
[1] NA
[1] "M. tuberculosis H37Rv"
[1] NA
[1] "M. tuberculosis H37Rv"
[1] NA
[1] "M. tuberculosis H37Rv"
[1] NA
[1] "M. tuberculosis H37Rv"
[1] NA
[1] "M. tuberculosis H37Rv"
[1] NA
[1] "M. tuberculosis H37Rv"
[1] NA
[1] "M. tuberculosis H37Rv"
[1] NA
[1] "M. tuberculosis H37Rv"
[1] NA
[1] "M. tuberculosis H37Rv"
[1] NA
[1] "M. tuberculosis H37Rv"
[1] NA
[1] "M. tuberculosis H37Rv"
[1] NA
[1] "M. tuberculosis H37Rv"
[1] NA
[1] "M. tuberculosis H37Rv"
[1] NA
[1] "M. tuberculosis H37Rv"
[1] NA
[1] "M. tuberculosis H37Rv"
[1] NA
[1] "M. tuberculosis H37Rv"
[1] NA
[1] "M. tuberculosis H37Rv"
[1] NA
[1] "M. tuberculosis H37Rv"
[1] NA
[1] "M. tuberculosis H37Rv"
[1] NA
[1] "M. tuberculosis H37Rv"
[1] NA
[1] "M. tuberculosis H37Rv"
[1] NA
[1] "M. tuberculosis H37Rv"
[1] NA
[1] "M. tuberculosis H37Rv"
[1] NA
[1] "M. tuberculosis H37Rv"
[1] NA
