[1] "log2 ratio (loess-normalized to balance channels relative to average log signal strength)"
[1] "Mtm"
[1] NA
[1] "Mtm"
[1] NA
[1] "Mtm"
[1] NA
[1] "Mtm"
[1] NA
[1] "Mtm"
[1] NA
[1] "Mtm"
[1] NA
[1] "Mtm"
[1] NA
[1] "Mtm"
[1] NA
[1] "Mtm"
[1] NA
[1] "Mtm"
[1] NA
[1] "Mtm"
[1] NA
[1] "Mtm"
[1] NA
[1] "Mtm"
[1] NA
[1] "Mtm"
[1] NA
[1] "Mtm"
[1] NA
[1] "H2O2"
[1] NA
[1] "H2O2"
[1] NA
[1] "H2O2"
[1] NA
[1] "H2O2"
[1] NA
[1] "H2O2"
[1] NA
[1] "H2O2"
[1] NA
[1] "H2O2"
[1] NA
[1] "H2O2"
[1] NA
[1] "H2O2"
[1] NA
[1] "UV"
[1] NA
[1] "UV"
[1] NA
[1] "UV"
[1] NA
[1] "UV"
[1] NA
[1] "PZA"
[1] NA
[1] "PZA"
[1] NA
[1] "PZA"
[1] NA
[1] "PZA"
[1] NA
[1] "PZA"
[1] NA
[1] "PZA"
[1] NA
[1] "PZA"
[1] NA
[1] "PZA"
[1] NA
[1] "PZA"
[1] NA
[1] "PZA"
[1] NA
[1] "PZA"
[1] NA
[1] "PZA"
[1] NA
[1] "PZA"
[1] NA
[1] "PZA"
[1] NA
[1] "PZA"
[1] NA
[1] "PZA"
[1] NA
[1] "PZA"
[1] NA
[1] "PZA"
[1] NA
[1] "PZA"
[1] NA
[1] "PZA"
[1] NA
[1] "PZA"
[1] NA
[1] "PZA"
[1] NA
[1] "PZA"
[1] NA
[1] "Nam"
[1] NA
[1] "Nam"
[1] NA
[1] "Nam"
[1] NA
[1] "Nam"
[1] NA
[1] "Nam"
[1] NA
[1] "Nam"
[1] NA
[1] "Nam"
[1] NA
[1] "Nam"
[1] NA
[1] "Nam"
[1] NA
[1] "BZA"
[1] NA
[1] "BZA"
[1] NA
[1] "BZA"
[1] NA
[1] "BZA"
[1] NA
[1] "BZA"
[1] NA
[1] "BZA"
[1] NA
[1] "5CL"
[1] NA
[1] "5CL"
[1] NA
[1] "5CL"
[1] NA
[1] "5CL"
[1] NA
[1] "5CL"
[1] NA
[1] "5CL"
[1] NA
[1] "pH4.8"
[1] NA
[1] "pH4.8"
[1] NA
[1] "pH4.8"
[1] NA
[1] "pH4.8"
[1] NA
[1] "pH4.8"
[1] NA
[1] "pH4.8"
[1] NA
[1] "pH4.8"
[1] NA
[1] "pH4.8"
[1] NA
[1] "pH4.8"
[1] NA
[1] "pH4.8"
[1] NA
[1] "pH4.8"
[1] NA
[1] "pH5.2"
[1] NA
[1] "pH5.2"
[1] NA
[1] "pH5.2"
[1] NA
[1] "pH5.2"
[1] NA
[1] "pH5.2"
[1] NA
[1] "pH5.2"
[1] NA
[1] "pH5.6"
[1] NA
[1] "pH5.6"
[1] NA
[1] "pH5.6"
[1] NA
[1] "pH5.6"
[1] NA
[1] "pH5.6"
[1] NA
[1] "pH5.6"
[1] NA
[1] "pH5.6"
[1] NA
[1] "pH5.6"
[1] NA
[1] "pH5.6"
[1] NA
[1] "Mtm"
[1] NA
[1] "UV"
[1] NA
[1] "UV"
[1] NA
[1] "mtm"
[1] NA
[1] "mtm"
[1] NA
[1] "H2O2"
[1] NA
[1] "UV"
[1] NA
[1] "UV"
[1] NA
[1] "UV"
[1] NA
[1] "mtm"
[1] NA
[1] "H2O2"
[1] NA
[1] "UV"
[1] NA
[1] "UV"
[1] NA
[1] "EMB"
[1] NA
[1] "DIPED"
[1] NA
[1] "EMB"
[1] NA
[1] "DIPED"
[1] NA
[1] "DIPED"
[1] NA
[1] "DIPED"
[1] NA
[1] "EMB"
[1] NA
[1] "EMB"
[1] NA
[1] "DIPED"
[1] NA
[1] "DIPED"
[1] NA
[1] "DIPED"
[1] NA
[1] "DIPED"
[1] NA
[1] "DIPED"
[1] NA
[1] "DIPED"
[1] NA
[1] "EMB"
[1] NA
[1] "#241"
[1] NA
[1] "#241"
[1] NA
[1] "#241"
[1] NA
[1] "#241"
[1] NA
[1] "#109"
[1] NA
[1] "#109"
[1] NA
[1] "#109"
[1] NA
[1] "#109"
[1] NA
[1] "#109"
[1] NA
[1] "Rif"
[1] NA
[1] "Rif"
[1] NA
[1] "Rif"
[1] NA
[1] "Rif"
[1] NA
[1] "Amikacin"
[1] NA
[1] "SM"
[1] NA
[1] "SM"
[1] NA
[1] "INH"
[1] NA
[1] "Amp"
[1] NA
[1] "Amp"
[1] NA
[1] "Eta"
[1] NA
[1] "Eta"
[1] NA
[1] "TLM"
[1] NA
[1] "TLM"
[1] NA
[1] "Triclosan"
[1] NA
[1] "Triclosan"
[1] NA
[1] "Oflox"
[1] NA
[1] "Oflox"
[1] NA
[1] "Ami"
[1] NA
[1] "Ami"
[1] NA
[1] "Eta"
[1] NA
[1] "Eta"
[1] NA
[1] "INH"
[1] NA
[1] "INH"
[1] NA
[1] "Oflox"
[1] NA
[1] "Oflox"
[1] NA
[1] "Rif"
[1] NA
[1] "Rif"
[1] NA
[1] "SM"
[1] NA
[1] "SM"
[1] NA
[1] "Tet"
[1] NA
[1] "Tet"
[1] NA
[1] "TLM"
[1] NA
[1] "TLM"
[1] NA
[1] "Amp"
[1] NA
[1] "Amp"
[1] NA
[1] "Tet"
[1] NA
[1] "TLM"
[1] NA
[1] "TLM"
[1] NA
[1] "Tric"
[1] NA
[1] "Tric"
[1] NA
[1] "Cap"
[1] NA
[1] "Cap"
[1] NA
[1] "Levo"
[1] NA
[1] "Levo"
[1] NA
[1] "Rifp"
[1] NA
[1] "Rifp"
[1] NA
[1] "Rox"
[1] NA
[1] "Rox"
[1] NA
[1] "Triclosan"
[1] NA
[1] "Triclosan"
[1] NA
[1] "Cap"
[1] NA
[1] "Cap"
[1] NA
[1] "Cer"
[1] NA
[1] "Cer"
[1] NA
[1] "Rox"
[1] NA
[1] "Rox"
[1] NA
[1] "Cer"
[1] NA
[1] "Cer"
[1] NA
[1] "Chlorpro"
[1] NA
[1] "Chlorpro"
[1] NA
[1] "Chlorpro"
[1] NA
[1] "Clotrimazole"
[1] NA
[1] "Clotrim"
[1] NA
[1] "Econazole"
[1] NA
[1] "Econazole"
[1] NA
[1] "Rifp"
[1] NA
[1] "Rifp"
[1] NA
[1] "Rox"
[1] NA
[1] "Rox"
[1] NA
[1] "Ceph"
[1] NA
[1] "Ceph"
[1] NA
[1] "Cephalexin"
[1] NA
[1] "Cephalexin"
[1] NA
[1] "Triclosan"
[1] NA
[1] "Triclosan"
[1] NA
[1] "Triclosan"
[1] NA
[1] "Triclosan"
[1] NA
[1] "chlorpromazine"
[1] NA
[1] "chlorpromazine"
[1] NA
[1] "Pro6778"
[1] NA
[1] "#121940"
[1] NA
[1] "#121940"
[1] NA
[1] "#111891"
[1] NA
[1] "#111891"
[1] NA
[1] "#111895"
[1] NA
[1] "Pro6776"
[1] NA
[1] "Pro6776"
[1] NA
[1] "Pro6778"
[1] NA
[1] "Pro6778"
[1] NA
[1] "Pro6778"
[1] NA
[1] "#111895"
[1] NA
[1] "#124196"
[1] NA
[1] "#124196"
[1] NA
[1] "121940"
[1] NA
[1] "Dipyridyl"
[1] NA
[1] "Antimycin"
[1] NA
[1] "Antimycin"
[1] NA
[1] "Procept6776"
[1] NA
[1] "Procept 6778"
[1] NA
[1] "Procept 6778"
[1] NA
[1] "Procept 6778"
[1] NA
[1] "Procept 6778"
[1] NA
[1] "#111895"
[1] NA
[1] "#111895"
[1] NA
[1] "Ascididemin Natural product"
[1] NA
[1] "Antimycin A"
[1] NA
[1] "Antimycin A"
[1] NA
[1] "PA-1"
[1] NA
[1] "PA-1"
[1] NA
[1] "PA-21"
[1] NA
[1] "PA-21"
[1] NA
[1] "Triclosan"
[1] NA
[1] "Triclosan"
[1] NA
[1] "WT t=6h"
[1] "6"
[1] "21600"
[1] "WT t=6h"
[1] "6"
[1] "21600"
[1] "WT t=0h"
[1] "0"
[1] "0"
[1] "WT t=0h"
[1] "0"
[1] "0"
[1] "PA-1"
[1] NA
[1] "PA-21"
[1] NA
[1] "PA-1"
[1] NA
[1] "TRC"
[1] NA
[1] "PA-21"
[1] NA
[1] "TRC"
[1] NA
[1] "Cer"
[1] NA
[1] "Cerulenin"
[1] NA
[1] "Cerulenin"
[1] NA
[1] "Deferroxamine"
[1] NA
[1] "Deferroxamine"
[1] NA
[1] "Deferroxamine"
[1] NA
[1] "Dipyridyl"
[1] NA
[1] "Dipyridyl"
[1] NA
[1] "#111891"
[1] NA
[1] "#111891"
[1] NA
[1] "#111895"
[1] NA
[1] "#111895"
[1] NA
[1] "#124196"
[1] NA
[1] "#124196"
[1] NA
[1] "Ascididemin Natural product"
[1] NA
[1] "Ascididemin Natural product"
[1] NA
[1] "#121940"
[1] NA
[1] "#111891"
[1] NA
[1] "#111895"
[1] NA
[1] "Antimycin"
[1] NA
[1] "Cerulenin"
[1] NA
[1] "Deferroxamine"
[1] NA
[1] "Dipyridyl"
[1] NA
[1] "Natural product"
[1] NA
[1] "Natural compound"
[1] NA
[1] "#109"
[1] NA
[1] "#109"
[1] NA
[1] "#109"
[1] NA
[1] "#109"
[1] NA
[1] "#241"
[1] NA
[1] "#241"
[1] NA
[1] "#241"
[1] NA
[1] "#59"
[1] NA
[1] "#59"
[1] NA
[1] "#59"
[1] NA
[1] "#59"
[1] NA
[1] "EMB"
[1] NA
[1] "EMB"
[1] NA
[1] "#121940"
[1] NA
[1] "#111891"
[1] NA
[1] "#111895"
[1] NA
[1] "Clofazimine"
[1] NA
[1] "Clotrimazole"
[1] NA
[1] "CPZ"
[1] NA
[1] "DNP"
[1] NA
[1] "Thioridazine"
[1] NA
[1] "TRC"
[1] NA
[1] "Procept 6776"
[1] NA
[1] "6778"
[1] NA
[1] "Cephalexin"
[1] NA
[1] "TRC"
[1] NA
[1] "#109"
[1] NA
[1] "#59"
[1] NA
[1] "EMB"
[1] NA
[1] "#241"
[1] NA
[1] "Econazole"
[1] NA
[1] "Econazole"
[1] NA
[1] "Procept 6778"
[1] NA
[1] "Min med (succinate)"
[1] NA
[1] "Min med (succinate)"
[1] NA
[1] "Clofazimine"
[1] NA
[1] "Clofazimine"
[1] NA
[1] "Clotrimazole"
[1] NA
[1] "Cltromazole"
[1] NA
[1] "Chlorpromazine"
[1] NA
[1] "PA824"
[1] NA
[1] "PA824"
[1] NA
[1] "PA824"
[1] NA
[1] "PA824"
[1] NA
[1] "PA824"
[1] NA
[1] "PA824"
[1] NA
[1] "PA824"
[1] NA
[1] "PA824"
[1] NA
[1] "CCCP"
[1] NA
[1] "Cephalexin"
[1] NA
[1] "DCCD"
[1] NA
[1] "DNP"
[1] NA
[1] "KCN"
[1] NA
[1] "Ceph"
[1] NA
[1] "TRZ"
[1] NA
[1] "Novobiocin"
[1] NA
[1] "KCN"
[1] NA
[1] "DNP"
[1] NA
[1] "DCCD"
[1] NA
[1] "CCCP"
[1] NA
[1] "Min Med - Palmitate"
[1] NA
[1] "Min med Succinate"
[1] NA
[1] "CCCP"
[1] NA
[1] "DCCD"
[1] NA
[1] "KCN"
[1] NA
[1] "Novobiocin"
[1] NA
[1] "TRZ"
[1] NA
[1] "Succinate"
[1] NA
[1] "Palmitate"
[1] NA
[1] "DNP"
[1] NA
[1] "TRZ"
[1] NA
[1] "Novobiocin"
[1] NA
[1] "10mM Succinate"
[1] NA
[1] "Palmitate"
[1] NA
[1] "AN4"
[1] NA
[1] "AN4"
[1] NA
[1] "AN2"
[1] NA
[1] "AN2"
[1] NA
[1] "succinate"
[1] NA
[1] "palmitate"
[1] NA
[1] "Methoxatin"
[1] NA
[1] "GSNO/KCN"
[1] NA
[1] "GSNO"
[1] NA
[1] "NRP-1"
[1] NA
[1] "NRP-1"
[1] NA
[1] "methoxatin"
[1] NA
[1] "methoxatin"
[1] NA
[1] "GSNO"
[1] NA
[1] "GSNO/KCN"
[1] NA
[1] "NRP-1"
[1] NA
[1] "DTNB"
[1] NA
[1] "DTT"
[1] NA
[1] "Valinomycin"
[1] NA
[1] "Valinomycin"
[1] NA
[1] "mercaptoethanol"
[1] NA
[1] "DTNB"
[1] NA
[1] "DTT"
[1] NA
[1] "Nigericin"
[1] NA
[1] "Valinomycin"
[1] NA
[1] "Verapamil"
[1] NA
[1] "Valinomycin"
[1] NA
[1] "CPZ"
[1] NA
[1] "PBS/Tw/DMSO"
[1] NA
[1] "menadione"
[1] NA
[1] "GSNO/CPZ"
[1] NA
[1] "GSNO/menadione"
[1] NA
[1] "CCCP"
[1] NA
[1] "Nigericin"
[1] NA
[1] "Valinomycin"
[1] NA
[1] "Valinomycin"
[1] NA
[1] "GSNO/CPZ"
[1] NA
[1] "GSNO/menadione"
[1] NA
[1] "CPZ (Dubos)"
[1] NA
[1] "menadione"
[1] NA
[1] "NRP-1"
[1] NA
[1] "Dubos NRP-1/NO3"
[1] NA
[1] "CPZ"
[1] NA
[1] "GSNO"
[1] NA
[1] "CPZ/GSNO"
[1] NA
[1] "CFZ/GSNO"
[1] NA
[1] "NaN3"
[1] NA
[1] "PBS/Tw/DMSO"
[1] NA
[1] "CPZ/GSNO"
[1] NA
[1] "menadione/GSNO"
[1] NA
[1] "NaN3"
[1] NA
[1] "Dubos NRP-1"
[1] NA
[1] "CPZ"
[1] NA
[1] "GSNO"
[1] NA
[1] "CFZ + GSNO"
[1] NA
[1] "NaN3"
[1] NA
[1] "CPZ"
[1] NA
[1] "menadione"
[1] NA
[1] "CPZ/GSNO"
[1] NA
[1] "Menadione/GSNO"
[1] NA
[1] "NaN3"
[1] NA
[1] "ZnSO4"
[1] NA
[1] "CPZ/GSNO"
[1] NA
[1] "CFZ/GSNO"
[1] NA
[1] "GSNO"
[1] NA
[1] "NaN3"
[1] NA
[1] "CPZ/GSNO"
[1] NA
[1] "menadione/GSNO"
[1] NA
[1] "NaN3"
[1] NA
[1] "CPZ"
[1] NA
[1] "DTT"
[1] NA
[1] "NaN3"
[1] NA
[1] "Nigericin"
[1] NA
[1] "menadione"
[1] NA
[1] "GSNO"
[1] NA
[1] "CFZ/GSNO"
[1] NA
[1] "CPZ/GSNO"
[1] NA
[1] "menadione/GSNO"
[1] NA
[1] "PBS/Tween"
[1] NA
[1] "21600" "21600" "0"     "0"    
[1] "ID"          "mAdb_wellID" "Oligo_ID"    "ORF"         "ORF"        
[6] "GENE_SYMBOL" "DESCRIPTION" "SEQUENCE"    "SPOT_ID"    
[1] "gene symbol column not found. searching for ORF column..."
[1] "orf column not found: checking for '//' exeption..."
