[1] "Normalized signal intensity"
[1] "Salmonella cells, untreated, replicate1"
[1] NA
[1] "Salmonella cells, untreated, replicate2"
[1] NA
[1] "Salmonella cells, untreated, replicate3"
[1] NA
[1] "Salmonella cells, untreated, 2h, replicate1"
[1] "2"
[1] "7200"
[1] "Salmonella cells, untreated, 2h, replicate2"
[1] "2"
[1] "7200"
[1] "Salmonella cells, untreated, 2h, replicate3"
[1] "2"
[1] "7200"
[1] "Salmonella cells, Polylysine treated, 2h, replicate1"
[1] "2"
[1] "7200"
[1] "Salmonella cells, Polylysine treated, 2h, replicate2"
[1] "2"
[1] "7200"
[1] "Salmonella cells, Polylysine treated, 2h, replicate3"
[1] "2"
[1] "7200"
