[1] NA
[1] "Microorganism"
[1] NA
[1] "Microorganism"
[1] NA
[1] "Microorganism"
[1] NA
[1] "Microorganism"
[1] NA
[1] "Microorganism"
[1] NA
[1] "Microorganism"
[1] NA
[1] "Microorganism"
[1] NA
[1] "Microorganism"
[1] NA
[1] "Microorganism"
[1] NA
[1] "Microorganism"
[1] NA
[1] "Microorganism"
[1] NA
[1] "Microorganism"
[1] NA
[1] "Microorganism"
[1] NA
[1] "Microorganism"
[1] NA
[1] "Microorganism"
[1] NA
[1] "Microorganism"
[1] NA
[1] "Microorganism"
[1] NA
[1] "Microorganism"
[1] NA
[1] "Microorganism"
[1] NA
[1] "Microorganism"
[1] NA
[1] "Microorganism"
[1] NA
[1] "Microorganism"
[1] NA
[1] "Microorganism"
[1] NA
[1] "Microorganism"
[1] NA
[1] "Microorganism"
[1] NA
[1] "Microorganism"
[1] NA
[1] "Microorganism"
[1] NA
[1] "Microorganism"
[1] NA
[1] "Microorganism"
[1] NA
[1] "Microorganism"
[1] NA
[1] "Microorganism"
[1] NA
