[1] NA
[1] "rep1 10uM MgSO4 gate 1"
[1] NA
[1] "rep1 10uM MgSO4 gate 2"
[1] NA
[1] "rep1 10uM MgSO4 gate 3"
[1] NA
[1] "rep1 10uM MgSO4 gate 4"
[1] NA
[1] "rep1 10uM MgSO4 gate 5"
[1] NA
[1] "rep1 10uM MgSO4 gate 6"
[1] NA
[1] "rep1 10uM MgSO4 gate 7"
[1] NA
[1] "rep1 10uM MgSO4 gate 8"
[1] NA
[1] "rep2 10uM MgSO4 gate 1"
[1] NA
[1] "rep2 10uM MgSO4 gate 2"
[1] NA
[1] "rep2 10uM MgSO4 gate 3"
[1] NA
[1] "rep2 10uM MgSO4 gate 4"
[1] NA
[1] "rep2 10uM MgSO4 gate 5"
[1] NA
[1] "rep2 10uM MgSO4 gate 6"
[1] NA
[1] "rep2 10uM MgSO4 gate 7"
[1] NA
[1] "rep2 10uM MgSO4 gate 8"
[1] NA
[1] "rep3 10uM MgSO4 gate 1"
[1] NA
[1] "rep3 10uM MgSO4 gate 2"
[1] NA
[1] "rep3 10uM MgSO4 gate 3"
[1] NA
[1] "rep3 10uM MgSO4 gate 4"
[1] NA
[1] "rep3 10uM MgSO4 gate 5"
[1] NA
[1] "rep3 10uM MgSO4 gate 6"
[1] NA
[1] "rep3 10uM MgSO4 gate 7"
[1] NA
[1] "rep3 10uM MgSO4 gate 8"
[1] NA
[1] "rep1 50mM MgSO4 gate 1"
[1] NA
[1] "rep1 50mM MgSO4 gate 2"
[1] NA
[1] "rep1 50mM MgSO4 gate 3"
[1] NA
[1] "rep1 50mM MgSO4 gate 4"
[1] NA
[1] "rep1 50mM MgSO4 gate 5"
[1] NA
[1] "rep1 50mM MgSO4 gate 6"
[1] NA
[1] "rep1 50mM MgSO4 gate 7"
[1] NA
[1] "rep1 50mM MgSO4 gate 8"
[1] NA
[1] "rep2 50mM MgSO4 gate 1"
[1] NA
[1] "rep2 50mM MgSO4 gate 2"
[1] NA
[1] "rep2 50mM MgSO4 gate 3"
[1] NA
[1] "rep2 50mM MgSO4 gate 4"
[1] NA
[1] "rep2 50mM MgSO4 gate 5"
[1] NA
[1] "rep2 50mM MgSO4 gate 6"
[1] NA
[1] "rep2 50mM MgSO4 gate 7"
[1] NA
[1] "rep2 50mM MgSO4 gate 8"
[1] NA
[1] "rep3 50mM MgSO4 gate 1"
[1] NA
[1] "rep3 50mM MgSO4 gate 2"
[1] NA
[1] "rep3 50mM MgSO4 gate 3"
[1] NA
[1] "rep3 50mM MgSO4 gate 4"
[1] NA
[1] "rep3 50mM MgSO4 gate 5"
[1] NA
[1] "rep3 50mM MgSO4 gate 6"
[1] NA
[1] "rep3 50mM MgSO4 gate 7"
[1] NA
[1] "rep3 50mM MgSO4 gate 8"
[1] NA
[1] "rep1 10uM MgSO4 presort"
[1] NA
[1] "rep2 10uM MgSO4 presort"
[1] NA
[1] "rep3 10uM MgSO4 presort"
[1] NA
[1] "rep1 50mM MgSO4 presort"
[1] NA
[1] "rep2 50mM MgSO4 presort"
[1] NA
[1] "rep3 50mM MgSO4 presort"
[1] NA
[1] "self-ligation control"
[1] NA
[1] "raw library"
[1] NA
[1] "rep1 10uM MgSO4 gate 1"
[1] NA
[1] "rep1 10uM MgSO4 gate 2"
[1] NA
[1] "rep1 10uM MgSO4 gate 3"
[1] NA
[1] "rep1 10uM MgSO4 gate 4"
[1] NA
[1] "rep1 10uM MgSO4 gate 5"
[1] NA
[1] "rep1 10uM MgSO4 gate 6"
[1] NA
[1] "rep1 10uM MgSO4 gate 7"
[1] NA
[1] "rep1 10uM MgSO4 gate 8"
[1] NA
[1] "rep2 10uM MgSO4 gate 1"
[1] NA
[1] "rep2 10uM MgSO4 gate 2"
[1] NA
[1] "rep2 10uM MgSO4 gate 3"
[1] NA
[1] "rep2 10uM MgSO4 gate 4"
[1] NA
[1] "rep2 10uM MgSO4 gate 5"
[1] NA
[1] "rep2 10uM MgSO4 gate 6"
[1] NA
[1] "rep2 10uM MgSO4 gate 7"
[1] NA
[1] "rep2 10uM MgSO4 gate 8"
[1] NA
[1] "rep3 10uM MgSO4 gate 1"
[1] NA
[1] "rep3 10uM MgSO4 gate 2"
[1] NA
[1] "rep3 10uM MgSO4 gate 3"
[1] NA
[1] "rep3 10uM MgSO4 gate 4"
[1] NA
[1] "rep3 10uM MgSO4 gate 5"
[1] NA
[1] "rep3 10uM MgSO4 gate 6"
[1] NA
[1] "rep3 10uM MgSO4 gate 7"
[1] NA
[1] "rep3 10uM MgSO4 gate 8"
[1] NA
[1] "rep1 50mM MgSO4 gate 1"
[1] NA
[1] "rep1 50mM MgSO4 gate 2"
[1] NA
[1] "rep1 50mM MgSO4 gate 3"
[1] NA
[1] "rep1 50mM MgSO4 gate 4"
[1] NA
[1] "rep1 50mM MgSO4 gate 5"
[1] NA
[1] "rep1 50mM MgSO4 gate 6"
[1] NA
[1] "rep1 50mM MgSO4 gate 7"
[1] NA
[1] "rep1 50mM MgSO4 gate 8"
[1] NA
[1] "rep2 50mM MgSO4 gate 1"
[1] NA
[1] "rep2 50mM MgSO4 gate 2"
[1] NA
[1] "rep2 50mM MgSO4 gate 3"
[1] NA
[1] "rep2 50mM MgSO4 gate 4"
[1] NA
[1] "rep2 50mM MgSO4 gate 5"
[1] NA
[1] "rep2 50mM MgSO4 gate 6"
[1] NA
[1] "rep2 50mM MgSO4 gate 7"
[1] NA
[1] "rep2 50mM MgSO4 gate 8"
[1] NA
[1] "rep3 50mM MgSO4 gate 1"
[1] NA
[1] "rep3 50mM MgSO4 gate 2"
[1] NA
[1] "rep3 50mM MgSO4 gate 3"
[1] NA
[1] "rep3 50mM MgSO4 gate 4"
[1] NA
[1] "rep3 50mM MgSO4 gate 5"
[1] NA
[1] "rep3 50mM MgSO4 gate 6"
[1] NA
[1] "rep3 50mM MgSO4 gate 7"
[1] NA
[1] "rep3 50mM MgSO4 gate 8"
[1] NA
[1] "rep1 10uM MgSO4 presort"
[1] NA
[1] "rep2 10uM MgSO4 presort"
[1] NA
[1] "rep3 10uM MgSO4 presort"
[1] NA
[1] "rep1 50mM MgSO4 presort"
[1] NA
[1] "rep2 50mM MgSO4 presort"
[1] NA
[1] "rep3 50mM MgSO4 presort"
[1] NA
[1] "self-ligation control"
[1] NA
