[1] NA
[1] "Cell Lysate"
[1] NA
[1] "Cell Lysate"
[1] NA
[1] "Cell Lysate"
[1] NA
[1] "Cell Lysate"
[1] NA
[1] "Cell Lysate"
[1] NA
[1] "Cell Lysate"
[1] NA
[1] "Cell Lysate"
[1] NA
[1] "Cell Lysate"
[1] NA
[1] "Cell Lysate"
[1] NA
[1] "Cell Lysate"
[1] NA
[1] "Cell Lysate"
[1] NA
[1] "Cell Lysate"
[1] NA
[1] "Cell Lysate"
[1] NA
[1] "Cell Lysate"
[1] NA
[1] "Cell Lysate"
[1] NA
[1] "Cell Lysate"
[1] NA
[1] "Cell Lysate"
[1] NA
[1] "Cell Lysate"
[1] NA
[1] "Cell Lysate"
[1] NA
[1] "Cell Lysate"
[1] NA
[1] "Cell Lysate"
[1] NA
[1] "Cell Lysate"
[1] NA
[1] "Cell Lysate"
[1] NA
[1] "Cell Lysate"
[1] NA
[1] "Cell Lysate"
[1] NA
[1] "Cell Lysate"
[1] NA
[1] "Cell Lysate"
[1] NA
[1] "Cell Lysate"
[1] NA
[1] "Cell Lysate"
[1] NA
