[1] "Signal"
[1] "wild type strain 252 rep 1"
[1] NA
[1] "wild type strain 252 rep 2"
[1] NA
[1] "wild type strain 252 rep 3"
[1] NA
[1] "agr mutant strain 252 rep 1"
[1] NA
[1] "agr mutant strain 252 rep 2"
[1] NA
[1] "agr mutant strain 252 rep 3"
[1] NA
[1] "wild type strain LAC rep 1"
[1] NA
[1] "wild type strain LAC rep 2"
[1] NA
[1] "wild type strain LAC rep 3"
[1] NA
[1] "agr mutant strain LAC rep 1"
[1] NA
[1] "agr mutant strain LAC rep 2"
[1] NA
[1] "agr mutant strain LAC rep 3"
[1] NA
[1] "wild type strain 6390 rep 1"
[1] NA
[1] "wild type strain 6390 rep 2"
[1] NA
[1] "wild type strain 6390 rep 3"
[1] NA
[1] "agr mutant strain 6911 rep 1"
[1] NA
[1] "agr mutant strain 6911 rep 2"
[1] NA
[1] "agr mutant strain 6911 rep 3"
[1] NA
