[1] NA
[1] "lab strain"
[1] NA
[1] "lab strain"
[1] NA
[1] "lab strain"
[1] NA
[1] "lab strain"
[1] NA
[1] "lab strain"
[1] NA
[1] "lab strain"
[1] NA
[1] "lab strain"
[1] NA
[1] "lab strain"
[1] NA
[1] "lab strain"
[1] NA
[1] "lab strain"
[1] NA
[1] "lab strain"
[1] NA
[1] "lab strain"
[1] NA
[1] "lab strain"
[1] NA
[1] "lab strain"
[1] NA
[1] "lab strain"
[1] NA
[1] "lab strain"
[1] NA
[1] "lab strain"
[1] NA
[1] "lab strain"
[1] NA
[1] "lab strain"
[1] NA
[1] "lab strain"
[1] NA
[1] "lab strain"
[1] NA
