[1] NA
[1] "3xdelta-RSHshortHyd-30min-ohne-AHT-a S1_R1_001"
[1] "-30"
[1] "3xdelta-RSHshortHyd-30min-ohne-AHT-b S3_R1_001"
[1] "-30"
[1] "3xdelta-RSHshortHyd-30min-ohne-AHT-c S5_R1_001"
[1] "-30"
[1] "3xdelta-RSHshortHyd-30min-mit-AHT-a S2_R1_001"
[1] "-30"
[1] "3xdelta-RSHshortHyd-30min-mit-AHT-b S4_R1_001"
[1] "-30"
[1] "3xdelta-RSHshortHyd-30min-mit-AHT-c S6_R1_001"
[1] "-30"
[1] "3xdelta-relQ-30min-ohne-AHT-d S7_R1_001"
[1] "-30"
[1] "3xdelta-relQ-30min-ohne-AHT-e S9_R1_001"
[1] "-30"
[1] "3xdelta-relQ-30min-ohne-AHT-f S11_R1_001"
[1] "-30"
[1] "3xdelta-relQ-30min-mit-AHT-d S8_R1_001"
[1] "-30"
[1] "3xdelta-relQ-30min-mit-AHT-e S10_R1_001"
[1] "-30"
[1] "3xdelta-relQ-30min-mit-AHT-f S12_R1_001"
[1] "-30"
