[1] "RMA-normalized log-2(count)"
[1] "Escherichia K-12 rpoC mutant: del27"
[1] NA
[1] "Escherichia K-12 rpoC mutant: del27"
[1] NA
[1] "Escherichia K-12 rpoC mutant: del27"
[1] NA
[1] "Escherichia K-12 rpoC mutant: eBOP42"
[1] NA
[1] "Escherichia K-12 rpoC mutant: eBOP42"
[1] NA
[1] "Escherichia K-12 rpoC mutant: eBOP42"
[1] NA
[1] "Escherichia K-12 rpoC mutant: eBOP43"
[1] NA
[1] "Escherichia K-12 rpoC mutant: eBOP43"
[1] NA
[1] "Escherichia K-12 rpoC mutant: eBOP43"
[1] NA
[1] "Escherichia K-12 MG1655 (wild-type)"
[1] NA
[1] "Escherichia K-12 MG1655 (wild-type)"
[1] NA
[1] "Escherichia K-12 MG1655 (wild-type)"
[1] NA
