[1] "log2(SIGNAL RED/SIGNAL_GREEN) (test/ref)"
[1] "NusA ChIP in E. coli K-12 MG1655 cells"
[1] NA
[1] "RNA polymerase (Beta') ChIP in E. coli K-12 MG1655 cells"
[1] NA
[1] "Sigma70 ChIP in E. coli K-12 MG1655 cells"
[1] NA
[1] "Rho ChIP in E. coli K-12 MG1655 cells"
[1] NA
[1] "NusG ChIP in E. coli K-12 MG1655 cells"
[1] NA
[1] "RNA polymerase (Beta') ChIP in E. coli K-12 MG1655 cells treated with 100ug/ml rifampicin"
[1] NA
[1] "Sigma70 ChIP in E. coli K-12 MG1655 cells treated with 100ug/ml rifampicin"
[1] NA
[1] "RNA polymerase (Beta') ChIP in E. coli K-12 MG1655 cells treated with 20ug/ml bicyclomycin"
[1] NA
[1] "RNA polymerase (Beta') ChIP in E. coli K-12 MG1655 cells"
[1] NA
[1] "Rho ChIP in E. coli K-12 MG1655 cells"
[1] NA
[1] "RNA polymerase (Beta’) ChIP in E. coli K-12 MG1655 cells"
[1] NA
[1] "Sigma70 ChIP in E. coli K-12 MG1655 cells"
[1] NA
[1] "Sigma70 ChIP in E. coli K-12 MG1655 cells"
[1] NA
[1] "NusA ChIP in E. coli K-12 MG1655 cells"
[1] NA
[1] "NusA ChIP in E. coli K-12 MG1655 cells"
[1] NA
[1] "NusG ChIP in E. coli K-12 MG1655 HA3::nusG cells"
[1] NA
[1] "NusG ChIP in E. coli K-12 MG1655 HA3::nusG cells"
[1] NA
