[1] NA
[1] "E. coli native deproteinized total RNA, DMSO treated"
[1] NA
[1] "E. coli native deproteinized total RNA, NAI treated"
[1] NA
[1] "E. coli native deproteinized total RNA, DMSO treated"
[1] NA
[1] "E. coli native deproteinized total RNA, NAI treated"
[1] NA
[1] "E. coli native deproteinized total RNA, DMSO treated"
[1] NA
[1] "E. coli native deproteinized total RNA, NAI treated"
[1] NA
[1] "E. coli native deproteinized total RNA, I5 treated"
[1] NA
[1] "E. coli native deproteinized total RNA, 1M4 treated"
[1] NA
[1] "E. coli native deproteinized total RNA, 6A3 treated"
[1] NA
[1] "E. coli native deproteinized total RNA, B5 treated"
[1] NA
[1] "E. coli native deproteinized total RNA, NIC treated"
[1] NA
[1] "E. coli native deproteinized total RNA, 2A3 treated"
[1] NA
[1] "Total RNA from E. coli, in vivo treated with DMSO"
[1] NA
[1] "Total RNA from E. coli, in vivo treated with NAI"
[1] NA
[1] "Total RNA from E. coli, in vivo treated with I5"
[1] NA
[1] "Total RNA from E. coli, in vivo treated with 1M4"
[1] NA
[1] "Total RNA from E. coli, in vivo treated with 6A3"
[1] NA
[1] "Total RNA from E. coli, in vivo treated with B5"
[1] NA
[1] "Total RNA from E. coli, in vivo treated with NIC"
[1] NA
[1] "Total RNA from E. coli, in vivo treated with 2A3"
[1] NA
[1] "Total RNA from B. subtilis, in vivo treated with DMSO"
[1] NA
[1] "Total RNA from B. subtilis, in vivo treated with NAI"
[1] NA
[1] "Total RNA from B. subtilis, in vivo treated with I5"
[1] NA
[1] "Total RNA from B. subtilis, in vivo treated with 1M4"
[1] NA
[1] "Total RNA from B. subtilis, in vivo treated with 6A3"
[1] NA
[1] "Total RNA from B. subtilis, in vivo treated with B5"
[1] NA
[1] "Total RNA from B. subtilis, in vivo treated with NIC"
[1] NA
[1] "Total RNA from B. subtilis, in vivo treated with 2A3"
[1] NA
[1] "Total RNA from HEK293 cells, in vivo treated with DMSO"
[1] NA
[1] "Total RNA from HEK293 cells, in vivo treated with NAI"
[1] NA
[1] "Total RNA from HEK293 cells, in vivo treated with I5"
[1] NA
[1] "Total RNA from HEK293 cells, in vivo treated with 1M4"
[1] NA
[1] "Total RNA from HEK293 cells, in vivo treated with 6A3"
[1] NA
[1] "Total RNA from HEK293 cells, in vivo treated with B5"
[1] NA
[1] "Total RNA from HEK293 cells, in vivo treated with NIC"
[1] NA
[1] "Total RNA from HEK293 cells, in vivo treated with 2A3"
[1] NA
