[1] "Log base 2 percentile shift normalized data"
[1] "T con I"
[1] NA
[1] "T con II"
[1] NA
[1] "T con III"
[1] NA
[1] "T 15 I"
[1] NA
[1] "T 15 II"
[1] NA
[1] "T 15 III"
[1] NA
[1] "T 30 I"
[1] NA
[1] "T 30 II"
[1] NA
[1] "T 30 III"
[1] NA
[1] "T 1 I"
[1] NA
[1] "T 1 II"
[1] NA
[1] "T 1 III"
[1] NA
[1] "T 2 I"
[1] NA
[1] "T 2 II"
[1] NA
[1] "T 2 III"
[1] NA
[1] "T 4 I"
[1] NA
[1] "T 4 II"
[1] NA
[1] "T 4 III"
[1] NA
[1] "T 8 I"
[1] NA
[1] "T 8 III"
[1] NA
[1] "T 8 IV"
[1] NA
[1] "T 24 I"
[1] NA
[1] "T 24 II"
[1] NA
[1] "T 24 IV"
[1] NA
