[1] NA
[1] "Exp BW25113 E. coli, M9 medium, L-Thr added_1"
[1] NA
[1] "Exp BW25113 E. coli, M9 medium, L-Thr added_2"
[1] NA
[1] "Exp ybdO_BW25113 E. coli, M9 medium, L-Thr added_1"
[1] NA
[1] "Exp ybdO_BW25113 E. coli, M9 medium, L-Thr added_2"
[1] NA
[1] "Exp ybeF_BW25113 E. coli, M9 medium, L-Thr added_1"
[1] NA
[1] "Exp ybeF_BW25113 E. coli, M9 medium, L-Thr added_2"
[1] NA
[1] "Lexp BW25113 E. coli, M9 medium, L-Thr added_1"
[1] NA
[1] "Lexp BW25113 E. coli, M9 medium, L-Thr added_2"
[1] NA
[1] "Lexp ybhD_BW25113 E. coli, M9 medium, L-Thr added_1"
[1] NA
[1] "Lexp ybhD_BW25113 E. coli, M9 medium, L-Thr added_2"
[1] NA
[1] "Lexp ycaN_BW25113 E. coli, M9 medium, L-Thr added_3"
[1] NA
[1] "Lexp ycaN_BW25113 E. coli, M9 medium, L-Thr added_4"
[1] NA
[1] "Exp ygfI_BW25113 E. coli, M9 medium, L-Thr added_1"
[1] NA
[1] "Exp ygfI_BW25113 E. coli, M9 medium, L-Thr added_2"
[1] NA
[1] "Lexp ycaN_BW25113 E. coli, M9 medium, L-Thr added_1"
[1] NA
[1] "Lexp ycaN_BW25113 E. coli, M9 medium, L-Thr added_2"
[1] NA
