[1] NA
[1] "Staphylcoccus aureus colony"
[1] NA
[1] "Staphylcoccus aureus colony"
[1] NA
[1] "Staphylcoccus aureus colony"
[1] NA
[1] "Staphylcoccus aureus colony"
[1] NA
[1] "Staphylcoccus aureus colony"
[1] NA
[1] "Staphylcoccus aureus colony"
[1] NA
[1] "Staphylcoccus aureus colony"
[1] NA
[1] "Staphylcoccus aureus colony"
[1] NA
[1] "Staphylcoccus aureus colony"
[1] NA
[1] "Staphylcoccus aureus colony"
[1] NA
[1] "Staphylcoccus aureus colony"
[1] NA
[1] "Staphylcoccus aureus colony"
[1] NA
[1] "Staphylcoccus aureus colony"
[1] NA
[1] "Staphylcoccus aureus colony"
[1] NA
[1] "Staphylcoccus aureus colony"
[1] NA
[1] "Staphylcoccus aureus colony"
[1] NA
[1] "Staphylcoccus aureus colony"
[1] NA
[1] "Staphylcoccus aureus colony"
[1] NA
[1] "Staphylcoccus aureus colony"
[1] NA
[1] "Staphylcoccus aureus colony"
[1] NA
[1] "Staphylcoccus aureus colony"
[1] NA
[1] "Staphylcoccus aureus colony"
[1] NA
[1] "Staphylcoccus aureus colony"
[1] NA
[1] "Staphylcoccus aureus colony"
[1] NA
[1] "Staphylcoccus aureus colony"
[1] NA
[1] "Staphylcoccus aureus colony"
[1] NA
[1] "Staphylcoccus aureus colony"
[1] NA
[1] "Staphylcoccus aureus colony"
[1] NA
