[1] NA
[1] "mammalians intestine"
[1] NA
[1] "mammalians intestine"
[1] NA
[1] "mammalians intestine"
[1] NA
[1] "mammalians intestine"
[1] NA
[1] "mammalians intestine"
[1] NA
[1] "mammalians intestine"
[1] NA
[1] "mammalians intestine"
[1] NA
[1] "mammalians intestine"
[1] NA
[1] "mammalians intestine"
[1] NA
[1] "mammalians intestine"
[1] NA
[1] "mammalians intestine"
[1] NA
[1] "mammalians intestine"
[1] NA
[1] "mammalians intestine"
[1] NA
[1] "mammalians intestine"
[1] NA
[1] "mammalians intestine"
[1] NA
[1] "mammalians intestine"
[1] NA
[1] "mammalians intestine"
[1] NA
[1] "mammalians intestine"
[1] NA
