[1] NA
[1] "Bacteria grown in LB  at 28°C"
[1] NA
[1] "Bacteria grown in LB  at 28°C"
[1] NA
[1] "Bacteria grown in LB  at 37°C"
[1] NA
[1] "Bacteria grown in LB  at 37°C"
[1] NA
[1] "Naïve mouse lungs"
[1] NA
[1] "Naïve mouse lungs"
[1] NA
[1] "Mouse lungs collected 1 hour post intranasal infection"
[1] "1"
[1] "valid gsm... but no data in gsm data table! getting supplementary file (which may or may not contain the data) and writing to subfolder"
[1] "Mouse lungs collected 1 hour post intranasal infection"
[1] "1"
[1] "valid gsm... but no data in gsm data table! getting supplementary file (which may or may not contain the data) and writing to subfolder"
[1] "Mouse lungs collected 1 hour post intranasal infection"
[1] "1"
[1] "valid gsm... but no data in gsm data table! getting supplementary file (which may or may not contain the data) and writing to subfolder"
[1] "Mouse lungs collected24 hour post intranasal infection"
[1] NA
[1] "Mouse lungs collected 24 hour post intranasal infection"
[1] "24"
[1] "valid gsm... but no data in gsm data table! getting supplementary file (which may or may not contain the data) and writing to subfolder"
[1] "Mouse lungs collected 24 hour post intranasal infection"
[1] "24"
[1] "valid gsm... but no data in gsm data table! getting supplementary file (which may or may not contain the data) and writing to subfolder"
[1] "Mouse lungs collected24 hour post intranasal infection"
[1] NA
[1] "Mouse lungs collected 48 hour post intranasal infection"
[1] "48"
[1] "valid gsm... but no data in gsm data table! getting supplementary file (which may or may not contain the data) and writing to subfolder"
[1] "Mouse lungs collected 48 hour post intranasal infection"
[1] "48"
[1] "valid gsm... but no data in gsm data table! getting supplementary file (which may or may not contain the data) and writing to subfolder"
[1] "Mouse lungs collected 48 hour post intranasal infection"
[1] "48"
[1] "valid gsm... but no data in gsm data table! getting supplementary file (which may or may not contain the data) and writing to subfolder"
[1] "Mouse lungs collected 48 hour post intranasal infection"
[1] "48"
[1] "valid gsm... but no data in gsm data table! getting supplementary file (which may or may not contain the data) and writing to subfolder"
