[1] "normalized log2 ratio 635/532"
[1] "Wt M.tb"
[1] NA
[1] "espR mutant M.tb"
[1] NA
[1] "Complemented espR mutant M.tb"
[1] NA
[1] "Wt M.tb"
[1] NA
[1] "espR mutant M.tb"
[1] NA
[1] "Complemented espR mutant M.tb"
[1] NA
[1] "Wt M.tb"
[1] NA
[1] "espR mutant M.tb"
[1] NA
[1] "Complemented espR mutant M.tb"
[1] NA
[1] "espR mutant M.tb complemented with Flag-espR gene"
[1] NA
[1] "WT M.tb"
[1] NA
[1] "espR mutant M.tb"
[1] NA
[1] "espR mutant M.tb complemented with wild type espR gene"
[1] NA
[1] "espR mutant M.tb complemented with Flag-espR gene"
[1] NA
[1] "Complemented espR mutant M.tb strain R8A"
[1] NA
[1] "Complemented espR mutant M.tb strain R21A"
[1] NA
[1] "Complemented espR mutant M.tb strain delta10"
[1] NA
[1] "Complemented espR mutant M.tb strain delta5"
[1] NA
[1] "WT M.tb"
[1] NA
[1] "espR transposon mutant M.tb"
[1] NA
[1] "espR knockout M.tb"
[1] NA
[1] "WT M.tb"
[1] NA
[1] "espR transposon mutant M.tb"
[1] NA
[1] "espR knockout M.tb"
[1] NA
