[1] NA
[1] "Culture lysate"
[1] NA
[1] "Culture lysate"
[1] NA
[1] "Culture lysate"
[1] NA
[1] "Culture lysate"
[1] NA
[1] "Culture lysate"
[1] NA
[1] "Culture lysate"
[1] NA
[1] "Culture lysate"
[1] NA
[1] "Culture lysate"
[1] NA
[1] "Culture lysate"
[1] NA
[1] "Culture lysate"
[1] NA
[1] "Culture lysate"
[1] NA
[1] "Culture lysate"
[1] NA
[1] "Culture lysate"
[1] NA
[1] "Culture lysate"
[1] NA
[1] "Culture lysate"
[1] NA
[1] "Culture lysate"
[1] NA
[1] "Culture lysate"
[1] NA
[1] "Culture lysate"
[1] NA
[1] "Culture lysate"
[1] NA
[1] "Culture lysate"
[1] NA
[1] "Culture lysate"
[1] NA
[1] "Culture lysate"
[1] NA
[1] "Culture lysate"
[1] NA
[1] "Culture lysate"
[1] NA
[1] "Culture lysate"
[1] NA
[1] "Culture lysate"
[1] NA
[1] "Culture lysate"
[1] NA
[1] "Culture lysate"
[1] NA
[1] "Culture lysate"
[1] NA
[1] "Culture lysate"
[1] NA
[1] "Culture lysate"
[1] NA
[1] "Culture lysate"
[1] NA
[1] "Culture lysate"
[1] NA
[1] "Culture lysate"
[1] NA
[1] "Culture lysate"
[1] NA
[1] "Culture lysate"
[1] NA
