[1] NA
[1] "bacterial culture"
[1] NA
[1] "bacterial culture"
[1] NA
[1] "bacterial culture"
[1] NA
[1] "M. tuberculosis infected BMDMs"
[1] NA
[1] "M. tuberculosis infected BMDMs"
[1] NA
[1] "M. tuberculosis infected BMDMs"
[1] NA
[1] "BMDMs"
[1] NA
[1] "BMDMs"
[1] NA
[1] "BMDMs"
[1] NA
[1] "bacterial culture"
[1] NA
[1] "bacterial culture"
[1] NA
[1] "bacterial culture"
[1] NA
[1] "M. tuberculosis infected BMDMs"
[1] NA
[1] "M. tuberculosis infected BMDMs"
[1] NA
[1] "M. tuberculosis infected BMDMs"
[1] NA
[1] "BMDMs"
[1] NA
[1] "BMDMs"
[1] NA
[1] "BMDMs"
[1] NA
[1] "bacterial culture"
[1] NA
[1] "bacterial culture"
[1] NA
[1] "bacterial culture"
[1] NA
[1] "M. tuberculosis infected BMDMs"
[1] NA
[1] "M. tuberculosis infected BMDMs"
[1] NA
[1] "M. tuberculosis infected BMDMs"
[1] NA
[1] "BMDMs"
[1] NA
[1] "BMDMs"
[1] NA
[1] "BMDMs"
[1] NA
[1] "M. tuberculosis infected BMDMs"
[1] NA
[1] "M. tuberculosis infected BMDMs"
[1] NA
[1] "M. tuberculosis infected BMDMs"
[1] NA
[1] "M. tuberculosis infected BMDMs"
[1] NA
[1] "M. tuberculosis infected BMDMs"
[1] NA
[1] "M. tuberculosis infected BMDMs"
[1] NA
[1] "M. tuberculosis infected BMDMs"
[1] NA
[1] "M. tuberculosis infected BMDMs"
[1] NA
[1] "M. tuberculosis infected BMDMs"
[1] NA
