[1] NA
[1] "Planktonic bacterial cultures"
[1] NA
[1] "Planktonic bacterial cultures"
[1] NA
[1] "Planktonic bacterial cultures"
[1] NA
[1] "Planktonic bacterial cultures"
[1] NA
[1] "Planktonic bacterial cultures"
[1] NA
[1] "Planktonic bacterial cultures"
[1] NA
[1] "Planktonic bacterial cultures"
[1] NA
[1] "Planktonic bacterial cultures"
[1] NA
[1] "Planktonic bacterial cultures"
[1] NA
[1] "Planktonic bacterial cultures"
[1] NA
[1] "Planktonic bacterial cultures"
[1] NA
[1] "Planktonic bacterial cultures"
[1] NA
[1] "Planktonic bacterial cultures"
[1] NA
[1] "Planktonic bacterial cultures"
[1] NA
