[1] NA
[1] "H37Rv T4_RIF_0x_bacterial culture"
[1] NA
[1] "H37Rv T4_RIF_0x_bacterial culture"
[1] NA
[1] "H37Rv T4_RIF_0x_bacterial culture"
[1] NA
[1] "H37Rv T24_RIF_0x_bacterial culture"
[1] NA
[1] "H37Rv T24_RIF_0x_bacterial culture"
[1] NA
[1] "H37Rv T24_RIF_0x_bacterial culture"
[1] NA
[1] "H37Rv T72_RIF_0x_bacterial culture"
[1] NA
[1] "H37Rv T72_RIF_0x_bacterial culture"
[1] NA
[1] "H37Rv T72_RIF_0x_bacterial culture"
[1] NA
[1] "H37Rv T4_RIF_0.008_bacterial culture"
[1] NA
[1] "H37Rv T4_RIF_0.008_bacterial culture"
[1] NA
[1] "H37Rv T4_RIF_0.008_bacterial culture"
[1] NA
[1] "H37Rv T24_RIF_0.008_bacterial culture"
[1] NA
[1] "H37Rv T24_RIF_0.008_bacterial culture"
[1] NA
[1] "H37Rv T24_RIF_0.008_bacterial culture"
[1] NA
[1] "H37Rv T72_RIF_0.008_bacterial culture"
[1] NA
[1] "H37Rv T72_RIF_0.008_bacterial culture"
[1] NA
[1] "H37Rv T72_RIF_0.008_bacterial culture"
[1] NA
[1] "H37Rv T4_RIF_0.02_bacterial culture"
[1] NA
[1] "H37Rv T4_RIF_0.02_bacterial culture"
[1] NA
[1] "H37Rv T4_RIF_0.02_bacterial culture"
[1] NA
[1] "H37Rv T24_RIF_0.02_bacterial culture"
[1] NA
[1] "H37Rv T24_RIF_0.02_bacterial culture"
[1] NA
[1] "H37Rv T24_RIF_0.02_bacterial culture"
[1] NA
[1] "H37Rv T72_RIF_0.02_bacterial culture"
[1] NA
[1] "H37Rv T72_RIF_0.02_bacterial culture"
[1] NA
[1] "H37Rv T72_RIF_0.02_bacterial culture"
[1] NA
