[1] NA
[1] "pseudomonas aeruginosa"
[1] NA
[1] "pseudomonas aeruginosa"
[1] NA
[1] "pseudomonas aeruginosa"
[1] NA
[1] "pseudomonas aeruginosa"
[1] NA
[1] "pseudomonas aeruginosa"
[1] NA
[1] "pseudomonas aeruginosa"
[1] NA
[1] "pseudomonas aeruginosa"
[1] NA
[1] "pseudomonas aeruginosa"
[1] NA
[1] "pseudomonas aeruginosa"
[1] NA
[1] "pseudomonas aeruginosa"
[1] NA
[1] "pseudomonas aeruginosa"
[1] NA
[1] "pseudomonas aeruginosa"
[1] NA
[1] "pseudomonas aeruginosa"
[1] NA
[1] "pseudomonas aeruginosa"
[1] NA
[1] "pseudomonas aeruginosa"
[1] NA
[1] "pseudomonas aeruginosa"
[1] NA
