[1] "median normalized probes signal intensities"
[1] "wild-type grown in CDM early-log phase (OD 0,35)"
[1] NA
[1] "Δrr08 mutant grown in CDM early-log phase (OD 0,35)"
[1] NA
[1] "Δtcs08 mutant grown in CDM early-log phase (OD 0,35)"
[1] NA
[1] "wild-type grown in CDM early-log phase (OD 0,35)"
[1] NA
[1] "Δrr08 mutant grown in CDM early-log phase (OD 0,35)"
[1] NA
[1] "Δtcs08 mutant grown in CDM early-log phase (OD 0,35)"
[1] NA
[1] "wild-type grown in CDM early-log phase (OD 0,35)"
[1] NA
[1] "Δrr08 mutant grown in CDM early-log phase (OD 0,35)"
[1] NA
[1] "Δtcs08 mutant grown in CDM early-log phase (OD 0,35)"
[1] NA
[1] "Δhk08 mutant grown in CDM early-log phase (OD 0,35)"
[1] NA
[1] "Δhk08 mutant grown in CDM early-log phase (OD 0,35)"
[1] NA
[1] "Δhk08 mutant grown in CDM early-log phase (OD 0,35)"
[1] NA
