[1] NA
[1] "Antibiotic susceptible clinical isolate"
[1] NA
[1] "Antibiotic susceptible clinical isolate"
[1] NA
[1] "Antibiotic susceptible clinical isolate"
[1] NA
[1] "Antibiotic susceptible clinical isolate"
[1] NA
[1] "Multi-drug resistant clinical isolate"
[1] NA
[1] "Antibiotic susceptible clinical isolate"
[1] NA
[1] "Antibiotic susceptible clinical isolate"
[1] NA
[1] "Antibiotic susceptible clinical isolate"
[1] NA
[1] "Antibiotic susceptible clinical isolate"
[1] NA
[1] "Antibiotic susceptible clinical isolate"
[1] NA
[1] "Antibiotic susceptible clinical isolate"
[1] NA
[1] "Antibiotic susceptible clinical isolate"
[1] NA
[1] "Antibiotic susceptible clinical isolate"
[1] NA
[1] "Antibiotic susceptible clinical isolate"
[1] NA
[1] "Antibiotic susceptible clinical isolate"
[1] NA
[1] "Antibiotic susceptible clinical isolate"
[1] NA
[1] "Antibiotic susceptible clinical isolate"
[1] NA
[1] "E. coli strain from NEB"
[1] NA
[1] "An E. faecium human commensal isolate"
[1] NA
[1] "A P. aeruginosa pathogenic isolate"
[1] NA
[1] "A K. pneumoniae clinical isolate, susceptible to carbapenems, resistant to ciprofloxacin and gentamicin"
[1] NA
[1] "MGH66"
[1] NA
[1] "MGH66"
[1] NA
[1] "MGH66"
[1] NA
[1] "MGH66"
[1] NA
[1] "gfp.high"
[1] NA
[1] "gfp.low"
[1] NA
[1] "gfp.mid"
[1] NA
[1] "MGH66"
[1] NA
[1] "MGH66"
[1] NA
[1] "MGH66"
[1] NA
[1] "MGH66"
[1] NA
[1] "MGH66"
[1] NA
[1] "MGH66"
[1] NA
[1] "MGH66"
[1] NA
