[1] "normalized log2 ratio representing test/reference"
[1] "H37Rv∆thrA after 2 days of homoserine starvation"
[1] NA
[1] "H37Rv∆thrA after 2 days of homoserine starvation"
[1] NA
[1] "H37Rv∆thrA after 2 days of homoserine starvation"
[1] NA
[1] "H37Rv∆thrA after 2 days of homoserine starvation"
[1] NA
[1] "H37Rv∆thrA after 4 days of homoserine starvation"
[1] NA
[1] "H37Rv∆thrA after 4 days of homoserine starvation"
[1] NA
[1] "H37Rv∆thrA after 4 days of homoserine starvation"
[1] NA
[1] "H37Rv∆thrA after 4 days of homoserine starvation"
[1] NA
[1] "H37Rv∆thrA after 7 days of homoserine starvation"
[1] NA
[1] "H37Rv∆thrA after 7 days of homoserine starvation"
[1] NA
[1] "H37Rv∆thrA after 7 days of homoserine starvation"
[1] NA
[1] "H37Rv∆thrA after 7 days of homoserine starvation"
[1] NA
[1] "H37Rv∆thrB before threonine starvation"
[1] NA
[1] "H37Rv∆thrB before threonine starvation"
[1] NA
[1] "H37Rv∆thrB before threonine starvation"
[1] NA
[1] "H37Rv∆thrB after 1 day of threonine starvation"
[1] NA
[1] "H37Rv∆thrB after 1 day of threonine starvation"
[1] NA
[1] "H37Rv∆thrB after 1 day of threonine starvation"
[1] NA
[1] "H37Rv∆thrB after 2 days of threonine starvation"
[1] NA
[1] "H37Rv∆thrB after 2 days of threonine starvation"
[1] NA
