[1] NA
[1] "seedlings"
[1] NA
[1] "seedlings"
[1] NA
[1] "seedlings"
[1] NA
[1] "seedlings"
[1] NA
[1] "seedlings"
[1] NA
[1] "muscle"
[1] NA
[1] "muscle"
[1] NA
[1] "muscle"
[1] NA
[1] "muscle"
[1] NA
[1] "muscle"
[1] NA
[1] "muscle"
[1] NA
[1] "oocyte"
[1] NA
[1] "oocyte"
[1] NA
[1] "sperm"
[1] NA
[1] "sperm"
[1] NA
[1] "4-cell stage embryos"
[1] NA
[1] "4-cell stage embryos"
[1] NA
[1] "256-cell stage embryos"
[1] NA
[1] "256-cell stage embryos"
[1] NA
[1] "dome stage embryos"
[1] NA
[1] "dome stage embryos"
[1] NA
[1] "muscle"
[1] NA
[1] "muscle"
[1] NA
[1] "oocyte"
[1] NA
[1] "oocyte"
[1] NA
[1] "sperm"
[1] NA
[1] "sperm"
[1] NA
[1] "4-cell stage embryos"
[1] NA
[1] "4-cell stage embryos"
[1] NA
[1] "256-cell stage embryos"
[1] NA
[1] "256-cell stage embryos"
[1] NA
[1] "dome stage embryos"
[1] NA
[1] "dome stage embryos"
[1] NA
[1] "muscle"
[1] NA
[1] "muscle"
[1] NA
[1] "dome"
[1] NA
[1] "dome"
[1] NA
[1] "dome"
[1] NA
[1] "dome"
[1] NA
[1] "plasmid"
[1] NA
[1] "dome"
[1] NA
[1] "dome"
[1] NA
[1] "dome"
[1] NA
[1] "dome"
[1] NA
[1] "dome"
[1] NA
[1] "dome"
[1] NA
[1] "dome"
[1] NA
[1] "dome"
[1] NA
[1] "dome"
[1] NA
[1] "dome"
[1] NA
[1] "dome"
[1] NA
[1] "dome"
[1] NA
[1] "artificial R-loop"
[1] NA
[1] "artificial R-loop"
[1] NA
[1] "artificial R-loop"
[1] NA
[1] "artificial R-loop"
[1] NA
[1] "dome"
[1] NA
[1] "dome"
[1] NA
[1] "dome"
[1] NA
[1] "dome"
[1] NA
