Setting options('download.file.method.GEOquery'='auto')
Setting options('GEOquery.inmemory.gpl'=FALSE)
Loading required package: Biobase
Loading required package: BiocGenerics

Attaching package: 'BiocGenerics'

The following objects are masked from 'package:stats':

    IQR, mad, sd, var, xtabs

The following objects are masked from 'package:base':

    anyDuplicated, aperm, append, as.data.frame, basename, cbind,
    colnames, dirname, do.call, duplicated, eval, evalq, Filter, Find,
    get, grep, grepl, intersect, is.unsorted, lapply, Map, mapply,
    match, mget, order, paste, pmax, pmax.int, pmin, pmin.int,
    Position, rank, rbind, Reduce, rownames, sapply, setdiff, table,
    tapply, union, unique, unsplit, which.max, which.min

Welcome to Bioconductor

    Vignettes contain introductory material; view with
    'browseVignettes()'. To cite Bioconductor, see
    'citation("Biobase")', and for packages 'citation("pkgname")'.


Attaching package: 'fs'

The following object is masked from 'package:BiocGenerics':

    path

Using locally cached version of GSE135826 found here:
C:\Users\Rafael\repos\personal\geo_data_analysis\data/GSE135826/GSE135826.soft.gz 
Reading file....
Parsing....
Found 104 entities...
GPL18573 (1 of 105 entities)
GPL19756 (2 of 105 entities)
GPL27055 (3 of 105 entities)
GPL27057 (4 of 105 entities)
GPL27058 (5 of 105 entities)
GPL27059 (6 of 105 entities)
GPL27060 (7 of 105 entities)
GPL28196 (8 of 105 entities)
GSM4034810 (9 of 105 entities)
GSM4034811 (10 of 105 entities)
GSM4034812 (11 of 105 entities)
GSM4034813 (12 of 105 entities)
GSM4034814 (13 of 105 entities)
GSM4034815 (14 of 105 entities)
GSM4034816 (15 of 105 entities)
GSM4034817 (16 of 105 entities)
GSM4034818 (17 of 105 entities)
GSM4034819 (18 of 105 entities)
GSM4034820 (19 of 105 entities)
GSM4034821 (20 of 105 entities)
GSM4034822 (21 of 105 entities)
GSM4034823 (22 of 105 entities)
GSM4034824 (23 of 105 entities)
GSM4034825 (24 of 105 entities)
GSM4034826 (25 of 105 entities)
GSM4034827 (26 of 105 entities)
GSM4034828 (27 of 105 entities)
GSM4034829 (28 of 105 entities)
GSM4034830 (29 of 105 entities)
GSM4034831 (30 of 105 entities)
GSM4034832 (31 of 105 entities)
GSM4034833 (32 of 105 entities)
GSM4034834 (33 of 105 entities)
GSM4034835 (34 of 105 entities)
GSM4034836 (35 of 105 entities)
GSM4034837 (36 of 105 entities)
GSM4034838 (37 of 105 entities)
GSM4034839 (38 of 105 entities)
GSM4034840 (39 of 105 entities)
GSM4034841 (40 of 105 entities)
GSM4034842 (41 of 105 entities)
GSM4034843 (42 of 105 entities)
GSM4034844 (43 of 105 entities)
GSM4034845 (44 of 105 entities)
GSM4034846 (45 of 105 entities)
GSM4034847 (46 of 105 entities)
GSM4034848 (47 of 105 entities)
GSM4034849 (48 of 105 entities)
GSM4034850 (49 of 105 entities)
GSM4034851 (50 of 105 entities)
GSM4034852 (51 of 105 entities)
GSM4034853 (52 of 105 entities)
GSM4034854 (53 of 105 entities)
GSM4034855 (54 of 105 entities)
GSM4034856 (55 of 105 entities)
GSM4034857 (56 of 105 entities)
GSM4034858 (57 of 105 entities)
GSM4034859 (58 of 105 entities)
GSM4034860 (59 of 105 entities)
GSM4034861 (60 of 105 entities)
GSM4034862 (61 of 105 entities)
GSM4034863 (62 of 105 entities)
GSM4034864 (63 of 105 entities)
GSM4034865 (64 of 105 entities)
GSM4034866 (65 of 105 entities)
GSM4034867 (66 of 105 entities)
GSM4034868 (67 of 105 entities)
GSM4034869 (68 of 105 entities)
GSM4034870 (69 of 105 entities)
GSM4034871 (70 of 105 entities)
GSM4034872 (71 of 105 entities)
GSM4034873 (72 of 105 entities)
GSM4034874 (73 of 105 entities)
GSM4034877 (74 of 105 entities)
GSM4034878 (75 of 105 entities)
GSM4034879 (76 of 105 entities)
GSM4034880 (77 of 105 entities)
GSM4034881 (78 of 105 entities)
GSM4034882 (79 of 105 entities)
GSM4034883 (80 of 105 entities)
GSM4034884 (81 of 105 entities)
GSM4034885 (82 of 105 entities)
GSM4034886 (83 of 105 entities)
GSM4034887 (84 of 105 entities)
GSM4034888 (85 of 105 entities)
GSM4034889 (86 of 105 entities)
GSM4034890 (87 of 105 entities)
GSM4034891 (88 of 105 entities)
GSM4034892 (89 of 105 entities)
GSM4034893 (90 of 105 entities)
GSM4034894 (91 of 105 entities)
GSM4034895 (92 of 105 entities)
GSM4034896 (93 of 105 entities)
GSM4034897 (94 of 105 entities)
GSM4034898 (95 of 105 entities)
GSM4034899 (96 of 105 entities)
GSM4338524 (97 of 105 entities)
GSM4338525 (98 of 105 entities)
GSM4338526 (99 of 105 entities)
GSM4338527 (100 of 105 entities)
GSM4338528 (101 of 105 entities)
GSM4338529 (102 of 105 entities)
GSM4338530 (103 of 105 entities)
GSM4338531 (104 of 105 entities)
Error: invalid sample names; likely not time series
Execution halted
