[1] "log2 ratio of QUERY MEDIAN_INTENSITY/REF_MEDIAN_INTENSITY."
[1] "5328A"
[1] NA
[1] "BELUGAE"
[1] NA
[1] "E8"
[1] NA
[1] "WHOA"
[1] NA
[1] "2BNP"
[1] NA
[1] "56A"
[1] NA
[1] "12412"
[1] NA
[1] "1138"
[1] NA
[1] "ATCC3502"
[1] NA
[1] "B13"
[1] NA
[1] "C1"
[1] NA
[1] "Sporo6"
[1] NA
[1] "17B"
[1] NA
[1] "D2"
[1] NA
[1] "Sporo9"
[1] NA
[1] "F2"
[1] NA
[1] "4896A"
[1] NA
[1] "ALASKAE"
[1] NA
[1] "OSA"
[1] NA
[1] "Sporo1026"
[1] NA
[1] "E6"
[1] NA
[1] "SporoFOA"
[1] NA
[1] "PHLS12"
[1] NA
[1] "5328A"
[1] NA
[1] "SPORO4111"
[1] NA
[1] "A336"
[1] NA
[1] "E PM_15"
[1] NA
[1] "56A"
[1] NA
[1] "ChchA"
[1] NA
[1] "S5"
[1] NA
[1] "Sporo4439"
[1] NA
[1] "12412"
[1] NA
[1] "A4831"
[1] NA
[1] "CR1"
[1] NA
[1] "E7"
[1] NA
[1] "B13"
[1] NA
[1] "A3759"
[1] NA
[1] "5900b"
[1] NA
[1] "a4831"
[1] NA
[1] "10329"
[1] NA
[1] "Sporo3679"
[1] NA
[1] "C4"
[1] NA
[1] "28 2"
[1] NA
[1] "OKRAB"
[1] NA
[1] "C1"
[1] NA
[1] "SporoC"
[1] NA
[1] "14853"
[1] NA
[1] "SporoWR5"
[1] NA
[1] "12885"
[1] NA
[1] "13065"
[1] NA
[1] "g1"
[1] NA
[1] "A172"
[1] NA
[1] "SPORO3679"
[1] NA
[1] "14854"
[1] NA
[1] "D2"
[1] NA
[1] "SPORO4411"
[1] NA
[1] "A33"
[1] NA
[1] "S5 Strep"
[1] NA
[1] "F6"
[1] NA
[1] "169B"
[1] NA
[1] "Sporo59123"
[1] NA
[1] "LamannaB"
[1] NA
[1] "4431"
[1] NA
[1] "PHLS5"
[1] NA
[1] "BF1"
[1] NA
[1] "g89"
[1] NA
[1] "A3758"
[1] NA
[1] "PHLS8"
[1] NA
[1] "19AITO"
[1] NA
[1] "212B"
[1] NA
[1] "599a"
[1] NA
[1] "3281BF"
[1] NA
[1] "4206"
[1] NA
[1] "10426"
[1] NA
[1] "5311A"
[1] NA
[1] "14868"
[1] NA
[1] "HALLAH"
[1] NA
[1] "14910"
[1] NA
[1] "B7"
[1] NA
[1] "14860"
[1] NA
[1] "1158"
[1] NA
[1] "BF2"
[1] NA
[1] "A15"
[1] NA
[1] "G4"
[1] NA
[1] "E3745"
[1] NA
[1] "4434"
[1] NA
[1] "A4"
[1] NA
[1] "8411B"
[1] NA
[1] "8933E2"
[1] NA
[1] "G3"
[1] NA
[1] "10427"
[1] NA
[1] "A608"
[1] NA
[1] "ElPaso"
[1] NA
[1] "32B"
[1] NA
[1] "BSA"
[1] NA
[1] "6350"
[1] NA
[1] "PHLS11"
[1] NA
[1] "F5"
[1] NA
[1] "13983"
[1] NA
[1] "E3"
[1] NA
[1] "KAP5"
[1] NA
[1] "G87"
[1] NA
[1] "77A"
[1] NA
[1] "PHLS4"
[1] NA
[1] "1618"
[1] NA
[1] "14931"
[1] NA
[1] "4475"
[1] NA
[1] "PHLS7"
[1] NA
[1] "F8"
[1] NA
[1] "558"
[1] NA
[1] "A14"
[1] NA
[1] "PHLS6"
[1] NA
[1] "buty1020"
[1] NA
[1] "A69"
[1] NA
[1] "Strain is E2"
[1] NA
[1] "BetE"
[1] NA
[1] "62A"
[1] NA
[1] "53B"
[1] NA
[1] "E5"
[1] NA
[1] "14939"
[1] NA
[1] "LangelanF"
[1] NA
[1] "E7811"
[1] NA
[1] "A172"
[1] NA
[1] "NCTC"
[1] NA
[1] "BF3"
[1] NA
[1] "F10"
[1] NA
[1] "PHLS9"
[1] NA
[1] "00032"
[1] NA
[1] "KAP2"
[1] NA
[1] "8718A"
[1] NA
[1] "AF84sc2"
[1] NA
[1] "67B"
[1] NA
[1] "TypeE2"
[1] NA
[1] "213B"
[1] NA
[1] "14941"
[1] NA
[1] "14843"
[1] NA
[1] "A661222"
[1] NA
[1] "A207"
[1] NA
[1] "BP3"
[1] NA
[1] "F13"
[1] NA
[1] "2B"
[1] NA
[1] "4B"
[1] NA
[1] "F1"
[1] NA
[1] "AF84"
[1] NA
[1] "F9"
[1] NA
[1] "KAP8"
[1] NA
[1] "MCA051"
[1] NA
[1] "QC"
[1] NA
[1] "14863"
[1] NA
[1] "CDCA13"
[1] NA
[1] "E9"
[1] NA
[1] "HAM"
[1] NA
[1] "7826A"
[1] NA
[1] "A13S"
[1] NA
[1] "CDCA3"
[1] NA
[1] "HONEYA"
[1] NA
