[1] NA
[1] "RNAP beta subunit ChIP DNA from E. coli CC72 at early-exponential phase"
[1] NA
[1] "RNAP beta subunit ChIP DNA from E. coli CC72 at early-exponential phase"
[1] NA
[1] "RNAP beta subunit ChIP DNA from E. coli CC72 10 min after osmotic stress"
[1] "10"
[1] "valid gsm... but no data in gsm data table! getting supplementary file (which may or may not contain the data) and writing to subfolder"
[1] "RNAP beta subunit ChIP DNA from E. coli CC72 10 min after osmotic stress"
[1] "10"
[1] "valid gsm... but no data in gsm data table! getting supplementary file (which may or may not contain the data) and writing to subfolder"
[1] "RNAP beta subunit ChIP DNA from E. coli CC72 10 min after osmotic stress"
[1] "10"
[1] "valid gsm... but no data in gsm data table! getting supplementary file (which may or may not contain the data) and writing to subfolder"
[1] "RNAP beta subunit ChIP DNA from E. coli CC72 20 min after osmotic stress"
[1] "20"
[1] "valid gsm... but no data in gsm data table! getting supplementary file (which may or may not contain the data) and writing to subfolder"
[1] "RNAP beta subunit ChIP DNA from E. coli CC72 20 min after osmotic stress"
[1] "20"
[1] "valid gsm... but no data in gsm data table! getting supplementary file (which may or may not contain the data) and writing to subfolder"
[1] "RNAP beta subunit ChIP DNA from E. coli CC72 20 min after osmotic stress"
[1] "20"
[1] "valid gsm... but no data in gsm data table! getting supplementary file (which may or may not contain the data) and writing to subfolder"
[1] "RNAP beta subunit ChIP DNA from E. coli CC72 45 min after osmotic stress"
[1] "45"
[1] "valid gsm... but no data in gsm data table! getting supplementary file (which may or may not contain the data) and writing to subfolder"
[1] "RNAP beta subunit ChIP DNA from E. coli CC72 45 min after osmotic stress"
[1] "45"
[1] "valid gsm... but no data in gsm data table! getting supplementary file (which may or may not contain the data) and writing to subfolder"
[1] "RNAP beta subunit ChIP DNA from E. coli CC72 45 min after osmotic stress"
[1] "45"
[1] "valid gsm... but no data in gsm data table! getting supplementary file (which may or may not contain the data) and writing to subfolder"
