[1] "dChip normalized signal intensity"
[1] "aerobic growth of appY knock-out strain on M9 media with glucose"
[1] NA
[1] "aerobic growth of appY knock-out strain on M9 media with glucose"
[1] NA
[1] "aerobic growth of appY knock-out strain on M9 media with glucose"
[1] NA
[1] "aerobic growth of arcA knock-out strain on M9 media with glucose"
[1] NA
[1] "aerobic growth of arcA knock-out strain on M9 media with glucose"
[1] NA
[1] "aerobic growth of arcA knock-out strain on M9 media with glucose"
[1] NA
[1] "aerobic growth of arcA/fnr double knock-out strain on M9 media with glucose"
[1] NA
[1] "aerobic growth of arcA/fnr double knock-out strain on M9 media with glucose"
[1] NA
[1] "aerobic growth of arcA/fnr double knock-out strain on M9 media with glucose"
[1] NA
[1] "aerobic growth of fnr knock-out strain on M9 media with glucose"
[1] NA
[1] "aerobic growth of fnr knock-out strain on M9 media with glucose"
[1] NA
[1] "aerobic growth of fnr knock-out strain on M9 media with glucose"
[1] NA
[1] "aerobic growth of oxyR knock-out strain on M9 media with glucose"
[1] NA
[1] "aerobic growth of oxyR knock-out strain on M9 media with glucose"
[1] NA
[1] "aerobic growth of oxyR knock-out strain on M9 media with glucose"
[1] NA
[1] "aerobic growth of soxS knock-out strain on M9 media with glucose"
[1] NA
[1] "aerobic growth of soxS knock-out strain on M9 media with glucose"
[1] NA
[1] "aerobic growth of soxS knock-out strain on M9 media with glucose"
[1] NA
[1] "aerobic growth of wild-type strain on M9 media with glucose (reference)"
[1] NA
[1] "aerobic growth of wild-type strain on M9 media with glucose (reference)"
[1] NA
[1] "aerobic growth of wild-type strain on M9 media with glucose (reference)"
[1] NA
