[1] "normalized signal intensity"
[1] "E. coli DH10B native cells"
[1] NA
[1] "Haemophilus influenzae native cells"
[1] NA
[1] "Pseudomonas aeruginosa native cells"
[1] NA
[1] "E. coli DH10B transformed with H. influenzae clone Q"
[1] NA
[1] "E. coli DH10B transformed with H. influenzae clone S"
[1] NA
[1] "E. coli DH10B transformed with P. aeruginosa clone E4"
[1] NA
[1] "E. coli DH10B transformed with P. aeruginosa clone E5"
[1] NA
[1] "E. coli DH10B transformed with P. aeruginosa clone E6"
[1] NA
[1] "E. coli DH10B transformed with all H.influenzae clones from a BAC tiling path"
[1] NA
[1] "E. coli DH10B transformed with Human clone P8"
[1] NA
