[1] "log ratio of PRE VALUE"
[1] "experiment"
[1] NA
[1] "experiment"
[1] NA
[1] "experiment"
[1] NA
[1] "experiment"
[1] NA
[1] "experiment"
[1] NA
[1] "experiment"
[1] NA
[1] "experiment"
[1] NA
[1] "experiment"
[1] NA
[1] "experiment"
[1] NA
[1] "experiment"
[1] NA
[1] "experiment"
[1] NA
[1] "experiment"
[1] NA
[1] "experiment"
[1] NA
[1] "experiment"
[1] NA
[1] "experiment"
[1] NA
[1] "experiment"
[1] NA
[1] "experiment"
[1] NA
[1] "experiment"
[1] NA
[1] "experiment"
[1] NA
[1] "experiment"
[1] NA
[1] "experiment"
[1] NA
[1] "experiment"
[1] NA
[1] "experiment"
[1] NA
[1] "experiment"
[1] NA
