[1] "Background corrected data \"SIGNAL RAW-(BKD_RAW+2*BKDstd), BKDstd - Background Stdev\""
[1] "S. pneumoniae cell culture"
[1] NA
[1] "S. pneumoniae cell culture"
[1] NA
[1] "S. pneumoniae cell culture"
[1] NA
[1] "S. pneumoniae cell culture"
[1] NA
[1] "L. garvieae cell culture"
[1] NA
[1] "L. garvieae cell culture"
[1] NA
[1] "L. garvieae cell culture"
[1] NA
[1] "L. garvieae cell culture"
[1] NA
[1] "S. pneumoniae cell culture"
[1] NA
[1] "S. pneumoniae cell culture"
[1] NA
[1] "L. lactis cell culture"
[1] NA
[1] "L. lactis cell culture"
[1] NA
[1] "L. lactis cell culture"
[1] NA
[1] "S. pneumoniae cell culture"
[1] NA
[1] "L. lactis cell culture"
[1] NA
[1] "S. pneumoniae cell culture"
[1] NA
[1] "L. lactis cell culture"
[1] NA
[1] "L. garvieae cell culture"
[1] NA
[1] "L. lactis cell culture"
[1] NA
[1] "L. garvieae cell culture"
[1] NA
[1] "L. lactis cell culture"
[1] NA
[1] "L. garvieae cell culture"
[1] NA
[1] "L. lactis cell culture"
[1] NA
[1] "L. garvieae cell culture"
[1] NA
[1] "L. lactis cell culture"
[1] NA
[1] "L. garvieae cell culture"
[1] NA
[1] "L. lactis cell culture"
[1] NA
[1] "L. garvieae cell culture"
[1] NA
[1] "L. lactis cell culture"
[1] NA
[1] "L. garvieae cell culture"
[1] NA
[1] "L. lactis cell culture"
[1] NA
[1] "Lactococcus garvieae"
[1] NA
