[1] "log ratio (log2 of PRE VALUE)"
[1] "wild type (strain PY79)"
[1] NA
[1] "gerE mutant (strain PE454)"
[1] NA
[1] "wild type (strain PY79)"
[1] NA
[1] "wild type (PY79 strain)"
[1] NA
[1] "gerE mutant (PE454)"
[1] NA
[1] "wild type (strain PY79)"
[1] NA
[1] "sigmaK mutant (strain PE455)"
[1] NA
[1] "sigmaK+ (PE454)"
[1] NA
[1] "sigmaK+ (PE454)"
[1] NA
[1] "spoIIID+ (strain PE452)"
[1] NA
[1] "spoIIID mutant (strain PE456)"
[1] NA
[1] "spoIIID+ (strain PE456)"
[1] NA
[1] "gerR+ (strain PE454)"
[1] NA
[1] "gerR+ (strain PE454)"
[1] NA
[1] "gerR+ (strain PE454)"
[1] NA
