[1] "Normalized signal intensity with dchip."
[1] "attachment process during biofilm formation in MOPS media with 0.2% glucose"
[1] NA
[1] "attachment process during biofilm formation in MOPS media with 0.2% glucose"
[1] NA
[1] "attachment process during biofilm formation in MOPS media with 0.2% glucose"
[1] NA
[1] "colony formation process during biofilm formation in MOPS media with 0.2% glucose"
[1] NA
[1] "colony formation process during biofilm formation in MOPS media with 0.2% glucose"
[1] NA
[1] "colony formation process during biofilm formation in MOPS media with 0.2% glucose"
[1] NA
[1] "planktonic exponential phase in MOPS media with 0.2% glucose"
[1] NA
[1] "planktonic exponential phase in MOPS media with 0.2% glucose"
[1] NA
[1] "planktonic exponential phase in MOPS media with 0.2% glucose"
[1] NA
[1] "maturation process during biofilm formation in MOPS media with 0.2% glucose"
[1] NA
[1] "maturation process during biofilm formation in MOPS media with 0.2% glucose"
[1] NA
[1] "maturation process during biofilm formation in MOPS media with 0.2% glucose"
[1] NA
[1] "planktonic stationary phase in MOPS media with 0.2% glucose"
[1] NA
[1] "planktonic stationary phase in MOPS media with 0.2% glucose"
[1] NA
[1] "planktonic stationary phase in MOPS media with 0.2% glucose"
[1] NA
