[1] NA
[1] "Wild-type strain without zinc treatment  rep1"
[1] NA
[1] "Wild-type strain without zinc treatment  rep2"
[1] NA
[1] "Wild-type strain without zinc treatment  rep3"
[1] NA
[1] "Wild-type strain zinc treatment rep1"
[1] NA
[1] "Wild-type strain zinc treatment rep2"
[1] NA
[1] "Wild-type strain zinc treatment rep3"
[1] NA
[1] "CmtR-deleted strain without zinc treatment  rep1"
[1] NA
[1] "CmtR-deleted strain without zinc treatment  rep2"
[1] NA
[1] "CmtR-deleted strain without zinc treatment  rep3"
[1] NA
[1] "CmtR-deleted strain zinc treatment rep1"
[1] NA
[1] "CmtR-deleted strain zinc treatment rep2"
[1] NA
[1] "CmtR-deleted strain zinc treatment rep3"
[1] NA
