[1] NA
[1] "H37Rv Mycobacterium tuberculosis"
[1] NA
[1] "H37Rv Mycobacterium tuberculosis"
[1] NA
[1] "H37Rv Mycobacterium tuberculosis"
[1] NA
[1] "H37Rv Mycobacterium tuberculosis"
[1] NA
[1] "H37Rv Mycobacterium tuberculosis"
[1] NA
[1] "H37Rv Mycobacterium tuberculosis"
[1] NA
[1] "H37Rv Mycobacterium tuberculosis"
[1] NA
[1] "H37Rv Mycobacterium tuberculosis"
[1] NA
[1] "H37Rv Mycobacterium tuberculosis"
[1] NA
[1] "H37Rv Mycobacterium tuberculosis"
[1] NA
[1] "H37Rv Mycobacterium tuberculosis"
[1] NA
[1] "H37Rv Mycobacterium tuberculosis"
[1] NA
[1] "H37Rv Mycobacterium tuberculosis"
[1] NA
[1] "H37Rv Mycobacterium tuberculosis"
[1] NA
[1] "H37Rv Mycobacterium tuberculosis"
[1] NA
[1] "H37Rv Mycobacterium tuberculosis"
[1] NA
[1] "H37Rv Mycobacterium tuberculosis"
[1] NA
[1] "H37Rv Mycobacterium tuberculosis"
[1] NA
[1] "H37Rv Mycobacterium tuberculosis"
[1] NA
[1] "H37Rv Mycobacterium tuberculosis"
[1] NA
[1] "H37Rv Mycobacterium tuberculosis"
[1] NA
[1] "H37Rv Mycobacterium tuberculosis"
[1] NA
[1] "H37Rv Mycobacterium tuberculosis"
[1] NA
[1] "H37Rv Mycobacterium tuberculosis"
[1] NA
[1] "H37Rv Mycobacterium tuberculosis"
[1] NA
[1] "H37Rv Mycobacterium tuberculosis"
[1] NA
[1] "H37Rv Mycobacterium tuberculosis"
[1] NA
[1] "H37Rv Mycobacterium tuberculosis"
[1] NA
[1] "H37Rv Mycobacterium tuberculosis"
[1] NA
[1] "H37Rv Mycobacterium tuberculosis"
[1] NA
[1] "H37Rv Mycobacterium tuberculosis"
[1] NA
[1] "H37Rv Mycobacterium tuberculosis"
[1] NA
[1] "H37Rv Mycobacterium tuberculosis"
[1] NA
[1] "H37Rv Mycobacterium tuberculosis"
[1] NA
[1] "H37Rv Mycobacterium tuberculosis"
[1] NA
[1] "H37Rv Mycobacterium tuberculosis"
[1] NA
[1] "H37Rv Mycobacterium tuberculosis"
[1] NA
[1] "H37Rv Mycobacterium tuberculosis"
[1] NA
[1] "H37Rv Mycobacterium tuberculosis"
[1] NA
[1] "H37Rv Mycobacterium tuberculosis"
[1] NA
[1] "H37Rv Mycobacterium tuberculosis"
[1] NA
[1] "H37Rv Mycobacterium tuberculosis"
[1] NA
[1] "H37Rv Mycobacterium tuberculosis"
[1] NA
[1] "H37Rv Mycobacterium tuberculosis"
[1] NA
[1] "H37Rv Mycobacterium tuberculosis"
[1] NA
[1] "H37Rv Mycobacterium tuberculosis"
[1] NA
[1] "H37Rv Mycobacterium tuberculosis"
[1] NA
[1] "H37Rv Mycobacterium tuberculosis"
[1] NA
[1] "H37Rv Mycobacterium tuberculosis"
[1] NA
[1] "H37Rv Mycobacterium tuberculosis"
[1] NA
[1] "H37Rv Mycobacterium tuberculosis"
[1] NA
[1] "H37Rv Mycobacterium tuberculosis"
[1] NA
[1] "H37Rv Mycobacterium tuberculosis"
[1] NA
[1] "H37Rv Mycobacterium tuberculosis"
[1] NA
[1] "H37Rv Mycobacterium tuberculosis"
[1] NA
[1] "H37Rv Mycobacterium tuberculosis"
[1] NA
[1] "H37Rv Mycobacterium tuberculosis"
[1] NA
[1] "H37Rv Mycobacterium tuberculosis"
[1] NA
[1] "H37Rv Mycobacterium tuberculosis"
[1] NA
[1] "H37Rv Mycobacterium tuberculosis"
[1] NA
[1] "H37Rv Mycobacterium tuberculosis"
[1] NA
[1] "H37Rv Mycobacterium tuberculosis"
[1] NA
[1] "H37Rv Mycobacterium tuberculosis"
[1] NA
[1] "H37Rv Mycobacterium tuberculosis"
[1] NA
[1] "H37Rv Mycobacterium tuberculosis"
[1] NA
[1] "H37Rv Mycobacterium tuberculosis"
[1] NA
[1] "H37Rv Mycobacterium tuberculosis"
[1] NA
[1] "H37Rv Mycobacterium tuberculosis"
[1] NA
[1] "H37Rv Mycobacterium tuberculosis"
[1] NA
[1] "H37Rv Mycobacterium tuberculosis"
[1] NA
[1] "H37Rv Mycobacterium tuberculosis"
[1] NA
[1] "H37Rv Mycobacterium tuberculosis"
[1] NA
[1] "H37Rv Mycobacterium tuberculosis"
[1] NA
[1] "H37Rv Mycobacterium tuberculosis"
[1] NA
[1] "H37Rv Mycobacterium tuberculosis"
[1] NA
[1] "H37Rv Mycobacterium tuberculosis"
[1] NA
[1] "H37Rv Mycobacterium tuberculosis"
[1] NA
[1] "H37Rv Mycobacterium tuberculosis"
[1] NA
[1] "H37Rv Mycobacterium tuberculosis"
[1] NA
[1] "H37Rv Mycobacterium tuberculosis"
[1] NA
[1] "H37Rv Mycobacterium tuberculosis"
[1] NA
[1] "H37Rv Mycobacterium tuberculosis"
[1] NA
[1] "H37Rv Mycobacterium tuberculosis"
[1] NA
[1] "H37Rv Mycobacterium tuberculosis"
[1] NA
[1] "H37Rv Mycobacterium tuberculosis"
[1] NA
[1] "H37Rv Mycobacterium tuberculosis"
[1] NA
[1] "H37Rv Mycobacterium tuberculosis"
[1] NA
[1] "H37Rv Mycobacterium tuberculosis"
[1] NA
[1] "H37Rv Mycobacterium tuberculosis"
[1] NA
[1] "H37Rv Mycobacterium tuberculosis"
[1] NA
[1] "H37Rv Mycobacterium tuberculosis"
[1] NA
[1] "H37Rv Mycobacterium tuberculosis"
[1] NA
[1] "H37Rv Mycobacterium tuberculosis"
[1] NA
[1] "H37Rv Mycobacterium tuberculosis"
[1] NA
[1] "H37Rv Mycobacterium tuberculosis"
[1] NA
[1] "H37Rv Mycobacterium tuberculosis"
[1] NA
[1] "H37Rv Mycobacterium tuberculosis"
[1] NA
[1] "H37Rv Mycobacterium tuberculosis"
[1] NA
[1] "H37Rv Mycobacterium tuberculosis"
[1] NA
[1] "H37Rv Mycobacterium tuberculosis"
[1] NA
[1] "H37Rv Mycobacterium tuberculosis"
[1] NA
[1] "H37Rv Mycobacterium tuberculosis"
[1] NA
[1] "H37Rv Mycobacterium tuberculosis"
[1] NA
[1] "H37Rv Mycobacterium tuberculosis"
[1] NA
[1] "H37Rv Mycobacterium tuberculosis"
[1] NA
[1] "H37Rv Mycobacterium tuberculosis"
[1] NA
[1] "H37Rv Mycobacterium tuberculosis"
[1] NA
[1] "H37Rv Mycobacterium tuberculosis"
[1] NA
[1] "H37Rv Mycobacterium tuberculosis"
[1] NA
[1] "H37Rv Mycobacterium tuberculosis"
[1] NA
[1] "H37Rv Mycobacterium tuberculosis"
[1] NA
[1] "H37Rv Mycobacterium tuberculosis"
[1] NA
[1] "H37Rv Mycobacterium tuberculosis"
[1] NA
[1] "H37Rv Mycobacterium tuberculosis"
[1] NA
[1] "H37Rv Mycobacterium tuberculosis"
[1] NA
[1] "H37Rv Mycobacterium tuberculosis"
[1] NA
[1] "H37Rv Mycobacterium tuberculosis"
[1] NA
[1] "H37Rv Mycobacterium tuberculosis"
[1] NA
[1] "H37Rv Mycobacterium tuberculosis"
[1] NA
[1] "H37Rv Mycobacterium tuberculosis"
[1] NA
[1] "H37Rv Mycobacterium tuberculosis"
[1] NA
[1] "H37Rv Mycobacterium tuberculosis"
[1] NA
[1] "H37Rv 20CLA_D0"
[1] NA
[1] "H37Rv 20CLA_D0"
[1] NA
[1] "H37Rv 20CLA_D0"
[1] NA
[1] "H37Rv 0CLA_D0"
[1] NA
[1] "H37Rv 0CLA_D0"
[1] NA
[1] "H37Rv 0CLA_D0"
[1] NA
[1] "H37Rv 20CLA_D1"
[1] NA
[1] "H37Rv 20CLA_D1"
[1] NA
[1] "H37Rv 20CLA_D1"
[1] NA
[1] "H37Rv 0CLA_D1"
[1] NA
[1] "H37Rv 0CLA_D1"
[1] NA
[1] "H37Rv 0CLA_D1"
[1] NA
[1] "H37Rv 0.1P218_D1"
[1] NA
[1] "H37Rv 0.1P218_D1"
[1] NA
[1] "H37Rv 0.1P218_D1"
[1] NA
[1] "H37Rv 0.1P218_D1"
[1] NA
[1] "H37Rv 0P218_D1"
[1] NA
[1] "H37Rv 0P218_D1"
[1] NA
[1] "H37Rv 0P218_D1"
[1] NA
[1] "H37Rv 0P218_D1"
[1] NA
[1] "H37Rv 0.1P218_D0"
[1] NA
[1] "H37Rv 0.1P218_D0"
[1] NA
[1] "H37Rv 0.1P218_D0"
[1] NA
[1] "H37Rv 0.1P218_D0"
[1] NA
[1] "H37Rv 0P218_D0"
[1] NA
[1] "H37Rv 0P218_D0"
[1] NA
[1] "H37Rv 0P218_D0"
[1] NA
[1] "H37Rv 0P218_D0"
[1] NA
[1] "H37Rv 0BTZ043_D0"
[1] NA
[1] "H37Rv 0BTZ043_D0"
[1] NA
[1] "H37Rv 0BTZ043_D0"
[1] NA
[1] "H37Rv 0.006BTZ043_D0"
[1] NA
[1] "H37Rv 0.006BTZ043_D0"
[1] NA
[1] "H37Rv 0.006BTZ043_D0"
[1] NA
[1] "H37Rv 0BTZ043_D1"
[1] NA
[1] "H37Rv 0BTZ043_D1"
[1] NA
[1] "H37Rv 0BTZ043_D1"
[1] NA
[1] "H37Rv 0BTZ043_D1"
[1] NA
[1] "H37Rv 0.006BTZ043_D1"
[1] NA
[1] "H37Rv 0.006BTZ043_D1"
[1] NA
[1] "H37Rv 0.006BTZ043_D1"
[1] NA
[1] "H37Rv 0.006BTZ043_D1"
[1] NA
