[1] NA
[1] "Purified Ribosomes"
[1] NA
[1] "Purified Ribosomes"
[1] NA
[1] "Purified Ribosomes"
[1] NA
[1] "Purified Ribosomes"
[1] NA
[1] "Purified Ribosomes"
[1] NA
[1] "Purified Ribosomes"
[1] NA
[1] "Purified Ribosomes"
[1] NA
[1] "Purified Ribosomes"
[1] NA
[1] "Purified Ribosomes"
[1] NA
[1] "Purified Ribosomes"
[1] NA
[1] "Purified Ribosomes"
[1] NA
[1] "Purified Ribosomes"
[1] NA
[1] "Purified Ribosomes"
[1] NA
[1] "Purified Ribosomes"
[1] NA
[1] "Purified Ribosomes"
[1] NA
[1] "Purified Ribosomes"
[1] NA
[1] "Purified Ribosomes"
[1] NA
[1] "Purified Ribosomes"
[1] NA
[1] "Purified Ribosomes"
[1] NA
[1] "Purified Ribosomes"
[1] NA
[1] "Purified Ribosomes"
[1] NA
[1] "Purified Ribosomes"
[1] NA
[1] "Purified Ribosomes"
[1] NA
[1] "Purified Ribosomes"
[1] NA
[1] "Purified Ribosomes"
[1] NA
[1] "K562 cells"
[1] NA
[1] "K562 cells"
[1] NA
[1] "K562 cells"
[1] NA
[1] "K562 cells"
[1] NA
[1] "Purified Ribosomes"
[1] NA
[1] "Purified Ribosomes"
[1] NA
[1] "Purified Ribosomes"
[1] NA
[1] "Purified Ribosomes"
[1] NA
[1] "Purified Ribosomes"
[1] NA
[1] "Purified Ribosomes"
[1] NA
[1] "Purified Ribosomes"
[1] NA
[1] "Purified Ribosomes"
[1] NA
