[1] NA
[1] "WT Mtb H37Rv Redox stress"
[1] NA
[1] "WT Mtb H37Rv Redox stress"
[1] NA
[1] "WT Mtb H37Rv Normal condition"
[1] NA
[1] "WT Mtb H37Rv Normal condition"
[1] NA
[1] "∆phoP Mtb H37Rv Redox stress"
[1] NA
[1] "∆phoP Mtb H37Rv Redox stress"
[1] NA
[1] "∆phoP Mtb H37Rv Normal condition"
[1] NA
[1] "∆phoP Mtb H37Rv Normal condition"
[1] NA
[1] "∆sigH Mtb H37Rv Redox stress"
[1] NA
[1] "∆sigH Mtb H37Rv Redox stress"
[1] NA
[1] "∆sigH Mtb H37Rv Normal condition"
[1] NA
[1] "∆sigH Mtb H37Rv Normal condition"
[1] NA
