[1] "Normalised natural log of ratio test/reference"
[1] "WT MEP_B1T1"
[1] NA
[1] "WT MEP_B1T2"
[1] NA
[1] "WT MEP_B2T1"
[1] NA
[1] "WT MEP_B2T2"
[1] NA
[1] "StpA MEP_B1T1"
[1] NA
[1] "StpA MEP_B1T2"
[1] NA
[1] "StpA MEP_B2T1"
[1] NA
[1] "StpA MEP_B2T2"
[1] NA
[1] "StpA LEP_B1T1"
[1] NA
[1] "StpA LEP_B1T2"
[1] NA
[1] "StpA LEP_B2T1"
[1] NA
[1] "StpA LEP_B2T2"
[1] NA
[1] "WT LEP_B1T1"
[1] NA
[1] "WT LEP_B1T2"
[1] NA
[1] "WT LEP_B2T1"
[1] NA
[1] "WT LEP_B2T2"
[1] NA
[1] "WT MEP_BR1"
[1] NA
[1] "WT MEP_BR2"
[1] NA
[1] "WT MEP_BR3"
[1] NA
[1] "StpA MEP_BR1"
[1] NA
[1] "StpA MEP_BR2"
[1] NA
[1] "StpA MEP_BR3"
[1] NA
[1] "RpoS MEP_BR1"
[1] NA
[1] "RpoS MEP_BR2"
[1] NA
[1] "RpoS MEP_BR3"
[1] NA
[1] "StpARpoS MEP_BR1"
[1] NA
[1] "StpARpoS MEP_BR2"
[1] NA
[1] "StpARpoS MEP_BR3"
[1] NA
[1] "StpA EEP_BR1"
[1] NA
[1] "StpA EEP_BR2"
[1] NA
[1] "StpA EEP_BR3"
[1] NA
[1] "StpA Stat_BR1"
[1] NA
[1] "StpA Stat_BR2"
[1] NA
[1] "StpA Stat_BR3"
[1] NA
[1] "WT EEP_BR1"
[1] NA
[1] "WT EEP_BR2"
[1] NA
[1] "WT EEP_BR3"
[1] NA
[1] "WT Stat_BR1"
[1] NA
[1] "WT Stat_BR2"
[1] NA
[1] "WT Stat_BR3"
[1] NA
