[1] "log ratio (ch2/ch1) intensity value normalized with print-tip LOESS"
[1] "Mycobacterium tuberculosis H37Rv culture untreated"
[1] NA
[1] "H37Rv vancomycin treated culture"
[1] NA
[1] "H37Rv vancomycin treated culture"
[1] NA
[1] "H37Rv untreated culture"
[1] NA
[1] "H37Rv untreated culture"
[1] NA
[1] "H37Rv untreated culture"
[1] NA
[1] "H37Rv vancomycin treated culture"
[1] NA
[1] "H37Rv vancomycin treated culture"
[1] NA
[1] "H37Rv vancomycin treated culture"
[1] NA
[1] "H37Rv vancomycin treated culture"
[1] NA
[1] "H37Rv untreated culture"
[1] NA
[1] "H37Rv untreated culture"
[1] NA
