[1] NA
[1] "clinical isolate"
[1] NA
[1] "clinical isolate"
[1] NA
[1] "Revertant \"a\" from parental strain SCV24"
[1] NA
[1] "Revertant \"a\" from parental strain SCV24"
[1] NA
[1] "Revertant \"b\" from parental strain SCV24"
[1] NA
[1] "Revertant \"b\" from parental strain SCV24"
[1] NA
[1] "clinical isolate"
[1] NA
[1] "clinical isolate"
[1] NA
[1] "SCV24 passage1 1"
[1] NA
[1] "SCV24 passage1 2"
[1] NA
[1] "SCV24 passage2 1"
[1] NA
[1] "SCV24 passage2 2"
[1] NA
[1] "SCV24 passage3 1"
[1] NA
[1] "SCV24 passage3 2"
[1] NA
[1] "SCV24 passage4 1"
[1] NA
[1] "SCV24 passage4 2"
[1] NA
[1] "SCV24 passage5 1"
[1] NA
[1] "SCV24 passage5 2"
[1] NA
[1] "SCV24 passage6 1"
[1] NA
[1] "SCV24 passage6 2"
[1] NA
[1] "SCV24 passage7 1"
[1] NA
[1] "SCV24 passage7 2"
[1] NA
