[1] "Normalized average relative ratio intensity (Cy5/Cy3)"
[1] "Eureka"
[1] NA
[1] "Eureka"
[1] NA
[1] "Eureka"
[1] NA
[1] "Eureka"
[1] NA
[1] "Eureka"
[1] NA
[1] "Eureka"
[1] NA
[1] "Eureka"
[1] NA
[1] "Eureka"
[1] NA
[1] "Eureka"
[1] NA
[1] "Eureka"
[1] NA
[1] "Eureka"
[1] NA
[1] "Eureka"
[1] NA
[1] "Eureka"
[1] NA
[1] "Eureka"
[1] NA
[1] "Eureka"
[1] NA
[1] "Eureka"
[1] NA
[1] "Eureka"
[1] NA
[1] "Eureka"
[1] NA
[1] "Eureka"
[1] NA
[1] "Eureka"
[1] NA
[1] "Alert"
[1] NA
[1] "Alert"
[1] NA
[1] "Alert"
[1] NA
[1] "Alert"
[1] NA
[1] "Alert"
[1] NA
[1] "Alert"
[1] NA
[1] "Alert"
[1] NA
[1] "Alert"
[1] NA
[1] "Alert"
[1] NA
[1] "Alert"
[1] NA
[1] "Alert"
[1] NA
[1] "Alert"
[1] NA
[1] "Alert"
[1] NA
[1] "Alert"
[1] NA
[1] "Alert"
[1] NA
[1] "Alert"
[1] NA
[1] "Alert"
[1] NA
[1] "Alert"
[1] NA
[1] "Eureka"
[1] NA
[1] "Eureka"
[1] NA
[1] "Eureka"
[1] NA
[1] "Eureka"
[1] NA
[1] "Eureka"
[1] NA
[1] "Eureka"
[1] NA
[1] "Eureka"
[1] NA
[1] "Eureka"
[1] NA
[1] "Eureka"
[1] NA
[1] "Eureka"
[1] NA
[1] "Eureka"
[1] NA
[1] "Eureka"
[1] NA
[1] "Eureka"
[1] NA
[1] "Eureka"
[1] NA
[1] "Eureka"
[1] NA
[1] "Eureka"
[1] NA
[1] "Eureka"
[1] NA
[1] "Eureka"
[1] NA
[1] "Eureka"
[1] NA
[1] "Eureka"
[1] NA
[1] "Alert"
[1] NA
[1] "Alert"
[1] NA
[1] "Alert"
[1] NA
[1] "Alert"
[1] NA
[1] "Alert"
[1] NA
[1] "Alert"
[1] NA
[1] "Alert"
[1] NA
[1] "Alert"
[1] NA
[1] "Alert"
[1] NA
[1] "Alert"
[1] NA
[1] "Alert"
[1] NA
[1] "Alert"
[1] NA
[1] "Alert"
[1] NA
[1] "Alert"
[1] NA
[1] "Alert"
[1] NA
[1] "Alert"
[1] NA
[1] "Alert"
[1] NA
[1] "Alert"
[1] NA
