[1] NA
[1] "C57BL/6 (Gut Microbiome)"
[1] NA
[1] "C57BL/6 (Gut Microbiome)"
[1] NA
[1] "C57BL/6 (Gut Microbiome)"
[1] NA
[1] "C57BL/6 (Gut Microbiome)"
[1] NA
[1] "C57BL/6 (Gut Microbiome)"
[1] NA
[1] "C57BL/6 (Gut Microbiome)"
[1] NA
[1] "C57BL/6 (Gut Microbiome)"
[1] NA
[1] "C57BL/6 (Gut Microbiome)"
[1] NA
[1] "C57BL/6 (Gut Microbiome)"
[1] NA
[1] "C57BL/6 (Gut Microbiome)"
[1] NA
[1] "C57BL/6 (Gut Microbiome)"
[1] NA
[1] "C57BL/6 (Gut Microbiome)"
[1] NA
[1] "bacterial culture"
[1] NA
[1] "bacterial culture"
[1] NA
[1] "bacterial culture"
[1] NA
[1] "bacterial culture"
[1] NA
[1] "bacterial culture"
[1] NA
[1] "bacterial culture"
[1] NA
[1] "bacterial culture"
[1] NA
[1] "bacterial culture"
[1] NA
[1] "bacterial culture"
[1] NA
[1] "bacterial culture"
[1] NA
[1] "bacterial culture"
[1] NA
[1] "bacterial culture"
[1] NA
[1] "bacterial culture"
[1] NA
[1] "bacterial culture"
[1] NA
[1] "bacterial culture"
[1] NA
[1] "bacterial culture"
[1] NA
