[1] NA
[1] "Blood"
[1] NA
[1] "Blood"
[1] NA
[1] "Lung"
[1] NA
[1] "Lung"
[1] NA
[1] "Nasopharynx"
[1] NA
[1] "Nasopharynx"
[1] NA
[1] "Blood"
[1] NA
[1] "Blood"
[1] NA
[1] "Kidney"
[1] NA
[1] "Kidney"
[1] NA
[1] "Kidney"
[1] NA
[1] "Lung"
[1] NA
[1] "Lung"
[1] NA
[1] "Nasopharynx"
[1] NA
[1] "Nasopharynx"
[1] NA
[1] "Kidney"
[1] NA
[1] "Kidney"
[1] NA
[1] "Kidney"
[1] NA
[1] "Lung"
[1] NA
[1] "Lung"
[1] NA
[1] "Nasopharynx"
[1] NA
[1] "Nasopharynx"
[1] NA
[1] "Kidney"
[1] NA
[1] "Kidney"
[1] NA
[1] "Lung"
[1] NA
[1] "Lung"
[1] NA
[1] "Nasopharynx"
[1] NA
[1] "Nasopharynx"
[1] NA
[1] "Blood"
[1] NA
[1] "Blood"
[1] NA
[1] "Streptococcus pneumoniae cells in vitro"
[1] NA
[1] "Streptococcus pneumoniae cells in vitro"
[1] NA
[1] "Blood"
[1] NA
[1] "Blood"
[1] NA
[1] "Streptococcus pneumoniae cells in vitro"
[1] NA
[1] "Streptococcus pneumoniae cells in vitro"
[1] NA
[1] "Streptococcus pneumoniae cells in vitro"
[1] NA
[1] "Streptococcus pneumoniae cells in vitro"
[1] NA
[1] "Heart"
[1] NA
[1] "Heart"
[1] NA
[1] "Heart"
[1] NA
[1] "Heart"
[1] NA
[1] "Heart"
[1] NA
[1] "Heart"
[1] NA
