[1] NA
[1] "Escherichia coli, wild-type K-12 MG1655"
[1] NA
[1] "Escherichia coli, wild-type K-12 MG1655"
[1] NA
[1] "Escherichia coli, wild-type K-12 MG1655"
[1] NA
[1] "Escherichia coli K-12 MG1655, 30-day exposure of fluoxetine induced amoxicillin resistant mutant"
[1] NA
[1] "Escherichia coli K-12 MG1655, 30-day exposure of fluoxetine induced amoxicillin resistant mutant"
[1] NA
[1] "Escherichia coli K-12 MG1655, 30-day exposure of fluoxetine induced chloramphenicol resistant mutant"
[1] NA
[1] "Escherichia coli K-12 MG1655, 30-day exposure of fluoxetine induced chloramphenicol resistant mutant"
[1] NA
[1] "Escherichia coli K-12 MG1655, 30-day exposure of fluoxetine induced chloramphenicol resistant mutant"
[1] NA
[1] "Escherichia coli K-12 MG1655, 30-day exposure of fluoxetine induced tetracycline resistant mutant"
[1] NA
[1] "Escherichia coli K-12 MG1655, 30-day exposure of fluoxetine induced tetracycline resistant mutant"
[1] NA
[1] "Escherichia coli K-12 MG1655, 30-day exposure of fluoxetine induced tetracycline resistant mutant"
[1] NA
[1] "Escherichia coli K-12 MG1655, 1-day exposure of fluoxetine induced chloramphenicol resistant mutant"
[1] NA
[1] "Escherichia coli K-12 MG1655, 1-day exposure of fluoxetine induced chloramphenicol resistant mutant"
[1] NA
[1] "Escherichia coli K-12 MG1655, 1-day exposure of fluoxetine induced tetracycline resistant mutant"
[1] NA
[1] "Escherichia coli K-12 MG1655, 1-day exposure of fluoxetine induced tetracycline resistant mutant"
[1] NA
