[1] NA
[1] "fed-batch fermentation"
[1] NA
[1] "fed-batch fermentation"
[1] NA
[1] "fed-batch fermentation"
[1] NA
[1] "fed-batch fermentation"
[1] NA
[1] "fed-batch fermentation"
[1] NA
[1] "fed-batch fermentation"
[1] NA
[1] "fed-batch fermentation"
[1] NA
[1] "fed-batch fermentation"
[1] NA
[1] "fed-batch fermentation"
[1] NA
[1] "fed-batch fermentation"
[1] NA
[1] "fed-batch fermentation"
[1] NA
[1] "fed-batch fermentation"
[1] NA
[1] "fed-batch fermentation"
[1] NA
[1] "fed-batch fermentation"
[1] NA
[1] "fed-batch fermentation"
[1] NA
[1] "fed-batch fermentation"
[1] NA
[1] "fed-batch fermentation"
[1] NA
[1] "fed-batch fermentation"
[1] NA
[1] "fed-batch fermentation"
[1] NA
[1] "fed-batch fermentation"
[1] NA
[1] "fed-batch fermentation"
[1] NA
[1] "fed-batch fermentation"
[1] NA
[1] "fed-batch fermentation"
[1] NA
[1] "fed-batch fermentation"
[1] NA
[1] "fed-batch fermentation"
[1] NA
[1] "fed-batch fermentation"
[1] NA
[1] "fed-batch fermentation"
[1] NA
[1] "fed-batch fermentation"
[1] NA
[1] "fed-batch fermentation"
[1] NA
[1] "fed-batch fermentation"
[1] NA
[1] "fed-batch fermentation"
[1] NA
[1] "fed-batch fermentation"
[1] NA
[1] "fed-batch fermentation"
[1] NA
[1] "fed-batch fermentation"
[1] NA
[1] "fed-batch fermentation"
[1] NA
[1] "fed-batch fermentation"
[1] NA
[1] "fed-batch fermentation"
[1] NA
[1] "fed-batch fermentation"
[1] NA
[1] "fed-batch fermentation"
[1] NA
[1] "fed-batch fermentation"
[1] NA
[1] "fed-batch fermentation"
[1] NA
