[1] NA
[1] "WT CA-MHB_no vancomycin"
[1] NA
[1] "WT CA-MHB_no vancomycin"
[1] NA
[1] "SVAM A3_CA-MHB_no vancomycin"
[1] NA
[1] "SVAM A3_CA-MHB_no vancomycin"
[1] NA
[1] "STM3 CA-MHB_no vancomycin"
[1] NA
[1] "STM3 CA-MHB_no vancomycin"
[1] NA
[1] "SVAM A9_CA-MHB_no vancomycin"
[1] NA
[1] "SVAM A9_CA-MHB_no vancomycin"
[1] NA
[1] "SVAM A10_CA-MHB_no vancomycin"
[1] NA
[1] "SVAM A10_CA-MHB_no vancomycin"
[1] NA
[1] "SVAM A12_CA-MHB_no vancomycin"
[1] NA
[1] "SVAM A12_CA-MHB_no vancomycin"
[1] NA
[1] "WT CA-MHB_vancomycin"
[1] NA
[1] "WT CA-MHB_vancomycin"
[1] NA
[1] "SVAM A3_CA-MHB_vancomycin"
[1] NA
[1] "SVAM A3_CA-MHB_vancomycin"
[1] NA
[1] "STM3 CA-MHB_vancomycin"
[1] NA
[1] "STM3 CA-MHB_vancomycin"
[1] NA
[1] "SVAM A9_CA-MHB_vancomycin"
[1] NA
[1] "SVAM A9_CA-MHB_vancomycin"
[1] NA
[1] "SVAM A10_CA-MHB_vancomycin"
[1] NA
[1] "SVAM A10_CA-MHB_vancomycin"
[1] NA
[1] "SVAM A12_CA-MHB_vancomycin"
[1] NA
[1] "SVAM A12_CA-MHB_vancomycin"
[1] NA
[1] "WT RPMI+10%LB_no vancomycin"
[1] NA
[1] "WT RPMI+10%LB_no vancomycin"
[1] NA
[1] "SVAR A2_RPMI+10%LB_no vancomycin"
[1] NA
[1] "SVAR A2_RPMI+10%LB_no vancomycin"
[1] NA
[1] "SVAR A3_RPMI+10%LB_no vancomycin"
[1] NA
[1] "SVAR A3_RPMI+10%LB_no vancomycin"
[1] NA
[1] "STR1 RPMI+10%LB_no vancomycin"
[1] NA
[1] "STR1 RPMI+10%LB_no vancomycin"
[1] NA
[1] "SVAR A4_RPMI+10%LB_no vancomycin"
[1] NA
[1] "SVAR A4_RPMI+10%LB_no vancomycin"
[1] NA
[1] "SVAR A5_RPMI+10%LB_no vancomycin"
[1] NA
[1] "SVAR A5_RPMI+10%LB_no vancomycin"
[1] NA
[1] "WT RPMI+10%LB_vancomycin"
[1] NA
[1] "WT RPMI+10%LB_vancomycin"
[1] NA
[1] "SVAR A2_RPMI+10%LB_vancomycin"
[1] NA
[1] "SVAR A2_RPMI+10%LB_vancomycin"
[1] NA
[1] "SVAR A3_RPMI+10%LB_vancomycin"
[1] NA
[1] "SVAR A3_RPMI+10%LB_vancomycin"
[1] NA
[1] "STR1 RPMI+10%LB_vancomycin"
[1] NA
[1] "STR1 RPMI+10%LB_vancomycin"
[1] NA
[1] "SVAR A4_RPMI+10%LB_vancomycin"
[1] NA
[1] "SVAR A4_RPMI+10%LB_vancomycin"
[1] NA
[1] "SVAR A5_RPMI+10%LB_vancomycin"
[1] NA
[1] "SVAR A5_RPMI+10%LB_vancomycin"
[1] NA
