[1] "Normalized signal intensity"
[1] "S.elongatus PCC7942, control culture, 5h, 20 °C, light, 100 rpm"
[1] "5"
[1] "18000"
[1] "S.elongatus PCC7942, control culture, 5h, 20 °C, light, 100 rpm"
[1] "5"
[1] "18000"
[1] "S.elongatus PCC7942, control culture, 5h, 20 °C, light, 100 rpm"
[1] "5"
[1] "18000"
[1] "S.elongatus PCC7942, control culture, 5h, 20 °C, light, 100 rpm"
[1] "5"
[1] "18000"
[1] "S.elongatus PCC7942, Z-COTE HP1 exposed culture (5mg/L), 5h, 20 °C, light, 100 rpm"
[1] "5"
[1] "18000"
[1] "S.elongatus PCC7942, Z-COTE HP1 exposed culture (5mg/L), 5h, 20 °C, light, 100 rpm"
[1] "5"
[1] "18000"
[1] "S.elongatus PCC7942, Z-COTE HP1 exposed culture (5mg/L), 5h, 20 °C, light, 100 rpm"
[1] "5"
[1] "18000"
[1] "S.elongatus PCC7942, Z-COTE HP1 exposed culture (5mg/L), 5h, 20 °C, light, 100 rpm"
[1] "5"
[1] "18000"
[1] "S.elongatus PCC7942, Z-COTE exposed culture (5mg/L), 5h, 20 °C, light, 100 rpm"
[1] "5"
[1] "18000"
[1] "S.elongatus PCC7942, Z-COTE exposed culture (5mg/L), 5h, 20 °C, light, 100 rpm"
[1] "5"
[1] "18000"
[1] "S.elongatus PCC7942, Z-COTE exposed culture (5mg/L), 5h, 20 °C, light, 100 rpm"
[1] "5"
[1] "18000"
[1] "S.elongatus PCC7942, Z-COTE exposed culture (5mg/L), 5h, 20 °C, light, 100 rpm"
[1] "5"
[1] "18000"
[1] "S.elongatus PCC7942, ZnCl2 exposed culture (5mg/L), 5h, 20 °C, light, 100 rpm"
[1] "5"
[1] "18000"
[1] "S.elongatus PCC7942, ZnCl2 exposed culture (5mg/L), 5h, 20 °C, light, 100 rpm"
[1] "5"
[1] "18000"
[1] "S.elongatus PCC7942, ZnCl2 exposed culture (5mg/L), 5h, 20 °C, light, 100 rpm"
[1] "5"
[1] "18000"
[1] "S.elongatus PCC7942, ZnCl2 exposed culture (5mg/L), 5h, 20 °C, light, 100 rpm"
[1] "5"
[1] "18000"
