[1] NA
[1] "Bacilus subtilis culture"
[1] NA
[1] "Bacilus subtilis culture"
[1] NA
[1] "Bacilus subtilis culture"
[1] NA
[1] "Bacilus subtilis culture"
[1] NA
[1] "Bacilus subtilis culture"
[1] NA
[1] "Bacilus subtilis culture"
[1] NA
[1] "Bacilus subtilis culture"
[1] NA
[1] "Bacilus subtilis culture"
[1] NA
[1] "Bacilus subtilis culture"
[1] NA
[1] "Bacilus subtilis culture"
[1] NA
[1] "Bacilus subtilis culture"
[1] NA
[1] "Bacilus subtilis culture"
[1] NA
[1] "Bacilus subtilis culture"
[1] NA
[1] "Bacilus subtilis culture"
[1] NA
[1] "Bacilus subtilis culture"
[1] NA
[1] "Bacilus subtilis culture"
[1] NA
[1] "Bacilus subtilis culture"
[1] NA
[1] "Bacilus subtilis culture"
[1] NA
[1] "Bacilus subtilis culture"
[1] NA
[1] "Bacilus subtilis culture"
[1] NA
[1] "Bacilus subtilis culture"
[1] NA
[1] "Bacilus subtilis culture"
[1] NA
[1] "Bacilus subtilis culture"
[1] NA
[1] "Bacilus subtilis culture"
[1] NA
[1] "Bacilus subtilis culture"
[1] NA
[1] "Bacilus subtilis culture"
[1] NA
[1] "Bacilus subtilis culture"
[1] NA
[1] "Bacilus subtilis culture"
[1] NA
[1] "Bacilus subtilis culture"
[1] NA
[1] "Bacilus subtilis culture"
[1] NA
[1] "Bacilus subtilis culture"
[1] NA
[1] "Bacilus subtilis culture"
[1] NA
[1] "Bacilus subtilis culture"
[1] NA
[1] "Bacilus subtilis culture"
[1] NA
[1] "Bacilus subtilis culture"
[1] NA
[1] "Bacilus subtilis culture"
[1] NA
[1] "Bacilus subtilis culture"
[1] NA
[1] "Bacilus subtilis culture"
[1] NA
[1] "Bacilus subtilis culture"
[1] NA
[1] "Bacilus subtilis culture"
[1] NA
[1] "Bacilus subtilis culture"
[1] NA
[1] "Bacilus subtilis culture"
[1] NA
