Setting options('download.file.method.GEOquery'='auto')
Setting options('GEOquery.inmemory.gpl'=FALSE)
Loading required package: Biobase
Loading required package: BiocGenerics

Attaching package: 'BiocGenerics'

The following objects are masked from 'package:stats':

    IQR, mad, sd, var, xtabs

The following objects are masked from 'package:base':

    anyDuplicated, aperm, append, as.data.frame, basename, cbind,
    colnames, dirname, do.call, duplicated, eval, evalq, Filter, Find,
    get, grep, grepl, intersect, is.unsorted, lapply, Map, mapply,
    match, mget, order, paste, pmax, pmax.int, pmin, pmin.int,
    Position, rank, rbind, Reduce, rownames, sapply, setdiff, table,
    tapply, union, unique, unsplit, which.max, which.min

Welcome to Bioconductor

    Vignettes contain introductory material; view with
    'browseVignettes()'. To cite Bioconductor, see
    'citation("Biobase")', and for packages 'citation("pkgname")'.


Attaching package: 'fs'

The following object is masked from 'package:BiocGenerics':

    path

Using locally cached version of GSE14832 found here:
C:\Users\Rafael\repos\personal\geo_data_analysis\data/GSE14832/GSE14832.soft.gz 
Reading file....
Parsing....
Found 29 entities...
GPL3739 (1 of 30 entities)
GSM370466 (2 of 30 entities)
GSM370467 (3 of 30 entities)
GSM370468 (4 of 30 entities)
GSM370469 (5 of 30 entities)
GSM370470 (6 of 30 entities)
GSM370471 (7 of 30 entities)
GSM370472 (8 of 30 entities)
GSM370473 (9 of 30 entities)
GSM370474 (10 of 30 entities)
GSM370475 (11 of 30 entities)
GSM370476 (12 of 30 entities)
GSM370477 (13 of 30 entities)
GSM370478 (14 of 30 entities)
GSM370479 (15 of 30 entities)
GSM370480 (16 of 30 entities)
GSM370481 (17 of 30 entities)
GSM370482 (18 of 30 entities)
GSM370483 (19 of 30 entities)
GSM370484 (20 of 30 entities)
GSM370485 (21 of 30 entities)
GSM370486 (22 of 30 entities)
GSM370487 (23 of 30 entities)
GSM370488 (24 of 30 entities)
GSM370489 (25 of 30 entities)
GSM370490 (26 of 30 entities)
GSM370491 (27 of 30 entities)
GSM370492 (28 of 30 entities)
GSM370493 (29 of 30 entities)
Warning message:
series may be getting RATIOS not actual raw measures 
There were 16 warnings (use warnings() to see them)
Error: !!!!!!!!!!!!!!!!!!!!!!!!!!!!!!!!!!!!!!!!!!!!!!!!!!!!!!!!!!!!!!!!!!!!!!!!!!!!!!!!!!!!!!!!!!!!!!!!!!!!
Execution halted
