[1] NA
[1] "cells"
[1] NA
[1] "cells"
[1] NA
[1] "cells"
[1] NA
[1] "cells"
[1] NA
[1] "cells"
[1] NA
[1] "cells"
[1] NA
[1] "cells"
[1] NA
[1] "cells"
[1] NA
[1] "cells"
[1] NA
[1] "cells"
[1] NA
[1] "cells"
[1] NA
[1] "cells"
[1] NA
[1] "cells"
[1] NA
[1] "cells"
[1] NA
[1] "cells"
[1] NA
[1] "cells"
[1] NA
[1] "cells"
[1] NA
[1] "cells"
[1] NA
[1] "cells"
[1] NA
[1] "cells"
[1] NA
[1] "cells"
[1] NA
[1] "cells"
[1] NA
[1] "cells"
[1] NA
[1] "cells"
[1] NA
[1] "cells"
[1] NA
[1] "cells"
[1] NA
[1] "cells"
[1] NA
[1] "cells"
[1] NA
[1] "cells"
[1] NA
[1] "cells"
[1] NA
[1] "cells"
[1] NA
[1] "cells"
[1] NA
[1] "cells"
[1] NA
[1] "cells"
[1] NA
[1] "cells"
[1] NA
[1] "cells"
[1] NA
[1] "cells"
[1] NA
[1] "cells"
[1] NA
[1] "cells"
[1] NA
[1] "cells"
[1] NA
[1] "cells"
[1] NA
[1] "cells"
[1] NA
[1] "cells"
[1] NA
[1] "cells"
[1] NA
[1] "cells"
[1] NA
[1] "cells"
[1] NA
[1] "cells"
[1] NA
[1] "cells"
[1] NA
[1] "cells"
[1] NA
[1] "cells"
[1] NA
[1] "cells"
[1] NA
[1] "cells"
[1] NA
[1] "cells"
[1] NA
[1] "cells"
[1] NA
[1] "cells"
[1] NA
[1] "cells"
[1] NA
[1] "cells"
[1] NA
[1] "cells"
[1] NA
[1] "rel- relA+ dusk"
[1] NA
[1] "rel- relA+ dark_5 min"
[1] NA
[1] "rel- relA+ dark_15 min"
[1] NA
[1] "rel- relA+ dark_30 min"
[1] NA
[1] "rel- relA+ dark_1 h"
[1] NA
[1] "rel- relA+ dark_2 h"
[1] NA
[1] "rel- relA+ dark_4 h"
[1] NA
[1] "rel- relA+ dark_8 h"
[1] NA
[1] "rel- relA+ dark_12 h"
[1] NA
[1] "rel- relAE335Q dusk"
[1] NA
[1] "rel- relAE335Q dark_5 min"
[1] NA
[1] "rel- relAE335Q dark_15 min"
[1] NA
[1] "rel- relAE335Q dark_30 min"
[1] NA
[1] "rel- relAE335Q dark_1 h"
[1] NA
[1] "rel- relAE335Q dark_2 h"
[1] NA
[1] "rel- relAE335Q dark_4 h"
[1] NA
[1] "rel- relAE335Q dark_8 h"
[1] NA
[1] "rel- relAE335Q dark_12 h"
[1] NA
[1] "rel- relA+ dusk"
[1] NA
[1] "rel- relA+ dark_5 min"
[1] NA
[1] "rel- relA+ dark_15 min"
[1] NA
[1] "rel- relA+ dark_30 min"
[1] NA
[1] "rel- relA+ dark_1 h"
[1] NA
[1] "rel- relA+ dark_2 h"
[1] NA
[1] "rel- relA+ dark_4 h"
[1] NA
[1] "rel- relA+ dark_8 h"
[1] NA
[1] "rel- relA+ dark_12 h"
[1] NA
[1] "rel- relAE335Q dusk"
[1] NA
[1] "rel- relAE335Q dark_5 min"
[1] NA
[1] "rel- relAE335Q dark_15 min"
[1] NA
[1] "rel- relAE335Q dark_30 min"
[1] NA
[1] "rel- relAE335Q dark_1 h"
[1] NA
[1] "rel- relAE335Q dark_2 h"
[1] NA
[1] "rel- relAE335Q dark_4 h"
[1] NA
[1] "rel- relAE335Q dark_8 h"
[1] NA
[1] "rel- relAE335Q dark_12 h"
[1] NA
[1] "cells"
[1] NA
[1] "cells"
[1] NA
[1] "cells"
[1] NA
[1] "cells"
[1] NA
[1] "cells"
[1] NA
[1] "cells"
[1] NA
[1] "cells"
[1] NA
[1] "cells"
[1] NA
[1] "cells"
[1] NA
[1] "cells"
[1] NA
[1] "cells"
[1] NA
[1] "cells"
[1] NA
