[1] NA
[1] "Laboratory E.coli strain"
[1] NA
[1] "Laboratory E.coli strain"
[1] NA
[1] "Laboratory E.coli strain"
[1] NA
[1] "Laboratory yeast strain"
[1] NA
[1] "Laboratory yeast strain"
[1] NA
[1] "Laboratory yeast strain"
[1] NA
[1] "Laboratory yeast strain"
[1] NA
[1] "Laboratory yeast strain"
[1] NA
[1] "Laboratory yeast strain"
[1] NA
[1] "Laboratory yeast strain"
[1] NA
[1] "Laboratory yeast strain"
[1] NA
[1] "Laboratory yeast strain"
[1] NA
[1] "Laboratory yeast strain"
[1] NA
[1] "Laboratory yeast strain"
[1] NA
[1] "Laboratory yeast strain"
[1] NA
[1] "Laboratory yeast strain"
[1] NA
[1] "Laboratory yeast strain"
[1] NA
[1] "Laboratory yeast strain"
[1] NA
[1] "Laboratory yeast strain"
[1] NA
[1] "Laboratory yeast strain"
[1] NA
[1] "Laboratory yeast strain"
[1] NA
[1] "Laboratory yeast strain"
[1] NA
[1] "Laboratory yeast strain"
[1] NA
[1] "Laboratory yeast strain"
[1] NA
[1] "Laboratory yeast strain"
[1] NA
[1] "Laboratory yeast strain"
[1] NA
[1] "Laboratory yeast strain"
[1] NA
[1] "Laboratory yeast strain"
[1] NA
[1] "Laboratory yeast strain"
[1] NA
[1] "Laboratory yeast strain"
[1] NA
[1] "Laboratory yeast strain"
[1] NA
[1] "Laboratory yeast strain"
[1] NA
[1] "Laboratory yeast strain"
[1] NA
[1] "Laboratory yeast strain"
[1] NA
[1] "Laboratory yeast strain"
[1] NA
[1] "Laboratory yeast strain"
[1] NA
[1] "Laboratory yeast strain"
[1] NA
[1] "Laboratory yeast strain"
[1] NA
[1] "Laboratory yeast strain"
[1] NA
[1] "Laboratory yeast strain"
[1] NA
[1] "Laboratory yeast strain"
[1] NA
[1] "Laboratory yeast strain"
[1] NA
[1] "Laboratory yeast strain"
[1] NA
[1] "Laboratory yeast strain"
[1] NA
[1] "Laboratory yeast strain"
[1] NA
[1] "Laboratory yeast strain"
[1] NA
[1] "Laboratory yeast strain"
[1] NA
[1] "Laboratory yeast strain"
[1] NA
[1] "Laboratory yeast strain"
[1] NA
[1] "Laboratory yeast strain"
[1] NA
[1] "Laboratory yeast strain"
[1] NA
[1] "Laboratory yeast strain"
[1] NA
[1] "Laboratory yeast strain"
[1] NA
[1] "Laboratory yeast strain"
[1] NA
[1] "Laboratory yeast strain"
[1] NA
[1] "Laboratory yeast strain"
[1] NA
[1] "Laboratory yeast strain"
[1] NA
[1] "Laboratory yeast strain"
[1] NA
[1] "Laboratory yeast strain"
[1] NA
[1] "Laboratory yeast strain"
[1] NA
[1] "Laboratory yeast strain"
[1] NA
[1] "Laboratory yeast strain"
[1] NA
[1] "Laboratory yeast strain"
[1] NA
[1] "Laboratory yeast strain"
[1] NA
[1] "Laboratory yeast strain"
[1] NA
[1] "Laboratory yeast strain"
[1] NA
[1] "Laboratory yeast strain"
[1] NA
[1] "Laboratory yeast strain"
[1] NA
[1] "Laboratory yeast strain"
[1] NA
[1] "Laboratory yeast strain"
[1] NA
[1] "Laboratory yeast strain"
[1] NA
[1] "Laboratory yeast strain"
[1] NA
[1] "Laboratory yeast strain"
[1] NA
[1] "Laboratory yeast strain"
[1] NA
[1] "Laboratory yeast strain"
[1] NA
[1] "Laboratory yeast strain"
[1] NA
[1] "Laboratory yeast strain"
[1] NA
[1] "Laboratory yeast strain"
[1] NA
[1] "Laboratory yeast strain"
[1] NA
[1] "Laboratory yeast strain"
[1] NA
[1] "Laboratory yeast strain"
[1] NA
[1] "Laboratory yeast strain"
[1] NA
[1] "Laboratory yeast strain"
[1] NA
[1] "Laboratory yeast strain"
[1] NA
[1] "CKY954"
[1] NA
[1] "CKY954"
[1] NA
[1] "CKY954"
[1] NA
[1] "CKY954"
[1] NA
[1] "CKY954"
[1] NA
[1] "CKY954"
[1] NA
