[1] NA
[1] "WT no_drug"
[1] NA
[1] "WT cap_low"
[1] NA
[1] "WT vio_low"
[1] NA
[1] "WT spec_low"
[1] NA
[1] "WT blast"
[1] NA
[1] "WT spec_high"
[1] NA
[1] "WT line"
[1] NA
[1] "WT vio_high"
[1] NA
[1] "WT cm1"
[1] NA
[1] "WT cm2"
[1] NA
[1] "rpsa1 cm"
[1] NA
[1] "delta6 cm"
[1] NA
[1] "delta56 cm"
[1] NA
[1] "WT cap1_high"
[1] NA
[1] "WT cap2_high"
[1] NA
[1] "rpsa1 cap_high"
[1] NA
[1] "delta6 cap_high"
[1] NA
[1] "delta56 cap_high"
[1] NA
[1] "tRNA RNC1"
[1] NA
[1] "tRNA RNC2"
[1] NA
[1] "tRNA input"
[1] NA
[1] "irCLIP cm_1"
[1] NA
[1] "irCLIP cm_2"
[1] NA
[1] "irCLIP cap_1"
[1] NA
[1] "irCLIP cap_2"
[1] NA
