[1] "VSN normalized  log2 ratio (Cy5/Cy3) representing test/reference"
[1] "DNA from Strain 2120"
[1] NA
[1] "DNA from Strain 2120"
[1] NA
[1] "DNA from Strain 2120"
[1] NA
[1] "DNA from Strain 2121"
[1] NA
[1] "DNA from Strain 2121"
[1] NA
[1] "DNA from Strain 2121"
[1] NA
[1] "DNA from Strain 2135"
[1] NA
[1] "DNA from Strain 2135"
[1] NA
[1] "DNA from Strain 2135"
[1] NA
[1] "DNA from Strain 2137"
[1] NA
[1] "DNA from Strain 2137"
[1] NA
[1] "DNA from Strain 2137"
[1] NA
[1] "DNA from Strain 2594"
[1] NA
[1] "DNA from Strain 2594"
[1] NA
[1] "DNA from Strain 2594"
[1] NA
[1] "DNA from Strain 2807"
[1] NA
[1] "DNA from Strain 2807"
[1] NA
[1] "DNA from Strain 2807"
[1] NA
[1] "DNA from Strain a14"
[1] NA
[1] "DNA from Strain a14"
[1] NA
[1] "DNA from Strain a14"
[1] NA
[1] "DNA from Strain a153"
[1] NA
[1] "DNA from Strain a153"
[1] NA
[1] "DNA from Strain a153"
[1] NA
[1] "DNA from Strain a267"
[1] NA
[1] "DNA from Strain a267"
[1] NA
[1] "DNA from Strain a267"
[1] NA
[1] "DNA from Strain a275"
[1] NA
[1] "DNA from Strain a275"
[1] NA
[1] "DNA from Strain a275"
[1] NA
[1] "DNA from Strain a31"
[1] NA
[1] "DNA from Strain a31"
[1] NA
[1] "DNA from Strain a31"
[1] NA
[1] "DNA from Strain a3"
[1] NA
[1] "DNA from Strain a3"
[1] NA
[1] "DNA from Strain a3"
[1] NA
[1] "DNA from Strain a4"
[1] NA
[1] "DNA from Strain a4"
[1] NA
[1] "DNA from Strain a4"
[1] NA
[1] "DNA from Strain a490"
[1] NA
[1] "DNA from Strain a490"
[1] NA
[1] "DNA from Strain a490"
[1] NA
[1] "DNA from Strain a522"
[1] NA
[1] "DNA from Strain a522"
[1] NA
[1] "DNA from Strain a522"
[1] NA
[1] "DNA from Strain a533"
[1] NA
[1] "DNA from Strain a533"
[1] NA
[1] "DNA from Strain a533"
[1] NA
[1] "DNA from Strain a547"
[1] NA
[1] "DNA from Strain a547"
[1] NA
[1] "DNA from Strain a547"
[1] NA
[1] "DNA from Strain a704"
[1] NA
[1] "DNA from Strain a704"
[1] NA
[1] "DNA from Strain a704"
[1] NA
[1] "DNA from Strain a707"
[1] NA
[1] "DNA from Strain a707"
[1] NA
[1] "DNA from Strain a707"
[1] NA
[1] "DNA from Strain a710"
[1] NA
[1] "DNA from Strain a710"
[1] NA
[1] "DNA from Strain a710"
[1] NA
[1] "DNA from Strain a78"
[1] NA
[1] "DNA from Strain a78"
[1] NA
[1] "DNA from Strain a78"
[1] NA
[1] "DNA from Strain a95"
[1] NA
[1] "DNA from Strain a95"
[1] NA
[1] "DNA from Strain a95"
[1] NA
[1] "DNA from Strain n6894"
[1] NA
[1] "DNA from Strain n6894"
[1] NA
[1] "DNA from Strain n6894"
[1] NA
[1] "DNA from Strain n6904"
[1] NA
[1] "DNA from Strain n6904"
[1] NA
[1] "DNA from Strain n6904"
[1] NA
[1] "DNA from Strain n7017"
[1] NA
[1] "DNA from Strain n7017"
[1] NA
[1] "DNA from Strain n7017"
[1] NA
[1] "DNA from Strain n7127"
[1] NA
[1] "DNA from Strain n7127"
[1] NA
[1] "DNA from Strain n7127"
[1] NA
[1] "DNA from Strain n7865"
[1] NA
[1] "DNA from Strain n7865"
[1] NA
[1] "DNA from Strain n7865"
[1] NA
[1] "DNA from Strain N7901"
[1] NA
[1] "DNA from Strain n7901"
[1] NA
[1] "DNA from Strain n7901"
[1] NA
[1] "DNA from Strain N8638"
[1] NA
[1] "DNA from Strain n8638"
[1] NA
[1] "DNA from Strain n8638"
[1] NA
[1] "DNA from Strain N9155"
[1] NA
[1] "DNA from Strain n9155"
[1] NA
[1] "DNA from Strain n9155"
[1] NA
