[1] "MAS 5.0 Signal"
[1] "Escherichia coli 8624 qseF deletion mutant"
[1] NA
[1] "E. coli 8624"
[1] NA
[1] "Escherichia coli 8624"
[1] NA
[1] "Escherichia coli 8624"
[1] NA
[1] "Escherichia coli 8624 kdpE deletion mutant"
[1] NA
[1] "Escherichia coli 8624 in LB"
[1] NA
[1] "Escherichia coli 8624 qseB deletion mutant"
[1] NA
[1] "Escherichia coli 8624 qseC mutant in DMEM"
[1] NA
[1] "Escherichia coli 8624 qseC mutant in DMEM with AI3"
[1] NA
[1] "Escherichia coli 8624 qseC mutant in DMEM with epinephrine"
[1] NA
[1] "Escherichia coli 8624 qseC mutant in LB"
[1] NA
