[1] "GeneSpring normalized value"
[1] "S. aureus RN4220 grown with 1 mM IPTG in NZYM broth harvested in exponential phase"
[1] NA
[1] "S. aureus RN4220 grown with 1 mM IPTG in NZYM broth harvested in exponential phase"
[1] NA
[1] "S. aureus RN4220 grown with 1 mM IPTG in NZYM broth harvested in exponential phase"
[1] NA
[1] "S. aureus RN4220 grown without IPTG in NZYM broth harvested in exponential phase"
[1] NA
[1] "S. aureus RN4220 grown without IPTG in NZYM broth harvested in exponential phase"
[1] NA
[1] "S. aureus RN4220 grown without IPTG in NZYM broth harvested in exponential phase"
[1] NA
[1] "S. aureus mvaS regulated mutant grown with 1 mM IPTG in NZYM broth harvested in exponential phase"
[1] NA
[1] "S. aureus mvaS regulated mutant grown with 1 mM IPTG in NZYM broth harvested in exponential phase"
[1] NA
[1] "S. aureus mvaS regulated mutant grown with 1 mM IPTG in NZYM broth harvested in exponential phase"
[1] NA
[1] "S. aureus mvaS regulated mutant grown without IPTG in NZYM broth harvested in exponential phase"
[1] NA
[1] "S. aureus mvaS regulated mutant grown without IPTG in NZYM broth harvested in exponential phase"
[1] NA
[1] "S. aureus mvaS regulated mutant grown without IPTG in NZYM broth harvested in exponential phase"
[1] NA
[1] "S. aureus mvaA regulated mutant grown with 1 mM IPTG in NZYM broth harvested in exponential phase"
[1] NA
[1] "S. aureus mvaA regulated mutant grown with 1 mM IPTG in NZYM broth harvested in exponential phase"
[1] NA
[1] "S. aureus mvaA regulated mutant grown with 1 mM IPTG in NZYM broth harvested in exponential phase"
[1] NA
[1] "S. aureus mvaA regulated mutant grown without IPTG in NZYM broth harvested in exponential phase"
[1] NA
[1] "S. aureus mvaA regulated mutant grown without IPTG in NZYM broth harvested in exponential phase"
[1] NA
[1] "S. aureus mvaA regulated mutant grown without IPTG in NZYM broth harvested in exponential phase"
[1] NA
[1] "S. aureus mvaK regulated mutant grown with 1 mM IPTG in NZYM broth harvested in exponential phase"
[1] NA
[1] "S. aureus mvaK regulated mutant grown with 1 mM IPTG in NZYM broth harvested in exponential phase"
[1] NA
[1] "S. aureus mvaK regulated mutant grown with 1 mM IPTG in NZYM broth harvested in exponential phase"
[1] NA
[1] "S. aureus mvaK regulated mutant grown without IPTG in NZYM broth harvested in exponential phase"
[1] NA
[1] "S. aureus mvaK regulated mutant grown without IPTG in NZYM broth harvested in exponential phase"
[1] NA
[1] "S. aureus mvaK regulated mutant grown without IPTG in NZYM broth harvested in exponential phase"
[1] NA
