[1] NA
[1] "in-vitro  Yersinia pestis_strain_CO92-21C-rep1"
[1] NA
[1] "in-vitro  Yersinia pestis_strain_CO92-21C-rep2"
[1] NA
[1] "in-vitro  Yersinia pestis_strain_CO92-21C-rep3"
[1] NA
[1] "in-vitro  Yersinia pestis_strain_CO92-21C-rep4"
[1] NA
[1] "in-vitro  Yersinia pestis_strain_CO92-21C-rep5"
[1] NA
[1] "in-vitro  Yersinia pestis_strain_CO92-21C-rep6"
[1] NA
[1] "in-vitro Yersinia pseudotuberculosis strain_modified_IP32953-21C-rep1"
[1] NA
[1] "in-vitro Yersinia pseudotuberculosis strain_modified_IP32953-21C-rep2"
[1] NA
[1] "in-vitro Yersinia pseudotuberculosis strain_modified_IP32953-21C-rep3"
[1] NA
[1] "in-vitro Yersinia pseudotuberculosis strain_modified_IP32953-21C-rep4"
[1] NA
[1] "in-vitro Yersinia pseudotuberculosis strain_modified_IP32953-21C-rep5"
[1] NA
[1] "in-vitro Yersinia pseudotuberculosis strain_modified_IP32953-21C-rep6"
[1] NA
[1] "in-vitro Yersinia pseudotuberculosis strain_IP32953WT-21C-rep1"
[1] NA
[1] "in-vitro Yersinia pseudotuberculosis strain_IP32953WT-21C-rep2"
[1] NA
[1] "in-vitro Yersinia pseudotuberculosis strain_IP32953WT-21C-rep3"
[1] NA
[1] "in-vitro Yersinia pseudotuberculosis strain_IP32953WT-21C-rep4"
[1] NA
[1] "in-vitro Yersinia pseudotuberculosis strain_IP32953WT-21C-rep5"
[1] NA
[1] "in-vitro Yersinia pseudotuberculosis strain_IP32953WT-21C-rep6"
[1] NA
[1] "in-vitro Yersinia pseudotuberculosis strain_IP32953WT-37C-rep1"
[1] NA
[1] "in-vitro Yersinia pseudotuberculosis strain_IP32953WT-37C-rep2"
[1] NA
[1] "in-vitro Yersinia pseudotuberculosis strain_IP32953WT-37C-rep3"
[1] NA
[1] "in-vitro Yersinia pseudotuberculosis strain_IP32953WT-37C-rep4"
[1] NA
[1] "in-vitro Yersinia pseudotuberculosis strain_IP32953WT-37C-rep5"
[1] NA
[1] "in-vitro Yersinia pseudotuberculosis strain_IP32953WT-37C-rep6"
[1] NA
[1] "in-vivo  Yersinia pestis_strain_CO92-day1-rep1"
[1] NA
[1] "in-vivo  Yersinia pestis_strain_CO92-day1-rep2"
[1] NA
[1] "in-vivo  Yersinia pestis_strain_CO92-day1-rep3"
[1] NA
[1] "in-vivo  Yersinia pestis_strain_CO92-day1-rep4"
[1] NA
[1] "in-vivo  Yersinia pestis_strain_CO92-day14-rep1"
[1] NA
[1] "in-vivo  Yersinia pestis_strain_CO92-day14-rep2"
[1] NA
[1] "in-vivo  Yersinia pestis_strain_CO92-day14-rep3"
[1] NA
[1] "in-vivo  Yersinia pestis_strain_CO92-day14-rep4"
[1] NA
[1] "in-vivo  Yersinia pestis_strain_CO92-day14-rep5"
[1] NA
[1] "in-vivo  Yersinia pestis_strain_CO92-day14-rep6"
[1] NA
[1] "in-vivo Yersinia pseudotuberculosis strain_modified_IP32953-day1-rep1"
[1] NA
[1] "in-vivo Yersinia pseudotuberculosis strain_modified_IP32953-day1-rep2"
[1] NA
[1] "in-vivo Yersinia pseudotuberculosis strain_modified_IP32953-day1-rep3"
[1] NA
[1] "in-vivo Yersinia pseudotuberculosis strain_modified_IP32953-day1-rep4"
[1] NA
[1] "in-vivo Yersinia pseudotuberculosis strain_modified_IP32953-day14-rep1"
[1] NA
[1] "in-vivo Yersinia pseudotuberculosis strain_modified_IP32953-day14-rep2"
[1] NA
[1] "in-vivo Yersinia pseudotuberculosis strain_modified_IP32953-day14-rep3"
[1] NA
[1] "in-vivo Yersinia pseudotuberculosis strain_modified_IP32953-day14-rep4"
[1] NA
[1] "in-vivo Yersinia pseudotuberculosis strain_modified_IP32953-day14-rep5"
[1] NA
[1] "in-vivo Yersinia pseudotuberculosis strain_modified_IP32953-day14-rep6"
[1] NA
[1] "in-vivo Yersinia pseudotuberculosis strain_IP32953WT-day1-rep1"
[1] NA
[1] "in-vivo Yersinia pseudotuberculosis strain_IP32953WT-day1-rep2"
[1] NA
[1] "in-vivo Yersinia pseudotuberculosis strain_IP32953WT-day1-rep3"
[1] NA
[1] "in-vivo Yersinia pseudotuberculosis strain_IP32953WT-day1-rep4"
[1] NA
[1] "in-vivo Yersinia pseudotuberculosis strain_IP32953WT-day1-rep5"
[1] NA
[1] "in-vivo Yersinia pseudotuberculosis strain_IP32953WT-day14-rep1"
[1] NA
[1] "in-vivo Yersinia pseudotuberculosis strain_IP32953WT-day14-rep2"
[1] NA
[1] "in-vivo Yersinia pseudotuberculosis strain_IP32953WT-day14-rep3"
[1] NA
[1] "in-vivo Yersinia pseudotuberculosis strain_IP32953WT-day14-rep4"
[1] NA
[1] "in-vivo Yersinia pseudotuberculosis strain_IP32953WT-day14-rep5"
[1] NA
