[1] NA
[1] "PA14 BF_1"
[1] NA
[1] "PA14 BF_2"
[1] NA
[1] "PA14 BF_3"
[1] NA
[1] "PA14 DlasR_BF_R1"
[1] NA
[1] "PA14 DlasR_BF_R2"
[1] NA
[1] "PA14 DlasR_BF_R3"
[1] NA
[1] "PA14 DlasR_PL_R1"
[1] NA
[1] "PA14 DlasR_PL_R2"
[1] NA
[1] "PA14 DlasR_PL_R3"
[1] NA
[1] "PA14 DphoB_BF_R1"
[1] NA
[1] "PA14 DphoB_BF_R2"
[1] NA
[1] "PA14 DphoB_BF_R3"
[1] NA
[1] "PA14 DphoB_DlasR_BF_R1"
[1] NA
[1] "PA14 DphoB_DlasR_BF_R2"
[1] NA
[1] "PA14 DphoB_DlasR_BF_R3"
[1] NA
[1] "PA14 DphoB_DlasR_PL_R1"
[1] NA
[1] "PA14 DphoB_DlasR_PL_R2"
[1] NA
[1] "PA14 DphoB_DlasR_PL_R3"
[1] NA
[1] "PA14 DphoB_PL_R1"
[1] NA
[1] "PA14 DphoB_PL_R2"
[1] NA
[1] "PA14 DphoB_PL_R3"
[1] NA
[1] "PA14 DrhlR_BF_R1"
[1] NA
[1] "PA14 DrhlR_BF_R2"
[1] NA
[1] "PA14 DrhlR_BF_R3"
[1] NA
[1] "PA14 DrhlR_DlasR_BF_R1"
[1] NA
[1] "PA14 DrhlR_DlasR_BF_R2"
[1] NA
[1] "PA14 DrhlR_DlasR_BF_R3"
[1] NA
[1] "PA14 DrhlR_DlasR_PL_R1"
[1] NA
[1] "PA14 DrhlR_DlasR_PL_R2"
[1] NA
[1] "PA14 DrhlR_DlasR_PL_R3"
[1] NA
[1] "PA14 DrhlR_PL_R1"
[1] NA
[1] "PA14 DrhlR_PL_R2"
[1] NA
[1] "PA14 DrhlR_PL_R3"
[1] NA
[1] "PA14 PL_1"
[1] NA
[1] "PA14 PL_2"
[1] NA
[1] "PA14 PL_3"
[1] NA
