[1] NA
[1] "H37Rv at T0, biological rep 1"
[1] NA
[1] "H37Rv at T0, biological rep 2"
[1] NA
[1] "H37Rv at T0, biological rep 3"
[1] NA
[1] "H37Rv∆cydAB at T0, biological rep 1"
[1] NA
[1] "H37Rv∆cydAB at T0, biological rep 2"
[1] NA
[1] "H37Rv∆cydAB at T0, biological rep 3"
[1] NA
[1] "H37Rv at T6, treated with Q203, biological rep 1"
[1] NA
[1] "H37Rv at T6, treated with Q203, biological rep 2"
[1] NA
[1] "H37Rv∆cydAB at T6, treated with Q203,biological rep 1"
[1] NA
[1] "H37Rv∆cydAB at T6, treated with Q203,biological rep 2"
[1] NA
[1] "H37Rv∆cydAB at T6, treated with Q203,biological rep 3"
[1] NA
[1] "H37Rv at T6, treated with ND-011992, biological rep 1"
[1] NA
[1] "H37Rv at T6, treated with ND-011992, biological rep 2"
[1] NA
[1] "H37Rv at T6, treated with ND-011992, biological rep 3"
[1] NA
[1] "H37Rv∆cydAB at T6, treated with ND-011992,biological rep 1"
[1] NA
[1] "H37Rv∆cydAB at T6, treated with ND-011992,biological rep 2"
[1] NA
[1] "H37Rv∆cydAB at T6, treated with ND-011992,biological rep 3"
[1] NA
[1] "H37Rv at T6, treated with combined, biological rep 1"
[1] NA
[1] "H37Rv at T6, treated with combined, biological rep 2"
[1] NA
[1] "H37Rv at T6, treated with combined, biological rep 3"
[1] NA
[1] "H37Rv∆cydAB at T6, treated with combined,biological rep 1"
[1] NA
[1] "H37Rv∆cydAB at T6, treated with combined,biological rep 2"
[1] NA
[1] "H37Rv∆cydAB at T6, treated with combined,biological rep 3"
[1] NA
