[1] "MAS5.0 signal intensity"
[1] "7 hour treatment of Sa strain RN6390 rep 1"
[1] "7"
[1] "25200"
[1] "7 hour treatment of Sa strain RN6390 rep 2"
[1] "7"
[1] "25200"
[1] "7 hour treatment of Sa strain RN6390 rep 3"
[1] "7"
[1] "25200"
[1] "7 hour treatment of Sa strain LUG776 rep 1"
[1] "7"
[1] "25200"
[1] "7 hour treatment of Sa strain LUG776 rep 2"
[1] "7"
[1] "25200"
[1] "7 hour treatment of Sa strain LUG776 rep 3"
[1] "7"
[1] "25200"
[1] "7 hour treatment of Sa strain LUG855 rep 1"
[1] "7"
[1] "25200"
[1] "7 hour treatment of Sa strain LUG855 rep 2"
[1] "7"
[1] "25200"
[1] "7 hour treatment of Sa strain LUG855 rep 3"
[1] "7"
[1] "25200"
[1] "7 hour treatment of Sa strain LUG855R rep 1"
[1] "7"
[1] "25200"
[1] "7 hour treatment of Sa strain LUG855R rep 2"
[1] "7"
[1] "25200"
[1] "7 hour treatment of Sa strain LUG855R rep 3"
[1] "7"
[1] "25200"
[1] "7 hour treatment of Sa strain LUG862 rep 1"
[1] "7"
[1] "25200"
[1] "7 hour treatment of Sa strain LUG862 rep 2"
[1] "7"
[1] "25200"
[1] "7 hour treatment of Sa strain LUG862 rep 3"
[1] "7"
[1] "25200"
