[1] "log10 (signal/background)"
[1] "Clostridium botulinum, strain ATCC 3502"
[1] NA
[1] "Clostridium botulinum, strain FRI-H1A2"
[1] NA
[1] "Clostridium botulinum, strain CDC40234"
[1] NA
[1] "Clostridium botulinum, strain 32A"
[1] NA
[1] "Clostridium botulinum, strain 73A"
[1] NA
[1] "Clostridium botulinum, strain CDC21547"
[1] NA
[1] "Clostridium botulinum, strain BS-A"
[1] NA
[1] "Clostridium botulinum, strain CDC657"
[1] NA
[1] "Clostridium botulinum, strain CDC42961"
[1] NA
[1] "Clostridium botulinum, strain CDC41376"
[1] NA
[1] "Clostridium botulinum, strain CDC51303"
[1] NA
[1] "Clostridium botulinum, strain CDC297"
[1] NA
[1] "Clostridium botulinum, strain CDC220727"
[1] NA
[1] "Clostridium botulinum, strain CDC5328"
[1] NA
[1] "Clostridium botulinum, strain CDC1882"
[1] NA
[1] "Clostridium botulinum, strain 62A"
[1] NA
[1] "Clostridium botulinum, strain CDC36956"
[1] NA
[1] "Clostridium botulinum, strain CDC36924"
[1] NA
[1] "Clostridium botulinum, strain CDC36923"
[1] NA
[1] "Clostridium botulinum, strain 69A"
[1] NA
[1] "Clostridium botulinum, strain CDC2171"
[1] NA
[1] "Clostridium botulinum, strain CDC36955"
[1] NA
[1] "Clostridium botulinum, strain Cam2A"
[1] NA
[1] "Clostridium botulinum, strain CDC220726"
[1] NA
[1] "Clostridium botulinum, strain CDC1903"
[1] NA
[1] "Clostridium botulinum, strain CDC49127"
[1] NA
[1] "Clostridium botulinum, strain CDC59755"
[1] NA
[1] "Clostridium botulinum, strain Okra"
[1] NA
[1] "Clostridium botulinum, strain 115B"
[1] NA
[1] "Clostridium botulinum, strain CDC22816"
[1] NA
[1] "Clostridium botulinum, strain Langeland"
[1] NA
[1] "Clostridium botulinum, strain CDC3281"
[1] NA
[1] "Clostridium sporogenes, strain 11439"
[1] NA
[1] "Clostridium botulinum, strain 17B"
[1] NA
[1] "Clostridium botulinum, strain Beluga"
[1] NA
[1] "Clostridium botulinum, strain CDC5247"
[1] NA
[1] "Clostridium botulinum, strain VH-E"
[1] NA
[1] "Clostridium botulinum, strain CDC35194"
[1] NA
[1] "Clostridium botulinum, strain 468"
[1] NA
[1] "Clostridium botulinum, strain KA9"
[1] NA
[1] "Clostridium argentinense, strain CDC2741"
[1] NA
[1] "Clostridium butyricum, strain CDC5262"
[1] NA
[1] "Clostridium baratii, strain CDC51192"
[1] NA
[1] "Clostridium perfringens, strain 39"
[1] NA
