[1] "Normalisation to slide's 50th percentile of smoothed data (smoothed-data/median ratio)"
[1] "E. coli strain B DNA"
[1] NA
[1] "E. coli strain B DNA"
[1] NA
[1] "E. coli strain K12 DNA"
[1] NA
[1] "E. coli strain K12 DNA"
[1] NA
[1] "E. coli strain K12 DNA"
[1] NA
[1] "E. coli strain K12 DNA"
[1] NA
[1] "Pantoea agglomerans strain ATCC 27155T DNA"
[1] NA
[1] "Pantoea agglomerans strain ATCC 27155T DNA"
[1] NA
[1] "Pantoea agglomerans strain C9 DNA"
[1] NA
[1] "Pantoea agglomerans strain C9 DNA"
[1] NA
[1] "Pantoea agglomerans strain C9 DNA"
[1] NA
[1] "Pantoea agglomerans strain C9 DNA"
[1] NA
[1] "Pantoea agglomerans strain C9 DNA"
[1] NA
[1] "Pantoea stewartii pv stewartii strain DC283 DNA"
[1] NA
[1] "Pantoea stewartii pv stewartii strain DC283 DNA"
[1] NA
[1] "Pantoea stewartii pv stewartii strain DC283 DNA"
[1] NA
[1] "Salmonella Typhimurium strain DT204 DNA"
[1] NA
[1] "Salmonella Typhimurium strain DT204 DNA"
[1] NA
[1] "Salmonella Typhimurium strain DT204 DNA"
[1] NA
[1] "Salmonella Typhimurium strain LT2 DNA"
[1] NA
[1] "Salmonella Typhimurium strain LT2 DNA"
[1] NA
[1] "Micrococcus luteus DNA"
[1] NA
[1] "Micrococcus luteus DNA"
[1] NA
