[1] "cy5  signal intensity median-background"
[1] "BW29113 pH7 wildtype (control)"
[1] NA
[1] "BW29113 pH5.5 wildtype"
[1] NA
[1] "BW29113 pH7 wildtype (control)"
[1] NA
[1] "BW29113 pH5.5 wildtype"
[1] NA
[1] "BW29113 pH7 wildtype (control)"
[1] NA
[1] "BW29113 pH5.5 wildtype"
[1] NA
[1] "BW29113 mutant pH7 (control)"
[1] NA
[1] "BW29113 mutant pH5.5 at 15 mins Adaptation"
[1] "15"
[1] "900"
[1] "BW29113 mutant pH7 (control)"
[1] NA
[1] "BW29113 mutant pH5.5 at 15 mins Adaptation"
[1] "15"
[1] "900"
[1] "BW29113 mutant pH7 (control)"
[1] NA
[1] "BW29113 mutant pH5.5 at 15 mins Adaptation"
[1] "15"
[1] "900"
[1] "BW29113 mutant pH7 (control)"
[1] NA
[1] "BW29113 mutant pH5.5 at 15 mins Adaptation"
[1] "15"
[1] "900"
[1] "BW29113 mutant pH7 (control)"
[1] NA
[1] "BW29113 mutant pH5.5 at 15 mins Adaptation"
[1] "15"
[1] "900"
[1] "BW29113 mutant pH7 (control)"
[1] NA
[1] "BW29113 mutant pH5.5 at 15 mins Adaptation"
[1] "15"
[1] "900"
[1] "BW29113 mutant pH7 (control)"
[1] NA
[1] "BW29113 mutant pH5.5 at 15 mins Adaptation"
[1] "15"
[1] "900"
[1] "BW29113 mutant pH7 (control)"
[1] NA
[1] "BW29113 mutant pH5.5 at 15 mins Adaptation"
[1] "15"
[1] "900"
[1] "BW29113 mutant pH7 (control)"
[1] NA
[1] "BW29113 mutant pH5.5 at 15 mins Adaptation"
[1] "15"
[1] "900"
[1] "BW29113 mutant pH7 (control)"
[1] NA
[1] "BW29113 mutant pH5.5 at 15 mins Adaptation"
[1] "15"
[1] "900"
[1] "BW29113 mutant pH7 (control)"
[1] NA
[1] "BW29113 mutant pH5.5 at 15 mins Adaptation"
[1] "15"
[1] "900"
[1] "BW29113 mutant pH7 (control)"
[1] NA
[1] "BW29113 mutant pH5.5 at 15 mins Adaptation"
[1] "15"
[1] "900"
[1] "BW29113 mutant pH7 (control)"
[1] NA
[1] "BW29113 mutant pH5.5 at 15 mins Adaptation"
[1] "15"
[1] "900"
[1] "BW29113 mutant pH7 (control)"
[1] NA
[1] "BW29113 mutant pH5.5 at 15 mins Adaptation"
[1] "15"
[1] "900"
[1] "BW29113 mutant pH7 (control)"
[1] NA
[1] "BW29113 mutant pH5.5 at 15 mins Adaptation"
[1] "15"
[1] "900"
[1] "BW29113 mutant pH7 (control)"
[1] NA
[1] "BW29113 mutant pH5.5 at 15 mins Adaptation"
[1] "15"
[1] "900"
[1] "BW29113 mutant pH7 (control)"
[1] NA
[1] "BW29113 mutant pH5.5 at 15 mins Adaptation"
[1] "15"
[1] "900"
[1] "BW29113 mutant pH7 (control)"
[1] NA
[1] "BW29113 mutant pH5.5 at 15 mins Adaptation"
[1] "15"
[1] "900"
[1] "BW29113 mutant pH7 (control)"
[1] NA
[1] "BW29113 mutant pH5.5 at 15 mins Adaptation"
[1] "15"
[1] "900"
[1] "BW29113 mutant pH7 (control)"
[1] NA
[1] "BW29113 mutant pH5.5 at 15 mins Adaptation"
[1] "15"
[1] "900"
[1] "BW29113 mutant pH7 (control)"
[1] NA
[1] "BW29113 mutant pH5.5 at 15 mins Adaptation"
[1] "15"
[1] "900"
[1] "BW29113 mutant pH7 (control)"
[1] NA
[1] "BW29113 mutant pH5.5 at 15 mins Adaptation"
[1] "15"
[1] "900"
[1] "BW29113 mutant pH7 (control)"
[1] NA
[1] "BW29113 mutant pH5.5 at 15 mins Adaptation"
[1] "15"
[1] "900"
[1] "BW29113 mutant pH7 (control)"
[1] NA
[1] "BW29113 mutant pH5.5 at 15 mins Adaptation"
[1] "15"
[1] "900"
[1] "BW29113 mutant pH7 (control)"
[1] NA
[1] "BW29113 mutant pH5.5 at 15 mins Adaptation"
[1] "15"
[1] "900"
[1] "BW29113 mutant pH7 (control)"
[1] NA
[1] "BW29113 mutant pH5.5 at 15 mins Adaptation"
[1] "15"
[1] "900"
[1] "MG1655 pH7 wildtype (control)"
[1] NA
[1] "MG1655 pH5.5 wildtype"
[1] NA
[1] "MG1655 mutant pH7 (control)"
[1] NA
[1] "MG1655 mutant pH5.5 at 15 mins Adaptation"
[1] "15"
[1] "900"
