[1] NA
[1] "7H9"
[1] NA
[1] "7H9"
[1] NA
[1] "7H9"
[1] NA
[1] "PBS"
[1] NA
[1] "PBS"
[1] NA
[1] "PBS"
[1] NA
[1] "Phosphate-depleted"
[1] NA
[1] "Phosphate-depleted"
[1] NA
[1] "Phosphate-depleted"
[1] NA
[1] "hypoxia"
[1] NA
[1] "hypoxia"
[1] NA
[1] "rpoB-7H9"
[1] NA
[1] "rpoB-7H9"
[1] NA
[1] "rpoB-7H9"
[1] NA
[1] "rpoB-7H9"
[1] NA
[1] "rpoB-PBS"
[1] NA
[1] "rpoB-PBS"
[1] NA
[1] "rpoB-Phosphate-depleted"
[1] NA
[1] "rpoB-Phosphate-depleted"
[1] NA
[1] "rpoB-Phosphate-depleted"
[1] NA
[1] "rpoB-hypoxia"
[1] NA
[1] "rpoB-hypoxia"
[1] NA
