[1] "Quantification"
[1] "AM uninfected"
[1] NA
[1] "AM uninfected"
[1] NA
[1] "AM uninfected"
[1] NA
[1] "AM uninfected"
[1] NA
[1] "AM infected"
[1] NA
[1] "AM infected"
[1] NA
[1] "AM infected"
[1] NA
[1] "AM uninfected"
[1] NA
[1] "AM uninfected"
[1] NA
[1] "AM uninfected"
[1] NA
[1] "AM infected"
[1] NA
[1] "AM infected"
[1] NA
[1] "AM infected"
[1] NA
[1] "CD11chighMC uninfected"
[1] NA
[1] "CD11chighMC uninfected"
[1] NA
[1] "CD11chighMC uninfected"
[1] NA
[1] "CD11chighMC uninfected"
[1] NA
[1] "CD11chighMC infected"
[1] NA
[1] "CD11chighMC infected"
[1] NA
[1] "CD11chighMC infected"
[1] NA
[1] "CD11chighMC infected"
[1] NA
[1] "CD11chighMC uninfected"
[1] NA
[1] "CD11chighMC uninfected"
[1] NA
[1] "CD11chighMC uninfected"
[1] NA
[1] "CD11chighMC uninfected"
[1] NA
[1] "CD11chighMC infected"
[1] NA
[1] "CD11chighMC infected"
[1] NA
[1] "CD11chighMC infected"
[1] NA
[1] "RM uninfected"
[1] NA
[1] "RM uninfected"
[1] NA
[1] "RM infected"
[1] NA
[1] "RM infected"
[1] NA
[1] "RM uninfected"
[1] NA
[1] "RM uninfected"
[1] NA
[1] "RM uninfected"
[1] NA
[1] "RM infected"
[1] NA
[1] "RM infected"
[1] NA
[1] "RM infected"
[1] NA
[1] "RM infected"
[1] NA
[1] "AM uninfected"
[1] NA
[1] "AM uninfected"
[1] NA
[1] "AM uninfected"
[1] NA
