[1] "Log10 normalized expression of ORF"
[1] "3.ATE1"
[1] NA
[1] "3.ATE5"
[1] NA
[1] "3.ATE3"
[1] NA
[1] "3.ATE4"
[1] NA
[1] "5.FOAE4"
[1] NA
[1] "5.FOAE6"
[1] NA
[1] "5.FOAE3"
[1] NA
[1] "5.FOAE2"
[1] NA
[1] "5.FUE4"
[1] NA
[1] "5.FUE3"
[1] NA
[1] "5.FUE1"
[1] NA
[1] "5.FUE2"
[1] NA
[1] "6.MPE6"
[1] NA
[1] "6.MPE3"
[1] NA
[1] "6.MPE4"
[1] NA
[1] "6.MPE5"
[1] NA
[1] "ABUE5"
[1] NA
[1] "ABUE6"
[1] NA
[1] "ABUE4"
[1] NA
[1] "ABUE3"
[1] NA
[1] "AFE3"
[1] NA
[1] "AFE2"
[1] NA
[1] "AFE4"
[1] NA
[1] "AFE6"
[1] NA
[1] "ATPE3"
[1] NA
[1] "ATPE1"
[1] NA
[1] "ATPE5"
[1] NA
[1] "ATPE6"
[1] NA
[1] "AZTE3"
[1] NA
[1] "AZTE6"
[1] NA
[1] "AZTE5"
[1] NA
[1] "AZTE4"
[1] NA
[1] "B.Cl.AlaE4"
[1] NA
[1] "B.Cl.AlaE1"
[1] NA
[1] "B.Cl.AlaE2"
[1] NA
[1] "B.Cl.AlaE6"
[1] NA
[1] "BSDE5"
[1] NA
[1] "BSDE4"
[1] NA
[1] "BSDE2"
[1] NA
[1] "BSDE6"
[1] NA
[1] "BZE1"
[1] NA
[1] "BZE2"
[1] NA
[1] "BZE6"
[1] NA
[1] "BZE4"
[1] NA
[1] "CBPCE5"
[1] NA
[1] "CBPCE1"
[1] NA
[1] "CBPCE3"
[1] NA
[1] "CBPCE2"
[1] NA
[1] "CCCPE4"
[1] NA
[1] "CCCPE5"
[1] NA
[1] "CCCPE6"
[1] NA
[1] "CCCPE3"
[1] NA
[1] "CMZE4"
[1] NA
[1] "CMZE1"
[1] NA
[1] "CMZE3"
[1] NA
[1] "CMZE6"
[1] NA
[1] "CPE6"
[1] NA
[1] "CPE2"
[1] NA
[1] "CPE5"
[1] NA
[1] "CPE3"
[1] NA
[1] "DCSE4"
[1] NA
[1] "DCSE2"
[1] NA
[1] "DCSE3"
[1] NA
[1] "DCSE5"
[1] NA
[1] "DVALE6"
[1] NA
[1] "DVALE2"
[1] NA
[1] "DVALE1"
[1] NA
[1] "DVALE5"
[1] NA
[1] "EDTAE1"
[1] NA
[1] "EDTAE2"
[1] NA
[1] "EDTAE6"
[1] NA
[1] "EDTAE3"
[1] NA
[1] "EME3"
[1] NA
[1] "EME6"
[1] NA
[1] "EME1"
[1] NA
[1] "EME2"
[1] NA
[1] "FOSE3"
[1] NA
[1] "FOSE6"
[1] NA
[1] "FOSE5"
[1] NA
[1] "FOSE1"
[1] NA
[1] "FTDE4"
[1] NA
[1] "FTDE1"
[1] NA
[1] "FTDE2"
[1] NA
[1] "FTDE3"
[1] NA
[1] "GAHE3"
[1] NA
[1] "GAHE2"
[1] NA
[1] "GAHE1"
[1] NA
[1] "GAHE4"
[1] NA
[1] "H2O2E3"
[1] NA
[1] "H2O2E2"
[1] NA
[1] "H2O2E5"
[1] NA
[1] "H2O2E6"
[1] NA
[1] "HSEE4"
[1] NA
[1] "HSEE2"
[1] NA
[1] "HSEE3"
[1] NA
[1] "HSEE1"
[1] NA
[1] "KME1"
[1] NA
[1] "KME5"
[1] NA
[1] "KME6"
[1] NA
[1] "KME4"
[1] NA
[1] "KTeE5"
[1] NA
[1] "KTeE2"
[1] NA
[1] "KTeE3"
[1] NA
[1] "KTeE6"
[1] NA
[1] "LVALE6"
[1] NA
[1] "LVALE3"
[1] NA
[1] "LVALE4"
[1] NA
[1] "LVALE5"
[1] NA
[1] "MECE5"
[1] NA
[1] "MECE6"
[1] NA
[1] "MECE3"
[1] NA
[1] "MECE2"
[1] NA
[1] "MMCE6"
[1] NA
[1] "MMCE4"
[1] NA
[1] "MMCE1"
[1] NA
[1] "MMCE5"
[1] NA
[1] "NFLXE1"
[1] NA
[1] "NFLXE6"
[1] NA
[1] "NFLXE5"
[1] NA
[1] "NFLXE4"
[1] NA
[1] "NiClE1"
[1] NA
[1] "NiClE6"
[1] NA
[1] "NiClE2"
[1] NA
[1] "NiClE3"
[1] NA
[1] "NITE3"
[1] NA
[1] "NITE2"
[1] NA
[1] "NITE1"
[1] NA
[1] "NITE5"
[1] NA
[1] "NMNOE5"
[1] NA
[1] "NMNOE6"
[1] NA
[1] "NMNOE1"
[1] NA
[1] "NMNOE4"
[1] NA
[1] "NQOE5"
[1] NA
[1] "NQOE6"
[1] NA
[1] "NQOE4"
[1] NA
[1] "NQOE3"
[1] NA
[1] "NVAE1"
[1] NA
[1] "NVAE2"
[1] NA
[1] "NVAE5"
[1] NA
[1] "NVAE6"
[1] NA
[1] "PHENE2"
[1] NA
[1] "PHENE5"
[1] NA
[1] "PHENE6"
[1] NA
[1] "PHENE1"
[1] NA
[1] "PLME3"
[1] NA
[1] "PLME5"
[1] NA
[1] "PLME6"
[1] NA
[1] "PLME1"
[1] NA
[1] "PMZE1"
[1] NA
[1] "PMZE4"
[1] NA
[1] "PMZE6"
[1] NA
[1] "PMZE2"
[1] NA
[1] "PSE5"
[1] NA
[1] "PSE6"
[1] NA
[1] "PSE2"
[1] NA
[1] "PSE4"
[1] NA
[1] "PURE2"
[1] NA
[1] "PURE3"
[1] NA
[1] "PURE1"
[1] NA
[1] "PURE5"
[1] NA
[1] "RFPE4"
[1] NA
[1] "RFPE1"
[1] NA
[1] "RFPE3"
[1] NA
[1] "RFPE2"
[1] NA
[1] "SDCE1"
[1] NA
[1] "SDCE6"
[1] NA
[1] "SDCE2"
[1] NA
[1] "SDCE3"
[1] NA
[1] "SHXE3"
[1] NA
[1] "SHXE1"
[1] NA
[1] "SHXE5"
[1] NA
[1] "SHXE4"
[1] NA
[1] "SSE2"
[1] NA
[1] "SSE6"
[1] NA
[1] "SSE1"
[1] NA
[1] "SSE4"
[1] NA
[1] "SXZE2"
[1] NA
[1] "SXZE4"
[1] NA
[1] "SXZE1"
[1] NA
[1] "SXZE5"
[1] NA
[1] "TETE4"
[1] NA
[1] "TETE1"
[1] NA
[1] "TETE2"
[1] NA
[1] "TETE6"
[1] NA
[1] "VCME6"
[1] NA
[1] "VCME2"
[1] NA
[1] "VCME4"
[1] NA
[1] "VCME5"
[1] NA
[1] "M9E1"
[1] NA
[1] "M9E2"
[1] NA
[1] "M9E3"
[1] NA
[1] "M9E4"
[1] NA
[1] "MDS42-n1"
[1] NA
[1] "MDS42-n2"
[1] NA
[1] "MDS42-n3"
[1] NA
[1] "MDS42-n4"
[1] NA
