[1] NA
[1] "culture"
[1] NA
[1] "culture"
[1] NA
[1] "culture"
[1] NA
[1] "culture"
[1] NA
[1] "culture"
[1] NA
[1] "culture"
[1] NA
[1] "culture"
[1] NA
[1] "culture"
[1] NA
[1] "culture"
[1] NA
[1] "culture"
[1] NA
[1] "culture"
[1] NA
[1] "culture"
[1] NA
[1] "culture"
[1] NA
[1] "culture"
[1] NA
[1] "culture"
[1] NA
[1] "culture"
[1] NA
[1] "culture"
[1] NA
[1] "culture"
[1] NA
[1] "culture"
[1] NA
[1] "culture"
[1] NA
[1] "culture"
[1] NA
[1] "culture"
[1] NA
[1] "culture"
[1] NA
[1] "culture"
[1] NA
[1] "culture"
[1] NA
[1] "culture"
[1] NA
[1] "culture"
[1] NA
[1] "culture"
[1] NA
[1] "culture"
[1] NA
[1] "culture"
[1] NA
[1] "culture"
[1] NA
[1] "culture"
[1] NA
[1] "culture"
[1] NA
[1] "culture"
[1] NA
[1] "culture"
[1] NA
[1] "culture"
[1] NA
[1] "culture"
[1] NA
[1] "culture"
[1] NA
[1] "culture"
[1] NA
[1] "culture"
[1] NA
[1] "culture"
[1] NA
[1] "culture"
[1] NA
[1] "culture"
[1] NA
[1] "culture"
[1] NA
[1] "culture"
[1] NA
[1] "culture"
[1] NA
[1] "culture"
[1] NA
[1] "culture"
[1] NA
[1] "culture"
[1] NA
[1] "culture"
[1] NA
[1] "culture"
[1] NA
