[1] "Signal"
[1] "Escherichia coli cells with 30 min incubation in chlorine"
[1] "30"
[1] "108000"
[1] "Escherichia coli cells with 30 min incubation in chlorine"
[1] "30"
[1] "108000"
[1] "Escherichia coli cells with 30 min incubation in H2O2"
[1] "30"
[1] "108000"
[1] "Escherichia coli cells with 30 min incubation in H2O3"
[1] "30"
[1] "108000"
[1] "Escherichia coli cells with 30 min incubation in BHI broth"
[1] "30"
[1] "108000"
[1] "Escherichia coli cells with 30 min incubation in BHI broth"
[1] "30"
[1] "108000"
[1] "Escherichia coli cells with 30 min incubation in chlorine"
[1] "30"
[1] "108000"
[1] "Escherichia coli cells with 30 min incubation in chlorine"
[1] "30"
[1] "108000"
[1] "Escherichia coli cells with 30 min incubation in H2O2"
[1] "30"
[1] "108000"
[1] "Escherichia coli cells with 30 min incubation in H2O3"
[1] "30"
[1] "108000"
[1] "Escherichia coli cells with 30 min incubation in BHI broth"
[1] "30"
[1] "108000"
[1] "Escherichia coli cells with 30 min incubation in BHI broth"
[1] "30"
[1] "108000"
