[1] NA
[1] "bacteria"
[1] NA
[1] "bacteria"
[1] NA
[1] "bacteria"
[1] NA
[1] "bacteria"
[1] NA
[1] "bacteria"
[1] NA
[1] "bacteria"
[1] NA
[1] "bacteria"
[1] NA
[1] "bacteria"
[1] NA
[1] "bacteria"
[1] NA
[1] "bacteria"
[1] NA
[1] "bacteria"
[1] NA
[1] "bacteria"
[1] NA
[1] "bacteria"
[1] NA
[1] "bacteria"
[1] NA
[1] "bacteria"
[1] NA
[1] "bacteria"
[1] NA
[1] "bacteria"
[1] NA
[1] "bacteria"
[1] NA
[1] "bacteria"
[1] NA
[1] "bacteria"
[1] NA
[1] "bacteria"
[1] NA
[1] "bacteria"
[1] NA
[1] "bacteria"
[1] NA
[1] "bacteria"
[1] NA
[1] "bacteria"
[1] NA
[1] "bacteria"
[1] NA
[1] "bacteria"
[1] NA
[1] "bacteria"
[1] NA
[1] "bacteria"
[1] NA
