[1] NA
[1] "HEK293T"
[1] NA
[1] "HEK293T"
[1] NA
[1] "HEK293T"
[1] NA
[1] "HEK293T"
[1] NA
[1] "HEK293T"
[1] NA
[1] "HEK293T"
[1] NA
[1] "HEK293T"
[1] NA
[1] "HEK293T"
[1] NA
[1] "HEK293T"
[1] NA
[1] "HEK293T"
[1] NA
[1] "HEK293T"
[1] NA
[1] "HEK293T"
[1] NA
[1] "HEK293T"
[1] NA
[1] "HEK293T"
[1] NA
[1] "HEK293T"
[1] NA
[1] "HEK293T"
[1] NA
[1] "HEK293T"
[1] NA
[1] "HEK293T"
[1] NA
[1] "HEK293T"
[1] NA
[1] "HEK293T"
[1] NA
[1] "HEK293T"
[1] NA
[1] "HEK293T"
[1] NA
[1] "HEK293T"
[1] NA
[1] "HEK293T"
[1] NA
[1] "HEK293T"
[1] NA
[1] "HEK293T"
[1] NA
[1] "HEK293T"
[1] NA
[1] "HEK293T"
[1] NA
[1] "HEK293T"
[1] NA
[1] "HEK293T"
[1] NA
[1] "HEK293T"
[1] NA
[1] "HEK293T"
[1] NA
[1] "HEK293T"
[1] NA
[1] "HEK293T"
[1] NA
[1] "HEK293T"
[1] NA
[1] "HEK293T"
[1] NA
[1] "HEK293T"
[1] NA
[1] "HEK293T"
[1] NA
[1] "HEK293T"
[1] NA
[1] "HEK293T"
[1] NA
[1] "HEK293T"
[1] NA
[1] "HEK293T"
[1] NA
[1] "HEK293T"
[1] NA
[1] "HEK293T"
[1] NA
[1] "HEK293T"
[1] NA
[1] "HEK293T"
[1] NA
[1] "HEK293T"
[1] NA
[1] "HEK293T"
[1] NA
[1] "HEK293T"
[1] NA
[1] "HEK293T"
[1] NA
[1] "HEK293T"
[1] NA
[1] "HEK293T"
[1] NA
[1] "source: NEB 5-alpha Electrocompetent cells (#C2989K)"
[1] NA
[1] "source: NEB 5-alpha Electrocompetent cells (#C2989K)"
[1] NA
[1] "source: NEB 5-alpha Electrocompetent cells (#C2989K)"
[1] NA
