[1] NA
[1] "7H9 broth culture"
[1] NA
[1] "7H9 broth culture"
[1] NA
[1] "7H9 broth culture"
[1] NA
[1] "7H9 broth culture"
[1] NA
[1] "7H9 broth culture"
[1] NA
[1] "7H9 broth culture"
[1] NA
[1] "7H9 broth culture"
[1] NA
[1] "7H9 broth culture"
[1] NA
[1] "7H9 broth culture"
[1] NA
[1] "7H9 broth culture"
[1] NA
[1] "7H9 broth culture"
[1] NA
[1] "7H9 broth culture"
[1] NA
[1] "7H9 broth culture"
[1] NA
[1] "7H9 broth culture"
[1] NA
[1] "7H9 broth culture"
[1] NA
[1] "7H9 broth culture"
[1] NA
[1] "7H9 broth culture"
[1] NA
[1] "7H9 broth culture"
[1] NA
[1] "7H9 broth culture"
[1] NA
[1] "7H9 broth culture"
[1] NA
[1] "7H9 broth culture"
[1] NA
[1] "7H9 broth culture"
[1] NA
[1] "7H9 broth culture"
[1] NA
[1] "7H9 broth culture"
[1] NA
