[1] "MAS5.0 signal intensity"
[1] "E.coli wt cells overexpressing GraL"
[1] NA
[1] "E.coli wt cells overexpressing GraL"
[1] NA
[1] "E.coli wt cells overexpressing GraL"
[1] NA
[1] "E.coli wt cells with vector control"
[1] NA
[1] "E.coli wt cells with vector control"
[1] NA
[1] "E.coli wt cells with vector control"
[1] NA
[1] "E.coli ppGpp0 cells overexpressing GraL"
[1] NA
[1] "E.coli ppGpp0 cells overexpressing GraL"
[1] NA
[1] "E.coli ppGpp0 cells overexpressing GraL"
[1] NA
[1] "E.coli ppGpp0 cells with vector control"
[1] NA
[1] "E.coli ppGpp0 cells with vector control"
[1] NA
[1] "E.coli ppGpp0 cells with vector control"
[1] NA
