[1] "RMA signal intensity"
[1] "Mouse gastric epithelial progenitor cells (no H.pylori)"
[1] NA
[1] "Mouse gastric epithelial progenitor cells (no H.pylori)"
[1] NA
[1] "Mouse gastric epithelial progenitor cells, infected with H.pylori strain HPAG (ChAG associated)"
[1] NA
[1] "Mouse gastric epithelial progenitor cells, infected with H.pylori strain HPAG (ChAG associated)"
[1] NA
[1] "Mouse gastric epithelial progenitor cells, infected with H.pylori strain HPAG (ChAG associated)"
[1] NA
[1] "Mouse gastric epithelial progenitor cells, infected with H.pylori strain HPAG (ChAG associated)"
[1] NA
[1] "Mouse gastric epithelial progenitor cells, infected with H.pylori strain HPAG (ChAG associated)"
[1] NA
[1] "Mouse gastric epithelial progenitor cells, infected with H.pylori strain HPAG (ChAG associated)"
[1] NA
[1] "Mouse gastric epithelial progenitor cells, infected with H.pylori strain HPAG (with HopZ knockout)"
[1] NA
[1] "Mouse gastric epithelial progenitor cells, infected with H.pylori strain HPAG (with HopZ knockout)"
[1] NA
[1] "Mouse gastric epithelial progenitor cells, infected with H.pylori strain HPAG (with HopZ knockout)"
[1] NA
[1] "Mouse non-progenitor gastric epithelial cells (no H.pylori)"
[1] NA
[1] "Mouse non-progenitor gastric epithelial cells, infected with H.pylori strain HPAG (ChAG associated)"
[1] NA
[1] "Mouse non-progenitor gastric epithelial cells, infected with H.pylori strain HPAG (ChAG associated)"
[1] NA
[1] "Mouse non-progenitor gastric epithelial cells, infected with H.pylori strain HPAG (ChAG associated)"
[1] NA
[1] "H.pylori strain HPAG (ChAG associated) in mammalian cell media"
[1] NA
[1] "H.pylori strain HPAG (ChAG associated) in mammalian cell media"
[1] NA
[1] "H.pylori strain HPAG (ChAG associated) in mammalian cell media"
[1] NA
[1] "H.pylori strain HPAG (ChAG associated) in mammalian cell media"
[1] NA
[1] "H.pylori strain HPAG (ChAG associated) in mammalian cell media"
[1] NA
[1] "H.pylori strain HPAG (ChAG associated) in mammalian cell media"
[1] NA
[1] "H.pylori strain HPAG (with HopZ knockout) in mammalian cell media"
[1] NA
[1] "H.pylori strain HPAG (with HopZ knockout) in mammalian cell media"
[1] NA
[1] "H.pylori strain HPAG (with HopZ knockout) in mammalian cell media"
[1] NA
[1] "Mouse gastric epithelial progenitor cells, infected with H.pylori strain 488 Kx1 (ChAG associated)"
[1] NA
[1] "Mouse gastric epithelial progenitor cells, infected with H.pylori strain 488 Kx1 (ChAG associated)"
[1] NA
[1] "Mouse gastric epithelial progenitor cells, infected with H.pylori strain 488 Kx1 (ChAG associated)"
[1] NA
[1] "Mouse gastric epithelial progenitor cells, infected with H.pylori strain 488 Kx1 (ChAG associated)"
[1] NA
[1] "Mouse gastric epithelial progenitor cells, infected with H.pylori strain 488 Kx1 (ChAG associated)"
[1] NA
[1] "Mouse gastric epithelial progenitor cells, infected with H.pylori strain 488 Kx1 (ChAG associated)"
[1] NA
[1] "H.pylori strain 488 Kx1 (ChAG associated) in mammalian cell media"
[1] NA
[1] "H.pylori strain 488 Kx1 (ChAG associated) in mammalian cell media"
[1] NA
[1] "H.pylori strain 488 Kx2 (gastric cancer associated) in mammalian cell media"
[1] NA
[1] "H.pylori strain 488 Kx2 (gastric cancer associated) in mammalian cell media"
[1] NA
[1] "H.pylori strain 488 Kx2 (gastric cancer associated) in mammalian cell media"
[1] NA
[1] "H.pylori strain HPAG (ChAG associated) 1hr in rich media, pH 7"
[1] "1"
[1] "3600"
[1] "H.pylori strain HPAG (ChAG associated) 1hr in rich media, pH 7"
[1] "1"
[1] "3600"
[1] "H.pylori strain HPAG (ChAG associated) 1hr in rich media, pH 7"
[1] "1"
[1] "3600"
[1] "H.pylori strain HPAG (ChAG associated) 1hr in rich media, pH 5"
[1] "1"
[1] "3600"
[1] "H.pylori strain HPAG (ChAG associated) 1hr in rich media, pH 5"
[1] "1"
[1] "3600"
[1] "H.pylori strain HPAG (ChAG associated) 1hr in rich media, pH 5"
[1] "1"
[1] "3600"
[1] "H.pylori strain HPAG (HopZ) 0hr in rich media, pH 7"
[1] "0"
[1] "0"
[1] "H.pylori strain HPAG (HopZ) 0hr in rich media, pH 7"
[1] "0"
[1] "0"
[1] "H.pylori strain HPAG (HopZ) 0hr in rich media, pH 7"
[1] "0"
[1] "0"
[1] "H.pylori strain HPAG (HopZ) 1hr in rich media, pH 7"
[1] "1"
[1] "3600"
[1] "H.pylori strain HPAG (HopZ) 1hr in rich media, pH 7"
[1] "1"
[1] "3600"
[1] "H.pylori strain HPAG (HopZ) 1hr in rich media, pH 7"
[1] "1"
[1] "3600"
[1] "H.pylori strain HPAG (HopZ) 1hr in rich media, pH 5"
[1] "1"
[1] "3600"
[1] "H.pylori strain HPAG (HopZ) 1hr in rich media, pH 5"
[1] "1"
[1] "3600"
[1] "H.pylori strain HPAG (HopZ) 1hr in rich media, pH 5"
[1] "1"
[1] "3600"
 [1] "3600" "3600" "3600" "3600" "3600" "3600" "0"    "0"    "0"    "3600"
[11] "3600" "3600" "3600" "3600" "3600"
[1] "ID"      "ORF"     "SPOT_ID"
[1] "gene symbol column not found. searching for ORF column..."
[1] "orf column not found: checking for '//' exeption..."
