[1] NA
[1] "Exponential phase bacterial culture of PAO1"
[1] NA
[1] "Exponential phase bacterial culture of PAO1"
[1] NA
[1] "Exponential phase bacterial culture of PAO1"
[1] NA
[1] "Exponential phase bacterial culture of PAO1 treated by TRQ"
[1] NA
[1] "Exponential phase bacterial culture of PAO1 treated by TRQ"
[1] NA
[1] "Exponential phase bacterial culture of PAO1 treated by TRQ"
[1] NA
[1] "Stationary phase bacterial culture of PAO1"
[1] NA
[1] "Stationary phase bacterial culture of PAO1"
[1] NA
[1] "Stationary phase bacterial culture of PAO1"
[1] NA
[1] "Stationary phase bacterial culture of PAO1 treated by TRQ"
[1] NA
[1] "Stationary phase bacterial culture of PAO1 treated by TRQ"
[1] NA
[1] "Stationary phase bacterial culture of PAO1 treated by TRQ"
[1] NA
