[1] NA
[1] "1-WT-STR-0h"
[1] "-0"
[1] "2-WT-STR-5min"
[1] "-5"
[1] "3-WT-PFR5-5min"
[1] "-5"
[1] "4-WT-STR-28h"
[1] "-28"
[1] "5-WT-PFR5-28h"
[1] "-28"
[1] "6-SR-STR-0h"
[1] "-0"
[1] "7-SR-STR-5min"
[1] "-5"
[1] "8-SR-PFR5-5min"
[1] "-5"
[1] "9-SR-STR-28h"
[1] "-28"
[1] "10-SR-PFR5-28h"
[1] "-28"
[1] "11-WT-STR-0h"
[1] "-0"
[1] "12-WT-STR-5min"
[1] "-5"
[1] "13-WT-PFR5-5min"
[1] "-5"
[1] "14-WT-STR-28h"
[1] "-28"
[1] "15-WT-PFR5-28h"
[1] "-28"
[1] "16-SR-STR-0h"
[1] "-0"
[1] "17-SR-STR-5min"
[1] "-5"
[1] "18-SR-PFR5-5min"
[1] "-5"
[1] "19-SR-STR-28h"
[1] "-28"
[1] "20-SR-PFR5-28h"
[1] "-28"
