[1] NA
[1] "H37Rv Cholesterol_1"
[1] NA
[1] "H37Rv Cholesterol_2"
[1] NA
[1] "H37Rv Cholesterol_3"
[1] NA
[1] "H37Rv Cholesterol_4"
[1] NA
[1] "H37Rv Glycerol_1"
[1] NA
[1] "H37Rv Glycerol_2"
[1] NA
[1] "H37Rv Glycerol_3"
[1] NA
[1] "H37Rv Glycerol_4"
[1] NA
[1] "Rv1720c.mutant Cholesterol_1"
[1] NA
[1] "Rv1720c.mutant Cholesterol_2"
[1] NA
[1] "Rv1720c.mutant Cholesterol_3"
[1] NA
[1] "Rv1720c.mutant Cholesterol_4"
[1] NA
[1] "Rv1720c.mutant Glycerol_1"
[1] NA
[1] "Rv1720c.mutant Glycerol_2"
[1] NA
[1] "Rv1720c.mutant Glycerol_3"
[1] NA
[1] "Rv1720c.mutant Glycerol_4"
[1] NA
[1] "H37Rv Cholesterol_5"
[1] NA
[1] "H37Rv Cholesterol_6"
[1] NA
[1] "H37Rv Cholesterol_7"
[1] NA
[1] "H37Rv Cholesterol_8"
[1] NA
[1] "H37Rv Cholesterol_Rifampicin_5"
[1] NA
[1] "H37Rv Cholesterol_Rifampicin_6"
[1] NA
[1] "H37Rv Cholesterol_Rifampicin_7"
[1] NA
[1] "H37Rv Cholesterol_Rifampicin_8"
[1] NA
[1] "H37Rv Glycerol_5"
[1] NA
[1] "H37Rv Glycerol_6"
[1] NA
[1] "H37Rv Glycerol_7"
[1] NA
[1] "H37Rv Glycerol_8"
[1] NA
[1] "H37Rv Glycerol_Rifampicin_5"
[1] NA
[1] "H37Rv Glycerol_Rifampicin_6"
[1] NA
[1] "H37Rv Glycerol_Rifampicin_7"
[1] NA
[1] "H37Rv Glycerol_Rifampicin_8"
[1] NA
