[1] NA
[1] "in-vitro"
[1] NA
[1] "in-vitro"
[1] NA
[1] "in-vitro"
[1] NA
[1] "in-vitro"
[1] NA
[1] "in-vitro"
[1] NA
[1] "in-vitro"
[1] NA
[1] "in-vitro"
[1] NA
[1] "in-vitro"
[1] NA
[1] "in-vitro"
[1] NA
[1] "in-vitro"
[1] NA
[1] "in-vitro"
[1] NA
[1] "in-vitro"
[1] NA
[1] "in-vitro"
[1] NA
[1] "in-vitro"
[1] NA
[1] "in-vitro"
[1] NA
[1] "in-vitro"
[1] NA
[1] "in-vitro"
[1] NA
[1] "in-vitro"
[1] NA
[1] "in-vitro"
[1] NA
[1] "in-vitro"
[1] NA
[1] "in-vitro"
[1] NA
[1] "in-vitro"
[1] NA
[1] "in-vitro"
[1] NA
[1] "in-vitro"
[1] NA
[1] "in-vitro"
[1] NA
[1] "in-vitro"
[1] NA
[1] "in-vitro"
[1] NA
[1] "in-vitro"
[1] NA
[1] "in-vitro"
[1] NA
[1] "in-vitro"
[1] NA
