[1] NA
[1] "Escherichia coli MG1655"
[1] NA
[1] "Escherichia coli MG1655"
[1] NA
[1] "Escherichia coli MG1655"
[1] NA
[1] "Escherichia coli MG1655"
[1] NA
[1] "Escherichia coli MG1655"
[1] NA
[1] "Escherichia coli MG1655"
[1] NA
[1] "Escherichia coli MG1655"
[1] NA
[1] "Saccharomyces cerevisiae"
[1] NA
[1] "Saccharomyces cerevisiae"
[1] NA
[1] "Saccharomyces cerevisiae"
[1] NA
[1] "Saccharomyces cerevisiae"
[1] NA
[1] "Escherichia coli MG1655"
[1] NA
[1] "Escherichia coli MG1655"
[1] NA
[1] "Saccharomyces cerevisiae"
[1] NA
[1] "Saccharomyces cerevisiae"
[1] NA
[1] "Saccharomyces cerevisiae"
[1] NA
[1] "Saccharomyces cerevisiae"
[1] NA
[1] "Saccharomyces cerevisiae"
[1] NA
[1] "Saccharomyces cerevisiae"
[1] NA
[1] "Saccharomyces cerevisiae"
[1] NA
[1] "Saccharomyces cerevisiae"
[1] NA
[1] "ML3289 (OAY470 LEU2::-gal1/10-GapR-3xFLAG) in exponential phase, grown in raffinose and induced with galactose"
[1] NA
[1] "ML3289 (OAY470 LEU2::-gal1/10-GapR-3xFLAG) in exponential phase, grown in raffinose and induced with galactose"
[1] NA
[1] "ML3289 (OAY470 LEU2::-gal1/10-GapR-3xFLAG) in exponential phase, grown in raffinose, alpha-factor arrested, and induced with galactose"
[1] NA
[1] "ML3289 (OAY470 LEU2::-gal1/10-GapR-3xFLAG) in exponential phase, grown in raffinose, alpha-factor arrested, and induced with galactose"
[1] NA
[1] "ML3289 (OAY470 LEU2::-gal1/10-GapR-3xFLAG) in exponential phase, grown in glycerol and induced with galactose"
[1] NA
[1] "ML3287 (OAY470) in exponential phase, grown in raffinose and induced with galactose"
[1] NA
[1] "ML3287 (OAY470) in exponential phase, grown in raffinose and induced with galactose"
[1] NA
