Setting options('download.file.method.GEOquery'='auto')
Setting options('GEOquery.inmemory.gpl'=FALSE)
Loading required package: Biobase
Loading required package: BiocGenerics

Attaching package: 'BiocGenerics'

The following objects are masked from 'package:stats':

    IQR, mad, sd, var, xtabs

The following objects are masked from 'package:base':

    anyDuplicated, aperm, append, as.data.frame, basename, cbind,
    colnames, dirname, do.call, duplicated, eval, evalq, Filter, Find,
    get, grep, grepl, intersect, is.unsorted, lapply, Map, mapply,
    match, mget, order, paste, pmax, pmax.int, pmin, pmin.int,
    Position, rank, rbind, Reduce, rownames, sapply, setdiff, table,
    tapply, union, unique, unsplit, which.max, which.min

Welcome to Bioconductor

    Vignettes contain introductory material; view with
    'browseVignettes()'. To cite Bioconductor, see
    'citation("Biobase")', and for packages 'citation("pkgname")'.


Attaching package: 'fs'

The following object is masked from 'package:BiocGenerics':

    path

Using locally cached version of GSE152848 found here:
C:\Users\Rafael\repos\personal\geo_data_analysis\data/GSE152848/GSE152848.soft.gz 
Reading file....
Parsing....
Found 335 entities...
GPL18133 (1 of 336 entities)
GPL19006 (2 of 336 entities)
GPL20656 (3 of 336 entities)
GPL23152 (4 of 336 entities)
GPL25164 (5 of 336 entities)
GPL28719 (6 of 336 entities)
GSM4626900 (7 of 336 entities)
GSM4626901 (8 of 336 entities)
GSM4626902 (9 of 336 entities)
GSM4626903 (10 of 336 entities)
GSM4626904 (11 of 336 entities)
GSM4626905 (12 of 336 entities)
GSM4626906 (13 of 336 entities)
GSM4626907 (14 of 336 entities)
GSM4626908 (15 of 336 entities)
GSM4626909 (16 of 336 entities)
GSM4626910 (17 of 336 entities)
GSM4626911 (18 of 336 entities)
GSM4626912 (19 of 336 entities)
GSM4626913 (20 of 336 entities)
GSM4626914 (21 of 336 entities)
GSM4626915 (22 of 336 entities)
GSM4626916 (23 of 336 entities)
GSM4626917 (24 of 336 entities)
GSM4626918 (25 of 336 entities)
GSM4626919 (26 of 336 entities)
GSM4626920 (27 of 336 entities)
GSM4626921 (28 of 336 entities)
GSM4626922 (29 of 336 entities)
GSM4626923 (30 of 336 entities)
GSM4626924 (31 of 336 entities)
GSM4626925 (32 of 336 entities)
GSM4626926 (33 of 336 entities)
GSM4626927 (34 of 336 entities)
GSM4626928 (35 of 336 entities)
GSM4626929 (36 of 336 entities)
GSM4626930 (37 of 336 entities)
GSM4626931 (38 of 336 entities)
GSM4626932 (39 of 336 entities)
GSM4626933 (40 of 336 entities)
GSM4626934 (41 of 336 entities)
GSM4626935 (42 of 336 entities)
GSM4626936 (43 of 336 entities)
GSM4626937 (44 of 336 entities)
GSM4626938 (45 of 336 entities)
GSM4626939 (46 of 336 entities)
GSM4626940 (47 of 336 entities)
GSM4626941 (48 of 336 entities)
GSM4626942 (49 of 336 entities)
GSM4626943 (50 of 336 entities)
GSM4626944 (51 of 336 entities)
GSM4626945 (52 of 336 entities)
GSM4626946 (53 of 336 entities)
GSM4626947 (54 of 336 entities)
GSM4626972 (55 of 336 entities)
GSM4626973 (56 of 336 entities)
GSM4626974 (57 of 336 entities)
GSM4626975 (58 of 336 entities)
GSM4626976 (59 of 336 entities)
GSM4626977 (60 of 336 entities)
GSM4626978 (61 of 336 entities)
GSM4626979 (62 of 336 entities)
GSM4626980 (63 of 336 entities)
GSM4626981 (64 of 336 entities)
GSM4626982 (65 of 336 entities)
GSM4626983 (66 of 336 entities)
GSM4626984 (67 of 336 entities)
GSM4626985 (68 of 336 entities)
GSM4626986 (69 of 336 entities)
GSM4626987 (70 of 336 entities)
GSM4626988 (71 of 336 entities)
GSM4626989 (72 of 336 entities)
GSM4626990 (73 of 336 entities)
GSM4626991 (74 of 336 entities)
GSM4626992 (75 of 336 entities)
GSM4626993 (76 of 336 entities)
GSM4626994 (77 of 336 entities)
GSM4626995 (78 of 336 entities)
GSM4626996 (79 of 336 entities)
GSM4626997 (80 of 336 entities)
GSM4626998 (81 of 336 entities)
GSM4626999 (82 of 336 entities)
GSM4627000 (83 of 336 entities)
GSM4627001 (84 of 336 entities)
GSM4627004 (85 of 336 entities)
GSM4627005 (86 of 336 entities)
GSM4627006 (87 of 336 entities)
GSM4627007 (88 of 336 entities)
GSM4627008 (89 of 336 entities)
GSM4627009 (90 of 336 entities)
GSM4627010 (91 of 336 entities)
GSM4627011 (92 of 336 entities)
GSM4627012 (93 of 336 entities)
GSM4627013 (94 of 336 entities)
GSM4627014 (95 of 336 entities)
GSM4627015 (96 of 336 entities)
GSM4627016 (97 of 336 entities)
GSM4627017 (98 of 336 entities)
GSM4627018 (99 of 336 entities)
GSM4627019 (100 of 336 entities)
GSM4627020 (101 of 336 entities)
GSM4627021 (102 of 336 entities)
GSM4627022 (103 of 336 entities)
GSM4627023 (104 of 336 entities)
GSM4627024 (105 of 336 entities)
GSM4627025 (106 of 336 entities)
GSM4627026 (107 of 336 entities)
GSM4627027 (108 of 336 entities)
GSM4627028 (109 of 336 entities)
GSM4627029 (110 of 336 entities)
GSM4627030 (111 of 336 entities)
GSM4627031 (112 of 336 entities)
GSM4627032 (113 of 336 entities)
GSM4627033 (114 of 336 entities)
GSM4627034 (115 of 336 entities)
GSM4627035 (116 of 336 entities)
GSM4627036 (117 of 336 entities)
GSM4627037 (118 of 336 entities)
GSM4627038 (119 of 336 entities)
GSM4627039 (120 of 336 entities)
GSM4627089 (121 of 336 entities)
GSM4627090 (122 of 336 entities)
GSM4627091 (123 of 336 entities)
GSM4627092 (124 of 336 entities)
GSM4627093 (125 of 336 entities)
GSM4627094 (126 of 336 entities)
GSM4627095 (127 of 336 entities)
GSM4627096 (128 of 336 entities)
GSM4627097 (129 of 336 entities)
GSM4627098 (130 of 336 entities)
GSM4627099 (131 of 336 entities)
GSM4627100 (132 of 336 entities)
GSM4627101 (133 of 336 entities)
GSM4627102 (134 of 336 entities)
GSM4627103 (135 of 336 entities)
GSM4627104 (136 of 336 entities)
GSM4627105 (137 of 336 entities)
GSM4627106 (138 of 336 entities)
GSM4627107 (139 of 336 entities)
GSM4627108 (140 of 336 entities)
GSM4627109 (141 of 336 entities)
GSM4627110 (142 of 336 entities)
GSM4627111 (143 of 336 entities)
GSM4627112 (144 of 336 entities)
GSM4627113 (145 of 336 entities)
GSM4627114 (146 of 336 entities)
GSM4627115 (147 of 336 entities)
GSM4627116 (148 of 336 entities)
GSM4627117 (149 of 336 entities)
GSM4627118 (150 of 336 entities)
GSM4627119 (151 of 336 entities)
GSM4627120 (152 of 336 entities)
GSM4627121 (153 of 336 entities)
GSM4627122 (154 of 336 entities)
GSM4627123 (155 of 336 entities)
GSM4627124 (156 of 336 entities)
GSM4627125 (157 of 336 entities)
GSM4627126 (158 of 336 entities)
GSM4627127 (159 of 336 entities)
GSM4627128 (160 of 336 entities)
GSM4627129 (161 of 336 entities)
GSM4627130 (162 of 336 entities)
GSM4627131 (163 of 336 entities)
GSM4627132 (164 of 336 entities)
GSM4627133 (165 of 336 entities)
GSM4627134 (166 of 336 entities)
GSM4627135 (167 of 336 entities)
GSM4627136 (168 of 336 entities)
GSM4627137 (169 of 336 entities)
GSM4627138 (170 of 336 entities)
GSM4627139 (171 of 336 entities)
GSM4627140 (172 of 336 entities)
GSM4627141 (173 of 336 entities)
GSM4627148 (174 of 336 entities)
GSM4627149 (175 of 336 entities)
GSM4627150 (176 of 336 entities)
GSM4627151 (177 of 336 entities)
GSM4627152 (178 of 336 entities)
GSM4627153 (179 of 336 entities)
GSM4627154 (180 of 336 entities)
GSM4627155 (181 of 336 entities)
GSM4627156 (182 of 336 entities)
GSM4627157 (183 of 336 entities)
GSM4627158 (184 of 336 entities)
GSM4627159 (185 of 336 entities)
GSM4627160 (186 of 336 entities)
GSM4627161 (187 of 336 entities)
GSM4627162 (188 of 336 entities)
GSM4627163 (189 of 336 entities)
GSM4627164 (190 of 336 entities)
GSM4627165 (191 of 336 entities)
GSM4627166 (192 of 336 entities)
GSM4627167 (193 of 336 entities)
GSM4627168 (194 of 336 entities)
GSM4627169 (195 of 336 entities)
GSM4627170 (196 of 336 entities)
GSM4627171 (197 of 336 entities)
GSM4627172 (198 of 336 entities)
GSM4627173 (199 of 336 entities)
GSM4627174 (200 of 336 entities)
GSM4627175 (201 of 336 entities)
GSM4627176 (202 of 336 entities)
GSM4627177 (203 of 336 entities)
GSM4627178 (204 of 336 entities)
GSM4627179 (205 of 336 entities)
GSM4627180 (206 of 336 entities)
GSM4627181 (207 of 336 entities)
GSM4627182 (208 of 336 entities)
GSM4627183 (209 of 336 entities)
GSM4627184 (210 of 336 entities)
GSM4627185 (211 of 336 entities)
GSM4627186 (212 of 336 entities)
GSM4627187 (213 of 336 entities)
GSM4627188 (214 of 336 entities)
GSM4627189 (215 of 336 entities)
GSM4627190 (216 of 336 entities)
GSM4627191 (217 of 336 entities)
GSM4627192 (218 of 336 entities)
GSM4627193 (219 of 336 entities)
GSM4627194 (220 of 336 entities)
GSM4627195 (221 of 336 entities)
GSM4627231 (222 of 336 entities)
GSM4627232 (223 of 336 entities)
GSM4627233 (224 of 336 entities)
GSM4627234 (225 of 336 entities)
GSM4627235 (226 of 336 entities)
GSM4627236 (227 of 336 entities)
GSM4627237 (228 of 336 entities)
GSM4627238 (229 of 336 entities)
GSM4627239 (230 of 336 entities)
GSM4627240 (231 of 336 entities)
GSM4627241 (232 of 336 entities)
GSM4627242 (233 of 336 entities)
GSM4627243 (234 of 336 entities)
GSM4627244 (235 of 336 entities)
GSM4627245 (236 of 336 entities)
GSM4627246 (237 of 336 entities)
GSM4627247 (238 of 336 entities)
GSM4627248 (239 of 336 entities)
GSM4627249 (240 of 336 entities)
GSM4627250 (241 of 336 entities)
GSM4627251 (242 of 336 entities)
GSM4627252 (243 of 336 entities)
GSM4627253 (244 of 336 entities)
GSM4627254 (245 of 336 entities)
GSM4627259 (246 of 336 entities)
GSM4627260 (247 of 336 entities)
GSM4627261 (248 of 336 entities)
GSM4627262 (249 of 336 entities)
GSM4627263 (250 of 336 entities)
GSM4627264 (251 of 336 entities)
GSM4627265 (252 of 336 entities)
GSM4627266 (253 of 336 entities)
GSM4627267 (254 of 336 entities)
GSM4627268 (255 of 336 entities)
GSM4627269 (256 of 336 entities)
GSM4627270 (257 of 336 entities)
GSM4630641 (258 of 336 entities)
GSM4630642 (259 of 336 entities)
GSM4630643 (260 of 336 entities)
GSM4630644 (261 of 336 entities)
GSM4630645 (262 of 336 entities)
GSM4630646 (263 of 336 entities)
GSM4630647 (264 of 336 entities)
GSM4630648 (265 of 336 entities)
GSM4630649 (266 of 336 entities)
GSM4630650 (267 of 336 entities)
GSM4630651 (268 of 336 entities)
GSM4630652 (269 of 336 entities)
GSM4630653 (270 of 336 entities)
GSM4630654 (271 of 336 entities)
GSM4630655 (272 of 336 entities)
GSM4630656 (273 of 336 entities)
GSM4630657 (274 of 336 entities)
GSM4630658 (275 of 336 entities)
GSM4630659 (276 of 336 entities)
GSM4630660 (277 of 336 entities)
GSM4630661 (278 of 336 entities)
GSM4630662 (279 of 336 entities)
GSM4630663 (280 of 336 entities)
GSM4630664 (281 of 336 entities)
GSM4630665 (282 of 336 entities)
GSM4630666 (283 of 336 entities)
GSM4630667 (284 of 336 entities)
GSM4630668 (285 of 336 entities)
GSM4630669 (286 of 336 entities)
GSM4630670 (287 of 336 entities)
GSM4630671 (288 of 336 entities)
GSM4630672 (289 of 336 entities)
GSM4630673 (290 of 336 entities)
GSM4630674 (291 of 336 entities)
GSM4630675 (292 of 336 entities)
GSM4630676 (293 of 336 entities)
GSM4630677 (294 of 336 entities)
GSM4630678 (295 of 336 entities)
GSM4630679 (296 of 336 entities)
GSM4630680 (297 of 336 entities)
GSM4630681 (298 of 336 entities)
GSM4630682 (299 of 336 entities)
GSM4630683 (300 of 336 entities)
GSM4630684 (301 of 336 entities)
GSM4630685 (302 of 336 entities)
GSM4630686 (303 of 336 entities)
GSM4630687 (304 of 336 entities)
GSM4630688 (305 of 336 entities)
GSM4630689 (306 of 336 entities)
GSM4630690 (307 of 336 entities)
GSM4630691 (308 of 336 entities)
GSM4630692 (309 of 336 entities)
GSM4630693 (310 of 336 entities)
GSM4630694 (311 of 336 entities)
GSM4630695 (312 of 336 entities)
GSM4630696 (313 of 336 entities)
GSM4630697 (314 of 336 entities)
GSM4630698 (315 of 336 entities)
GSM4630699 (316 of 336 entities)
GSM4630700 (317 of 336 entities)
GSM4630701 (318 of 336 entities)
GSM4630702 (319 of 336 entities)
GSM4630703 (320 of 336 entities)
GSM4630704 (321 of 336 entities)
GSM4630705 (322 of 336 entities)
GSM4630706 (323 of 336 entities)
GSM4630707 (324 of 336 entities)
GSM4630708 (325 of 336 entities)
GSM4630709 (326 of 336 entities)
GSM4630710 (327 of 336 entities)
GSM4630711 (328 of 336 entities)
GSM4630712 (329 of 336 entities)
GSM4630713 (330 of 336 entities)
GSM4630714 (331 of 336 entities)
GSM4630715 (332 of 336 entities)
GSM4630716 (333 of 336 entities)
GSM4630717 (334 of 336 entities)
GSM4630718 (335 of 336 entities)
Error: invalid sample names; likely not time series
Execution halted
