[1] NA
[1] "Engineered bacterial plasmid"
[1] NA
[1] "Engineered bacterial plasmid"
[1] NA
[1] "Engineered bacterial plasmid"
[1] NA
[1] "Engineered bacterial plasmid"
[1] NA
[1] "Engineered bacterial plasmid"
[1] NA
[1] "Engineered bacterial plasmid"
[1] NA
[1] "Engineered bacterial plasmid"
[1] NA
[1] "Engineered bacterial plasmid"
[1] NA
[1] "Engineered bacterial plasmid"
[1] NA
[1] "Engineered bacterial plasmid"
[1] NA
[1] "Engineered bacterial plasmid"
[1] NA
[1] "Engineered bacterial plasmid"
[1] NA
[1] "Engineered bacterial plasmid"
[1] NA
[1] "Engineered bacterial plasmid"
[1] NA
[1] "Engineered bacterial plasmid"
[1] NA
[1] "Engineered bacterial plasmid"
[1] NA
[1] "Engineered bacterial plasmid"
[1] NA
[1] "Engineered bacterial plasmid"
[1] NA
[1] "Engineered bacterial plasmid"
[1] NA
