[1] NA
[1] "crp.ee.chipseq"
[1] NA
[1] "crp.ee.input"
[1] NA
[1] "crp.me.chipseq"
[1] NA
[1] "crp.me,input"
[1] NA
[1] "fismutant.crp.ee.chipseq"
[1] NA
[1] "fismutant.crp.ee.input"
[1] NA
[1] "fismutant.crp.me.chipseq"
[1] NA
[1] "fismutant.crp.me.input"
[1] NA
[1] "fis.ee.chipseq"
[1] NA
[1] "fis.ee.input"
[1] NA
[1] "fis.me.chipseq"
[1] NA
[1] "fis.me.input"
[1] NA
[1] "crpmutant.fis.ee.chipseq"
[1] NA
[1] "crpmutant.fis.ee.input"
[1] NA
[1] "crpmutant.fis.me.chipseq"
[1] NA
[1] "crpmutant.fis.me.input"
[1] NA
[1] "cells"
[1] NA
[1] "cells"
[1] NA
[1] "cells"
[1] NA
[1] "cells"
[1] NA
[1] "cells"
[1] NA
[1] "cells"
[1] NA
[1] "cells"
[1] NA
[1] "cells"
[1] NA
[1] "cells"
[1] NA
[1] "cells"
[1] NA
[1] "cells"
[1] NA
[1] "cells"
[1] NA
[1] "cells"
[1] NA
[1] "cells"
[1] NA
[1] "cells"
[1] NA
[1] "cells"
[1] NA
[1] "cells"
[1] NA
[1] "cells"
[1] NA
[1] "cells"
[1] NA
[1] "cells"
[1] NA
