[1] "MAS5.0 signal intensity after data processing"
[1] "H. pylori isolate Kx1 infecting mouse gastric epithelial progenitor cells"
[1] NA
[1] "H. pylori isolate Kx1 infecting mouse gastric epithelial progenitor cells"
[1] NA
[1] "H. pylori isolate Kx1 infecting mouse gastric epithelial progenitor cells"
[1] NA
[1] "H. pylori isolate Kx2 infecting mouse gastric epithelial progenitor cells"
[1] NA
[1] "H. pylori isolate Kx2 infecting mouse gastric epithelial progenitor cells"
[1] NA
[1] "H. pylori isolate Kx1 grown in cell media for 24h"
[1] "24"
[1] "86400"
[1] "H. pylori isolate Kx1 grown in cell media for 24h"
[1] "24"
[1] "86400"
[1] "H. pylori isolate Kx2 grown in cell media for 24h"
[1] "24"
[1] "86400"
[1] "H. pylori isolate Kx2 grown in cell media for 24h"
[1] "24"
[1] "86400"
