[1] "normalized log2 median intensity ratio representing evolved/ancestor"
[1] "evolved strain CV101, monoculture"
[1] NA
[1] "evolved strain CV101, monoculture"
[1] NA
[1] "evolved strain CV101, monoculture"
[1] NA
[1] "evolved strain CV103, monoculture"
[1] NA
[1] "evolved strain CV103, monoculture"
[1] NA
[1] "evolved strain CV103, monoculture"
[1] NA
[1] "evolved strain CV115, monoculture"
[1] NA
[1] "evolved strain CV115, monoculture"
[1] NA
[1] "evolved strain CV115, monoculture"
[1] NA
[1] "evolved strain CV116, monoculture"
[1] NA
[1] "evolved strain CV116, monoculture"
[1] NA
[1] "evolved strain CV101, monoculture"
[1] NA
[1] "evolved strain CV101, monoculture"
[1] NA
[1] "evolved strain CV101, monoculture"
[1] NA
[1] "evolved strain CV103, monoculture"
[1] NA
[1] "evolved strain CV103, monoculture"
[1] NA
[1] "evolved strain CV103, monoculture"
[1] NA
[1] "evolved strain CV115, monoculture"
[1] NA
[1] "evolved strain CV115, monoculture"
[1] NA
[1] "evolved strain CV115, monoculture"
[1] NA
[1] "evolved strain CV116, monoculture"
[1] NA
[1] "evolved strain CV116, monoculture"
[1] NA
[1] "evolved strain CV116, monoculture"
[1] NA
[1] "evolved strain CV101, monoculture"
[1] NA
[1] "evolved strain CV101, monoculture"
[1] NA
[1] "evolved strain CV101, monoculture"
[1] NA
[1] "evolved strain CV103, monoculture"
[1] NA
[1] "evolved strain CV103, monoculture"
[1] NA
[1] "evolved strain CV103, monoculture"
[1] NA
[1] "evolved strain CV115, monoculture"
[1] NA
[1] "evolved strain CV115, monoculture"
[1] NA
[1] "evolved strain CV115, monoculture"
[1] NA
[1] "evolved strain CV116, monoculture"
[1] NA
[1] "evolved strain CV116, monoculture"
[1] NA
[1] "evolved strain CV116, monoculture"
[1] NA
[1] "consortium 1"
[1] NA
[1] "consortium 1"
[1] NA
[1] "consortium 2"
[1] NA
[1] "consortium 2"
[1] NA
[1] "consortium 3"
[1] NA
[1] "consortium 3"
[1] NA
[1] "evolved strain CV101"
[1] NA
[1] "evolved strain CV103"
[1] NA
[1] "evolved strain CV115"
[1] NA
[1] "evolved strain CV116"
[1] NA
