[1] "log10 of ch1 % of total / ch2 % of total"
[1] "14028s hfq RNA LBlog 061018"
[1] NA
[1] "14028s hfq RNA LBlog 061019"
[1] NA
[1] "14028s hfq RNA LBlog 061020"
[1] NA
[1] "14028s hfq RNA LBstat 061018"
[1] NA
[1] "14028s hfq RNA LBstat 061019"
[1] NA
[1] "14028s hfq RNA LBstat 061020"
[1] NA
[1] "14028s hfq RNA MgMDil 060925"
[1] NA
[1] "14028s hfq RNA MgMDil 060922"
[1] NA
[1] "14028s hfq RNA MgMDil 060927"
[1] NA
[1] "14028s hfq RNA MgMShock 060919"
[1] NA
[1] "14028s hfq RNA MgMShock 060920"
[1] NA
[1] "14028s smpB RNA LBlog 061018"
[1] NA
[1] "14028s smpB RNA LBlog 061019"
[1] NA
[1] "14028s smpB RNA LBlog 061020"
[1] NA
[1] "14028s smpB RNA LBstat 061018"
[1] NA
[1] "14028s hfq RNA MgMShock 060921"
[1] NA
[1] "14028s smpB RNA LBstat 061019"
[1] NA
[1] "14028s smpB RNA LBstat 061020"
[1] NA
[1] "14028s smpB RNA MgMDil 060922"
[1] NA
[1] "14028s smpB RNA MgMDil 060925"
[1] NA
[1] "14028s smpB RNA MgMDil 060927"
[1] NA
[1] "14028s smpB RNA MgMShock 060919"
[1] NA
[1] "14028s smpB RNA MgMShock 060920"
[1] NA
[1] "14028s smpB RNA MgMShock 060921"
[1] NA
[1] "14028s wt RNA LBlog 061018"
[1] NA
[1] "14028s wt RNA LBlog 061019"
[1] NA
[1] "14028s wt RNA LBlog 061020"
[1] NA
[1] "14028s wt RNA LBstat 061018"
[1] NA
[1] "14028s wt RNA LBstat 061019"
[1] NA
[1] "14028s wt RNA LBstat 061020"
[1] NA
[1] "14028s wt RNA MgMDil 060922"
[1] NA
[1] "14028s wt RNA MgMDil 060925"
[1] NA
[1] "14028s wt RNA MgMDil 060927"
[1] NA
[1] "14028s wt RNA MgMShock 060919"
[1] NA
[1] "14028s wt RNA MgMShock 060920"
[1] NA
[1] "14028s wt RNA MgMShock 060921"
[1] NA
