[1] "MAS5-calculated Signal intensity"
[1] "pqsE mutant OD 3"
[1] NA
[1] "pqsE mutant OD 3"
[1] NA
[1] "pqsE mutant OD 3"
[1] NA
[1] "Pseudomonas aeruginosa PA14"
[1] NA
[1] "Pseudomonas aeruginosa PA14"
[1] NA
[1] "Pseudomonas aeruginosa PA14"
[1] NA
[1] "Pseudomonas aeruginosa PA14"
[1] NA
[1] "Pseudomonas aeruginosa PA14"
[1] NA
[1] "mvfR mutant of P. aeruginosa PA14"
[1] NA
[1] "mvfR mutant of P. aeruginosa PA14"
[1] NA
[1] "Pseudomonas aeruginosa PA14"
[1] NA
[1] "Pseudomonas aeruginosa PA14"
[1] NA
[1] "Pseudomonas aeruginosa PA14"
[1] NA
[1] "Pseudomonas aeruginosa PA14"
[1] NA
[1] "Pseudomonas aeruginosa PA14"
[1] NA
[1] "Pseudomonas aeruginosa PA14 constitutively expressed PqsE"
[1] NA
[1] "Pseudomonas aeruginosa PA14 constitutively expressed PqsE"
[1] NA
[1] "Pseudomonas aeruginosa PA14 constitutively expressed PqsE"
[1] NA
[1] "Pseudomonas aeruginosa PA14 mvfR mutant constitutively expressed PqsE"
[1] NA
[1] "Pseudomonas aeruginosa PA14 mvfR mutant constitutively expressed PqsE"
[1] NA
[1] "Pseudomonas aeruginosa PA14 mvfR mutant constitutively expressed PqsE"
[1] NA
[1] "Pseudomonas aeruginosa PA14 mvfR mutant constitutively expressed PqsE"
[1] NA
[1] "Pseudomonas aeruginosa PA14 mvfR mutant constitutively expressed PqsE"
[1] NA
[1] "Pseudomonas aeruginosa PA14 mvfR mutant constitutively expressed PqsE"
[1] NA
