[1] "Each numerical value represents the mean fluorescent intensity (MFI) of each sample and bead after data processing."
[1] "Hospitalized COVID-19"
[1] NA
[1] "Hospitalized COVID-19"
[1] NA
[1] "Hospitalized COVID-19"
[1] NA
[1] "Hospitalized COVID-19"
[1] NA
[1] "Hospitalized COVID-19"
[1] NA
[1] "Hospitalized COVID-19"
[1] NA
[1] "Hospitalized COVID-19"
[1] NA
[1] "Hospitalized COVID-19"
[1] NA
[1] "Hospitalized COVID-19"
[1] NA
[1] "Hospitalized COVID-19"
[1] NA
[1] "Hospitalized COVID-19"
[1] NA
[1] "Hospitalized COVID-19"
[1] NA
[1] "Hospitalized COVID-19"
[1] NA
[1] "Hospitalized COVID-19"
[1] NA
[1] "Hospitalized COVID-19"
[1] NA
[1] "Hospitalized COVID-19"
[1] NA
[1] "Hospitalized COVID-19"
[1] NA
[1] "Hospitalized COVID-19"
[1] NA
[1] "Hospitalized COVID-19"
[1] NA
[1] "Hospitalized COVID-19"
[1] NA
[1] "Hospitalized COVID-19"
[1] NA
[1] "Hospitalized COVID-19"
[1] NA
[1] "Hospitalized COVID-19"
[1] NA
[1] "Hospitalized COVID-19"
[1] NA
[1] "Hospitalized COVID-19"
[1] NA
[1] "Hospitalized COVID-19"
[1] NA
[1] "Hospitalized COVID-19"
[1] NA
[1] "Hospitalized COVID-19"
[1] NA
[1] "Hospitalized COVID-19"
[1] NA
[1] "Hospitalized COVID-19"
[1] NA
[1] "Hospitalized COVID-19"
[1] NA
[1] "Hospitalized COVID-19"
[1] NA
[1] "Hospitalized COVID-19"
[1] NA
[1] "Hospitalized COVID-19"
[1] NA
[1] "Hospitalized COVID-19"
[1] NA
[1] "Hospitalized COVID-19"
[1] NA
[1] "Hospitalized COVID-19"
[1] NA
[1] "Hospitalized COVID-19"
[1] NA
[1] "Hospitalized COVID-19"
[1] NA
[1] "Hospitalized COVID-19"
[1] NA
[1] "Hospitalized COVID-19"
[1] NA
[1] "Hospitalized COVID-19"
[1] NA
[1] "Hospitalized COVID-19"
[1] NA
[1] "Hospitalized COVID-19"
[1] NA
[1] "Hospitalized COVID-19"
[1] NA
[1] "Hospitalized COVID-19"
[1] NA
[1] "Hospitalized COVID-19"
[1] NA
[1] "Hospitalized COVID-19"
[1] NA
[1] "Hospitalized COVID-19"
[1] NA
[1] "Hospitalized COVID-19"
[1] NA
[1] "Hospitalized COVID-19"
[1] NA
[1] "Healthy Control"
[1] NA
[1] "Healthy Control"
[1] NA
[1] "Healthy Control"
[1] NA
[1] "Healthy Control"
[1] NA
[1] "Healthy Control"
[1] NA
[1] "Healthy Control"
[1] NA
[1] "Healthy Control"
[1] NA
[1] "Healthy Control"
[1] NA
[1] "Healthy Control"
[1] NA
[1] "Healthy Control"
[1] NA
[1] "Healthy Control"
[1] NA
[1] "Healthy Control"
[1] NA
[1] "Healthy Control"
[1] NA
[1] "Healthy Control"
[1] NA
[1] "Healthy Control"
[1] NA
[1] "Healthy Control"
[1] NA
[1] "Healthy Control"
[1] NA
[1] "Healthy Control"
[1] NA
[1] "Healthy Control"
[1] NA
[1] "Healthy Control"
[1] NA
[1] "Healthy Control"
[1] NA
[1] "Healthy Control"
[1] NA
[1] "Healthy Control"
[1] NA
[1] "Healthy Control"
[1] NA
[1] "Healthy Control"
[1] NA
[1] "Healthy Control"
[1] NA
[1] "Healthy Control"
[1] NA
[1] "Healthy Control"
[1] NA
[1] "Healthy Control"
[1] NA
[1] "Healthy Control"
[1] NA
[1] "Healthy Control"
[1] NA
[1] "Positive Control Serum"
[1] NA
[1] "Positive Control Serum"
[1] NA
[1] "Positive Control Serum"
[1] NA
[1] "Positive Control Serum"
[1] NA
[1] "Positive Control Serum"
[1] NA
[1] "Positive Control Serum"
[1] NA
[1] "Positive Control Serum"
[1] NA
[1] "Positive Control Serum"
[1] NA
