[1] NA
[1] "Pirodavir treatment"
[1] NA
[1] "Ebselen treatment"
[1] NA
[1] "Saquinavir treatment"
[1] NA
[1] "Clemizole (hydrochloride) treatment"
[1] NA
[1] "Elvitegravir treatment"
[1] NA
[1] "Letrazuril treatment"
[1] NA
[1] "AEBSF (hydrochloride) treatment"
[1] NA
[1] "NH125 treatment"
[1] NA
[1] "Bay 41-4109 (racemate) treatment"
[1] NA
[1] "Bicyclol treatment"
[1] NA
[1] "Shikonin treatment"
[1] NA
[1] "ABX464 treatment"
[1] NA
[1] "ST-193 treatment"
[1] NA
[1] "Trifluoperazine (dihydrochloride) treatment"
[1] NA
[1] "ST-193 (hydrochloride) treatment"
[1] NA
[1] "Saquinavir (mesylate) treatment"
[1] NA
[1] "Control without treatment"
[1] NA
