[1] NA
[1] "whole E14.5 somatosensory cortex"
[1] NA
[1] "whole E14.5 somatosensory cortex"
[1] NA
[1] "whole E14.5 somatosensory cortex"
[1] NA
[1] "whole E14.5 somatosensory cortex"
[1] NA
[1] "Pax6+ from E14.5 somatosensory cortex"
[1] NA
[1] "Pax6+ from E14.5 somatosensory cortex"
[1] NA
[1] "Pax6+ from E14.5 somatosensory cortex"
[1] NA
[1] "Eomes+ from E14.5 somatosensory cortex"
[1] NA
[1] "Eomes+ from E14.5 somatosensory cortex"
[1] NA
[1] "Eomes+ from E14.5 somatosensory cortex"
[1] NA
[1] "Tubb3+ from E14.5 somatosensory cortex"
[1] NA
[1] "Tubb3+ from E14.5 somatosensory cortex"
[1] NA
[1] "Tubb3+ from E14.5 somatosensory cortex"
[1] NA
[1] "Electroporated cells E15.5 somatosensory cortex"
[1] NA
[1] "Electroporated cells E15.5 somatosensory cortex"
[1] NA
[1] "Electroporated cells E15.5 somatosensory cortex"
[1] NA
[1] "Electroporated cells E15.5 somatosensory cortex"
[1] NA
[1] "Electroporated cells E15.5 somatosensory cortex"
[1] NA
[1] "Electroporated cells E15.5 somatosensory cortex"
[1] NA
[1] "Electroporated cells E15.5 somatosensory cortex"
[1] NA
[1] "Electroporated cells E15.5 somatosensory cortex"
[1] NA
[1] "Electroporated cells E15.5 somatosensory cortex"
[1] NA
[1] "Electroporated cells E15.5 somatosensory cortex"
[1] NA
[1] "Electroporated cells E15.5 somatosensory cortex"
[1] NA
[1] "Electroporated cells E15.5 somatosensory cortex"
[1] NA
[1] "Electroporated cells E15.5 somatosensory cortex"
[1] NA
[1] "Electroporated cells E15.5 somatosensory cortex"
[1] NA
[1] "Plasmid DNA"
[1] NA
[1] "Electroporated cells E15.5 somatosensory cortex"
[1] NA
[1] "Electroporated cells E15.5 somatosensory cortex"
[1] NA
[1] "Electroporated Pax6+ from E15.5 somatosensory cortex"
[1] NA
[1] "Electroporated Pax6+ from E15.5 somatosensory cortex"
[1] NA
[1] "Electroporated Eomes+ from E15.5 somatosensory cortex"
[1] NA
[1] "Electroporated Eomes+ from E15.5 somatosensory cortex"
[1] NA
[1] "Electroporated Tubb3+ from E15.5 somatosensory cortex"
[1] NA
[1] "Electroporated Tubb3+ from E15.5 somatosensory cortex"
[1] NA
