[1] "VSN normalized signal intensity"
[1] "serum"
[1] NA
[1] "serum"
[1] NA
[1] "serum"
[1] NA
[1] "serum"
[1] NA
[1] "serum"
[1] NA
[1] "serum"
[1] NA
[1] "serum"
[1] NA
[1] "serum"
[1] NA
[1] "serum"
[1] NA
[1] "serum"
[1] NA
[1] "serum"
[1] NA
[1] "serum"
[1] NA
[1] "serum"
[1] NA
[1] "serum"
[1] NA
[1] "serum"
[1] NA
[1] "serum"
[1] NA
[1] "serum"
[1] NA
[1] "serum"
[1] NA
[1] "serum"
[1] NA
[1] "serum"
[1] NA
[1] "serum"
[1] NA
[1] "serum"
[1] NA
[1] "serum"
[1] NA
[1] "serum"
[1] NA
[1] "serum"
[1] NA
[1] "serum"
[1] NA
[1] "serum"
[1] NA
[1] "serum"
[1] NA
[1] "serum"
[1] NA
[1] "serum"
[1] NA
[1] "serum"
[1] NA
[1] "serum"
[1] NA
[1] "serum"
[1] NA
[1] "serum"
[1] NA
[1] "serum"
[1] NA
[1] "serum"
[1] NA
[1] "serum"
[1] NA
[1] "serum"
[1] NA
[1] "serum"
[1] NA
[1] "serum"
[1] NA
[1] "serum"
[1] NA
[1] "serum"
[1] NA
[1] "serum"
[1] NA
[1] "serum"
[1] NA
[1] "serum"
[1] NA
[1] "serum"
[1] NA
[1] "serum"
[1] NA
[1] "serum"
[1] NA
[1] "serum"
[1] NA
[1] "serum"
[1] NA
[1] "serum"
[1] NA
[1] "serum"
[1] NA
[1] "serum"
[1] NA
[1] "serum"
[1] NA
[1] "serum"
[1] NA
[1] "serum"
[1] NA
[1] "serum"
[1] NA
[1] "serum"
[1] NA
[1] "serum"
[1] NA
[1] "serum"
[1] NA
[1] "serum"
[1] NA
[1] "serum"
[1] NA
[1] "serum"
[1] NA
[1] "serum"
[1] NA
[1] "serum"
[1] NA
[1] "serum"
[1] NA
[1] "serum"
[1] NA
[1] "serum"
[1] NA
[1] "serum"
[1] NA
[1] "serum"
[1] NA
[1] "serum"
[1] NA
[1] "serum"
[1] NA
