[1] NA
[1] "Δura3 Optimal (4.2M NaCl)_archaeal cells"
[1] NA
[1] "Δura3 Optimal (4.2M NaCl)_archaeal cells"
[1] NA
[1] "Δura3 Optimal (4.2M NaCl)_archaeal cells"
[1] NA
[1] "Δura3 Optimal (4.2M NaCl)_archaeal cells"
[1] NA
[1] "Δura3 Optimal (4.2M NaCl)_archaeal cells"
[1] NA
[1] "Δura3 Optimal (4.2M NaCl)_archaeal cells"
[1] NA
[1] "Δura3 Reduced (3.4M NaCl)_archaeal cells"
[1] NA
[1] "Δura3 Reduced (3.4M NaCl)_archaeal cells"
[1] NA
[1] "Δura3 Reduced (3.4M NaCl)_archaeal cells"
[1] NA
[1] "Δura3 Reduced (3.4M NaCl)_archaeal cells"
[1] NA
[1] "Δura3 Reduced (3.4M NaCl)_archaeal cells"
[1] NA
[1] "Δura3 Reduced (3.4M NaCl)_archaeal cells"
[1] NA
[1] "Δura3 ΔhpyA Optimal (4.2M NaCl)_archaeal cells"
[1] NA
[1] "Δura3 ΔhpyA Optimal (4.2M NaCl)_archaeal cells"
[1] NA
[1] "Δura3 ΔhpyA Optimal (4.2M NaCl)_archaeal cells"
[1] NA
[1] "Δura3 ΔhpyA Optimal (4.2M NaCl)_archaeal cells"
[1] NA
[1] "Δura3 ΔhpyA Optimal (4.2M NaCl)_archaeal cells"
[1] NA
[1] "Δura3 ΔhpyA Optimal (4.2M NaCl)_archaeal cells"
[1] NA
[1] "Δura3 ΔhpyA Reduced (3.4M NaCl)_archaeal cells"
[1] NA
[1] "Δura3 ΔhpyA Reduced (3.4M NaCl)_archaeal cells"
[1] NA
[1] "Δura3 ΔhpyA Reduced (3.4M NaCl)_archaeal cells"
[1] NA
[1] "Δura3 ΔhpyA Reduced (3.4M NaCl)_archaeal cells"
[1] NA
[1] "Δura3 ΔhpyA Reduced (3.4M NaCl)_archaeal cells"
[1] NA
[1] "Δura3 ΔhpyA Reduced (3.4M NaCl)_archaeal cells"
[1] NA
