[1] "log2 normalized expression ratio Mutant exp/Mutant stat"
[1] "gadE mutant cells grown to stationary phase of growth"
[1] NA
[1] "gadE mutant cells grown to stationary phase of growth"
[1] NA
[1] "gadE mutant cells grown to exponential phase of growth"
[1] NA
[1] "gadE mutant cells grown to exponential phase of growth"
[1] NA
[1] "gadE mutant cells grown to exponential phase of growth"
[1] NA
[1] "gadE mutant cells grown to exponential phase of growth"
[1] NA
[1] "wild type cells grown to exponential phase of growth"
[1] NA
[1] "gadE mutant cells grown to exponential phase of growth"
[1] NA
[1] "wild type cells grown to exponential phase of growth"
[1] NA
[1] "gadE mutant cells grown to exponential phase of growth"
[1] NA
[1] "wild type cells grown to stationary phase of growth"
[1] NA
[1] "gadE mutant cells grown to stationary phase of growth"
[1] NA
[1] "wild type cells grown to stationary phase of growth"
[1] NA
[1] "wild type cells grown to stationary phase of growth"
[1] NA
[1] "gadE mutant cells grown to stationary phase of growth"
[1] NA
[1] "wild type cells grown to exponential phase of growth"
[1] NA
[1] "wild type cells grown to stationary phase of growth"
[1] NA
[1] "wild type cells grown to stationary phase of growth"
[1] NA
[1] "wild type cells grown to stationary phase of growth"
[1] NA
[1] "wild type cells grown to exponential phase of growth"
[1] NA
