[1] "Normalized dChip signal intensity"
[1] "JO2057 (WT), exponential phase, repetition1"
[1] NA
[1] "JO2057 (WT), exponential phase, repetition2"
[1] NA
[1] "JO2057 (WT), transition phase"
[1] NA
[1] "JO2057 (WT), stationary phase, repetition1"
[1] NA
[1] "JO2057 (WT), stationary phase, repetition2"
[1] NA
[1] "JO2081 (hupA), exponential phase"
[1] NA
[1] "JO2081 (hupA), transition phase"
[1] NA
[1] "JO2081 (hupA), stationary phase"
[1] NA
[1] "JO2083 (hupB), exponential phase"
[1] NA
[1] "JO2083 (hupB), transition phase"
[1] NA
[1] "JO2083 (hupB), stationary phase"
[1] NA
[1] "JO3020 (hupAB), exponential phase, repetition1"
[1] NA
[1] "JO3020 (hupAB), exponential phase, repetition2"
[1] NA
[1] "JO3020 (hupAB), transition phase"
[1] NA
[1] "JO3020 (hupAB), stationary phase, repetition1"
[1] NA
[1] "JO3020 (hupAB), stationary phase, repetition2"
[1] NA
[1] "MW30 (rpoS), LB, exponential phase"
[1] NA
[1] "MW30 (rpoS), LB, stationary phase"
[1] NA
[1] "JO2057 (WT), Min Glucose, exponential phase"
[1] NA
[1] "JO2057 (WT), Min Glycerol, exponential phase"
[1] NA
[1] "JO2057 (WT), Min Glucose, stationary phase"
[1] NA
[1] "JO2057 (WT), Min Glycerol, stationary phase"
[1] NA
[1] "JO3020 (hupAB), Min Glucose, exponential phase"
[1] NA
[1] "JO3020 (hupAB), Min Glycerol exponential phase"
[1] NA
[1] "JO3020 (hupAB), Min Glucose, stationary phase"
[1] NA
[1] "JO3020 (hupAB), Min Glycerol stationary phase"
[1] NA
