[1] NA
[1] "UPEC with acpP PNA"
[1] NA
[1] "UPEC with scrambled PNA"
[1] NA
[1] "UPEC with dnaB PNA"
[1] NA
[1] "UPEC with ftsZ PNA"
[1] NA
[1] "UPEC with rpoD PNA"
[1] NA
[1] "UPEC with pyrH PNA"
[1] NA
[1] "UPEC with ydiC PNA"
[1] NA
[1] "UPEC with nusG PNA"
[1] NA
[1] "UPEC with rpsH PNA"
[1] NA
[1] "UPEC with rplS PNA"
[1] NA
[1] "UPEC with csrA PNA"
[1] NA
[1] "UPEC with ispH PNA"
[1] NA
[1] "UPEC with water"
[1] NA
[1] "UPEC with water"
[1] NA
[1] "UPEC with scrambled PNA"
[1] NA
[1] "UPEC with acpP PNA"
[1] NA
[1] "UPEC with dnaB PNA"
[1] NA
[1] "UPEC with ftsZ PNA"
[1] NA
[1] "UPEC with rpoD PNA"
[1] NA
[1] "UPEC with pyrH PNA"
[1] NA
[1] "UPEC with ydiC PNA"
[1] NA
[1] "UPEC with nusG PNA"
[1] NA
[1] "UPEC with rpsH PNA"
[1] NA
[1] "UPEC with rplS PNA"
[1] NA
[1] "UPEC with csrA PNA"
[1] NA
[1] "UPEC with water"
[1] NA
[1] "UPEC with scrambled PNA"
[1] NA
[1] "UPEC with acpP PNA"
[1] NA
[1] "UPEC with dnaB PNA"
[1] NA
[1] "UPEC with ftsZ PNA"
[1] NA
[1] "UPEC with rpoD PNA"
[1] NA
[1] "UPEC with pyrH PNA"
[1] NA
[1] "UPEC with ydiC PNA"
[1] NA
[1] "UPEC with nusG PNA"
[1] NA
[1] "UPEC with rpsH PNA"
[1] NA
[1] "UPEC with rplS PNA"
[1] NA
[1] "UPEC with csrA PNA"
[1] NA
[1] "UPEC with ispH PNA"
[1] NA
[1] "UPEC with water"
[1] NA
[1] "UPEC with ispH PNA"
[1] NA
[1] "UPEC with water"
[1] NA
