[1] "Log (base 2) of the ratio of the median of Channel 2 (usually 635 nm) to Channel 1 (usually 532 nm) [log (base 2) (RAT2N MEDIAN)].; Type: float; Scale: log_base_2"
[1] "WT RNA"
[1] NA
[1] "WT RNA"
[1] NA
[1] "WT RNA"
[1] NA
[1] "WT"
[1] NA
[1] "WT"
[1] NA
[1] "WT"
[1] NA
[1] "WT"
[1] NA
[1] "WT RNA"
[1] NA
[1] "WT RNA"
[1] NA
[1] "WT RNA"
[1] NA
[1] "WT RNA"
[1] NA
[1] "WT RNA"
[1] NA
[1] "WT RNA"
[1] NA
[1] "MSD1 RNA"
[1] NA
[1] "WT RNA"
[1] NA
[1] "WT RNA"
[1] NA
[1] "WT RNA"
[1] NA
[1] "WT RNA"
[1] NA
[1] "MSD70 RNA"
[1] NA
[1] "recA RNA"
[1] NA
[1] "recA RNA"
[1] NA
[1] "MSD70 RNA"
[1] NA
[1] "WT"
[1] NA
[1] "WT"
[1] NA
[1] "WT"
[1] NA
[1] "WT untreated"
[1] NA
[1] "WT untreated"
[1] NA
[1] "WT untreated"
[1] NA
[1] "WT untreated"
[1] NA
[1] "WT untreated"
[1] NA
[1] "WT"
[1] NA
[1] "WT"
[1] NA
[1] "WT"
[1] NA
