[1] "Log2 Ratio of Test/Control (no further processing performed)"
[1] "Salmonella 30C Control"
[1] NA
[1] "Salmonella 30C Control Cy3"
[1] NA
[1] "Salmonella Control Cy5"
[1] NA
[1] "Salmonella Control Cy3"
[1] NA
[1] "Salmonella Control Cy5"
[1] NA
[1] "Salmonella Control Cy3"
[1] NA
[1] "Salmonella Control Cy3"
[1] NA
[1] "Salmonella Control Cy5"
[1] NA
[1] "Salmonella Control Cy3"
[1] NA
[1] "Salmonella Control Cy5"
[1] NA
[1] "Salmonella Control Cy3"
[1] NA
[1] "Salmonella Control Cy5"
[1] NA
