[1] NA
[1] "BCG, intracellular"
[1] NA
[1] "BCG, extracellular"
[1] NA
[1] "BCG, intracellular"
[1] NA
[1] "BCG, extracellular"
[1] NA
[1] "MTB, intracellular"
[1] NA
[1] "MTB, extracellular"
[1] NA
[1] "MTB, intracellular"
[1] NA
[1] "MTB, extracellular"
[1] NA
[1] "THP-1, infected"
[1] NA
[1] "THP-1, infected"
[1] NA
[1] "THP-1, uninfected Control"
[1] NA
[1] "THP-1, uninfected Control"
[1] NA
[1] "THP-1, infected"
[1] NA
[1] "THP-1, infected"
[1] NA
[1] "THP-1, uninfected Control"
[1] NA
[1] "THP-1, uninfected Control"
[1] NA
[1] "THP-1, infected"
[1] NA
[1] "THP-1, infected"
[1] NA
[1] "THP-1, uninfected Control"
[1] NA
[1] "THP-1, infected"
[1] NA
[1] "THP-1, infected"
[1] NA
[1] "THP-1, uninfected Control"
[1] NA
