[1] NA
[1] "E. coli cultures"
[1] NA
[1] "E. coli cultures"
[1] NA
[1] "E. coli cultures"
[1] NA
[1] "E. coli cultures"
[1] NA
[1] "E. coli cultures"
[1] NA
[1] "E. coli cultures"
[1] NA
[1] "E. coli cultures"
[1] NA
[1] "E. coli cultures"
[1] NA
[1] "E. coli cultures"
[1] NA
[1] "E. coli cultures"
[1] NA
[1] "E. coli cultures"
[1] NA
[1] "E. coli cultures"
[1] NA
[1] "E. coli cultures"
[1] NA
[1] "E. coli cultures"
[1] NA
[1] "E. coli cultures"
[1] NA
[1] "E. coli cultures"
[1] NA
[1] "E. coli cultures"
[1] NA
[1] "E. coli cultures"
[1] NA
