[1] NA
[1] "Mycobacterium tuberculosis bacteria"
[1] NA
[1] "Mycobacterium tuberculosis bacteria"
[1] NA
[1] "Mycobacterium tuberculosis bacteria"
[1] NA
[1] "Mycobacterium tuberculosis bacteria"
[1] NA
[1] "Mycobacterium tuberculosis bacteria"
[1] NA
[1] "Mycobacterium tuberculosis bacteria"
[1] NA
[1] "Mycobacterium tuberculosis bacteria"
[1] NA
[1] "Mycobacterium tuberculosis bacteria"
[1] NA
[1] "Mycobacterium tuberculosis bacteria"
[1] NA
[1] "Mycobacterium tuberculosis bacteria"
[1] NA
[1] "Mycobacterium tuberculosis bacteria"
[1] NA
[1] "Mycobacterium tuberculosis bacteria"
[1] NA
[1] "Mycobacterium tuberculosis bacteria"
[1] NA
[1] "Mycobacterium tuberculosis bacteria"
[1] NA
[1] "Mycobacterium tuberculosis bacteria"
[1] NA
[1] "Mycobacterium tuberculosis bacteria"
[1] NA
