[1] NA
[1] "MG1655 del atoC"
[1] NA
[1] "MG1655 del atoC"
[1] NA
[1] "MG1655 del atoC"
[1] NA
[1] "MG1655 del atoC"
[1] NA
[1] "MG1655 del atoC"
[1] NA
[1] "MG1655 del atoC"
[1] NA
[1] "MG1655 del btsR"
[1] NA
[1] "MG1655 del btsR"
[1] NA
[1] "MG1655 del btsR"
[1] NA
[1] "MG1655 del btsR"
[1] NA
[1] "MG1655 del btsR"
[1] NA
[1] "MG1655 del btsR"
[1] NA
[1] "MG1655 del cusR"
[1] NA
[1] "MG1655 del cusR"
[1] NA
[1] "MG1655 del cusR"
[1] NA
[1] "MG1655 del cusR"
[1] NA
[1] "MG1655 del rcsB"
[1] NA
[1] "MG1655 del rcsB"
[1] NA
[1] "MG1655 del rcsB"
[1] NA
[1] "MG1655 del rcsB"
[1] NA
[1] "MG1655"
[1] NA
[1] "MG1655"
[1] NA
[1] "MG1655"
[1] NA
[1] "MG1655"
[1] NA
[1] "MG1655"
[1] NA
[1] "MG1655"
[1] NA
[1] "MG1655"
[1] NA
[1] "MG1655"
[1] NA
[1] "MG1655"
[1] NA
[1] "MG1655"
[1] NA
