Setting options('download.file.method.GEOquery'='auto')
Setting options('GEOquery.inmemory.gpl'=FALSE)
Loading required package: Biobase
Loading required package: BiocGenerics

Attaching package: 'BiocGenerics'

The following objects are masked from 'package:stats':

    IQR, mad, sd, var, xtabs

The following objects are masked from 'package:base':

    anyDuplicated, aperm, append, as.data.frame, basename, cbind,
    colnames, dirname, do.call, duplicated, eval, evalq, Filter, Find,
    get, grep, grepl, intersect, is.unsorted, lapply, Map, mapply,
    match, mget, order, paste, pmax, pmax.int, pmin, pmin.int,
    Position, rank, rbind, Reduce, rownames, sapply, setdiff, table,
    tapply, union, unique, unsplit, which.max, which.min

Welcome to Bioconductor

    Vignettes contain introductory material; view with
    'browseVignettes()'. To cite Bioconductor, see
    'citation("Biobase")', and for packages 'citation("pkgname")'.


Attaching package: 'fs'

The following object is masked from 'package:BiocGenerics':

    path

Using locally cached version of GSE217690 found here:
C:\Users\Rafael\repos\personal\geo_data_analysis\data/GSE217690/GSE217690.soft.gz 
Reading file....
Parsing....
Found 375 entities...
GPL18573 (1 of 376 entities)
GPL19057 (2 of 376 entities)
GPL21222 (3 of 376 entities)
GPL28771 (4 of 376 entities)
GPL30172 (5 of 376 entities)
GPL30173 (6 of 376 entities)
GPL32081 (7 of 376 entities)
GSM6724831 (8 of 376 entities)
GSM6724832 (9 of 376 entities)
GSM6724833 (10 of 376 entities)
GSM6724834 (11 of 376 entities)
GSM6724835 (12 of 376 entities)
GSM6724836 (13 of 376 entities)
GSM6724837 (14 of 376 entities)
GSM6724838 (15 of 376 entities)
GSM6724839 (16 of 376 entities)
GSM6724840 (17 of 376 entities)
GSM6724841 (18 of 376 entities)
GSM6724842 (19 of 376 entities)
GSM6724843 (20 of 376 entities)
GSM6724844 (21 of 376 entities)
GSM6724845 (22 of 376 entities)
GSM6724846 (23 of 376 entities)
GSM6724847 (24 of 376 entities)
GSM6724848 (25 of 376 entities)
GSM6724849 (26 of 376 entities)
GSM6724850 (27 of 376 entities)
GSM6724851 (28 of 376 entities)
GSM6724852 (29 of 376 entities)
GSM6724853 (30 of 376 entities)
GSM6724854 (31 of 376 entities)
GSM6724855 (32 of 376 entities)
GSM6724856 (33 of 376 entities)
GSM6724857 (34 of 376 entities)
GSM6724858 (35 of 376 entities)
GSM6724859 (36 of 376 entities)
GSM6724860 (37 of 376 entities)
GSM6724861 (38 of 376 entities)
GSM6724862 (39 of 376 entities)
GSM6724863 (40 of 376 entities)
GSM6724864 (41 of 376 entities)
GSM6724865 (42 of 376 entities)
GSM6724866 (43 of 376 entities)
GSM6724867 (44 of 376 entities)
GSM6724868 (45 of 376 entities)
GSM6724869 (46 of 376 entities)
GSM6724870 (47 of 376 entities)
GSM6724871 (48 of 376 entities)
GSM6724872 (49 of 376 entities)
GSM6724873 (50 of 376 entities)
GSM6724874 (51 of 376 entities)
GSM6724875 (52 of 376 entities)
GSM6724876 (53 of 376 entities)
GSM6724877 (54 of 376 entities)
GSM6724878 (55 of 376 entities)
GSM6724879 (56 of 376 entities)
GSM6724880 (57 of 376 entities)
GSM6724881 (58 of 376 entities)
GSM6724882 (59 of 376 entities)
GSM6724883 (60 of 376 entities)
GSM6724884 (61 of 376 entities)
GSM6724885 (62 of 376 entities)
GSM6724886 (63 of 376 entities)
GSM6724887 (64 of 376 entities)
GSM6724888 (65 of 376 entities)
GSM6724889 (66 of 376 entities)
GSM6724890 (67 of 376 entities)
GSM6724891 (68 of 376 entities)
GSM6724892 (69 of 376 entities)
GSM6724893 (70 of 376 entities)
GSM6724894 (71 of 376 entities)
GSM6724895 (72 of 376 entities)
GSM6724896 (73 of 376 entities)
GSM6724897 (74 of 376 entities)
GSM6724898 (75 of 376 entities)
GSM6724899 (76 of 376 entities)
GSM6724900 (77 of 376 entities)
GSM6724901 (78 of 376 entities)
GSM6724902 (79 of 376 entities)
GSM6724903 (80 of 376 entities)
GSM6724904 (81 of 376 entities)
GSM6724905 (82 of 376 entities)
GSM6724906 (83 of 376 entities)
GSM6724907 (84 of 376 entities)
GSM6724908 (85 of 376 entities)
GSM6724909 (86 of 376 entities)
GSM6724910 (87 of 376 entities)
GSM6724911 (88 of 376 entities)
GSM6724912 (89 of 376 entities)
GSM6724913 (90 of 376 entities)
GSM6724914 (91 of 376 entities)
GSM6724915 (92 of 376 entities)
GSM6724916 (93 of 376 entities)
GSM6724917 (94 of 376 entities)
GSM6724918 (95 of 376 entities)
GSM6724919 (96 of 376 entities)
GSM6724920 (97 of 376 entities)
GSM6724921 (98 of 376 entities)
GSM6724922 (99 of 376 entities)
GSM6724923 (100 of 376 entities)
GSM6724924 (101 of 376 entities)
GSM6724925 (102 of 376 entities)
GSM6724926 (103 of 376 entities)
GSM6724927 (104 of 376 entities)
GSM6724928 (105 of 376 entities)
GSM6724929 (106 of 376 entities)
GSM6724930 (107 of 376 entities)
GSM6724931 (108 of 376 entities)
GSM6724932 (109 of 376 entities)
GSM6724933 (110 of 376 entities)
GSM6724934 (111 of 376 entities)
GSM6724935 (112 of 376 entities)
GSM6725050 (113 of 376 entities)
GSM6725051 (114 of 376 entities)
GSM6725052 (115 of 376 entities)
GSM6725053 (116 of 376 entities)
GSM6725054 (117 of 376 entities)
GSM6725055 (118 of 376 entities)
GSM6725056 (119 of 376 entities)
GSM6725057 (120 of 376 entities)
GSM6725058 (121 of 376 entities)
GSM6725059 (122 of 376 entities)
GSM6725060 (123 of 376 entities)
GSM6725061 (124 of 376 entities)
GSM6725062 (125 of 376 entities)
GSM6725063 (126 of 376 entities)
GSM6725064 (127 of 376 entities)
GSM6725065 (128 of 376 entities)
GSM6725066 (129 of 376 entities)
GSM6725067 (130 of 376 entities)
GSM6725068 (131 of 376 entities)
GSM6725069 (132 of 376 entities)
GSM6725070 (133 of 376 entities)
GSM6725071 (134 of 376 entities)
GSM6725084 (135 of 376 entities)
GSM6725085 (136 of 376 entities)
GSM6725086 (137 of 376 entities)
GSM6725087 (138 of 376 entities)
GSM6725088 (139 of 376 entities)
GSM6725089 (140 of 376 entities)
GSM6725090 (141 of 376 entities)
GSM6725091 (142 of 376 entities)
GSM6725092 (143 of 376 entities)
GSM6725093 (144 of 376 entities)
GSM6725094 (145 of 376 entities)
GSM6725095 (146 of 376 entities)
GSM6725096 (147 of 376 entities)
GSM6725097 (148 of 376 entities)
GSM6725098 (149 of 376 entities)
GSM7838345 (150 of 376 entities)
GSM7838346 (151 of 376 entities)
GSM7838347 (152 of 376 entities)
GSM7838348 (153 of 376 entities)
GSM7838349 (154 of 376 entities)
GSM7838350 (155 of 376 entities)
GSM7838351 (156 of 376 entities)
GSM7838352 (157 of 376 entities)
GSM7838353 (158 of 376 entities)
GSM7838354 (159 of 376 entities)
GSM7838355 (160 of 376 entities)
GSM7838356 (161 of 376 entities)
GSM7838357 (162 of 376 entities)
GSM7838358 (163 of 376 entities)
GSM7838359 (164 of 376 entities)
GSM7838360 (165 of 376 entities)
GSM7838361 (166 of 376 entities)
GSM7838362 (167 of 376 entities)
GSM7838363 (168 of 376 entities)
GSM7838364 (169 of 376 entities)
GSM7838365 (170 of 376 entities)
GSM7838366 (171 of 376 entities)
GSM7838367 (172 of 376 entities)
GSM7838368 (173 of 376 entities)
GSM7838369 (174 of 376 entities)
GSM7838370 (175 of 376 entities)
GSM7838371 (176 of 376 entities)
GSM7838372 (177 of 376 entities)
GSM7838373 (178 of 376 entities)
GSM7838374 (179 of 376 entities)
GSM7838375 (180 of 376 entities)
GSM7838376 (181 of 376 entities)
GSM7838377 (182 of 376 entities)
GSM7838378 (183 of 376 entities)
GSM7838379 (184 of 376 entities)
GSM7838380 (185 of 376 entities)
GSM7838381 (186 of 376 entities)
GSM7838382 (187 of 376 entities)
GSM7838383 (188 of 376 entities)
GSM7838384 (189 of 376 entities)
GSM7838385 (190 of 376 entities)
GSM7838386 (191 of 376 entities)
GSM7838387 (192 of 376 entities)
GSM7838388 (193 of 376 entities)
GSM7838389 (194 of 376 entities)
GSM7838390 (195 of 376 entities)
GSM7838391 (196 of 376 entities)
GSM7838392 (197 of 376 entities)
GSM7838393 (198 of 376 entities)
GSM7838394 (199 of 376 entities)
GSM7838395 (200 of 376 entities)
GSM7838396 (201 of 376 entities)
GSM7838397 (202 of 376 entities)
GSM7838398 (203 of 376 entities)
GSM7838399 (204 of 376 entities)
GSM7838400 (205 of 376 entities)
GSM7838401 (206 of 376 entities)
GSM7838402 (207 of 376 entities)
GSM7838403 (208 of 376 entities)
GSM7838404 (209 of 376 entities)
GSM7838405 (210 of 376 entities)
GSM7838406 (211 of 376 entities)
GSM7838407 (212 of 376 entities)
GSM7838408 (213 of 376 entities)
GSM7838409 (214 of 376 entities)
GSM7838410 (215 of 376 entities)
GSM7838411 (216 of 376 entities)
GSM7838412 (217 of 376 entities)
GSM7838413 (218 of 376 entities)
GSM7838414 (219 of 376 entities)
GSM7838415 (220 of 376 entities)
GSM7838416 (221 of 376 entities)
GSM7838417 (222 of 376 entities)
GSM7838418 (223 of 376 entities)
GSM7838419 (224 of 376 entities)
GSM7838420 (225 of 376 entities)
GSM7838421 (226 of 376 entities)
GSM7838422 (227 of 376 entities)
GSM7838423 (228 of 376 entities)
GSM7838424 (229 of 376 entities)
GSM7838425 (230 of 376 entities)
GSM7838426 (231 of 376 entities)
GSM7838427 (232 of 376 entities)
GSM7838428 (233 of 376 entities)
GSM7838429 (234 of 376 entities)
GSM7838430 (235 of 376 entities)
GSM7838431 (236 of 376 entities)
GSM7838432 (237 of 376 entities)
GSM7838433 (238 of 376 entities)
GSM7838434 (239 of 376 entities)
GSM7838435 (240 of 376 entities)
GSM7838436 (241 of 376 entities)
GSM7838437 (242 of 376 entities)
GSM7838438 (243 of 376 entities)
GSM7838439 (244 of 376 entities)
GSM7838440 (245 of 376 entities)
GSM7838441 (246 of 376 entities)
GSM7838442 (247 of 376 entities)
GSM7838443 (248 of 376 entities)
GSM7838444 (249 of 376 entities)
GSM7838445 (250 of 376 entities)
GSM7838446 (251 of 376 entities)
GSM7838447 (252 of 376 entities)
GSM7838448 (253 of 376 entities)
GSM7838449 (254 of 376 entities)
GSM7838450 (255 of 376 entities)
GSM7838451 (256 of 376 entities)
GSM7838452 (257 of 376 entities)
GSM7838453 (258 of 376 entities)
GSM7838454 (259 of 376 entities)
GSM7838455 (260 of 376 entities)
GSM7838456 (261 of 376 entities)
GSM7838457 (262 of 376 entities)
GSM7838458 (263 of 376 entities)
GSM7838459 (264 of 376 entities)
GSM7838460 (265 of 376 entities)
GSM7838461 (266 of 376 entities)
GSM7838462 (267 of 376 entities)
GSM7838463 (268 of 376 entities)
GSM7838464 (269 of 376 entities)
GSM7838465 (270 of 376 entities)
GSM7838466 (271 of 376 entities)
GSM7838467 (272 of 376 entities)
GSM7838468 (273 of 376 entities)
GSM7838469 (274 of 376 entities)
GSM7838470 (275 of 376 entities)
GSM7838471 (276 of 376 entities)
GSM7838472 (277 of 376 entities)
GSM7838473 (278 of 376 entities)
GSM7838474 (279 of 376 entities)
GSM7838475 (280 of 376 entities)
GSM7838476 (281 of 376 entities)
GSM7838477 (282 of 376 entities)
GSM7838478 (283 of 376 entities)
GSM7838479 (284 of 376 entities)
GSM7838480 (285 of 376 entities)
GSM7838481 (286 of 376 entities)
GSM7838482 (287 of 376 entities)
GSM7838483 (288 of 376 entities)
GSM7838484 (289 of 376 entities)
GSM7838485 (290 of 376 entities)
GSM7838486 (291 of 376 entities)
GSM7838487 (292 of 376 entities)
GSM7838488 (293 of 376 entities)
GSM7838489 (294 of 376 entities)
GSM7838490 (295 of 376 entities)
GSM7838491 (296 of 376 entities)
GSM7838492 (297 of 376 entities)
GSM7838493 (298 of 376 entities)
GSM7838494 (299 of 376 entities)
GSM7838495 (300 of 376 entities)
GSM7838496 (301 of 376 entities)
GSM7838497 (302 of 376 entities)
GSM7838498 (303 of 376 entities)
GSM7838499 (304 of 376 entities)
GSM7838500 (305 of 376 entities)
GSM7838501 (306 of 376 entities)
GSM7838502 (307 of 376 entities)
GSM7838503 (308 of 376 entities)
GSM7838504 (309 of 376 entities)
GSM7838505 (310 of 376 entities)
GSM7838506 (311 of 376 entities)
GSM7838507 (312 of 376 entities)
GSM7838508 (313 of 376 entities)
GSM7838509 (314 of 376 entities)
GSM7838510 (315 of 376 entities)
GSM7838511 (316 of 376 entities)
GSM7838512 (317 of 376 entities)
GSM7838513 (318 of 376 entities)
GSM7838514 (319 of 376 entities)
GSM7838515 (320 of 376 entities)
GSM7838516 (321 of 376 entities)
GSM7838517 (322 of 376 entities)
GSM7838518 (323 of 376 entities)
GSM7838519 (324 of 376 entities)
GSM7838520 (325 of 376 entities)
GSM7838521 (326 of 376 entities)
GSM7838522 (327 of 376 entities)
GSM7838523 (328 of 376 entities)
GSM7838524 (329 of 376 entities)
GSM7839565 (330 of 376 entities)
GSM7839566 (331 of 376 entities)
GSM7839567 (332 of 376 entities)
GSM7839568 (333 of 376 entities)
GSM7839569 (334 of 376 entities)
GSM7839570 (335 of 376 entities)
GSM7839571 (336 of 376 entities)
GSM7839572 (337 of 376 entities)
GSM7839573 (338 of 376 entities)
GSM7839574 (339 of 376 entities)
GSM7839575 (340 of 376 entities)
GSM7839576 (341 of 376 entities)
GSM7839577 (342 of 376 entities)
GSM7839578 (343 of 376 entities)
GSM7839579 (344 of 376 entities)
GSM7839580 (345 of 376 entities)
GSM7839581 (346 of 376 entities)
GSM7839582 (347 of 376 entities)
GSM7839583 (348 of 376 entities)
GSM7839584 (349 of 376 entities)
GSM7839585 (350 of 376 entities)
GSM7839586 (351 of 376 entities)
GSM7839587 (352 of 376 entities)
GSM7839588 (353 of 376 entities)
GSM7839589 (354 of 376 entities)
GSM7839590 (355 of 376 entities)
GSM7839591 (356 of 376 entities)
GSM7839592 (357 of 376 entities)
GSM7839593 (358 of 376 entities)
GSM7839594 (359 of 376 entities)
GSM7839595 (360 of 376 entities)
GSM7839596 (361 of 376 entities)
GSM7839597 (362 of 376 entities)
GSM7839598 (363 of 376 entities)
GSM7839599 (364 of 376 entities)
GSM7839600 (365 of 376 entities)
GSM7839601 (366 of 376 entities)
GSM7839602 (367 of 376 entities)
GSM7839603 (368 of 376 entities)
GSM7839604 (369 of 376 entities)
GSM7839605 (370 of 376 entities)
GSM7839606 (371 of 376 entities)
GSM8286085 (372 of 376 entities)
GSM8286086 (373 of 376 entities)
GSM8286087 (374 of 376 entities)
GSM8286088 (375 of 376 entities)
Error: invalid sample names; likely not time series
Execution halted
