[1] NA
[1] "BW25113 wild-type"
[1] NA
[1] "BW25113 wild-type"
[1] NA
[1] "BW25113 wild-type"
[1] NA
[1] "BW25113 wild-type"
[1] NA
[1] "BW25113 wild-type"
[1] NA
[1] "BW25113 wild-type"
[1] NA
[1] "BW25113 wild-type"
[1] NA
[1] "BW25113 wild-type"
[1] NA
[1] "BW25113 wild-type"
[1] NA
[1] "BW25113 wild-type"
[1] NA
[1] "BW25113 wild-type"
[1] NA
[1] "BW25113 wild-type"
[1] NA
[1] "BW25113 wild-type"
[1] NA
[1] "BW25113 del basS"
[1] NA
[1] "BW25113 del basS"
[1] NA
[1] "BW25113 del basS"
[1] NA
[1] "BW25113 del basS"
[1] NA
[1] "BW25113 del basS"
[1] NA
[1] "BW25113 del basS"
[1] NA
[1] "BW25113 del kdpE"
[1] NA
[1] "BW25113 del kdpE"
[1] NA
[1] "BW25113 del kdpE"
[1] NA
[1] "BW25113 del kdpE"
[1] NA
[1] "BW25113 del kdpE"
[1] NA
[1] "BW25113 del kdpE"
[1] NA
[1] "BW25113 del phoB"
[1] NA
[1] "BW25113 del phoB"
[1] NA
[1] "BW25113 del phoB"
[1] NA
[1] "BW25113 del phoB"
[1] NA
[1] "BW25113 del phoB"
[1] NA
[1] "BW25113 del phoB"
[1] NA
[1] "BW25113 del phoB"
[1] NA
[1] "BW25113 del phoB"
[1] NA
[1] "BW25113 del phoB"
[1] NA
[1] "BW25113 del phoB"
[1] NA
[1] "BW25113 del phoB"
[1] NA
[1] "BW25113 del phoB"
[1] NA
[1] "BW25113 del phoB"
[1] NA
[1] "BW25113 del qseB"
[1] NA
[1] "BW25113 del qseB"
[1] NA
[1] "BW25113 del qseB"
[1] NA
[1] "BW25113 del qseB"
[1] NA
[1] "BW25113 del qseB"
[1] NA
[1] "BW25113 del qseC"
[1] NA
[1] "BW25113 del qseC"
[1] NA
[1] "BW25113 del qseC"
[1] NA
[1] "BW25113 del qseC"
[1] NA
[1] "BW25113 del qseC"
[1] NA
[1] "BW25113 del qseC"
[1] NA
[1] "BW25113 del qseF"
[1] NA
[1] "BW25113 del qseF"
[1] NA
[1] "BW25113 del qseF"
[1] NA
[1] "BW25113 del qseF"
[1] NA
[1] "BW25113 del qseF"
[1] NA
[1] "BW25113 del qseF"
[1] NA
[1] "BW25113 del qseF"
[1] NA
[1] "BW25113 del qseF"
[1] NA
[1] "BW25113 del qseF"
[1] NA
[1] "BW25113 del qseF"
[1] NA
[1] "BW25113 del qseF"
[1] NA
[1] "BW25113 del qseF"
[1] NA
[1] "BW25113 del qseF"
[1] NA
[1] "MG1655 del fhuA"
[1] NA
[1] "MG1655 del fhuA"
[1] NA
[1] "MG1655 del fhuA"
[1] NA
[1] "MG1655 del fhuA"
[1] NA
[1] "MG1655 del fhuA"
[1] NA
[1] "MG1655 del fhuA"
[1] NA
[1] "MG1655 del fhuA"
[1] NA
[1] "BW25113 del arcA"
[1] NA
[1] "BW25113 del arcA"
[1] NA
[1] "BW25113 del arcA"
[1] NA
[1] "BW25113 del arcA"
[1] NA
[1] "BW25113 del arcA"
[1] NA
[1] "BW25113 del arcA"
[1] NA
[1] "BW25113 del baeR"
[1] NA
[1] "BW25113 del baeR"
[1] NA
[1] "BW25113 del baeR"
[1] NA
[1] "BW25113 del baeR"
[1] NA
[1] "BW25113 del baeR"
[1] NA
[1] "BW25113 del baeR"
[1] NA
[1] "BW25113 del baeR"
[1] NA
[1] "BW25113 del baeR"
[1] NA
[1] "BW25113 del baeR"
[1] NA
[1] "BW25113 del lsrB"
[1] NA
[1] "BW25113 del lsrB"
[1] NA
[1] "BW25113 del lsrB"
[1] NA
[1] "BW25113 del lsrB"
[1] NA
[1] "BW25113 del lsrB"
[1] NA
[1] "BW25113 del lsrB"
[1] NA
[1] "BW25113 del lsrB"
[1] NA
[1] "BW25113 del lsrK"
[1] NA
[1] "BW25113 del lsrK"
[1] NA
[1] "BW25113 del lsrK"
[1] NA
[1] "BW25113 del lsrK"
[1] NA
[1] "BW25113 del lsrK"
[1] NA
[1] "BW25113 del lsrK"
[1] NA
[1] "BW25113 del lsrK"
[1] NA
[1] "BW25113 del lsrR"
[1] NA
[1] "BW25113 del lsrR"
[1] NA
[1] "BW25113 del lsrR"
[1] NA
[1] "BW25113 del lsrR"
[1] NA
[1] "BW25113 del lsrR"
[1] NA
[1] "BW25113 del lsrR"
[1] NA
[1] "BW25113 del lsrR"
[1] NA
[1] "BW25113 del luxS"
[1] NA
[1] "BW25113 del luxS"
[1] NA
[1] "BW25113 del luxS"
[1] NA
[1] "BW25113 del luxS"
[1] NA
[1] "BW25113 del luxS"
[1] NA
[1] "BW25113 del luxS"
[1] NA
[1] "BW25113 del rpoS"
[1] NA
[1] "BW25113 del rpoS"
[1] NA
[1] "BW25113 del rpoS"
[1] NA
[1] "BW25113 del rpoS"
[1] NA
[1] "BW25113 del rpoS"
[1] NA
[1] "BW25113 del rpoS"
[1] NA
[1] "BW25113 del rpoS"
[1] NA
[1] "BW25113 del tnaA"
[1] NA
[1] "BW25113 del tnaA"
[1] NA
[1] "BW25113 del tnaA"
[1] NA
[1] "BW25113 del tnaA"
[1] NA
