[1] NA
[1] "whole retina"
[1] NA
[1] "whole retina"
[1] NA
[1] "whole retina"
[1] NA
[1] "whole retina"
[1] NA
[1] "whole retina"
[1] NA
[1] "DH5alpha"
[1] NA
[1] "whole retina"
[1] NA
[1] "whole retina"
[1] NA
[1] "whole retina"
[1] NA
[1] "DH5alpha"
[1] NA
[1] "whole retina"
[1] NA
[1] "whole retina"
[1] NA
[1] "whole retina"
[1] NA
[1] "DH5alpha"
[1] NA
[1] "whole retina"
[1] NA
[1] "whole retina"
[1] NA
[1] "whole retina"
[1] NA
[1] "DH10beta"
[1] NA
[1] "whole retina"
[1] NA
[1] "whole retina"
[1] NA
[1] "whole retina"
[1] NA
[1] "DH10beta"
[1] NA
[1] "whole retina"
[1] NA
[1] "whole retina"
[1] NA
[1] "whole retina"
[1] NA
[1] "DH10beta"
[1] NA
[1] "whole retina"
[1] NA
[1] "whole retina"
[1] NA
[1] "whole retina"
[1] NA
[1] "DH10beta"
[1] NA
[1] "whole retina"
[1] NA
[1] "whole retina"
[1] NA
[1] "whole retina"
[1] NA
[1] "DH10beta"
[1] NA
[1] "whole retina"
[1] NA
[1] "whole retina"
[1] NA
[1] "whole retina"
[1] NA
[1] "DH10beta"
[1] NA
[1] "whole retina"
[1] NA
[1] "whole retina"
[1] NA
[1] "whole retina"
[1] NA
[1] "DH10beta"
[1] NA
