[1] NA
[1] "MG1655"
[1] NA
[1] "MG1655"
[1] NA
[1] "MG1655"
[1] NA
[1] "MG1655"
[1] NA
[1] "MG1655"
[1] NA
[1] "MG1655"
[1] NA
[1] "MG1655"
[1] NA
[1] "MG1655"
[1] NA
[1] "MG1655"
[1] NA
[1] "MG1655"
[1] NA
[1] "MG1655"
[1] NA
[1] "MG1655"
[1] NA
[1] "MG1655"
[1] NA
[1] "MG1655"
[1] NA
[1] "MG1655"
[1] NA
[1] "MG1655"
[1] NA
[1] "MG1655"
[1] NA
[1] "MG1655"
[1] NA
[1] "MG1655"
[1] NA
[1] "MG1655"
[1] NA
[1] "MG1655"
[1] NA
[1] "MG1655"
[1] NA
[1] "MG1655"
[1] NA
[1] "MG1655"
[1] NA
[1] "MG1655"
[1] NA
[1] "MG1655"
[1] NA
[1] "MG1655"
[1] NA
[1] "MG1655"
[1] NA
[1] "MG1655"
[1] NA
[1] "MG1655"
[1] NA
[1] "MG1655"
[1] NA
[1] "MG1655"
[1] NA
[1] "MG1655"
[1] NA
[1] "MG1655"
[1] NA
[1] "MG1655"
[1] NA
[1] "MG1655"
[1] NA
[1] "MG1655"
[1] NA
[1] "MG1655"
[1] NA
[1] "MG1655"
[1] NA
[1] "MG1655"
[1] NA
[1] "MG1655"
[1] NA
[1] "MG1655"
[1] NA
[1] "MG1655"
[1] NA
[1] "MG1655"
[1] NA
[1] "MG1655"
[1] NA
[1] "MG1655"
[1] NA
[1] "MG1655"
[1] NA
[1] "MG1655"
[1] NA
[1] "MG1655"
[1] NA
[1] "MG1655"
[1] NA
[1] "MG1655"
[1] NA
[1] "MG1655"
[1] NA
[1] "MG1655"
[1] NA
[1] "MG1655"
[1] NA
[1] "MG1655"
[1] NA
[1] "MG1655"
[1] NA
[1] "MG1655"
[1] NA
[1] "MG1655"
[1] NA
[1] "MG1655"
[1] NA
[1] "MG1655"
[1] NA
[1] "MG1655"
[1] NA
[1] "MG1655"
[1] NA
[1] "MG1655"
[1] NA
[1] "MG1655"
[1] NA
[1] "MG1655"
[1] NA
[1] "MG1655"
[1] NA
[1] "MG1655"
[1] NA
[1] "MG1655"
[1] NA
[1] "MG1655"
[1] NA
[1] "MG1655"
[1] NA
[1] "MG1655"
[1] NA
[1] "MG1655"
[1] NA
[1] "MG1655"
[1] NA
[1] "MG1655"
[1] NA
[1] "MG1655"
[1] NA
[1] "MG1655"
[1] NA
[1] "MG1655 or UPEC CFT073"
[1] NA
[1] "MG1655 or UPEC CFT073"
[1] NA
[1] "MG1655 or UPEC CFT073"
[1] NA
[1] "MG1655 or UPEC CFT073"
[1] NA
[1] "MG1655"
[1] NA
[1] "MG1655"
[1] NA
[1] "MG1655"
[1] NA
[1] "MG1655"
[1] NA
[1] "MG1655"
[1] NA
[1] "MG1655"
[1] NA
[1] "MG1655"
[1] NA
[1] "MG1655"
[1] NA
[1] "MG1655"
[1] NA
[1] "MG1655"
[1] NA
[1] "MG1655"
[1] NA
[1] "MG1655"
[1] NA
[1] "MG1655"
[1] NA
