[1] "RMA-normalized, averaged gene-level signal intensity"
[1] "Escherichia coli, 051, vitro"
[1] NA
[1] "Escherichia coli, 051, vitro"
[1] NA
[1] "Escherichia coli, 051, vitro"
[1] NA
[1] "Escherichia coli, 121, vitro"
[1] NA
[1] "Escherichia coli, 121, vitro"
[1] NA
[1] "Escherichia coli, 121, vitro"
[1] NA
[1] "Escherichia coli, 151, vitro"
[1] NA
[1] "Escherichia coli, 151, vitro"
[1] NA
[1] "Escherichia coli, 151, vitro"
[1] NA
[1] "Escherichia coli, 231, vitro"
[1] NA
[1] "Escherichia coli, 231, vitro"
[1] NA
[1] "Escherichia coli, 231, vitro"
[1] NA
[1] "Escherichia coli, 241, vitro"
[1] NA
[1] "Escherichia coli, 241, vitro"
[1] NA
[1] "Escherichia coli, 241, vitro"
[1] NA
[1] "Escherichia coli, 291, vitro"
[1] NA
[1] "Escherichia coli, 291, vitro"
[1] NA
[1] "Escherichia coli, 291, vitro"
[1] NA
[1] "Escherichia coli, 361, vitro"
[1] NA
[1] "Escherichia coli, 361, vitro"
[1] NA
[1] "Escherichia coli, 361, vitro"
[1] NA
[1] "Escherichia coli, 371, vitro"
[1] NA
[1] "Escherichia coli, 371, vitro"
[1] NA
[1] "Escherichia coli, 371, vitro"
[1] NA
[1] "Escherichia coli, 051, vivo"
[1] NA
[1] "Escherichia coli, 051, vivo"
[1] NA
[1] "Escherichia coli, 051, vivo"
[1] NA
[1] "Escherichia coli, 121, vivo"
[1] NA
[1] "Escherichia coli, 121, vivo"
[1] NA
[1] "Escherichia coli, 121, vivo"
[1] NA
[1] "Escherichia coli, 151, vivo"
[1] NA
[1] "Escherichia coli, 151, vivo"
[1] NA
[1] "Escherichia coli, 151, vivo"
[1] NA
[1] "Escherichia coli, 231, vivo"
[1] NA
[1] "Escherichia coli, 231, vivo"
[1] NA
[1] "Escherichia coli, 231, vivo"
[1] NA
[1] "Escherichia coli, 241, vivo"
[1] NA
[1] "Escherichia coli, 241, vivo"
[1] NA
[1] "Escherichia coli, 241, vivo"
[1] NA
[1] "Escherichia coli, 291, vivo"
[1] NA
[1] "Escherichia coli, 291, vivo"
[1] NA
[1] "Escherichia coli, 291, vivo"
[1] NA
[1] "Escherichia coli, 361, vivo"
[1] NA
[1] "Escherichia coli, 361, vivo"
[1] NA
[1] "Escherichia coli, 361, vivo"
[1] NA
[1] "Escherichia coli, 371, vivo"
[1] NA
[1] "Escherichia coli, 371, vivo"
[1] NA
[1] "Escherichia coli, 371, vivo"
[1] NA
