[1] "normalized log10 ratio (Cy5/Cy3) representing test/reference"
[1] "baeR mutant in LB OD600 =1"
[1] NA
[1] "baeR mutant in LB OD600 =1"
[1] NA
[1] "baeR mutant in LB OD600 =1"
[1] NA
[1] "Wild Type in LB OD600 =1"
[1] NA
[1] "Wild Type in LB OD600 =1"
[1] NA
[1] "Wild Type in LB  OD600 =1"
[1] NA
[1] "Wild Type in LB +20mM Tungstate OD600 =1"
[1] NA
[1] "Wild Type in LB +20mM Tungstate OD600 =1"
[1] NA
[1] "Wild Type in LB +20mM Tungstate OD600 =1"
[1] NA
[1] "baeR mutant in LB +20mM Tungstate OD600 =1"
[1] NA
[1] "baeR mutant in LB +20mM Tungstate OD600 =1"
[1] NA
[1] "baeR mutant in LB +20mM Tungstate OD600 =1"
[1] NA
[1] "baeR mutant in LB +20mM Tungstate OD600 =1"
[1] NA
[1] "baeR mutant in LB +20mM Tungstate OD600 =1"
[1] NA
