Setting options('download.file.method.GEOquery'='auto')
Setting options('GEOquery.inmemory.gpl'=FALSE)
Loading required package: Biobase
Loading required package: BiocGenerics

Attaching package: 'BiocGenerics'

The following objects are masked from 'package:stats':

    IQR, mad, sd, var, xtabs

The following objects are masked from 'package:base':

    anyDuplicated, aperm, append, as.data.frame, basename, cbind,
    colnames, dirname, do.call, duplicated, eval, evalq, Filter, Find,
    get, grep, grepl, intersect, is.unsorted, lapply, Map, mapply,
    match, mget, order, paste, pmax, pmax.int, pmin, pmin.int,
    Position, rank, rbind, Reduce, rownames, sapply, setdiff, table,
    tapply, union, unique, unsplit, which.max, which.min

Welcome to Bioconductor

    Vignettes contain introductory material; view with
    'browseVignettes()'. To cite Bioconductor, see
    'citation("Biobase")', and for packages 'citation("pkgname")'.


Attaching package: 'fs'

The following object is masked from 'package:BiocGenerics':

    path

Using locally cached version of GSE222765 found here:
C:\Users\Rafael\repos\personal\geo_data_analysis\data/GSE222765/GSE222765.soft.gz 
Reading file....
Parsing....
Found 712 entities...
GPL33017 (1 of 713 entities)
GPL33018 (2 of 713 entities)
GSM6931117 (3 of 713 entities)
GSM6931118 (4 of 713 entities)
GSM6931119 (5 of 713 entities)
GSM6931120 (6 of 713 entities)
GSM6931121 (7 of 713 entities)
GSM6931122 (8 of 713 entities)
GSM6931123 (9 of 713 entities)
GSM6931124 (10 of 713 entities)
GSM6931125 (11 of 713 entities)
GSM6931126 (12 of 713 entities)
GSM6931127 (13 of 713 entities)
GSM6931128 (14 of 713 entities)
GSM6931129 (15 of 713 entities)
GSM6931130 (16 of 713 entities)
GSM6931131 (17 of 713 entities)
GSM6931132 (18 of 713 entities)
GSM6931133 (19 of 713 entities)
GSM6931134 (20 of 713 entities)
GSM6931135 (21 of 713 entities)
GSM6931136 (22 of 713 entities)
GSM6931137 (23 of 713 entities)
GSM6931138 (24 of 713 entities)
GSM6931139 (25 of 713 entities)
GSM6931140 (26 of 713 entities)
GSM6931141 (27 of 713 entities)
GSM6931142 (28 of 713 entities)
GSM6931143 (29 of 713 entities)
GSM6931144 (30 of 713 entities)
GSM6931145 (31 of 713 entities)
GSM6931146 (32 of 713 entities)
GSM6931147 (33 of 713 entities)
GSM6931148 (34 of 713 entities)
GSM6931149 (35 of 713 entities)
GSM6931150 (36 of 713 entities)
GSM6931151 (37 of 713 entities)
GSM6931152 (38 of 713 entities)
GSM6931153 (39 of 713 entities)
GSM6931154 (40 of 713 entities)
GSM6931155 (41 of 713 entities)
GSM6931156 (42 of 713 entities)
GSM6931157 (43 of 713 entities)
GSM6931158 (44 of 713 entities)
GSM6931159 (45 of 713 entities)
GSM6931160 (46 of 713 entities)
GSM6931161 (47 of 713 entities)
GSM6931162 (48 of 713 entities)
GSM6931163 (49 of 713 entities)
GSM6931164 (50 of 713 entities)
GSM6931165 (51 of 713 entities)
GSM6931166 (52 of 713 entities)
GSM6931167 (53 of 713 entities)
GSM6931168 (54 of 713 entities)
GSM6931169 (55 of 713 entities)
GSM6931170 (56 of 713 entities)
GSM6931171 (57 of 713 entities)
GSM6931172 (58 of 713 entities)
GSM6931173 (59 of 713 entities)
GSM6931174 (60 of 713 entities)
GSM6931175 (61 of 713 entities)
GSM6931176 (62 of 713 entities)
GSM6931177 (63 of 713 entities)
GSM6931178 (64 of 713 entities)
GSM6931179 (65 of 713 entities)
GSM6931180 (66 of 713 entities)
GSM6931181 (67 of 713 entities)
GSM6931182 (68 of 713 entities)
GSM6931183 (69 of 713 entities)
GSM6931184 (70 of 713 entities)
GSM6931185 (71 of 713 entities)
GSM6931186 (72 of 713 entities)
GSM6931187 (73 of 713 entities)
GSM6931188 (74 of 713 entities)
GSM6931189 (75 of 713 entities)
GSM6931190 (76 of 713 entities)
GSM6931191 (77 of 713 entities)
GSM6931192 (78 of 713 entities)
GSM6931193 (79 of 713 entities)
GSM6931194 (80 of 713 entities)
GSM6931195 (81 of 713 entities)
GSM6931196 (82 of 713 entities)
GSM6931197 (83 of 713 entities)
GSM6931198 (84 of 713 entities)
GSM6931199 (85 of 713 entities)
GSM6931200 (86 of 713 entities)
GSM6931201 (87 of 713 entities)
GSM6931202 (88 of 713 entities)
GSM6931203 (89 of 713 entities)
GSM6931204 (90 of 713 entities)
GSM6931205 (91 of 713 entities)
GSM6931206 (92 of 713 entities)
GSM6931207 (93 of 713 entities)
GSM6931208 (94 of 713 entities)
GSM6931209 (95 of 713 entities)
GSM6931210 (96 of 713 entities)
GSM6931211 (97 of 713 entities)
GSM6931212 (98 of 713 entities)
GSM6931213 (99 of 713 entities)
GSM6931214 (100 of 713 entities)
GSM6931215 (101 of 713 entities)
GSM6931216 (102 of 713 entities)
GSM6931217 (103 of 713 entities)
GSM6931218 (104 of 713 entities)
GSM6931219 (105 of 713 entities)
GSM6931220 (106 of 713 entities)
GSM6931221 (107 of 713 entities)
GSM6931222 (108 of 713 entities)
GSM6931223 (109 of 713 entities)
GSM6931224 (110 of 713 entities)
GSM6931225 (111 of 713 entities)
GSM6931226 (112 of 713 entities)
GSM6931227 (113 of 713 entities)
GSM6931228 (114 of 713 entities)
GSM6931229 (115 of 713 entities)
GSM6931230 (116 of 713 entities)
GSM6931231 (117 of 713 entities)
GSM6931232 (118 of 713 entities)
GSM6931233 (119 of 713 entities)
GSM6931234 (120 of 713 entities)
GSM6931235 (121 of 713 entities)
GSM6931236 (122 of 713 entities)
GSM6931237 (123 of 713 entities)
GSM6931238 (124 of 713 entities)
GSM6931239 (125 of 713 entities)
GSM6931240 (126 of 713 entities)
GSM6931241 (127 of 713 entities)
GSM6931242 (128 of 713 entities)
GSM6931243 (129 of 713 entities)
GSM6931244 (130 of 713 entities)
GSM6931245 (131 of 713 entities)
GSM6931246 (132 of 713 entities)
GSM6931247 (133 of 713 entities)
GSM6931248 (134 of 713 entities)
GSM6931249 (135 of 713 entities)
GSM6931250 (136 of 713 entities)
GSM6931251 (137 of 713 entities)
GSM6931252 (138 of 713 entities)
GSM6931253 (139 of 713 entities)
GSM6931254 (140 of 713 entities)
GSM6931255 (141 of 713 entities)
GSM6931256 (142 of 713 entities)
GSM6931257 (143 of 713 entities)
GSM6931258 (144 of 713 entities)
GSM6931259 (145 of 713 entities)
GSM6931260 (146 of 713 entities)
GSM6931261 (147 of 713 entities)
GSM6931262 (148 of 713 entities)
GSM6931263 (149 of 713 entities)
GSM6931264 (150 of 713 entities)
GSM6931265 (151 of 713 entities)
GSM6931266 (152 of 713 entities)
GSM6931267 (153 of 713 entities)
GSM6931268 (154 of 713 entities)
GSM6931269 (155 of 713 entities)
GSM6931270 (156 of 713 entities)
GSM6931271 (157 of 713 entities)
GSM6931272 (158 of 713 entities)
GSM6931273 (159 of 713 entities)
GSM6931274 (160 of 713 entities)
GSM6931275 (161 of 713 entities)
GSM6931276 (162 of 713 entities)
GSM6931277 (163 of 713 entities)
GSM6931278 (164 of 713 entities)
GSM6931279 (165 of 713 entities)
GSM6931280 (166 of 713 entities)
GSM6931281 (167 of 713 entities)
GSM6931282 (168 of 713 entities)
GSM6931283 (169 of 713 entities)
GSM6931284 (170 of 713 entities)
GSM6931285 (171 of 713 entities)
GSM6931286 (172 of 713 entities)
GSM6931287 (173 of 713 entities)
GSM6931288 (174 of 713 entities)
GSM6931289 (175 of 713 entities)
GSM6931290 (176 of 713 entities)
GSM6931291 (177 of 713 entities)
GSM6931292 (178 of 713 entities)
GSM6931293 (179 of 713 entities)
GSM6931294 (180 of 713 entities)
GSM6931295 (181 of 713 entities)
GSM6931296 (182 of 713 entities)
GSM6931297 (183 of 713 entities)
GSM6931298 (184 of 713 entities)
GSM6931299 (185 of 713 entities)
GSM6931300 (186 of 713 entities)
GSM6931301 (187 of 713 entities)
GSM6931302 (188 of 713 entities)
GSM6931303 (189 of 713 entities)
GSM6931304 (190 of 713 entities)
GSM6931305 (191 of 713 entities)
GSM6931306 (192 of 713 entities)
GSM6931307 (193 of 713 entities)
GSM6931308 (194 of 713 entities)
GSM6931309 (195 of 713 entities)
GSM6931310 (196 of 713 entities)
GSM6931311 (197 of 713 entities)
GSM6931312 (198 of 713 entities)
GSM6931313 (199 of 713 entities)
GSM6931314 (200 of 713 entities)
GSM6931315 (201 of 713 entities)
GSM6931316 (202 of 713 entities)
GSM6931317 (203 of 713 entities)
GSM6931318 (204 of 713 entities)
GSM6931319 (205 of 713 entities)
GSM6931320 (206 of 713 entities)
GSM6931321 (207 of 713 entities)
GSM6931322 (208 of 713 entities)
GSM6931323 (209 of 713 entities)
GSM6931324 (210 of 713 entities)
GSM6931325 (211 of 713 entities)
GSM6931326 (212 of 713 entities)
GSM6931327 (213 of 713 entities)
GSM6931328 (214 of 713 entities)
GSM6931329 (215 of 713 entities)
GSM6931330 (216 of 713 entities)
GSM6931331 (217 of 713 entities)
GSM6931332 (218 of 713 entities)
GSM6931333 (219 of 713 entities)
GSM6931334 (220 of 713 entities)
GSM6931335 (221 of 713 entities)
GSM6931336 (222 of 713 entities)
GSM6931337 (223 of 713 entities)
GSM6931338 (224 of 713 entities)
GSM6931339 (225 of 713 entities)
GSM6931340 (226 of 713 entities)
GSM6931341 (227 of 713 entities)
GSM6931342 (228 of 713 entities)
GSM6931343 (229 of 713 entities)
GSM6931344 (230 of 713 entities)
GSM6931345 (231 of 713 entities)
GSM6931346 (232 of 713 entities)
GSM6931347 (233 of 713 entities)
GSM6931348 (234 of 713 entities)
GSM6931349 (235 of 713 entities)
GSM6931350 (236 of 713 entities)
GSM6931351 (237 of 713 entities)
GSM6931352 (238 of 713 entities)
GSM6931353 (239 of 713 entities)
GSM6931354 (240 of 713 entities)
GSM6931355 (241 of 713 entities)
GSM6931356 (242 of 713 entities)
GSM6931357 (243 of 713 entities)
GSM6931358 (244 of 713 entities)
GSM6931359 (245 of 713 entities)
GSM6931360 (246 of 713 entities)
GSM6931361 (247 of 713 entities)
GSM6931362 (248 of 713 entities)
GSM6931363 (249 of 713 entities)
GSM6931364 (250 of 713 entities)
GSM6931365 (251 of 713 entities)
GSM6931366 (252 of 713 entities)
GSM6931367 (253 of 713 entities)
GSM6931368 (254 of 713 entities)
GSM6931369 (255 of 713 entities)
GSM6931370 (256 of 713 entities)
GSM6931371 (257 of 713 entities)
GSM6931372 (258 of 713 entities)
GSM6931373 (259 of 713 entities)
GSM6931374 (260 of 713 entities)
GSM6931375 (261 of 713 entities)
GSM6931376 (262 of 713 entities)
GSM6931377 (263 of 713 entities)
GSM6931378 (264 of 713 entities)
GSM6931379 (265 of 713 entities)
GSM6931380 (266 of 713 entities)
GSM6931381 (267 of 713 entities)
GSM6931382 (268 of 713 entities)
GSM6931383 (269 of 713 entities)
GSM6931384 (270 of 713 entities)
GSM6931385 (271 of 713 entities)
GSM6931386 (272 of 713 entities)
GSM6931387 (273 of 713 entities)
GSM6931388 (274 of 713 entities)
GSM6931389 (275 of 713 entities)
GSM6931390 (276 of 713 entities)
GSM6931391 (277 of 713 entities)
GSM6931392 (278 of 713 entities)
GSM6931393 (279 of 713 entities)
GSM6931394 (280 of 713 entities)
GSM6931395 (281 of 713 entities)
GSM6931396 (282 of 713 entities)
GSM6931397 (283 of 713 entities)
GSM6931398 (284 of 713 entities)
GSM6931399 (285 of 713 entities)
GSM6931400 (286 of 713 entities)
GSM6931401 (287 of 713 entities)
GSM6931402 (288 of 713 entities)
GSM6931403 (289 of 713 entities)
GSM6931404 (290 of 713 entities)
GSM6931405 (291 of 713 entities)
GSM6931406 (292 of 713 entities)
GSM6931407 (293 of 713 entities)
GSM6931408 (294 of 713 entities)
GSM6931409 (295 of 713 entities)
GSM6931410 (296 of 713 entities)
GSM6931411 (297 of 713 entities)
GSM6931412 (298 of 713 entities)
GSM6931413 (299 of 713 entities)
GSM6931414 (300 of 713 entities)
GSM6931415 (301 of 713 entities)
GSM6931416 (302 of 713 entities)
GSM6931417 (303 of 713 entities)
GSM6931418 (304 of 713 entities)
GSM6931419 (305 of 713 entities)
GSM6931420 (306 of 713 entities)
GSM6931421 (307 of 713 entities)
GSM6931422 (308 of 713 entities)
GSM6931423 (309 of 713 entities)
GSM6931424 (310 of 713 entities)
GSM6931425 (311 of 713 entities)
GSM6931426 (312 of 713 entities)
GSM6931427 (313 of 713 entities)
GSM6931428 (314 of 713 entities)
GSM6931429 (315 of 713 entities)
GSM6931430 (316 of 713 entities)
GSM6931431 (317 of 713 entities)
GSM6931432 (318 of 713 entities)
GSM6931433 (319 of 713 entities)
GSM6931434 (320 of 713 entities)
GSM6931435 (321 of 713 entities)
GSM6931436 (322 of 713 entities)
GSM6931437 (323 of 713 entities)
GSM6931438 (324 of 713 entities)
GSM6931439 (325 of 713 entities)
GSM6931440 (326 of 713 entities)
GSM6931441 (327 of 713 entities)
GSM6931442 (328 of 713 entities)
GSM6931443 (329 of 713 entities)
GSM6931444 (330 of 713 entities)
GSM6931445 (331 of 713 entities)
GSM6931446 (332 of 713 entities)
GSM6931447 (333 of 713 entities)
GSM6931448 (334 of 713 entities)
GSM6931449 (335 of 713 entities)
GSM6931450 (336 of 713 entities)
GSM6931451 (337 of 713 entities)
GSM6931452 (338 of 713 entities)
GSM6931453 (339 of 713 entities)
GSM6931454 (340 of 713 entities)
GSM6931455 (341 of 713 entities)
GSM6931456 (342 of 713 entities)
GSM6931457 (343 of 713 entities)
GSM6931458 (344 of 713 entities)
GSM6931459 (345 of 713 entities)
GSM6931460 (346 of 713 entities)
GSM6931461 (347 of 713 entities)
GSM6931462 (348 of 713 entities)
GSM6931463 (349 of 713 entities)
GSM6931464 (350 of 713 entities)
GSM6931465 (351 of 713 entities)
GSM6931466 (352 of 713 entities)
GSM6931467 (353 of 713 entities)
GSM6931468 (354 of 713 entities)
GSM6931469 (355 of 713 entities)
GSM6931470 (356 of 713 entities)
GSM6931471 (357 of 713 entities)
GSM6931623 (358 of 713 entities)
GSM6931624 (359 of 713 entities)
GSM6931625 (360 of 713 entities)
GSM6931626 (361 of 713 entities)
GSM6931627 (362 of 713 entities)
GSM6931628 (363 of 713 entities)
GSM6931629 (364 of 713 entities)
GSM6931630 (365 of 713 entities)
GSM6931631 (366 of 713 entities)
GSM6931632 (367 of 713 entities)
GSM6931633 (368 of 713 entities)
GSM6931634 (369 of 713 entities)
GSM6931635 (370 of 713 entities)
GSM6931636 (371 of 713 entities)
GSM6931637 (372 of 713 entities)
GSM6931638 (373 of 713 entities)
GSM6931639 (374 of 713 entities)
GSM6931640 (375 of 713 entities)
GSM6931641 (376 of 713 entities)
GSM6931642 (377 of 713 entities)
GSM6931643 (378 of 713 entities)
GSM6931644 (379 of 713 entities)
GSM6931645 (380 of 713 entities)
GSM6931646 (381 of 713 entities)
GSM6931647 (382 of 713 entities)
GSM6931648 (383 of 713 entities)
GSM6931649 (384 of 713 entities)
GSM6931650 (385 of 713 entities)
GSM6931651 (386 of 713 entities)
GSM6931652 (387 of 713 entities)
GSM6931653 (388 of 713 entities)
GSM6931654 (389 of 713 entities)
GSM6931655 (390 of 713 entities)
GSM6931656 (391 of 713 entities)
GSM6931657 (392 of 713 entities)
GSM6931658 (393 of 713 entities)
GSM6931659 (394 of 713 entities)
GSM6931660 (395 of 713 entities)
GSM6931661 (396 of 713 entities)
GSM6931662 (397 of 713 entities)
GSM6931663 (398 of 713 entities)
GSM6931664 (399 of 713 entities)
GSM6931665 (400 of 713 entities)
GSM6931666 (401 of 713 entities)
GSM6931667 (402 of 713 entities)
GSM6931668 (403 of 713 entities)
GSM6931669 (404 of 713 entities)
GSM6931670 (405 of 713 entities)
GSM6931671 (406 of 713 entities)
GSM6931672 (407 of 713 entities)
GSM6931673 (408 of 713 entities)
GSM6931674 (409 of 713 entities)
GSM6931675 (410 of 713 entities)
GSM6931676 (411 of 713 entities)
GSM6931677 (412 of 713 entities)
GSM6931678 (413 of 713 entities)
GSM6931679 (414 of 713 entities)
GSM6931680 (415 of 713 entities)
GSM6931681 (416 of 713 entities)
GSM6931682 (417 of 713 entities)
GSM6931683 (418 of 713 entities)
GSM6931684 (419 of 713 entities)
GSM6931685 (420 of 713 entities)
GSM6931686 (421 of 713 entities)
GSM6931687 (422 of 713 entities)
GSM6931688 (423 of 713 entities)
GSM6931689 (424 of 713 entities)
GSM6931690 (425 of 713 entities)
GSM6931691 (426 of 713 entities)
GSM6931692 (427 of 713 entities)
GSM6931693 (428 of 713 entities)
GSM6931694 (429 of 713 entities)
GSM6931695 (430 of 713 entities)
GSM6931696 (431 of 713 entities)
GSM6931697 (432 of 713 entities)
GSM6931698 (433 of 713 entities)
GSM6931699 (434 of 713 entities)
GSM6931700 (435 of 713 entities)
GSM6931701 (436 of 713 entities)
GSM6931702 (437 of 713 entities)
GSM6931703 (438 of 713 entities)
GSM6931704 (439 of 713 entities)
GSM6931705 (440 of 713 entities)
GSM6931706 (441 of 713 entities)
GSM6931707 (442 of 713 entities)
GSM6931708 (443 of 713 entities)
GSM6931709 (444 of 713 entities)
GSM6931710 (445 of 713 entities)
GSM6931711 (446 of 713 entities)
GSM6931712 (447 of 713 entities)
GSM6931713 (448 of 713 entities)
GSM6931714 (449 of 713 entities)
GSM6931715 (450 of 713 entities)
GSM6931716 (451 of 713 entities)
GSM6931717 (452 of 713 entities)
GSM6931718 (453 of 713 entities)
GSM6931719 (454 of 713 entities)
GSM6931720 (455 of 713 entities)
GSM6931721 (456 of 713 entities)
GSM6931722 (457 of 713 entities)
GSM6931723 (458 of 713 entities)
GSM6931724 (459 of 713 entities)
GSM6931725 (460 of 713 entities)
GSM6931726 (461 of 713 entities)
GSM6931727 (462 of 713 entities)
GSM6931728 (463 of 713 entities)
GSM6931729 (464 of 713 entities)
GSM6931730 (465 of 713 entities)
GSM6931731 (466 of 713 entities)
GSM6931732 (467 of 713 entities)
GSM6931733 (468 of 713 entities)
GSM6931734 (469 of 713 entities)
GSM6931735 (470 of 713 entities)
GSM6931736 (471 of 713 entities)
GSM6931737 (472 of 713 entities)
GSM6931738 (473 of 713 entities)
GSM6931739 (474 of 713 entities)
GSM6931740 (475 of 713 entities)
GSM6931741 (476 of 713 entities)
GSM6931742 (477 of 713 entities)
GSM6931743 (478 of 713 entities)
GSM6931744 (479 of 713 entities)
GSM6931745 (480 of 713 entities)
GSM6931746 (481 of 713 entities)
GSM6931747 (482 of 713 entities)
GSM6931748 (483 of 713 entities)
GSM6931749 (484 of 713 entities)
GSM6931750 (485 of 713 entities)
GSM6931751 (486 of 713 entities)
GSM6931752 (487 of 713 entities)
GSM6931753 (488 of 713 entities)
GSM6931754 (489 of 713 entities)
GSM6931755 (490 of 713 entities)
GSM6931756 (491 of 713 entities)
GSM6931757 (492 of 713 entities)
GSM6931758 (493 of 713 entities)
GSM6931759 (494 of 713 entities)
GSM6931760 (495 of 713 entities)
GSM6931761 (496 of 713 entities)
GSM6931762 (497 of 713 entities)
GSM6931763 (498 of 713 entities)
GSM6931764 (499 of 713 entities)
GSM6931765 (500 of 713 entities)
GSM6931766 (501 of 713 entities)
GSM6931767 (502 of 713 entities)
GSM6931768 (503 of 713 entities)
GSM6931769 (504 of 713 entities)
GSM6931770 (505 of 713 entities)
GSM6931771 (506 of 713 entities)
GSM6931772 (507 of 713 entities)
GSM6931773 (508 of 713 entities)
GSM6931774 (509 of 713 entities)
GSM6931775 (510 of 713 entities)
GSM6931776 (511 of 713 entities)
GSM6931777 (512 of 713 entities)
GSM6931778 (513 of 713 entities)
GSM6931779 (514 of 713 entities)
GSM6931780 (515 of 713 entities)
GSM6931781 (516 of 713 entities)
GSM6931782 (517 of 713 entities)
GSM6931783 (518 of 713 entities)
GSM6931784 (519 of 713 entities)
GSM6931785 (520 of 713 entities)
GSM6931786 (521 of 713 entities)
GSM6931787 (522 of 713 entities)
GSM6931788 (523 of 713 entities)
GSM6931789 (524 of 713 entities)
GSM6931790 (525 of 713 entities)
GSM6931791 (526 of 713 entities)
GSM6931792 (527 of 713 entities)
GSM6931793 (528 of 713 entities)
GSM6931794 (529 of 713 entities)
GSM6931795 (530 of 713 entities)
GSM6931796 (531 of 713 entities)
GSM6931797 (532 of 713 entities)
GSM6931798 (533 of 713 entities)
GSM6931799 (534 of 713 entities)
GSM6931800 (535 of 713 entities)
GSM6931801 (536 of 713 entities)
GSM6931802 (537 of 713 entities)
GSM6931803 (538 of 713 entities)
GSM6931804 (539 of 713 entities)
GSM6931805 (540 of 713 entities)
GSM6931806 (541 of 713 entities)
GSM6931807 (542 of 713 entities)
GSM6931808 (543 of 713 entities)
GSM6931809 (544 of 713 entities)
GSM6931810 (545 of 713 entities)
GSM6931811 (546 of 713 entities)
GSM6931812 (547 of 713 entities)
GSM6931813 (548 of 713 entities)
GSM6931814 (549 of 713 entities)
GSM6931815 (550 of 713 entities)
GSM6931816 (551 of 713 entities)
GSM6931817 (552 of 713 entities)
GSM6931818 (553 of 713 entities)
GSM6931819 (554 of 713 entities)
GSM6931820 (555 of 713 entities)
GSM6931821 (556 of 713 entities)
GSM6931822 (557 of 713 entities)
GSM6931823 (558 of 713 entities)
GSM6931824 (559 of 713 entities)
GSM6931825 (560 of 713 entities)
GSM6931826 (561 of 713 entities)
GSM6931827 (562 of 713 entities)
GSM6931828 (563 of 713 entities)
GSM6931829 (564 of 713 entities)
GSM6931830 (565 of 713 entities)
GSM6931831 (566 of 713 entities)
GSM6931832 (567 of 713 entities)
GSM6931833 (568 of 713 entities)
GSM6931834 (569 of 713 entities)
GSM6931835 (570 of 713 entities)
GSM6931836 (571 of 713 entities)
GSM6931837 (572 of 713 entities)
GSM6931838 (573 of 713 entities)
GSM6931839 (574 of 713 entities)
GSM6931840 (575 of 713 entities)
GSM6931841 (576 of 713 entities)
GSM6931842 (577 of 713 entities)
GSM6931843 (578 of 713 entities)
GSM6931844 (579 of 713 entities)
GSM6931845 (580 of 713 entities)
GSM6931846 (581 of 713 entities)
GSM6931847 (582 of 713 entities)
GSM6931848 (583 of 713 entities)
GSM6931849 (584 of 713 entities)
GSM6931850 (585 of 713 entities)
GSM6931851 (586 of 713 entities)
GSM6931852 (587 of 713 entities)
GSM6931853 (588 of 713 entities)
GSM6931854 (589 of 713 entities)
GSM6931855 (590 of 713 entities)
GSM6931856 (591 of 713 entities)
GSM6931857 (592 of 713 entities)
GSM6931858 (593 of 713 entities)
GSM6931859 (594 of 713 entities)
GSM6931860 (595 of 713 entities)
GSM6931861 (596 of 713 entities)
GSM6931862 (597 of 713 entities)
GSM6931863 (598 of 713 entities)
GSM6931864 (599 of 713 entities)
GSM6931865 (600 of 713 entities)
GSM6931866 (601 of 713 entities)
GSM6931867 (602 of 713 entities)
GSM6931868 (603 of 713 entities)
GSM6931869 (604 of 713 entities)
GSM6931870 (605 of 713 entities)
GSM6931871 (606 of 713 entities)
GSM6931872 (607 of 713 entities)
GSM6931873 (608 of 713 entities)
GSM6931874 (609 of 713 entities)
GSM6931875 (610 of 713 entities)
GSM6931876 (611 of 713 entities)
GSM6931877 (612 of 713 entities)
GSM6931878 (613 of 713 entities)
GSM6931879 (614 of 713 entities)
GSM6931880 (615 of 713 entities)
GSM6931881 (616 of 713 entities)
GSM6931882 (617 of 713 entities)
GSM6931883 (618 of 713 entities)
GSM6931884 (619 of 713 entities)
GSM6931885 (620 of 713 entities)
GSM6931886 (621 of 713 entities)
GSM6931887 (622 of 713 entities)
GSM6931888 (623 of 713 entities)
GSM6931889 (624 of 713 entities)
GSM6931890 (625 of 713 entities)
GSM6931891 (626 of 713 entities)
GSM6931892 (627 of 713 entities)
GSM6931893 (628 of 713 entities)
GSM6931894 (629 of 713 entities)
GSM6931895 (630 of 713 entities)
GSM6931896 (631 of 713 entities)
GSM6931897 (632 of 713 entities)
GSM6931898 (633 of 713 entities)
GSM6931899 (634 of 713 entities)
GSM6931900 (635 of 713 entities)
GSM6931901 (636 of 713 entities)
GSM6931902 (637 of 713 entities)
GSM6931903 (638 of 713 entities)
GSM6931904 (639 of 713 entities)
GSM6931905 (640 of 713 entities)
GSM6931906 (641 of 713 entities)
GSM6931907 (642 of 713 entities)
GSM6931908 (643 of 713 entities)
GSM6931909 (644 of 713 entities)
GSM6931910 (645 of 713 entities)
GSM6931911 (646 of 713 entities)
GSM6931912 (647 of 713 entities)
GSM6931913 (648 of 713 entities)
GSM6931914 (649 of 713 entities)
GSM6931915 (650 of 713 entities)
GSM6931916 (651 of 713 entities)
GSM6931917 (652 of 713 entities)
GSM6931918 (653 of 713 entities)
GSM6931919 (654 of 713 entities)
GSM6931920 (655 of 713 entities)
GSM6931921 (656 of 713 entities)
GSM6931922 (657 of 713 entities)
GSM6931923 (658 of 713 entities)
GSM6931924 (659 of 713 entities)
GSM6931925 (660 of 713 entities)
GSM6931926 (661 of 713 entities)
GSM6931927 (662 of 713 entities)
GSM6931928 (663 of 713 entities)
GSM6931929 (664 of 713 entities)
GSM6931930 (665 of 713 entities)
GSM6931931 (666 of 713 entities)
GSM6931932 (667 of 713 entities)
GSM6931933 (668 of 713 entities)
GSM6931934 (669 of 713 entities)
GSM6931935 (670 of 713 entities)
GSM6931936 (671 of 713 entities)
GSM6931937 (672 of 713 entities)
GSM6931938 (673 of 713 entities)
GSM6931939 (674 of 713 entities)
GSM6931940 (675 of 713 entities)
GSM6931941 (676 of 713 entities)
GSM6931942 (677 of 713 entities)
GSM6931943 (678 of 713 entities)
GSM6931944 (679 of 713 entities)
GSM6931945 (680 of 713 entities)
GSM6931946 (681 of 713 entities)
GSM6931947 (682 of 713 entities)
GSM6931948 (683 of 713 entities)
GSM6931949 (684 of 713 entities)
GSM6931950 (685 of 713 entities)
GSM6931951 (686 of 713 entities)
GSM6931952 (687 of 713 entities)
GSM6931953 (688 of 713 entities)
GSM6931954 (689 of 713 entities)
GSM6931955 (690 of 713 entities)
GSM6931956 (691 of 713 entities)
GSM6931957 (692 of 713 entities)
GSM6931958 (693 of 713 entities)
GSM6931959 (694 of 713 entities)
GSM6931960 (695 of 713 entities)
GSM6931961 (696 of 713 entities)
GSM6931962 (697 of 713 entities)
GSM6931963 (698 of 713 entities)
GSM6931964 (699 of 713 entities)
GSM6931965 (700 of 713 entities)
GSM6931966 (701 of 713 entities)
GSM6931967 (702 of 713 entities)
GSM6931968 (703 of 713 entities)
GSM6931969 (704 of 713 entities)
GSM6931970 (705 of 713 entities)
GSM6931971 (706 of 713 entities)
GSM6931972 (707 of 713 entities)
GSM6931973 (708 of 713 entities)
GSM6931974 (709 of 713 entities)
GSM6931975 (710 of 713 entities)
GSM6931976 (711 of 713 entities)
GSM6931977 (712 of 713 entities)
Error: invalid sample names; likely not time series
Execution halted
