[1] "log2(QUERY/REF), i.e., the base 2 logarithm of the ratio of QUERY INTEGRATED_INTENSITY over REF_INTEGRATED_INTENSITY"
[1] "Total RNA extracted at log phase"
[1] NA
[1] "Total RNA extracted at mid log phase"
[1] NA
[1] "Total RNA extracted at log phase"
[1] NA
[1] "Total RNA extracted at mid log  phase"
[1] NA
[1] "Total RNA extracted at early stationary phase"
[1] NA
[1] "Total RNA extracted at log phase"
[1] NA
[1] "Total RNA extracted at early stationary phase"
[1] NA
[1] "Total RNA extracted at mid log  phase"
[1] NA
[1] "Total RNA extracted at log phase"
[1] NA
[1] "Total RNA extracted at early stationary phase"
[1] NA
[1] "Total RNA extracted at mid log  phase"
[1] NA
[1] "Total RNA extracted at log phase"
[1] NA
[1] "Total RNA extracted at mid log  phase"
[1] NA
[1] "Total RNA extracted at early stationary phase"
[1] NA
[1] "Total RNA extracted at log phase"
[1] NA
[1] "Total RNA extracted at mid log  phase"
[1] NA
[1] "Total RNA extracted at early stationary phase"
[1] NA
[1] "Total RNA extracted at early stationary phase"
[1] NA
[1] "Total RNA extracted at mid log  phase"
[1] NA
[1] "Total RNA extracted at log phase"
[1] NA
[1] "Total RNA extracted at early stationary phase"
[1] NA
[1] "Total RNA extracted at mid log  phase"
[1] NA
[1] "Total RNA extracted at log phase"
[1] NA
[1] "Total RNA extracted at early stationary phase"
[1] NA
[1] "Total RNA extracted at mid log  phase"
[1] NA
[1] "Total RNA extracted at log phase"
[1] NA
[1] "Total RNA extracted at early stationary phase, mutant"
[1] NA
[1] "Total RNA extracted at log phase"
[1] NA
[1] "Total RNA extracted at mid log  phase"
[1] NA
[1] "Total RNA extracted at early stationary phase"
[1] NA
