[1] "Normalized log2 value"
[1] "E. coli K12 cells, M9, 8 h"
[1] "8"
[1] "28800"
[1] "E. coli K12 cells, M9, 8 h"
[1] "8"
[1] "28800"
[1] "E. coli K12 ybjN mutant cells, M9, 8 h"
[1] "8"
[1] "28800"
[1] "E. coli K12 ybjN mutant cells, M9, 8 h"
[1] "8"
[1] "28800"
[1] "E. coli K12 ybjN mutant cells, M9, 8 h"
[1] "8"
[1] "28800"
[1] "E. coli K12 ybjN over-expression cells, M9, 8 h"
[1] "8"
[1] "28800"
[1] "E. coli K12 ybjN over-expression cells, M9, 8 h"
[1] "8"
[1] "28800"
[1] "E. coli K12 ybjN over-expression cells, M9, 8 h"
[1] "8"
[1] "28800"
