[1] "normalized log2 ratio (Cy3/Cy5) representing sample/reference"
[1] "Butanol Challenge_Step_1-1"
[1] NA
[1] "Control Step_1-1"
[1] NA
[1] "Butanol Challenge_Step_2-1"
[1] NA
[1] "Control Step_2-1"
[1] NA
[1] "Butanol Challenge_Step_3-1"
[1] NA
[1] "Control Step_3-1"
[1] NA
[1] "Butanol Challenge_Step_4-1"
[1] NA
[1] "Control Step_4-1"
[1] NA
[1] "Butanol Challenge_Step_4-2"
[1] NA
[1] "Control Step_4-2"
[1] NA
[1] "Butanol Challenge_Step_3-2"
[1] NA
[1] "Control Step_3-2"
[1] NA
[1] "Butanol Challenge_Step_2-2"
[1] NA
[1] "Control Step_2-2"
[1] NA
[1] "Butanol Challenge_Step_1-2"
[1] NA
[1] "Control Step_1-2"
[1] NA
