[1] NA
[1] "ATCC 47076"
[1] NA
[1] "ATCC 47076"
[1] NA
[1] "ATCC 47076"
[1] NA
[1] "ATCC 47076"
[1] NA
[1] "ATCC 47076"
[1] NA
[1] "ATCC 47076"
[1] NA
[1] "ATCC 47076"
[1] NA
[1] "ATCC 47076"
[1] NA
[1] "ATCC 47076"
[1] NA
[1] "ATCC 47076"
[1] NA
[1] "ATCC 47076"
[1] NA
[1] "ATCC 47076"
[1] NA
[1] "ATCC 47076"
[1] NA
[1] "ATCC 47076"
[1] NA
[1] "ATCC 47076"
[1] NA
[1] "ATCC 47076"
[1] NA
[1] "ATCC 47076"
[1] NA
[1] "ATCC 47076"
[1] NA
[1] "ATCC 47076"
[1] NA
[1] "ATCC 47076"
[1] NA
[1] "ATCC 47076"
[1] NA
[1] "ATCC 47076"
[1] NA
[1] "ATCC 47076"
[1] NA
[1] "ATCC 47076"
[1] NA
[1] "ATCC 47076"
[1] NA
[1] "ATCC 47076"
[1] NA
[1] "ATCC 47076"
[1] NA
[1] "ATCC 47076"
[1] NA
[1] "ATCC 47076"
[1] NA
[1] "ATCC 47076"
[1] NA
[1] "ATCC 47076"
[1] NA
[1] "ATCC 47076"
[1] NA
[1] "ATCC 47076"
[1] NA
[1] "ATCC 47076"
[1] NA
[1] "ATCC 47076"
[1] NA
[1] "ATCC 47076"
[1] NA
