[1] "MAS5.0 signal intensity"
[1] "E.coli ppGpp0 cells with vector control"
[1] NA
[1] "E.coli ppGpp0 cells with vector control"
[1] NA
[1] "E.coli ppGpp0 cells overexpressing GreA"
[1] NA
[1] "E.coli ppGpp0 cells overexpressing GreA"
[1] NA
[1] "E.coli ppGpp0 cells overexpressing GreB"
[1] NA
[1] "E.coli ppGpp0 cells overexpressing GreB"
[1] NA
[1] "E.coli ppGpp0 dksA- cells with vector control"
[1] NA
[1] "E.coli ppGpp0 dksA- cells with vector control"
[1] NA
[1] "E.coli ppGpp0 dksA- cells overexpressing GreA"
[1] NA
[1] "E.coli ppGpp0 dksA- cells overexpressing GreA"
[1] NA
[1] "E.coli ppGpp0 dksA- cells overexpressing GreB"
[1] NA
[1] "E.coli ppGpp0 dksA- cells overexpressing GreB"
[1] NA
