[1] "log2 normalized signal intensity"
[1] "Strain p10 isolated from in vitro planktonic culture rep. 1"
[1] NA
[1] "Strain p10 isolated from in vitro planktonic culture rep. 2"
[1] NA
[1] "Strain p11 isolated from in vitro planktonic culture rep. 1"
[1] NA
[1] "Strain p11 isolated from in vitro planktonic culture rep. 2"
[1] NA
[1] "Strain p17 isolated from in vitro planktonic culture rep. 1"
[1] NA
[1] "Strain p17 isolated from in vitro planktonic culture rep. 2"
[1] NA
[1] "Pool of strains CF1, CF2, CF3, CF4 isolated from in vitro planktonic culturte rep. 1"
[1] NA
[1] "Pool of strains CF1, CF2, CF3, CF4 isolated from in vitro planktonic culturte rep. 2"
[1] NA
[1] "Strain CFCZ isolated from in vitro planktonic culture rep. 1"
[1] NA
[1] "Strain CFCZ isolated from in vitro planktonic culture rep. 2"
[1] NA
[1] "Strain p10 isolated from burn wound rep. 1"
[1] NA
[1] "Strain p10 isolated from burn wound rep. 2"
[1] NA
[1] "Strain p11 isolated from burn wound rep. 1"
[1] NA
[1] "Strain p11 isolated from burn wound rep. 2"
[1] NA
[1] "Strain p17 isolated from burn wound rep. 1"
[1] NA
[1] "Strain p17 isolated from burn wound rep. 2"
[1] NA
[1] "Pool of strains CF1, CF2, CF3, CF4 isolated from CF pateint sputum rep. 1"
[1] NA
[1] "Pool of strains CF1, CF2, CF3, CF4 isolated from CF patient sputum rep. 2"
[1] NA
[1] "Strain CFCZ isolated from CF patient sputum rep. 1"
[1] NA
[1] "Strain CFCZ isolated from CF patient sputum rep. 2"
[1] NA
[1] "Strain p10 isolated from murine tumor rep. 1"
[1] NA
[1] "Strain p10 isolated from murine tumor rep. 2"
[1] NA
[1] "Strain p11 isolated from murine tumor rep. 1"
[1] NA
[1] "Strain p11 isolated from murine tumor rep. 2"
[1] NA
[1] "Strain p17 isolated from murine tumor rep. 1"
[1] NA
[1] "Strain p17 isolated from murine tumor rep. 2"
[1] NA
