[1] "RMA normalized linear expression level"
[1] "Neisseria meningitidis MC58 wild-type"
[1] NA
[1] "Neisseria meningitidis MC58 wild-type"
[1] NA
[1] "Neisseria meningitidis MC58 wild-type"
[1] NA
[1] "Neisseria meningitidis MC58 hfq- mutant"
[1] NA
[1] "Neisseria meningitidis MC58 hfq- mutant"
[1] NA
[1] "Neisseria meningitidis MC58 hfq- mutant"
[1] NA
[1] "Neisseria meningitidis MC58 complemented hfq- mutant"
[1] NA
[1] "Neisseria meningitidis MC58 complemented hfq- mutant"
[1] NA
[1] "Neisseria meningitidis MC58 complemented hfq- mutant"
[1] NA
[1] "Neisseria meningitidis MC58 wild-type"
[1] NA
[1] "Neisseria meningitidis MC58 wild-type"
[1] NA
[1] "Neisseria meningitidis MC58 wild-type"
[1] NA
[1] "Neisseria meningitidis MC58 hfq- mutant"
[1] NA
[1] "Neisseria meningitidis MC58 hfq- mutant"
[1] NA
[1] "Neisseria meningitidis MC58 hfq- mutant"
[1] NA
[1] "Neisseria meningitidis MC58 complemented hfq- mutant"
[1] NA
[1] "Neisseria meningitidis MC58 complemented hfq- mutant"
[1] NA
[1] "Neisseria meningitidis MC58 complemented hfq- mutant"
[1] NA
