[1] NA
[1] "in vitro-transcribed tRNA (tRNAAsp)"
[1] NA
[1] "in vitro-transcribed tRNA (tRNAAsp)"
[1] NA
[1] "in vitro-transcribed tRNA (tRNAAsn, tRNAAsp, tRNAHis, tRNATyr)"
[1] NA
[1] "in vitro-transcribed tRNA (tRNAAsn, tRNAAsp, tRNAHis, tRNATyr)"
[1] NA
[1] "yeast cell"
[1] NA
[1] "yeast cell"
[1] NA
[1] "yeast cell"
[1] NA
[1] "yeast cell"
[1] NA
[1] "yeast cell"
[1] NA
[1] "yeast cell"
[1] NA
[1] "bacterial cell"
[1] NA
[1] "bacterial cell"
[1] NA
[1] "bacterial cell"
[1] NA
[1] "bacterial cell"
[1] NA
