[1] NA
[1] "wild-type, biological replicate 2, no phosphorus (P)"
[1] NA
[1] "wild-type, biological replicate 2, 1 mM K2HPO4 (Pi)"
[1] NA
[1] "wild-type, biological replicate 3, no phosphorus (P)"
[1] NA
[1] "wild-type, biological replicate 3, 1 mM K2HPO4 (Pi)"
[1] NA
[1] "wild-type, biological replicate 4, no phosphorus (P)"
[1] NA
[1] "wild-type, biological replicate 4, 1 mM K2HPO4 (Pi)"
[1] NA
[1] "wild-type, biological replicate 5, no phosphorus (P)"
[1] NA
[1] "wild-type, biological replicate 5, 1 mM K2HPO4 (Pi)"
[1] NA
[1] "phoB::Kn mutant, biological replicate 2, no phosphorus (P)"
[1] NA
[1] "phoB::Kn mutant, biological replicate 2, 1 mM K2HPO4 (Pi)"
[1] NA
[1] "phoB::Kn mutant, biological replicate 3, no phosphorus (P)"
[1] NA
[1] "phoB::Kn mutant, biological replicate 3, 1 mM K2HPO4 (Pi)"
[1] NA
[1] "phoB::Kn mutant, biological replicate 4, no phosphorus (P)"
[1] NA
[1] "phoB::Kn mutant, biological replicate 4, 1 mM K2HPO4 (Pi)"
[1] NA
[1] "phoB::Kn mutant, biological replicate 5, no phosphorus (P)"
[1] NA
[1] "phoB::Kn mutant, biological replicate 5, 1 mM K2HPO4 (Pi)"
[1] NA
