[1] "log2 ratio of QUERY MEDIAN_INTENSITY/REF_MEDIAN_INTENSITY from  from default normalized Agilent Feature Extraction settings for 2 channel arrays"
[1] "Genomic DNA purified from wild type bacteria"
[1] NA
[1] "Genomic DNA purified from wild type bacteria"
[1] NA
[1] "Genomic DNA purified from wild type bacteria"
[1] NA
[1] "YPT910"
[1] NA
[1] "907"
[1] NA
[1] "2516-87"
[1] NA
[1] "WA"
[1] NA
[1] "y225"
[1] NA
[1] "PestoidesF"
[1] NA
[1] "YP1953"
[1] NA
[1] "YP6902"
[1] NA
[1] "YP8081"
[1] NA
[1] "Pestoides C"
[1] NA
[1] "YpTB32"
[1] NA
[1] "Pestoides J"
[1] NA
[1] "YP8790"
[1] NA
[1] "YpTB29910"
[1] NA
[1] "YP1413"
[1] NA
[1] "YP3758"
[1] NA
[1] "YP8908"
[1] NA
[1] "YpsD1"
[1] NA
[1] "PestoidesD"
[1] NA
[1] "YP134AJ"
[1] NA
[1] "YP1952"
[1] NA
[1] "YpTB11960"
[1] NA
[1] "PestoidesA"
[1] NA
[1] "PestoidesE"
[1] NA
[1] "YP1670"
[1] NA
[1] "YP3067"
[1] NA
[1] "YP3082"
[1] NA
[1] "C1045"
[1] NA
[1] "CO99"
[1] NA
[1] "YPS D27"
[1] NA
[1] "YP3769"
[1] NA
[1] "YP8794"
[1] NA
[1] "YPC790"
[1] NA
[1] "YpTB910"
[1] NA
[1] "PESTOIDES B"
[1] NA
[1] "YP1390"
[1] NA
[1] "YP1392"
[1] NA
[1] "YP1393"
[1] NA
[1] "HARBIN"
[1] NA
[1] "NEPAL"
[1] NA
[1] "YP1954"
[1] NA
[1] "YpTB6904"
[1] NA
[1] "YP1853"
[1] NA
[1] "YP3770"
[1] NA
[1] "YPC-771"
[1] NA
[1] "YpTB43"
[1] NA
[1] "KIM10"
[1] NA
[1] "PB6"
[1] NA
[1] "YeATCC"
[1] NA
[1] "YP3768"
[1] NA
[1] "ATCC ZE-94"
[1] NA
[1] "YP8789"
[1] NA
[1] "YpTB4284"
[1] NA
[1] "YpTB6905"
[1] NA
[1] "Y228"
[1] NA
[1] "YP1852"
[1] NA
[1] "YP3065"
[1] NA
[1] "YP3073"
[1] NA
[1] "YP8793"
[1] NA
[1] "YP129-AJ"
[1] NA
[1] "YP3083"
[1] NA
[1] "YP1391"
[1] NA
[1] "YP3064"
[1] NA
[1] "YP9610"
[1] NA
[1] "YS02"
[1] NA
[1] "YP23207"
[1] NA
[1] "IP32593"
[1] NA
[1] "YS05"
[1] NA
[1] "PexU2"
[1] NA
[1] "1954"
[1] NA
[1] "YP3757"
[1] NA
[1] "NR2718"
[1] NA
[1] "YP8792"
[1] NA
[1] "PestoidesG"
[1] NA
[1] "NR2719"
[1] NA
[1] "PestoidesI"
[1] NA
[1] "YS03"
[1] NA
[1] "YpTB13980"
[1] NA
[1] "YP103AJ"
[1] NA
[1] "32[EPI]"
[1] NA
[1] "YP8788"
[1] NA
[1] "C1522"
[1] NA
[1] "YP8907"
[1] NA
[1] "13974"
[1] NA
[1] "ATCC23207"
[1] NA
[1] "YP C2614"
[1] NA
[1] "NR2715"
[1] NA
[1] "YP C2944"
[1] NA
[1] "YP909"
[1] NA
[1] "YP3072"
[1] NA
[1] "YP8787"
[1] NA
[1] "YP29833"
[1] NA
[1] "YpTB908"
[1] NA
[1] "YpTB27802"
[1] NA
[1] "YpTBIP325"
[1] NA
[1] "YT01"
[1] NA
[1] "YP2095"
[1] NA
[1] "KIM6plus"
[1] NA
[1] "YP8786"
[1] NA
[1] "YP1412"
[1] NA
[1] "YP8791"
[1] NA
[1] "YPC-14735"
[1] NA
[1] "YP1807AJ"
[1] NA
[1] "KIM6plusD1"
[1] NA
[1] "YP6903"
[1] NA
[1] "YP3066"
[1] NA
[1] "YP8906"
[1] NA
[1] "PA3606"
[1] NA
[1] "YP1851"
[1] NA
[1] "195 P_P15"
[1] NA
[1] "YP13979"
[1] NA
[1] "YS06"
[1] NA
[1] "F361 66"
[1] NA
[1] "CO99 3015"
[1] NA
[1] "CO99 B_3015"
[1] NA
[1] "NR15"
[1] NA
[1] "YERS023"
[1] NA
[1] "YERS014"
[1] NA
[1] "32"
[1] NA
[1] "111 65"
[1] NA
[1] "MD31"
[1] NA
[1] "169 032"
[1] NA
[1] "NUMBER14"
[1] NA
[1] "YERS019"
[1] NA
[1] "YERS022"
[1] NA
[1] "1779"
[1] NA
[1] "MSU H"
[1] NA
[1] "Parkin4"
[1] NA
[1] "PB1 0"
[1] NA
[1] "15 91"
[1] NA
[1] "16 34"
[1] NA
[1] "India"
[1] NA
[1] "K25"
[1] NA
[1] "7"
[1] NA
[1] "A1122"
[1] NA
[1] "D27"
[1] NA
[1] "P12"
[1] NA
[1] "CO96 3188"
[1] NA
[1] "CO97 5598"
[1] NA
[1] "H35"
[1] NA
[1] "YERS018"
[1] NA
[1] "1774"
[1] NA
[1] "Neilson"
[1] NA
[1] "P13"
[1] NA
[1] "PB1 PLUS"
[1] NA
[1] "YERS017"
[1] NA
[1] "YERS020"
[1] NA
[1] "YERS061"
[1] NA
[1] "ZE94"
[1] NA
[1] "IKE GAKI"
[1] NA
[1] "MD67"
[1] NA
[1] "MSU D"
[1] NA
[1] "R5"
[1] NA
