[1] NA
[1] "Mid-log phase culture treated with PBS instead of metal exposure"
[1] NA
[1] "Mid-log phase culture treated with PBS instead of metal exposure"
[1] NA
[1] "Mid-log phase culture treated with PBS instead of metal exposure"
[1] NA
[1] "Mid-log phase culture exposed to silver nitrate at 0.125 mM for two hours"
[1] NA
[1] "Mid-log phase culture exposed to silver nitrate at 0.125 mM for two hours"
[1] NA
[1] "Mid-log phase culture exposed to silver nitrate at 0.125 mM for two hours"
[1] NA
[1] "Mid-log phase culture exposed to potassium tellurite at 0.25 mM for two hours"
[1] NA
[1] "Mid-log phase culture exposed to potassium tellurite at 0.25 mM for two hours"
[1] NA
[1] "Mid-log phase culture exposed to potassium tellurite at 0.25 mM for two hours"
[1] NA
[1] "Mid-log phase culture exposed to silver nitrate at 0.125 mM potassium tellurite at 0.25 mM for two hours"
[1] NA
[1] "Mid-log phase culture exposed to silver nitrate at 0.125 mM potassium tellurite at 0.25 mM for two hours"
[1] NA
[1] "Mid-log phase culture exposed to silver nitrate at 0.125 mM potassium tellurite at 0.25 mM for two hours"
[1] NA
