[1] "log ratio (log2 of RATIO)"
[1] "L. acidophilus, glucose"
[1] NA
[1] "L. acidophilus, sucrose"
[1] NA
[1] "L. acidophilus, glucose"
[1] NA
[1] "L. acidophilus, raffinose"
[1] NA
[1] "L. acidophilus, glucose"
[1] NA
[1] "L. acidophilus, galactose"
[1] NA
[1] "L. acidophilus, glucose"
[1] NA
[1] "L. acidophilus, fructose"
[1] NA
[1] "L. acidophilus, fructooligosaccharides"
[1] NA
[1] "L. acidophilus, fructose"
[1] NA
[1] "L. acidophilus, lactose"
[1] NA
[1] "L. acidophilus, fructose"
[1] NA
[1] "L. acidophilus, trehalose"
[1] NA
[1] "L. acidophilus, sucrose"
[1] NA
[1] "L. acidophilus, raffinose"
[1] NA
[1] "L. acidophilus, sucrose"
[1] NA
[1] "L. acidophilus, galactose"
[1] NA
[1] "L. acidophilus, sucrose"
[1] NA
[1] "L. acidophilus, fructooligosaccharides"
[1] NA
[1] "L. acidophilus, lactose"
[1] NA
[1] "L. acidophilus, fructooligosaccharides"
[1] NA
[1] "L. acidophilus, trehalose"
[1] NA
[1] "L. acidophilus, raffinose"
[1] NA
[1] "L. acidophilus, galactose"
[1] NA
[1] "L. acidophilus, raffinose"
[1] NA
[1] "L. acidophilus, lactose"
[1] NA
[1] "L. acidophilus, trehalose"
[1] NA
[1] "L. acidophilus, galactose"
[1] NA
