[1] "gene expression levels"
[1] "total RNA from E coli of control rep1"
[1] NA
[1] "total RNA from E coli of 20 mM NaF rep1"
[1] NA
[1] "total RNA from E coli of 70 mM NaF rep1"
[1] NA
[1] "total RNA from E coli of Diluted control rep1"
[1] NA
[1] "total RNA from E coli of Diluted 20 mM NaF rep1"
[1] NA
[1] "total RNA from E coli of Diluted 70 mM NaF rep1"
[1] NA
[1] "total RNA from E coli of control rep2"
[1] NA
[1] "total RNA from E coli of 20 mM NaF rep2"
[1] NA
[1] "total RNA from E coli of 70 mM NaF rep2"
[1] NA
[1] "total RNA from E coli of Diluted control rep2"
[1] NA
[1] "total RNA from E coli of Diluted 20 mM NaF rep2"
[1] NA
[1] "total RNA from E coli of Diluted 70 mM NaF rep2"
[1] NA
[1] "total RNA from E coli of control rep3"
[1] NA
[1] "total RNA from E coli of 20 mM NaF rep3"
[1] NA
[1] "total RNA from E coli of 70 mM NaF rep3"
[1] NA
[1] "total RNA from E coli of Diluted control rep3"
[1] NA
[1] "total RNA from E coli of Diluted 20 mM NaF rep3"
[1] NA
[1] "total RNA from E coli of Diluted 70 mM NaF rep3"
[1] NA
