[1] NA
[1] "PLBS338"
[1] NA
[1] "PLBS338"
[1] NA
[1] "PLBS338"
[1] NA
[1] "PLBS338"
[1] NA
[1] "PLBS338"
[1] NA
[1] "PLBS338"
[1] NA
[1] "PLBS338"
[1] NA
[1] "PLBS338"
[1] NA
[1] "PLBS338"
[1] NA
[1] "PLBS338"
[1] NA
[1] "PLBS338"
[1] NA
[1] "PLBS338"
[1] NA
[1] "PLBS338"
[1] NA
[1] "PLBS338"
[1] NA
[1] "PLBS338"
[1] NA
[1] "PLBS338"
[1] NA
[1] "PLBS338"
[1] NA
[1] "PLBS338"
[1] NA
[1] "PLBS338"
[1] NA
[1] "PLBS338"
[1] NA
[1] "PLBS338"
[1] NA
[1] "PLBS338"
[1] NA
[1] "PLBS338"
[1] NA
[1] "PLBS338"
[1] NA
