[1] NA
[1] "K12 MG1655"
[1] NA
[1] "K12 MG1655"
[1] NA
[1] "K12 MG1655"
[1] NA
[1] "K12 MG1655"
[1] NA
[1] "K12 MG1655"
[1] NA
[1] "K12 MG1655"
[1] NA
[1] "K12 MG1655"
[1] NA
[1] "K12 MG1655"
[1] NA
[1] "K12 MG1655"
[1] NA
[1] "K12 MG1655"
[1] NA
[1] "K12 MG1655"
[1] NA
[1] "K12 MG1655"
[1] NA
[1] "K12 MG1655"
[1] NA
[1] "K12 MG1655"
[1] NA
[1] "K12 MG1655"
[1] NA
[1] "K12 MG1655"
[1] NA
[1] "K12 MG1655"
[1] NA
[1] "K12 MG1655"
[1] NA
[1] "K12 MG1655"
[1] NA
[1] "K12 MG1655"
[1] NA
[1] "K12 MG1655"
[1] NA
[1] "K12 MG1655"
[1] NA
[1] "K12 MG1655"
[1] NA
[1] "K12 MG1655"
[1] NA
