[1] NA
[1] "HEK293T"
[1] NA
[1] "HEK293T"
[1] NA
[1] "HEK293T"
[1] NA
[1] "HEK293T"
[1] NA
[1] "HEK293T"
[1] NA
[1] "HEK293T"
[1] NA
[1] "NIH/3T3"
[1] NA
[1] "NIH/3T3"
[1] NA
[1] "HEK293T"
[1] NA
[1] "HEK293T"
[1] NA
[1] "HEK293T"
[1] NA
[1] "NIH/3T3"
[1] NA
[1] "NIH/3T3"
[1] NA
[1] "HEK293T"
[1] NA
[1] "HEK293T"
[1] NA
[1] "HEK293T"
[1] NA
[1] "NIH/3T3"
[1] NA
[1] "NIH/3T3"
[1] NA
[1] "HEK293T"
[1] NA
[1] "HEK293T"
[1] NA
[1] "HEK293T"
[1] NA
[1] "NIH/3T3"
[1] NA
[1] "NIH/3T3"
[1] NA
[1] "HEK293T"
[1] NA
[1] "Hela"
[1] NA
[1] "Hela"
[1] NA
[1] "HEK293T"
[1] NA
[1] "HEK293T"
[1] NA
[1] "HCT116"
[1] NA
[1] "HCT116"
[1] NA
[1] "A2780"
[1] NA
[1] "A2780"
[1] NA
[1] "BEL7042"
[1] NA
[1] "BEL7042"
[1] NA
[1] "Iose80"
[1] NA
[1] "Iose80"
[1] NA
[1] "Eca109"
[1] NA
[1] "Eca109"
[1] NA
[1] "Calu-1"
[1] NA
[1] "Calu-1"
[1] NA
[1] "NIH/3T3"
[1] NA
[1] "NIH/3T3"
[1] NA
[1] "WRL68"
[1] NA
[1] "WRL68"
[1] NA
[1] "Hela"
[1] NA
[1] "Hela"
[1] NA
[1] "HEK293T"
[1] NA
[1] "HEK293T"
[1] NA
[1] "HCT116"
[1] NA
[1] "HCT116"
[1] NA
[1] "A2780"
[1] NA
[1] "A2780"
[1] NA
[1] "BEL7042"
[1] NA
[1] "BEL7042"
[1] NA
[1] "Iose80"
[1] NA
[1] "Iose80"
[1] NA
[1] "Eca109"
[1] NA
[1] "Eca109"
[1] NA
[1] "Calu-1"
[1] NA
[1] "Calu-1"
[1] NA
[1] "NIH/3T3"
[1] NA
[1] "NIH/3T3"
[1] NA
[1] "WRL68"
[1] NA
[1] "WRL68"
[1] NA
[1] "Hela"
[1] NA
[1] "Hela"
[1] NA
[1] "HEK293T"
[1] NA
[1] "HEK293T"
[1] NA
[1] "HCT116"
[1] NA
[1] "HCT116"
[1] NA
[1] "A2780"
[1] NA
[1] "A2780"
[1] NA
[1] "BEL7042"
[1] NA
[1] "BEL7042"
[1] NA
[1] "Iose80"
[1] NA
[1] "Iose80"
[1] NA
[1] "Eca109"
[1] NA
[1] "Eca109"
[1] NA
[1] "Calu-1"
[1] NA
[1] "Calu-1"
[1] NA
[1] "NIH/3T3"
[1] NA
[1] "NIH/3T3"
[1] NA
[1] "WRL68"
[1] NA
[1] "WRL68"
[1] NA
[1] "HEK293T"
[1] NA
[1] "HEK293T"
[1] NA
[1] "NIH/3T3"
[1] NA
[1] "NIH/3T3"
[1] NA
[1] "K12"
[1] NA
[1] "K12"
[1] NA
[1] "BY4741"
[1] NA
[1] "BY4741"
[1] NA
[1] "Col-0 14d seedlings"
[1] NA
[1] "Col-0 14d seedlings"
[1] NA
[1] "9311 14d seedlings"
[1] NA
[1] "9312 14d seedlings"
[1] NA
[1] "Col-0 14d seedlings"
[1] NA
[1] "HEK293T"
[1] NA
[1] "HEK293T"
[1] NA
[1] "HEK293T"
[1] NA
[1] "NIH/3T3"
[1] NA
[1] "NIH/3T3"
[1] NA
[1] "K12"
[1] NA
[1] "K12"
[1] NA
[1] "BY4741"
[1] NA
[1] "BY4741"
[1] NA
[1] "Col-0 14d seedlings"
[1] NA
[1] "Col-0 14d seedlings"
[1] NA
[1] "14d seedlings"
[1] NA
[1] "14d seedlings"
[1] NA
[1] "Col-0 14d seedlings"
[1] NA
[1] "HEK293T"
[1] NA
[1] "HEK294T"
[1] NA
[1] "HEK295T"
[1] NA
[1] "NIH/3T3"
[1] NA
[1] "NIH/3T4"
[1] NA
[1] "adr1<delta>"
[1] NA
[1] "BY4741"
[1] NA
[1] "dbp1<delta>"
[1] NA
[1] "pex25<delta>"
[1] NA
[1] "rad51<delta>"
[1] NA
[1] "rnh1<delta>"
[1] NA
[1] "rnh201<delta>"
[1] NA
[1] "rnh202<delta>"
[1] NA
[1] "rnh203<delta>"
[1] NA
[1] "rnh70<delta>"
[1] NA
[1] "snf11<delta>"
[1] NA
[1] "snf1<delta>"
[1] NA
[1] "snf2<delta>"
[1] NA
[1] "snf3<delta>"
[1] NA
[1] "snf4<delta>"
[1] NA
[1] "snf5<delta>"
[1] NA
[1] "snf6<delta>"
[1] NA
[1] "swi4<delta>"
[1] NA
[1] "swi6<delta>"
[1] NA
[1] "swp82<delta>"
[1] NA
[1] "adr1<delta>"
[1] NA
[1] "BY4741"
[1] NA
[1] "dbp1<delta>"
[1] NA
[1] "pex25<delta>"
[1] NA
[1] "rad51<delta>"
[1] NA
[1] "rnh1<delta>"
[1] NA
[1] "rnh201<delta>"
[1] NA
[1] "rnh202<delta>"
[1] NA
[1] "rnh203<delta>"
[1] NA
[1] "rnh70<delta>"
[1] NA
[1] "snf11<delta>"
[1] NA
[1] "snf1<delta>"
[1] NA
[1] "snf2<delta>"
[1] NA
[1] "snf3<delta>"
[1] NA
[1] "snf4<delta>"
[1] NA
[1] "snf5<delta>"
[1] NA
[1] "snf6<delta>"
[1] NA
[1] "swi4<delta>"
[1] NA
[1] "swi6<delta>"
[1] NA
[1] "swp82<delta>"
[1] NA
[1] "atr1<delta>"
[1] NA
[1] "BY4741"
[1] NA
[1] "chd1<delta>"
[1] NA
[1] "dhh1<delta>"
[1] NA
[1] "ecm32<delta>"
[1] NA
[1] "elc1<delta>"
[1] NA
[1] "gal7<delta>"
[1] NA
[1] "ies4<delta>"
[1] NA
[1] "inp1<delta>"
[1] NA
[1] "irc20<delta>"
[1] NA
[1] "irc3<delta>"
[1] NA
[1] "med1<delta>"
[1] NA
[1] "nam7<delta>"
[1] NA
[1] "rad10<delta>"
[1] NA
[1] "rad50<delta>"
[1] NA
[1] "rpa14<delta>"
[1] NA
[1] "rpo41<delta>"
[1] NA
[1] "ski2<delta>"
[1] NA
[1] "sol1<delta>"
[1] NA
[1] "srs2<delta>"
[1] NA
[1] "atr1<delta>"
[1] NA
[1] "BY4741"
[1] NA
[1] "chd1<delta>"
[1] NA
[1] "dhh1<delta>"
[1] NA
[1] "ecm32<delta>"
[1] NA
[1] "elc1<delta>"
[1] NA
[1] "gal7<delta>"
[1] NA
[1] "ies4<delta>"
[1] NA
[1] "inp1<delta>"
[1] NA
[1] "irc20<delta>"
[1] NA
[1] "irc3<delta>"
[1] NA
[1] "med1<delta>"
[1] NA
[1] "nam7<delta>"
[1] NA
[1] "rad10<delta>"
[1] NA
[1] "rad50<delta>"
[1] NA
[1] "rpa14<delta>"
[1] NA
[1] "rpo41<delta>"
[1] NA
[1] "ski2<delta>"
[1] NA
[1] "sol1<delta>"
[1] NA
[1] "srs2<delta>"
[1] NA
[1] "ber1<delta>"
[1] NA
[1] "BY4741"
[1] NA
[1] "dbp3<delta>"
[1] NA
[1] "def1<delta>"
[1] NA
[1] "ela1<delta>"
[1] NA
[1] "est1<delta>"
[1] NA
[1] "ime4<delta>"
[1] NA
[1] "itc1<delta>"
[1] NA
[1] "ldb7<delta>"
[1] NA
[1] "npl6<delta>"
[1] NA
[1] "rad1<delta>"
[1] NA
[1] "rad51<delta>"
[1] NA
[1] "rbs1<delta>"
[1] NA
[1] "rdr1<delta>"
[1] NA
[1] "rpa12<delta>"
[1] NA
[1] "rpa34<delta>"
[1] NA
[1] "sgs1<delta>"
[1] NA
[1] "suv3<delta>"
[1] NA
[1] "swm2<delta>"
[1] NA
[1] "yng2<delta>"
[1] NA
[1] "ber1<delta>"
[1] NA
[1] "BY4741"
[1] NA
[1] "dbp3<delta>"
[1] NA
[1] "def1<delta>"
[1] NA
[1] "ela1<delta>"
[1] NA
[1] "est1<delta>"
[1] NA
[1] "ime4<delta>"
[1] NA
[1] "itc1<delta>"
[1] NA
[1] "ldb7<delta>"
[1] NA
[1] "npl6<delta>"
[1] NA
[1] "rad1<delta>"
[1] NA
[1] "rad51<delta>"
[1] NA
[1] "rbs1<delta>"
[1] NA
[1] "rdr1<delta>"
[1] NA
[1] "rpa12<delta>"
[1] NA
[1] "rpa34<delta>"
[1] NA
[1] "sgs1<delta>"
[1] NA
[1] "suv3<delta>"
[1] NA
[1] "swm2<delta>"
[1] NA
[1] "yng2<delta>"
[1] NA
[1] "BY4741"
[1] NA
[1] "dbp7<delta>"
[1] NA
[1] "htl1<delta>"
[1] NA
[1] "ies1<delta>"
[1] NA
[1] "ies2<delta>"
[1] NA
[1] "ies3<delta>"
[1] NA
[1] "ies6<delta>"
[1] NA
[1] "irc5<delta>"
[1] NA
[1] "leo1<delta>"
[1] NA
[1] "maf1<delta>"
[1] NA
[1] "met2<delta>"
[1] NA
[1] "mrh4<delta>"
[1] NA
[1] "pdr11<delta>"
[1] NA
[1] "rad51<delta>"
[1] NA
[1] "rad52<delta>"
[1] NA
[1] "rtf1<delta>"
[1] NA
[1] "sac3<delta>"
[1] NA
[1] "set3<delta>"
[1] NA
[1] "sin3<delta>"
[1] NA
[1] "top3<delta>"
[1] NA
[1] "BY4741"
[1] NA
[1] "dbp7<delta>"
[1] NA
[1] "htl1<delta>"
[1] NA
[1] "ies1<delta>"
[1] NA
[1] "ies2<delta>"
[1] NA
[1] "ies3<delta>"
[1] NA
[1] "ies6<delta>"
[1] NA
[1] "irc5<delta>"
[1] NA
[1] "leo1<delta>"
[1] NA
[1] "maf1<delta>"
[1] NA
[1] "met2<delta>"
[1] NA
[1] "mrh4<delta>"
[1] NA
[1] "pdr11<delta>"
[1] NA
[1] "rad51<delta>"
[1] NA
[1] "rad52<delta>"
[1] NA
[1] "rtf1<delta>"
[1] NA
[1] "sac3<delta>"
[1] NA
[1] "set3<delta>"
[1] NA
[1] "sin3<delta>"
[1] NA
[1] "top3<delta>"
[1] NA
[1] "arp5<delta>"
[1] NA
[1] "BY4741"
[1] NA
[1] "gis1<delta>"
[1] NA
[1] "had2<delta>"
[1] NA
[1] "hda1<delta>"
[1] NA
[1] "hda3<delta>"
[1] NA
[1] "hos1<delta>"
[1] NA
[1] "hos2<delta>"
[1] NA
[1] "isw2<delta>"
[1] NA
[1] "jhd1<delta>"
[1] NA
[1] "jhd2<delta>"
[1] NA
[1] "kap120<delta>"
[1] NA
[1] "rbp4<delta>"
[1] NA
[1] "rph1<delta>"
[1] NA
[1] "rsc2<delta>"
[1] NA
[1] "rtt102<delta>"
[1] NA
[1] "sas3<delta>"
[1] NA
[1] "sei1<delta>"
[1] NA
[1] "set2<delta>"
[1] NA
[1] "ypl277c<delta>"
[1] NA
[1] "arp5<delta>"
[1] NA
[1] "BY4741"
[1] NA
[1] "gis1<delta>"
[1] NA
[1] "had2<delta>"
[1] NA
[1] "hda1<delta>"
[1] NA
[1] "hda3<delta>"
[1] NA
[1] "hos1<delta>"
[1] NA
[1] "hos2<delta>"
[1] NA
[1] "isw2<delta>"
[1] NA
[1] "jhd1<delta>"
[1] NA
[1] "jhd2<delta>"
[1] NA
[1] "kap120<delta>"
[1] NA
[1] "rbp4<delta>"
[1] NA
[1] "rph1<delta>"
[1] NA
[1] "rsc2<delta>"
[1] NA
[1] "rtt102<delta>"
[1] NA
[1] "sas3<delta>"
[1] NA
[1] "sei1<delta>"
[1] NA
[1] "set2<delta>"
[1] NA
[1] "ypl277c<delta>"
[1] NA
[1] "BY4741"
[1] NA
[1] "BY4741"
[1] NA
[1] "BY4741"
[1] NA
[1] "BY4741"
[1] NA
[1] "def1<delta>"
[1] NA
[1] "def1<delta>"
[1] NA
[1] "dhh1<delta>"
[1] NA
[1] "dhh1<delta>"
[1] NA
[1] "med1<delta>"
[1] NA
[1] "med1<delta>"
[1] NA
[1] "nam7<delta>"
[1] NA
[1] "nam7<delta>"
[1] NA
[1] "rad51<delta>"
[1] NA
[1] "rad51<delta>"
[1] NA
[1] "snf2<delta>"
[1] NA
[1] "snf2<delta>"
[1] NA
[1] "snf5<delta>"
[1] NA
[1] "snf5<delta>"
[1] NA
[1] "snf6<delta>"
[1] NA
[1] "snf6<delta>"
[1] NA
[1] "BY4741"
[1] NA
[1] "BY4741"
[1] NA
[1] "BY4741"
[1] NA
[1] "BY4741"
[1] NA
[1] "def1<delta>"
[1] NA
[1] "def1<delta>"
[1] NA
[1] "dhh1<delta>"
[1] NA
[1] "dhh1<delta>"
[1] NA
[1] "med1<delta>"
[1] NA
[1] "med1<delta>"
[1] NA
[1] "nam7<delta>"
[1] NA
[1] "nam7<delta>"
[1] NA
[1] "rad51"
[1] NA
[1] "rad51"
[1] NA
[1] "snf2<delta>"
[1] NA
[1] "snf2<delta>"
[1] NA
[1] "snf5<delta>"
[1] NA
[1] "snf5<delta>"
[1] NA
[1] "snf6<delta>"
[1] NA
[1] "snf6<delta>"
[1] NA
