Setting options('download.file.method.GEOquery'='auto')
Setting options('GEOquery.inmemory.gpl'=FALSE)
Loading required package: Biobase
Loading required package: BiocGenerics

Attaching package: 'BiocGenerics'

The following objects are masked from 'package:stats':

    IQR, mad, sd, var, xtabs

The following objects are masked from 'package:base':

    anyDuplicated, aperm, append, as.data.frame, basename, cbind,
    colnames, dirname, do.call, duplicated, eval, evalq, Filter, Find,
    get, grep, grepl, intersect, is.unsorted, lapply, Map, mapply,
    match, mget, order, paste, pmax, pmax.int, pmin, pmin.int,
    Position, rank, rbind, Reduce, rownames, sapply, setdiff, table,
    tapply, union, unique, unsplit, which.max, which.min

Welcome to Bioconductor

    Vignettes contain introductory material; view with
    'browseVignettes()'. To cite Bioconductor, see
    'citation("Biobase")', and for packages 'citation("pkgname")'.


Attaching package: 'fs'

The following object is masked from 'package:BiocGenerics':

    path

Using locally cached version of GSE218632 found here:
C:\Users\Rafael\repos\personal\geo_data_analysis\data/GSE218632/GSE218632.soft.gz 
Reading file....
Parsing....
Found 385 entities...
GPL30637 (1 of 386 entities)
GSM6753484 (2 of 386 entities)
GSM6753485 (3 of 386 entities)
GSM6753486 (4 of 386 entities)
GSM6753487 (5 of 386 entities)
GSM6753488 (6 of 386 entities)
GSM6753489 (7 of 386 entities)
GSM6753490 (8 of 386 entities)
GSM6753491 (9 of 386 entities)
GSM6753492 (10 of 386 entities)
GSM6753493 (11 of 386 entities)
GSM6753494 (12 of 386 entities)
GSM6753495 (13 of 386 entities)
GSM6753496 (14 of 386 entities)
GSM6753497 (15 of 386 entities)
GSM6753498 (16 of 386 entities)
GSM6753499 (17 of 386 entities)
GSM6753500 (18 of 386 entities)
GSM6753501 (19 of 386 entities)
GSM6753502 (20 of 386 entities)
GSM6753503 (21 of 386 entities)
GSM6753504 (22 of 386 entities)
GSM6753505 (23 of 386 entities)
GSM6753506 (24 of 386 entities)
GSM6753507 (25 of 386 entities)
GSM6753508 (26 of 386 entities)
GSM6753509 (27 of 386 entities)
GSM6753510 (28 of 386 entities)
GSM6753511 (29 of 386 entities)
GSM6753512 (30 of 386 entities)
GSM6753513 (31 of 386 entities)
GSM6753514 (32 of 386 entities)
GSM6753515 (33 of 386 entities)
GSM6753516 (34 of 386 entities)
GSM6753517 (35 of 386 entities)
GSM6753518 (36 of 386 entities)
GSM6753519 (37 of 386 entities)
GSM6753520 (38 of 386 entities)
GSM6753521 (39 of 386 entities)
GSM6753522 (40 of 386 entities)
GSM6753523 (41 of 386 entities)
GSM6753524 (42 of 386 entities)
GSM6753525 (43 of 386 entities)
GSM6753526 (44 of 386 entities)
GSM6753527 (45 of 386 entities)
GSM6753528 (46 of 386 entities)
GSM6753529 (47 of 386 entities)
GSM6753530 (48 of 386 entities)
GSM6753531 (49 of 386 entities)
GSM6753532 (50 of 386 entities)
GSM6753533 (51 of 386 entities)
GSM6753534 (52 of 386 entities)
GSM6753535 (53 of 386 entities)
GSM6753536 (54 of 386 entities)
GSM6753537 (55 of 386 entities)
GSM6753538 (56 of 386 entities)
GSM6753539 (57 of 386 entities)
GSM6753540 (58 of 386 entities)
GSM6753541 (59 of 386 entities)
GSM6753542 (60 of 386 entities)
GSM6753543 (61 of 386 entities)
GSM6753544 (62 of 386 entities)
GSM6753545 (63 of 386 entities)
GSM6753546 (64 of 386 entities)
GSM6753547 (65 of 386 entities)
GSM6753548 (66 of 386 entities)
GSM6753549 (67 of 386 entities)
GSM6753550 (68 of 386 entities)
GSM6753551 (69 of 386 entities)
GSM6753552 (70 of 386 entities)
GSM6753553 (71 of 386 entities)
GSM6753554 (72 of 386 entities)
GSM6753555 (73 of 386 entities)
GSM6753556 (74 of 386 entities)
GSM6753557 (75 of 386 entities)
GSM6753558 (76 of 386 entities)
GSM6753559 (77 of 386 entities)
GSM6753560 (78 of 386 entities)
GSM6753561 (79 of 386 entities)
GSM6753562 (80 of 386 entities)
GSM6753563 (81 of 386 entities)
GSM6753564 (82 of 386 entities)
GSM6753565 (83 of 386 entities)
GSM6753566 (84 of 386 entities)
GSM6753567 (85 of 386 entities)
GSM6753568 (86 of 386 entities)
GSM6753569 (87 of 386 entities)
GSM6753570 (88 of 386 entities)
GSM6753571 (89 of 386 entities)
GSM6753572 (90 of 386 entities)
GSM6753573 (91 of 386 entities)
GSM6753574 (92 of 386 entities)
GSM6753575 (93 of 386 entities)
GSM6753576 (94 of 386 entities)
GSM6753577 (95 of 386 entities)
GSM6753578 (96 of 386 entities)
GSM6753579 (97 of 386 entities)
GSM6753580 (98 of 386 entities)
GSM6753581 (99 of 386 entities)
GSM6753582 (100 of 386 entities)
GSM6753583 (101 of 386 entities)
GSM6753584 (102 of 386 entities)
GSM6753585 (103 of 386 entities)
GSM6753586 (104 of 386 entities)
GSM6753587 (105 of 386 entities)
GSM6753588 (106 of 386 entities)
GSM6753589 (107 of 386 entities)
GSM6753590 (108 of 386 entities)
GSM6753591 (109 of 386 entities)
GSM6753592 (110 of 386 entities)
GSM6753593 (111 of 386 entities)
GSM6753594 (112 of 386 entities)
GSM6753595 (113 of 386 entities)
GSM6753596 (114 of 386 entities)
GSM6753597 (115 of 386 entities)
GSM6753598 (116 of 386 entities)
GSM6753599 (117 of 386 entities)
GSM6753600 (118 of 386 entities)
GSM6753601 (119 of 386 entities)
GSM6753602 (120 of 386 entities)
GSM6753603 (121 of 386 entities)
GSM6753604 (122 of 386 entities)
GSM6753605 (123 of 386 entities)
GSM6753606 (124 of 386 entities)
GSM6753607 (125 of 386 entities)
GSM6753608 (126 of 386 entities)
GSM6753609 (127 of 386 entities)
GSM6753610 (128 of 386 entities)
GSM6753611 (129 of 386 entities)
GSM6753612 (130 of 386 entities)
GSM6753613 (131 of 386 entities)
GSM6753614 (132 of 386 entities)
GSM6753615 (133 of 386 entities)
GSM6753616 (134 of 386 entities)
GSM6753617 (135 of 386 entities)
GSM6753618 (136 of 386 entities)
GSM6753619 (137 of 386 entities)
GSM6753620 (138 of 386 entities)
GSM6753621 (139 of 386 entities)
GSM6753622 (140 of 386 entities)
GSM6753623 (141 of 386 entities)
GSM6753624 (142 of 386 entities)
GSM6753625 (143 of 386 entities)
GSM6753626 (144 of 386 entities)
GSM6753627 (145 of 386 entities)
GSM6753628 (146 of 386 entities)
GSM6753629 (147 of 386 entities)
GSM6753630 (148 of 386 entities)
GSM6753631 (149 of 386 entities)
GSM6753632 (150 of 386 entities)
GSM6753633 (151 of 386 entities)
GSM6753634 (152 of 386 entities)
GSM6753635 (153 of 386 entities)
GSM6753636 (154 of 386 entities)
GSM6753637 (155 of 386 entities)
GSM6753638 (156 of 386 entities)
GSM6753639 (157 of 386 entities)
GSM6753640 (158 of 386 entities)
GSM6753641 (159 of 386 entities)
GSM6753642 (160 of 386 entities)
GSM6753643 (161 of 386 entities)
GSM6753644 (162 of 386 entities)
GSM6753645 (163 of 386 entities)
GSM6753646 (164 of 386 entities)
GSM6753647 (165 of 386 entities)
GSM6753648 (166 of 386 entities)
GSM6753649 (167 of 386 entities)
GSM6753650 (168 of 386 entities)
GSM6753651 (169 of 386 entities)
GSM6753652 (170 of 386 entities)
GSM6753653 (171 of 386 entities)
GSM6753654 (172 of 386 entities)
GSM6753655 (173 of 386 entities)
GSM6753656 (174 of 386 entities)
GSM6753657 (175 of 386 entities)
GSM6753658 (176 of 386 entities)
GSM6753659 (177 of 386 entities)
GSM6753660 (178 of 386 entities)
GSM6753661 (179 of 386 entities)
GSM6753662 (180 of 386 entities)
GSM6753663 (181 of 386 entities)
GSM6753664 (182 of 386 entities)
GSM6753665 (183 of 386 entities)
GSM6753666 (184 of 386 entities)
GSM6753667 (185 of 386 entities)
GSM6753668 (186 of 386 entities)
GSM6753669 (187 of 386 entities)
GSM6753670 (188 of 386 entities)
GSM6753671 (189 of 386 entities)
GSM6753672 (190 of 386 entities)
GSM6753673 (191 of 386 entities)
GSM6753674 (192 of 386 entities)
GSM6753675 (193 of 386 entities)
GSM6753676 (194 of 386 entities)
GSM6753677 (195 of 386 entities)
GSM6753678 (196 of 386 entities)
GSM6753679 (197 of 386 entities)
GSM6753680 (198 of 386 entities)
GSM6753681 (199 of 386 entities)
GSM6753682 (200 of 386 entities)
GSM6753683 (201 of 386 entities)
GSM6753684 (202 of 386 entities)
GSM6753685 (203 of 386 entities)
GSM6753686 (204 of 386 entities)
GSM6753687 (205 of 386 entities)
GSM6753688 (206 of 386 entities)
GSM6753689 (207 of 386 entities)
GSM6753690 (208 of 386 entities)
GSM6753691 (209 of 386 entities)
GSM6753692 (210 of 386 entities)
GSM6753693 (211 of 386 entities)
GSM6753694 (212 of 386 entities)
GSM6753695 (213 of 386 entities)
GSM6753696 (214 of 386 entities)
GSM6753697 (215 of 386 entities)
GSM6753698 (216 of 386 entities)
GSM6753699 (217 of 386 entities)
GSM6753700 (218 of 386 entities)
GSM6753701 (219 of 386 entities)
GSM6753702 (220 of 386 entities)
GSM6753703 (221 of 386 entities)
GSM6753704 (222 of 386 entities)
GSM6753705 (223 of 386 entities)
GSM6753706 (224 of 386 entities)
GSM6753707 (225 of 386 entities)
GSM6753708 (226 of 386 entities)
GSM6753709 (227 of 386 entities)
GSM6753710 (228 of 386 entities)
GSM6753711 (229 of 386 entities)
GSM6753712 (230 of 386 entities)
GSM6753713 (231 of 386 entities)
GSM6753714 (232 of 386 entities)
GSM6753715 (233 of 386 entities)
GSM6753716 (234 of 386 entities)
GSM6753717 (235 of 386 entities)
GSM6753718 (236 of 386 entities)
GSM6753719 (237 of 386 entities)
GSM6753720 (238 of 386 entities)
GSM6753721 (239 of 386 entities)
GSM6753722 (240 of 386 entities)
GSM6753723 (241 of 386 entities)
GSM6753724 (242 of 386 entities)
GSM6753725 (243 of 386 entities)
GSM6753726 (244 of 386 entities)
GSM6753727 (245 of 386 entities)
GSM6753728 (246 of 386 entities)
GSM6753729 (247 of 386 entities)
GSM6753730 (248 of 386 entities)
GSM6753731 (249 of 386 entities)
GSM6753732 (250 of 386 entities)
GSM6753733 (251 of 386 entities)
GSM6753734 (252 of 386 entities)
GSM6753735 (253 of 386 entities)
GSM6753736 (254 of 386 entities)
GSM6753737 (255 of 386 entities)
GSM6753738 (256 of 386 entities)
GSM6753739 (257 of 386 entities)
GSM6753740 (258 of 386 entities)
GSM6753741 (259 of 386 entities)
GSM6753742 (260 of 386 entities)
GSM6753743 (261 of 386 entities)
GSM6753744 (262 of 386 entities)
GSM6753745 (263 of 386 entities)
GSM6753746 (264 of 386 entities)
GSM6753747 (265 of 386 entities)
GSM6753748 (266 of 386 entities)
GSM6753749 (267 of 386 entities)
GSM6753750 (268 of 386 entities)
GSM6753751 (269 of 386 entities)
GSM6753752 (270 of 386 entities)
GSM6753753 (271 of 386 entities)
GSM6753754 (272 of 386 entities)
GSM6753755 (273 of 386 entities)
GSM6753756 (274 of 386 entities)
GSM6753757 (275 of 386 entities)
GSM6753758 (276 of 386 entities)
GSM6753759 (277 of 386 entities)
GSM6753760 (278 of 386 entities)
GSM6753761 (279 of 386 entities)
GSM6753762 (280 of 386 entities)
GSM6753763 (281 of 386 entities)
GSM6753764 (282 of 386 entities)
GSM6753765 (283 of 386 entities)
GSM6753766 (284 of 386 entities)
GSM6753767 (285 of 386 entities)
GSM6753768 (286 of 386 entities)
GSM6753769 (287 of 386 entities)
GSM6753770 (288 of 386 entities)
GSM6753771 (289 of 386 entities)
GSM6753772 (290 of 386 entities)
GSM6753773 (291 of 386 entities)
GSM6753774 (292 of 386 entities)
GSM6753775 (293 of 386 entities)
GSM6753776 (294 of 386 entities)
GSM6753777 (295 of 386 entities)
GSM6753778 (296 of 386 entities)
GSM6753779 (297 of 386 entities)
GSM6753780 (298 of 386 entities)
GSM6753781 (299 of 386 entities)
GSM6753782 (300 of 386 entities)
GSM6753783 (301 of 386 entities)
GSM6753784 (302 of 386 entities)
GSM6753785 (303 of 386 entities)
GSM6753786 (304 of 386 entities)
GSM6753787 (305 of 386 entities)
GSM6753788 (306 of 386 entities)
GSM6753789 (307 of 386 entities)
GSM6753790 (308 of 386 entities)
GSM6753791 (309 of 386 entities)
GSM6753792 (310 of 386 entities)
GSM6753793 (311 of 386 entities)
GSM6753794 (312 of 386 entities)
GSM6753795 (313 of 386 entities)
GSM6753796 (314 of 386 entities)
GSM6753797 (315 of 386 entities)
GSM6753798 (316 of 386 entities)
GSM6753799 (317 of 386 entities)
GSM6753800 (318 of 386 entities)
GSM6753801 (319 of 386 entities)
GSM6753802 (320 of 386 entities)
GSM6753803 (321 of 386 entities)
GSM6753804 (322 of 386 entities)
GSM6753805 (323 of 386 entities)
GSM6753806 (324 of 386 entities)
GSM6753807 (325 of 386 entities)
GSM6753808 (326 of 386 entities)
GSM6753809 (327 of 386 entities)
GSM6753810 (328 of 386 entities)
GSM6753811 (329 of 386 entities)
GSM6753812 (330 of 386 entities)
GSM6753813 (331 of 386 entities)
GSM6753814 (332 of 386 entities)
GSM6753815 (333 of 386 entities)
GSM6753816 (334 of 386 entities)
GSM6753817 (335 of 386 entities)
GSM6753818 (336 of 386 entities)
GSM6753819 (337 of 386 entities)
GSM6753820 (338 of 386 entities)
GSM6753821 (339 of 386 entities)
GSM6753822 (340 of 386 entities)
GSM6753823 (341 of 386 entities)
GSM6753824 (342 of 386 entities)
GSM6753825 (343 of 386 entities)
GSM6753826 (344 of 386 entities)
GSM6753827 (345 of 386 entities)
GSM6753828 (346 of 386 entities)
GSM6753829 (347 of 386 entities)
GSM6753830 (348 of 386 entities)
GSM6753831 (349 of 386 entities)
GSM6753832 (350 of 386 entities)
GSM6753833 (351 of 386 entities)
GSM6753834 (352 of 386 entities)
GSM6753835 (353 of 386 entities)
GSM6753836 (354 of 386 entities)
GSM6753837 (355 of 386 entities)
GSM6753838 (356 of 386 entities)
GSM6753839 (357 of 386 entities)
GSM6753840 (358 of 386 entities)
GSM6753841 (359 of 386 entities)
GSM6753842 (360 of 386 entities)
GSM6753843 (361 of 386 entities)
GSM6753844 (362 of 386 entities)
GSM6753845 (363 of 386 entities)
GSM6753846 (364 of 386 entities)
GSM6753847 (365 of 386 entities)
GSM6753848 (366 of 386 entities)
GSM6753849 (367 of 386 entities)
GSM6753850 (368 of 386 entities)
GSM6753851 (369 of 386 entities)
GSM6753852 (370 of 386 entities)
GSM6753853 (371 of 386 entities)
GSM6753854 (372 of 386 entities)
GSM6753855 (373 of 386 entities)
GSM6753856 (374 of 386 entities)
GSM6753857 (375 of 386 entities)
GSM6753858 (376 of 386 entities)
GSM6753859 (377 of 386 entities)
GSM6753860 (378 of 386 entities)
GSM6753861 (379 of 386 entities)
GSM6753862 (380 of 386 entities)
GSM6753863 (381 of 386 entities)
GSM6753864 (382 of 386 entities)
GSM6753865 (383 of 386 entities)
GSM6753866 (384 of 386 entities)
GSM6753867 (385 of 386 entities)
Error: invalid sample names; likely not time series
Execution halted
