[1] "log2(QUERY/REF), i.e., the base 2 logarithm of the ratio of QUERY INTEGRATED_INTENSITY over REF_INTEGRATED_INTENSITY"
[1] "Staphylococcus aureus USA300/Mock (Reference)"
[1] NA
[1] "Staphylococcus aureus USA300/Mock (Reference)"
[1] NA
[1] "Staphylococcus aureus USA300/Oxacilin (Reference)"
[1] NA
[1] "Staphylococcus aureus V3/Mock (Reference)"
[1] NA
[1] "Staphylococcus aureus USA300/Mock (Reference)"
[1] NA
[1] "Staphylococcus aureus USA300/Mock (Reference)"
[1] NA
[1] "Staphylococcus aureus USA300/Oxacilin (Reference)"
[1] NA
[1] "Staphylococcus aureus USA300/Oxacilin (Reference)"
[1] NA
[1] "Staphylococcus aureus USA300/Mock (Reference)"
[1] NA
[1] "Staphylococcus aureus USA300/Oxacilin (Reference)"
[1] NA
