[1] NA
[1] "XL1-blue"
[1] NA
[1] "XL1-blue"
[1] NA
[1] "XL1-blue"
[1] NA
[1] "XL1-blue"
[1] NA
[1] "XL1-blue"
[1] NA
[1] "XL1-blue"
[1] NA
[1] "XL1-blue"
[1] NA
[1] "XL1-blue"
[1] NA
[1] "XL1-blue"
[1] NA
[1] "XL1-blue"
[1] NA
[1] "XL1-blue"
[1] NA
[1] "XL1-blue"
[1] NA
[1] "XL1-blue"
[1] NA
[1] "XL1-blue"
[1] NA
[1] "XL1-blue"
[1] NA
[1] "XL1-blue"
[1] NA
[1] "XL1-blue"
[1] NA
[1] "XL1-blue"
[1] NA
[1] "XL1-blue"
[1] NA
[1] "XL1-blue"
[1] NA
[1] "XL1-blue"
[1] NA
[1] "XL1-blue"
[1] NA
[1] "XL1-blue"
[1] NA
[1] "XL1-blue"
[1] NA
