[1] "RMA normalized log2 intensity value"
[1] "E. coli wild-type, A600=0.4 on glucose"
[1] NA
[1] "E. coli wild-type, A600=0.4 on glucose"
[1] NA
[1] "E. coli MG1655star, A600=0.4 on glucose"
[1] NA
[1] "E. coli flhD, A600=0.4 on glucose"
[1] NA
[1] "E. coli wild-type, A600=0.4 on mannose"
[1] NA
[1] "E. coli MG1655star, A600=0.4 on mannose"
[1] NA
[1] "E. coli flhD, A600=0.4 on mannose"
[1] NA
[1] "E. coli wild-type, A600=0.2 on mucus"
[1] NA
[1] "E. coli MG1655star, A600=0.2 on mucus"
[1] NA
[1] "E. coli flhD, A600=0.2 on mucus"
[1] NA
[1] "E. coli wild-type, A600=0.5 on mucus"
[1] NA
[1] "E. coli MG1655star, A600=0.5 on mucus"
[1] NA
[1] "E. coli flhD, A600=0.5 on mucus"
[1] NA
