[1] NA
[1] "in vitro culture"
[1] NA
[1] "mouse cecal contents"
[1] NA
[1] "in vitro culture"
[1] NA
[1] "in vitro culture"
[1] NA
[1] "in vitro culture"
[1] NA
[1] "mouse cecal contents"
[1] NA
[1] "mouse cecal contents"
[1] NA
[1] "in vitro culture"
[1] NA
[1] "in vitro culture"
[1] NA
[1] "in vitro culture"
[1] NA
[1] "mouse cecal contents"
[1] NA
[1] "in vitro culture"
[1] NA
[1] "in vitro culture"
[1] NA
[1] "in vitro culture"
[1] NA
[1] "in vitro culture"
[1] NA
[1] "in vitro culture"
[1] NA
[1] "in vitro culture"
[1] NA
[1] "mouse feces"
[1] NA
[1] "in vitro culture"
[1] NA
[1] "in vitro culture"
[1] NA
[1] "in vitro culture"
[1] NA
[1] "in vitro culture"
[1] NA
[1] "in vitro culture"
[1] NA
[1] "in vitro culture"
[1] NA
[1] "in vitro culture"
[1] NA
[1] "mouse feces"
[1] NA
[1] "mouse feces"
[1] NA
[1] "in vitro culture"
[1] NA
[1] "in vitro culture"
[1] NA
[1] "mouse feces"
[1] NA
[1] "in vitro culture"
[1] NA
[1] "in vitro culture"
[1] NA
[1] "in vitro culture"
[1] NA
[1] "in vitro culture"
[1] NA
[1] "mouse cecal contents"
[1] NA
[1] "mouse feces"
[1] NA
[1] "in vitro culture"
[1] NA
[1] "in vitro culture"
[1] NA
[1] "in vitro culture"
[1] NA
[1] "in vitro culture"
[1] NA
[1] "in vitro culture"
[1] NA
[1] "in vitro culture"
[1] NA
[1] "in vitro culture"
[1] NA
[1] "mouse cecal contents"
[1] NA
[1] "in vitro culture"
[1] NA
[1] "in vitro culture"
[1] NA
[1] "in vitro culture"
[1] NA
[1] "in vitro culture"
[1] NA
[1] "in vitro culture"
[1] NA
[1] "in vitro culture"
[1] NA
[1] "in vitro culture"
[1] NA
[1] "in vitro culture"
[1] NA
[1] "in vitro culture"
[1] NA
[1] "in vitro culture"
[1] NA
[1] "mouse feces"
[1] NA
[1] "in vitro culture"
[1] NA
[1] "in vitro culture"
[1] NA
[1] "in vitro culture"
[1] NA
[1] "in vitro culture"
[1] NA
[1] "in vitro culture"
[1] NA
[1] "in vitro culture"
[1] NA
[1] "mouse cecal contents"
[1] NA
[1] "in vitro culture"
[1] NA
[1] "in vitro culture"
[1] NA
[1] "in vitro culture"
[1] NA
[1] "in vitro culture"
[1] NA
[1] "in vitro culture"
[1] NA
[1] "in vitro culture"
[1] NA
[1] "mouse feces"
[1] NA
[1] "in vitro culture"
[1] NA
[1] "in vitro culture"
[1] NA
[1] "in vitro culture"
[1] NA
[1] "in vitro culture"
[1] NA
[1] "in vitro culture"
[1] NA
[1] "in vitro culture"
[1] NA
[1] "in vitro culture"
[1] NA
[1] "in vitro culture"
[1] NA
[1] "in vitro culture"
[1] NA
[1] "in vitro culture"
[1] NA
[1] "in vitro culture"
[1] NA
[1] "in vitro culture"
[1] NA
[1] "in vitro culture"
[1] NA
[1] "in vitro culture"
[1] NA
[1] "in vitro culture"
[1] NA
[1] "in vitro culture"
[1] NA
[1] "in vitro culture"
[1] NA
[1] "in vitro culture"
[1] NA
[1] "in vitro culture"
[1] NA
[1] "in vitro culture"
[1] NA
[1] "in vitro culture"
[1] NA
[1] "in vitro culture"
[1] NA
[1] "in vitro culture"
[1] NA
[1] "in vitro culture"
[1] NA
[1] "in vitro culture"
[1] NA
[1] "in vitro culture"
[1] NA
[1] "in vitro culture"
[1] NA
[1] "in vitro culture"
[1] NA
[1] "in vitro culture"
[1] NA
[1] "in vitro culture"
[1] NA
[1] "in vitro culture"
[1] NA
[1] "in vitro culture"
[1] NA
[1] "in vitro culture"
[1] NA
[1] "in vitro culture"
[1] NA
[1] "mouse cecal contents"
[1] NA
[1] "in vitro culture"
[1] NA
[1] "in vitro culture"
[1] NA
[1] "in vitro culture"
[1] NA
[1] "mouse cecal contents"
[1] NA
[1] "in vitro culture"
[1] NA
[1] "in vitro culture"
[1] NA
[1] "in vitro culture"
[1] NA
[1] "in vitro culture"
[1] NA
[1] "mouse feces"
[1] NA
[1] "in vitro culture"
[1] NA
[1] "in vitro culture"
[1] NA
[1] "in vitro culture"
[1] NA
[1] "in vitro culture"
[1] NA
[1] "in vitro culture"
[1] NA
[1] "in vitro culture"
[1] NA
