[1] NA
[1] "WT strain grown in the absence of homoserine"
[1] NA
[1] "WT strain grown in the absence of homoserine"
[1] NA
[1] "WT strain grown in the absence of homoserine"
[1] NA
[1] "WT strain grown in the presence of homoserine"
[1] NA
[1] "WT strain grown in the presence of homoserine"
[1] NA
[1] "WT strain grown in the presence of homoserine"
[1] NA
[1] "thrL* grown in the absence of homoserine"
[1] NA
[1] "thrL* grown in the absence of homoserine"
[1] NA
[1] "thrL* grown in the absence of homoserine"
[1] NA
[1] "thrL* grown in the presence of homoserine"
[1] NA
[1] "thrL* grown in the presence of homoserine"
[1] NA
[1] "thrL* grown in the presence of homoserine"
[1] NA
[1] "thrL mutant grown in the absence of homoserine"
[1] NA
[1] "thrL mutant grown in the absence of homoserine"
[1] NA
[1] "thrL mutant grown in the absence of homoserine"
[1] NA
[1] "thrL mutant grown in the presence of homoserine"
[1] NA
[1] "thrL mutant grown in the presence of homoserine"
[1] NA
[1] "thrL mutant grown in the presence of homoserine"
[1] NA
[1] "4E grown in the absence of homoserine"
[1] NA
[1] "4E grown in the absence of homoserine"
[1] NA
[1] "4E grown in the absence of homoserine"
[1] NA
[1] "4E grown in the presence of homoserine"
[1] NA
[1] "4E grown in the presence of homoserine"
[1] NA
[1] "4E grown in the presence of homoserine"
[1] NA
