[1] "Wildtype replicate 1"
[1] "E.coli wildtype AB1157"
[1] NA
[1] "E. coli wildtype AB1157"
[1] NA
[1] "E. coli AB1157 wildtype"
[1] NA
[1] "E. coli dam-16::Kan"
[1] NA
[1] "E. coli dam mutant strain GM3819"
[1] NA
[1] "E. coli dam mutant strain GM3819"
[1] NA
[1] "E. coli dam mutS mutant Strain GM5556"
[1] NA
[1] "E. coli dam mutS mutant Strain GM5556"
[1] NA
[1] "E. coli dam mutS mutant Strain GM5556"
[1] NA
[1] "E. coli mutS mutant Strain GM5555"
[1] NA
[1] "E. coli mutS mutant Strain GM5555"
[1] NA
[1] "E. coli mutS mutant Strain GM5555"
[1] NA
