[1] "dam mock replicate 1"
[1] "E. coli dam mutant strain GM3819"
[1] NA
[1] "E. coli dam mutant strain GM3819"
[1] NA
[1] "E. coli dam mutant strain GM3819"
[1] NA
[1] "E. coli dam mutS mutant strain GM5556"
[1] NA
[1] "E. coli dam mutS mutant strain GM5556"
[1] NA
[1] "E. coli dam mutS mutant strain GM5556"
[1] NA
[1] "E. coli mutS mutant strain GM5555"
[1] NA
[1] "E. coli mutS mutant strain GM5555"
[1] NA
[1] "E. coli mutS mutant strain GM5555"
[1] NA
[1] "WT E. coli strain AB1157"
[1] NA
[1] "E. coli WT strain AB1157"
[1] NA
[1] "E. coli WT strain AB1157"
[1] NA
[1] "E. coli dam mutS mutant strain GM5556"
[1] NA
[1] "E. coli dam mutS mutant strain GM5556"
[1] NA
[1] "E. coli dam mutS mutant strain GM5556"
[1] NA
[1] "E. coli dam mutant strain GM3819"
[1] NA
[1] "E. coli dam mutant strain GM3819"
[1] NA
[1] "E. coli dam mutant strain GM3819"
[1] NA
[1] "E. coli mutS mutant strain GM5555"
[1] NA
[1] "E. coli mutS mutant strain GM5555"
[1] NA
[1] "E. coli mutS mutant strain GM5555"
[1] NA
[1] "E. coli wildtype strain AB1157"
[1] NA
[1] "E. coli wildtype strain AB1157"
[1] NA
[1] "E. coli WT strain AB1157"
[1] NA
