[1] NA
[1] "Rosetta (DE3)"
[1] NA
[1] "Rosetta (DE3)"
[1] NA
[1] "Rosetta (DE3)"
[1] NA
[1] "Rosetta (DE3)"
[1] NA
[1] "Rosetta (DE3)"
[1] NA
[1] "Rosetta (DE3)"
[1] NA
[1] "Rosetta (DE3)"
[1] NA
[1] "Rosetta (DE3)"
[1] NA
[1] "Rosetta (DE3)"
[1] NA
[1] "Rosetta (DE3)"
[1] NA
[1] "Rosetta (DE3)"
[1] NA
[1] "Rosetta (DE3)"
[1] NA
[1] "Rosetta (DE3)"
[1] NA
[1] "Rosetta (DE3)"
[1] NA
[1] "Rosetta (DE3)"
[1] NA
[1] "Rosetta (DE3)"
[1] NA
[1] "Rosetta (DE3)"
[1] NA
[1] "Rosetta (DE3)"
[1] NA
[1] "Rosetta (DE3)"
[1] NA
[1] "Rosetta (DE3)"
[1] NA
[1] "Rosetta (DE3)"
[1] NA
[1] "Rosetta (DE3)"
[1] NA
[1] "Rosetta (DE3)"
[1] NA
[1] "Rosetta (DE3)"
[1] NA
[1] "Rosetta (DE3)"
[1] NA
[1] "Rosetta (DE3)"
[1] NA
[1] "Rosetta (DE3)"
[1] NA
[1] "Rosetta (DE3)"
[1] NA
[1] "Rosetta (DE3)"
[1] NA
[1] "Rosetta (DE3)"
[1] NA
[1] "Rosetta (DE3)"
[1] NA
[1] "Rosetta (DE3)"
[1] NA
[1] "Rosetta (DE3)"
[1] NA
[1] "Rosetta (DE3)"
[1] NA
[1] "Rosetta (DE3)"
[1] NA
[1] "Rosetta (DE3)"
[1] NA
[1] "Rosetta (DE3)"
[1] NA
[1] "Rosetta (DE3)"
[1] NA
[1] "Rosetta (DE3)"
[1] NA
[1] "Rosetta (DE3)"
[1] NA
[1] "Rosetta (DE3)"
[1] NA
[1] "Rosetta (DE3)"
[1] NA
[1] "Rosetta (DE3)"
[1] NA
[1] "Rosetta (DE3)"
[1] NA
[1] "Rosetta (DE3)"
[1] NA
[1] "Rosetta (DE3)"
[1] NA
[1] "Rosetta (DE3)"
[1] NA
[1] "Rosetta (DE3)"
[1] NA
[1] "Rosetta (DE3)"
[1] NA
[1] "Rosetta (DE3)"
[1] NA
[1] "Rosetta (DE3)"
[1] NA
[1] "Rosetta (DE3)"
[1] NA
[1] "Rosetta (DE3)"
[1] NA
[1] "Rosetta (DE3)"
[1] NA
[1] "Rosetta (DE3)"
[1] NA
[1] "Rosetta (DE3)"
[1] NA
[1] "Rosetta (DE3)"
[1] NA
[1] "Rosetta (DE3)"
[1] NA
[1] "Rosetta (DE3)"
[1] NA
[1] "Rosetta (DE3)"
[1] NA
[1] "Rosetta (DE3)"
[1] NA
[1] "Rosetta (DE3)"
[1] NA
[1] "Rosetta (DE3)"
[1] NA
[1] "Rosetta (DE3)"
[1] NA
[1] "Rosetta (DE3)"
[1] NA
[1] "Rosetta (DE3)"
[1] NA
[1] "Rosetta (DE3)"
[1] NA
[1] "Rosetta (DE3)"
[1] NA
[1] "Rosetta (DE3)"
[1] NA
[1] "Rosetta (DE3)"
[1] NA
[1] "Rosetta (DE3)"
[1] NA
[1] "Rosetta (DE3)"
[1] NA
