[1] NA
[1] "8325"
[1] NA
[1] "8325"
[1] NA
[1] "8325"
[1] NA
[1] "8325"
[1] NA
[1] "8325"
[1] NA
[1] "8325"
[1] NA
[1] "MW2"
[1] NA
[1] "MW2"
[1] NA
[1] "MW2"
[1] NA
[1] "MW2"
[1] NA
[1] "MW2"
[1] NA
[1] "MW2"
[1] NA
[1] "8325"
[1] NA
[1] "8325"
[1] NA
[1] "8325"
[1] NA
[1] "8325"
[1] NA
[1] "8325"
[1] NA
[1] "8325"
[1] NA
[1] "MW2"
[1] NA
[1] "MW2"
[1] NA
[1] "MW2"
[1] NA
[1] "MW2"
[1] NA
[1] "MW2"
[1] NA
[1] "MW2"
[1] NA
[1] "8325"
[1] NA
[1] "8325"
[1] NA
[1] "8325"
[1] NA
[1] "8325"
[1] NA
[1] "8325"
[1] NA
[1] "8325"
[1] NA
[1] "MW2"
[1] NA
[1] "MW2"
[1] NA
[1] "MW2"
[1] NA
[1] "MW2"
[1] NA
[1] "MW2"
[1] NA
[1] "MW2"
[1] NA
