[1] NA
[1] "bacteria"
[1] NA
[1] "bacteria"
[1] NA
[1] "bacteria"
[1] NA
[1] "bacteria"
[1] NA
[1] "bacteria"
[1] NA
[1] "bacteria"
[1] NA
[1] "bacteria"
[1] NA
[1] "bacteria"
[1] NA
[1] "bacteria"
[1] NA
[1] "bacteria"
[1] NA
[1] "bacteria"
[1] NA
[1] "bacteria"
[1] NA
[1] "bacteria"
[1] NA
[1] "bacteria"
[1] NA
[1] "bacteria"
[1] NA
[1] "bacteria"
[1] NA
[1] "bacteria"
[1] NA
[1] "bacteria"
[1] NA
[1] "bacteria"
[1] NA
[1] "bacteria"
[1] NA
[1] "bacteria"
[1] NA
[1] "Bsu WT_1cycle_1"
[1] NA
[1] "Bsu WT_1cycle_2"
[1] NA
[1] "Bsu WT_1cycle_3"
[1] NA
[1] "Bsu WT_1cycle_4"
[1] NA
[1] "Bsu WT_1cycle_5"
[1] NA
[1] "Bsu rho_1cycle"
[1] NA
[1] "Bsu WT_10cycle_1"
[1] NA
[1] "Bsu WT_10cycle_2"
[1] NA
[1] "Bsu WT_10cycle_3"
[1] NA
[1] "Bsu WT_10cycle_4"
[1] NA
[1] "Bsu WT_10cycle_5"
[1] NA
[1] "Bsu rho_10cycle"
[1] NA
[1] "Bsu BC1"
[1] NA
[1] "Bsu BC2"
[1] NA
[1] "Bsu BC3"
[1] NA
[1] "Bsu BC4"
[1] NA
[1] "Bsu BC5"
[1] NA
[1] "Bsu BC6"
[1] NA
[1] "Bsu BC7"
[1] NA
[1] "Bsu BC8"
[1] NA
[1] "Bsu BC9"
[1] NA
[1] "Bsu BC10"
[1] NA
[1] "Bsu BC11"
[1] NA
[1] "Bsu BC12"
[1] NA
[1] "Bsu lacZ_0IPTG_1"
[1] NA
[1] "Bsu lacZ_0IPTG_2"
[1] NA
[1] "Bsu lacZ_10um_IPTG"
[1] NA
[1] "Bsu lacZ_20um_IPTG"
[1] NA
[1] "Bsu lacZ_30um_IPTG"
[1] NA
[1] "Bsu lacZ_100um_IPTG"
[1] NA
