[1] "log2 normalized signal intensity"
[1] "Strain p10 isolated from in vitro planktonic culture rep. 1"
[1] NA
[1] "Strain p10 isolated from in vitro planktonic culture rep. 2"
[1] NA
[1] "Strain p10 isolated from burn wound rep. 1"
[1] NA
[1] "Strain p10 isolated from burn wound rep. 2"
[1] NA
[1] "Strain p10 isolated from in vitro biofilm rep. 1"
[1] NA
[1] "Strain p10 isolated from in vitro biofilm rep. 2"
[1] NA
[1] "Strain p10 isolated from murine tumor rep. 1"
[1] NA
[1] "Strain p10 isolated from murine tumor rep. 2"
[1] NA
[1] "Strain p10 isolated from lettuce infection rep. 1"
[1] NA
[1] "Strain p10 isolated from lettuce infection rep. 2"
[1] NA
[1] "Strain p11 isolated from in vitro planktonic culture rep. 1"
[1] NA
[1] "Strain p11 isolated from in vitro planktonic culture rep. 2"
[1] NA
[1] "Strain p11 isolated from burn wound rep. 1"
[1] NA
[1] "Strain p11 isolated from burn wound rep. 2"
[1] NA
[1] "Strain p11 isolated from in vitro biofilm rep. 1"
[1] NA
[1] "Strain p11 isolated from in vitro biofilm rep. 2"
[1] NA
[1] "Strain p11 isolated from murine tumor rep. 1"
[1] NA
[1] "Strain p11 isolated from murine tumor rep. 2"
[1] NA
[1] "Strain p11 isolated from lettuce infection rep. 1"
[1] NA
[1] "Strain p11 isolated from lettuce infection rep. 2"
[1] NA
[1] "Strain p17 isolated from in vitro planktonic culture rep. 1"
[1] NA
[1] "Strain p17 isolated from in vitro planktonic culture rep. 2"
[1] NA
[1] "Strain p17 isolated from burn wound rep. 1"
[1] NA
[1] "Strain p17 isolated from burn wound rep. 2"
[1] NA
[1] "Strain p17 isolated from in vitro biofilm rep. 1"
[1] NA
[1] "Strain p17 isolated from in vitro biofilm rep. 2"
[1] NA
[1] "Strain p17 isolated from murine tumor rep. 1"
[1] NA
[1] "Strain p17 isolated from murine tumor rep. 2"
[1] NA
[1] "Strain p17 isolated from lettuce infection rep. 1"
[1] NA
[1] "Strain p17 isolated from lettuce infection rep. 2"
[1] NA
