[1] "normalized Cp value"
[1] "Staphylococcus aureus strain USA300 during mouse lung infection"
[1] NA
[1] "Staphylococcus aureus strain TB15 during mouse lung infection"
[1] NA
[1] "Staphylococcus aureus strain TB15 during mouse liver infection"
[1] NA
[1] "Staphylococcus aureus strain US300 during mouse liver infection"
[1] NA
[1] "Staphylococcus aureus strain TB-15 during mouse kidney infection"
[1] NA
[1] "Staphylococcus aureus strain US300 during mouse kidney infection"
[1] NA
[1] "Staphylococcus aureus strain US300 during mouse skin infection"
[1] NA
[1] "Staphylococcus aureus strain TB15 during mouse skin infection"
[1] NA
[1] "Staphylococcus aureus strain USA300 during human neutrophil infection"
[1] NA
[1] "Staphylococcus aureus strain TB-15 during human neutrophil infection"
[1] NA
