[1] NA
[1] "Archaeal cells"
[1] NA
[1] "Archaeal cells"
[1] NA
[1] "Archaeal cells"
[1] NA
[1] "Archaeal cells"
[1] NA
[1] "Archaeal cells"
[1] NA
[1] "Archaeal cells"
[1] NA
[1] "Archaeal cells"
[1] NA
[1] "Archaeal cells"
[1] NA
[1] "Archaeal cells"
[1] NA
[1] "Archaeal cells"
[1] NA
[1] "Archaeal cells"
[1] NA
[1] "Archaeal cells"
[1] NA
[1] "Archaeal cells"
[1] NA
[1] "Archaeal cells"
[1] NA
[1] "Archaeal cells"
[1] NA
[1] "Archaeal cells"
[1] NA
[1] "Archaeal cells"
[1] NA
[1] "Archaeal cells"
[1] NA
[1] "Archaeal cells"
[1] NA
[1] "Archaeal cells"
[1] NA
[1] "Archaeal cells"
[1] NA
[1] "Archaeal cells"
[1] NA
[1] "Archaeal cells"
[1] NA
[1] "Archaeal cells"
[1] NA
[1] "Archaeal cells"
[1] NA
[1] "Archaeal cells"
[1] NA
[1] "Archaeal cells"
[1] NA
[1] "Archaeal cells"
[1] NA
[1] "Archaeal cells"
[1] NA
[1] "Archaeal cells"
[1] NA
[1] "Archaeal cells"
[1] NA
[1] "Archaeal cells"
[1] NA
[1] "Archaeal cells"
[1] NA
[1] "Archaeal cells"
[1] NA
[1] "Archaeal cells"
[1] NA
[1] "Archaeal cells"
[1] NA
[1] "Archaeal cells"
[1] NA
[1] "Archaeal cells"
[1] NA
[1] "Archaeal cells"
[1] NA
