[1] "Ratio of spot signal intensity to negative control signal intensity"
[1] "Clinical strain no 11"
[1] NA
[1] "Clinical strain no 11"
[1] NA
[1] "Clinical strain no 12"
[1] NA
[1] "Clinical strain no 12"
[1] NA
[1] "Clinical strain no 1"
[1] NA
[1] "Clinical strain no 1"
[1] NA
[1] "Clinical strain no 4"
[1] NA
[1] "Clinical strain no 4"
[1] NA
[1] "Clinical strain no 3"
[1] NA
[1] "Clinical strain no 3"
[1] NA
[1] "Clinical strain no 8"
[1] NA
[1] "Clinical strain no 8"
[1] NA
[1] "Clinical strain no 9"
[1] NA
[1] "Clinical strain no 9"
[1] NA
[1] "Clinical strain no 6"
[1] NA
[1] "Clinical strain no 6"
[1] NA
[1] "Clinical strain no 7"
[1] NA
[1] "Clinical strain no 7"
[1] NA
[1] "Clinical strain no 13"
[1] NA
[1] "Clinical strain no 13"
[1] NA
[1] "Clinical strain no 2"
[1] NA
[1] "Clinical strain no 2"
[1] NA
[1] "Clinical strain no 10"
[1] NA
[1] "Clinical strain no 10"
[1] NA
[1] "Clinical strain no 5"
[1] NA
[1] "Clinical strain no 5"
[1] NA
[1] "Isolate n°49 (AS5)"
[1] NA
[1] "Reference strain Mu50"
[1] NA
[1] "Isolate n°48 (S143)"
[1] NA
[1] "Isolate n°48 (S143)"
[1] NA
[1] "Isolate n°35 (S170)"
[1] NA
[1] "Isolate n°35 (S170)"
[1] NA
[1] "Isolate n°39 (S172)"
[1] NA
[1] "Isolate n°39 (S172)"
[1] NA
[1] "Isolate n°42 (S174)"
[1] NA
[1] "Isolate n°42 (S174)"
[1] NA
[1] "Isolate n°41 (S220)"
[1] NA
[1] "Isolate n°41 (S220)"
[1] NA
[1] "Isolate n°52 (S226)"
[1] NA
[1] "Isolate n°52 (S226)"
[1] NA
[1] "Isolate n°51 (S231)"
[1] NA
[1] "Isolate n°51 (S231)"
[1] NA
[1] "Isolate n°43 (S256)"
[1] NA
[1] "Isolate n°43 (S256)"
[1] NA
[1] "Isolate n°40 (S262)"
[1] NA
[1] "Isolate n°40 (S262)"
[1] NA
[1] "Isolate n°47 (S318)"
[1] NA
[1] "Isolate n°47 (S318)"
[1] NA
[1] "Isolate n°46 (S413)"
[1] NA
[1] "Isolate n°46 (S413)"
[1] NA
[1] "Isolate n°45 (S417)"
[1] NA
[1] "Isolate n°45 (S417)"
[1] NA
[1] "Isolate n°36 (S488)"
[1] NA
[1] "Isolate n°36 (S488)"
[1] NA
[1] "Isolate n°38 (S543)"
[1] NA
[1] "Isolate n°38 (S543)"
[1] NA
[1] "Isolate n°37 (C14)"
[1] NA
[1] "Isolate n°37 (C14)"
[1] NA
[1] "Isolate n°6 (M10)"
[1] NA
[1] "Isolate n°6 (M10)"
[1] NA
[1] "Isolate n°32 (M12)"
[1] NA
[1] "Isolate n°32 (M12)"
[1] NA
[1] "Isolate n°15 (M15)"
[1] NA
[1] "Isolate n°15 (M15)"
[1] NA
[1] "Isolate n°5 (M18)"
[1] NA
[1] "Isolate n°5 (M18)"
[1] NA
[1] "Isolate n°44 (C48)"
[1] NA
[1] "Isolate n°44 (C48)"
[1] NA
[1] "Isolate n°2 (M1)"
[1] NA
[1] "Isolate n°2 (M1)"
[1] NA
[1] "Isolate n°50 (AU3)"
[1] NA
[1] "Isolate n° 50 (Au3)"
[1] NA
[1] "Isolate n°18"
[1] NA
[1] "Isolate n° 18 (M22)"
[1] NA
[1] "Isolate n°14 (M24)"
[1] NA
[1] "Isolate n°14 (M24)"
[1] NA
[1] "Isolate n°26 (M27)"
[1] NA
[1] "Isolate n°26 (M27)"
[1] NA
[1] "Isolate n°19 (M29)"
[1] NA
[1] "Isolate n°19 (M29)"
[1] NA
[1] "Isolate n°33 (M2)"
[1] NA
[1] "Isolate n°33 (M2)"
[1] NA
[1] "Isolate n°7 (M32)"
[1] NA
[1] "Isolate n°7 (M32)"
[1] NA
[1] "Isolate n°16 (M34)"
[1] NA
[1] "Isolate n°16 (M34)"
[1] NA
[1] "Isolate n°12 (M37)"
[1] NA
[1] "Isolate n°12 (M37)"
[1] NA
[1] "Isolate n°27 (M39)"
[1] NA
[1] "Isolate n°27 (M39)"
[1] NA
[1] "Isolate n°10 (M49)"
[1] NA
[1] "Isolate n°10 (M49)"
[1] NA
[1] "Isolate n°3 (M50)"
[1] NA
[1] "Isolate n°3 (M50)"
[1] NA
[1] "Isolate n°13 (M59)"
[1] NA
[1] "Isolate n°13 (M59)"
[1] NA
[1] "Isolate n°17 (M63)"
[1] NA
[1] "Isolate n°17 (M63)"
[1] NA
[1] "Isolate n°34 (M66)"
[1] NA
[1] "Isolate n°34 (M66)"
[1] NA
[1] "Isolate n°1 (M8)"
[1] NA
[1] "Isolate n°1 (M8)"
[1] NA
[1] "Isolate n°4 (M9)"
[1] NA
[1] "Isolate n°4 (M9)"
[1] NA
