[1] "Data extraction from Images was done using Feature Extraction software v 10.5.1 of Agilent. RMA was the normalization algorithm used."
[1] "Helicobacter pylori strain 26695"
[1] NA
[1] "Helicobacter pylori strain 26695"
[1] NA
[1] "Helicobacter pylori strain 26695∆ hpyAVIBM"
[1] NA
[1] "Helicobacter pylori strain 26695∆ hpyAVIBM Repeat"
[1] NA
[1] "Helicobacter pylori strain AM5"
[1] NA
[1] "Helicobacter pylori strain AM5"
[1] NA
[1] "Helicobacter pylori strain AM5∆hpyAVIBM"
[1] NA
[1] "Helicobacter pylori strain AM5∆hpyAVIBM"
[1] NA
[1] "Helicobacter pylori strain SS1"
[1] NA
[1] "Helicobacter pylori strain SS1"
[1] NA
[1] "Helicobacter pylori strain SS1∆hpyAVIBM"
[1] NA
[1] "Helicobacter pylori strain SS1∆hpyAVIBM"
[1] NA
