[1] NA
[1] "MG1655"
[1] NA
[1] "MG1655"
[1] NA
[1] "2A"
[1] NA
[1] "2A"
[1] NA
[1] "GDAR2-2"
[1] NA
[1] "GDAR2-2"
[1] NA
[1] "541-15"
[1] NA
[1] "541-15"
[1] NA
[1] "MS 85-1"
[1] NA
[1] "MS 85-1"
[1] NA
[1] "MS 119-7"
[1] NA
[1] "MS 119-7"
[1] NA
[1] "MS 124-1"
[1] NA
[1] "MS 124-1"
[1] NA
[1] "MS 145-7"
[1] NA
[1] "MS 145-7"
[1] NA
[1] "MS 57-2"
[1] NA
[1] "MS 57-2"
[1] NA
[1] "MS 110-3"
[1] NA
[1] "MS 110-3"
[1] NA
[1] "MS 115-1"
[1] NA
[1] "MS 115-1"
[1] NA
[1] "MS 16-3"
[1] NA
[1] "MS 16-3"
[1] NA
[1] "MS 21-1"
[1] NA
[1] "MS 21-1"
[1] NA
[1] "MS 69-1"
[1] NA
[1] "MS 69-1"
[1] NA
[1] "MS 200-1"
[1] NA
[1] "MS 200-1"
[1] NA
[1] "MS 196-1"
[1] NA
[1] "MS 196-1"
[1] NA
[1] "MS 198-1"
[1] NA
[1] "MS 198-1"
[1] NA
