[1] NA
[1] "ST4/74"
[1] NA
[1] "Ty2"
[1] NA
[1] "ATCC 9150"
[1] NA
[1] "D23580"
[1] NA
[1] "ST4/74"
[1] NA
[1] "Ty2"
[1] NA
[1] "ATCC 9150"
[1] NA
[1] "D23580"
[1] NA
[1] "ST4/74"
[1] NA
[1] "Ty2"
[1] NA
[1] "ATCC 9150"
[1] NA
[1] "D23580"
[1] NA
[1] "ST4/74"
[1] NA
[1] "Ty2"
[1] NA
[1] "ATCC 9150"
[1] NA
[1] "D23580"
[1] NA
[1] "ST4/74"
[1] NA
[1] "Ty2"
[1] NA
[1] "ATCC 9150"
[1] NA
[1] "D23580"
[1] NA
[1] "ST4/74"
[1] NA
[1] "Ty2"
[1] NA
[1] "ATCC 9150"
[1] NA
[1] "D23580"
[1] NA
[1] "ST4/74"
[1] NA
[1] "Ty2"
[1] NA
[1] "ATCC 9150"
[1] NA
[1] "D23580"
[1] NA
