[1] NA
[1] "KDS1"
[1] NA
[1] "KDS1"
[1] NA
[1] "KDS1"
[1] NA
[1] "KDS1"
[1] NA
[1] "KDS1"
[1] NA
[1] "KDS1"
[1] NA
[1] "KDS1"
[1] NA
[1] "KDS1"
[1] NA
[1] "KDS1"
[1] NA
[1] "KDS1"
[1] NA
[1] "KDS1"
[1] NA
[1] "KDS1"
[1] NA
[1] "DD427"
[1] NA
[1] "DD427"
[1] NA
[1] "DD427"
[1] NA
[1] "DD427"
[1] NA
[1] "DD427"
[1] NA
[1] "DD427"
[1] NA
[1] "DD430"
[1] NA
[1] "DD430"
[1] NA
[1] "DD430"
[1] NA
[1] "DD430"
[1] NA
[1] "DD430"
[1] NA
[1] "DD430"
[1] NA
[1] "KS2599"
[1] NA
[1] "KS2599"
[1] NA
[1] "KS2599"
[1] NA
[1] "KS2599"
[1] NA
[1] "KS2599"
[1] NA
[1] "KS2599"
[1] NA
[1] "DD601"
[1] NA
[1] "DD601"
[1] NA
[1] "DD601"
[1] NA
[1] "DD601"
[1] NA
[1] "DD601"
[1] NA
[1] "DD601"
[1] NA
[1] "DD601"
[1] NA
[1] "DD601"
[1] NA
[1] "DD601"
[1] NA
[1] "DD607"
[1] NA
[1] "DD607"
[1] NA
[1] "DD607"
[1] NA
[1] "DD607"
[1] NA
[1] "DD607"
[1] NA
[1] "DD607"
[1] NA
[1] "DD607"
[1] NA
[1] "DD607"
[1] NA
[1] "DD607"
[1] NA
[1] "KDS1"
[1] NA
[1] "KDS1"
[1] NA
[1] "KDS1"
[1] NA
[1] "KDS1"
[1] NA
[1] "KDS1"
[1] NA
[1] "KDS1"
[1] NA
[1] "KDS1"
[1] NA
[1] "KDS1"
[1] NA
[1] "KDS1"
[1] NA
