[1] "Normalized Cy3 signal intensity"
[1] "Total soil/ sludge DNA from chloroaromatic contaminated site, IPL, Lucknow"
[1] NA
[1] "Total DNA of Sediment from Gomti river, Lucknow"
[1] NA
[1] "Total DNA of primary sludge from CETP, Kanpur"
[1] NA
[1] "Total soil/ sludge DNA from Jajmau industrial area, Kanpur"
[1] NA
[1] "Total sludge DNA from areas around Mathura oil refinery"
[1] NA
[1] "Genomic DNA of Sphingomonas sp. strain NM-05"
[1] NA
[1] "Genomic DNA of Escherichia coli DH5α"
[1] NA
[1] "Total soil DNA from areas around IPL, Lucknow aliquot 1"
[1] NA
[1] "Total soil DNA from areas around IPL, Lucknow aliquot 2"
[1] NA
[1] "Genomic DNA of mixed culture (Degraders: NM-05, IITR-02, RHA1; Non-degraders: DH5α, BL21 and K12 in equal ratio)"
[1] NA
[1] "Genomic DNA of mixed culture (Degraders and non-degraders in 2:1 ratio)"
[1] NA
[1] "Genomic DNA of all strains (degraders and non-degraders) isolated individually and mixed in equal ratio (500ng each)"
[1] NA
[1] "Genomic DNA of mixed culture containing only degraders in equal ratio"
[1] NA
[1] "Genomic DNA of mixed culture containing only non-degraders in equal ratio"
[1] NA
[1] "Genomic DNA of mixed culture containing NM-05 cells in double ratio than other degraders (NM-05:IITR-02:RHA1 in 2:1:1 ratio)"
[1] NA
[1] "Genomic DNA of mixed culture containing IITR-02 cells in double ratio than other degraders (NM-05:IITR-02:RHA1 in 1:2:1 ratio)"
[1] NA
[1] "Genomic DNA of mixed culture containing RHA1 cells in double ratio than other degraders (NM-05:IITR-02:RHA1 in 1:1:2 ratio)"
[1] NA
