[1] "Intensity in cy3 channel"
[1] "PCR product with IS5 primers and purified IS5 PCR product as template- no genomic DNA present"
[1] NA
[1] "DNA probe produced by labelling a purified IS5 PCR product as PCR template for flourescent labeling reaction"
[1] NA
[1] "PCR product with IS5 primers and purified IS5 PCR product as template- no genomic DNA present"
[1] NA
[1] "PCR product with IS5 primers and genomic DNA from Motile isolate as a template"
[1] NA
[1] "PCR product with IS5 primers and genomic DNA from Motile isolate as a template"
[1] NA
[1] "PCR product with IS5 primers and genomic DNA from Motile isolate as a template"
[1] NA
[1] "PCR product with IS5 primers and genomic DNA from Motile isolate as a template"
[1] NA
[1] "PCR product with IS5 primers and genomic DNA from Motile isolate as a template"
[1] NA
[1] "PCR product with IS5 primers and genomic DNA from NonMotile isolate as a template"
[1] NA
[1] "PCR product with IS5 primers and genomic DNA from NonMotile isolate as a template"
[1] NA
[1] "PCR product with IS5 primers and genomic DNA from NonMotile isolate as a template"
[1] NA
[1] "PCR product with IS5 primers and genomic DNA from NonMotile isolate as a template"
[1] NA
[1] "PCR product with IS5 primers and genomic DNA from NonMotile isolate as a template"
[1] NA
[1] "PCR product with IS5 primers and genomic DNA from NonMotile isolate as a template"
[1] NA
[1] "PCR product with IS5 primers and genomic DNA from NonMotile isolate as a template"
[1] NA
