[1] NA
[1] "Pseudomonas aeruginosa UCBPP-PA14"
[1] NA
[1] "Pseudomonas aeruginosa UCBPP-PA14"
[1] NA
[1] "Pseudomonas aeruginosa UCBPP-PA14"
[1] NA
[1] "Pseudomonas aeruginosa UCBPP-PA14"
[1] NA
[1] "Pseudomonas aeruginosa UCBPP-PA14"
[1] NA
[1] "Pseudomonas aeruginosa UCBPP-PA14"
[1] NA
[1] "Pseudomonas aeruginosa UCBPP-PA14"
[1] NA
[1] "Pseudomonas aeruginosa UCBPP-PA14"
[1] NA
[1] "Pseudomonas aeruginosa UCBPP-PA14"
[1] NA
[1] "Pseudomonas aeruginosa UCBPP-PA14"
[1] NA
[1] "Pseudomonas aeruginosa UCBPP-PA14"
[1] NA
[1] "Pseudomonas aeruginosa UCBPP-PA14"
[1] NA
[1] "Pseudomonas aeruginosa UCBPP-PA14"
[1] NA
[1] "Pseudomonas aeruginosa UCBPP-PA14"
[1] NA
[1] "Pseudomonas aeruginosa UCBPP-PA14"
[1] NA
[1] "Pseudomonas aeruginosa UCBPP-PA14"
[1] NA
[1] "Pseudomonas aeruginosa UCBPP-PA14"
[1] NA
[1] "Pseudomonas aeruginosa UCBPP-PA14"
[1] NA
[1] "Pseudomonas aeruginosa UCBPP-PA14"
[1] NA
[1] "Pseudomonas aeruginosa UCBPP-PA14"
[1] NA
[1] "Pseudomonas aeruginosa UCBPP-PA14"
[1] NA
[1] "Pseudomonas aeruginosa UCBPP-PA14"
[1] NA
[1] "Pseudomonas aeruginosa UCBPP-PA14"
[1] NA
[1] "Pseudomonas aeruginosa UCBPP-PA14"
[1] NA
[1] "Pseudomonas aeruginosa UCBPP-PA14"
[1] NA
[1] "Pseudomonas aeruginosa UCBPP-PA14"
[1] NA
[1] "Pseudomonas aeruginosa UCBPP-PA14"
[1] NA
[1] "Pseudomonas aeruginosa UCBPP-PA14"
[1] NA
[1] "Pseudomonas aeruginosa UCBPP-PA14"
[1] NA
[1] "Pseudomonas aeruginosa UCBPP-PA14"
[1] NA
[1] "Pseudomonas aeruginosa UCBPP-PA14"
[1] NA
[1] "Pseudomonas aeruginosa UCBPP-PA14"
[1] NA
[1] "Pseudomonas aeruginosa UCBPP-PA14"
[1] NA
[1] "Pseudomonas aeruginosa UCBPP-PA14"
[1] NA
[1] "Pseudomonas aeruginosa UCBPP-PA14"
[1] NA
[1] "Pseudomonas aeruginosa UCBPP-PA14"
[1] NA
[1] "Pseudomonas aeruginosa UCBPP-PA14"
[1] NA
[1] "Pseudomonas aeruginosa UCBPP-PA14"
[1] NA
[1] "Pseudomonas aeruginosa UCBPP-PA14"
[1] NA
[1] "Pseudomonas aeruginosa UCBPP-PA14"
[1] NA
[1] "Pseudomonas aeruginosa UCBPP-PA14"
[1] NA
[1] "Pseudomonas aeruginosa UCBPP-PA14"
[1] NA
[1] "Pseudomonas aeruginosa UCBPP-PA14"
[1] NA
[1] "Pseudomonas aeruginosa UCBPP-PA14"
[1] NA
[1] "Pseudomonas aeruginosa UCBPP-PA14"
[1] NA
[1] "Pseudomonas aeruginosa UCBPP-PA14"
[1] NA
[1] "Pseudomonas aeruginosa UCBPP-PA14"
[1] NA
[1] "Pseudomonas aeruginosa UCBPP-PA14"
[1] NA
[1] "Pseudomonas aeruginosa UCBPP-PA14"
[1] NA
[1] "Pseudomonas aeruginosa UCBPP-PA14"
[1] NA
[1] "Pseudomonas aeruginosa UCBPP-PA14"
[1] NA
[1] "Pseudomonas aeruginosa UCBPP-PA14"
[1] NA
[1] "Pseudomonas aeruginosa UCBPP-PA14"
[1] NA
[1] "Pseudomonas aeruginosa UCBPP-PA14"
[1] NA
[1] "Pseudomonas aeruginosa UCBPP-PA14"
[1] NA
[1] "Pseudomonas aeruginosa UCBPP-PA14"
[1] NA
[1] "Pseudomonas aeruginosa UCBPP-PA14"
[1] NA
[1] "Pseudomonas aeruginosa UCBPP-PA14"
[1] NA
[1] "Pseudomonas aeruginosa UCBPP-PA14"
[1] NA
[1] "Pseudomonas aeruginosa UCBPP-PA14"
[1] NA
