[1] NA
[1] "planktonic exponential phase"
[1] NA
[1] "planktonic exponential phase"
[1] NA
[1] "planktonic exponential phase"
[1] NA
[1] "planktonic stationary phase"
[1] NA
[1] "planktonic stationary phase"
[1] NA
[1] "planktonic stationary phase"
[1] NA
[1] "mother colony on agar"
[1] NA
[1] "mother colony on agar"
[1] NA
[1] "mother colony on agar"
[1] NA
[1] "base of the dendrites on agar"
[1] NA
[1] "base of the dendrites on agar"
[1] NA
[1] "base of the dendrites on agar"
[1] NA
[1] "dendrites on agar"
[1] NA
[1] "dendrites on agar"
[1] NA
[1] "dendrites on agar"
[1] NA
[1] "tips of dendrites on agar"
[1] NA
[1] "tips of dendrites on agar"
[1] NA
[1] "tips of dendrites on agar"
[1] NA
[1] "submerged biofilm"
[1] NA
[1] "submerged biofilm"
[1] NA
[1] "submerged biofilm"
[1] NA
[1] "detached cells"
[1] NA
[1] "detached cells"
[1] NA
[1] "detached cells"
[1] NA
[1] "air-liquid pellicle"
[1] NA
[1] "air-liquid pellicle"
[1] NA
[1] "air-liquid pellicle"
[1] NA
