[1] "Quantile-normalized signal values, no background subtraction, QC excluded values:null"
[1] "cell culture"
[1] NA
[1] "cell culture"
[1] NA
[1] "cell culture"
[1] NA
[1] "cell culture"
[1] NA
[1] "cell culture"
[1] NA
[1] "cell culture"
[1] NA
[1] "cell culture"
[1] NA
[1] "cell culture"
[1] NA
[1] "cell culture"
[1] NA
[1] "cell culture"
[1] NA
[1] "cell culture"
[1] NA
[1] "cell culture"
[1] NA
[1] "cell culture"
[1] NA
[1] "cell culture"
[1] NA
[1] "cell culture"
[1] NA
[1] "cell culture"
[1] NA
[1] "cell culture"
[1] NA
[1] "cell culture"
[1] NA
[1] "cell culture"
[1] NA
[1] "cell culture"
[1] NA
[1] "cell culture"
[1] NA
[1] "cell culture"
[1] NA
[1] "cell culture"
[1] NA
