[1] "quantile normalized log2 IP/mock-IP ratio of individual probes"
[1] "E. Coli ArgR ChIP DNA Arginine 1"
[1] NA
[1] "E. Coli ArgR ChIP DNA Arginine 2"
[1] NA
[1] "E. Coli ArgR ChIP DNA NH4Cl 1"
[1] NA
[1] "E. Coli ArgR ChIP DNA NH4Cl 2"
[1] NA
[1] "E. Coli Lrp ChIP DNA Leucine 1"
[1] NA
[1] "E. Coli Lrp ChIP DNA Leucine 2"
[1] NA
[1] "E. Coli Lrp ChIP DNA Leucine 3"
[1] NA
[1] "E. Coli Lrp ChIP DNA NH4Cl 1"
[1] NA
[1] "E. Coli Lrp ChIP DNA NH4Cl 2"
[1] NA
[1] "E. Coli Lrp ChIP DNA NH4Cl 3"
[1] NA
[1] "E. Coli TrpR ChIP DNA Tryptophan"
[1] NA
[1] "E. Coli TrpR ChIP DNA glucose"
[1] NA
