[1] NA
[1] "bacterial cell culture"
[1] NA
[1] "bacterial cell culture"
[1] NA
[1] "bacterial cell culture"
[1] NA
[1] "bacterial cell culture"
[1] NA
[1] "bacterial cell culture"
[1] NA
[1] "bacterial cell culture"
[1] NA
[1] "bacterial cell culture"
[1] NA
[1] "bacterial cell culture"
[1] NA
[1] "bacterial cell culture"
[1] NA
[1] "bacterial cell culture"
[1] NA
[1] "bacterial cell culture"
[1] NA
[1] "bacterial cell culture"
[1] NA
[1] "bacterial cell culture"
[1] NA
[1] "bacterial cell culture"
[1] NA
[1] "bacterial cell culture"
[1] NA
[1] "bacterial cell culture"
[1] NA
[1] "bacterial cell culture"
[1] NA
[1] "bacterial cell culture"
[1] NA
[1] "bacterial cell culture"
[1] NA
[1] "bacterial cell culture"
[1] NA
