[1] "Signal"
[1] "YA027 (parent)"
[1] NA
[1] "YA027 (parent)"
[1] NA
[1] "YA027 (parent)"
[1] NA
[1] "YA074"
[1] NA
[1] "YA074"
[1] NA
[1] "YA074"
[1] NA
[1] "YA105"
[1] NA
[1] "YA105"
[1] NA
[1] "YA105"
[1] NA
[1] "clone 3-11-2, isolated from an evolved population of YA027 at the 11th passage (about 70 generations)"
[1] NA
[1] "clone 3-11-2, isolated from an evolved population of YA027 at the 11th passage (about 70 generations)"
[1] NA
[1] "clone 3-11-4, isolated from an evolved population of YA027 at the 11th passage (about 70 generations)"
[1] NA
[1] "clone 3-11-4, isolated from an evolved population of YA027 at the 11th passage (about 70 generations)"
[1] NA
[1] "clone 3-11-9, isolated from an evolved population of YA027 at the 11th passage (about 70 generations)"
[1] NA
[1] "clone 3-11-9, isolated from an evolved population of YA027 at the 11th passage (about 70 generations)"
[1] NA
[1] "clone 3-11-10, isolated from an evolved population of YA027 at the 11th passage (about 70 generations)"
[1] NA
[1] "clone 3-11-10, isolated from an evolved population of YA027 at the 11th passage (about 70 generations)"
[1] NA
[1] "clone 3-84-2, isolated from an evolved population of YA027 at the 84th passage (about 500 generations)"
[1] NA
[1] "clone 3-84-2, isolated from an evolved population of YA027 at the 84th passage (about 500 generations)"
[1] NA
[1] "clone 3-84-4, isolated from an evolved population of YA027 at the 84th passage (about 500 generations)"
[1] NA
[1] "clone 3-84-4, isolated from an evolved population of YA027 at the 84th passage (about 500 generations)"
[1] NA
[1] "clone 3-84-4, isolated from an evolved population of YA027 at the 84th passage (about 500 generations)"
[1] NA
[1] "clone 3-84-6, isolated from an evolved population of YA027 at the 84th passage (about 500 generations)"
[1] NA
[1] "clone 3-84-6, isolated from an evolved population of YA027 at the 84th passage (about 500 generations)"
[1] NA
[1] "clone 3-84-10, isolated from an evolved population of YA027 at the 84th passage (about 500 generations)"
[1] NA
[1] "clone 3-84-10, isolated from an evolved population of YA027 at the 84th passage (about 500 generations)"
[1] NA
[1] "clone 3-172-1, isolated from an evolved population of YA027 at the 172th passage (about 1000 generations)"
[1] NA
[1] "clone 3-172-1, isolated from an evolved population of YA027 at the 172th passage (about 1000 generations)"
[1] NA
[1] "clone 3-172-1, isolated from an evolved population of YA027 at the 172th passage (about 1000 generations)"
[1] NA
[1] "clone 3-172-9, isolated from an evolved population of YA027 at the 172th passage (about 1000 generations)"
[1] NA
[1] "clone 3-172-9, isolated from an evolved population of YA027 at the 172th passage (about 1000 generations)"
[1] NA
[1] "clone 3-172-10, isolated from an evolved population of YA027 at the 172th passage (about 1000 generations)"
[1] NA
[1] "clone 3-172-10, isolated from an evolved population of YA027 at the 172th passage (about 1000 generations)"
[1] NA
