[1] NA
[1] "BCG Tokyo 172"
[1] NA
[1] "BCG Tokyo 172"
[1] NA
[1] "BCG Tokyo 172"
[1] NA
[1] "BCG Tokyo 172"
[1] NA
[1] "BCG Tokyo 172"
[1] NA
[1] "BCG Tokyo 172"
[1] NA
[1] "BCG Tokyo 172"
[1] NA
[1] "BCG Tokyo 172"
[1] NA
[1] "BCG Tokyo 172"
[1] NA
[1] "BCG Tokyo 172"
[1] NA
[1] "BCG Tokyo 172"
[1] NA
[1] "BCG Tokyo 172"
[1] NA
[1] "BCG Tokyo 172"
[1] NA
[1] "BCG Tokyo 172"
[1] NA
[1] "BCG Tokyo 172"
[1] NA
[1] "BCG Tokyo 172"
[1] NA
[1] "BCG Tokyo 172"
[1] NA
[1] "BCG Tokyo 172"
[1] NA
[1] "BCG Tokyo 172"
[1] NA
[1] "BCG Tokyo 172"
[1] NA
[1] "BCG Tokyo 172"
[1] NA
[1] "BCG Tokyo 172"
[1] NA
[1] "BCG Tokyo 172"
[1] NA
[1] "BCG Tokyo 172"
[1] NA
[1] "BCG Tokyo 172"
[1] NA
[1] "BCG Tokyo 172"
[1] NA
[1] "BCG Tokyo 172"
[1] NA
