[1] "Signal"
[1] "Pseudomonas aeruginosa PA14"
[1] NA
[1] "Pseudomonas aeruginosa PA14"
[1] NA
[1] "Pseudomonas aeruginosa PA14"
[1] NA
[1] "Pseudomonas aeruginosa PA14"
[1] NA
[1] "Pseudomonas aeruginosa PA14"
[1] NA
[1] "Pseudomonas aeruginosa PA14"
[1] NA
[1] "Pseudomonas aeruginosa PA14"
[1] NA
[1] "Pseudomonas aeruginosa PA14"
[1] NA
[1] "Pseudomonas aeruginosa PA14"
[1] NA
[1] "Pseudomonas aeruginosa PA14"
[1] NA
[1] "Pseudomonas aeruginosa PA14"
[1] NA
[1] "Pseudomonas aeruginosa PA14"
[1] NA
[1] "Pseudomonas aeruginosa PA14"
[1] NA
[1] "Pseudomonas aeruginosa PA14"
[1] NA
[1] "Pseudomonas aeruginosa PA14"
[1] NA
[1] "Pseudomonas aeruginosa PA14"
[1] NA
[1] "Pseudomonas aeruginosa PA14"
[1] NA
[1] "Pseudomonas aeruginosa PA14"
[1] NA
