[1] "log2(QUERY/REF), i.e., the base 2 logarithm of the ratio of QUERY INTEGRATED_INTENSITY over REF_INTEGRATED_INTENSITY"
[1] "Newman (reference) total RNA extracted at midlog phase under aerobic growth condition"
[1] NA
[1] "Newman (reference) total RNA extracted at stationary phase under aerobic growth condition"
[1] NA
[1] "Newman yhcR knockout(query) total RNA extracted at midlog phase under aerobic growth condition"
[1] NA
[1] "Newman yhcR knockout(query) total RNA extracted at midlog phase under aerobic growth condition"
[1] NA
[1] "Newman (reference) total RNA extracted at midlog phase under anaerobic growth condition"
[1] NA
[1] "Newman (reference) total RNA extracted at stationary phase under anaerobic growth condition"
[1] NA
[1] "Newman (reference) total RNA extracted at log phase under anaerobic growth condition"
[1] NA
[1] "Newman (reference) total RNA extracted at log phase under anaerobic growth condition"
[1] NA
[1] "Newman (reference) total RNA extracted at stationary phase under anaerobic growth condition"
[1] NA
[1] "Newman (reference) total RNA extracted at stationary phase under anaerobic growth condition"
[1] NA
[1] "Newman yhcR knockout (query) total RNA extracted at midlog phase under anaerobic growth condition"
[1] NA
[1] "Staphylococcus aureus subsp.aureus strain Newman yhcR knockout"
[1] NA
[1] "Newman yhcR knockout (query) total RNA extracted at stationary phase under anaerobic growth condition"
[1] NA
[1] "Staphylococcus aureus subsp.aureus strain Newman yhcR knockout"
[1] NA
[1] "Newman yhcR knockout (query) total RNA extracted at log phase under anaerobic growth condition"
[1] NA
[1] "Newman yhcR knockout (query) total RNA extracted at log phase under anaerobic growth condition"
[1] NA
