[1] NA
[1] "DH5alpha"
[1] NA
[1] "DH5alpha"
[1] NA
[1] "DH5alpha"
[1] NA
[1] "DH5alpha"
[1] NA
[1] "DH5alpha"
[1] NA
[1] "DH5alpha"
[1] NA
[1] "DH5alpha"
[1] NA
[1] "DH5alpha"
[1] NA
[1] "DH5alpha"
[1] NA
[1] "DH5alpha"
[1] NA
[1] "DH5alpha"
[1] NA
[1] "DH5alpha"
[1] NA
[1] "DH5alpha"
[1] NA
[1] "DH5alpha"
[1] NA
[1] "DH5alpha"
[1] NA
[1] "DH5alpha"
[1] NA
[1] "DH5alpha"
[1] NA
[1] "DH5alpha"
[1] NA
[1] "DH5alpha"
[1] NA
[1] "DH5alpha"
[1] NA
[1] "DH5alpha"
[1] NA
[1] "DH5alpha"
[1] NA
[1] "DH5alpha"
[1] NA
[1] "DH5alpha"
[1] NA
[1] "DH5alpha"
[1] NA
[1] "DH5alpha"
[1] NA
[1] "DH5alpha"
[1] NA
[1] "DH5alpha"
[1] NA
