[1] NA
[1] "K-12 MG-1655"
[1] NA
[1] "K-12 MG-1655"
[1] NA
[1] "K-12 MG-1655"
[1] NA
[1] "K-12 MG-1655"
[1] NA
[1] "K-12 MG-1655"
[1] NA
[1] "K-12 MG-1655"
[1] NA
[1] "K-12 MG-1655"
[1] NA
[1] "K-12 MG-1655"
[1] NA
[1] "K-12 MG-1655"
[1] NA
[1] "K-12 MG-1655"
[1] NA
[1] "K-12 MG-1655"
[1] NA
[1] "K-12 MG-1655"
[1] NA
[1] "K-12 MG-1655"
[1] NA
[1] "K-12 MG-1655"
[1] NA
[1] "K-12 MG-1655"
[1] NA
[1] "K-12 MG-1655"
[1] NA
[1] "K-12 MG-1655"
[1] NA
[1] "K-12 MG-1655"
[1] NA
[1] "K-12 MG-1655"
[1] NA
[1] "K-12 MG-1655"
[1] NA
[1] "K-12 MG-1655"
[1] NA
[1] "K-12 MG-1655"
[1] NA
[1] "K-12 MG-1655"
[1] NA
[1] "K-12 MG-1655"
[1] NA
[1] "K-12 MG-1655"
[1] NA
[1] "K-12 MG-1655"
[1] NA
[1] "K-12 MG-1655"
[1] NA
[1] "K-12 MG-1655"
[1] NA
[1] "K-12 MG-1655"
[1] NA
[1] "K-12 MG-1655"
[1] NA
[1] "K-12 MG-1655"
[1] NA
[1] "K-12 MG-1655"
[1] NA
[1] "K-12 MG-1655"
[1] NA
