Setting options('download.file.method.GEOquery'='auto')
Setting options('GEOquery.inmemory.gpl'=FALSE)
Loading required package: Biobase
Loading required package: BiocGenerics

Attaching package: 'BiocGenerics'

The following objects are masked from 'package:stats':

    IQR, mad, sd, var, xtabs

The following objects are masked from 'package:base':

    anyDuplicated, aperm, append, as.data.frame, basename, cbind,
    colnames, dirname, do.call, duplicated, eval, evalq, Filter, Find,
    get, grep, grepl, intersect, is.unsorted, lapply, Map, mapply,
    match, mget, order, paste, pmax, pmax.int, pmin, pmin.int,
    Position, rank, rbind, Reduce, rownames, sapply, setdiff, table,
    tapply, union, unique, unsplit, which.max, which.min

Welcome to Bioconductor

    Vignettes contain introductory material; view with
    'browseVignettes()'. To cite Bioconductor, see
    'citation("Biobase")', and for packages 'citation("pkgname")'.


Attaching package: 'fs'

The following object is masked from 'package:BiocGenerics':

    path

Using locally cached version of GSE260478 found here:
C:\Users\Rafael\repos\personal\geo_data_analysis\data/GSE260478/GSE260478.soft.gz 
Reading file....
Parsing....
Found 103 entities...
GPL34257 (1 of 104 entities)
GSM8118011 (2 of 104 entities)
GSM8118012 (3 of 104 entities)
GSM8118013 (4 of 104 entities)
GSM8118014 (5 of 104 entities)
GSM8118015 (6 of 104 entities)
GSM8118016 (7 of 104 entities)
GSM8118017 (8 of 104 entities)
GSM8118018 (9 of 104 entities)
GSM8118019 (10 of 104 entities)
GSM8118020 (11 of 104 entities)
GSM8118021 (12 of 104 entities)
GSM8118022 (13 of 104 entities)
GSM8118023 (14 of 104 entities)
GSM8118024 (15 of 104 entities)
GSM8118025 (16 of 104 entities)
GSM8118026 (17 of 104 entities)
GSM8118027 (18 of 104 entities)
GSM8118028 (19 of 104 entities)
GSM8118029 (20 of 104 entities)
GSM8118030 (21 of 104 entities)
GSM8118031 (22 of 104 entities)
GSM8118032 (23 of 104 entities)
GSM8118033 (24 of 104 entities)
GSM8118034 (25 of 104 entities)
GSM8118035 (26 of 104 entities)
GSM8118036 (27 of 104 entities)
GSM8118037 (28 of 104 entities)
GSM8118038 (29 of 104 entities)
GSM8118039 (30 of 104 entities)
GSM8118040 (31 of 104 entities)
GSM8118041 (32 of 104 entities)
GSM8118042 (33 of 104 entities)
GSM8118043 (34 of 104 entities)
GSM8118044 (35 of 104 entities)
GSM8118045 (36 of 104 entities)
GSM8118046 (37 of 104 entities)
GSM8118047 (38 of 104 entities)
GSM8118048 (39 of 104 entities)
GSM8118049 (40 of 104 entities)
GSM8118050 (41 of 104 entities)
GSM8118051 (42 of 104 entities)
GSM8118052 (43 of 104 entities)
GSM8118053 (44 of 104 entities)
GSM8118054 (45 of 104 entities)
GSM8118055 (46 of 104 entities)
GSM8118056 (47 of 104 entities)
GSM8118057 (48 of 104 entities)
GSM8118058 (49 of 104 entities)
GSM8118059 (50 of 104 entities)
GSM8118060 (51 of 104 entities)
GSM8118061 (52 of 104 entities)
GSM8118062 (53 of 104 entities)
GSM8118063 (54 of 104 entities)
GSM8118064 (55 of 104 entities)
GSM8118065 (56 of 104 entities)
GSM8118066 (57 of 104 entities)
GSM8118067 (58 of 104 entities)
GSM8118068 (59 of 104 entities)
GSM8118069 (60 of 104 entities)
GSM8118070 (61 of 104 entities)
GSM8118071 (62 of 104 entities)
GSM8118072 (63 of 104 entities)
GSM8118073 (64 of 104 entities)
GSM8118074 (65 of 104 entities)
GSM8118075 (66 of 104 entities)
GSM8118076 (67 of 104 entities)
GSM8118077 (68 of 104 entities)
GSM8118078 (69 of 104 entities)
GSM8118079 (70 of 104 entities)
GSM8118080 (71 of 104 entities)
GSM8118081 (72 of 104 entities)
GSM8118082 (73 of 104 entities)
GSM8118083 (74 of 104 entities)
GSM8118084 (75 of 104 entities)
GSM8118085 (76 of 104 entities)
GSM8118086 (77 of 104 entities)
GSM8118087 (78 of 104 entities)
GSM8118088 (79 of 104 entities)
GSM8118089 (80 of 104 entities)
GSM8118090 (81 of 104 entities)
GSM8118091 (82 of 104 entities)
GSM8118092 (83 of 104 entities)
GSM8118093 (84 of 104 entities)
GSM8118094 (85 of 104 entities)
GSM8118095 (86 of 104 entities)
GSM8118096 (87 of 104 entities)
GSM8118097 (88 of 104 entities)
GSM8118098 (89 of 104 entities)
GSM8118099 (90 of 104 entities)
GSM8118100 (91 of 104 entities)
GSM8118101 (92 of 104 entities)
GSM8118102 (93 of 104 entities)
GSM8118103 (94 of 104 entities)
GSM8118104 (95 of 104 entities)
GSM8118105 (96 of 104 entities)
GSM8118106 (97 of 104 entities)
GSM8118107 (98 of 104 entities)
GSM8118108 (99 of 104 entities)
GSM8118109 (100 of 104 entities)
GSM8118110 (101 of 104 entities)
GSM8118111 (102 of 104 entities)
GSM8118112 (103 of 104 entities)
Error: invalid sample names; likely not time series
Execution halted
