[1] "Normalized log ratio"
[1] "E.coli IS5 deletion"
[1] NA
[1] "WT E.coli Motile strain"
[1] NA
[1] "WT E.coli Motile strain"
[1] NA
[1] "WT E.coli Motile strain"
[1] NA
[1] "Sample IS5 deletion"
[1] NA
[1] "Sample IS5 deletion"
[1] NA
[1] "WT E.coli Non Motile strain"
[1] NA
[1] "WT E.coli Non Motile strain"
[1] NA
[1] "WT E.coli Motile strain"
[1] NA
[1] "WT E.coli Motile strain"
[1] NA
[1] "WT E.coli Motile strain"
[1] NA
[1] "WT E.coli Motile strain"
[1] NA
[1] "WT E.coli Motile strain"
[1] NA
[1] "WT E.coli Non Motile strain"
[1] NA
[1] "WT E.coli Non Motile strain"
[1] NA
[1] "WT E.coli Non Motile strain"
[1] NA
