[1] "signal intensity"
[1] "Pseudomonas aeruginosa biofilm, grown in drip flow reactor 72hrs, no treatment"
[1] "72"
[1] "259200"
[1] "Pseudomonas aeruginosa biofilm, grown in drip flow reactor 72hrs, no treatment"
[1] "72"
[1] "259200"
[1] "Pseudomonas aeruginosa biofilm, grown in drip flow reactor 72hrs, no treatment"
[1] "72"
[1] "259200"
[1] "Pseudomonas aeruginosa biofilm, grown in drip flow reactor 84hrs, no treatment"
[1] "84"
[1] "302400"
[1] "Pseudomonas aeruginosa biofilm, grown in drip flow reactor 84hrs, no treatment"
[1] "84"
[1] "302400"
[1] "Pseudomonas aeruginosa biofilm, grown in drip flow reactor 84hrs, no treatment"
[1] "84"
[1] "302400"
[1] "0"     "0"     "0"     "43200" "43200" "43200"
 [1] "ID"                               "ORF"                             
 [3] "SPOT_ID"                          "Species Scientific Name"         
 [5] "Annotation Date"                  "Sequence Type"                   
 [7] "Sequence Source"                  "Target Description"              
 [9] "Representative Public ID"         "Gene Title"                      
[11] "Gene Symbol"                      "ENTREZ_GENE_ID"                  
[13] "RefSeq Transcript ID"             "Gene Ontology Biological Process"
[15] "Gene Ontology Cellular Component" "Gene Ontology Molecular Function"
[1] "gene symbol column not found. searching for ORF column..."
[1] "orf column not found: checking for '//' exeption..."
