[1] NA
[1] "K-12"
[1] NA
[1] "K-12"
[1] NA
[1] "K-12"
[1] NA
[1] "K-12"
[1] NA
[1] "K-12"
[1] NA
[1] "K-12"
[1] NA
[1] "K-12"
[1] NA
[1] "K-12"
[1] NA
[1] "K-12"
[1] NA
[1] "testis"
[1] NA
[1] "testis"
[1] NA
[1] "testis"
[1] NA
[1] "testis"
[1] NA
[1] "testis"
[1] NA
[1] "testis"
[1] NA
[1] "N cell line"
[1] NA
[1] "N cell line"
[1] NA
[1] "N cell line"
[1] NA
[1] "N cell line"
[1] NA
[1] "N cell line"
[1] NA
[1] "N cell line"
[1] NA
[1] "B cell line"
[1] NA
[1] "B cell line"
[1] NA
[1] "B cell line"
[1] NA
[1] "B cell line"
[1] NA
[1] "B cell line"
[1] NA
[1] "B cell line"
[1] NA
[1] "cells"
[1] NA
[1] "cells"
[1] NA
[1] "cells"
[1] NA
[1] "cells"
[1] NA
[1] "cells"
[1] NA
[1] "cells"
[1] NA
[1] "cells"
[1] NA
[1] "cells"
[1] NA
[1] "cells"
[1] NA
[1] "synthetic construct"
[1] NA
[1] "synthetic construct"
[1] NA
[1] "synthetic construct"
[1] NA
[1] "synthetic construct"
[1] NA
[1] "synthetic construct"
[1] NA
[1] "synthetic construct"
[1] NA
[1] "synthetic construct"
[1] NA
[1] "synthetic construct"
[1] NA
[1] "synthetic construct"
[1] NA
[1] "synthetic construct"
[1] NA
[1] "synthetic construct"
[1] NA
[1] "synthetic construct"
[1] NA
[1] "synthetic construct"
[1] NA
[1] "synthetic construct"
[1] NA
[1] "synthetic construct"
[1] NA
[1] "NIH/3T3"
[1] NA
[1] "NIH/3T3"
[1] NA
[1] "NIH/3T3"
[1] NA
[1] "NIH/3T3"
[1] NA
[1] "NIH/3T3"
[1] NA
[1] "NIH/3T3"
[1] NA
[1] "B104-1-1"
[1] NA
[1] "B104-1-1"
[1] NA
[1] "B104-1-1"
[1] NA
[1] "B104-1-1"
[1] NA
[1] "B104-1-1"
[1] NA
[1] "B104-1-1"
[1] NA
[1] "NIH/3T3"
[1] NA
[1] "NIH/3T3"
[1] NA
[1] "B104-1-1"
[1] NA
[1] "B104-1-1"
[1] NA
