[1] NA
[1] "S. aureus COL grown in the presence of methicillin and traeted with tunicamycin for 2 hrs"
[1] "2"
[1] "valid gsm... but no data in gsm data table! getting supplementary file (which may or may not contain the data) and writing to subfolder"
[1] "S. aureus COL grown in the presence of methicillin and traeted with tunicamycin for 2 hrs"
[1] "2"
[1] "valid gsm... but no data in gsm data table! getting supplementary file (which may or may not contain the data) and writing to subfolder"
[1] "S. aureus COL grown in the presence of methicillin and traeted with tunicamycin for 2 hrs"
[1] "2"
[1] "valid gsm... but no data in gsm data table! getting supplementary file (which may or may not contain the data) and writing to subfolder"
[1] "S. aureus COL grown in the presence of methicillin and traeted with tunicamycin for 2 hrs"
[1] "2"
[1] "valid gsm... but no data in gsm data table! getting supplementary file (which may or may not contain the data) and writing to subfolder"
[1] "S. aureus COL grown in the presence of 400ng/ml of tunicamycin"
[1] NA
[1] "S. aureus COL grown in the presence of 400ng/ml of tunicamycin"
[1] NA
[1] "S. aureus COL grown in the presence of 400ng/ml of tunicamycin"
[1] NA
[1] "S. aureus COL grown in the presence of 400ng/ml of tunicamycin"
[1] NA
