[1] "Data is RMA normalized and presented in the log2 form"
[1] "E. coli MG1655, M9 media with 4 g/L glucose, aerobic, log phase"
[1] NA
[1] "E. coli MG1655, M9 media with 4 g/L glucose, aerobic, log phase"
[1] NA
[1] "E. coli MG1655, M9 media with 4 g/L glucose, aerobic, log phase"
[1] NA
[1] "E. coli MG1655, M9 media with 4 g/L glucose, anaerobic, log phase"
[1] NA
[1] "E. coli MG1655, M9 media with 4 g/L glucose, anaerobic, log phase"
[1] NA
[1] "E. coli MG1655, M9 media with 4 g/L glucose, anaerobic, log phase"
[1] NA
[1] "Respiratory defecient E. coli mutant (ECOM4), M9 media with 4 g/L glucose, aerobic, log phase"
[1] NA
[1] "Respiratory defecient E. coli mutant (ECOM4), M9 media with 4 g/L glucose, aerobic, log phase"
[1] NA
[1] "Respiratory defecient E. coli mutant (ECOM4), M9 media with 4 g/L glucose, aerobic, log phase"
[1] NA
[1] "Respiratory defecient E. coli mutant (ECOM4), M9 media with 4 g/L glucose, aerobic, log phase"
[1] NA
[1] "Respiratory defecient E. coli mutant (ECOM4), M9 media with 4 g/L glucose, aerobic, log phase"
[1] NA
[1] "Respiratory defecient E. coli mutant (ECOM4), M9 media with 4 g/L glucose, aerobic, log phase"
[1] NA
