[1] NA
[1] "Glucose media optimized strain"
[1] NA
[1] "Glucose media optimized strain"
[1] NA
[1] "GMOS menF KO"
[1] NA
[1] "GMOS menF KO"
[1] NA
[1] "GMOS menF KO, adapted"
[1] NA
[1] "GMOS menF KO, adapted"
[1] NA
[1] "GMOS menF KO, adapted"
[1] NA
[1] "GMOS menF KO, adapted"
[1] NA
[1] "GMOS menF KO, adapted"
[1] NA
[1] "GMOS menF KO, adapted"
[1] NA
[1] "GMOS menF KO, adapted"
[1] NA
[1] "GMOS menF KO, adapted"
[1] NA
[1] "GMOS menF/ubiC KO"
[1] NA
[1] "GMOS menF/ubiC KO"
[1] NA
[1] "GMOS menF/ubiC KO adapted"
[1] NA
[1] "GMOS menF/ubiC KO adapted"
[1] NA
[1] "GMOS menF/ubiC KO adapted"
[1] NA
[1] "GMOS menF/ubiC KO adapted"
[1] NA
[1] "GMOS menF/ubiC KO adapted"
[1] NA
[1] "GMOS menF/ubiC KO adapted"
[1] NA
[1] "GMOS menF/ubiC KO adapted"
[1] NA
[1] "GMOS menF/ubiC KO adapted"
[1] NA
