[1] NA
[1] "NCM3722"
[1] NA
[1] "NQ1243"
[1] NA
[1] "NQ1243"
[1] NA
[1] "NQ1390"
[1] NA
[1] "NQ1390"
[1] NA
[1] "NCM3722"
[1] NA
[1] "NQ1243"
[1] NA
[1] "NQ1243"
[1] NA
[1] "NQ1390"
[1] NA
[1] "NQ1390"
[1] NA
[1] "NQ393"
[1] NA
[1] "NQ393"
[1] NA
[1] "NQ393"
[1] NA
[1] "NQ393"
[1] NA
[1] "NQ393"
[1] NA
[1] "NQ393"
[1] NA
[1] "NQ393"
[1] NA
[1] "NQ393"
[1] NA
[1] "NCM3722"
[1] NA
[1] "NCM3722"
[1] NA
[1] "NCM3722"
[1] NA
[1] "NCM3722"
[1] NA
[1] "NCM3722"
[1] NA
[1] "NCM3722"
[1] NA
[1] "NCM3722"
[1] NA
[1] "NCM3722"
[1] NA
[1] "NCM3722"
[1] NA
[1] "NCM3722"
[1] NA
[1] "NCM3722"
[1] NA
[1] "NCM3722"
[1] NA
[1] "NCM3722"
[1] NA
[1] "NCM3722"
[1] NA
[1] "NCM3722"
[1] NA
[1] "NCM3722"
[1] NA
[1] "NCM3722"
[1] NA
[1] "NCM3722"
[1] NA
[1] "NCM3722"
[1] NA
[1] "NQ1390"
[1] NA
[1] "NQ1390"
[1] NA
[1] "NQ1390"
[1] NA
[1] "NQ1390"
[1] NA
[1] "NQ1390"
[1] NA
[1] "NQ1390"
[1] NA
[1] "NQ1390"
[1] NA
[1] "NQ1390"
[1] NA
