[1] "normalised value"
[1] "Total RNA"
[1] NA
[1] "Total RNA"
[1] NA
[1] "Total RNA"
[1] NA
[1] "Total RNA"
[1] NA
[1] "Total RNA"
[1] NA
[1] "Total RNA"
[1] NA
[1] "Wild-type SeriesB"
[1] NA
[1] "Total RNA SeriesB"
[1] NA
[1] "Total RNA SeriesB"
[1] NA
[1] "Total RNA SeriesB"
[1] NA
[1] "Total RNA SeriesB"
[1] NA
[1] "Total RNA SeriesB"
[1] NA
[1] "Total RNA SeriesB"
[1] NA
[1] "Total RNA SeriesB"
[1] NA
[1] "Total RNA SeriesB"
[1] NA
[1] "Total RNA SeriesB"
[1] NA
[1] "Total RNA SeriesB"
[1] NA
[1] "Total RNA SeriesB"
[1] NA
[1] "Total RNA SeriesB"
[1] NA
[1] "Total RNA SeriesB"
[1] NA
[1] "Total RNA SeriesB"
[1] NA
[1] "Total RNA SeriesB"
[1] NA
[1] "Total RNA SeriesB"
[1] NA
[1] "Total RNA SeriesB"
[1] NA
[1] "Total RNA SeriesB"
[1] NA
[1] "Total RNA SeriesB"
[1] NA
[1] "Total RNA SeriesB"
[1] NA
[1] "Total RNA SeriesB"
[1] NA
[1] "Total RNA SeriesB"
[1] NA
[1] "Total RNA SeriesB"
[1] NA
[1] "Total RNA SeriesB"
[1] NA
[1] "Total RNA SeriesB"
[1] NA
[1] "Total RNA SeriesB"
[1] NA
[1] "Total RNA SeriesB"
[1] NA
[1] "Total RNA SeriesB"
[1] NA
[1] "Total RNA SeriesB"
[1] NA
[1] "Total RNA SeriesB"
[1] NA
[1] "Total RNA SeriesB"
[1] NA
[1] "Total RNA SeriesB"
[1] NA
