[1] NA
[1] "liquid cell culture"
[1] NA
[1] "liquid cell culture"
[1] NA
[1] "liquid cell culture"
[1] NA
[1] "liquid cell culture"
[1] NA
[1] "liquid cell culture"
[1] NA
[1] "liquid cell culture"
[1] NA
[1] "liquid cell culture"
[1] NA
[1] "liquid cell culture"
[1] NA
[1] "liquid cell culture"
[1] NA
[1] "liquid cell culture"
[1] NA
[1] "liquid cell culture"
[1] NA
[1] "liquid cell culture"
[1] NA
[1] "liquid cell culture"
[1] NA
[1] "liquid cell culture"
[1] NA
[1] "liquid cell culture"
[1] NA
[1] "liquid cell culture"
[1] NA
[1] "liquid cell culture"
[1] NA
[1] "liquid cell culture"
[1] NA
[1] "liquid cell culture"
[1] NA
[1] "liquid cell culture"
[1] NA
[1] "liquid cell culture"
[1] NA
[1] "liquid cell culture"
[1] NA
[1] "liquid cell culture"
[1] NA
[1] "liquid cell culture"
[1] NA
[1] "liquid cell culture"
[1] NA
[1] "liquid cell culture"
[1] NA
[1] "liquid cell culture"
[1] NA
[1] "liquid cell culture"
[1] NA
[1] "liquid cell culture"
[1] NA
[1] "liquid cell culture"
[1] NA
[1] "liquid cell culture"
[1] NA
[1] "liquid cell culture"
[1] NA
[1] "adherent cell culture"
[1] NA
[1] "adherent cell culture"
[1] NA
[1] "adherent cell culture"
[1] NA
[1] "adherent cell culture"
[1] NA
[1] "adherent cell culture"
[1] NA
[1] "adherent cell culture"
[1] NA
[1] "adherent cell culture"
[1] NA
[1] "adherent cell culture"
[1] NA
[1] "adherent cell culture"
[1] NA
[1] "adherent cell culture"
[1] NA
[1] "adherent cell culture"
[1] NA
[1] "adherent cell culture"
[1] NA
[1] "adherent cell culture"
[1] NA
[1] "adherent cell culture"
[1] NA
[1] "adherent cell culture"
[1] NA
[1] "adherent cell culture"
[1] NA
[1] "adherent cell culture"
[1] NA
[1] "adherent cell culture"
[1] NA
[1] "adherent cell culture"
[1] NA
[1] "adherent cell culture"
[1] NA
[1] "adherent cell culture"
[1] NA
[1] "adherent cell culture"
[1] NA
[1] "adherent cell culture"
[1] NA
[1] "adherent cell culture"
[1] NA
[1] "adherent cell culture"
[1] NA
[1] "adherent cell culture"
[1] NA
[1] "adherent cell culture"
[1] NA
[1] "adherent cell culture"
[1] NA
[1] "adherent cell culture"
[1] NA
[1] "adherent cell culture"
[1] NA
[1] "adherent cell culture"
[1] NA
[1] "adherent cell culture"
[1] NA
[1] "adherent cell culture"
[1] NA
[1] "adherent cell culture"
[1] NA
[1] "adherent cell culture"
[1] NA
[1] "adherent cell culture"
[1] NA
[1] "adherent cell culture"
[1] NA
[1] "adherent cell culture"
[1] NA
[1] "adherent cell culture"
[1] NA
[1] "adherent cell culture"
[1] NA
[1] "adherent cell culture"
[1] NA
