[1] NA
[1] "PAO1 grown in 100% CAA medium low iron_replicate 1"
[1] NA
[1] "PAO1 grown in 100% CAA medium low iron_replicate 2"
[1] NA
[1] "PAO1 grown in 100% CAA medium low iron_replicate 3"
[1] NA
[1] "PAO1 grown in 70% CAA medium and 30% PAO1 supernatant low iron_replicate 1"
[1] NA
[1] "PAO1 grown in 70% CAA medium and 30% PAO1 supernatant low iron_replicate 2"
[1] NA
[1] "PAO1 grown in 70% CAA medium and 30% PAO1 supernatant low iron_replicate 3"
[1] NA
[1] "PAO1 grown in 70% CAA medium and 30% Burkholderia cenocepacia H111 supernatant low iron_replicate 1"
[1] NA
[1] "PAO1 grown in 70% CAA medium and 30% Burkholderia cenocepacia H111 supernatant low iron_replicate 2"
[1] NA
[1] "PAO1 grown in 70% CAA medium and 30% Burkholderia cenocepacia H111 supernatant low iron_replicate 3"
[1] NA
[1] "PAO1 grown in 100% CAA medium high iron_replicate 1"
[1] NA
[1] "PAO1 grown in 100% CAA medium high iron_replicate 2"
[1] NA
[1] "PAO1 grown in 100% CAA medium high iron_replicate 3"
[1] NA
[1] "PAO1 grown in 70% CAA medium and 30% PAO1 supernatant high iron_replicate 1"
[1] NA
[1] "PAO1 grown in 70% CAA medium and 30% PAO1 supernatant high iron_replicate 2"
[1] NA
[1] "PAO1 grown in 70% CAA medium and 30% PAO1 supernatant high iron_replicate 3"
[1] NA
[1] "PAO1 grown in 70% CAA medium and 30% Burkholderia cenocepacia H111 supernatant high iron_replicate 1"
[1] NA
[1] "PAO1 grown in 70% CAA medium and 30% Burkholderia cenocepacia H111 supernatant high iron_replicate 2"
[1] NA
[1] "PAO1 grown in 70% CAA medium and 30% Burkholderia cenocepacia H111 supernatant high iron_replicate 3"
[1] NA
