[1] NA
[1] "late exponential phase"
[1] NA
[1] "late exponential phase"
[1] NA
[1] "late exponential phase"
[1] NA
[1] "late exponential phase"
[1] NA
[1] "late exponential phase"
[1] NA
[1] "late exponential phase"
[1] NA
[1] "late exponential phase"
[1] NA
[1] "late exponential phase"
[1] NA
[1] "late exponential phase"
[1] NA
[1] "late exponential phase"
[1] NA
[1] "late exponential phase"
[1] NA
[1] "late exponential phase"
[1] NA
[1] "late exponential phase"
[1] NA
[1] "late exponential phase"
[1] NA
[1] "late exponential phase"
[1] NA
[1] "late exponential phase"
[1] NA
[1] "late exponential phase"
[1] NA
[1] "late exponential phase"
[1] NA
[1] "late exponential phase"
[1] NA
[1] "late exponential phase"
[1] NA
[1] "late exponential phase"
[1] NA
[1] "late exponential phase"
[1] NA
[1] "late exponential phase"
[1] NA
[1] "late exponential phase"
[1] NA
