[1] "Normalized log2 ratio of (mixed-species biofilm/pure mono-species biofilm)"
[1] "sorted E. coli cells from mono-species biofilms 1"
[1] NA
[1] "sorted E. coli cells from mono-species biofilms 1"
[1] NA
[1] "sorted E. coli cells from mono-species biofilms 1"
[1] NA
[1] "sorted E. coli cells from mono-species biofilms 2"
[1] NA
[1] "sorted E. coli cells from mono-species biofilms 2"
[1] NA
[1] "sorted E. coli cells from mono-species pure planktonic culture 1"
[1] NA
[1] "sorted E. coli cells from mono-species pure planktonic culture 1"
[1] NA
[1] "sorted E. coli cells from mono-species pure planktonic culture 2"
[1] NA
[1] "sorted E. coli cells from mono-species pure planktonic culture 2"
[1] NA
[1] "E. coli cells from biofilm 1"
[1] NA
[1] "E. coli cells from biofilm 1"
[1] NA
[1] "E. coli cells from biofilm 2"
[1] NA
[1] "E. coli cells from biofilm 2"
[1] NA
