[1] "MAS 5.0 Detection p-value, MAS 5.0 signals not used in this study"
[1] "Escherichia coli, overnight growth"
[1] NA
[1] "Escherichia coli, overnight growth"
[1] NA
[1] "Escherichia coli, overnight growth"
[1] NA
[1] "Escherichia coli, overnight growth"
[1] NA
[1] "Escherichia coli, overnight growth"
[1] NA
[1] "Escherichia coli, overnight growth"
[1] NA
[1] "Escherichia coli, overnight growth"
[1] NA
[1] "Escherichia coli, overnight growth"
[1] NA
[1] "Escherichia coli, overnight growth"
[1] NA
[1] "Escherichia coli, overnight growth"
[1] NA
[1] "Escherichia coli, overnight growth"
[1] NA
[1] "Escherichia coli, overnight growth"
[1] NA
[1] "Escherichia coli, overnight growth"
[1] NA
[1] "Escherichia coli, overnight growth"
[1] NA
[1] "Escherichia coli, overnight growth"
[1] NA
[1] "Escherichia coli, overnight growth"
[1] NA
[1] "Escherichia coli, overnight growth"
[1] NA
[1] "Escherichia coli, overnight growth"
[1] NA
[1] "Escherichia coli, overnight growth"
[1] NA
[1] "Escherichia coli, overnight growth"
[1] NA
[1] "Escherichia coli, overnight growth"
[1] NA
[1] "Escherichia coli, overnight growth"
[1] NA
[1] "Escherichia coli, overnight growth"
[1] NA
[1] "Escherichia coli, overnight growth"
[1] NA
[1] "Escherichia coli, overnight growth"
[1] NA
[1] "Escherichia coli, overnight growth"
[1] NA
[1] "Shigella dysentaeriae, overnight growth"
[1] NA
[1] "Shigella flexneri, overnight growth"
[1] NA
[1] "Shigella sonneii, overnight growth"
[1] NA
[1] "Shigella boydii, overnight growth"
[1] NA
