[1] NA
[1] "Escherichia coli"
[1] NA
[1] "Escherichia coli"
[1] NA
[1] "Escherichia coli"
[1] NA
[1] "Haloferax mediterranei"
[1] NA
[1] "Haloferax mediterranei"
[1] NA
[1] "Haloferax mediterranei"
[1] NA
[1] "Dictyostelium discoideum"
[1] NA
[1] "Dictyostelium discoideum"
[1] NA
[1] "Capsaspora owczarzaki"
[1] NA
[1] "Capsaspora owczarzaki"
[1] NA
[1] "Sphaeroforma arctica"
[1] NA
[1] "Sphaeroforma arctica"
[1] NA
[1] "Creolimax fragrantissima"
[1] NA
[1] "Nematostella vectensis"
[1] NA
[1] "Nematostella vectensis"
[1] NA
[1] "Daphnia pulex"
[1] NA
[1] "Daphnia pulex"
[1] NA
[1] "Dryas iulia"
[1] NA
[1] "Dryas iulia"
[1] NA
[1] "Strongylocentrotus purpuratus"
[1] NA
[1] "Perkinsus marinus"
[1] NA
[1] "Perkinsus marinus"
[1] NA
[1] "Mouse mESCs"
[1] NA
[1] "Mouse mESCs"
[1] NA
[1] "Mouse mESCs"
[1] NA
[1] "Mouse mESCs"
[1] NA
[1] "Mouse mESCs"
[1] NA
[1] "Mouse mESCs"
[1] NA
[1] "Mouse mESCs"
[1] NA
[1] "Mouse mESCs"
[1] NA
[1] "Mouse mESCs"
[1] NA
[1] "Mouse mESCs"
[1] NA
[1] "Mouse mESCs"
[1] NA
[1] "Mouse mESCs"
[1] NA
[1] "Mouse mESCs"
[1] NA
[1] "Mouse mESCs"
[1] NA
[1] "Mouse mESCs"
[1] NA
[1] "Mouse mESCs"
[1] NA
[1] "Mouse mESCs"
[1] NA
[1] "Mouse mESCs"
[1] NA
[1] "Mouse mESCs"
[1] NA
[1] "Mouse mESCs"
[1] NA
[1] "Mouse mESCs"
[1] NA
[1] "Mouse mESCs"
[1] NA
[1] "Mouse mESCs"
[1] NA
[1] "Mouse mESCs"
[1] NA
