Setting options('download.file.method.GEOquery'='auto')
Setting options('GEOquery.inmemory.gpl'=FALSE)
Loading required package: Biobase
Loading required package: BiocGenerics

Attaching package: 'BiocGenerics'

The following objects are masked from 'package:stats':

    IQR, mad, sd, var, xtabs

The following objects are masked from 'package:base':

    anyDuplicated, aperm, append, as.data.frame, basename, cbind,
    colnames, dirname, do.call, duplicated, eval, evalq, Filter, Find,
    get, grep, grepl, intersect, is.unsorted, lapply, Map, mapply,
    match, mget, order, paste, pmax, pmax.int, pmin, pmin.int,
    Position, rank, rbind, Reduce, rownames, sapply, setdiff, table,
    tapply, union, unique, unsplit, which.max, which.min

Welcome to Bioconductor

    Vignettes contain introductory material; view with
    'browseVignettes()'. To cite Bioconductor, see
    'citation("Biobase")', and for packages 'citation("pkgname")'.


Attaching package: 'fs'

The following object is masked from 'package:BiocGenerics':

    path

Using locally cached version of GSE28630 found here:
C:\Users\Rafael\repos\personal\geo_data_analysis\data/GSE28630/GSE28630.soft.gz 
Reading file....
Parsing....
Found 9 entities...
GPL13359 (1 of 10 entities)
GSM709412 (2 of 10 entities)
GSM709533 (3 of 10 entities)
GSM709568 (4 of 10 entities)
GSM709578 (5 of 10 entities)
GSM709579 (6 of 10 entities)
GSM709580 (7 of 10 entities)
GSM709599 (8 of 10 entities)
GSM709600 (9 of 10 entities)
Error: all time values are the same
Execution halted
