[1] NA
[1] "Comp1-Rep4 aerobic"
[1] NA
[1] "Mut1-Rep1 aerobic"
[1] NA
[1] "WT-Rep3 aerobic"
[1] NA
[1] "WT-Rep2 aerobic"
[1] NA
[1] "Comp1-Rep2 aerobic"
[1] NA
[1] "Comp1-Rep3 hypoxic"
[1] NA
[1] "Comp1-Rep4 hypoxic"
[1] NA
[1] "H37Rv (WT)"
[1] NA
[1] "Mut1-Rep2 aerobic"
[1] NA
[1] "Mut1-Rep3 hypoxic"
[1] NA
[1] "Mut1-Rep4 aerobic"
[1] NA
[1] "Mut1-Rep4 hypoxic"
[1] NA
[1] "WT-Rep1 aerobic"
[1] NA
[1] "WT-Rep2 hypoxic"
[1] NA
[1] "Mut1-Rep2 hypoxic"
[1] NA
[1] "WT-Rep1 hypoxic"
[1] NA
[1] "WT-Rep2 aerobic"
[1] NA
