[1] "Mean fluorescence intensity (MFI) across all spot replicates"
[1] "murine antiserum"
[1] NA
[1] "murine antiserum"
[1] NA
[1] "murine antiserum"
[1] NA
[1] "murine antiserum"
[1] NA
[1] "murine antiserum"
[1] NA
[1] "murine antiserum"
[1] NA
[1] "murine antiserum"
[1] NA
[1] "murine antiserum"
[1] NA
[1] "murine antiserum"
[1] NA
[1] "murine antiserum"
[1] NA
[1] "murine antiserum"
[1] NA
[1] "murine antiserum"
[1] NA
[1] "murine antiserum"
[1] NA
[1] "murine antiserum"
[1] NA
[1] "murine antiserum"
[1] NA
[1] "murine antiserum"
[1] NA
[1] "murine antiserum"
[1] NA
[1] "murine antiserum"
[1] NA
[1] "murine antiserum"
[1] NA
[1] "Dilution buffer"
[1] NA
[1] "murine antiserum"
[1] NA
[1] "murine antiserum"
[1] NA
[1] "murine antiserum"
[1] NA
[1] "murine antiserum"
[1] NA
[1] "murine antiserum"
[1] NA
[1] "murine antiserum"
[1] NA
[1] "murine antiserum"
[1] NA
[1] "murine antiserum"
[1] NA
[1] "murine antiserum"
[1] NA
[1] "murine antiserum"
[1] NA
[1] "murine antiserum"
[1] NA
[1] "murine antiserum"
[1] NA
[1] "murine antiserum"
[1] NA
[1] "murine antiserum"
[1] NA
[1] "murine antiserum"
[1] NA
[1] "murine antiserum"
[1] NA
[1] "murine antiserum"
[1] NA
[1] "murine antiserum"
[1] NA
[1] "murine antiserum"
[1] NA
[1] "Dilution buffer"
[1] NA
[1] "Human antiserum"
[1] NA
[1] "Human antiserum"
[1] NA
[1] "Human antiserum"
[1] NA
[1] "Human antiserum"
[1] NA
[1] "Human antiserum"
[1] NA
[1] "Human antiserum"
[1] NA
[1] "Human antiserum"
[1] NA
[1] "Human antiserum"
[1] NA
[1] "Human antiserum"
[1] NA
[1] "Human antiserum"
[1] NA
[1] "Human antiserum"
[1] NA
[1] "Human antiserum"
[1] NA
[1] "Human antiserum"
[1] NA
[1] "Human antiserum"
[1] NA
[1] "Human antiserum"
[1] NA
[1] "Human antiserum"
[1] NA
[1] "Human antiserum"
[1] NA
[1] "Human antiserum"
[1] NA
[1] "Human antiserum"
[1] NA
[1] "Human antiserum"
[1] NA
[1] "Human antiserum"
[1] NA
[1] "Human antiserum"
[1] NA
[1] "Human antiserum"
[1] NA
[1] "Human antiserum"
[1] NA
[1] "Human antiserum"
[1] NA
[1] "Human antiserum"
[1] NA
[1] "Human antiserum"
[1] NA
[1] "Human antiserum"
[1] NA
[1] "Human antiserum"
[1] NA
[1] "Dilution buffer"
[1] NA
[1] "Human antiserum"
[1] NA
[1] "Human antiserum"
[1] NA
[1] "Human antiserum"
[1] NA
[1] "Human antiserum"
[1] NA
[1] "Human antiserum"
[1] NA
[1] "Human antiserum"
[1] NA
[1] "Human antiserum"
[1] NA
[1] "Human antiserum"
[1] NA
[1] "Human antiserum"
[1] NA
[1] "Human antiserum"
[1] NA
[1] "Human antiserum"
[1] NA
[1] "Human antiserum"
[1] NA
[1] "Human antiserum"
[1] NA
[1] "Human antiserum"
[1] NA
[1] "Human antiserum"
[1] NA
[1] "Human antiserum"
[1] NA
[1] "Human antiserum"
[1] NA
[1] "Human antiserum"
[1] NA
[1] "Human antiserum"
[1] NA
[1] "Human antiserum"
[1] NA
[1] "Human antiserum"
[1] NA
[1] "Human antiserum"
[1] NA
[1] "Human antiserum"
[1] NA
[1] "Human antiserum"
[1] NA
[1] "Human antiserum"
[1] NA
[1] "Human antiserum"
[1] NA
[1] "Human antiserum"
[1] NA
[1] "Human antiserum"
[1] NA
[1] "Human antiserum"
[1] NA
[1] "Human antiserum"
[1] NA
[1] "Human antiserum"
[1] NA
[1] "Dilution buffer"
[1] NA
[1] "Murine antiserum"
[1] NA
[1] "Murine antiserum"
[1] NA
[1] "Murine antiserum"
[1] NA
[1] "Murine antiserum"
[1] NA
[1] "Murine antiserum"
[1] NA
[1] "Murine antiserum"
[1] NA
[1] "MRL/lpr positive control"
[1] NA
[1] "Murine antiserum"
[1] NA
[1] "Murine antiserum"
[1] NA
[1] "Murine antiserum"
[1] NA
[1] "Murine antiserum"
[1] NA
[1] "Murine antiserum"
[1] NA
[1] "Murine antiserum"
[1] NA
[1] "MRL/lpr positive control"
[1] NA
[1] "negative control"
[1] NA
[1] "negative control"
[1] NA
