[1] "Lowess normalized log2 intensity ratios (treatment/control) minus bad spots.  Signal calculated by SAM (TM4 Software, JCVI)."
[1] "ATCC29213"
[1] NA
[1] "ATCC29213"
[1] NA
[1] "ATCC29213"
[1] NA
[1] "ATCC29213"
[1] NA
[1] "ATCC29213"
[1] NA
[1] "ATCC29213"
[1] NA
[1] "ATCC29213"
[1] NA
[1] "ATCC29213"
[1] NA
[1] "ATCC29213"
[1] NA
[1] "ATCC29213"
[1] NA
[1] "ATCC29213"
[1] NA
[1] "ATCC29213"
[1] NA
[1] "ATCC29213"
[1] NA
[1] "ATCC29213"
[1] NA
[1] "ATCC29213"
[1] NA
[1] "ATCC29213"
[1] NA
[1] "ATCC29213"
[1] NA
