[1] "Log (base 2) of the ratio of the median of Channel 2 (usually 635 nm) to Channel 1 (usually 532 nm) [log (base 2) (RAT2N MEDIAN)].; Type: float; Scale: log_base_2"
[1] "300p-1 2A-S"
[1] NA
[1] "300p-2 2A-S"
[1] NA
[1] "300p-3 2A-S"
[1] NA
[1] "300p-4 2A-S"
[1] NA
[1] "300p-17 2C-S"
[1] NA
[1] "300p-5 2A-S"
[1] NA
[1] "300p-18 2C-S"
[1] NA
[1] "300p-6 2A-S"
[1] NA
[1] "300p-1 2C-S"
[1] NA
[1] "300p-7 2A-S"
[1] NA
[1] "300p-2 2C-S"
[1] NA
[1] "300p-8 2A-S"
[1] NA
[1] "300p-3 2C-S"
[1] NA
[1] "300p-20 2C-S"
[1] NA
[1] "300p-4 2C-S"
[1] NA
[1] "300p-18r 2C-S"
[1] NA
[1] "300p-5 2C-S"
[1] NA
[1] "300p-19r 2C-S"
[1] NA
[1] "300p-6 2C-S"
[1] NA
[1] "300p-11 2A-S"
[1] NA
[1] "300p-12 2A-S"
[1] NA
[1] "300p-13 2A-S"
[1] NA
[1] "300p-14 2A-S"
[1] NA
[1] "300p-15 2A-S"
[1] NA
[1] "300p-16 2A-S"
[1] NA
[1] "300p-17 2A-S"
[1] NA
[1] "300p-18 2A-S"
[1] NA
[1] "300p-19 2A-S"
[1] NA
[1] "300p-9 2A-S"
[1] NA
[1] "300p-10 2A-S"
[1] NA
[1] "300p-7 2C-S"
[1] NA
[1] "300p-8 2C-S"
[1] NA
[1] "300p-9 2C-S"
[1] NA
[1] "300p-10 2C-S"
[1] NA
[1] "300p-11 2C-S"
[1] NA
[1] "300p-12 2C-S"
[1] NA
[1] "300p-13 2C-S"
[1] NA
[1] "300p-14 2C-S"
[1] NA
[1] "300p-15 2C-S"
[1] NA
[1] "300p-16 2C-S"
[1] NA
[1] "mots, porB, rdxA, S,CEKG2A"
[1] NA
[1] "mots, porB, rdxA, S,CEKG2C"
[1] NA
[1] "300p-20 2A-S"
[1] NA
