[1] "Mean fluorescence intensity (MFI) across all spot replicates"
[1] "murine antiserum"
[1] NA
[1] "murine antiserum"
[1] NA
[1] "murine antiserum"
[1] NA
[1] "murine antiserum"
[1] NA
[1] "murine antiserum"
[1] NA
[1] "murine antiserum"
[1] NA
[1] "murine antiserum"
[1] NA
[1] "murine antiserum"
[1] NA
[1] "murine antiserum"
[1] NA
[1] "murine antiserum"
[1] NA
[1] "murine antiserum"
[1] NA
[1] "murine antiserum"
[1] NA
[1] "murine antiserum"
[1] NA
[1] "murine antiserum"
[1] NA
[1] "murine antiserum"
[1] NA
[1] "murine antiserum"
[1] NA
[1] "murine antiserum"
[1] NA
[1] "murine antiserum"
[1] NA
[1] "murine antiserum"
[1] NA
[1] "Dilution buffer"
[1] NA
[1] "murine antiserum"
[1] NA
[1] "murine antiserum"
[1] NA
[1] "murine antiserum"
[1] NA
[1] "murine antiserum"
[1] NA
[1] "murine antiserum"
[1] NA
[1] "murine antiserum"
[1] NA
[1] "murine antiserum"
[1] NA
[1] "murine antiserum"
[1] NA
[1] "murine antiserum"
[1] NA
[1] "murine antiserum"
[1] NA
[1] "murine antiserum"
[1] NA
[1] "murine antiserum"
[1] NA
[1] "murine antiserum"
[1] NA
[1] "murine antiserum"
[1] NA
[1] "murine antiserum"
[1] NA
[1] "murine antiserum"
[1] NA
[1] "murine antiserum"
[1] NA
[1] "murine antiserum"
[1] NA
[1] "murine antiserum"
[1] NA
[1] "Dilution buffer"
[1] NA
