[1] "Bluefuse™ analysis software-computed normalised to global median using Cy3 signal intensity, replicate data points fused on median and name."
[1] "In vitro grown bacterial cell culture"
[1] NA
[1] "In vitro grown bacterial cell culture"
[1] NA
[1] "In vitro grown bacterial cell culture"
[1] NA
[1] "In vitro grown bacterial cell culture"
[1] NA
[1] "In vitro grown bacterial cell culture"
[1] NA
[1] "In vitro grown bacterial cell culture"
[1] NA
[1] "In vitro grown bacterial cell culture"
[1] NA
[1] "In vitro grown bacterial cell culture"
[1] NA
[1] "In vitro grown bacterial cell culture"
[1] NA
[1] "In vitro grown bacterial cell culture"
[1] NA
[1] "In vitro grown bacterial cell culture"
[1] NA
[1] "In vitro grown bacterial cell culture"
[1] NA
[1] "In vitro grown bacterial cell culture"
[1] NA
[1] "In vitro grown bacterial cell culture"
[1] NA
[1] "In vitro grown bacterial cell culture"
[1] NA
[1] "In vitro grown bacterial cell culture"
[1] NA
[1] "In vitro grown bacterial cell culture"
[1] NA
[1] "In vitro grown bacterial cell culture"
[1] NA
[1] "In vitro grown bacterial cell culture"
[1] NA
[1] "In vitro grown bacterial cell culture"
[1] NA
[1] "In vitro grown bacterial cell culture"
[1] NA
[1] "In vitro grown bacterial cell culture"
[1] NA
[1] "In vitro grown bacterial cell culture"
[1] NA
[1] "In vitro grown bacterial cell culture"
[1] NA
[1] "In vitro grown bacterial cell culture"
[1] NA
[1] "In vitro grown bacterial cell culture"
[1] NA
[1] "In vitro grown bacterial cell culture"
[1] NA
[1] "In vitro grown bacterial cell culture"
[1] NA
[1] "In vitro grown bacterial cell culture"
[1] NA
[1] "In vitro grown bacterial cell culture"
[1] NA
[1] "In vitro grown bacterial cell culture"
[1] NA
[1] "Patient 1 Cerebrospinal fluid Sample"
[1] NA
[1] "Patient 1 Cerebrospinal fluid Sample"
[1] NA
[1] "Patient 2 Cerebrospinal fluid Sample"
[1] NA
[1] "Patient 2 Cerebrospinal fluid Sample"
[1] NA
[1] "Patient 3 Cerebrospinal fluid Sample"
[1] NA
[1] "Patient 3 Cerebrospinal fluid Sample"
[1] NA
[1] "Patient 4 Cerebrospinal fluid Sample"
[1] NA
[1] "Patient 4 Cerebrospinal fluid Sample"
[1] NA
[1] "Patient 5 Cerebrospinal fluid Sample"
[1] NA
[1] "Patient 5 Cerebrospinal fluid Sample"
[1] NA
[1] "Patient 6 Cerebrospinal fluid Sample"
[1] NA
[1] "Patient 6 Cerebrospinal fluid Sample"
[1] NA
[1] "Patient 7 Cerebrospinal fluid Sample"
[1] NA
[1] "Patient 7 Cerebrospinal fluid Sample"
[1] NA
[1] "Buffer only control"
[1] NA
[1] "Human donor 1 whole blood"
[1] NA
[1] "Human donor 2 whole blood"
[1] NA
[1] "Patient 1 Cerebrospinal fluid Sample"
[1] NA
[1] "Patient 1 Cerebrospinal fluid Sample"
[1] NA
[1] "Patient 2 Cerebrospinal fluid Sample"
[1] NA
[1] "Patient 2 Cerebrospinal fluid Sample"
[1] NA
[1] "Patient 3 Cerebrospinal fluid Sample"
[1] NA
[1] "Patient 3 Cerebrospinal fluid Sample"
[1] NA
[1] "Patient 4 Cerebrospinal fluid Sample"
[1] NA
[1] "Patient 4 Cerebrospinal fluid Sample"
[1] NA
[1] "Patient 5 Cerebrospinal fluid Sample"
[1] NA
[1] "Patient 5 Cerebrospinal fluid Sample"
[1] NA
[1] "Patient 6 Cerebrospinal fluid Sample"
[1] NA
[1] "Patient 6 Cerebrospinal fluid Sample"
[1] NA
[1] "Patient 7 Cerebrospinal fluid Sample"
[1] NA
[1] "Patient 7 Cerebrospinal fluid Sample"
[1] NA
[1] "Buffer only control"
[1] NA
[1] "Human donor 1 whole blood"
[1] NA
[1] "In vitro grown bacterial cell culture"
[1] NA
[1] "In vitro grown bacterial cell culture"
[1] NA
[1] "In vitro grown bacterial cell culture"
[1] NA
[1] "In vitro grown bacterial cell culture"
[1] NA
