[1] "log2(mutant/wild-type) which corresponds to log2(ch1/ch2)"
[1] "dnaJ mutant in Gln media"
[1] NA
[1] "Irp mutant in Gln media"
[1] NA
[1] "hfq mutant in Gln media"
[1] NA
[1] "cysQ mutantin Gln media"
[1] NA
[1] "dnaJ mutant in Ala media"
[1] NA
[1] "Irp mutant in Ala media"
[1] NA
[1] "hfq mutant in Ala media"
[1] NA
[1] "cysQ mutantin Ala media"
[1] NA
[1] "dnaJ mutant in Gln media"
[1] NA
[1] "gcvT mutant in Gln media"
[1] NA
[1] "cpxA mutant in Gln media"
[1] NA
[1] "pgi mutantin Gln media"
[1] NA
[1] "dnaJ mutant in Ala media"
[1] NA
[1] "gcvT mutant in Ala media"
[1] NA
[1] "cpxA mutant in Ala media"
[1] NA
[1] "pgi mutantin Ala media"
[1] NA
