[1] "log2 ratio of normalized data of test (Ch 1) to reference (Ch 2)."
[1] "anaerobic growth with nitrate until mid-log"
[1] NA
[1] "anaerobic growth with nitrate until mid-log"
[1] NA
[1] "anaerobic growth with nitrate until mid-log"
[1] NA
[1] "anaerobic growth with pyruvate until mid-log"
[1] NA
[1] "anaerobic growth with pyruvate until mid-log"
[1] NA
[1] "anaerobic growth with pyruvate until mid-log"
[1] NA
[1] "anaerobic growth with pyruvate, treated with NO"
[1] NA
[1] "anaerobic growth with pyruvate, treated with NO"
[1] NA
[1] "anaerobic growth with pyruvate, treated with NO"
[1] NA
[1] "anaerobic growth with nitrate until mid-log"
[1] NA
[1] "anaerobic growth with nitrate until mid-log"
[1] NA
[1] "anaerobic growth with nitrate until mid-log"
[1] NA
[1] "anaerobic growth with pyruvate until mid-log"
[1] NA
[1] "anaerobic growth with pyruvate until mid-log"
[1] NA
[1] "anaerobic growth with pyruvate until mid-log"
[1] NA
[1] "anaerobic growth with pyruvate, treated with NO"
[1] NA
[1] "anaerobic growth with pyruvate, treated with NO"
[1] NA
[1] "anaerobic growth with pyruvate, treated with NO"
[1] NA
