[1] "log2 MAS 5.0 signal"
[1] "Mutant E. coli O157 treated with 6 ug/ml triclosan for 30 min, biological rep 1"
[1] "30"
[1] "108000"
[1] "Mutant E. coli O157 treated with 6 ug/ml triclosan for 30 min, biological rep 2"
[1] "30"
[1] "108000"
[1] "Mutant E. coli O157 treated with 6 ug/ml triclosan for 30 min, biological rep 3"
[1] "30"
[1] "108000"
[1] "Mutant E. coli O157 untreated, biological rep 1"
[1] NA
[1] "Mutant E. coli O157 untreated, biological rep 2"
[1] NA
[1] "Mutant E. coli O157 untreated, biological rep 3"
[1] NA
[1] "Wildtype E. coli O157 treated with 6 ug/ml triclosan for 30 min, biological rep 1"
[1] "30"
[1] "108000"
[1] "Wildtype E. coli O157 treated with 6 ug/ml triclosan for 30 min, biological rep 2"
[1] "30"
[1] "108000"
[1] "Wildtype E. coli O157 treated with 6 ug/ml triclosan for 30 min, biological rep 3"
[1] "30"
[1] "108000"
[1] "Wildtype E. coli O157 untreated, biological rep 1"
[1] NA
[1] "Wildtype E. coli O157 untreated, biological rep 2"
[1] NA
[1] "Wildtype E. coli O157 untreated, biological rep 3"
[1] NA
