[1] "normalised log2 ratios (Cy3/Cy5)"
[1] "SigF chip DNA from H37Rv(ΔrsbW/sigF)::pMY769 with P-IA"
[1] NA
[1] "SigF chip DNA from H37Rv(ΔrsbW/sigF)::pMY769 with P-IA"
[1] NA
[1] "SigF chip DNA from H37Rv(ΔrsbW/sigF)::pMY769 with P-IA"
[1] NA
[1] "SigF chip DNA from H37Rv(ΔrsbW/sigF)::pMY769 with P-IA"
[1] NA
[1] "H37Rv::pMY769 with P-IA (test)"
[1] NA
[1] "H37Rv::pMY769 with P-IA (test)"
[1] NA
[1] "H37Rv::pMY769 with P-IA (test)"
[1] NA
[1] "H37Rv::pMY769 with P-IA (test)"
[1] NA
[1] "H37Rv::pMY769 with P-IA (test)"
[1] NA
[1] "H37Rv::pMY769 with P-IA (test)"
[1] NA
[1] "H37Rv::pMYsigF with P-IA (test)"
[1] NA
[1] "H37Rv::pMYsigF with P-IA (test)"
[1] NA
[1] "H37Rv::pMYsigF without P-IA (reference)"
[1] NA
[1] "H37Rv::pMYsigF without P-IA (reference)"
[1] NA
[1] "H37Rv::pMYsigF with P-IA (test)"
[1] NA
[1] "H37Rv::pMYsigF with P-IA (test)"
[1] NA
[1] "H37Rv::pMYsigF with P-IA (test)"
[1] NA
[1] "H37Rv::pMYsigF with P-IA (test)"
[1] NA
