[1] "MAS5.0-calculated signal intensities"
[1] "wild-type pBAD-ryhB#1 + arabinose"
[1] NA
[1] "wild-type pBAD-ryhB #2 + arabinose"
[1] NA
[1] "wild-type pNM12#1 +arabinose"
[1] NA
[1] "wild-type pNM12#2 + arabinose"
[1] NA
[1] "fur mutant pBAD-ryhB#1 + arabinose"
[1] NA
[1] "fur mutant pBAD-ryhB#2 + arabinose"
[1] NA
[1] "fur mutant pNM12#1 + arabinose"
[1] NA
[1] "fur mutant pNM12#2 + arabinose"
[1] NA
[1] "wild-type pBAD-ryhB#1 +FeSO4 + arabinose"
[1] NA
[1] "wild-type pBAD-ryhB#2 +FeSO4 + arabinose"
[1] NA
[1] "wild-type pNM12#1 +FeSO4 + arabinose"
[1] NA
[1] "wild-type pNM12#2 +FeSO4 + arabinose"
[1] NA
