[1] NA
[1] "Control coIP OD0.15"
[1] NA
[1] "Control coIP OD0.5"
[1] NA
[1] "Control coIP OD2.0"
[1] NA
[1] "Control coIP OD2+3h"
[1] "3"
[1] "valid gsm... but no data in gsm data table! getting supplementary file (which may or may not contain the data) and writing to subfolder"
[1] "Control coIP OD2+6h"
[1] "6"
[1] "valid gsm... but no data in gsm data table! getting supplementary file (which may or may not contain the data) and writing to subfolder"
[1] "Control coIP OD2+9h"
[1] "9"
[1] "valid gsm... but no data in gsm data table! getting supplementary file (which may or may not contain the data) and writing to subfolder"
[1] "Control coIP overnight"
[1] NA
[1] "Hfq coIP OD0.15"
[1] NA
[1] "Hfq coIP OD0.5"
[1] NA
[1] "Hfq coIP OD2.0"
[1] NA
[1] "Hfq coIP OD2+3h"
[1] "3"
[1] "valid gsm... but no data in gsm data table! getting supplementary file (which may or may not contain the data) and writing to subfolder"
[1] "Hfq coIP OD2+6h"
[1] "6"
[1] "valid gsm... but no data in gsm data table! getting supplementary file (which may or may not contain the data) and writing to subfolder"
[1] "Hfq coIP OD2+9h"
[1] "9"
[1] "valid gsm... but no data in gsm data table! getting supplementary file (which may or may not contain the data) and writing to subfolder"
[1] "Hfq coIP overnight"
[1] NA
