[1] "Block median normalized log2 ratio (cDNA/reference gDNA)"
[1] "S. Typhimurium, untreated, log phase"
[1] NA
[1] "S. Typhimurium, untreated, log phase"
[1] NA
[1] "S. Typhimurium, untreated, log phase"
[1] NA
[1] "S. Typhimurium, untreated, stationary phase"
[1] NA
[1] "S. Typhimurium, untreated, stationary phase"
[1] NA
[1] "S. Typhimurium, untreated, stationary phase"
[1] NA
[1] "S. Typhimurium, T2 toxin treated, log phase"
[1] NA
[1] "S. Typhimurium, T2 toxin treated, log phase"
[1] NA
[1] "S. Typhimurium, T2 toxin treated, log phase"
[1] NA
[1] "S. Typhimurium, T2 toxin treated, stationary phase"
[1] NA
[1] "S. Typhimurium, T2 toxin treated, stationary phase"
[1] NA
[1] "S. Typhimurium, T2 toxin treated, stationary phase"
[1] NA
