[1] "normalized log2 ratio (Cy5/Cy3)"
[1] "RNA from strain MC58 zur knock out grown in RPMI"
[1] NA
[1] "RNA from strain MC58 grown in RPMI"
[1] NA
[1] "RNA from strain MC58 zur knock out grown in RPMI"
[1] NA
[1] "RNA from strain MC58 zur knock out grown in RPMI"
[1] NA
[1] "RNA from strain MC58 grown in RPMI"
[1] NA
[1] "RNA from strain MC58 zur knock out grown in RPMI"
[1] NA
[1] "RNA from strain MC58 grown in RPMI with Zinc supplementation (0.5 uM ZnSO4)"
[1] NA
[1] "RNA from strain MC58 zur knock out grown in RPMI"
[1] NA
[1] "RNA from strain MC58 grown in RPMI"
[1] NA
[1] "RNA from strain MC58 zur knock out grown in RPMI"
[1] NA
[1] "RNA from strain MC58 grown in RPMI with Zinc supplementation (0.5 uM ZnSO4)"
[1] NA
