[1] "Block median normalised log2 ratio (cDNA/reference gDNA)"
[1] "S. Typhimurium, wild type, log phase"
[1] NA
[1] "S. Typhimurium, wild type, log phase"
[1] NA
[1] "S. Typhimurium, wild type, log phase"
[1] NA
[1] "S. Typhimurium, ∆scsA, log phase"
[1] NA
[1] "S. Typhimurium, ∆scsA, log phase"
[1] NA
[1] "S. Typhimurium, ∆scsA, log phase"
[1] NA
[1] "S. Typhimurium, wild type, stationary phase"
[1] NA
[1] "S. Typhimurium, wild type, stationary phase"
[1] NA
[1] "S. Typhimurium, wild type, stationary phase"
[1] NA
[1] "S. Typhimurium, ∆scsA, stationary phase"
[1] NA
[1] "S. Typhimurium, ∆scsA, stationary phase"
[1] NA
[1] "S. Typhimurium, ∆scsA, stationary phase"
[1] NA
