Setting options('download.file.method.GEOquery'='auto')
Setting options('GEOquery.inmemory.gpl'=FALSE)
Loading required package: Biobase
Loading required package: BiocGenerics

Attaching package: 'BiocGenerics'

The following objects are masked from 'package:stats':

    IQR, mad, sd, var, xtabs

The following objects are masked from 'package:base':

    anyDuplicated, aperm, append, as.data.frame, basename, cbind,
    colnames, dirname, do.call, duplicated, eval, evalq, Filter, Find,
    get, grep, grepl, intersect, is.unsorted, lapply, Map, mapply,
    match, mget, order, paste, pmax, pmax.int, pmin, pmin.int,
    Position, rank, rbind, Reduce, rownames, sapply, setdiff, table,
    tapply, union, unique, unsplit, which.max, which.min

Welcome to Bioconductor

    Vignettes contain introductory material; view with
    'browseVignettes()'. To cite Bioconductor, see
    'citation("Biobase")', and for packages 'citation("pkgname")'.


Attaching package: 'fs'

The following object is masked from 'package:BiocGenerics':

    path

Using locally cached version of GSE33980 found here:
C:\Users\Rafael\repos\personal\geo_data_analysis\data/GSE33980/GSE33980.soft.gz 
Reading file....
Parsing....
Found 151 entities...
GPL14876 (1 of 152 entities)
GSM839876 (2 of 152 entities)
GSM839877 (3 of 152 entities)
GSM839878 (4 of 152 entities)
GSM839879 (5 of 152 entities)
GSM839880 (6 of 152 entities)
GSM839881 (7 of 152 entities)
GSM839882 (8 of 152 entities)
GSM839883 (9 of 152 entities)
GSM839884 (10 of 152 entities)
GSM839885 (11 of 152 entities)
GSM839886 (12 of 152 entities)
GSM839887 (13 of 152 entities)
GSM839888 (14 of 152 entities)
GSM839889 (15 of 152 entities)
GSM839890 (16 of 152 entities)
GSM839891 (17 of 152 entities)
GSM839892 (18 of 152 entities)
GSM839893 (19 of 152 entities)
GSM839894 (20 of 152 entities)
GSM839895 (21 of 152 entities)
GSM839896 (22 of 152 entities)
GSM839897 (23 of 152 entities)
GSM839898 (24 of 152 entities)
GSM839899 (25 of 152 entities)
GSM839900 (26 of 152 entities)
GSM839901 (27 of 152 entities)
GSM839902 (28 of 152 entities)
GSM839903 (29 of 152 entities)
GSM839904 (30 of 152 entities)
GSM839905 (31 of 152 entities)
GSM839906 (32 of 152 entities)
GSM839907 (33 of 152 entities)
GSM839908 (34 of 152 entities)
GSM839909 (35 of 152 entities)
GSM839910 (36 of 152 entities)
GSM839911 (37 of 152 entities)
GSM839912 (38 of 152 entities)
GSM839913 (39 of 152 entities)
GSM839914 (40 of 152 entities)
GSM839915 (41 of 152 entities)
GSM839916 (42 of 152 entities)
GSM839917 (43 of 152 entities)
GSM839918 (44 of 152 entities)
GSM839919 (45 of 152 entities)
GSM839920 (46 of 152 entities)
GSM839921 (47 of 152 entities)
GSM839922 (48 of 152 entities)
GSM839923 (49 of 152 entities)
GSM839924 (50 of 152 entities)
GSM839925 (51 of 152 entities)
GSM839926 (52 of 152 entities)
GSM839927 (53 of 152 entities)
GSM839928 (54 of 152 entities)
GSM839929 (55 of 152 entities)
GSM839930 (56 of 152 entities)
GSM839931 (57 of 152 entities)
GSM839932 (58 of 152 entities)
GSM839933 (59 of 152 entities)
GSM839934 (60 of 152 entities)
GSM839935 (61 of 152 entities)
GSM839936 (62 of 152 entities)
GSM839937 (63 of 152 entities)
GSM839938 (64 of 152 entities)
GSM839939 (65 of 152 entities)
GSM839940 (66 of 152 entities)
GSM839941 (67 of 152 entities)
GSM839942 (68 of 152 entities)
GSM839943 (69 of 152 entities)
GSM839944 (70 of 152 entities)
GSM839945 (71 of 152 entities)
GSM839946 (72 of 152 entities)
GSM839947 (73 of 152 entities)
GSM839948 (74 of 152 entities)
GSM839949 (75 of 152 entities)
GSM839950 (76 of 152 entities)
GSM839951 (77 of 152 entities)
GSM839952 (78 of 152 entities)
GSM839953 (79 of 152 entities)
GSM839954 (80 of 152 entities)
GSM839955 (81 of 152 entities)
GSM839956 (82 of 152 entities)
GSM839957 (83 of 152 entities)
GSM839958 (84 of 152 entities)
GSM839959 (85 of 152 entities)
GSM839960 (86 of 152 entities)
GSM839961 (87 of 152 entities)
GSM839962 (88 of 152 entities)
GSM839963 (89 of 152 entities)
GSM839964 (90 of 152 entities)
GSM839965 (91 of 152 entities)
GSM839966 (92 of 152 entities)
GSM839967 (93 of 152 entities)
GSM839968 (94 of 152 entities)
GSM839969 (95 of 152 entities)
GSM839970 (96 of 152 entities)
GSM839971 (97 of 152 entities)
GSM839972 (98 of 152 entities)
GSM839973 (99 of 152 entities)
GSM839974 (100 of 152 entities)
GSM839975 (101 of 152 entities)
GSM839976 (102 of 152 entities)
GSM839977 (103 of 152 entities)
GSM839978 (104 of 152 entities)
GSM839979 (105 of 152 entities)
GSM839980 (106 of 152 entities)
GSM839981 (107 of 152 entities)
GSM839982 (108 of 152 entities)
GSM839983 (109 of 152 entities)
GSM839984 (110 of 152 entities)
GSM839985 (111 of 152 entities)
GSM839986 (112 of 152 entities)
GSM839987 (113 of 152 entities)
GSM839988 (114 of 152 entities)
GSM839989 (115 of 152 entities)
GSM839990 (116 of 152 entities)
GSM839991 (117 of 152 entities)
GSM839992 (118 of 152 entities)
GSM839993 (119 of 152 entities)
GSM839994 (120 of 152 entities)
GSM839995 (121 of 152 entities)
GSM839996 (122 of 152 entities)
GSM839997 (123 of 152 entities)
GSM839998 (124 of 152 entities)
GSM839999 (125 of 152 entities)
GSM840000 (126 of 152 entities)
GSM840001 (127 of 152 entities)
GSM840002 (128 of 152 entities)
GSM840003 (129 of 152 entities)
GSM840004 (130 of 152 entities)
GSM840005 (131 of 152 entities)
GSM840006 (132 of 152 entities)
GSM840007 (133 of 152 entities)
GSM840008 (134 of 152 entities)
GSM840009 (135 of 152 entities)
GSM840010 (136 of 152 entities)
GSM840011 (137 of 152 entities)
GSM840012 (138 of 152 entities)
GSM840013 (139 of 152 entities)
GSM840014 (140 of 152 entities)
GSM840015 (141 of 152 entities)
GSM840016 (142 of 152 entities)
GSM840017 (143 of 152 entities)
GSM840018 (144 of 152 entities)
GSM840019 (145 of 152 entities)
GSM840020 (146 of 152 entities)
GSM840021 (147 of 152 entities)
GSM840022 (148 of 152 entities)
GSM840023 (149 of 152 entities)
GSM840024 (150 of 152 entities)
GSM840025 (151 of 152 entities)
Warning message:
series may be getting RATIOS not actual raw measures 
Warning messages:
1: In as.numeric(column) : NAs introduced by coercion
2: In as.numeric(column) : NAs introduced by coercion
3: In as.numeric(column) : NAs introduced by coercion
Error: !!!!!!!!!!!!!!!!!!!!!!!!!!!!!!!!!!!!!!!!!!!!!!!!!!!!!!!!!!!!!!!!!!!!!!!!!!!!!!!!!!!!!!!!!!!!!!!!!!!!
Execution halted
