[1] "RMA value"
[1] "E coli_treated_sinusoidal_cont_8min_rep1"
[1] NA
[1] "E coli_treated_sinusoidal_cont_8min_rep2"
[1] NA
[1] "E coli_treated_sinusoidal_cont_8min_rep3"
[1] NA
[1] "E coli_sham_sinusoidal_cont_8min_rep1"
[1] NA
[1] "E coli_sham_sinusoidal_cont_8min_rep2"
[1] NA
[1] "E coli_sham_sinusoidal_cont_8min_rep3"
[1] NA
[1] "E coli_treated_sinusoidal_cont_2.5h_rep1"
[1] ".5"
[1] "E coli_treated_sinusoidal_cont_2.5h_rep2"
[1] ".5"
[1] "E coli_treated_sinusoidal_cont_2.5h_rep3"
[1] ".5"
[1] "E coli_sham_sinusoidal_cont_2.5h_rep1"
[1] ".5"
[1] "E coli_sham_sinusoidal_cont_2.5h_rep2"
[1] ".5"
[1] "E coli_sham_sinusoidal_cont_2.5h_rep3"
[1] ".5"
[1] "E coli_treated_sinusoidal_cont_15h_rep1"
[1] NA
[1] "E coli_treated_sinusoidal_cont_15h_rep2"
[1] NA
[1] "E coli_treated_sinusoidal_cont_15h_rep3"
[1] NA
[1] "E coli_sham_sinusoidal_cont_15h_rep1"
[1] NA
[1] "E coli_sham_sinusoidal_cont_15h_rep2"
[1] NA
[1] "E coli_sham_sinusoidal_cont_15h_rep3"
[1] NA
[1] "E coli_treated_sinusoidal_interm_2.5h_rep1"
[1] ".5"
[1] "E coli_treated_sinusoidal_interm_2.5h_rep2"
[1] ".5"
[1] "E coli_treated_sinusoidal_interm_2.5h_rep3"
[1] ".5"
[1] "E coli_sham_sinusoidal_interm_2.5h_rep1"
[1] ".5"
[1] "E coli_sham_sinusoidal_interm_2.5h_rep2"
[1] ".5"
[1] "E coli_sham_sinusoidal_interm_2.5h_rep3"
[1] ".5"
[1] "E coli_treated_sinusoidal_interm_15h_rep1"
[1] NA
[1] "E coli_treated_sinusoidal_interm_15h_rep2"
[1] NA
[1] "E coli_treated_sinusoidal_interm_15h_rep3"
[1] NA
[1] "E coli_sham_sinusoidal_interm_15h_rep1"
[1] NA
[1] "E coli_sham_sinusoidal_interm_15h_rep2"
[1] NA
[1] "E coli_sham_sinusoidal_interm_15h_rep3"
[1] NA
[1] "E coli_treated_powerline_interm_8min_rep1"
[1] NA
[1] "E coli_treated_powerline_interm_8min_rep2"
[1] NA
[1] "E coli_treated_powerline_interm_8min_rep3"
[1] NA
[1] "E coli_sham_powerline_interm_8min_rep1"
[1] NA
[1] "E coli_sham_powerline_interm_8min_rep2"
[1] NA
[1] "E coli_sham_powerline_interm_8min_rep3"
[1] NA
[1] "E coli_treated_powerline_interm_2.5h_rep1"
[1] ".5"
[1] "E coli_treated_powerline_interm_2.5h_rep2"
[1] ".5"
[1] "E coli_treated_powerline_interm_2.5h_rep3"
[1] ".5"
[1] "E coli_sham_powerline_interm_2.5h_rep1"
[1] ".5"
[1] "E coli_sham_powerline_interm_2.5h_rep2"
[1] ".5"
[1] "E coli_sham_powerline_interm_2.5h_rep3"
[1] ".5"
[1] "E coli_treated_powerline_interm_15h_rep1"
[1] NA
[1] "E coli_treated_powerline_interm_15h_rep2"
[1] NA
[1] "E coli_treated_powerline_interm_15h_rep3"
[1] NA
[1] "E coli_sham_powerline_interm_15h_rep1"
[1] NA
[1] "E coli_sham_powerline_interm_15h_rep2"
[1] NA
[1] "E coli_sham_powerline_interm_15h_rep3"
[1] NA
[1] "E coli_negativ_control_left_chamber_rep1"
[1] NA
[1] "E coli_negativ_control_left_chamber_rep2"
[1] NA
[1] "E coli_negativ_control_left_chamber_rep3"
[1] NA
[1] "E coli_negativ_control_right_chamber_rep1"
[1] NA
[1] "E coli_negativ_control_right_chamber_rep2"
[1] NA
[1] "E coli_negativ_control_right_chamber_rep3"
[1] NA
[1] "E coli_response_control_water_added_rep1"
[1] NA
[1] "E coli_response_control_water_added_rep2"
[1] NA
[1] "E coli_response_control_water_added_rep3"
[1] NA
[1] "E coli_response_control_1mM_H2O2_added_rep1"
[1] NA
[1] "E coli_response_control_1mM_H2O2_added_rep2"
[1] NA
[1] "E coli_response_control_1mM_H2O2_added_rep3"
[1] NA
