Setting options('download.file.method.GEOquery'='auto')
Setting options('GEOquery.inmemory.gpl'=FALSE)
Loading required package: Biobase
Loading required package: BiocGenerics

Attaching package: 'BiocGenerics'

The following objects are masked from 'package:stats':

    IQR, mad, sd, var, xtabs

The following objects are masked from 'package:base':

    anyDuplicated, aperm, append, as.data.frame, basename, cbind,
    colnames, dirname, do.call, duplicated, eval, evalq, Filter, Find,
    get, grep, grepl, intersect, is.unsorted, lapply, Map, mapply,
    match, mget, order, paste, pmax, pmax.int, pmin, pmin.int,
    Position, rank, rbind, Reduce, rownames, sapply, setdiff, table,
    tapply, union, unique, unsplit, which.max, which.min

Welcome to Bioconductor

    Vignettes contain introductory material; view with
    'browseVignettes()'. To cite Bioconductor, see
    'citation("Biobase")', and for packages 'citation("pkgname")'.


Attaching package: 'fs'

The following object is masked from 'package:BiocGenerics':

    path

Using locally cached version of GSE38884 found here:
C:\Users\Rafael\repos\personal\geo_data_analysis\data/GSE38884/GSE38884.soft.gz 
Reading file....
Parsing....
Found 15 entities...
GPL15732 (1 of 16 entities)
GSM951400 (2 of 16 entities)
GSM951401 (3 of 16 entities)
GSM951403 (4 of 16 entities)
GSM951404 (5 of 16 entities)
GSM951406 (6 of 16 entities)
GSM951407 (7 of 16 entities)
GSM951408 (8 of 16 entities)
GSM951409 (9 of 16 entities)
GSM951410 (10 of 16 entities)
GSM951411 (11 of 16 entities)
GSM951412 (12 of 16 entities)
GSM951413 (13 of 16 entities)
GSM951414 (14 of 16 entities)
GSM951415 (15 of 16 entities)
trying URL 'https://ftp.ncbi.nlm.nih.gov/geo/series/GSE38nnn/GSE38884/suppl//GSE38884_RAW.tar?tool=geoquery'
Content type 'application/x-tar' length 71198720 bytes (67.9 MB)
==================================================
downloaded 67.9 MB

trying URL 'https://ftp.ncbi.nlm.nih.gov/geo/series/GSE38nnn/GSE38884/suppl//GSE38884_RAW.tar?tool=geoquery'
Content type 'application/x-tar' length 71198720 bytes (67.9 MB)
==================================================
downloaded 67.9 MB

trying URL 'https://ftp.ncbi.nlm.nih.gov/geo/series/GSE38nnn/GSE38884/suppl//GSE38884_RAW.tar?tool=geoquery'
Content type 'application/x-tar' length 71198720 bytes (67.9 MB)
==================================================
downloaded 67.9 MB

trying URL 'https://ftp.ncbi.nlm.nih.gov/geo/series/GSE38nnn/GSE38884/suppl//GSE38884_RAW.tar?tool=geoquery'
Content type 'application/x-tar' length 71198720 bytes (67.9 MB)
==================================================
downloaded 67.9 MB

trying URL 'https://ftp.ncbi.nlm.nih.gov/geo/series/GSE38nnn/GSE38884/suppl//GSE38884_RAW.tar?tool=geoquery'
Content type 'application/x-tar' length 71198720 bytes (67.9 MB)
==================================================
downloaded 67.9 MB

trying URL 'https://ftp.ncbi.nlm.nih.gov/geo/series/GSE38nnn/GSE38884/suppl//GSE38884_RAW.tar?tool=geoquery'
Content type 'application/x-tar' length 71198720 bytes (67.9 MB)
==================================================
downloaded 67.9 MB

Error: invalid sample names; likely not time series
Execution halted
