[1] "normalised log2 ratios (Cy5/Cy3)"
[1] "H37Rv::pMY769 with P-IA (test)"
[1] NA
[1] "H37Rv::pMY769 with P-IA (test)"
[1] NA
[1] "H37Rv::pMY769 with P-IA (test)"
[1] NA
[1] "H37Rv::pMY769 with P-IA (test)"
[1] NA
[1] "H37Rv::pMY769 with P-IA (test)"
[1] NA
[1] "H37Rv::pMY769 with P-IA (test)"
[1] NA
[1] "H37Rv::pMYsigF with P-IA (test)"
[1] NA
[1] "H37Rv::pMYsigF with P-IA (test)"
[1] NA
[1] "H37Rv::pMYsigF without P-IA (reference)"
[1] NA
[1] "H37Rv::pMYsigF without P-IA (reference)"
[1] NA
[1] "H37Rv::pMYsigF with P-IA (test)"
[1] NA
[1] "H37Rv::pMYsigF with P-IA (test)"
[1] NA
[1] "H37Rv::pMYsigF with P-IA (test)"
[1] NA
[1] "H37Rv::pMYsigF with P-IA (test)"
[1] NA
