[1] "same as UNF VALUE but with flagged values removed"
[1] "H2O2"
[1] NA
[1] "H2O2"
[1] NA
[1] "H2O2"
[1] NA
[1] "UV"
[1] NA
[1] "UV"
[1] NA
[1] "MMC"
[1] NA
[1] "H2O2"
[1] NA
[1] "UV"
[1] NA
[1] "UV"
[1] NA
[1] "MMC"
[1] NA
[1] "H2O2"
[1] NA
[1] "UV"
[1] NA
[1] "UV"
[1] NA
[1] "MMC"
[1] NA
[1] "MMC"
[1] NA
[1] "UV"
[1] NA
[1] "UV"
[1] NA
[1] "UV"
[1] NA
[1] "UV"
[1] NA
[1] "UV"
[1] NA
[1] "UV"
[1] NA
[1] "H2O2"
[1] NA
[1] "H2O2"
[1] NA
[1] "MMC"
[1] NA
[1] "UV"
[1] NA
[1] "H2O2"
[1] NA
[1] "H2O2"
[1] NA
[1] "MMC"
[1] NA
