[1] "Spot R/G Expression ratio (log2-transformed and Lowess-normalized using a Lowess fit to a MA plot)"
[1] "Wild type control (0 min)"
[1] "0"
[1] "0"
[1] "Wild type control (2.5 min)"
[1] "2.5"
[1] "Wild type control (5 min)"
[1] "5"
[1] "300"
[1] "Wild type control (10 min)"
[1] "10"
[1] "600"
[1] "Wild type control (20 min)"
[1] "20"
[1] "1200"
[1] "Wild type control (0 min)"
[1] "0"
[1] "0"
[1] "Wild type control (2.5 min)"
[1] "2.5"
[1] "Wild type control (5 min)"
[1] "5"
[1] "300"
[1] "Wild type control (10 min)"
[1] "10"
[1] "600"
[1] "Wild type control (20 min)"
[1] "20"
[1] "1200"
[1] "Wild type control (0 min)"
[1] "0"
[1] "0"
[1] "Wild type control (2.5 min)"
[1] "2.5"
[1] "Wild type control (5 min)"
[1] "5"
[1] "300"
[1] "Wild type control (10 min)"
[1] "10"
[1] "600"
[1] "Wild type control (20 min)"
[1] "20"
[1] "1200"
[1] "Wild type control (10 min)"
[1] "10"
[1] "600"
 [1] "0"    "300"  "600"  "1200" "0"    "300"  "600"  "1200" "0"    "300" 
[11] "600"  "1200" "600" 
 [1] "ID"           "Block"        "Row"          "Column"       "384 Plate"   
 [6] "Plate Row"    "Plate Column" "NOMAD_ID"     "ORF"          "ORF_TYPE"    
[11] "Name"         "Description"  "FAILED"       "SPOT_ID"     
[1] "Plate Row"
