[1] "log2 RMA"
[1] "Pseudomonas aeruginosa WT in MOPS pyruvate"
[1] NA
[1] "Pseudomonas aeruginosa WT in MOPS pyruvate"
[1] NA
[1] "Pseudomonas aeruginosa WT in MOPS pyruvate plus choline"
[1] NA
[1] "Pseudomonas aeruginosa WT in MOPS pyruvate plus choline"
[1] NA
[1] "Pseudomonas aeruginosa WT in MOPS pyruvate plus diethylcholine"
[1] NA
[1] "Pseudomonas aeruginosa WT in MOPS pyruvate plus diethylcholine"
[1] NA
[1] "Pseudomonas aeruginosa WT in MOPS pyruvate plus ethylcholine"
[1] NA
[1] "Pseudomonas aeruginosa WT in MOPS pyruvate plus ethylcholine"
[1] NA
[1] "Pseudomonas aeruginosa WT in MOPS pyruvate plus choline and propargylcholine"
[1] NA
[1] "Pseudomonas aeruginosa WT in MOPS pyruvate plus choline and propargylcholine"
[1] NA
[1] "Pseudomonas aeruginosa dgcA mutant in MOPS pyruvate plus choline"
[1] NA
[1] "Pseudomonas aeruginosa dgcA mutant in MOPS pyruvate plus choline"
[1] NA
