[1] "MAS5.0 signal intensity"
[1] "McCoy cells infected with L2(434)"
[1] NA
[1] "McCoy cells infected with L2(434)"
[1] NA
[1] "McCoy cells infected with L2(434)"
[1] NA
[1] "McCoy cells infected with L2(434)"
[1] NA
[1] "McCoy cells infected with L2(434)"
[1] NA
[1] "McCoy cells infected with L2(434)"
[1] NA
[1] "McCoy cells infected with L2R"
[1] NA
[1] "McCoy cells infected with L2R"
[1] NA
[1] "McCoy cells infected with L2R"
[1] NA
[1] "McCoy cells infected with L2R"
[1] NA
[1] "McCoy cells infected with L2R"
[1] NA
[1] "McCoy cells infected with L2R"
[1] NA
[1] "McCoy cells infected with L2RpBRCT"
[1] NA
[1] "McCoy cells infected with L2RpBRCT"
[1] NA
[1] "McCoy cells infected with L2RpBRCT"
[1] NA
[1] "McCoy cells infected with L2RpBRCT"
[1] NA
[1] "McCoy cells infected with L2RpBRCT"
[1] NA
[1] "McCoy cells infected with L2RpBRCT"
[1] NA
[1] "McCoy cells infected with L2RpBRC∆pgp4"
[1] NA
[1] "McCoy cells infected with L2RpBRC∆pgp4"
[1] NA
[1] "McCoy cells infected with L2RpBRC∆pgp4"
[1] NA
[1] "McCoy cells infected with L2RpBRC∆pgp4"
[1] NA
[1] "McCoy cells infected with L2RpBRC∆pgp4"
[1] NA
[1] "McCoy cells infected with L2RpBRC∆pgp4"
[1] NA
[1] "McCoy cells infected with L2RpBRC∆pgp5"
[1] NA
[1] "McCoy cells infected with L2RpBRC∆pgp5"
[1] NA
[1] "McCoy cells infected with L2RpBRC∆pgp5"
[1] NA
[1] "McCoy cells infected with L2RpBRC∆pgp5"
[1] NA
[1] "McCoy cells infected with L2RpBRC∆pgp5"
[1] NA
[1] "McCoy cells infected with L2RpBRC∆pgp5"
[1] NA
[1] "McCoy cells uninfected (mock-infected)"
[1] NA
[1] "McCoy cells uninfected (mock-infected)"
[1] NA
[1] "McCoy cells uninfected (mock-infected)"
[1] NA
[1] "McCoy cells uninfected (mock-infected)"
[1] NA
[1] "McCoy cells uninfected (mock-infected)"
[1] NA
[1] "McCoy cells uninfected (mock-infected)"
[1] NA
