[1] NA
[1] "JKD6008"
[1] NA
[1] "JKD6008"
[1] NA
[1] "JKD6008"
[1] NA
[1] "JKD6008"
[1] NA
[1] "JKD6008"
[1] NA
[1] "JKD6008"
[1] NA
[1] "JKD6008"
[1] NA
[1] "JKD6008"
[1] NA
[1] "JKD6008"
[1] NA
[1] "JKD6008"
[1] NA
[1] "JKD6009"
[1] NA
[1] "JKD6009"
[1] NA
[1] "JKD6009"
[1] NA
[1] "JKD6009"
[1] NA
[1] "JKD6009"
[1] NA
[1] "JKD6009"
[1] NA
[1] "JKD6009"
[1] NA
[1] "JKD6009"
[1] NA
[1] "JKD6009"
[1] NA
[1] "JKD6009"
[1] NA
[1] "JKD6008"
[1] NA
[1] "JKD6008"
[1] NA
[1] "JKD6008"
[1] NA
[1] "JKD6008"
[1] NA
[1] "JKD6008"
[1] NA
[1] "JKD6008"
[1] NA
[1] "JKD6008"
[1] NA
[1] "JKD6008"
[1] NA
[1] "JKD6008"
[1] NA
[1] "JKD6008"
[1] NA
[1] "JKD6009"
[1] NA
[1] "JKD6009"
[1] NA
[1] "JKD6009"
[1] NA
[1] "JKD6009"
[1] NA
[1] "JKD6009"
[1] NA
[1] "JKD6009"
[1] NA
[1] "JKD6009"
[1] NA
[1] "JKD6009"
[1] NA
[1] "JKD6009"
[1] NA
[1] "JKD6009"
[1] NA
