[1] "mRNA Counts"
[1] "ura3, 240 minutes before glucose"
[1] "240"
[1] "-14400"
[1] "ura3, 240 minutes before glucose"
[1] "240"
[1] "-14400"
[1] "ura3, 240 minutes before glucose"
[1] "240"
[1] "-14400"
[1] "ura3, 360 minutes after glucose"
[1] "360"
[1] "21600"
[1] "ura3, 360 minutes after glucose"
[1] "360"
[1] "21600"
[1] "ura3, 360 minutes after glucose"
[1] "360"
[1] "21600"
[1] "trmB, 60 minutes before glucose"
[1] "60"
[1] "-3600"
[1] "trmB, 60 minutes before glucose"
[1] "60"
[1] "-3600"
[1] "trmB, 60 minutes before glucose"
[1] "60"
[1] "-3600"
[1] "ura3, 360 minutes after glucose"
[1] "360"
[1] "21600"
[1] "ura3, 360 minutes after glucose"
[1] "360"
[1] "21600"
[1] "ura3, 360 minutes after glucose"
[1] "360"
[1] "21600"
[1] "trmB, 60 minutes before glucose"
[1] "60"
[1] "-3600"
[1] "trmB, 0 minutes before glucose"
[1] "0"
[1] "0"
[1] "trmB, 5 minutes after glucose"
[1] "5"
[1] "300"
[1] "trmB, 10 minutes after glucose"
[1] "10"
[1] "600"
[1] "trmB, 20 minutes after glucose"
[1] "20"
[1] "1200"
[1] "trmB, 45 minutes after glucose"
[1] "45"
[1] "2700"
[1] "trmB, 90 minutes after glucose"
[1] "90"
[1] "5400"
[1] "trmB, 180 minutes after glucose"
[1] "180"
[1] "10800"
[1] "trmB, 360 minutes after glucose"
[1] "360"
[1] "21600"
[1] "trmB, 240 minutes before glucose"
[1] "240"
[1] "-14400"
[1] "trmB, 60 minutes before glucose"
[1] "60"
[1] "-3600"
[1] "trmB, 0 minutes before glucose"
[1] "0"
[1] "0"
[1] "trmB, 5 minutes after glucose"
[1] "5"
[1] "300"
[1] "trmB, 10 minutes after glucose"
[1] "10"
[1] "600"
[1] "trmB, 20 minutes after glucose"
[1] "20"
[1] "1200"
[1] "trmB, 45 minutes after glucose"
[1] "45"
[1] "2700"
[1] "trmB, 90 minutes after glucose"
[1] "90"
[1] "5400"
[1] "trmB, 180 minutes after glucose"
[1] "180"
[1] "10800"
[1] "ura3, 240 minutes before glucose"
[1] "240"
[1] "-14400"
[1] "ura3, 60 minutes before glucose"
[1] "60"
[1] "-3600"
[1] "ura3, 0 minutes before glucose"
[1] "0"
[1] "0"
[1] "ura3, 5 minutes after glucose"
[1] "5"
[1] "300"
[1] "ura3, 10 minutes after glucose"
[1] "10"
[1] "600"
[1] "ura3, 20 minutes after glucose"
[1] "20"
[1] "1200"
[1] "ura3, 45 minutes after glucose"
[1] "45"
[1] "2700"
[1] "ura3, 90 minutes after glucose"
[1] "90"
[1] "5400"
[1] "ura3, 180 minutes after glucose"
[1] "180"
[1] "10800"
[1] "ura3, 360 minutes after glucose"
[1] "360"
[1] "21600"
[1] "ura3, 60 minutes before glucose"
[1] "60"
[1] "-3600"
[1] "ura3, 0 minutes before glucose"
[1] "0"
[1] "0"
[1] "ura3, 5 minutes after glucose"
[1] "5"
[1] "300"
[1] "ura3, 10 minutes after glucose"
[1] "10"
[1] "600"
[1] "ura3, 20 minutes after glucose"
[1] "20"
[1] "1200"
[1] "ura3, 45 minutes after glucose"
[1] "45"
[1] "2700"
[1] "ura3, 90 minutes after glucose"
[1] "90"
[1] "5400"
[1] "ura3, 180 minutes after glucose"
[1] "180"
[1] "10800"
 [1] "0"     "0"     "0"     "36000" "36000" "36000" "10800" "10800" "10800"
[10] "36000" "36000" "36000" "10800" "14400" "14700" "15000" "15600" "17100"
[19] "19800" "25200" "36000" "0"     "10800" "14400" "14700" "15000" "15600"
[28] "17100" "19800" "25200" "0"     "10800" "14400" "14700" "15000" "15600"
[37] "17100" "19800" "25200" "36000" "10800" "14400" "14700" "15000" "15600"
[46] "17100" "19800" "25200"
[1] "ID"              "ORF"             "ACCESSION"       "TARGET SEQUENCE"
[1] "gene symbol column not found. searching for ORF column..."
[1] "orf column not found: checking for '//' exeption..."
