[1] "log base two ratio of channel 1 background subtracted intensity over channel two background subtracted intenstity"
[1] "Bacteria evolved for 6,000 generations in sporulation-repressing medium"
[1] NA
[1] "Ancestor"
[1] NA
[1] "Ancestor"
[1] NA
[1] "Bacteria evolved for 6,000 generations in sporulation-inducing medium"
[1] NA
[1] "Bacteria evolved for 6,000 generations in sporulation-inducing medium"
[1] NA
[1] "Bacteria evolved for 6,000 generations in sporulation-repressing medium"
[1] NA
[1] "Ancestor"
[1] NA
[1] "Bacteria evolved for 6,000 generations in sporulation-repressing medium"
[1] NA
[1] "Ancestor"
[1] NA
[1] "Bacteria evolved for 6,000 generations in sporulation-inducing medium"
[1] NA
[1] "Ancestor"
[1] NA
[1] "Bacteria evolved for 6,000 generations in sporulation-repressing medium"
[1] NA
[1] "624A evolved strain in sporulation-repressing medium"
[1] NA
[1] "624B evolved strain in sporulation-repressing medium"
[1] NA
[1] "624C evolved strain in sporulation-repressing medium"
[1] NA
[1] "624D evolved strain in sporulation-repressing medium"
[1] NA
[1] "624E evolved strain in sporulation-repressing medium"
[1] NA
[1] "628A evolved strain in sporulation-inducing medium"
[1] NA
[1] "628B evolved strain in sporulation-inducing medium"
[1] NA
[1] "628C evolved strain in sporulation-inducing medium"
[1] NA
[1] "628D evolved strain in sporulation-inducing medium"
[1] NA
[1] "628E evolved strain in sporulation-inducing medium"
[1] NA
