Setting options('download.file.method.GEOquery'='auto')
Setting options('GEOquery.inmemory.gpl'=FALSE)
Loading required package: Biobase
Loading required package: BiocGenerics

Attaching package: 'BiocGenerics'

The following objects are masked from 'package:stats':

    IQR, mad, sd, var, xtabs

The following objects are masked from 'package:base':

    anyDuplicated, aperm, append, as.data.frame, basename, cbind,
    colnames, dirname, do.call, duplicated, eval, evalq, Filter, Find,
    get, grep, grepl, intersect, is.unsorted, lapply, Map, mapply,
    match, mget, order, paste, pmax, pmax.int, pmin, pmin.int,
    Position, rank, rbind, Reduce, rownames, sapply, setdiff, table,
    tapply, union, unique, unsplit, which.max, which.min

Welcome to Bioconductor

    Vignettes contain introductory material; view with
    'browseVignettes()'. To cite Bioconductor, see
    'citation("Biobase")', and for packages 'citation("pkgname")'.


Attaching package: 'fs'

The following object is masked from 'package:BiocGenerics':

    path

Using locally cached version of GSE40917 found here:
C:\Users\Rafael\repos\personal\geo_data_analysis\data/GSE40917/GSE40917.soft.gz 
Reading file....
Parsing....
Found 10 entities...
GPL14824 (1 of 11 entities)
GSM1004775 (2 of 11 entities)
GSM1004776 (3 of 11 entities)
GSM1004777 (4 of 11 entities)
GSM1004778 (5 of 11 entities)
GSM1004779 (6 of 11 entities)
GSM1004780 (7 of 11 entities)
GSM1004781 (8 of 11 entities)
GSM1004782 (9 of 11 entities)
GSM1004783 (10 of 11 entities)
Warning messages:
1: In as.numeric(column) : NAs introduced by coercion
2: In as.numeric(column) : NAs introduced by coercion
3: In as.numeric(column) : NAs introduced by coercion
4: In as.numeric(column) : NAs introduced by coercion
5: In as.numeric(column) : NAs introduced by coercion
Error: !!!!!!!!!!!!!!!!!!!!!!!!!!!!!!!!!!!!!!!!!!!!!!!!!!!!!!!!!!!!!!!!!!!!!!!!!!!!!!!!!!!!!!!!!!!!!!!!!!!!
Execution halted
