[1] NA
[1] "del hns; replicate 1"
[1] NA
[1] "del hns; replicate 2"
[1] NA
[1] "del stpA; replicate 1"
[1] NA
[1] "del stpA; replicate 2"
[1] NA
[1] "del hha; replicate 1"
[1] NA
[1] "del hha; replicate 2"
[1] NA
[1] "del ydgT; replicate1"
[1] NA
[1] "del ydgT; replicate 2"
[1] NA
[1] "del hns, stpA; replicate 1"
[1] NA
[1] "del hns, stpA; replicate 2"
[1] NA
[1] "del hns, hha; replicate 1"
[1] NA
[1] "del hns, hha; replicate 2"
[1] NA
[1] "del hns, ydgT; replicate 1"
[1] NA
[1] "del hns, ydgT; replicate 2"
[1] NA
[1] "wildtype; replicate 1"
[1] NA
[1] "wildtype; replicate 2"
[1] NA
