[1] "log2 of PRE VALUE"
[1] "Pspank-hy rapF uninduced cells"
[1] NA
[1] "Pspank-hy rapF uninduced cells"
[1] NA
[1] "Pspank-hy rapF uninduced cells"
[1] NA
[1] "Pspank-hy rapH uninduced cells"
[1] NA
[1] "Pspank-hy rapH uninduced cells"
[1] NA
[1] "Pspank-hy rapH uninduced cells"
[1] NA
[1] "Pspank-hy rapJ uninduced cells"
[1] NA
[1] "Pspank-hy rapJ uninduced cells"
[1] NA
[1] "Pspank-hy rapJ uninduced cells"
[1] NA
[1] "Pspank-hy rapK uninduced cells"
[1] NA
[1] "Pspank-hy rapK uninduced cells"
[1] NA
[1] "Pspank-hy rapK uninduced cells"
[1] NA
[1] "phrC null cells"
[1] NA
[1] "phrC null cells"
[1] NA
[1] "phrC null cells"
[1] NA
[1] "phrF null cells"
[1] NA
[1] "phrF null cells"
[1] NA
[1] "phrF null cells"
[1] NA
[1] "phrK null cells"
[1] NA
[1] "phrK null cells"
[1] NA
[1] "phrK null cells"
[1] NA
[1] "wild-type cells"
[1] NA
[1] "wild-type cells"
[1] NA
[1] "wild-type cells"
[1] NA
