[1] "normalized log10 ratios"
[1] "Halobacterium NRC-1, ura3 Knockout, vng1179 Knockout, Set A, 0.85mM Cu"
[1] NA
[1] "Halobacterium NRC-1, ura3 Knockout, vng1179 Knockout, Set A, 0.0mM Cu"
[1] NA
[1] "Halobacterium NRC-1, control"
[1] NA
[1] "Halobacterium NRC-1, ura3 Knockout, vng1179 Knockout, Set B, 0.0mM Cu"
[1] NA
[1] "Halobacterium NRC-1, control"
[1] NA
[1] "Halobacterium NRC-1, ura3 Knockout, vng1179 Knockout, Set A, 0.7mM Cu"
[1] NA
[1] "Halobacterium NRC-1, control"
[1] NA
[1] "Halobacterium NRC-1, ura3 Knockout, vng1179 Knockout, Set B, 0.7mM Cu"
[1] NA
[1] "Halobacterium NRC-1, control"
[1] NA
[1] "Halobacterium NRC-1, control"
[1] NA
[1] "Halobacterium NRC-1, ura3 Knockout, vng1179 Knockout, Set B, 0.85mM Cu"
[1] NA
[1] "Halobacterium NRC-1, control"
[1] NA
[1] "Halobacterium NRC-1, ura3 Knockout, vng1179 Knockout, Set A, 1.0mM Cu"
[1] NA
[1] "Halobacterium NRC-1, control"
[1] NA
[1] "Halobacterium NRC-1, ura3 Knockout, vng1179 Knockout, Set B, 1.0mM Cu"
[1] NA
[1] "Halobacterium NRC-1, control"
[1] NA
