[1] "qunatile normalized log2 IP/mock-IP ratio of individual probes"
[1] "E. Coli Exponential RpoB ChIP DNA 1"
[1] NA
[1] "E. Coli Exponential RpoB ChIP DNA 2"
[1] NA
[1] "E. Coli Exponential RpoB ChIP DNA 3"
[1] NA
[1] "E. Coli Glutamine RpoB ChIP DNA 1"
[1] NA
[1] "E. Coli Glutamine RpoB ChIP DNA 2"
[1] NA
[1] "E. Coli Heatshock RpoB ChIP DNA 1"
[1] NA
[1] "E. Coli Heatshock RpoB ChIP DNA 2"
[1] NA
[1] "E. Coli Stationary RpoB ChIP DNA 1"
[1] NA
[1] "E. Coli Stationary RpoB ChIP DNA 2"
[1] NA
[1] "E. Coli Exponential FecI ChIP DNA 1"
[1] NA
[1] "E. Coli Exponential FecI ChIP DNA 2"
[1] NA
[1] "E. Coli Exponential FecI ChIP DNA 3"
[1] NA
[1] "E. Coli Exponential RpoF ChIP DNA 1"
[1] NA
[1] "E. Coli Exponential RpoF ChIP DNA 2"
[1] NA
[1] "E. Coli Exponential RpoF ChIP DNA 3"
[1] NA
[1] "E. Coli Heatshock RpoH ChIP DNA 1"
[1] NA
[1] "E. Coli Heatshock RpoH ChIP DNA 2"
[1] NA
[1] "E. Coli Heatshock RpoH ChIP DNA 3"
[1] NA
[1] "E. Coli Exponential RpoH ChIP DNA 1"
[1] NA
[1] "E. Coli Exponential RpoH ChIP DNA 2"
[1] NA
[1] "E. Coli Exponential RpoS ChIP DNA 1"
[1] NA
[1] "E. Coli Exponential RpoS ChIP DNA 2"
[1] NA
[1] "E. Coli Stationary RpoS ChIP DNA 1"
[1] NA
[1] "E. Coli Stationary RpoS ChIP DNA 2"
[1] NA
[1] "E. Coli Stationary RpoS ChIP DNA 3"
[1] NA
[1] "E. Coli Glutamine RpoN ChIP DNA 1"
[1] NA
[1] "E. Coli Glutamine RpoN ChIP DNA 2"
[1] NA
[1] "E. Coli Exponential RpoN ChIP DNA 1"
[1] NA
[1] "E. Coli Exponential RpoN ChIP DNA 2"
[1] NA
[1] "E. Coli Exponential RpoN ChIP DNA 3"
[1] NA
[1] "E. Coli Exponential RpoD ChIP DNA 1"
[1] NA
[1] "E. Coli Exponential RpoD ChIP DNA 2"
[1] NA
[1] "E. Coli Exponential RpoD ChIP DNA 3"
[1] NA
[1] "E. Coli Exponential RpoD DelN ChIP DNA 1"
[1] NA
[1] "E. Coli Exponential RpoD DelN ChIP DNA 2"
[1] NA
[1] "E. Coli Glutamine RpoD ChIP DNA 1"
[1] NA
[1] "E. Coli Glutamine RpoD ChIP DNA 2"
[1] NA
[1] "E. Coli Heatshock RpoD ChIP DNA 1"
[1] NA
[1] "E. Coli Heatshock RpoD ChIP DNA 2"
[1] NA
[1] "E. Coli Iron RpoD ChIP DNA 1"
[1] NA
[1] "E. Coli Iron RpoD ChIP DNA 2"
[1] NA
[1] "E. Coli Stationary RpoD ChIP DNA 1"
[1] NA
[1] "E. Coli Stationary RpoD ChIP DNA 2"
[1] NA
[1] "E. Coli Stationary RpoD DelS ChIP DNA 1"
[1] NA
[1] "E. Coli Stationary RpoD DelS ChIP DNA 2"
[1] NA
[1] "E. coli ΔrpoS, stationary phase, M9 glucose 1"
[1] NA
[1] "E. coli ΔrpoS, stationary phase, M9 glucose 2"
[1] NA
[1] "E. coli ΔrpoS, stationary phase, M9 glucose 3"
[1] NA
[1] "Cells at stationary phase (OD600nm 1.5) in M9 glucose media"
[1] NA
[1] "Cells at stationary phase (OD600nm 1.5) in M9 glucose media"
[1] NA
[1] "Cells at mid-log phase (OD600nm 0.5) in W2 media supplemented with 0.2% glucose and 0.2% glutamine"
[1] NA
[1] "Cells at mid-log phase (OD600nm 0.5) in W2 media supplemented with 0.2% glucose and 0.2% glutamine"
[1] NA
[1] "Cells at mid-log phase (OD600nm 0.5) in M9 glucose (0.2%) media, with 42oC heatshock for 10 min."
[1] "10"
[1] "valid gsm... but no data in gsm data table! getting supplementary file (which may or may not contain the data) and writing to subfolder"
[1] "Cells at mid-log phase (OD600nm 0.5) in M9 glucose (0.2%) media, with 42oC heatshock for 10 min."
[1] "10"
[1] "valid gsm... but no data in gsm data table! getting supplementary file (which may or may not contain the data) and writing to subfolder"
