[1] " Lowess normalized log2 (Alexa 555/Alexa 647) test/reference [average of 3 replicates]"
[1] "TUV93-0 pAsxR"
[1] NA
[1] "whole cells His-FLAG tagged Hfq"
[1] NA
[1] "whole cells His-FLAG tagged Hfq"
[1] NA
[1] "whole cells His-FLAG tagged Hfq"
[1] NA
[1] "whole cells His-FLAG tagged Hfq"
[1] NA
[1] "whole cells His-FLAG tagged Hfq"
[1] NA
[1] "whole cells untagged control"
[1] NA
[1] "whole cells untagged control"
[1] NA
[1] "whole cells His-FLAG tagged Hfq"
[1] NA
[1] "whole cells His-FLAG tagged Hfq"
[1] NA
[1] "whole cells untagged control"
[1] NA
[1] "whole cells untagged control"
[1] NA
