[1] "normalized log10 ratios"
[1] "Halobacterium NRC-1, ura3 Knockout, Set A"
[1] NA
[1] "Halobacterium NRC-1, control"
[1] NA
[1] "Halobacterium NRC-1, ura3 Knockout, Set B"
[1] NA
[1] "Halobacterium NRC-1, control"
[1] NA
[1] "Halobacterium NRC-1, ura3 Knockout, Set A, 0.8mM Mn"
[1] NA
[1] "Halobacterium NRC-1, control"
[1] NA
[1] "Halobacterium NRC-1, ura3 Knockout, Set B, 0.8mM Mn"
[1] NA
[1] "Halobacterium NRC-1, control"
[1] NA
[1] "Halobacterium NRC-1, ura3 Knockout, Set A, 1.0mM Mn"
[1] NA
[1] "Halobacterium NRC-1, control"
[1] NA
[1] "Halobacterium NRC-1, ura3 Knockout, Set B, 1.0mM Mn"
[1] NA
[1] "Halobacterium NRC-1, control"
[1] NA
[1] "Halobacterium NRC-1, ura3 Knockout, Set A, 1.5mM Mn"
[1] NA
[1] "Halobacterium NRC-1, control"
[1] NA
[1] "Halobacterium NRC-1, ura3 Knockout, Set B, 1.5mM Mn"
[1] NA
[1] "Halobacterium NRC-1, control"
[1] NA
[1] "Halobacterium NRC-1, ura3 Knockout, Set A, 0.7mM Cu"
[1] NA
[1] "Halobacterium NRC-1, control"
[1] NA
[1] "Halobacterium NRC-1, ura3 Knockout, Set B, 0.7mM Cu"
[1] NA
[1] "Halobacterium NRC-1, control"
[1] NA
[1] "Halobacterium NRC-1, ura3 Knockout, Set A, 0.85mM Cu"
[1] NA
[1] "Halobacterium NRC-1, control"
[1] NA
[1] "Halobacterium NRC-1, ura3 Knockout, Set B, 0.85mM Cu"
[1] NA
[1] "Halobacterium NRC-1, control"
[1] NA
[1] "Halobacterium NRC-1, ura3 Knockout, Set A, 1.0mM Cu"
[1] NA
[1] "Halobacterium NRC-1, control"
[1] NA
[1] "Halobacterium NRC-1, ura3 Knockout, Set B, 1.0mM Cu"
[1] NA
[1] "Halobacterium NRC-1, control"
[1] NA
