[1] "Normalized, log2 (ChIP/Input) ratio"
[1] "FNR ChIP DNA from WT Escherchia coli MG1655 K-12"
[1] NA
[1] "FNR ChIP DNA from WT Escherchia coli MG1655 K-12"
[1] NA
[1] "FNR ChIP DNA from WT Escherchia coli MG1655 K-12"
[1] NA
[1] "ß ChIP DNA from WT Escherichia coli MG1655 K-12"
[1] NA
[1] "ß ChIP DNA from WT Escherichia coli MG1655 K-12"
[1] NA
[1] "ß ChIP DNA from WT Escherichia coli MG1655 K-12"
[1] NA
[1] "ß ChIP DNA from WT Escherichia coli MG1655 K-12"
[1] NA
[1] "HNS ChIP DNA from WT Escherichia coli MG1655 K-12"
[1] NA
[1] "HNS ChIP DNA from WT Escherichia coli MG1655 K-12"
[1] NA
[1] "IHF ChIP DNA from WT Escherichia coli MG1655 K-12"
[1] NA
[1] "∆fnr ChIP DNA from PK4854"
[1] NA
[1] "FNR IP from PK8263 with 4 µM IPTG"
[1] NA
[1] "FNR IP from PK8263 with 4 µM IPTG"
[1] NA
[1] "FNR IP from PK8263 with 8 µM IPTG"
[1] NA
[1] "FNR IP from PK8263 with 8 µM IPTG"
[1] NA
[1] "FNR IP from PK8263 with 16 µM IPTG"
[1] NA
[1] "FNR IP from PK8263 with 16 µM IPTG"
[1] NA
[1] "FNR IP from PK8263 with 16 µM IPTG"
[1] NA
[1] "FNR IP from WT Escherichia coli MG1655 K-12"
[1] NA
[1] "FNR IP from WT Escherichia coli MG1655 K-12"
[1] NA
[1] "Anaerobic Cultures"
[1] NA
[1] "Anaerobic Cultures"
[1] NA
[1] "Aerobic Cultures"
[1] NA
[1] "Anaerobic Cultures"
[1] NA
[1] "Aerobic Cultures"
[1] NA
[1] "Anaerobic Cultures"
[1] NA
[1] "Escherichia coli MG1655 K-12 WT"
[1] NA
[1] "Escherichia coli MG1655 K-12 WT"
[1] NA
[1] "Escherichia coli MG1655 K-12 ∆fnr"
[1] NA
[1] "Escherichia coli MG1655 K-12 ∆fnr"
[1] NA
[1] "Escherichia coli MG1655 K-12 WT"
[1] NA
[1] "Escherichia coli MG1655 K-12 WT"
[1] NA
[1] "Escherichia coli MG1655 K-12 dFNR (PK4854)"
[1] NA
[1] "Escherichia coli MG1655 K-12 dFNR (PK4854)"
[1] NA
[1] "FNR ChIP DNA from ∆hns/∆stpA E. coli MG1655"
[1] NA
[1] "FNR ChIP DNA from ∆hns/∆stpA E. coli MG1655"
[1] NA
[1] "Aerobic Cultures"
[1] NA
[1] "Anaerobic Cultures"
[1] NA
[1] "Aerobic Cultures"
[1] NA
[1] "Escherichia coli MG1655 K-12 ∆hns/∆stpA, aerobic"
[1] NA
[1] "Escherichia coli MG1655 K-12 ∆hns/∆stpA, aerobic"
[1] NA
[1] "Escherichia coli MG1655 K-12 ∆hns/∆stpA, anaerobic"
[1] NA
[1] "Escherichia coli MG1655 K-12 ∆hns/∆stpA, anaerobic"
[1] NA
[1] "Escherichia coli MG1655 K-12 WT"
[1] NA
[1] "Escherichia coli MG1655 K-12 WT"
[1] NA
[1] "HNS ChIP DNA from WT Escherichia coli MG1655 K-12 Replicate B"
[1] NA
[1] "HNS ChIP DNA from WT Escherichia coli MG1655 K-12 Replicate B"
[1] NA
[1] "IHF ChIP DNA from WT Escherichia coli MG1655 K-12 Replicate B"
[1] NA
