[1] "Normalized signal intensity"
[1] "VP1GFP, uninduced, Time 0"
[1] NA
[1] "VP1GFP, uninduced, Time 0"
[1] NA
[1] "VP1GFP, uninduced, Time 0"
[1] NA
[1] "VP1GFP, induced, Time 5"
[1] NA
[1] "VP1GFP, induced, Time 5"
[1] NA
[1] "VP1GFP, induced, Time 5"
[1] NA
[1] "VP1GFP, induced, Time 20"
[1] NA
[1] "VP1GFP, induced, Time 20"
[1] NA
[1] "VP1GFP, induced, Time 20"
[1] NA
[1] "VP1GFP, induced, Time 40"
[1] NA
[1] "VP1GFP, induced, Time 40"
[1] NA
[1] "VP1GFP, induced, Time 40"
[1] NA
[1] "VP1GFP, induced, Time 60"
[1] NA
[1] "VP1GFP, induced, Time 60"
[1] NA
[1] "VP1GFP, induced, Time 60"
[1] NA
[1] "VP1GFP, uninduced, Time 60"
[1] NA
[1] "VP1GFP, uninduced, Time 60"
[1] NA
[1] "VP1GFP, uninduced, Time 60"
[1] NA
[1] "GFPCAT, uninduced, Time 0"
[1] NA
[1] "GFPCAT, uninduced, Time 0"
[1] NA
[1] "GFPCAT, uninduced, Time 0"
[1] NA
[1] "GFPCAT, induced, Time 5"
[1] NA
[1] "GFPCAT, induced, Time 5"
[1] NA
[1] "GFPCAT, induced, Time 5"
[1] NA
[1] "GFPCAT, induced, Time 20"
[1] NA
[1] "GFPCAT, induced, Time 20"
[1] NA
[1] "GFPCAT, induced, Time 20"
[1] NA
[1] "GFPCAT, induced, Time 40"
[1] NA
[1] "GFPCAT, induced, Time 40"
[1] NA
[1] "GFPCAT, induced, Time 40"
[1] NA
[1] "GFPCAT, induced, Time 60"
[1] NA
[1] "GFPCAT, induced, Time 60"
[1] NA
[1] "GFPCAT, induced, Time 60"
[1] NA
[1] "GFPCAT, uninduced, Time 60"
[1] NA
[1] "GFPCAT, uninduced, Time 60"
[1] NA
[1] "GFPCAT, uninduced, Time 60"
[1] NA
[1] "VP1GFP, ethanol-treated, uninduced, Time 0"
[1] NA
[1] "VP1GFP, ethanol-treated, uninduced, Time 0"
[1] NA
[1] "VP1GFP, ethanol-treated, uninduced, Time 0"
[1] NA
[1] "VP1GFP, ethanol-treated, uninduced, Time 0"
[1] NA
[1] "VP1GFP, ethanol-treated, uninduced, Time 0"
[1] NA
[1] "VP1GFP, ethanol-treated, uninduced, Time 0"
[1] NA
[1] "VP1GFP, ethanol-treated, uninduced, Time 60"
[1] NA
[1] "VP1GFP, ethanol-treated, uninduced, Time 60"
[1] NA
[1] "VP1GFP, ethanol-treated, uninduced, Time 60"
[1] NA
[1] "VP1GFP, ethanol-treated, induced, Time 60"
[1] NA
[1] "VP1GFP, ethanol-treated, induced, Time 60"
[1] NA
[1] "VP1GFP, ethanol-treated, induced, Time 60"
[1] NA
