[1] NA
[1] "E. coli MDS42, regular"
[1] NA
[1] "E. coli MDS42, regular"
[1] NA
[1] "E. coli MDS42, regular"
[1] NA
[1] "E. coli MDS42, osmotic pressure NaCl 0.20 M"
[1] NA
[1] "E. coli MDS42, osmotic pressure, NaCl 0.20 M"
[1] NA
[1] "E. coli MDS42, osmotic pressure, NaCl 0.20 M"
[1] NA
[1] "E. coli MDS42, osmotic pressure, NaCl 0.45 M"
[1] NA
[1] "E. coli MDS42, osmotic pressure, NaCl 0.45 M"
[1] NA
[1] "E. coli MDS42, osmotic pressure, NaCl 0.45 M"
[1] NA
[1] "E. coli MDS42, osmotic pressure, NaCl 0.55 M"
[1] NA
[1] "E. coli MDS42, osmotic pressure, NaCl 0.55 M"
[1] NA
[1] "E. coli MDS42, osmotic pressure, NaCl 0.55 M"
[1] NA
[1] "E. coli MDS42, temperature change, 40.0 deg C"
[1] NA
[1] "E. coli MDS42, temperature change, 40.0 deg C"
[1] NA
[1] "E. coli MDS42, temperature change, 40.0 deg C"
[1] NA
[1] "E. coli MDS42, temperature change, 41.5 deg C"
[1] NA
[1] "E. coli MDS42, temperature change, 41.5 deg C"
[1] NA
[1] "E. coli MDS42, temperature change, 41.5 deg C"
[1] NA
[1] "E. coli MDS42, temperature change, 41.8 deg C"
[1] NA
[1] "E. coli MDS42, temperature change, 41.8 deg C"
[1] NA
[1] "E. coli MDS42, temperature change, 41.8 deg C"
[1] NA
[1] "E. coli MDS42, starvation, SHX 50 ng/ml"
[1] NA
[1] "E. coli MDS42, starvation, SHX 50 ng/ml"
[1] NA
[1] "E. coli MDS42, starvation, SHX 50 ng/ml"
[1] NA
[1] "E. coli MDS42, starvation, SHX 100 ng/ml"
[1] NA
[1] "E. coli MDS42, starvation, SHX 100 ng/ml"
[1] NA
[1] "E. coli MDS42, starvation, SHX 100 ng/ml"
[1] NA
[1] "E. coli MDS42, starvation, SHX 150 ng/ml"
[1] NA
[1] "E. coli MDS42, starvation, SHX 150 ng/ml"
[1] NA
[1] "E. coli MDS42, starvation, SHX 150 ng/ml"
[1] NA
