[1] "log2 (normalized Cy5_intensity/normalized_Cy3_intensity)"
[1] "RNAP ChIP DNA from MDS42 cells"
[1] NA
[1] "RNAP ChIP DNA from MDS42 cells"
[1] NA
[1] "RNAP ChIP DNA from MDS42 ΔnusG cells"
[1] NA
[1] "RNAP ChIP DNA from MDS42 ΔnusG cells"
[1] NA
[1] "RNAP ChIP DNA from MDS42 ΔnusA* cells"
[1] NA
[1] "RNAP ChIP DNA from MDS42 ΔnusA* cells"
[1] NA
[1] "H-NS ChIP DNA from MG1655 cells"
[1] NA
[1] "H-NS ChIP DNA from MG1655 cells"
[1] NA
[1] "RNAP ChIP DNA from MG1655 cells"
[1] NA
[1] "RNAP ChIP DNA from MG1655 cells"
[1] NA
[1] "RNAP ChIP DNA from MG1655 Δhns cells"
[1] NA
[1] "RNAP ChIP DNA from MG1655 Δhns cells"
[1] NA
