[1] "normalized ratio represents reference/test"
[1] "7H9 broth-grown M. tb (reference)"
[1] NA
[1] "M. tb in HIV+ blood (donor H16)"
[1] NA
[1] "7H9 broth-grown M. tb (reference)"
[1] NA
[1] "M. tb in HIV+ blood (donor H20)"
[1] NA
[1] "7H9 broth-grown M. tb (reference)"
[1] NA
[1] "M. tb in HIV+ blood (donor H24)"
[1] NA
[1] "7H9 broth-grown M. tb (reference)"
[1] NA
[1] "M. tb in HIV+ blood (donor H28)"
[1] NA
[1] "7H9 broth-grown M. tb (reference)"
[1] NA
[1] "M. tb in HIV+ blood (donor H30)"
[1] NA
[1] "7H9 broth-grown M. tb (reference)"
[1] NA
[1] "M. tb in HIV+ blood (donor H34)"
[1] NA
[1] "7H9 broth-grown M. tb (reference)"
[1] NA
[1] "M. tb in HIV- blood (donor P3)"
[1] NA
[1] "7H9 broth-grown M. tb (reference)"
[1] NA
[1] "M. tb in HIV- blood (donor P7)"
[1] NA
[1] "7H9 broth-grown M. tb (reference)"
[1] NA
[1] "M. tb in HIV- blood (donor P13)"
[1] NA
[1] "7H9 broth-grown M. tb (reference)"
[1] NA
[1] "M. tb in HIV- blood (donor P14)"
[1] NA
[1] "7H9 broth-grown M. tb (reference)"
[1] NA
[1] "M. tb in HIV- blood (donor P15)"
[1] NA
[1] "7H9 broth-grown M. tb (reference)"
[1] NA
[1] "M. tb in HIV- blood (donor P16)"
[1] NA
