[1] "log2 (normalized Cy5_intensity/normalized_Cy3_intensity)"
[1] "RNAP ChIP DNA from MDS42 cells"
[1] NA
[1] "RNAP ChIP DNA from MDS42 cells"
[1] NA
[1] "RNAP ChIP DNA from MDS42 ΔnusG cells"
[1] NA
[1] "RNAP ChIP DNA from MDS42 ΔnusG cells"
[1] NA
[1] "RNAP ChIP DNA from MDS42 ΔnusA* cells"
[1] NA
[1] "RNAP ChIP DNA from MDS42 ΔnusA* cells"
[1] NA
[1] "H-NS ChIP DNA from MG1655 cells"
[1] NA
[1] "H-NS ChIP DNA from MG1655 cells"
[1] NA
[1] "RNAP ChIP DNA from MG1655 cells"
[1] NA
[1] "RNAP ChIP DNA from MG1655 cells"
[1] NA
[1] "RNAP ChIP DNA from MG1655 Δhns cells"
[1] NA
[1] "RNAP ChIP DNA from MG1655 Δhns cells"
[1] NA
[1] "Δrac"
[1] NA
[1] "Δrac"
[1] NA
[1] "Δrac + 20 ug/ml bicyclomycin"
[1] NA
[1] "Δrac + 20 ug/ml bicyclomycin"
[1] NA
[1] "Δrac ΔnusG"
[1] NA
[1] "Δrac ΔnusG"
[1] NA
[1] "MDS42"
[1] NA
[1] "MDS42"
[1] NA
[1] "MDS42 + 20 ug/ml bicyclomycin"
[1] NA
[1] "MDS42 + 20 ug/ml bicyclomycin"
[1] NA
[1] "MDS42 ΔnusG"
[1] NA
[1] "MDS42 ΔnusG"
[1] NA
[1] "MDS42 ΔnusA*"
[1] NA
[1] "MDS42 ΔnusA*"
[1] NA
[1] "MG1655"
[1] NA
[1] "MG1655"
[1] NA
[1] "MG1655 + 20 ug/ml bicyclomycin"
[1] NA
[1] "MG1655 + 20 ug/ml bicyclomycin"
[1] NA
