[1] "RMA normalized expression (log2 values)"
[1] "pEXCF 0081__hypoxic_0.1"
[1] NA
[1] "pEXCF 0081__hypoxic_1"
[1] NA
[1] "pEXCF 0081__hypoxic_10"
[1] NA
[1] "pEXCF 0081__hypoxic_100"
[1] NA
[1] "pEXNF 3133c__Aerobic_1"
[1] NA
[1] "pEXNF 3133c__Aerobic_10"
[1] NA
[1] "pEXNF 3133c__Aerobic_100"
[1] NA
[1] "pEXNF 3133c__hypoxic_1"
[1] NA
[1] "pEXNF 3133c__hypoxic_10"
[1] NA
[1] "pEXNF 3133c__hypoxic_100"
[1] NA
[1] "SG2 A0"
[1] NA
[1] "SG2 A1"
[1] NA
[1] "SG2 A2"
[1] NA
[1] "SG2 A3"
[1] NA
[1] "SG2 A5"
[1] NA
[1] "SG2 A7"
[1] NA
[1] "SG2 A8"
[1] NA
[1] "SG2 A9"
[1] NA
[1] "SG2 B0"
[1] NA
[1] "SG2 B1"
[1] NA
[1] "SG2 B2"
[1] NA
[1] "SG2 B3"
[1] NA
[1] "SG2 B5"
[1] NA
[1] "SG2 B7"
[1] NA
[1] "SG2 B8"
[1] NA
[1] "SG2 B9"
[1] NA
[1] "SG2 D0"
[1] NA
[1] "SG2 D1"
[1] NA
[1] "SG2 D2"
[1] NA
[1] "SG2 D3"
[1] NA
[1] "SG2 D5"
[1] NA
[1] "SG2 D7"
[1] NA
[1] "SG2 D8"
[1] NA
[1] "SG2 D9"
[1] NA
[1] "SG6 A0"
[1] NA
[1] "SG6 A1"
[1] NA
[1] "SG6 A7"
[1] NA
[1] "SG6 B0"
[1] NA
[1] "SG6 B1"
[1] NA
[1] "SG6 B7"
[1] NA
[1] "SG6A11"
[1] NA
[1] "SG6A14"
[1] NA
[1] "SG6A8"
[1] NA
[1] "SG6B11"
[1] NA
[1] "SG6B14"
[1] NA
[1] "SG6B8"
[1] NA
[1] "SG6C1"
[1] NA
[1] "SG6C12"
[1] NA
[1] "SG6C14"
[1] NA
[1] "SG6C8"
[1] NA
[1] "SG6CT7"
[1] NA
[1] "SG6D1"
[1] NA
[1] "SG6D12"
[1] NA
[1] "SG6D8"
[1] NA
[1] "SG6DT14"
[1] NA
[1] "SG6DT7"
[1] NA
[1] "SG6DT8"
[1] NA
[1] "SG6G0"
[1] NA
[1] "SG6H0"
[1] NA
[1] "SG7AT0"
[1] NA
[1] "SG7AT1"
[1] NA
[1] "SG7BT0"
[1] NA
[1] "SG7BT1"
[1] NA
[1] "SG7CT0"
[1] NA
[1] "SG7CT1"
[1] NA
[1] "SG7DT0"
[1] NA
[1] "SG7DT1"
[1] NA
[1] "SG7T12A"
[1] NA
[1] "SG7T12B"
[1] NA
[1] "SG7T12C"
[1] NA
[1] "SG7T12D"
[1] NA
[1] "SG7T7B"
[1] NA
[1] "SG7T7C"
[1] NA
[1] "SG7T7D"
[1] NA
[1] "SG7T8A"
[1] NA
[1] "SG7T8B"
[1] NA
[1] "SG7T8C"
[1] NA
[1] "SG7T8D"
[1] NA
[1] "TFOE 0383_1626"
[1] NA
[1] "TFOE 0658_2021c"
[1] NA
[1] "TFOE 0700_2711"
[1] NA
[1] "TFOE 1064_0757_1ng"
[1] NA
[1] "TFOE 1104_3574_10"
[1] NA
[1] "TFOE 1156_3765c"
[1] NA
[1] "TFOE 1168_0737"
[1] NA
[1] "TFOE 1260_2242"
[1] NA
[1] "TFOE 1280_0117"
[1] NA
[1] "TFOE 1288_2250c"
[1] NA
[1] "TFOE 1371_2621c"
[1] NA
[1] "TFOE 1474_1152"
[1] NA
[1] "TFOE 1515_2175c"
[1] NA
[1] "TFOE 1608_2640c"
[1] NA
[1] "TFOE 1741_1287"
[1] NA
[1] "TFOE 1808_1186c"
[1] NA
[1] "TFOE 2068_3133c_0.1"
[1] NA
[1] "TFOE 2092_3681c"
[1] NA
[1] "TFOE 2104_3260c"
[1] NA
[1] "TFOE 2216_1657"
[1] NA
[1] "TFOE 2382_3133c__10"
[1] NA
[1] "TFOE 2431_0054"
[1] NA
[1] "TFOE 2520_0452"
[1] NA
[1] "TFOE 2546_0757"
[1] NA
[1] "TFOE 2591_2887"
[1] NA
[1] "TFOE 2629_3066"
[1] NA
[1] "TFOE 2670_0465c_a"
[1] NA
[1] "TFOE 2686_1985b2"
[1] NA
[1] "TFOE 2914_1556"
[1] NA
[1] "TFOE 2915_1956"
[1] NA
[1] "TFOE 3005_3574_A"
[1] NA
[1] "TFOE 3113_0232"
[1] NA
[1] "TFOE 3373_3597c"
[1] NA
[1] "TFOE 3497_1719"
[1] NA
[1] "TFOE 3534_1395"
[1] NA
[1] "TFOE 3550_2989"
[1] NA
[1] "TFOE 3603_1359"
[1] NA
[1] "TFOE 3642_0653c"
[1] NA
[1] "TFOE 3679_0681"
[1] NA
[1] "TFOE 3680_1221"
[1] NA
[1] "TFOE 3722_3133c__1.0"
[1] NA
[1] "TFOE 3781_1027c"
[1] NA
[1] "TFOE 3781_1027c"
[1] NA
[1] "TFOE 3809_0324"
[1] NA
[1] "TFOE 3883_3143"
[1] NA
[1] "TFOE 4001_1176c"
[1] NA
[1] "TFOE 4177_0081_3B"
[1] NA
[1] "TFOE 4186_3574_B"
[1] NA
[1] "TFOE 4221_1994c"
[1] NA
[1] "TFOE 4225_0078"
[1] NA
[1] "TFOE 4265_3133c_B"
[1] NA
[1] "TFOE 4270_2359"
[1] NA
[1] "TFOE 4398_3301c"
[1] NA
[1] "TFOE 4428_0081_100ng"
[1] NA
[1] "TFOE 4497_1460"
[1] NA
[1] "TFOE 4577_3583c"
[1] NA
[1] "TFOE 4663_0757_.1ng"
[1] NA
[1] "TFOE 4681_3219"
[1] NA
[1] "TFOE 4688_0330c"
[1] NA
[1] "TFOE 4863_3124"
[1] NA
[1] "TFOE 5002_2324"
[1] NA
[1] "TFOE 5112_1189"
[1] NA
[1] "TFOE 5114_2258c"
[1] NA
[1] "TFOE 5216_1267c"
[1] NA
[1] "TFOE 5219_2017"
[1] NA
[1] "TFOE 5292_1423"
[1] NA
[1] "TFOE 5338_3597c"
[1] NA
[1] "TFOE 5343_3295"
[1] NA
[1] "TFOE 5371_3246c"
[1] NA
[1] "TFOE 5381_0623"
[1] NA
[1] "TFOE 5383_3060c"
[1] NA
[1] "TFOE 5586_3249c"
[1] NA
[1] "TFOE 5624_0827c_B_UNINDUCED"
[1] NA
[1] "TFOE 5888_3574__0.1"
[1] NA
[1] "TFOE 5913_3167c"
[1] NA
[1] "TFOE 5958_1353c"
[1] NA
[1] "TFOE 6079_0818"
[1] NA
[1] "TFOE 6098_2478c"
[1] NA
[1] "TFOE 6107_3291c"
[1] NA
[1] "TFOE 6112_2642"
[1] NA
[1] "TFOE 6147_0324"
[1] NA
[1] "TFOE 6301_1152_B"
[1] NA
[1] "TFOE 6350_0757_10ng"
[1] NA
[1] "TFOE 6378_2034"
[1] NA
[1] "TFOE 6543_2258c"
[1] NA
[1] "TFOE 6565_1846c"
[1] NA
[1] "TFOE 6644_3405c"
[1] NA
[1] "TFOE 6778_0586"
[1] NA
[1] "TFOE 6830_3862c"
[1] NA
[1] "TFOE 6841_3183"
[1] NA
[1] "TFOE 7000_2034"
[1] NA
[1] "TFOE 7016_3133c_C"
[1] NA
[1] "TFOE 7099_1332"
[1] NA
[1] "TFOE 7211_0081_2B"
[1] NA
[1] "TFOE 7293_1473A"
[1] NA
[1] "TFOE 7414_3840"
[1] NA
[1] "TFOE 7435_0494"
[1] NA
[1] "TFOE 7476_2324"
[1] NA
[1] "TFOE 7537_3160c"
[1] NA
[1] "TFOE 7581_1560"
[1] NA
[1] "TFOE 7662_0827c_A"
[1] NA
[1] "TFOE 7826_1674c"
[1] NA
[1] "TFOE 7826_3050c"
[1] NA
[1] "TFOE 7861_0465c_b"
[1] NA
[1] "TFOE 7879_0232"
[1] NA
[1] "TFOE 7984_1773c"
[1] NA
[1] "TFOE 8005_1255c"
[1] NA
[1] "TFOE 8008_3249c"
[1] NA
[1] "TFOE 8077_0081_1ng"
[1] NA
[1] "TFOE 8192_3849"
[1] NA
[1] "TFOE 8486_0981_b"
[1] NA
[1] "TFOE 8575_2282c"
[1] NA
[1] "TFOE 8690_0472c"
[1] NA
[1] "TFOE 8699_0324"
[1] NA
[1] "TFOE 8710_0081"
[1] NA
[1] "TFOE 8765_2506"
[1] NA
[1] "TFOE 8870_3574__1.0"
[1] NA
[1] "TFOE 8883_0602c"
[1] NA
[1] "TFOE 8902_0081_10ng"
[1] NA
[1] "TFOE 8951_0465c_c"
[1] NA
[1] "TFOE 9004_3223c"
[1] NA
[1] "TFOE 9032_3855"
[1] NA
[1] "TFOE 9056_0195"
[1] NA
[1] "TFOE 9229_2069"
[1] NA
[1] "TFOE 9243_1909c"
[1] NA
[1] "TFOE 9257_0043c"
[1] NA
[1] "TFOE 9287_0081_.1ng"
[1] NA
[1] "TFOE 9336_0353"
[1] NA
[1] "TFOE 9544_3286c"
[1] NA
[1] "TFOE 9642_3334"
[1] NA
[1] "TFOE 9652_3133c_A"
[1] NA
[1] "TFOE 9916_2374c"
[1] NA
[1] "TFOE 9939_3830c"
[1] NA
[1] "TFOE 9973_2703"
[1] NA
