[1] "MAS5.0"
[1] "Staphylococcus aureus no treatment_0min"
[1] NA
[1] "Staphylococcus aureus no treatment_0min"
[1] NA
[1] "Staphylococcus aureus no treatment_0min"
[1] NA
[1] "Staphylococcus aureus no treatment_0min"
[1] NA
[1] "Staphylococcus aureus no treatment_0min"
[1] NA
[1] "Staphylococcus aureus OBPCP_10min"
[1] NA
[1] "Staphylococcus aureus OBPCP_10min"
[1] NA
[1] "Staphylococcus aureus OBPCP_10min"
[1] NA
[1] "Staphylococcus aureus OBPCP_10min"
[1] NA
[1] "Staphylococcus aureus OBPCP_10min"
[1] NA
[1] "Staphylococcus aureus OBPCP_60min"
[1] NA
[1] "Staphylococcus aureus OBPCP_60min"
[1] NA
[1] "Staphylococcus aureus OBPCP_60min"
[1] NA
[1] "Staphylococcus aureus OBPCP_60min"
[1] NA
[1] "Staphylococcus aureus OBPCP_60min"
[1] NA
[1] "Staphylococcus aureus no treatment_0min"
[1] NA
[1] "Staphylococcus aureus no treatment_0min"
[1] NA
[1] "Staphylococcus aureus no treatment_0min"
[1] NA
[1] "Staphylococcus aureus no treatment_0min"
[1] NA
[1] "Staphylococcus aureus PTAP_10min"
[1] NA
[1] "Staphylococcus aureus PTAP_10min"
[1] NA
[1] "Staphylococcus aureus PTAP_10min"
[1] NA
[1] "Staphylococcus aureus PTAP_10min"
[1] NA
[1] "Staphylococcus aureus PTAP_60min"
[1] NA
[1] "Staphylococcus aureus PTAP_60min"
[1] NA
[1] "Staphylococcus aureus PTAP_60min"
[1] NA
[1] "Staphylococcus aureus PTAP_60min"
[1] NA
