[1] "normalized signal"
[1] "PAO1 basal condition"
[1] NA
[1] "PAO1 basal condition"
[1] NA
[1] "PAO1 basal condition"
[1] NA
[1] "creBC mutant basal condition"
[1] NA
[1] "creBC mutant basal condition"
[1] NA
[1] "creBC mutant basal condition"
[1] NA
[1] "PAO1 cefoxitin induction"
[1] NA
[1] "PAO1 cefoxitin induction"
[1] NA
[1] "PAO1 cefoxitin induction"
[1] NA
[1] "creBC cefoxitin induction"
[1] NA
[1] "creBC cefoxitin induction"
[1] NA
[1] "creBC cefoxitin induction"
[1] NA
[1] "PAO1 ceftazidime incubation"
[1] NA
[1] "PAO1 ceftazidime incubation"
[1] NA
[1] "PAO1 ceftazidime incubation"
[1] NA
[1] "creBC ceftazidime incubation"
[1] NA
[1] "creBC ceftazidime incubation"
[1] NA
[1] "creBC ceftazidime incubation"
[1] NA
