[1] "Normalized and background-corrected signal"
[1] "nasopharyngeal sample"
[1] NA
[1] "nasopharyngeal sample"
[1] NA
[1] "nasopharyngeal sample"
[1] NA
[1] "nasopharyngeal sample"
[1] NA
[1] "nasopharyngeal sample"
[1] NA
[1] "nasopharyngeal sample"
[1] NA
[1] "nasopharyngeal sample"
[1] NA
[1] "nasopharyngeal sample"
[1] NA
[1] "nasopharyngeal sample"
[1] NA
[1] "nasopharyngeal sample"
[1] NA
[1] "nasopharyngeal sample"
[1] NA
[1] "nasopharyngeal sample"
[1] NA
[1] "nasopharyngeal sample"
[1] NA
[1] "nasopharyngeal sample"
[1] NA
[1] "nasopharyngeal sample"
[1] NA
[1] "nasopharyngeal sample"
[1] NA
[1] "nasopharyngeal sample"
[1] NA
[1] "nasopharyngeal sample"
[1] NA
[1] "nasopharyngeal sample"
[1] NA
[1] "nasopharyngeal sample"
[1] NA
[1] "nasopharyngeal sample"
[1] NA
[1] "nasopharyngeal sample"
[1] NA
[1] "nasopharyngeal sample"
[1] NA
[1] "nasopharyngeal sample"
[1] NA
[1] "nasopharyngeal sample"
[1] NA
[1] "nasopharyngeal sample"
[1] NA
[1] "nasopharyngeal sample"
[1] NA
[1] "nasopharyngeal sample"
[1] NA
[1] "nasopharyngeal sample"
[1] NA
[1] "nasopharyngeal sample"
[1] NA
[1] "nasopharyngeal sample"
[1] NA
[1] "nasopharyngeal sample"
[1] NA
[1] "nasopharyngeal sample"
[1] NA
[1] "nasopharyngeal sample"
[1] NA
