[1] "Sequence normalized feature (probe) intensities with respect to the grand probe average."
[1] "SA WKZ1"
[1] NA
[1] "SA NCTC8325"
[1] NA
[1] "SA MW2"
[1] NA
[1] "SA S0385"
[1] NA
[1] "SA MRSA252"
[1] NA
[1] "SA MSSA476"
[1] NA
[1] "SA USA300"
[1] NA
[1] "SA Newman"
[1] NA
[1] "SA N315"
[1] NA
[1] "SA RF122"
[1] NA
[1] "SA Mu50"
[1] NA
[1] "SA WKZ1"
[1] NA
[1] "SA S0385"
[1] NA
[1] "SA USA300"
[1] NA
[1] "SA NCTC8325"
[1] NA
[1] "SA Mu50"
[1] NA
[1] "SA N315"
[1] NA
[1] "SA Newman"
[1] NA
[1] "SA MW2"
[1] NA
[1] "SA MRSA252"
[1] NA
[1] "SA RF122"
[1] NA
[1] "SA MSSA476"
[1] NA
[1] "SA NCTC8325"
[1] NA
[1] "SA MRSA252"
[1] NA
[1] "SA MSSA476"
[1] NA
[1] "SA USA300"
[1] NA
[1] "SA MW2"
[1] NA
[1] "SA Newman"
[1] NA
[1] "SA N315"
[1] NA
[1] "SA Mu50"
[1] NA
[1] "SA S0385"
[1] NA
[1] "SA WKZ1"
[1] NA
[1] "SA RF122"
[1] NA
[1] "Danio rerio male"
[1] NA
[1] "Danio rerio female"
[1] NA
[1] "Danio rerio female"
[1] NA
[1] "Danio rerio male"
[1] NA
[1] "Danio rerio male"
[1] NA
[1] "Danio rerio female"
[1] NA
[1] "Danio rerio female"
[1] NA
[1] "Danio rerio male"
[1] NA
[1] "Danio rerio male"
[1] NA
[1] "Danio rerio female"
[1] NA
[1] "Danio rerio female"
[1] NA
[1] "Danio rerio male"
[1] NA
