[1] "Quantile normailsed"
[1] "cultures"
[1] NA
[1] "cultures"
[1] NA
[1] "cultures"
[1] NA
[1] "cultures"
[1] NA
[1] "cultures"
[1] NA
[1] "cultures"
[1] NA
[1] "cultures"
[1] NA
[1] "cultures"
[1] NA
[1] "cultures"
[1] NA
[1] "cultures"
[1] NA
[1] "cultures"
[1] NA
[1] "cultures"
[1] NA
[1] "cultures"
[1] NA
[1] "cultures"
[1] NA
[1] "cultures"
[1] NA
[1] "cultures"
[1] NA
[1] "cultures"
[1] NA
[1] "cultures"
[1] NA
[1] "cultures"
[1] NA
[1] "cultures"
[1] NA
[1] "cultures"
[1] NA
[1] "cultures"
[1] NA
[1] "cultures"
[1] NA
[1] "cultures"
[1] NA
