[1] "Density loess normalized log10 ratios of IP to mock precipitated DNA for each probe."
[1] "0258 noH202"
[1] NA
[1] "control"
[1] NA
[1] "0258 +H202_10min"
[1] NA
[1] "control"
[1] NA
[1] "0258 +H202_20min"
[1] NA
[1] "control"
[1] NA
[1] "0258 +H202_60min"
[1] NA
[1] "control"
[1] NA
[1] "0258 22"
[1] NA
[1] "control"
[1] NA
[1] "0258 32"
[1] NA
[1] "control"
[1] NA
[1] "0258 33"
[1] NA
[1] "control"
[1] NA
[1] "0258 11"
[1] NA
[1] "control"
[1] NA
[1] "control"
[1] NA
[1] "0258 21_swap"
[1] NA
[1] "0258 13"
[1] NA
[1] "control"
[1] NA
