[1] NA
[1] "Aerobic culture"
[1] NA
[1] "Aerobic culture"
[1] NA
[1] "Aerobic culture"
[1] NA
[1] "Aerobic culture"
[1] NA
[1] "Aerobic culture"
[1] NA
[1] "Aerobic culture"
[1] NA
[1] "Aerobic culture"
[1] NA
[1] "Aerobic culture"
[1] NA
[1] "Aerobic culture"
[1] NA
[1] "Aerobic culture"
[1] NA
[1] "Aerobic culture"
[1] NA
[1] "Aerobic culture"
[1] NA
[1] "Aerobic culture"
[1] NA
[1] "Aerobic culture"
[1] NA
[1] "Aerobic culture"
[1] NA
[1] "Aerobic culture"
[1] NA
[1] "Aerobic culture"
[1] NA
[1] "Aerobic culture"
[1] NA
[1] "Aerobic culture"
[1] NA
[1] "Aerobic culture"
[1] NA
[1] "Aerobic culture"
[1] NA
[1] "Aerobic culture"
[1] NA
[1] "Aerobic culture"
[1] NA
[1] "Aerobic culture"
[1] NA
