[1] "MAS5.0 signal intensity"
[1] "PAO1ut (wild type) untreated replicate 1"
[1] NA
[1] "PAO1ut (wild type) untreated replicate 2"
[1] NA
[1] "PAO1ut (wild type) treated with nitric oxide replicate 1"
[1] NA
[1] "PAO1ut (wild type) treated with nitric oxide replicate 2"
[1] NA
[1] "RManr (anr mutant) untreated replicate 1"
[1] NA
[1] "RManr (anr mutant) untreated replicate 2"
[1] NA
[1] "RManr (anr mutant) treated with nitric oxide replicate 1"
[1] NA
[1] "RManr (anr mutant) treated with nitric oxide replicate 2"
[1] NA
[1] "RMdnr (dnr mutant) untreated replicate 1"
[1] NA
[1] "RMdnr (dnr mutant) untreated replicate 2"
[1] NA
[1] "RMdnr (dnr mutant) treated with nitric oxide replicate 1"
[1] NA
[1] "RMdnr (dnr mutant) treated with nitric oxide replicate 2"
[1] NA
[1] "RManrEXdnr (anr mutant expressing DNR) untreated replicate 1"
[1] NA
[1] "RManrEXdnr (anr mutant expressing DNR) untreated replicate 2"
[1] NA
[1] "RManrEXdnr (anr mutant expressing DNR) treated with nitric oxide replicate 1"
[1] NA
[1] "RManrEXdnr (anr mutant expressing DNR) treated with nitric oxide replicate 2"
[1] NA
[1] "PDM2665 (fhpR mutant) untreated replicate 1"
[1] NA
[1] "PDM2665 (fhpR mutant) untreated replicate 2"
[1] NA
[1] "PDM2665 (fhpR mutant) treated with nitric oxide replicate 1"
[1] NA
[1] "PDM2665 (fhpR mutant) treated with nitric oxide replicate 2"
[1] NA
