[1] NA
[1] "Strain EOC113, LL, ZT 24 hours"
[1] "24"
[1] "valid gsm... but no data in gsm data table! getting supplementary file (which may or may not contain the data) and writing to subfolder"
[1] "Strain EOC113, LL, ZT 28 hours"
[1] "28"
[1] "valid gsm... but no data in gsm data table! getting supplementary file (which may or may not contain the data) and writing to subfolder"
[1] "Strain EOC113, LL, ZT 32 hours"
[1] "32"
[1] "valid gsm... but no data in gsm data table! getting supplementary file (which may or may not contain the data) and writing to subfolder"
[1] "Strain EOC113, LL, ZT 36 hours"
[1] "36"
[1] "valid gsm... but no data in gsm data table! getting supplementary file (which may or may not contain the data) and writing to subfolder"
[1] "Strain EOC113, LL, ZT 40 hours"
[1] "40"
[1] "valid gsm... but no data in gsm data table! getting supplementary file (which may or may not contain the data) and writing to subfolder"
[1] "Strain EOC113, LL, ZT 44 hours"
[1] "44"
[1] "valid gsm... but no data in gsm data table! getting supplementary file (which may or may not contain the data) and writing to subfolder"
[1] "Strain EOC346, LL, 0 hours + IPTG"
[1] "0"
[1] "valid gsm... but no data in gsm data table! getting supplementary file (which may or may not contain the data) and writing to subfolder"
[1] "Strain EOC346, LL, 0.5 hours + IPTG"
[1] "0.5"
[1] "Strain EOC346, LL, 2 hours + IPTG"
[1] "2"
[1] "valid gsm... but no data in gsm data table! getting supplementary file (which may or may not contain the data) and writing to subfolder"
[1] "Strain EOC346, LL, 3 hours + IPTG"
[1] "3"
[1] "valid gsm... but no data in gsm data table! getting supplementary file (which may or may not contain the data) and writing to subfolder"
[1] "Strain EOC346, LL, 6 hours + IPTG"
[1] "6"
[1] "valid gsm... but no data in gsm data table! getting supplementary file (which may or may not contain the data) and writing to subfolder"
[1] "Strain EOC346, LL, 12 hours + IPTG"
[1] "12"
[1] "valid gsm... but no data in gsm data table! getting supplementary file (which may or may not contain the data) and writing to subfolder"
[1] "Strain EOC346, LL, 0 hours - IPTG"
[1] "0"
[1] "valid gsm... but no data in gsm data table! getting supplementary file (which may or may not contain the data) and writing to subfolder"
[1] "Strain EOC346, LL, 3 hours - IPTG"
[1] "3"
[1] "valid gsm... but no data in gsm data table! getting supplementary file (which may or may not contain the data) and writing to subfolder"
[1] "Strain EOC346, LL, 12 hours - IPTG"
[1] "12"
[1] "valid gsm... but no data in gsm data table! getting supplementary file (which may or may not contain the data) and writing to subfolder"
[1] "Strain EOC339, LL, 0 hours + IPTG"
[1] "0"
[1] "valid gsm... but no data in gsm data table! getting supplementary file (which may or may not contain the data) and writing to subfolder"
[1] "Strain EOC339, LL, 3 hours + IPTG"
[1] "3"
[1] "valid gsm... but no data in gsm data table! getting supplementary file (which may or may not contain the data) and writing to subfolder"
[1] "Strain EOC339, LL, 12 hours + IPTG"
[1] "12"
[1] "valid gsm... but no data in gsm data table! getting supplementary file (which may or may not contain the data) and writing to subfolder"
