[1] NA
[1] "Strain AMC408, LL, ZT 24 h"
[1] "24"
[1] "valid gsm... but no data in gsm data table! getting supplementary file (which may or may not contain the data) and writing to subfolder"
[1] "Strain AMC408, LL, ZT 28 h"
[1] "28"
[1] "valid gsm... but no data in gsm data table! getting supplementary file (which may or may not contain the data) and writing to subfolder"
[1] "Strain AMC408, LL, ZT 32 h"
[1] "32"
[1] "valid gsm... but no data in gsm data table! getting supplementary file (which may or may not contain the data) and writing to subfolder"
[1] "Strain AMC408, LL, ZT 36 h"
[1] "36"
[1] "valid gsm... but no data in gsm data table! getting supplementary file (which may or may not contain the data) and writing to subfolder"
[1] "Strain AMC408, LL, ZT 40 h"
[1] "40"
[1] "valid gsm... but no data in gsm data table! getting supplementary file (which may or may not contain the data) and writing to subfolder"
[1] "Strain AMC408, LL, ZT 44 h"
[1] "44"
[1] "valid gsm... but no data in gsm data table! getting supplementary file (which may or may not contain the data) and writing to subfolder"
[1] "Strain AMC408, LL, ZT 48 h"
[1] "48"
[1] "valid gsm... but no data in gsm data table! getting supplementary file (which may or may not contain the data) and writing to subfolder"
[1] "Strain EOC66, LL, pool of ZT 24, 28, 32, 36, 40 and 44 h"
[1] "44"
[1] "valid gsm... but no data in gsm data table! getting supplementary file (which may or may not contain the data) and writing to subfolder"
[1] "Strain EOC66, LL, pool of ZT 24, 28, 32, 36, 40 and 44 h"
[1] "44"
[1] "valid gsm... but no data in gsm data table! getting supplementary file (which may or may not contain the data) and writing to subfolder"
[1] "Strain AMC408, LL, ZT 32 h"
[1] "32"
[1] "valid gsm... but no data in gsm data table! getting supplementary file (which may or may not contain the data) and writing to subfolder"
[1] "Strain AMC408, LL, ZT 44 h"
[1] "44"
[1] "valid gsm... but no data in gsm data table! getting supplementary file (which may or may not contain the data) and writing to subfolder"
[1] "Strain EOC67, LL, ZT 36 h"
[1] "36"
[1] "valid gsm... but no data in gsm data table! getting supplementary file (which may or may not contain the data) and writing to subfolder"
[1] "Strain AMC408, LL, ZT 32 h"
[1] "32"
[1] "valid gsm... but no data in gsm data table! getting supplementary file (which may or may not contain the data) and writing to subfolder"
[1] "Strain AMC408, LL, ZT 32 h"
[1] "32"
[1] "valid gsm... but no data in gsm data table! getting supplementary file (which may or may not contain the data) and writing to subfolder"
[1] "Strain AMC408, LL, ZT 44 h"
[1] "44"
[1] "valid gsm... but no data in gsm data table! getting supplementary file (which may or may not contain the data) and writing to subfolder"
[1] "Strain AMC408, LL, ZT 32 h"
[1] "32"
[1] "valid gsm... but no data in gsm data table! getting supplementary file (which may or may not contain the data) and writing to subfolder"
[1] "Strain AMC408, LL, ZT 44 h"
[1] "44"
[1] "valid gsm... but no data in gsm data table! getting supplementary file (which may or may not contain the data) and writing to subfolder"
[1] "Strain EOC66, LL, pool of ZT 24, 28, 32, 36, 40 and 44 h"
[1] "44"
[1] "valid gsm... but no data in gsm data table! getting supplementary file (which may or may not contain the data) and writing to subfolder"
[1] "Strain EOC66, LL, pool of ZT 24, 28, 32, 36, 40 and 44 h"
[1] "44"
[1] "valid gsm... but no data in gsm data table! getting supplementary file (which may or may not contain the data) and writing to subfolder"
