[1] "log2 of PRE VALUE"
[1] "SB1 genomic DNA"
[1] NA
[1] "genomic DNA"
[1] NA
[1] "genomic DNA"
[1] NA
[1] "genomic DNA"
[1] NA
[1] "genomic DNA"
[1] NA
[1] "genomic DNA"
[1] NA
[1] "genomic DNA"
[1] NA
[1] "genomic DNA"
[1] NA
[1] "genomic DNA"
[1] NA
[1] "genomic DNA"
[1] NA
[1] "genomic DNA"
[1] NA
[1] "genomic DNA"
[1] NA
[1] "genomic DNA"
[1] NA
[1] "genomic DNA"
[1] NA
[1] "genomic DNA"
[1] NA
[1] "genomic DNA"
[1] NA
[1] "genomic DNA"
[1] NA
[1] "genomic DNA"
[1] NA
[1] "genomic DNA"
[1] NA
[1] "genomic DNA"
[1] NA
[1] "genomic DNA"
[1] NA
[1] "genomic DNA"
[1] NA
[1] "genomic DNA"
[1] NA
[1] "genomic DNA"
[1] NA
[1] "genomic DNA"
[1] NA
[1] "genomic DNA"
[1] NA
[1] "genomic DNA"
[1] NA
[1] "genomic DNA"
[1] NA
[1] "genomic DNA"
[1] NA
[1] "genomic DNA"
[1] NA
[1] "genomic DNA"
[1] NA
[1] "genomic DNA"
[1] NA
[1] "genomic DNA"
[1] NA
[1] "genomic DNA"
[1] NA
[1] "genomic DNA"
[1] NA
[1] "genomic DNA"
[1] NA
[1] "genomic DNA"
[1] NA
[1] "genomic DNA"
[1] NA
[1] "genomic DNA"
[1] NA
[1] "genomic DNA"
[1] NA
[1] "genomic DNA"
[1] NA
[1] "genomic DNA"
[1] NA
[1] "genomic DNA"
[1] NA
[1] "genomic DNA"
[1] NA
[1] "genomic DNA"
[1] NA
[1] "genomic DNA"
[1] NA
[1] "genomic DNA"
[1] NA
[1] "genomic DNA"
[1] NA
[1] "genomic DNA"
[1] NA
[1] "genomic DNA"
[1] NA
[1] "genomic DNA"
[1] NA
[1] "genomic DNA"
[1] NA
[1] "genomic DNA"
[1] NA
[1] "genomic DNA"
[1] NA
[1] "genomic DNA"
[1] NA
[1] "genomic DNA"
[1] NA
[1] "genomic DNA"
[1] NA
[1] "genomic DNA"
[1] NA
[1] "genomic DNA"
[1] NA
[1] "genomic DNA"
[1] NA
[1] "genomic DNA"
[1] NA
[1] "genomic DNA"
[1] NA
[1] "genomic DNA"
[1] NA
[1] "genomic DNA"
[1] NA
[1] "genomic DNA"
[1] NA
[1] "genomic DNA"
[1] NA
[1] "genomic DNA"
[1] NA
[1] "genomic DNA"
[1] NA
[1] "genomic DNA"
[1] NA
[1] "genomic DNA"
[1] NA
[1] "genomic DNA"
[1] NA
[1] "genomic DNA"
[1] NA
[1] "genomic DNA"
[1] NA
[1] "genomic DNA"
[1] NA
[1] "genomic DNA"
[1] NA
[1] "genomic DNA"
[1] NA
[1] "genomic DNA"
[1] NA
[1] "genomic DNA"
[1] NA
[1] "genomic DNA"
[1] NA
[1] "genomic DNA"
[1] NA
[1] "genomic DNA"
[1] NA
[1] "genomic DNA"
[1] NA
[1] "genomic DNA"
[1] NA
[1] "genomic DNA"
[1] NA
[1] "genomic DNA"
[1] NA
[1] "genomic DNA"
[1] NA
[1] "genomic DNA"
[1] NA
[1] "genomic DNA"
[1] NA
[1] "genomic DNA"
[1] NA
[1] "genomic DNA"
[1] NA
[1] "genomic DNA"
[1] NA
[1] "genomic DNA"
[1] NA
[1] "genomic DNA"
[1] NA
[1] "genomic DNA"
[1] NA
[1] "genomic DNA"
[1] NA
[1] "genomic DNA"
[1] NA
[1] "genomic DNA"
[1] NA
[1] "genomic DNA"
[1] NA
[1] "genomic DNA"
[1] NA
[1] "genomic DNA"
[1] NA
[1] "genomic DNA"
[1] NA
[1] "genomic DNA"
[1] NA
[1] "genomic DNA"
[1] NA
[1] "genomic DNA"
[1] NA
[1] "genomic DNA"
[1] NA
[1] "genomic DNA"
[1] NA
[1] "genomic DNA"
[1] NA
[1] "genomic DNA"
[1] NA
[1] "genomic DNA"
[1] NA
[1] "genomic DNA"
[1] NA
[1] "genomic DNA"
[1] NA
[1] "genomic DNA"
[1] NA
[1] "genomic DNA"
[1] NA
[1] "genomic DNA"
[1] NA
[1] "genomic DNA"
[1] NA
[1] "genomic DNA"
[1] NA
[1] "genomic DNA"
[1] NA
