[1] "MAS5-calculated Signal intensity"
[1] "Wild type S. aureus from ATCC"
[1] NA
[1] "Wild type S. aureus from ATCC"
[1] NA
[1] "Wild type S. aureus from ATCC"
[1] NA
[1] "Mutant JJ5 strain not treated"
[1] NA
[1] "Mutant JJ5 strain not treated"
[1] NA
[1] "Mutant JJ5 strain not treated"
[1] NA
[1] "Wild type S. aureus from ATCC"
[1] NA
[1] "Wild type S. aureus from ATCC"
[1] NA
[1] "Wild type S. aureus from ATCC"
[1] NA
[1] "Mutant JJ5 strain treated with Triclosan (1.0 ug/ml for 1 hour at 37C)"
[1] "1"
[1] "3600"
[1] "Mutant JJ5 strain treated with Triclosan (1.0 ug/ml for 1 hour at 37C)"
[1] "1"
[1] "3600"
[1] "Mutant JJ5 strain treated with Triclosan (1.0 ug/ml for 1 hour at 37C)"
[1] "1"
[1] "3600"
