[1] NA
[1] "Bacterial cells without_azithromycin"
[1] NA
[1] "Bacterial cells without_azithromycin"
[1] NA
[1] "Bacterial cells without_azithromycin"
[1] NA
[1] "Bacterial cells with_azithromycin"
[1] NA
[1] "Bacterial cells with_azithromycin"
[1] NA
[1] "Bacterial cells with_azithromycin"
[1] NA
[1] "Bacterial cells without_azithromycin"
[1] NA
[1] "Bacterial cells without_azithromycin"
[1] NA
[1] "Bacterial cells without_azithromycin"
[1] NA
[1] "Bacterial cells with_azithromycin"
[1] NA
[1] "Bacterial cells with_azithromycin"
[1] NA
[1] "Bacterial cells with_azithromycin"
[1] NA
