[1] "RMA values"
[1] "E. coli MG1655 wildtype"
[1] NA
[1] "E. coli MG1655 wildtype"
[1] NA
[1] "E. coli MG1655 wildtype"
[1] NA
[1] "E. coli MG1655 wildtype"
[1] NA
[1] "E. coli MG1655 wildtype"
[1] NA
[1] "E. coli MG1655 wildtype"
[1] NA
[1] "E. coli MG1655 wildtype"
[1] NA
[1] "E. coli MG1655 wildtype"
[1] NA
[1] "E. coli MG1655 wildtype"
[1] NA
[1] "E. coli enrofloxacin resistant"
[1] NA
[1] "E. coli enrofloxacin resistant"
[1] NA
[1] "E. coli enrofloxacin resistant"
[1] NA
[1] "E. coli enrofloxacin resistant"
[1] NA
[1] "E. coli enrofloxacin resistant"
[1] NA
[1] "E. coli enrofloxacin resistant"
[1] NA
[1] "E. coli tetracycline resistant"
[1] NA
[1] "E. coli tetracycline resistant"
[1] NA
[1] "E. coli tetracycline resistant"
[1] NA
[1] "E. coli tetracycline resistant"
[1] NA
[1] "E. coli tetracycline resistant"
[1] NA
[1] "E. coli tetracycline resistant"
[1] NA
[1] "E. coli enrofloxacin resistant"
[1] NA
[1] "E. coli enrofloxacin resistant"
[1] NA
[1] "E. coli enrofloxacin resistant"
[1] NA
