[1] "log2 RMA signal"
[1] "wild type (mc[2]6020)"
[1] NA
[1] "wild type (mc[2]6020)"
[1] NA
[1] "hip mutant KL2801"
[1] NA
[1] "hip mutant KL2801"
[1] NA
[1] "hip mutant KL2825"
[1] NA
[1] "hip mutant KL2825"
[1] NA
[1] "hip mutant KL2849"
[1] NA
[1] "hip mutant KL2849"
[1] NA
[1] "hip mutant HTS1090"
[1] NA
[1] "hip mutant HTS1090"
[1] NA
[1] "hip mutant HTS1105"
[1] NA
[1] "hip mutant HTS1105"
[1] NA
[1] "hip mutant HT1116"
[1] NA
[1] "hip mutant HT1116"
[1] NA
[1] "hip mutant HT1117"
[1] NA
[1] "hip mutant HT1117"
[1] NA
[1] "hip mutant HT1120"
[1] NA
[1] "hip mutant HT1120"
[1] NA
[1] "hip mutant HT1130"
[1] NA
[1] "hip mutant HT1130"
[1] NA
[1] "hip mutant HT1134"
[1] NA
[1] "hip mutant HT1134"
[1] NA
[1] "hip mutant HT1137"
[1] NA
[1] "hip mutant HT1137"
[1] NA
[1] "hip mutant HT1170"
[1] NA
[1] "hip mutant HT1170"
[1] NA
