[1] NA
[1] "PA14 wt_anox"
[1] NA
[1] "PA14 wt_anox"
[1] NA
[1] "PA14 wt_att_control"
[1] NA
[1] "PA14 wt_att_control"
[1] NA
[1] "PA14 wt_att"
[1] NA
[1] "PA14 wt_att"
[1] NA
[1] "PA14 wt_bf24"
[1] NA
[1] "PA14 wt_bf24"
[1] NA
[1] "PA14 wt_bf48"
[1] NA
[1] "PA14 wt_bf48"
[1] NA
[1] "PA14 wt_lowP"
[1] NA
[1] "PA14 wt_lowP"
[1] NA
[1] "PA14 wt_exp"
[1] NA
[1] "PA14 wt_exp"
[1] NA
[1] "RpoD overexpressed_exp"
[1] NA
[1] "FliA wildtype_exp"
[1] NA
[1] "FliA empty_vector_exp"
[1] NA
[1] "FliA wildtype_exp"
[1] NA
[1] "PA14 tumor"
[1] NA
[1] "PA14 tumor"
[1] NA
[1] "RpoH empty_control_heat shock (42°)"
[1] NA
[1] "RpoH wildtype_heat shock (42°)"
[1] NA
[1] "AlgU empty_vector_heat shock (50°)"
[1] NA
[1] "AlgU wildtype_heat shock (50°)"
[1] NA
[1] "AlgU empty_vector_heat shock (50°)"
[1] NA
[1] "AlgU wildtype_heat shock (50°)"
[1] NA
[1] "FecI2 empty_vector_iron starvation"
[1] NA
[1] "FecI2 wildtype_iron starvation"
[1] NA
[1] "FpvI empty_vector_iron starvation"
[1] NA
[1] "FpvI wildtype_iron starvation"
[1] NA
[1] "PvdS empty_vector_iron starvation"
[1] NA
[1] "PvdS wildtype_iron starvation"
[1] NA
[1] "FecI empty_vector_iron starvation"
[1] NA
[1] "FecI wildtype_iron starvation"
[1] NA
[1] "SigX empty_vector_low osmolarity"
[1] NA
[1] "SigX wildtype_low osmolarity"
[1] NA
[1] "SigX empty_vector_low osmolarity"
[1] NA
[1] "SigX wildtype_low osmolarity"
[1] NA
[1] "PA14 wt_stat"
[1] NA
[1] "PA14 wt_stat"
[1] NA
[1] "RpoS wildtype_transitional growth"
[1] NA
[1] "RpoS empty_vector_transitional growth"
[1] NA
[1] "RpoS wildtype_transitional growth"
[1] NA
[1] "RpoN wildtype_transitional growth"
[1] NA
[1] "RpoN overexpressed_transitional growth"
[1] NA
[1] "RpoS wildtype_transitional growth"
[1] NA
[1] "RpoN overexpressed_transitional growth"
[1] NA
