[1] "log2 RMA signal"
[1] "E. coli strain MC4100relA+ in mid log phase incubated at 37ºC for 4 hours without treatment."
[1] "4"
[1] "14400"
[1] "E. coli strain MC4100relA+ in mid log phase incubated at 37ºC for 4 hours without treatment."
[1] "4"
[1] "14400"
[1] "E. coli strain MC4100relA+ in mid log phase incubated at 37ºC for 4 hours with 100 μg/ml NA"
[1] "4"
[1] "14400"
[1] "E. coli strain MC4100relA+ in mid log phase incubated at 37ºC for 4 hours with 100 μg/ml NA"
[1] "4"
[1] "14400"
[1] "E. coli strain MC4100relA+ in mid log phase incubated at 37ºC for 4 hours with 100 μg/ml NA"
[1] "4"
[1] "14400"
[1] "E. coli strain MC4100relA+ in mid log phase incubated at 37ºC for 4 hours with 10 μg/ml NA"
[1] "4"
[1] "14400"
[1] "E. coli strain MC4100relA+ in mid log phase incubated at 37ºC for 4 hours with 10 μg/ml NA"
[1] "4"
[1] "14400"
[1] "E. coli strain MC4100relA+ ∆mazEF in mid log phase incubated at 37ºC for 4 hours without treatment"
[1] "4"
[1] "14400"
[1] "E. coli strain MC4100relA+ ∆mazEF in mid log phase incubated at 37ºC for 4 hours without treatment"
[1] "4"
[1] "14400"
[1] "E. coli strain MC4100relA+ ∆mazEF in mid log phase incubated at 37ºC for 4 hours with 100 μg/ml NA"
[1] "4"
[1] "14400"
[1] "E. coli strain MC4100relA+ ∆mazEF in mid log phase incubated at 37ºC for 4 hours with 100 μg/ml NA"
[1] "4"
[1] "14400"
[1] "E. coli strain MC4100relA+ ∆mazEF in mid log phase incubated at 37ºC for 4 hours with 100 μg/ml NA"
[1] "4"
[1] "14400"
[1] "E. coli strain MC4100relA+ ∆mazEF in mid log phase incubated at 37ºC for 4 hours with 10 μg/ml NA"
[1] "4"
[1] "14400"
[1] "E. coli strain MC4100relA+ ∆mazEF in mid log phase incubated at 37ºC for 4 hours with 10 μg/ml NA"
[1] "4"
[1] "14400"
[1] "E. coli strain MC4100relA+ ∆mazEFlexA3 in mid log phase incubated at 37ºC for 4 hours without treatment"
[1] "4"
[1] "14400"
[1] "E. coli strain MC4100relA+ ∆mazEFlexA3 in mid log phase incubated at 37ºC for 4 hours without treatment"
[1] "4"
[1] "14400"
[1] "E. coli strain MC4100relA+ ∆mazEFlexA3 in mid log phase incubated at 37ºC for 4 hours with 100 μg/ml NA"
[1] "4"
[1] "14400"
[1] "E. coli strain MC4100relA+ ∆mazEFlexA3 in mid log phase incubated at 37ºC for 4 hours with 100 μg/ml NA"
[1] "4"
[1] "14400"
[1] "E. coli strain MC4100relA+ ∆mazEFlexA3 in mid log phase incubated at 37ºC for 4 hours with 10 μg/ml NA"
[1] "4"
[1] "14400"
[1] "E. coli strain MC4100relA+ ∆mazEFlexA3 in mid log phase incubated at 37ºC for 4 hours with 10 μg/ml NA"
[1] "4"
[1] "14400"
