[1] "Normalized signal intensity"
[1] "1 x MIC CAP, 6hrs"
[1] "6"
[1] "21600"
[1] "10 x MIC INH, 6hrs"
[1] "6"
[1] "21600"
[1] "Water, 6hrs"
[1] "6"
[1] "21600"
[1] "1 x MIC RIF, 6hrs"
[1] "6"
[1] "21600"
[1] "1 x MIC CAP, 6hrs"
[1] "6"
[1] "21600"
[1] "10 x MIC INH, 6hrs"
[1] "6"
[1] "21600"
[1] "Water, 6hrs"
[1] "6"
[1] "21600"
[1] "1 x MIC RIF, 6hrs"
[1] "6"
[1] "21600"
[1] "1 x MIC CAP, 6hrs"
[1] "6"
[1] "21600"
[1] "10 x MIC INH, 6hrs"
[1] "6"
[1] "21600"
[1] "Water, 6hrs"
[1] "6"
[1] "21600"
[1] "1 x MIC RIF, 6hrs"
[1] "6"
[1] "21600"
