[1] "test:reference ratio following background correction, log2 transformation, Loess normalisation"
[1] "Steady-state continuous cultured control aerobic samples in absence of NOC compounds."
[1] NA
[1] "Steady-state continuous cultured aerobic experiment samples in presence of 10 uM each of NOC-5 and NOC-7 for 5 minutes"
[1] "5"
[1] "18000"
[1] "Steady-state continuous cultured control aerobic samples in absence of NOC compounds"
[1] NA
[1] "Steady-state continuous cultured aerobic experiment samples in presence of 10 uM each of NOC-5 and NOC-7 for 5 minutes"
[1] "5"
[1] "18000"
[1] "Steady-state continuous cultured control anaerobic samples in absence of NOC compounds"
[1] NA
[1] "Steady-state continuous cultured anaerobic experiment samples in presence of 10 uM each of NOC-5 and NOC-7 for 5 minutes"
[1] "5"
[1] "18000"
[1] "Steady-state continuous cultured control anaerobic samples in absence of NOC compounds"
[1] NA
[1] "Steady-state continuous cultured anaerobic experiment samples in presence of 10 uM each of NOC-5 and NOC-7 for 5 minutes"
[1] "5"
[1] "18000"
[1] "anaerobic wild type experiment samples in presence of 10 uM each of NOC-5 and NOC-7 for 5 minutes"
[1] "5"
[1] "18000"
[1] "anaerobic norR::Tn5 mutant experiment samples in presence of 10 uM each of NOC-5 and NOC-7 for 5 minutes"
[1] "5"
[1] "18000"
[1] "anaerobic wild type experiment samples in presence of 10 uM each of NOC-5 and NOC-7 for 5 minutes"
[1] "5"
[1] "18000"
[1] "anaerobic norR::Tn5 mutant experiment samples in presence of 10 uM each of NOC-5 and NOC-7 for 5 minutes"
[1] "5"
[1] "18000"
[1] "Aerobic wild type experiment samples in presence of 10 uM each of NOC-5 and NOC-7 for 5 minutes"
[1] "5"
[1] "18000"
[1] "aerobic norR::Tn5 mutant experiment samples in presence of 10 uM each of NOC-5 and NOC-7 for 5 minutes"
[1] "5"
[1] "18000"
[1] "aerobic wild type experiment samples in presence of 10 uM each of NOC-5 and NOC-7 for 5 minutes"
[1] "5"
[1] "18000"
[1] "aerobic norR::Tn5 mutant experiment samples in presence of 10 uM each of NOC-5 and NOC-7 for 5 minutes"
[1] "5"
[1] "18000"
[1] "Aerobic wild type experiment samples in presence of 10 uM each of NOC-5 and NOC-7 for 5 minutes"
[1] "5"
[1] "18000"
[1] "Aerobic hmp::Tn5 mutant experiment samples in presence of 10 uM each of NOC-5 and NOC-7 for 5 minutes"
[1] "5"
[1] "18000"
[1] "Aerobic wild type experiment samples in presence of 10 uM each of NOC-5 and NOC-7 for 5 minutes"
[1] "5"
[1] "18000"
[1] "Aerobic hmp::Tn5 mutant experiment samples in presence of 10 uM each of NOC-5 and NOC-7 for 5 minutes"
[1] "5"
[1] "18000"
