[1] "RMA normalized expression (log2 values)"
[1] "TFOE 7264_0019c_A"
[1] NA
[1] "TFOE 7590_0019c"
[1] NA
[1] "TFOE 8440_0019c_C"
[1] NA
[1] "TFOE 2323_0020c"
[1] NA
[1] "TFOE 9153_0020c_B"
[1] NA
[1] "TFOE 9607_0020c_C"
[1] NA
[1] "TFOE 1636_0022c_C"
[1] NA
[1] "TFOE 6389_0022c_B"
[1] NA
[1] "TFOE 7607_0022c"
[1] NA
[1] "TFOE 4883_0023"
[1] NA
[1] "TFOE 8686_0023_C"
[1] NA
[1] "TFOE 9276_0023_B"
[1] NA
[1] "TFOE 5294_0038"
[1] NA
[1] "TFOE 8173_0038"
[1] NA
[1] "TFOE 8173_0038"
[1] NA
[1] "TFOE 8850_0038"
[1] NA
[1] "TFOE 2455_0042c_C"
[1] NA
[1] "TFOE 2830_0042c"
[1] NA
[1] "TFOE 8864_0042c_B"
[1] NA
[1] "TFOE 3297_0043c"
[1] NA
[1] "TFOE 5695_0043c"
[1] NA
[1] "TFOE 9257_0043c"
[1] NA
[1] "TFOE 2911_0047c"
[1] NA
[1] "TFOE 5167_0047c"
[1] NA
[1] "TFOE 7135_0047c"
[1] NA
[1] "TFOE 2431_0054"
[1] NA
[1] "TFOE 3190_0054"
[1] NA
[1] "TFOE 3938_0054"
[1] NA
[1] "TFOE 1393_0067c"
[1] NA
[1] "TFOE 4167_0067c"
[1] NA
[1] "TFOE 6711_0067c"
[1] NA
[1] "TFOE 2446_0078"
[1] NA
[1] "TFOE 4225_0078"
[1] NA
[1] "TFOE 4225_0078"
[1] NA
[1] "TFOE 8209_0078"
[1] NA
[1] "TFOE 2284_0081"
[1] NA
[1] "TFOE 4177_0081_3B"
[1] NA
[1] "TFOE 4428_0081_100ng"
[1] NA
[1] "TFOE 6738_0081"
[1] NA
[1] "TFOE 7211_0081_2B"
[1] NA
[1] "TFOE 8710_0081"
[1] NA
[1] "TFOE 1280_0117"
[1] NA
[1] "TFOE 3998_0117"
[1] NA
[1] "TFOE 4399_0117_C"
[1] NA
[1] "TFOE 8531_0117"
[1] NA
[1] "TFOE 3110_0135c"
[1] NA
[1] "TFOE 4110_0135c"
[1] NA
[1] "TFOE 5569_0135c"
[1] NA
[1] "TFOE 1872_0144_C"
[1] NA
[1] "TFOE 3264_0144_B"
[1] NA
[1] "TFOE 8843_0144"
[1] NA
[1] "TFOE 9147_0144"
[1] NA
[1] "TFOE 2329_0158"
[1] NA
[1] "TFOE 4328_0158_C"
[1] NA
[1] "TFOE 9582_0158"
[1] NA
[1] "TFOE 2934_0165c"
[1] NA
[1] "TFOE 4602_0165c"
[1] NA
[1] "TFOE 5458_0165c"
[1] NA
[1] "TFOE 2281_0182c"
[1] NA
[1] "TFOE 3258_0182c"
[1] NA
[1] "TFOE 6084_0182c"
[1] NA
[1] "TFOE 5169_0195"
[1] NA
[1] "TFOE 5687_0195"
[1] NA
[1] "TFOE 9056_0195"
[1] NA
[1] "TFOE 1153_0212c_B"
[1] NA
[1] "TFOE 6052_0212c_C"
[1] NA
[1] "TFOE 9308_0212c"
[1] NA
[1] "TFOE 1079_0232_C"
[1] NA
[1] "TFOE 3113_0232"
[1] NA
[1] "TFOE 7879_0232"
[1] NA
[1] "TFOE 8581_0232_C"
[1] NA
[1] "TFOE 9029_0232_B"
[1] NA
[1] "TFOE 1399_0238"
[1] NA
[1] "TFOE 1878_0238"
[1] NA
[1] "TFOE 7279_0238"
[1] NA
[1] "TFOE 1122_0260c"
[1] NA
[1] "TFOE 7867_0260c"
[1] NA
[1] "TFOE 7938_0260c"
[1] NA
[1] "TFOE 2419_0273c_B"
[1] NA
[1] "TFOE 5046_0273c"
[1] NA
[1] "TFOE 7974_0273c_C"
[1] NA
[1] "TFOE 3143_0275c_C"
[1] NA
[1] "TFOE 5653_0275c_B"
[1] NA
[1] "TFOE 5740_0275c"
[1] NA
[1] "TFOE 4853_0302_C"
[1] NA
[1] "TFOE 6324_0302"
[1] NA
[1] "TFOE 7585_0302_B"
[1] NA
[1] "TFOE 3809_0324"
[1] NA
[1] "TFOE 4095_0324_B"
[1] NA
[1] "TFOE 5627_0324_B"
[1] NA
[1] "TFOE 6147_0324"
[1] NA
[1] "TFOE 7768_0324_C"
[1] NA
[1] "TFOE 8699_0324"
[1] NA
[1] "TFOE 6251_0328_C"
[1] NA
[1] "TFOE 6994_0328_B"
[1] NA
[1] "TFOE 9653_0328"
[1] NA
[1] "TFOE 3448_0330c"
[1] NA
[1] "TFOE 4688_0330c"
[1] NA
[1] "TFOE 6557_0330c"
[1] NA
[1] "TFOE 9252_0330c"
[1] NA
[1] "TFOE 4348_0339c_B"
[1] NA
[1] "TFOE 5061_0339c"
[1] NA
[1] "TFOE 5847_0339c_C"
[1] NA
[1] "TFOE 3770_0348_B"
[1] NA
[1] "TFOE 7445_0348_A"
[1] NA
[1] "TFOE 7856_0348"
[1] NA
[1] "TFOE 1124_0353"
[1] NA
[1] "TFOE 6732_0353"
[1] NA
[1] "TFOE 9336_0353"
[1] NA
[1] "TFOE 6782_0377"
[1] NA
[1] "TFOE 6963_0377_B"
[1] NA
[1] "TFOE 7521_0377_C"
[1] NA
[1] "TFOE 2006_0445c"
[1] NA
[1] "TFOE 2579_0445c_B"
[1] NA
[1] "TFOE 7012_0445c_C"
[1] NA
[1] "TFOE 2520_0452"
[1] NA
[1] "TFOE 4248_0452"
[1] NA
[1] "TFOE 7468_0452"
[1] NA
[1] "TFOE 2670_0465c_a"
[1] NA
[1] "TFOE 5809_0465c_C"
[1] NA
[1] "TFOE 7861_0465c_b"
[1] NA
[1] "TFOE 8951_0465c_c"
[1] NA
[1] "TFOE 9476_0465c_B"
[1] NA
[1] "TFOE 3221_0472c"
[1] NA
[1] "TFOE 5648_0472c"
[1] NA
[1] "TFOE 8690_0472c"
[1] NA
[1] "TFOE 1557_0474_B"
[1] NA
[1] "TFOE 1632_0474_C"
[1] NA
[1] "TFOE 6945_0474_A"
[1] NA
[1] "TFOE 9656_0474_B"
[1] NA
[1] "TFOE 1488_0485"
[1] NA
[1] "TFOE 1660_0485_B"
[1] NA
[1] "TFOE 5597_0485_C"
[1] NA
[1] "TFOE 2722_0491"
[1] NA
[1] "TFOE 7387_0491_B"
[1] NA
[1] "TFOE 9310_0491_C"
[1] NA
[1] "TFOE 1075_0494_A"
[1] NA
[1] "TFOE 2101_0494_B"
[1] NA
[1] "TFOE 2838_0494_C"
[1] NA
[1] "TFOE 9438_0494_B"
[1] NA
[1] "TFOE 3439_0560c"
[1] NA
[1] "TFOE 6247_0576"
[1] NA
[1] "TFOE 6335_0576_B"
[1] NA
[1] "TFOE 7778_0576_C"
[1] NA
[1] "TFOE 3199_0586_C"
[1] NA
[1] "TFOE 4503_0586_B"
[1] NA
[1] "TFOE 6778_0586"
[1] NA
[1] "TFOE 3450_0599c"
[1] NA
[1] "TFOE 4634_0599c"
[1] NA
[1] "TFOE 5228_0599c"
[1] NA
[1] "TFOE 7656_0602c"
[1] NA
[1] "TFOE 8883_0602c"
[1] NA
[1] "TFOE 9543_0602c"
[1] NA
[1] "TFOE 2238_0608"
[1] NA
[1] "TFOE 6605_0608"
[1] NA
[1] "TFOE 7909_0608"
[1] NA
[1] "TFOE 4083_0623"
[1] NA
[1] "TFOE 5155_0623"
[1] NA
[1] "TFOE 5381_0623"
[1] NA
[1] "TFOE 2192_0653c_B"
[1] NA
[1] "TFOE 2952_0653c_A"
[1] NA
[1] "TFOE 3495_0653c"
[1] NA
[1] "TFOE 3642_0653c"
[1] NA
[1] "TFOE 7951_0653c"
[1] NA
[1] "TFOE 6482_0674"
[1] NA
[1] "TFOE 8059_0674"
[1] NA
[1] "TFOE 9349_0674"
[1] NA
[1] "TFOE 2275_0678"
[1] NA
[1] "TFOE 3146_0678"
[1] NA
[1] "TFOE 3146_0678"
[1] NA
[1] "TFOE 9487_0678"
[1] NA
[1] "TFOE 3679_0681"
[1] NA
[1] "TFOE 6427_0681"
[1] NA
[1] "TFOE 8012_0681"
[1] NA
[1] "TFOE 8204_0681"
[1] NA
[1] "TFOE 3131_0691c"
[1] NA
[1] "TFOE 4945_0691c"
[1] NA
[1] "TFOE 8722_0691c"
[1] NA
[1] "TFOE 2966_0735"
[1] NA
[1] "TFOE 4696_0735"
[1] NA
[1] "TFOE 6283_0735"
[1] NA
[1] "TFOE 1168_0737"
[1] NA
[1] "TFOE 6289_0737"
[1] NA
[1] "TFOE 8624_0737"
[1] NA
[1] "TFOE 3894_0744c"
[1] NA
[1] "TFOE 9126_0744c"
[1] NA
[1] "TFOE 9178_0744c"
[1] NA
[1] "TFOE 1255_0757_b"
[1] NA
[1] "TFOE 1634_0757"
[1] NA
[1] "TFOE 2546_0757"
[1] NA
[1] "TFOE 2777_0757"
[1] NA
[1] "TFOE 2591_0767c"
[1] NA
[1] "TFOE 4251_0767c"
[1] NA
[1] "TFOE 8010_0767c"
[1] NA
[1] "TFOE 3681_0792c"
[1] NA
[1] "TFOE 4612_0792c"
[1] NA
[1] "TFOE 6352_0792c"
[1] NA
[1] "TFOE 6585_0792c"
[1] NA
[1] "TFOE 8354_0792c_C"
[1] NA
[1] "TFOE 4698_0818"
[1] NA
[1] "TFOE 5762_0818"
[1] NA
[1] "TFOE 6079_0818"
[1] NA
[1] "TFOE 4668_0821c"
[1] NA
[1] "TFOE 5436_0821c"
[1] NA
[1] "TFOE 9343_0821c"
[1] NA
[1] "TFOE 1363_0823c_B"
[1] NA
[1] "TFOE 5531_0823c"
[1] NA
[1] "TFOE 6386_0823c"
[1] NA
[1] "TFOE 7749_0823c"
[1] NA
[1] "TFOE 7662_0827c_A"
[1] NA
[1] "TFOE 9113_0827c_B"
[1] NA
[1] "TFOE 9505_0827c"
[1] NA
[1] "TFOE 9932_0827c"
[1] NA
[1] "TFOE 6292_0844c"
[1] NA
[1] "TFOE 8344_0844c"
[1] NA
[1] "TFOE 9569_0844c"
[1] NA
[1] "TFOE 1190_0880"
[1] NA
[1] "TFOE 8078_0880"
[1] NA
[1] "TFOE 9682_0880"
[1] NA
[1] "TFOE 3083_0891c"
[1] NA
[1] "TFOE 3705_0891c"
[1] NA
[1] "TFOE 9861_0891c"
[1] NA
[1] "TFOE 1581_0894"
[1] NA
[1] "TFOE 4073_0894"
[1] NA
[1] "TFOE 5872_0894"
[1] NA
[1] "TFOE 4620_0903c"
[1] NA
[1] "TFOE 4831_0903c"
[1] NA
[1] "TFOE 7140_0903c"
[1] NA
[1] "TFOE 6973_0967"
[1] NA
[1] "TFOE 7144_0967"
[1] NA
[1] "TFOE 8426_0967"
[1] NA
[1] "TFOE 2230_0981"
[1] NA
[1] "TFOE 4707_0981_c"
[1] NA
[1] "TFOE 7807_0981"
[1] NA
[1] "TFOE 8486_0981_b"
[1] NA
[1] "TFOE 8794_0981"
[1] NA
[1] "TFOE 3774_1019"
[1] NA
[1] "TFOE 5714_1019"
[1] NA
[1] "TFOE 6892_1019"
[1] NA
[1] "TFOE 3781_1027c"
[1] NA
[1] "TFOE 3781_1027c"
[1] NA
[1] "TFOE 5333_1027c"
[1] NA
[1] "TFOE 9385_1027c"
[1] NA
[1] "TFOE 2910_1033c"
[1] NA
[1] "TFOE 3474_1033c"
[1] NA
[1] "TFOE 8738_1033c"
[1] NA
[1] "TFOE 2218_1049"
[1] NA
[1] "TFOE 4036_1049"
[1] NA
[1] "TFOE 8681_1049"
[1] NA
[1] "TFOE 3901_1129c"
[1] NA
[1] "TFOE 3936_1129c"
[1] NA
[1] "TFOE 4839_1129c"
[1] NA
[1] "TFOE 1203_1151c"
[1] NA
[1] "TFOE 4316_1151c"
[1] NA
[1] "TFOE 7811_1151c"
[1] NA
[1] "TFOE 1474_1152"
[1] NA
[1] "TFOE 5850_1152_A"
[1] NA
[1] "TFOE 6301_1152_B"
[1] NA
[1] "TFOE 8017_1152"
[1] NA
[1] "TFOE 8087_1152"
[1] NA
[1] "TFOE 4812_1167c"
[1] NA
[1] "TFOE 6929_1167c"
[1] NA
[1] "TFOE 7962_1167c"
[1] NA
[1] "TFOE 4001_1176c"
[1] NA
[1] "TFOE 8236_1176c"
[1] NA
[1] "TFOE 9109_1176c"
[1] NA
[1] "TFOE 1734_1186c"
[1] NA
[1] "TFOE 1808_1186c"
[1] NA
[1] "TFOE 4810_1186c"
[1] NA
[1] "TFOE 5112_1189"
[1] NA
[1] "TFOE 6238_1189"
[1] NA
[1] "TFOE 8421_1189"
[1] NA
[1] "TFOE 2229_1219c"
[1] NA
[1] "TFOE 5098_1219c"
[1] NA
[1] "TFOE 6617_1219c"
[1] NA
[1] "TFOE 3680_1221"
[1] NA
[1] "TFOE 5462_1221"
[1] NA
[1] "TFOE 6677_1221"
[1] NA
[1] "TFOE 3722_1255c"
[1] NA
[1] "TFOE 4094_1255c"
[1] NA
[1] "TFOE 5936_1255c_B"
[1] NA
[1] "TFOE 6050_1255c_C"
[1] NA
[1] "TFOE 8005_1255c"
[1] NA
[1] "TFOE 4687_1267c"
[1] NA
[1] "TFOE 5216_1267c"
[1] NA
[1] "TFOE 6011_1267c"
[1] NA
[1] "TFOE 1741_1287"
[1] NA
[1] "TFOE 2815_1287"
[1] NA
[1] "TFOE 2884_1287"
[1] NA
[1] "TFOE 7245_1287"
[1] NA
[1] "TFOE 1963_1332"
[1] NA
[1] "TFOE 2386_1332"
[1] NA
[1] "TFOE 7099_1332"
[1] NA
[1] "TFOE 1701_1353c"
[1] NA
[1] "TFOE 5758_1353c"
[1] NA
[1] "TFOE 5958_1353c"
[1] NA
[1] "TFOE 2892_1358"
[1] NA
[1] "TFOE 8006_1358"
[1] NA
[1] "TFOE 9428_1358"
[1] NA
[1] "TFOE 3603_1359"
[1] NA
[1] "TFOE 4670_1359"
[1] NA
[1] "TFOE 6487_1359"
[1] NA
[1] "TFOE 3352_1379"
[1] NA
[1] "TFOE 3701_1379"
[1] NA
[1] "TFOE 9869_1379"
[1] NA
[1] "TFOE 3534_1395"
[1] NA
[1] "TFOE 6650_1395"
[1] NA
[1] "TFOE 9640_1395"
[1] NA
[1] "TFOE 1833_1404"
[1] NA
[1] "TFOE 1845_1404"
[1] NA
[1] "TFOE 5670_1404"
[1] NA
[1] "TFOE 3615_1423"
[1] NA
[1] "TFOE 5292_1423"
[1] NA
[1] "TFOE 6788_1423"
[1] NA
[1] "TFOE 1447_1453"
[1] NA
[1] "TFOE 3490_1453"
[1] NA
[1] "TFOE 7839_1453"
[1] NA
[1] "TFOE 1294_1460"
[1] NA
[1] "TFOE 4497_1460"
[1] NA
[1] "TFOE 7748_1460"
[1] NA
[1] "TFOE 4661_1473A"
[1] NA
[1] "TFOE 4931_1473A"
[1] NA
[1] "TFOE 7293_1473A"
[1] NA
[1] "TFOE 1798_1474c_A"
[1] NA
[1] "TFOE 4971_1474c"
[1] NA
[1] "TFOE 5953_1474c_B"
[1] NA
[1] "TFOE 7691_1474c_C"
[1] NA
[1] "TFOE 8380_1474c"
[1] NA
[1] "TFOE 2914_1556"
[1] NA
[1] "TFOE 7362_1556"
[1] NA
[1] "TFOE 9978_1556"
[1] NA
[1] "TFOE 6215_1560"
[1] NA
[1] "TFOE 7581_1560"
[1] NA
[1] "TFOE 8839_1560"
[1] NA
[1] "TFOE 0383_1626"
[1] NA
[1] "TFOE 1494_1626"
[1] NA
[1] "TFOE 8543_1626"
[1] NA
[1] "TFOE 1016_1657"
[1] NA
[1] "TFOE 2216_1657"
[1] NA
[1] "TFOE 6102_1657"
[1] NA
[1] "TFOE 5212_1674c"
[1] NA
[1] "TFOE 7826_1674c"
[1] NA
[1] "TFOE 8139_1674c"
[1] NA
[1] "TFOE 3423_1675c"
[1] NA
[1] "TFOE 7690_1675c"
[1] NA
[1] "TFOE 8687_1675c"
[1] NA
[1] "TFOE 1959_1719"
[1] NA
[1] "TFOE 3497_1719"
[1] NA
[1] "TFOE 8941_1719"
[1] NA
[1] "TFOE 3092_1725c"
[1] NA
[1] "TFOE 6676_1725c"
[1] NA
[1] "TFOE 7465_1725c"
[1] NA
[1] "TFOE 2509_1740"
[1] NA
[1] "TFOE 5284_1740"
[1] NA
[1] "TFOE 9311_1740"
[1] NA
[1] "TFOE 3531_1773c"
[1] NA
[1] "TFOE 5006_1773c"
[1] NA
[1] "TFOE 7984_1773c"
[1] NA
[1] "TFOE 3943_1776c"
[1] NA
[1] "TFOE 4408_1776c"
[1] NA
[1] "TFOE 5447_1776c"
[1] NA
[1] "TFOE 6347_1816"
[1] NA
[1] "TFOE 8915_1816"
[1] NA
[1] "TFOE 9132_1816"
[1] NA
[1] "TFOE 2106_1828"
[1] NA
[1] "TFOE 3844_1828"
[1] NA
[1] "TFOE 4908_1828"
[1] NA
[1] "TFOE 5192_1830"
[1] NA
[1] "TFOE 9738_1830"
[1] NA
[1] "TFOE 9820_1830"
[1] NA
[1] "TFOE 5117_1846c"
[1] NA
[1] "TFOE 6269_1846c"
[1] NA
[1] "TFOE 6565_1846c"
[1] NA
[1] "TFOE 1378_1909c"
[1] NA
[1] "TFOE 3612_1909c_C"
[1] NA
[1] "TFOE 5966_1909c_B"
[1] NA
[1] "TFOE 6104_1909c"
[1] NA
[1] "TFOE 9243_1909c"
[1] NA
[1] "TFOE 1579_1931c"
[1] NA
[1] "TFOE 3155_1931c"
[1] NA
[1] "TFOE 8406_1931c"
[1] NA
[1] "TFOE 1091_1956_B"
[1] NA
[1] "TFOE 2318_1956"
[1] NA
[1] "TFOE 2915_1956"
[1] NA
[1] "TFOE 5108_1956_C"
[1] NA
[1] "TFOE 7357_1956"
[1] NA
[1] "TFOE 1030_1960c"
[1] NA
[1] "TFOE 3220_1960c"
[1] NA
[1] "TFOE 9027_1960c"
[1] NA
[1] "TFOE 5846_1963c"
[1] NA
[1] "TFOE 7918_1963c"
[1] NA
[1] "TFOE 8453_1963c"
[1] NA
[1] "TFOE 2686_1985b2"
[1] NA
[1] "TFOE 5735_1985c"
[1] NA
[1] "TFOE 7345_1985c_B"
[1] NA
[1] "TFOE 7976_1985_a2"
[1] NA
[1] "TFOE 8072_1985c_A"
[1] NA
[1] "TFOE 9172_1985c"
[1] NA
[1] "TFOE 1201_1990c_a"
[1] NA
[1] "TFOE 5649_1990c"
[1] NA
[1] "TFOE 9768_1990c"
[1] NA
[1] "TFOE 2807_1994c"
[1] NA
[1] "TFOE 4221_1994c"
[1] NA
[1] "TFOE 6107_1994c_B"
[1] NA
[1] "TFOE 9332_1994c"
[1] NA
[1] "TFOE 9383_1994c_A"
[1] NA
[1] "TFOE 2577_2009"
[1] NA
[1] "TFOE 7141_2009"
[1] NA
[1] "TFOE 8385_2009"
[1] NA
[1] "TFOE 2739_2011c"
[1] NA
[1] "TFOE 6279_2011c"
[1] NA
[1] "TFOE 8382_2011c"
[1] NA
[1] "TFOE 5219_2017"
[1] NA
[1] "TFOE 6702_2017"
[1] NA
[1] "TFOE 8740_2017"
[1] NA
[1] "TFOE 0658_2021c"
[1] NA
[1] "TFOE 3237_2021c"
[1] NA
[1] "TFOE 6553_2021c"
[1] NA
[1] "TFOE 9389_2021c_B"
[1] NA
[1] "TFOE 9628_2021c_C"
[1] NA
[1] "TFOE 2313_2034_B"
[1] NA
[1] "TFOE 6378_2034"
[1] NA
[1] "TFOE 6958_2034"
[1] NA
[1] "TFOE 7000_2034"
[1] NA
[1] "TFOE 8195_2034"
[1] NA
[1] "TFOE 3843_2069"
[1] NA
[1] "TFOE 6208_2069"
[1] NA
[1] "TFOE 9229_2069"
[1] NA
[1] "TFOE 2095_2160A"
[1] NA
[1] "TFOE 3073_2160A"
[1] NA
[1] "TFOE 9954_2160A"
[1] NA
[1] "TFOE 2741_2160c"
[1] NA
[1] "TFOE 5513_2160c"
[1] NA
[1] "TFOE 7707_2160c"
[1] NA
[1] "TFOE 1515_2175c"
[1] NA
[1] "TFOE 2247_2175c"
[1] NA
[1] "TFOE 8331_2175c"
[1] NA
[1] "TFOE 1260_2242"
[1] NA
[1] "TFOE 7452_2242"
[1] NA
[1] "TFOE 7587_2242"
[1] NA
[1] "TFOE 1288_2250c"
[1] NA
[1] "TFOE 3837_2250c"
[1] NA
[1] "TFOE 9789_2250c"
[1] NA
[1] "TFOE 5114_2258c"
[1] NA
[1] "TFOE 5119_2258c"
[1] NA
[1] "TFOE 5144_2258c"
[1] NA
[1] "TFOE 6543_2258c"
[1] NA
[1] "TFOE 3598_2282c"
[1] NA
[1] "TFOE 5689_2282c"
[1] NA
[1] "TFOE 8575_2282c"
[1] NA
[1] "TFOE 5002_2324"
[1] NA
[1] "TFOE 7476_2324"
[1] NA
[1] "TFOE 7609_2324"
[1] NA
[1] "TFOE 9292_2324"
[1] NA
[1] "TFOE 1446_2359"
[1] NA
[1] "TFOE 2009_2359_A"
[1] NA
[1] "TFOE 4270_2359"
[1] NA
[1] "TFOE 7839_2359_B"
[1] NA
[1] "TFOE 8900_2359"
[1] NA
[1] "TFOE 2973_2374c"
[1] NA
[1] "TFOE 9655_2374c"
[1] NA
[1] "TFOE 9916_2374c"
[1] NA
[1] "TFOE 2550_2478c"
[1] NA
[1] "TFOE 6098_2478c"
[1] NA
[1] "TFOE 8824_2478c"
[1] NA
[1] "TFOE 1875_2488c"
[1] NA
[1] "TFOE 5527_2488c"
[1] NA
[1] "TFOE 4000_2506"
[1] NA
[1] "TFOE 8402_2506"
[1] NA
[1] "TFOE 8765_2506"
[1] NA
[1] "TFOE 2370_2595"
[1] NA
[1] "TFOE 5359_2595"
[1] NA
[1] "TFOE 7928_2595"
[1] NA
[1] "TFOE 1371_2621c"
[1] NA
[1] "TFOE 3554_2621c"
[1] NA
[1] "TFOE 6902_2621c"
[1] NA
[1] "TFOE 1608_2640c"
[1] NA
[1] "TFOE 3286_2640c"
[1] NA
[1] "TFOE 3535_2640c"
[1] NA
[1] "TFOE 7229_2640c"
[1] NA
[1] "TFOE 5185_2642_B"
[1] NA
[1] "TFOE 6112_2642"
[1] NA
[1] "TFOE 6126_2642"
[1] NA
[1] "TFOE 5176_2642"
[1] NA
[1] "TFOE 7096_2642"
[1] NA
[1] "TFOE 5523_2703"
[1] NA
[1] "TFOE 7260_2703"
[1] NA
[1] "TFOE 9973_2703"
[1] NA
[1] "TFOE 3093_2710"
[1] NA
[1] "TFOE 5281_2710"
[1] NA
[1] "TFOE 6068_2710"
[1] NA
[1] "TFOE 0700_2711"
[1] NA
[1] "TFOE 1580_2711"
[1] NA
[1] "TFOE 4740_2711"
[1] NA
[1] "TFOE 1958_2720_B"
[1] NA
[1] "TFOE 2792_2720"
[1] NA
[1] "TFOE 4405_2720_C"
[1] NA
[1] "TFOE 8166_2720_A"
[1] NA
[1] "TFOE 8203_2720"
[1] NA
[1] "TFOE 1356_2745c_B"
[1] NA
[1] "TFOE 6563_2745c_A"
[1] NA
[1] "TFOE 7817_2745c"
[1] NA
[1] "TFOE 9629_2745c"
[1] NA
[1] "TFOE 1738_2760c"
[1] NA
[1] "TFOE 3097_2760c"
[1] NA
[1] "TFOE 6773_2760c"
[1] NA
[1] "TFOE 4478_2779c"
[1] NA
[1] "TFOE 6954_2779c"
[1] NA
[1] "TFOE 8611_2779c"
[1] NA
[1] "TFOE 2915_2788"
[1] NA
[1] "TFOE 5811_2788"
[1] NA
[1] "TFOE 7703_2788"
[1] NA
[1] "TFOE 4460_2827c"
[1] NA
[1] "TFOE 5952_2827c"
[1] NA
[1] "TFOE 9441_2827c"
[1] NA
[1] "TFOE 1663_2884"
[1] NA
[1] "TFOE 2177_2884"
[1] NA
[1] "TFOE 9099_2884"
[1] NA
[1] "TFOE 1147_2887"
[1] NA
[1] "TFOE 1725_2887"
[1] NA
[1] "TFOE 2591_2887"
[1] NA
[1] "TFOE 4976_2912c"
[1] NA
[1] "TFOE 6566_2912c"
[1] NA
[1] "TFOE 7388_2912c"
[1] NA
[1] "TFOE 2753_2986c"
[1] NA
[1] "TFOE 8073_2986c"
[1] NA
[1] "TFOE 9036_2986c"
[1] NA
[1] "TFOE 1155_2989"
[1] NA
[1] "TFOE 3550_2989"
[1] NA
[1] "TFOE 6862_2989"
[1] NA
[1] "TFOE 1362_3050c"
[1] NA
[1] "TFOE 7826_3050c"
[1] NA
[1] "TFOE 8602_3050c"
[1] NA
[1] "TFOE 1720_3055"
[1] NA
[1] "TFOE 6777_3055"
[1] NA
[1] "TFOE 7735_3055"
[1] NA
[1] "TFOE 6030_3058c"
[1] NA
[1] "TFOE 6654_3058c"
[1] NA
[1] "TFOE 9515_3058c"
[1] NA
[1] "TFOE 2404_3060c"
[1] NA
[1] "TFOE 5383_3060c"
[1] NA
[1] "TFOE 7200_3060c"
[1] NA
[1] "TFOE 2629_3066"
[1] NA
[1] "TFOE 3326_3066_B"
[1] NA
[1] "TFOE 6169_3066"
[1] NA
[1] "TFOE 7687_3066"
[1] NA
[1] "TFOE 9956_3066_C"
[1] NA
[1] "TFOE 9956_3066_C"
[1] NA
[1] "TFOE 1615_3082c"
[1] NA
[1] "TFOE 2737_3082c"
[1] NA
[1] "TFOE 7973_3082c"
[1] NA
[1] "TFOE 1639_3095_A"
[1] NA
[1] "TFOE 6258_3095_B"
[1] NA
[1] "TFOE 7106_3095"
[1] NA
[1] "TFOE 7935_3095_C"
[1] NA
[1] "TFOE 8886_3095"
[1] NA
[1] "TFOE 1150_3124"
[1] NA
[1] "TFOE 4863_3124"
[1] NA
[1] "TFOE 9549_3124"
[1] NA
[1] "TFOE 4265_3133c_B"
[1] NA
[1] "TFOE 7016_3133c_C"
[1] NA
[1] "TFOE 9652_3133c_A"
[1] NA
[1] "TFOE 3509_3143"
[1] NA
[1] "TFOE 3883_3143"
[1] NA
[1] "TFOE 9466_3143"
[1] NA
[1] "TFOE 3603_3160c"
[1] NA
[1] "TFOE 5289_3160c"
[1] NA
[1] "TFOE 7537_3160c"
[1] NA
[1] "TFOE 2967_3164c"
[1] NA
[1] "TFOE 6726_3164c"
[1] NA
[1] "TFOE 7273_3164c"
[1] NA
[1] "TFOE 5913_3167c"
[1] NA
[1] "TFOE 7163_3167c"
[1] NA
[1] "TFOE 9265_3167c"
[1] NA
[1] "TFOE 4545_3173c"
[1] NA
[1] "TFOE 7389_3173c"
[1] NA
[1] "TFOE 8668_3173c"
[1] NA
[1] "TFOE 2214_3183"
[1] NA
[1] "TFOE 3028_3183"
[1] NA
[1] "TFOE 6841_3183"
[1] NA
[1] "TFOE 1563_3197A"
[1] NA
[1] "TFOE 5080_3197A"
[1] NA
[1] "TFOE 7201_3197A"
[1] NA
[1] "TFOE 4521_3208"
[1] NA
[1] "TFOE 6758_3208"
[1] NA
[1] "TFOE 6856_3208"
[1] NA
[1] "TFOE 4091_3219"
[1] NA
[1] "TFOE 4681_3219"
[1] NA
[1] "TFOE 8750_3219"
[1] NA
[1] "TFOE 2841_3223c"
[1] NA
[1] "TFOE 3116_3223c"
[1] NA
[1] "TFOE 9004_3223c"
[1] NA
[1] "TFOE 3369_3246c"
[1] NA
[1] "TFOE 5371_3246c"
[1] NA
[1] "TFOE 6905_3246c"
[1] NA
[1] "TFOE 5586_3249c"
[1] NA
[1] "TFOE 7589_3249c"
[1] NA
[1] "TFOE 8008_3249c"
[1] NA
[1] "TFOE 8518_3249c"
[1] NA
[1] "TFOE 9237_3249c_B"
[1] NA
[1] "TFOE 2104_3260c"
[1] NA
[1] "TFOE 3822_3260c"
[1] NA
[1] "TFOE 7368_3260c"
[1] NA
[1] "TFOE 1382_3286c"
[1] NA
[1] "TFOE 6181_3286c"
[1] NA
[1] "TFOE 9544_3286c"
[1] NA
[1] "TFOE 5261_3291c"
[1] NA
[1] "TFOE 5324_3291c"
[1] NA
[1] "TFOE 6107_3291c"
[1] NA
[1] "TFOE 3123_3295_B"
[1] NA
[1] "TFOE 3625_3295"
[1] NA
[1] "TFOE 3866_3295"
[1] NA
[1] "TFOE 5343_3295"
[1] NA
[1] "TFOE 9882_3295_C"
[1] NA
[1] "TFOE 4398_3301c"
[1] NA
[1] "TFOE 6616_3301c"
[1] NA
[1] "TFOE 9162_3301c"
[1] NA
[1] "TFOE 1113_3328c"
[1] NA
[1] "TFOE 2203_3328c"
[1] NA
[1] "TFOE 4667_3328c"
[1] NA
[1] "TFOE 3290_3334"
[1] NA
[1] "TFOE 3349_3334"
[1] NA
[1] "TFOE 5242_3334_C"
[1] NA
[1] "TFOE 6629_3334_B"
[1] NA
[1] "TFOE 9642_3334"
[1] NA
[1] "TFOE 1949_3405c"
[1] NA
[1] "TFOE 6644_3405c"
[1] NA
[1] "TFOE 9539_3405c"
[1] NA
[1] "TFOE 1352_3414c"
[1] NA
[1] "TFOE 1523_3414c"
[1] NA
[1] "TFOE 7743_3414c"
[1] NA
[1] "TFOE 2558_3416"
[1] NA
[1] "TFOE 6695_3416"
[1] NA
[1] "TFOE 8067_3416"
[1] NA
[1] "TFOE 2895_3417c"
[1] NA
[1] "TFOE 6435_3417c"
[1] NA
[1] "TFOE 8280_3417c"
[1] NA
[1] "TFOE 3630_3488"
[1] NA
[1] "TFOE 4902_3488"
[1] NA
[1] "TFOE 9515_3488"
[1] NA
[1] "TFOE 4076_3557c"
[1] NA
[1] "TFOE 8709_3557c"
[1] NA
[1] "TFOE 9860_3557c"
[1] NA
[1] "TFOE 3005_3574_A"
[1] NA
[1] "TFOE 3677_3574"
[1] NA
[1] "TFOE 4186_3574_B"
[1] NA
[1] "TFOE 7355_3574"
[1] NA
[1] "TFOE 8131_3574_C_3000ng"
[1] NA
[1] "TFOE 2077_3583c"
[1] NA
[1] "TFOE 3529_3583c"
[1] NA
[1] "TFOE 4577_3583c"
[1] NA
[1] "TFOE 3373_3597c"
[1] NA
[1] "TFOE 4909_3597c"
[1] NA
[1] "TFOE 5338_3597c"
[1] NA
[1] "TFOE 7750_3597c"
[1] NA
[1] "TFOE 3847_3676"
[1] NA
[1] "TFOE 4445_3676"
[1] NA
[1] "TFOE 6346_3676"
[1] NA
[1] "TFOE 2092_3681c"
[1] NA
[1] "TFOE 9192_3681c"
[1] NA
[1] "TFOE 9798_3681c"
[1] NA
[1] "TFOE 2107_3692"
[1] NA
[1] "TFOE 4182_3692"
[1] NA
[1] "TFOE 5851_3692"
[1] NA
[1] "TFOE 1910_3736"
[1] NA
[1] "TFOE 4357_3736"
[1] NA
[1] "TFOE 8016_3736"
[1] NA
[1] "TFOE 1935_3744"
[1] NA
[1] "TFOE 5037_3744"
[1] NA
[1] "TFOE 8731_3744"
[1] NA
[1] "TFOE 1156_3765c"
[1] NA
[1] "TFOE 1447_3765c"
[1] NA
[1] "TFOE 9040_3765c"
[1] NA
[1] "TFOE 1864_3830c"
[1] NA
[1] "TFOE 8264_3830c"
[1] NA
[1] "TFOE 9939_3830c"
[1] NA
[1] "TFOE 2975_3833"
[1] NA
[1] "TFOE 4103_3833"
[1] NA
[1] "TFOE 4939_3833"
[1] NA
[1] "TFOE 1539_3840"
[1] NA
[1] "TFOE 4551_3840"
[1] NA
[1] "TFOE 7414_3840"
[1] NA
[1] "TFOE 3695_3849"
[1] NA
[1] "TFOE 4936_3849"
[1] NA
[1] "TFOE 8192_3849"
[1] NA
[1] "TFOE 2894_3852"
[1] NA
[1] "TFOE 6704_3852"
[1] NA
[1] "TFOE 8311_3852"
[1] NA
[1] "TFOE 1176_3855"
[1] NA
[1] "TFOE 3194_3855"
[1] NA
[1] "TFOE 9032_3855"
[1] NA
[1] "TFOE 2656_3862c"
[1] NA
[1] "TFOE 4985_3862c_A"
[1] NA
[1] "TFOE 6830_3862c"
[1] NA
[1] "TFOE 7945_3862c_B"
[1] NA
[1] "TFOE 2756_3911"
[1] NA
[1] "TFOE 8127_3911"
[1] NA
[1] "TFOE 8468_3911"
[1] NA
