[1] "Log base 2 normalized signal"
[1] "S aureus, untreated, 40 min"
[1] "40"
[1] "2400"
[1] "S aureus, untreated, 40 min"
[1] "40"
[1] "2400"
[1] "S aureus, celecoxib treated, 40 min"
[1] "40"
[1] "2400"
[1] "S aureus, celecoxib treated, 40 min"
[1] "40"
[1] "2400"
[1] "S aureus, ampicillin treated, 40 min"
[1] "40"
[1] "2400"
[1] "S aureus, ampicillin treated, 40 min"
[1] "40"
[1] "2400"
[1] "S aureus, celecoxib & ampicillin treated, 40 min"
[1] "40"
[1] "2400"
[1] "S aureus, celecoxib & ampicillin treated, 40 min"
[1] "40"
[1] "2400"
