[1] "normalized log2 ratio (Cy5/Cy3) representing test/reference"
[1] "S. Typhimurium wt. Biol. Rep. 1"
[1] NA
[1] "S. Typhimurium wt. Biol. Rep. 2"
[1] NA
[1] "S. Typhimurium wt. Biol. Rep. 3"
[1] NA
[1] "S. Typhimurium wt + cort. Biol. Rep. 1"
[1] NA
[1] "S. Typhimurium wt + cort. Biol. Rep. 2"
[1] NA
[1] "S. Typhimurium wt + cort. Biol. Rep. 3"
[1] NA
[1] "S. Typhimurium ΔscsA. Biol. Rep. 1"
[1] NA
[1] "S. Typhimurium ΔscsA. Biol. Rep. 2"
[1] NA
[1] "S. Typhimurium ΔscsA. Biol. Rep. 3"
[1] NA
[1] "S. Typhimurium ΔscsA + cort. Biol. Rep. 1"
[1] NA
[1] "S. Typhimurium ΔscsA + cort. Biol. Rep. 2"
[1] NA
[1] "S. Typhimurium ΔscsA + cort. Biol. Rep. 3"
[1] NA
