[1] "normalized log10 values"
[1] "Pfu irradiated"
[1] NA
[1] "Pfu irradiated"
[1] NA
[1] "Pfu irradiated"
[1] NA
[1] "Pfu irradiated"
[1] NA
[1] "Pfu irradiated"
[1] NA
[1] "Pfu irradiated"
[1] NA
[1] "Pfu irradiated"
[1] NA
[1] "Pfu irradiated"
[1] NA
[1] "Pfu irradiated"
[1] NA
[1] "Pfu irradiated"
[1] NA
[1] "Pfu irradiated"
[1] NA
[1] "Pfu irradiated"
[1] NA
[1] "Pfu irradiated"
[1] NA
[1] "Pfu irradiated"
[1] NA
[1] "Pfu irradiated"
[1] NA
[1] "Pfu irradiated"
[1] NA
[1] "Pfu irradiated"
[1] NA
[1] "Pfu irradiated"
[1] NA
[1] "Pfu irradiated"
[1] NA
[1] "Pfu reference"
[1] NA
[1] "Pfu reference"
[1] NA
