[1] "log2 (Cy5/Cy3) ratio"
[1] "Mycobacterium tuberculosis CDC1551, t=0, diamide"
[1] NA
[1] "Mycobacterium tuberculosis CDC1551, t=0, diamide"
[1] NA
[1] "Mycobacterium tuberculosis CDC1551, t=0, diamide"
[1] NA
[1] "Mycobacterium tuberculosis CDC1551, t=0, diamide"
[1] NA
[1] "Mycobacterium tuberculosis CDC1551, t=0, diamide"
[1] NA
[1] "Mycobacterium tuberculosis CDC1551, t=0, diamide"
[1] NA
[1] "Mycobacterium tuberculosis CDC1551, t=0, diamide"
[1] NA
[1] "Mycobacterium tuberculosis CDC1551, t=0, diamide"
[1] NA
[1] "Mycobacterium tuberculosis CDC1551, t=0, diamide"
[1] NA
[1] "Mycobacterium tuberculosis CDC1551 D-Rv2745c knockout mutant, t=0, diamide"
[1] NA
[1] "Mycobacterium tuberculosis CDC1551 D-Rv2745c knockout mutant, t=0, diamide"
[1] NA
[1] "Mycobacterium tuberculosis CDC1551 D-Rv2745c knockout mutant, t=0, diamide"
[1] NA
[1] "Mycobacterium tuberculosis CDC1551 D-Rv2745c knockout mutant, t=0, diamide"
[1] NA
[1] "Mycobacterium tuberculosis CDC1551 D-Rv2745c knockout mutant, t=0, diamide"
[1] NA
[1] "Mycobacterium tuberculosis CDC1551 D-Rv2745c knockout mutant, t=0, diamide"
[1] NA
[1] "Mycobacterium tuberculosis CDC1551 D-Rv2745c knockout mutant, t=0, diamide"
[1] NA
[1] "Mycobacterium tuberculosis CDC1551 D-Rv2745c knockout mutant, t=0, diamide"
[1] NA
[1] "Mycobacterium tuberculosis CDC1551 D-Rv2745c knockout mutant, t=0, diamide"
[1] NA
[1] "Mycobacterium tuberculosis CDC1551 complement of D-Rv2745c knockout mutant , t=0, diamide"
[1] NA
[1] "Mycobacterium tuberculosis CDC1551 complement of D-Rv2745c knockout mutant , t=0, diamide"
[1] NA
[1] "Mycobacterium tuberculosis CDC1551 complement of D-Rv2745c knockout mutant , t=0, diamide"
[1] NA
[1] "Mycobacterium tuberculosis CDC1551 complement of D-Rv2745c knockout mutant , t=0, diamide"
[1] NA
[1] "Mycobacterium tuberculosis CDC1551 complement of D-Rv2745c knockout mutant , t=0, diamide"
[1] NA
[1] "Mycobacterium tuberculosis CDC1551 complement of D-Rv2745c knockout mutant , t=0, diamide"
[1] NA
[1] "Mycobacterium tuberculosis CDC1551 complement of D-Rv2745c knockout mutant , t=0, diamide"
[1] NA
[1] "Mycobacterium tuberculosis CDC1551 complement of D-Rv2745c knockout mutant , t=0, diamide"
[1] NA
[1] "Mycobacterium tuberculosis CDC1551 complement of D-Rv2745c knockout mutant , t=0, diamide"
[1] NA
