[1] NA
[1] "AlgU chip"
[1] NA
[1] "AlgU chip"
[1] NA
[1] "AlgU control"
[1] NA
[1] "AlgU control"
[1] NA
[1] "FecI2 chip"
[1] NA
[1] "FecI2 chip"
[1] NA
[1] "FecI chip"
[1] NA
[1] "FecI chip"
[1] NA
[1] "FliA chip"
[1] NA
[1] "FliA chip"
[1] NA
[1] "FpvI chip"
[1] NA
[1] "FpvI chip"
[1] NA
[1] "PvdS chip"
[1] NA
[1] "PvdS chip"
[1] NA
[1] "PvdS control"
[1] NA
[1] "PvdS control"
[1] NA
[1] "RpoD chip"
[1] NA
[1] "RpoD chip"
[1] NA
[1] "RpoD FliA_control"
[1] NA
[1] "RpoD FliA_control"
[1] NA
[1] "RpoH chip"
[1] NA
[1] "RpoH chip"
[1] NA
[1] "RpoH control"
[1] NA
[1] "RpoH control"
[1] NA
[1] "RpoN chip"
[1] NA
[1] "RpoN chip"
[1] NA
[1] "RpoN RpoS_control"
[1] NA
[1] "RpoN RpoS_control"
[1] NA
[1] "RpoS chip"
[1] NA
[1] "RpoS chip"
[1] NA
[1] "SigX chip"
[1] NA
[1] "SigX chip"
[1] NA
[1] "SigX control"
[1] NA
[1] "SigX control"
[1] NA
