[1] "RMA-normalized, averaged gene-level signal intensity"
[1] "E. coli MG1655 Standard"
[1] NA
[1] "E. coli MG1655 Standard"
[1] NA
[1] "E. coli MG1655 Cold Shock"
[1] NA
[1] "E. coli MG1655 Cold Shock"
[1] NA
[1] "E. coli MG1655 Heat Shock"
[1] NA
[1] "E. coli MG1655 Low pH"
[1] NA
[1] "E. coli MG1655 UV"
[1] NA
[1] "E. coli MG1655 UV"
[1] NA
[1] "E. coli MG1655 minimal C"
[1] NA
[1] "E. coli MG1655 minimal C"
[1] NA
[1] "E. coli MG1655 minimal N"
[1] NA
[1] "E. coli MG1655 minimal N"
[1] NA
[1] "E. coli MG1655 minimal C&N"
[1] NA
[1] "E. coli MG1655 minimal C&N"
[1] NA
[1] "E. coli MG1655 Oxidative stress"
[1] NA
[1] "E. coli MG1655 Oxidative stress"
[1] NA
[1] "E. coli MG1655 Osmotic stress"
[1] NA
[1] "E. coli MG1655 Osmotic stress"
[1] NA
[1] "Agrobacterium tumefaciens C58 Standard"
[1] NA
[1] "Agrobacterium tumefaciens C58 Standard"
[1] NA
[1] "Agrobacterium tumefaciens C58 Cold Shock"
[1] NA
[1] "Agrobacterium tumefaciens C58 Cold Shock"
[1] NA
[1] "Agrobacterium tumefaciens C58 Heat Shock"
[1] NA
[1] "Agrobacterium tumefaciens C58 Heat Shock"
[1] NA
[1] "Agrobacterium tumefaciens C58 AB5.5 low pH"
[1] NA
[1] "Agrobacterium tumefaciens C58 AB5.5 low pH"
[1] NA
[1] "Agrobacterium tumefaciens C58 AB7 No Fe"
[1] NA
[1] "Agrobacterium tumefaciens C58 AB7 No Fe"
[1] NA
[1] "Agrobacterium tumefaciens C58 Oxidative Stress"
[1] NA
[1] "Agrobacterium tumefaciens C58 Oxidative Stress"
[1] NA
[1] "Agrobacterium tumefaciens C58 Cold Shock and Oxidative Stress"
[1] NA
[1] "Agrobacterium tumefaciens C58 Cold Shock and Oxidative Stress"
[1] NA
[1] "Agrobacterium tumefaciens C58 AB5.5 low pH and Cold Shock"
[1] NA
[1] "Agrobacterium tumefaciens C58 AB5.5 low pH and Cold Shock"
[1] NA
[1] "Agrobacterium tumefaciens C58 AB5.5 low pH and Heat Shock"
[1] NA
[1] "Agrobacterium tumefaciens C58 AB5.5 low pH and Heat Shock"
[1] NA
[1] "Agrobacterium tumefaciens C58 AB5.5 low pH and low Fe"
[1] NA
[1] "Agrobacterium tumefaciens C58 AB5.5 low pH and no Fe"
[1] NA
