[1] "normalized log2 ratio gMedianSignal/rMedianSignal"
[1] "sample"
[1] NA
[1] "sample"
[1] NA
[1] "sample"
[1] NA
[1] "sample"
[1] NA
[1] "sample"
[1] NA
[1] "sample"
[1] NA
[1] "sample"
[1] NA
[1] "sample"
[1] NA
[1] "sample"
[1] NA
[1] "sample"
[1] NA
[1] "sample"
[1] NA
[1] "sample"
[1] NA
[1] "sample"
[1] NA
[1] "sample"
[1] NA
[1] "sample"
[1] NA
[1] "sample"
[1] NA
[1] "sample"
[1] NA
[1] "sample"
[1] NA
[1] "reference"
[1] NA
[1] "reference"
[1] NA
[1] "reference"
[1] NA
[1] "reference"
[1] NA
[1] "reference"
[1] NA
[1] "reference"
[1] NA
[1] "reference"
[1] NA
[1] "reference"
[1] NA
[1] "reference"
[1] NA
[1] "reference"
[1] NA
[1] "reference"
[1] NA
[1] "reference"
[1] NA
[1] "reference"
[1] NA
[1] "reference"
[1] NA
[1] "reference"
[1] NA
[1] "reference"
[1] NA
[1] "reference"
[1] NA
[1] "reference"
[1] NA
[1] "reference"
[1] NA
[1] "reference"
[1] NA
[1] "reference"
[1] NA
[1] "spo0A::spc"
[1] NA
[1] "spo0A::spc"
[1] NA
[1] "spo0A::spc"
[1] NA
[1] "wildtype"
[1] NA
[1] "wildtype"
[1] NA
[1] "wildtype"
[1] NA
[1] "sigH::cat"
[1] NA
[1] "sigH::cat"
[1] NA
[1] "sigH::cat"
[1] NA
[1] "sigH::cat"
[1] NA
[1] "sigH::cat"
[1] NA
[1] "wildtype"
[1] NA
[1] "sigH::cat"
[1] NA
[1] "wildtype"
[1] NA
[1] "wildtype"
[1] NA
[1] "wildtype"
[1] NA
[1] "wildtype"
[1] NA
[1] "wildtype"
[1] NA
[1] "scoC::erm"
[1] NA
[1] "scoC::erm"
[1] NA
[1] "codY::erm"
[1] NA
[1] "codY::erm"
[1] NA
[1] "wildtype"
[1] NA
[1] "wildtype"
[1] NA
[1] "sigL::kan"
[1] NA
[1] "sigL::kan"
[1] NA
[1] "wildtype"
[1] NA
[1] "wildtype"
[1] NA
[1] "bkdR::kan bkdR::kan"
[1] NA
[1] "bkdR::kan bkdR::kan"
[1] NA
[1] "wildtype"
[1] NA
[1] "wildtype"
[1] NA
[1] "sample"
[1] NA
[1] "sample"
[1] NA
[1] "sample"
[1] NA
[1] "sample"
[1] NA
[1] "sample"
[1] NA
[1] "sample"
[1] NA
[1] "sample"
[1] NA
[1] "sample"
[1] NA
[1] "sample"
[1] NA
[1] "sample"
[1] NA
[1] "sample"
[1] NA
[1] "sample"
[1] NA
[1] "sample"
[1] NA
[1] "sample"
[1] NA
[1] "reference"
[1] NA
[1] "reference"
[1] NA
[1] "reference"
[1] NA
[1] "reference"
[1] NA
[1] "reference"
[1] NA
[1] "reference"
[1] NA
[1] "reference"
[1] NA
[1] "reference"
[1] NA
[1] "reference"
[1] NA
[1] "reference"
[1] NA
[1] "reference"
[1] NA
[1] "reference"
[1] NA
[1] "reference"
[1] NA
[1] "reference"
[1] NA
[1] "sigF::erm"
[1] NA
[1] "sigF::erm"
[1] NA
[1] "sigF::erm"
[1] NA
[1] "sigE::erm"
[1] NA
[1] "sigE::erm"
[1] NA
[1] "sigE::erm"
[1] NA
[1] "sigE::erm spoIIID::tet"
[1] NA
[1] "sigG::cat spoIIID::tet"
[1] NA
[1] "sigE::erm spoIIID::tet"
[1] NA
[1] "spoIIID::tet"
[1] NA
[1] "sigG::cat sigK::erm"
[1] NA
[1] "sigK::erm"
[1] NA
[1] "sigK::erm gerE::cat"
[1] NA
[1] "gerE::cat"
[1] NA
[1] "spoIIID::tet sigK::erm"
[1] NA
[1] "sigK::erm"
[1] NA
[1] "rsfA::erm"
[1] NA
[1] "wildtype"
[1] NA
[1] "spoVT::spc sigK::erm"
[1] NA
[1] "sigK::erm"
[1] NA
[1] "gerE::cat"
[1] NA
[1] "wildtype"
[1] NA
[1] "gerR::spc"
[1] NA
[1] "wildtype"
[1] NA
[1] "sample"
[1] NA
[1] "sample"
[1] NA
[1] "sample"
[1] NA
[1] "sample"
[1] NA
[1] "sample"
[1] NA
[1] "sample"
[1] NA
[1] "sample"
[1] NA
[1] "sample"
[1] NA
[1] "reference"
[1] NA
[1] "reference"
[1] NA
[1] "reference"
[1] NA
[1] "reference"
[1] NA
[1] "reference"
[1] NA
[1] "reference"
[1] NA
[1] "reference"
[1] NA
[1] "reference"
[1] NA
[1] "comK::kan"
[1] NA
[1] "comK::kan"
[1] NA
[1] "wildtype"
[1] NA
[1] "wildtype"
[1] NA
[1] "sample"
[1] NA
[1] "sample"
[1] NA
[1] "sample"
[1] NA
[1] "sample"
[1] NA
[1] "sample"
[1] NA
[1] "sample"
[1] NA
[1] "sample"
[1] NA
[1] "sample"
[1] NA
[1] "sinR::cat"
[1] NA
[1] "epsH::tet"
[1] NA
[1] "sigD::tet"
[1] NA
[1] "sigD::tet"
[1] NA
[1] "sigD::tet"
[1] NA
[1] "sigD::tet"
[1] NA
[1] "wildtype"
[1] NA
[1] "wildtype"
[1] NA
[1] "wildtype"
[1] NA
[1] "wildtype"
[1] NA
[1] "wildtype"
[1] NA
[1] "wildtype"
[1] NA
[1] "wildtype"
[1] NA
[1] "wildtype"
[1] NA
[1] "wildtype"
[1] NA
[1] "wildtype"
[1] NA
[1] "wildtype"
[1] NA
[1] "wildtype"
[1] NA
[1] "wildtype"
[1] NA
[1] "sigW::erm"
[1] NA
[1] "sigW::erm"
[1] NA
[1] "wildtype"
[1] NA
[1] "wildtype"
[1] NA
[1] "wildtype"
[1] NA
[1] "sigM::kan"
[1] NA
[1] "wildtype"
[1] NA
[1] "wildtype"
[1] NA
[1] "sigM::kan"
[1] NA
[1] "No Vanco"
[1] NA
[1] "No Vanco"
[1] NA
[1] "No Vanco"
[1] NA
[1] "No Vanco"
[1] NA
[1] "Vanco"
[1] NA
[1] "Vanco"
[1] NA
[1] "Vanco"
[1] NA
[1] "Vanco"
[1] NA
[1] "Nal Acid"
[1] NA
[1] "Nal Acid"
[1] NA
[1] "Nal Acid"
[1] NA
[1] "Nal Acid"
[1] NA
[1] "No Nal Acid"
[1] NA
[1] "No Nal Acid"
[1] NA
[1] "No Nal Acid"
[1] NA
[1] "No Nal Acid"
[1] NA
[1] "Dapto"
[1] NA
[1] "Dapto"
[1] NA
[1] "Dapto"
[1] NA
[1] "Dapto"
[1] NA
[1] "No Dapto"
[1] NA
[1] "No Dapto"
[1] NA
[1] "No Dapto"
[1] NA
[1] "No Dapto"
[1] NA
[1] "phoP::kan"
[1] NA
[1] "phoP::kan"
[1] NA
[1] "phoP::kan"
[1] NA
[1] "No Spec"
[1] NA
[1] "No Spec"
[1] NA
[1] "No Spec"
[1] NA
[1] "No Spec"
[1] NA
[1] "Spec"
[1] NA
[1] "Spec"
[1] NA
[1] "Spec"
[1] NA
[1] "Spec"
[1] NA
[1] "Rif"
[1] NA
[1] "Rif"
[1] NA
[1] "Rif"
[1] NA
[1] "Rif"
[1] NA
[1] "gin::tet"
[1] NA
[1] "PsigK-gin"
[1] NA
[1] "PsigF-gin"
[1] NA
[1] "gin::tet"
[1] NA
[1] "PsigK-gin"
[1] NA
[1] "PsigF-gin"
[1] NA
[1] "PsigF-gin"
[1] NA
[1] "Pgin-gin"
[1] NA
[1] "yfmP::kan"
[1] NA
[1] "wildtype"
[1] NA
[1] "yfmP::kan"
[1] NA
[1] "no IPTG"
[1] NA
[1] "no IPTG"
[1] NA
[1] "no IPTG"
[1] NA
[1] "no IPTG"
[1] NA
[1] "IPTG"
[1] NA
[1] "IPTG"
[1] NA
[1] "IPTG"
[1] NA
[1] "IPTG"
[1] NA
[1] "IPTG"
[1] NA
[1] "IPTG"
[1] NA
[1] "sigE::tet"
[1] NA
[1] "sigK::erm"
[1] NA
[1] "sigF::erm sigE::tet"
[1] NA
[1] "alaR::kan"
[1] NA
[1] "alaR::kan"
[1] NA
[1] "wildtype"
[1] NA
[1] "wildtype"
[1] NA
[1] "aseR::erm"
[1] NA
[1] "aseR::erm"
[1] NA
[1] "lmrA::erm"
[1] NA
[1] "lmrA::erm"
[1] NA
[1] "ntdR::kan"
[1] NA
[1] "ntdR::kan"
[1] NA
[1] "ycnC::erm"
[1] NA
[1] "ycnC::erm"
[1] NA
[1] "yoaU::erm"
[1] NA
[1] "yoaU::erm"
[1] NA
[1] "rmgR::kan rmgR::kan"
[1] NA
[1] "YdtP"
[1] NA
[1] "yxaD::kan yxaD::kan"
[1] NA
[1] "YxaD"
[1] NA
[1] "sigD::tet"
[1] NA
[1] "sigD::tet"
[1] NA
[1] "wildtype"
[1] NA
[1] "wildtype"
[1] NA
[1] "wildtype"
[1] NA
[1] "sigW::erm"
[1] NA
[1] "sigK::erm"
[1] NA
[1] "sigG::cat sigK::erm"
[1] NA
