[1] "Log (base 2) of the ratio of the median of Channel 2 (usually 635 nm) to Channel 1 (usually 532 nm) [log (base 2) (RAT2N MEDIAN)].; Type: float; Scale: log_base_2"
[1] "mouse NSH79-3 input 1, 2C-S"
[1] NA
[1] "NSH79 1 input 1 N3, 2C"
[1] NA
[1] "NSH79 1 input 1 N3, 2C"
[1] NA
[1] "NSH79 1 input 1 N3, 2C"
[1] NA
[1] "NSH79 1 input 1 S, 2C"
[1] NA
[1] "mouse NSH79-2 input 1, 2C-N"
[1] NA
[1] "mouse NSH79-2 input 1, 2C-S"
[1] NA
[1] "mouse NSH79-7 input 1, S-2C"
[1] NA
[1] "mouse NSH79-7 input 1, S-2C"
[1] NA
[1] "NSH79 1 input 1 S, 2C"
[1] NA
[1] "NSH79 1 input 1 S, 2C"
[1] NA
[1] "NSH79 19 input 1 N3, 2C"
[1] NA
[1] "NSH79 19 input 1 N3, 2C"
[1] NA
[1] "NSH79 19 input 1 S, 2C"
[1] NA
[1] "NSH79 19 input 1 S, 2C"
[1] NA
[1] "NSH79 24 input 1 N3, 2C"
[1] NA
[1] "NSH79 24 input 1 N3, 2C"
[1] NA
[1] "NSH79 24 input 1 N3, 2C"
[1] NA
[1] "NSH79 24 input 1 S, 2C"
[1] NA
[1] "NSH79 4 input 1 N3, 2C"
[1] NA
[1] "NSH79 8 input 1; N3, 2C, N2, C4"
[1] NA
[1] "NSH79 4 input 1 N3, 2C"
[1] NA
[1] "NSH79 8 input 1; N3, 2C, N2, C4"
[1] NA
[1] "NSH79 4 input 1 N3, 2C"
[1] NA
[1] "NSH79 8 input 1; N3, 2C, N2, C4"
[1] NA
[1] "mouse NSH79-7 input 1, S-2C"
[1] NA
[1] "NSH79 4 input 1 N3, 2C"
[1] NA
[1] "mouse NSH79-7 input 1, S-2C"
[1] NA
[1] "NSH79 17 input 1 N3, 2C"
[1] NA
[1] "NSH79 2 input 1 N3, 2A"
[1] NA
[1] "NSH79 17 input 1 N3, 2C"
[1] NA
[1] "NSH792 input 1 N3, 2C"
[1] NA
[1] "NSH79 22 input 1 N3, 2C"
[1] NA
[1] "NSH79 14 input 2 N3, 2C"
[1] NA
[1] "NSH79 10 input 1 N3, 2C"
[1] NA
[1] "NSH79 22 input 1 N3, 2C"
[1] NA
[1] "NSH79 10 input 1 N3, 2C"
[1] NA
[1] "NSH79 24 input 1 S, 2C"
[1] NA
[1] "NSH79 22 input 1 N3, 2C"
[1] NA
[1] "NSH79 10 input 1 N3, 2C"
[1] NA
[1] "NSH79 24 input 1 S, 2C"
[1] NA
[1] "NSH79 22 input 1 N3, 2C"
[1] NA
[1] "NSH79 21 input 1 N3, 2C"
[1] NA
[1] "NSH79 10 input 1 S, 2C"
[1] NA
[1] "NSH79 24 input 2 N3, 2C"
[1] NA
[1] "NSH79 22 input 1 S, 2C"
[1] NA
[1] "NSH79 21 input 1 N3, 2C"
[1] NA
[1] "NSH79 10 input 1 S, 2C"
[1] NA
[1] "NSH79 21 input 1 N3, 2C"
[1] NA
[1] "NSH79 10 input 1 S, 2C"
[1] NA
[1] "NSH79 24 input 2 N3, 2C"
[1] NA
[1] "NSH79 21 input 1 N3, 2C"
[1] NA
[1] "NSH79 24 input 2 S, 2C"
[1] NA
[1] "NSH79 24 input 2 S, 2C"
[1] NA
[1] "NSH79 25 input 2 N3, 2C"
[1] NA
[1] "NSH79 17 input 1 N3, 2C"
[1] NA
[1] "NSH79 19 input 2 N3, 2C"
[1] NA
[1] "NSH79 17 input 1 S, 2C"
[1] NA
[1] "NSH79 2 input 1 N3, 2C"
[1] NA
[1] "NSH79 19 input 2 N3, 2C"
[1] NA
[1] "NSH79 17 input 1 S, 2C"
[1] NA
[1] "NSH79 2 input 1 N3, 2C"
[1] NA
[1] "NSH79 19 input 2 S, 2C"
[1] NA
[1] "NSH79 17 input 1 S, 2C"
[1] NA
[1] "NSH79 2 input 1 N3, 2C"
[1] NA
[1] "NSH79 19 input 2 S, 2C"
[1] NA
[1] "NSH79 17 input 2 N3, 2C"
[1] NA
[1] "NSH79 17 input 2 N3, 2C"
[1] NA
[1] "NSH79 17 input 2 S, 2C"
[1] NA
[1] "NSH79 17 input 2 S, 2C"
[1] NA
[1] "NSH79 5 input 2 N3, 2C"
[1] NA
[1] "NSH79 5 input 2 N3, 2C"
[1] NA
[1] "NSH79 14 input 2 N3, 2C"
[1] NA
[1] "mouse NSH79-5 input 2, S-2C"
[1] NA
[1] "NSH79 5 input 2 N3, 2C"
[1] NA
[1] "NSH79 18 input 2 N3, 2C"
[1] NA
[1] "NSH79 14 input 2 N3, 2C"
[1] NA
[1] "mouse NSH79-5 input 2, S-2C"
[1] NA
[1] "NSH79 5 input 2 N3, 2C"
[1] NA
[1] "NSH79 14 input 2 N3, 2C"
[1] NA
[1] "mouse NSH79-5 input 2, S-2C"
[1] NA
[1] "mouse NSH79-5 input 2, S-2C"
[1] NA
[1] "NSH79 22 input 1 S, 2C"
[1] NA
[1] "NSH79 14 input 2 S, 2C"
[1] NA
[1] "NSH79 22 input 1 S, 2C"
[1] NA
[1] "NSH79 14 input 2 S, 2C"
[1] NA
[1] "NSH79 22 input 1 S, 2C"
[1] NA
[1] "NSH79 21 input 1 S, 2C"
[1] NA
[1] "NSH79 14 input 2 S, 2C"
[1] NA
[1] "NSH79 21 input 1 S, 2C"
[1] NA
[1] "NSH79 14 input 2 S, 2C"
[1] NA
[1] "NSH79 21 input 1 S, 2C"
[1] NA
[1] "NSH79 21 input 1 S, 2C"
[1] NA
[1] "NSH79 25 input 2 N3, 2C"
[1] NA
[1] "NSH79 1 input 2 N3, 2C"
[1] NA
[1] "NSH79 1 input 2 N3, 2C"
[1] NA
[1] "NSH79 25 input 2 S, 2C"
[1] NA
[1] "NSH79 1 input 2 N3, 2C"
[1] NA
[1] "NSH79 1 input 2 S, 2C"
[1] NA
[1] "NSH79 25 input 2 S, 2C"
[1] NA
[1] "NSH79 1 input 2 S, 2C"
[1] NA
[1] "NSH79 1 input 2 S, 2C"
[1] NA
[1] "NSH79 5 input 1 N3, 2C"
[1] NA
[1] "NSH79 10 input 2; S, 2C, S2, C4"
[1] NA
[1] "NSH79 10 input 2; S, 2C, S2, C4"
[1] NA
[1] "NSH79 10 input 2; N3, 2C, N2, C4"
[1] NA
[1] "mouse NSH79-6 input 1, S-2C"
[1] NA
[1] "NSH79 18 input 2 N3, 2C"
[1] NA
[1] "NSH79 15 input 1 N3, 2C"
[1] NA
[1] "mouse NSH79-6 input 1, S-2C"
[1] NA
[1] "NSH79 18 input 2 S, 2C"
[1] NA
[1] "NSH79 15 input 1 N3, 2C"
[1] NA
[1] "mouse NSH79-6 input 1, S-2C"
[1] NA
[1] "NSH79 18 input 2 S, 2C"
[1] NA
[1] "NSH79 15 input 1 N3, 2C"
[1] NA
[1] "mouse NSH79-6 input 1, S-2C"
[1] NA
[1] "NSH79 18 input 1 N3, 2C"
[1] NA
[1] "NSH79 15 input 1 S, 2C"
[1] NA
[1] "NSH79 18 input 1 N3, 2C"
[1] NA
[1] "NSH79 15 input 1 S, 2C"
[1] NA
[1] "NSH79 18 input 1 N3, 2C"
[1] NA
[1] "NSH79 15 input 1 S, 2C"
[1] NA
[1] "NSH79 6 input 1 N3, 2C"
[1] NA
[1] "NSH79 6 input 1 N3, 2C"
[1] NA
[1] "NSH79 18 input 1 S, 2C"
[1] NA
[1] "NSH79 15 input 2 N3, 2C"
[1] NA
[1] "NSH79 6 input 1 N3, 2C"
[1] NA
[1] "NSH79 18 input 1 S, 2C"
[1] NA
[1] "NSH79 15 input 2 S, 2C"
[1] NA
[1] "NSH79 6 input 1 N3, 2C"
[1] NA
[1] "NSH79 18 input 1 S, 2C"
[1] NA
[1] "NSH79 7 input 1 N3, 2C"
[1] NA
[1] "NSH79 7 input 1 N3, 2C"
[1] NA
[1] "NSH79 7 input 1 N3, 2C"
[1] NA
[1] "NSH79 7 input 1 N3, 2C"
[1] NA
[1] "NSH79 7 input 2 N3, 2C"
[1] NA
[1] "NSH79 14 input 1 N3, 2C"
[1] NA
[1] "NSH79 14 input 1 N3, 2C"
[1] NA
[1] "NSH79 14 input 1 S, 2C"
[1] NA
[1] "NSH79 14 input 1 S, 2C"
[1] NA
[1] "NSH79 16 input 1 N3, 2C"
[1] NA
[1] "NSH79 5 input 1 N3, 2C"
[1] NA
[1] "NSH79 16 input 1 N3, 2C"
[1] NA
[1] "NSH79 7 input 2 S, 2C"
[1] NA
[1] "NSH79 7 input 2 S, 2C"
[1] NA
[1] "NSH79 7 input 2 S, 2C"
[1] NA
[1] "NSH79 7 input 2 S, 2C"
[1] NA
[1] "NSH79 8 input 2 N3, 2C"
[1] NA
[1] "NSH79 8 input 2 N3, 2C"
[1] NA
[1] "NSH79 10 input 2; N3, 2C, N2, C4"
[1] NA
[1] "NSH79 8 input 2 N3, 2C"
[1] NA
[1] "NSH79 10 input 2; N3, 2C, N2, C4"
[1] NA
[1] "NSH79 8 input 2 N3, 2C"
[1] NA
[1] "NSH79 8 input 2 S, 2C"
[1] NA
[1] "NSH79 10 input 2; N3, 2C, N2, C4"
[1] NA
[1] "NSH79 10 input 2; S, 2C, N2, C4"
[1] NA
[1] "NSH79 10 input 2; S, 2C, N2, C4"
[1] NA
[1] "NSH79 7 input 2 N3, 2C"
[1] NA
[1] "NSH79 12 input 1 N3, 2C"
[1] NA
[1] "NSH79 7 input 2 N3, 2C"
[1] NA
[1] "NSH79 7 input 2 N3, 2C"
[1] NA
[1] "NSH79 12 input 1 N3, 2C"
[1] NA
[1] "NSH79 12 input 1 N3, 2C"
[1] NA
[1] "NSH79 16 input 1 N3, 2C"
[1] NA
[1] "NSH79 12 input 1 S, 2C"
[1] NA
[1] "NSH79 16 input 1 S, 2C"
[1] NA
[1] "NSH79 12 input 1 S, 2C"
[1] NA
[1] "NSH79 12 input 1 S, 2C"
[1] NA
[1] "mouse NSH79-2 input 1, N-2C"
[1] NA
[1] "NSH79 16 input 1 S, 2C"
[1] NA
[1] "NSH79 12 input 2 N3, 2C"
[1] NA
[1] "NSH79 16 input 1 S, 2C"
[1] NA
[1] "NSH79 20 input 1 N3, 2C"
[1] NA
[1] "NSH79 20 input 1 N3, 2C"
[1] NA
[1] "NSH79 20 input 1 N3, 2C"
[1] NA
[1] "NSH79 8 input 2 S, 2C"
[1] NA
[1] "NSH79 20 input 1 S, 2C"
[1] NA
[1] "NSH79 8 input 2 S, 2C"
[1] NA
[1] "NSH79 20 input 1 S, 2C"
[1] NA
[1] "NSH79 8 input 2 S, 2C"
[1] NA
[1] "NSH79 3 input 1 N3, 2C"
[1] NA
[1] "NSH79 3 input 1 N3, 2C"
[1] NA
[1] "NSH79 12 input 2 N3, 2C"
[1] NA
[1] "NSH79 13 input 1 N3, 2C"
[1] NA
[1] "NSH79 12 input 2 N3, 2C"
[1] NA
[1] "NSH79 13 input 1 N3, 2C"
[1] NA
[1] "mouse NSH79-2 input 1, S-2C"
[1] NA
[1] "NSH79 12 input 2 N3, 2C"
[1] NA
[1] "mouse NSH79-2 input 1, S-2C"
[1] NA
[1] "NSH79 13 input 1 N3, 2C"
[1] NA
[1] "mouse NSH79-2 input 1, S-2C"
[1] NA
[1] "NSH79 12 input 2 S, 2C"
[1] NA
[1] "NSH79 13 input 3 N3, 2C"
[1] NA
[1] "NSH79 20 input 1 S, 2C"
[1] NA
[1] "NSH79 12 input 2 S, 2C"
[1] NA
[1] "NSH79 20 input 2 N3, 2C"
[1] NA
[1] "NSH79 13 input 3 N3, 2C"
[1] NA
[1] "NSH79 23 input 2 N3, 2C"
[1] NA
[1] "NSH79 20 input 2 N3, 2C"
[1] NA
[1] "NSH79 23 input 2 N3, 2C"
[1] NA
[1] "NSH79 20 input 2 S, 2C"
[1] NA
[1] "NSH79 20 input 2 S, 2C"
[1] NA
[1] "NSH79 3 input 1 N3, 2C"
[1] NA
[1] "NSH79 3 input 1 N3, 2C"
[1] NA
[1] "NSH79 9 input 1 N3, 2C"
[1] NA
[1] "NSH79 9 input 1 N3, 2C"
[1] NA
[1] "NSH79 9 input 1 N3, 2C"
[1] NA
[1] "NSH79 9 input 1 S, 2C"
[1] NA
[1] "NSH79 9 input 1 S, 2C"
[1] NA
[1] "NSH79 9 input 1 S, 2C"
[1] NA
[1] "NSH79 9 input 2 N3, 2C"
[1] NA
[1] "NSH79 9 input 2 N3, 2C"
[1] NA
[1] "NSH79 9 input 2 N3, 2C"
[1] NA
[1] "NSH79 9 input 2 S, 2C"
[1] NA
[1] "NSH79 11 input 1 N3, 2C"
[1] NA
[1] "NSH79 12 input 2 S, 2C"
[1] NA
[1] "NSH79 11 input 1 N3, 2C"
[1] NA
[1] "NSH79 13 input 1 S, 2C"
[1] NA
[1] "NSH79 11 input 1 N3, 2C"
[1] NA
[1] "NSH79 23 input 1 N3, 2C"
[1] NA
[1] "NSH79 11 input 1 N3, 2C"
[1] NA
[1] "NSH79 23 input 1 N3, 2C"
[1] NA
[1] "NSH79 12 input 2 S, 2C"
[1] NA
[1] "NSH79 11 input 1 S, 2C"
[1] NA
[1] "NSH79 23 input 1 N3, 2C"
[1] NA
[1] "NSH79 13 input 1 S, 2C"
[1] NA
[1] "NSH79 13 input 1 S, 2C"
[1] NA
[1] "NSH79 23 input 1 S, 2C"
[1] NA
[1] "NSH79 13 input 3 S, 2C"
[1] NA
[1] "mouse NSH79-5 input 1, S-2C"
[1] NA
[1] "NSH79 23 input 1 S, 2C"
[1] NA
[1] "NSH79 13 input 3 S, 2C"
[1] NA
[1] "mouse NSH79-5 input 1, S-2C"
[1] NA
[1] "NSH79 23 input 1 S, 2C"
[1] NA
[1] "mouse NSH79-5 input 1, S-2C"
[1] NA
[1] "NSH79 23 input 2 S, 2C"
[1] NA
[1] "NSH79 23 input 2 S, 2C"
[1] NA
[1] "NSH79 5 input 1 N3, 2C"
[1] NA
[1] "NSH79 8 input 1 S, 2C"
[1] NA
[1] "NSH79 8 input 1 S, 2C"
[1] NA
[1] "NSH79 11 input 1 S, 2C"
[1] NA
[1] "NSH79 8 input 1 S, 2C"
[1] NA
[1] "NSH79 11 input 1 S, 2C"
[1] NA
[1] "NSH79 2 input 1 S, 2C"
[1] NA
[1] "NSH79 11 input 1 S, 2C"
[1] NA
[1] "mouse NSH79-4 input 1, 2C-S"
[1] NA
[1] "mouse NSH79-4 input 1, 2C-S"
[1] NA
[1] "NSH79 9 input 2 S, 2C"
[1] NA
[1] "mouse NSH79-4 input 1, 2C-S"
[1] NA
[1] "NSH79 9 input 2 S, 2C"
[1] NA
[1] "mouse NSH79-4 input 1, 2C-S"
[1] NA
[1] "mouse NSH79-3 input 1, 2C-S"
[1] NA
[1] "mouse NSH79-3 input 1, 2C-S"
[1] NA
[1] "mouse NSH79-3 input 1, 2C-S"
[1] NA
