[1] NA
[1] "E. coli MG1655 exponential phase, crosslink"
[1] NA
[1] "E. coli MG1655 exponential phase, crosslink"
[1] NA
[1] "E. coli MG1655 exponential phase, crosslink"
[1] NA
[1] "E. coli MG1655 exponential phase, non-crosslink"
[1] NA
[1] "E. coli MG1655 exponential phase, non-crosslink"
[1] NA
[1] "E. coli MG1655 exponential phase, non-crosslink"
[1] NA
[1] "E. coli MG1655 stationary phase, crosslink"
[1] NA
[1] "E. coli MG1655 stationary phase, crosslink"
[1] NA
[1] "E. coli MG1655 stationary phase, crosslink"
[1] NA
[1] "E. coli MG1655 stationary phase, non-crosslink"
[1] NA
[1] "E. coli MG1655 stationary phase, non-crosslink"
[1] NA
[1] "E. coli MG1655 stationary phase, non-crosslink"
[1] NA
