[1] NA
[1] "cra-8myc tagged strain glucose"
[1] NA
[1] "cra-8myc tagged strain glucose"
[1] NA
[1] "cra-8myc tagged strain fructose"
[1] NA
[1] "cra-8myc tagged strain fructose"
[1] NA
[1] "cra-8myc tagged strain acetate"
[1] NA
[1] "cra-8myc tagged strain acetate"
[1] NA
[1] "WT glucose"
[1] NA
[1] "WT glucose"
[1] NA
[1] "WT fructose"
[1] NA
[1] "WT fructose"
[1] NA
[1] "WT acetate"
[1] NA
[1] "WT acetate"
[1] NA
[1] "Δcra glucose"
[1] NA
[1] "Δcra glucose"
[1] NA
[1] "Δcra fructose"
[1] NA
[1] "Δcra fructose"
[1] NA
[1] "Δcra acetate"
[1] NA
[1] "Δcra acetate"
[1] NA
[1] "acetate"
[1] NA
[1] "acetate"
[1] NA
[1] "acetate"
[1] NA
[1] "acetate"
[1] NA
[1] "acetate"
[1] NA
[1] "acetate"
[1] NA
