[1] "log10 of Lowess ratio value (test/reference)"
[1] "DnaK deletant 37C"
[1] NA
[1] "BW25113 deleting Trigger Factor_37 °C"
[1] NA
[1] "BW25113 complementing NM domain of Trigger Factor_37 °C"
[1] NA
[1] "BW25113 complementing MC domain of Trigger Factor_37 °C"
[1] NA
[1] "BW25113 complementing NC domain of Trigger Factor_37 °C"
[1] NA
[1] "E.coli BW25113 Z625, deleting DnaKJ and TF, 30 °C"
[1] NA
[1] "E.coli BW25113, Z625, deleting DnaKJ and TF, 37 °C"
[1] NA
[1] "E.coli BW25113, wild type, 37 °C"
[1] NA
[1] "E.coli BW25113,wild type, 30 °C"
[1] NA
[1] "E.coli BW25113, wild type,30 °C"
[1] NA
[1] "E.coli BW25113, Z625, deleting DnaKJ and TF, 30 °C"
[1] NA
