[1] "Normalized log10 ratio (Alexa 647/Alexa 555) representing test(Drug-treated)/reference(DMSO-treated)"
[1] "Mtb in macrophage treated by INH"
[1] NA
[1] "Mtb in macrophage treated by INH"
[1] NA
[1] "Mtb in macrophage treated by INH"
[1] NA
[1] "Mtb in macrophage treated by INH"
[1] NA
[1] "Mtb in macrophage treated by INH"
[1] NA
[1] "Mtb in macrophage treated by INH"
[1] NA
[1] "Mtb in macrophage treated by INH"
[1] NA
[1] "Mtb in macrophage treated by INH"
[1] NA
[1] "Mtb in 7H9 broth treated by INH"
[1] NA
[1] "Mtb in 7H9 broth treated by INH"
[1] NA
[1] "Mtb in 7H9 broth treated by INH"
[1] NA
[1] "Mtb in 7H9 broth treated by INH"
[1] NA
[1] "Mtb in 7H9 broth treated by INH"
[1] NA
[1] "Mtb in 7H9 broth treated by INH"
[1] NA
[1] "Mtb in macrophage treated by EMB"
[1] NA
[1] "Mtb in macrophage treated by EMB"
[1] NA
[1] "Mtb in macrophage treated by EMB"
[1] NA
[1] "Mtb in 7H9 broth treated by EMB"
[1] NA
[1] "Mtb in 7H9 broth treated by EMB"
[1] NA
[1] "Mtb in 7H9 broth treated by EMB"
[1] NA
[1] "Mtb in macrophage treated by PZA"
[1] NA
[1] "Mtb in macrophage treated by PZA"
[1] NA
[1] "Mtb in macrophage treated by PZA"
[1] NA
[1] "Mtb in 7H9 broth treated by PZA"
[1] NA
[1] "Mtb in 7H9 broth treated by PZA"
[1] NA
[1] "Mtb in 7H9 broth treated by PZA"
[1] NA
[1] "Mtb in macrophage treated by RIF"
[1] NA
[1] "Mtb in macrophage treated by RIF"
[1] NA
[1] "Mtb in macrophage treated by RIF"
[1] NA
[1] "Mtb in 7H9 broth treated by RIF"
[1] NA
[1] "Mtb in 7H9 broth treated by RIF"
[1] NA
[1] "Mtb in 7H9 broth treated by RIF"
[1] NA
[1] "Mtb in EBSS-treated macrophage"
[1] NA
[1] "Mtb in EBSS-treated macrophage"
[1] NA
[1] "Mtb in EBSS-treated macrophage"
[1] NA
[1] "Mtb in Rapamycin-treated macrophage"
[1] NA
[1] "Mtb in Rapamycin-treated macrophage"
[1] NA
[1] "Mtb in Rapamycin-treated macrophage"
[1] NA
[1] "Mtb in IFNg+LPS treated macrophage"
[1] NA
[1] "Mtb in IFNg+LPS treated macrophage"
[1] NA
