[1] "LN ratio (Target / Control = Mutant / Wild type) and grid based lowess normalisation"
[1] "DELTAccpA LB with 1% glucose"
[1] NA
[1] "DELTAccpA LB with 1% glucose"
[1] NA
[1] "wild type LB with 1% glucose"
[1] NA
[1] "CcpA-M17R LB with 1% glucose"
[1] NA
[1] "CcpA-M17R LB with 1% glucose"
[1] NA
[1] "wild type LB with 1% glucose"
[1] NA
[1] "CcpA-T62H LB with 1% glucose"
[1] NA
[1] "CcpA-T62H LB with 1% glucose"
[1] NA
[1] "wild type LB with 1% glucose"
[1] NA
[1] "CcpA-R304W LB with 1% glucose"
[1] NA
[1] "CcpA-R304W LB with 1% glucose"
[1] NA
[1] "wild type LB with 1% glucose"
[1] NA
[1] "DELTAccpA LB without 1% glucose"
[1] NA
[1] "DELTAccpA LB without 1% glucose"
[1] NA
[1] "wild type LB without 1% glucose"
[1] NA
[1] "CcpA-M17R LB without 1% glucose"
[1] NA
[1] "CcpA-M17R LB without 1% glucose"
[1] NA
[1] "wild type LB without 1% glucose"
[1] NA
[1] "CcpA-T62H LB without 1% glucose"
[1] NA
[1] "CcpA-T62H LB without 1% glucose"
[1] NA
[1] "wild type LB without 1% glucose"
[1] NA
[1] "wild type LB without 1% glucose"
[1] NA
[1] "CcpA-R304W LB without 1% glucose"
[1] NA
[1] "wild type LB without 1% glucose"
[1] NA
