[1] "normalized log10 ratio ch1/ch2"
[1] "Halobacterium NRC1, Cmyc expression from plasmid pMTFcmyc"
[1] NA
[1] "Halobacterium NRC1, reference"
[1] NA
[1] "Halobacterium NRC1, Cmyc expression from plasmid pMTFcmyc"
[1] NA
[1] "Halobacterium NRC1, reference"
[1] NA
[1] "Halobacterium NRC1, Cmyc expression from plasmid pMTFcmyc"
[1] NA
[1] "Halobacterium NRC1, reference"
[1] NA
[1] "Halobacterium NRC1, Cmyc expression from plasmid pMTFcmyc"
[1] NA
[1] "Halobacterium NRC1, reference"
[1] NA
[1] "Halobacterium NRC1, Cmyc expression from plasmid pMTFcmyc"
[1] NA
[1] "Halobacterium NRC1, reference"
[1] NA
[1] "Halobacterium NRC1, Cmyc expression from plasmid pMTFcmyc"
[1] NA
[1] "Halobacterium NRC1, reference"
[1] NA
[1] "Halobacterium NRC1, tfbD expression from plasmid pMTFcmyc"
[1] NA
[1] "Halobacterium NRC1, reference"
[1] NA
[1] "Halobacterium NRC1, tfbD expression from plasmid pMTFcmyc"
[1] NA
[1] "Halobacterium NRC1, reference"
[1] NA
[1] "Halobacterium NRC1, tfbD expression from plasmid pMTFcmyc"
[1] NA
[1] "Halobacterium NRC1, reference"
[1] NA
[1] "Halobacterium NRC1, tfbD expression from plasmid pMTFcmyc"
[1] NA
[1] "Halobacterium NRC1, reference"
[1] NA
[1] "Halobacterium NRC1, tfbD expression from plasmid pMTFcmyc"
[1] NA
[1] "Halobacterium NRC1, reference"
[1] NA
[1] "Halobacterium NRC1, tfbD expression from plasmid pMTFcmyc"
[1] NA
[1] "Halobacterium NRC1, reference"
[1] NA
[1] "Halobacterium NRC1, tfbE expression from plasmid pMTFcmyc"
[1] NA
[1] "Halobacterium NRC1, reference"
[1] NA
[1] "Halobacterium NRC1, tfbE expression from plasmid pMTFcmyc"
[1] NA
[1] "Halobacterium NRC1, reference"
[1] NA
[1] "Halobacterium NRC1, tfbE expression from plasmid pMTFcmyc"
[1] NA
[1] "Halobacterium NRC1, reference"
[1] NA
[1] "Halobacterium NRC1, tfbE expression from plasmid pMTFcmyc"
[1] NA
[1] "Halobacterium NRC1, reference"
[1] NA
[1] "Halobacterium NRC1, tfbE expression from plasmid pMTFcmyc"
[1] NA
[1] "Halobacterium NRC1, reference"
[1] NA
[1] "Halobacterium NRC1, tfbE expression from plasmid pMTFcmyc"
[1] NA
[1] "Halobacterium NRC1, reference"
[1] NA
[1] "Halobacterium NRC1, ura3 knockout strain"
[1] NA
[1] "Halobacterium NRC1, reference"
[1] NA
[1] "Halobacterium NRC1, ura3 knockout strain"
[1] NA
[1] "Halobacterium NRC1, reference"
[1] NA
[1] "Halobacterium NRC1, ura3 knockout strain"
[1] NA
[1] "Halobacterium NRC1, reference"
[1] NA
[1] "Halobacterium NRC1, ura3 knockout strain"
[1] NA
[1] "Halobacterium NRC1, reference"
[1] NA
[1] "Halobacterium NRC1, ura3 knockout strain"
[1] NA
[1] "Halobacterium NRC1, reference"
[1] NA
[1] "Halobacterium NRC1, ura3 knockout strain"
[1] NA
[1] "Halobacterium NRC1, reference"
[1] NA
[1] "Halobacterium NRC1, wild-type"
[1] NA
[1] "Halobacterium NRC1, reference"
[1] NA
[1] "Halobacterium NRC1, wild-type"
[1] NA
[1] "Halobacterium NRC1, reference"
[1] NA
[1] "Halobacterium NRC1, wild-type"
[1] NA
[1] "Halobacterium NRC1, reference"
[1] NA
[1] "Halobacterium NRC1, wild-type"
[1] NA
[1] "Halobacterium NRC1, reference"
[1] NA
[1] "Halobacterium NRC1, wild-type"
[1] NA
[1] "Halobacterium NRC1, reference"
[1] NA
[1] "Halobacterium NRC1, wild-type"
[1] NA
[1] "Halobacterium NRC1, reference"
[1] NA
[1] "Halobacterium NRC1, tfbA knockout"
[1] NA
[1] "Halobacterium NRC1, reference"
[1] NA
[1] "Halobacterium NRC1, tfbA knockout"
[1] NA
[1] "Halobacterium NRC1, reference"
[1] NA
[1] "Halobacterium NRC1, tfbA knockout"
[1] NA
[1] "Halobacterium NRC1, reference"
[1] NA
[1] "Halobacterium NRC1, tfbA knockout"
[1] NA
[1] "Halobacterium NRC1, reference"
[1] NA
[1] "Halobacterium NRC1, tfbA knockout"
[1] NA
[1] "Halobacterium NRC1, reference"
[1] NA
[1] "Halobacterium NRC1, tfbA knockout"
[1] NA
[1] "Halobacterium NRC1, reference"
[1] NA
[1] "Halobacterium NRC1, tfbC knockout"
[1] NA
[1] "Halobacterium NRC1, reference"
[1] NA
[1] "Halobacterium NRC1, tfbC knockout"
[1] NA
[1] "Halobacterium NRC1, reference"
[1] NA
[1] "Halobacterium NRC1, tfbC knockout"
[1] NA
[1] "Halobacterium NRC1, reference"
[1] NA
[1] "Halobacterium NRC1, tfbC knockout"
[1] NA
[1] "Halobacterium NRC1, reference"
[1] NA
[1] "Halobacterium NRC1, tfbC knockout"
[1] NA
[1] "Halobacterium NRC1, reference"
[1] NA
[1] "Halobacterium NRC1, tfbC knockout"
[1] NA
[1] "Halobacterium NRC1, reference"
[1] NA
[1] "Halobacterium NRC1, tfbE knockout"
[1] NA
[1] "Halobacterium NRC1, reference"
[1] NA
[1] "Halobacterium NRC1, tfbE knockout"
[1] NA
[1] "Halobacterium NRC1, reference"
[1] NA
[1] "Halobacterium NRC1, tfbE knockout"
[1] NA
[1] "Halobacterium NRC1, reference"
[1] NA
[1] "Halobacterium NRC1,  tfb knockout"
[1] NA
[1] "Halobacterium NRC1, reference"
[1] NA
[1] "Halobacterium NRC1, tfbE knockout"
[1] NA
[1] "Halobacterium NRC1, reference"
[1] NA
[1] "Halobacterium NRC1, tfbE knockout"
[1] NA
[1] "Halobacterium NRC1, reference"
[1] NA
[1] "Halobacterium NRC1, Cmyc expression from plasmid pMTFcmyc"
[1] NA
[1] "Halobacterium NRC1, reference"
[1] NA
[1] "Halobacterium NRC1, Cmyc expression from plasmid pMTFcmyc"
[1] NA
[1] "Halobacterium NRC1, reference"
[1] NA
[1] "Halobacterium NRC1, Cmyc expression from plasmid pMTFcmyc"
[1] NA
[1] "Halobacterium NRC1, reference"
[1] NA
[1] "Halobacterium NRC1, Cmyc expression from plasmid pMTFcmyc"
[1] NA
[1] "Halobacterium NRC1, reference"
[1] NA
[1] "Halobacterium NRC1, Cmyc expression from plasmid pMTFcmyc"
[1] NA
[1] "Halobacterium NRC1, reference"
[1] NA
[1] "Halobacterium NRC1, Cmyc expression from plasmid pMTFcmyc"
[1] NA
[1] "Halobacterium NRC1, reference"
[1] NA
[1] "Halobacterium NRC1, tbpA expression from plasmid pMTFcmyc"
[1] NA
[1] "Halobacterium NRC1, reference"
[1] NA
[1] "Halobacterium NRC1, tbpA expression from plasmid pMTFcmyc"
[1] NA
[1] "Halobacterium NRC1, reference"
[1] NA
[1] "Halobacterium NRC1, tbpA expression from plasmid pMTFcmyc"
[1] NA
[1] "Halobacterium NRC1, reference"
[1] NA
[1] "Halobacterium NRC1, tbpA expression from plasmid pMTFcmyc"
[1] NA
[1] "Halobacterium NRC1, reference"
[1] NA
[1] "Halobacterium NRC1, tbpA expression from plasmid pMTFcmyc"
[1] NA
[1] "Halobacterium NRC1, reference"
[1] NA
[1] "Halobacterium NRC1, tbpA expression from plasmid pMTFcmyc"
[1] NA
[1] "Halobacterium NRC1, reference"
[1] NA
[1] "Halobacterium NRC1, tbpB expression from plasmid pMTFcmyc"
[1] NA
[1] "Halobacterium NRC1, reference"
[1] NA
[1] "Halobacterium NRC1, tbpB expression from plasmid pMTFcmyc"
[1] NA
[1] "Halobacterium NRC1, reference"
[1] NA
[1] "Halobacterium NRC1, tbpB expression from plasmid pMTFcmyc"
[1] NA
[1] "Halobacterium NRC1, reference"
[1] NA
[1] "Halobacterium NRC1, tbpB expression from plasmid pMTFcmyc"
[1] NA
[1] "Halobacterium NRC1, reference"
[1] NA
[1] "Halobacterium NRC1, tbpB expression from plasmid pMTFcmyc"
[1] NA
[1] "Halobacterium NRC1, reference"
[1] NA
[1] "Halobacterium NRC1, tbpB expression from plasmid pMTFcmyc"
[1] NA
[1] "Halobacterium NRC1, reference"
[1] NA
[1] "Halobacterium NRC1, tbpC expression from plasmid pMTFcmyc"
[1] NA
[1] "Halobacterium NRC1, reference"
[1] NA
[1] "Halobacterium NRC1,  tbp expression from plasmid pMTFcmyc"
[1] NA
[1] "Halobacterium NRC1, reference"
[1] NA
[1] "Halobacterium NRC1, tbpC expression from plasmid pMTFcmyc"
[1] NA
[1] "Halobacterium NRC1, reference"
[1] NA
[1] "Halobacterium NRC1, tbpC expression from plasmid pMTFcmyc"
[1] NA
[1] "Halobacterium NRC1, reference"
[1] NA
[1] "Halobacterium NRC1, tbpC expression from plasmid pMTFcmyc"
[1] NA
[1] "Halobacterium NRC1, reference"
[1] NA
[1] "Halobacterium NRC1, tbpC expression from plasmid pMTFcmyc"
[1] NA
[1] "Halobacterium NRC1, reference"
[1] NA
[1] "Halobacterium NRC1, tbpD expression from plasmid pMTFcmyc"
[1] NA
[1] "Halobacterium NRC1, reference"
[1] NA
[1] "Halobacterium NRC1, tbpD expression from plasmid pMTFcmyc"
[1] NA
[1] "Halobacterium NRC1, reference"
[1] NA
[1] "Halobacterium NRC1, tbpD expression from plasmid pMTFcmyc"
[1] NA
[1] "Halobacterium NRC1, reference"
[1] NA
[1] "Halobacterium NRC1, tbpD expression from plasmid pMTFcmyc"
[1] NA
[1] "Halobacterium NRC1, reference"
[1] NA
[1] "Halobacterium NRC1, tbpD expression from plasmid pMTFcmyc"
[1] NA
[1] "Halobacterium NRC1, reference"
[1] NA
[1] "Halobacterium NRC1, tbpD expression from plasmid pMTFcmyc"
[1] NA
[1] "Halobacterium NRC1, reference"
[1] NA
[1] "Halobacterium NRC1, tbpE expression from plasmid pMTFcmyc"
[1] NA
[1] "Halobacterium NRC1, reference"
[1] NA
[1] "Halobacterium NRC1, tbpE expression from plasmid pMTFcmyc"
[1] NA
[1] "Halobacterium NRC1, reference"
[1] NA
[1] "Halobacterium NRC1, tbpE expression from plasmid pMTFcmyc"
[1] NA
[1] "Halobacterium NRC1, reference"
[1] NA
[1] "Halobacterium NRC1, tbpE expression from plasmid pMTFcmyc"
[1] NA
[1] "Halobacterium NRC1, reference"
[1] NA
[1] "Halobacterium NRC1, tbpE expression from plasmid pMTFcmyc"
[1] NA
[1] "Halobacterium NRC1, reference"
[1] NA
[1] "Halobacterium NRC1, tbpE expression from plasmid pMTFcmyc"
[1] NA
[1] "Halobacterium NRC1, reference"
[1] NA
[1] "Halobacterium NRC1, tbpF expression from plasmid pMTFcmyc"
[1] NA
[1] "Halobacterium NRC1, reference"
[1] NA
[1] "Halobacterium NRC1, tbpF expression from plasmid pMTFcmyc"
[1] NA
[1] "Halobacterium NRC1, reference"
[1] NA
[1] "Halobacterium NRC1, tbpF expression from plasmid pMTFcmyc"
[1] NA
[1] "Halobacterium NRC1, reference"
[1] NA
[1] "Halobacterium NRC1, tbpF expression from plasmid pMTFcmyc"
[1] NA
[1] "Halobacterium NRC1, reference"
[1] NA
[1] "Halobacterium NRC1, tbpF expression from plasmid pMTFcmyc"
[1] NA
[1] "Halobacterium NRC1, reference"
[1] NA
[1] "Halobacterium NRC1, tbpF expression from plasmid pMTFcmyc"
[1] NA
[1] "Halobacterium NRC1, reference"
[1] NA
[1] "Halobacterium NRC1, tbpA knockout"
[1] NA
[1] "Halobacterium NRC1, reference"
[1] NA
[1] "Halobacterium NRC1, tbpA knockout"
[1] NA
[1] "Halobacterium NRC1, reference"
[1] NA
[1] "Halobacterium NRC1, tbpC knockout"
[1] NA
[1] "Halobacterium NRC1, reference"
[1] NA
[1] "Halobacterium NRC1, tbpC knockout"
[1] NA
[1] "Halobacterium NRC1, reference"
[1] NA
[1] "Halobacterium NRC1, tbpD knockout"
[1] NA
[1] "Halobacterium NRC1, reference"
[1] NA
[1] "Halobacterium NRC1, tbpD knockout"
[1] NA
[1] "Halobacterium NRC1, reference"
[1] NA
[1] "Halobacterium NRC1, tfbB knockout"
[1] NA
[1] "Halobacterium NRC1, reference"
[1] NA
[1] "Halobacterium NRC1, tfbB knockout"
[1] NA
[1] "Halobacterium NRC1, reference"
[1] NA
[1] "Halobacterium NRC1, tfbD knockout"
[1] NA
[1] "Halobacterium NRC1, reference"
[1] NA
[1] "Halobacterium NRC1, tfbD knockout"
[1] NA
[1] "Halobacterium NRC1, reference"
[1] NA
[1] "Halobacterium NRC1, ura3 knockout strain"
[1] NA
[1] "Halobacterium NRC1, reference"
[1] NA
[1] "Halobacterium NRC1, tbpA knockout"
[1] NA
[1] "Halobacterium NRC1, reference"
[1] NA
[1] "Halobacterium NRC1, tbpA knockout"
[1] NA
[1] "Halobacterium NRC1, reference"
[1] NA
[1] "Halobacterium NRC1, tbpC knockout"
[1] NA
[1] "Halobacterium NRC1, reference"
[1] NA
[1] "Halobacterium NRC1, tbpC knockout"
[1] NA
[1] "Halobacterium NRC1, reference"
[1] NA
[1] "Halobacterium NRC1, tbpD knockout"
[1] NA
[1] "Halobacterium NRC1, reference"
[1] NA
[1] "Halobacterium NRC1, tbpD knockout"
[1] NA
[1] "Halobacterium NRC1, reference"
[1] NA
[1] "Halobacterium NRC1, tbpB knockout"
[1] NA
[1] "Halobacterium NRC1, reference"
[1] NA
[1] "Halobacterium NRC1, tfbB knockout"
[1] NA
[1] "Halobacterium NRC1, reference"
[1] NA
[1] "Halobacterium NRC1, tfbD knockout"
[1] NA
[1] "Halobacterium NRC1, reference"
[1] NA
[1] "Halobacterium NRC1, tfbD knockout"
[1] NA
[1] "Halobacterium NRC1, reference"
[1] NA
[1] "Halobacterium NRC1, ura3 knockout strain"
[1] NA
[1] "Halobacterium NRC1, reference"
[1] NA
[1] "Halobacterium NRC1, tbpA knockout"
[1] NA
[1] "Halobacterium NRC1, reference"
[1] NA
[1] "Halobacterium NRC1, tbpA knockout"
[1] NA
[1] "Halobacterium NRC1, reference"
[1] NA
[1] "Halobacterium NRC1, tbpC knockout"
[1] NA
[1] "Halobacterium NRC1, reference"
[1] NA
[1] "Halobacterium NRC1, tbpC knockout"
[1] NA
[1] "Halobacterium NRC1, reference"
[1] NA
[1] "Halobacterium NRC1, tbpD knockout"
[1] NA
[1] "Halobacterium NRC1, reference"
[1] NA
[1] "Halobacterium NRC1, tbpD knockout"
[1] NA
[1] "Halobacterium NRC1, reference"
[1] NA
[1] "Halobacterium NRC1, tfbB knockout"
[1] NA
[1] "Halobacterium NRC1, reference"
[1] NA
[1] "Halobacterium NRC1, tfbB knockout"
[1] NA
[1] "Halobacterium NRC1, reference"
[1] NA
[1] "Halobacterium NRC1, tfbD knockout"
[1] NA
[1] "Halobacterium NRC1, reference"
[1] NA
[1] "Halobacterium NRC1, tfbD knockout"
[1] NA
[1] "Halobacterium NRC1, reference"
[1] NA
[1] "Halobacterium NRC1, ura3 knockout strain"
[1] NA
[1] "Halobacterium NRC1, reference"
[1] NA
[1] "Halobacterium NRC1, tfbA expression from plasmid pMTFcmyc"
[1] NA
[1] "Halobacterium NRC1, reference"
[1] NA
[1] "Halobacterium NRC1, tfbA expression from plasmid pMTFcmyc"
[1] NA
[1] "Halobacterium NRC1, reference"
[1] NA
[1] "Halobacterium NRC1, tfbB expression from plasmid pMTFcmyc"
[1] NA
[1] "Halobacterium NRC1, reference"
[1] NA
[1] "Halobacterium NRC1, tfbB expression from plasmid pMTFcmyc"
[1] NA
[1] "Halobacterium NRC1, reference"
[1] NA
[1] "Halobacterium NRC1, tfbC expression from plasmid pMTFcmyc"
[1] NA
[1] "Halobacterium NRC1, reference"
[1] NA
[1] "Halobacterium NRC1, tfbC expression from plasmid pMTFcmyc"
[1] NA
[1] "Halobacterium NRC1, reference"
[1] NA
[1] "Halobacterium NRC1, tfbF expression from plasmid pMTFcmyc"
[1] NA
[1] "Halobacterium NRC1, reference"
[1] NA
[1] "Halobacterium NRC1, tfbF expression from plasmid pMTFcmyc"
[1] NA
[1] "Halobacterium NRC1, reference"
[1] NA
[1] "Halobacterium NRC1, tfbA expression from plasmid pMTFcmyc"
[1] NA
[1] "Halobacterium NRC1, reference"
[1] NA
[1] "Halobacterium NRC1, tfbA expression from plasmid pMTFcmyc"
[1] NA
[1] "Halobacterium NRC1, reference"
[1] NA
[1] "Halobacterium NRC1, tfbB expression from plasmid pMTFcmyc"
[1] NA
[1] "Halobacterium NRC1, reference"
[1] NA
[1] "Halobacterium NRC1, tfbB expression from plasmid pMTFcmyc"
[1] NA
[1] "Halobacterium NRC1, reference"
[1] NA
[1] "Halobacterium NRC1, tfbC expression from plasmid pMTFcmyc"
[1] NA
[1] "Halobacterium NRC1, reference"
[1] NA
[1] "Halobacterium NRC1, tfbC expression from plasmid pMTFcmyc"
[1] NA
[1] "Halobacterium NRC1, reference"
[1] NA
[1] "Halobacterium NRC1, tfbF expression from plasmid pMTFcmyc"
[1] NA
[1] "Halobacterium NRC1, reference"
[1] NA
[1] "Halobacterium NRC1, tfbF expression from plasmid pMTFcmyc"
[1] NA
[1] "Halobacterium NRC1, reference"
[1] NA
[1] "Halobacterium NRC1, tfbA expression from plasmid pMTFcmyc"
[1] NA
[1] "Halobacterium NRC1, reference"
[1] NA
[1] "Halobacterium NRC1, tfbA expression from plasmid pMTFcmyc"
[1] NA
[1] "Halobacterium NRC1, reference"
[1] NA
[1] "Halobacterium NRC1, tfbB expression from plasmid pMTFcmyc"
[1] NA
[1] "Halobacterium NRC1, reference"
[1] NA
[1] "Halobacterium NRC1, tfbB expression from plasmid pMTFcmyc"
[1] NA
[1] "Halobacterium NRC1, reference"
[1] NA
[1] "Halobacterium NRC1, tfbC expression from plasmid pMTFcmyc"
[1] NA
[1] "Halobacterium NRC1, reference"
[1] NA
[1] "Halobacterium NRC1, tfbC expression from plasmid pMTFcmyc"
[1] NA
[1] "Halobacterium NRC1, reference"
[1] NA
[1] "Halobacterium NRC1, tfbF expression from plasmid pMTFcmyc"
[1] NA
[1] "Halobacterium NRC1, reference"
[1] NA
[1] "Halobacterium NRC1, tfbF expression from plasmid pMTFcmyc"
[1] NA
[1] "Halobacterium NRC1, reference"
[1] NA
[1] "Halobacterium NRC1, tfbA expression from plasmid pMTFcmyc"
[1] NA
[1] "Halobacterium NRC1, reference"
[1] NA
[1] "Halobacterium NRC1, tfbA expression from plasmid pMTFcmyc"
[1] NA
[1] "Halobacterium NRC1, reference"
[1] NA
[1] "Halobacterium NRC1, tfbB expression from plasmid pMTFcmyc"
[1] NA
[1] "Halobacterium NRC1, reference"
[1] NA
[1] "Halobacterium NRC1, tfbB expression from plasmid pMTFcmyc"
[1] NA
[1] "Halobacterium NRC1, reference"
[1] NA
[1] "Halobacterium NRC1,  tfb expression from plasmid pMTFcmyc"
[1] NA
[1] "Halobacterium NRC1, reference"
[1] NA
[1] "Halobacterium NRC1, tfbC expression from plasmid pMTFcmyc"
[1] NA
[1] "Halobacterium NRC1, reference"
[1] NA
[1] "Halobacterium NRC1, tfbF expression from plasmid pMTFcmyc"
[1] NA
[1] "Halobacterium NRC1, reference"
[1] NA
[1] "Halobacterium NRC1, tfbF expression from plasmid pMTFcmyc"
[1] NA
[1] "Halobacterium NRC1, reference"
[1] NA
[1] "Halobacterium NRC1, tfbG expression from plasmid pMTFcmyc"
[1] NA
[1] "Halobacterium NRC1, reference"
[1] NA
[1] "Halobacterium NRC1, tfbG expression from plasmid pMTFcmyc"
[1] NA
[1] "Halobacterium NRC1, reference"
[1] NA
[1] "Halobacterium NRC1, tfbG expression from plasmid pMTFcmyc"
[1] NA
[1] "Halobacterium NRC1, reference"
[1] NA
[1] "Halobacterium NRC1, tfbG expression from plasmid pMTFcmyc"
[1] NA
[1] "Halobacterium NRC1, reference"
[1] NA
[1] "Halobacterium NRC1, tfbG expression from plasmid pMTFcmyc"
[1] NA
[1] "Halobacterium NRC1, reference"
[1] NA
[1] "Halobacterium NRC1, tfbG expression from plasmid pMTFcmyc"
[1] NA
[1] "Halobacterium NRC1, reference"
[1] NA
