[1] "Log2 normalized"
[1] "hyper-amyloid aggregates early dataset"
[1] NA
[1] "hyper-amyloid aggregates early dataset"
[1] NA
[1] "hyper-amyloid aggregates early dataset"
[1] NA
[1] "hyper-amyloid aggregates middle dataset"
[1] NA
[1] "hyper-amyloid aggregates middle dataset"
[1] NA
[1] "hyper-amyloid aggregates middle dataset"
[1] NA
[1] "hyper-amyloid aggregates late dataset"
[1] NA
[1] "hyper-amyloid aggregates late dataset"
[1] NA
[1] "hyper-amyloid aggregates late dataset"
[1] NA
[1] "mild-amyloid aggregates early dataset"
[1] NA
[1] "mild-amyloid aggregates early dataset"
[1] NA
[1] "mild-amyloid aggregates early dataset"
[1] NA
[1] "mild-amyloid aggregates middle dataset"
[1] NA
[1] "mild-amyloid aggregates middle dataset"
[1] NA
[1] "mild-amyloid aggregates middle dataset"
[1] NA
[1] "mild-amyloid aggregates late dataset"
[1] NA
[1] "mild-amyloid aggregates late dataset"
[1] NA
[1] "mild-amyloid aggregates late dataset"
[1] NA
