[1] "Normalized log10 intensity of X INT/Y_INT (IP/WCE)"
[1] "Halobacterium sp. NRC-1 Empty Vector Control cMyc-tagged strain IP fraction"
[1] NA
[1] "Halobacterium sp. NRC-1 Empty Vector Control cMyc-tagged strain IP fraction"
[1] NA
[1] "Halobacterium sp. NRC-1 Empty Vector Control cMyc-tagged strain IP fraction"
[1] NA
[1] "Halobacterium sp. NRC-1 Empty Vector Control cMyc-tagged strain IP fraction"
[1] NA
[1] "Halobacterium sp. NRC-1 AsnC cMyc-tagged strain IP fraction"
[1] NA
[1] "Halobacterium sp. NRC-1 AsnC cMyc-tagged strain IP fraction"
[1] NA
[1] "Halobacterium sp. NRC-1 AsnC cMyc-tagged strain IP fraction"
[1] NA
[1] "Halobacterium sp. NRC-1 Trh2 cMyc-tagged strain IP fraction"
[1] NA
[1] "Halobacterium sp. NRC-1 Trh2 cMyc-tagged strain IP fraction"
[1] NA
[1] "Halobacterium sp. NRC-1 Trh2 cMyc-tagged strain IP fraction"
[1] NA
[1] "Halobacterium sp. NRC-1 Trh2 cMyc-tagged strain IP fraction"
[1] NA
[1] "Halobacterium sp. NRC-1 Trh3 cMyc-tagged strain IP fraction"
[1] NA
[1] "Halobacterium sp. NRC-1 Trh3 cMyc-tagged strain IP fraction"
[1] NA
[1] "Halobacterium sp. NRC-1 Trh3 cMyc-tagged strain IP fraction"
[1] NA
[1] "Halobacterium sp. NRC-1 Trh3 cMyc-tagged strain IP fraction"
[1] NA
[1] "Halobacterium sp. NRC-1 Trh4 cMyc-tagged strain IP fraction"
[1] NA
[1] "Halobacterium sp. NRC-1 Trh4 cMyc-tagged strain IP fraction"
[1] NA
[1] "Halobacterium sp. NRC-1 Trh4 cMyc-tagged strain IP fraction"
[1] NA
[1] "Halobacterium sp. NRC-1 Trh6 cMyc-tagged strain IP fraction"
[1] NA
[1] "Halobacterium sp. NRC-1 Trh6 cMyc-tagged strain IP fraction"
[1] NA
[1] "Halobacterium sp. NRC-1 Trh6 cMyc-tagged strain IP fraction"
[1] NA
[1] "Halobacterium sp. NRC-1 Trh6 cMyc-tagged strain IP fraction"
[1] NA
[1] "Halobacterium sp. NRC-1 Trh7 cMyc-tagged strain IP fraction"
[1] NA
[1] "Halobacterium sp. NRC-1 Trh7 cMyc-tagged strain IP fraction"
[1] NA
[1] "Halobacterium sp. NRC-1 Trh7 cMyc-tagged strain IP fraction"
[1] NA
[1] "Halobacterium sp. NRC-1 Trh7 cMyc-tagged strain IP fraction"
[1] NA
[1] "Halobacterium sp. NRC-1 VNG1179C cMyc-tagged strain IP fraction"
[1] NA
[1] "Halobacterium sp. NRC-1 VNG1179C cMyc-tagged strain IP fraction"
[1] NA
[1] "Halobacterium sp. NRC-1 VNG1179C cMyc-tagged strain IP fraction"
[1] NA
[1] "Halobacterium sp. NRC-1 VNG1179C cMyc-tagged strain IP fraction"
[1] NA
[1] "Halobacterium sp. NRC-1 VNG1237C cMyc-tagged strain IP fraction"
[1] NA
[1] "Halobacterium sp. NRC-1 VNG1237C cMyc-tagged strain IP fraction"
[1] NA
[1] "Halobacterium sp. NRC-1 VNG1237C cMyc-tagged strain IP fraction"
[1] NA
[1] "Halobacterium sp. NRC-1 VNG1237C cMyc-tagged strain IP fraction"
[1] NA
