[1] "normalized log2 ratio (Cy5/Cy3) representing test/reference"
[1] "S. Typhimurium wt. Biol. Rep. 3 optical density (600 nm) of 3.6"
[1] NA
[1] "S. Typhimurium wt. Biol. Rep. 3 optical density (600 nm) of 3.0"
[1] NA
[1] "S. Typhimurium wt. Biol. Rep. 3 optical density (600 nm) of 2.3"
[1] NA
[1] "S. Typhimurium wt. Biol. Rep. 3 optical density (600 nm) of 1.0"
[1] NA
[1] "S. Typhimurium wt. Biol. Rep. 2 optical density (600 nm) of 3.6"
[1] NA
[1] "S. Typhimurium wt. Biol. Rep. 2 o optical density (600 nm) of 3"
[1] NA
[1] "S. Typhimurium wt. Biol. Rep. 2 optical density (600 nm) of 2.3"
[1] NA
[1] "S. Typhimurium wt. Biol. Rep. 2 optical density (600 nm) of 1.0"
[1] NA
[1] "S. Typhimurium wt. Biol. Rep. 1 optical density (600 nm) of 3.6"
[1] NA
[1] "S. Typhimurium wt. Biol. Rep. 1 o optical density (600 nm) of 3"
[1] NA
[1] "S. Typhimurium wt. Biol. Rep. 1 optical density (600 nm) of 2.3"
[1] NA
[1] "S. Typhimurium wt. Biol. Rep. 1 optical density (600 nm) of 1.0"
[1] NA
[1] "S. Typhimurium Biol. Rep. 5 optical density (600 nm) of 1.0"
[1] NA
[1] "S. Typhimurium Biol. Rep. 4 optical density (600 nm) of 1.0"
[1] NA
[1] "S. Typhimurium ΔrelAΔspoTΔdksA. Biol. Rep. 3 optical density (600 nm) of 4.2"
[1] NA
[1] "S. Typhimurium ΔrelAΔspoTΔdksA. Biol. Rep. 2 optical density (600 nm) of 4.2"
[1] NA
[1] "S. Typhimurium ΔrelAΔspoTΔdksA. Biol. Rep. 1 optical density (600 nm) of 4.2"
[1] NA
[1] "S. Typhimurium ΔdksA. Biol. Rep. 4 optical density (600 nm) of 1.0"
[1] NA
[1] "S. Typhimurium ΔdksA. Biol. Rep. 3 optical density (600 nm) of 3.6"
[1] NA
[1] "S. Typhimurium ΔdksA. Biol. Rep. 3 optical density (600 nm) of 3.0"
[1] NA
[1] "S. Typhimurium ΔdksA. Biol. Rep. 3 optical density (600 nm) of 2.4"
[1] NA
[1] "S. Typhimurium ΔdksA. Biol. Rep. 3 optical density (600 nm) of 1.0"
[1] NA
[1] "S. Typhimurium ΔdksA. Biol. Rep. 2 optical density (600 nm) of 3.6"
[1] NA
[1] "S. Typhimurium ΔdksA. Biol. Rep. 2 optical density (600 nm) of 3.0"
[1] NA
[1] "S. Typhimurium ΔdksA. Biol. Rep. 2 optical density (600 nm) of 2.4"
[1] NA
[1] "S. Typhimurium ΔdksA. Biol. Rep. 2 optical density (600 nm) of 1.0"
[1] NA
[1] "S. Typhimurium ΔdksA. Biol. Rep. 1 optical density (600 nm) of 3.6"
[1] NA
[1] "S. Typhimurium ΔdksA. Biol. Rep. 1 optical density (600 nm) of 3.0"
[1] NA
[1] "S. Typhimurium ΔdksA. Biol. Rep. 1 optical density (600 nm) of 2.4"
[1] NA
[1] "S. Typhimurium ΔdksA. Biol. Rep. 1 optical density (600 nm) of 1.0"
[1] NA
