[1] NA
[1] "planktonic cells"
[1] NA
[1] "planktonic cells"
[1] NA
[1] "planktonic cells"
[1] NA
[1] "planktonic cells"
[1] NA
[1] "planktonic cells"
[1] NA
[1] "planktonic cells"
[1] NA
[1] "planktonic cells"
[1] NA
[1] "planktonic cells"
[1] NA
[1] "planktonic cells"
[1] NA
[1] "planktonic cells"
[1] NA
[1] "planktonic cells"
[1] NA
[1] "planktonic cells"
[1] NA
[1] "planktonic cells"
[1] NA
[1] "planktonic cells"
[1] NA
[1] "planktonic cells"
[1] NA
[1] "planktonic cells"
[1] NA
[1] "planktonic cells"
[1] NA
[1] "planktonic cells"
[1] NA
[1] "planktonic cells"
[1] NA
[1] "planktonic cells"
[1] NA
[1] "planktonic cells"
[1] NA
