[1] NA
[1] "Bacillus subtilis PY79"
[1] NA
[1] "Bacillus subtilis PY79"
[1] NA
[1] "Bacillus subtilis PY79"
[1] NA
[1] "Bacillus subtilis PY79"
[1] NA
[1] "Bacillus subtilis PY79"
[1] NA
[1] "Bacillus subtilis PY79"
[1] NA
[1] "Bacillus subtilis PY79"
[1] NA
[1] "Bacillus subtilis PY79"
[1] NA
[1] "Bacillus subtilis PY79"
[1] NA
[1] "Bacillus subtilis PY79"
[1] NA
[1] "Bacillus subtilis PY79"
[1] NA
[1] "Bacillus subtilis PY79"
[1] NA
[1] "Bacillus subtilis PY79"
[1] NA
[1] "Bacillus subtilis PY79"
[1] NA
[1] "Bacillus subtilis PY79"
[1] NA
[1] "Bacillus subtilis PY79"
[1] NA
[1] "Bacillus subtilis PY79"
[1] NA
[1] "Bacillus subtilis PY79"
[1] NA
[1] "Bacillus subtilis PY79"
[1] NA
[1] "Bacillus subtilis PY79"
[1] NA
[1] "Bacillus subtilis PY79"
[1] NA
[1] "Bacillus subtilis PY79"
[1] NA
[1] "Bacillus subtilis PY79"
[1] NA
[1] "Bacillus subtilis PY79"
[1] NA
[1] "Bacillus subtilis PY79"
[1] NA
[1] "Bacillus subtilis PY79"
[1] NA
[1] "Bacillus subtilis PY79"
[1] NA
[1] "Bacillus subtilis PY79"
[1] NA
[1] "Bacillus subtilis PY79"
[1] NA
[1] "Bacillus subtilis PY79"
[1] NA
[1] "Bacillus subtilis PY79"
[1] NA
[1] "Bacillus subtilis PY79"
[1] NA
[1] "Bacillus subtilis PY79"
[1] NA
[1] "Bacillus subtilis PY79"
[1] NA
[1] "Bacillus subtilis PY79"
[1] NA
[1] "Bacillus subtilis PY79, parS∆8, smcts02 spec"
[1] NA
[1] "Bacillus subtilis PY79, parS∆8, smcts02 spec"
[1] NA
[1] "Bacillus subtilis PY79, parS∆9, -94˚parS no ab, smcts02 spec"
[1] NA
[1] "Bacillus subtilis PY79, parS∆9, -94˚parS no ab, smcts02 spec"
[1] NA
[1] "Bacillus subtilis PY79, ∆parB::spec, pelB::Psoj mcherry-parB(∆parS) (cat)"
[1] NA
[1] "Bacillus subtilis PY79, ∆parB::spec, pelB::Psoj mcherry-parB1(Vc) (cat)"
[1] NA
