[1] "same as UNF VALUE but with flagged values removed"
[1] "1ug TIGR genomic DNA, 1ug Astra genomic DNA"
[1] NA
[1] "1ug TIGR genomic DNA, 1ug Astra genomic DNA"
[1] NA
[1] "1ug TIGR genomic DNA, 1ug Astra genomic DNA"
[1] NA
[1] "1ug TIGR genomic DNA, 1ug Astra genomic DNA"
[1] NA
[1] "TIGR ASTRA 50 50 2 ug total"
[1] NA
[1] "1ug Tigr genomic DNA, 1ug Astra genomic DNA"
[1] NA
[1] "1ug Tigr genomic DNA, 1ug Astra genomic DNA"
[1] NA
[1] "1ug Tigr genomic DNA, 1ug Astra genomic DNA"
[1] NA
[1] "1ug Tigr genomic DNA, 1ug Astra genomic DNA"
[1] NA
[1] "1 ug TIGR genomic DNA, 1ug Astra genomic DNA"
[1] NA
[1] "1ug TIGR genomic DNA, 1ug Astra Genomic DNA"
[1] NA
[1] "1ug tigr genomic DNA, 1ug Astra genomic DNA"
[1] NA
[1] "1 ug tigr genomic DNA, 1ug Asgra genomic DNA"
[1] NA
[1] "1ug Tigr genomic DNA, 1ug Astra genomic DNA"
[1] NA
[1] "1ug Tigr genomic DNA, 1ug Astra genomic DNA"
[1] NA
[1] "1ug Tigr genomic DNA, 1 ug Astra genomic DNA"
[1] NA
[1] "1ug Tigr genomic DNA, 1ug Astra genomic DNA"
[1] NA
[1] "1 ug Tigr genomic DNA, 1 ug Astra genomic DNA"
[1] NA
[1] "1ug Tigr genomic DNA, 1 ug Astra genomic DNA"
[1] NA
[1] "1 ug Tigr genomic DNA, 1 ug Astra genomic DNA"
[1] NA
[1] "1ug Tigr genomic DNA, 1ug Astra genomic DNA"
[1] NA
[1] "1ug Tigr genomic DNA, 1 ug Astra genomic DNA"
[1] NA
[1] "1 ug Tigr genomic DNA, 1 ug Astra genomic DNA"
[1] NA
[1] "1ug Tigr genomic DNA, 1ug Astra genomic DNA"
[1] NA
[1] "1ug Tigr genomic DNA, 1 ug Astra genomic DNA"
[1] NA
[1] "1ug Tigr genomic DNA, 1ug Astra genomic DNA"
[1] NA
[1] "1 ug Tigr genomic DNA, 1 ug Astra genomic DNA"
[1] NA
[1] "1ug Tigr genomic DNA, 1 ug Astra genomic DNA"
[1] NA
[1] "1ug Tigr genomic DNA, 1ug Astra genomic DNA"
[1] NA
[1] "1ug Tigr genomic DNA, 1ug Astra genomic DNA"
[1] NA
[1] "1ug Tigr genomic DNA, 1ug Astra genomic DNA"
[1] NA
[1] "1ug Tigr genomic DNA, 1ug Astra genomic DNA"
[1] NA
[1] "1ug Tigr genomic DNA, 1ug Astra genomic DNA"
[1] NA
[1] "0.7 ug Astra genomic DNA +0.7 ug Tigr genomic DNA"
[1] NA
[1] "2 ug Astra genomic DNA"
[1] NA
[1] "2 ug Astra genomic DNA"
[1] NA
