[1] "Log2 Normalized Signal"
[1] "E. coli wt grown in glucose batch minimal media, cells were harvested at exponential phase, biological rep1"
[1] NA
[1] "E. coli wt grown in glucose batch minimal media, cells were harvested at exponential phase, biological rep2"
[1] NA
[1] "E. coli wt grown in glucose batch minimal media, cells were harvested at exponential phase, biological rep3"
[1] NA
[1] "E. coli ∆cobB grown in glucose batch minimal media, cells were harvested at exponential phase, biological rep1"
[1] NA
[1] "E. coli ∆cobB grown in glucose batch minimal media, cells were harvested at exponential phase, biological rep2"
[1] NA
[1] "E. coli ∆cobB grown in glucose batch minimal media, cells were harvested at exponential phase, biological rep3"
[1] NA
[1] "E. coli ∆patZ grown in glucose batch minimal media, cells were harvested at exponential phase, biological rep1"
[1] NA
[1] "E. coli ∆patZ grown in glucose batch minimal media, cells were harvested at exponential phase, biological rep2"
[1] NA
[1] "E. coli ∆patZ grown in glucose batch minimal media, cells were harvested at exponential phase, biological rep3"
[1] NA
[1] "E. coli wt grown in minimal media glucose limited chemostat at dilution rate of 0.2 h-1, biological rep1"
[1] "0.2"
[1] "E. coli wt grown in minimal media glucose limited chemostat at dilution rate of 0.2 h-1, biological rep2"
[1] "0.2"
[1] "E. coli wt grown in minimal media glucose limited chemostat at dilution rate of 0.2 h-1, biological rep3"
[1] "0.2"
[1] "E. coli ∆cobB grown in minimal media glucose limited chemostat at dilution rate of 0.2 h-1, biological rep1"
[1] "0.2"
[1] "E. coli ∆cobB grown in minimal media glucose limited chemostat at dilution rate of 0.2 h-1, biological rep2"
[1] "0.2"
[1] "E. coli ∆cobB grown in minimal media glucose limited chemostat at dilution rate of 0.2 h-1, biological rep3"
[1] "0.2"
[1] "E. coli ∆patZ grown in minimal media glucose limited chemostat at dilution rate of 0.2 h-1, biological rep1"
[1] "0.2"
[1] "E. coli ∆patZ grown in minimal media glucose limited chemostat at dilution rate of 0.2 h-1, biological rep2"
[1] "0.2"
[1] "E. coli ∆patZ grown in minimal media glucose limited chemostat at dilution rate of 0.2 h-1, biological rep3"
[1] "0.2"
