[1] "RMA signal"
[1] "bacteria that were grown in human serum, then challenged with ciprofloxacin"
[1] NA
[1] "bacteria that were grown in human serum, then challenged with ciprofloxacin"
[1] NA
[1] "bacteria that were grown in human serum, then challenged with ciprofloxacin"
[1] NA
[1] "bacteria that were grown in human serum, then challenged with ciprofloxacin"
[1] NA
[1] "bacteria that were grown in human serum, then challenged with ciprofloxacin"
[1] NA
[1] "bacteria that were grown in human serum"
[1] NA
[1] "bacteria that were grown in human serum"
[1] NA
[1] "bacteria that were grown in human serum"
[1] NA
[1] "bacteria that were grown in human serum"
[1] NA
[1] "bacteria that were grown in human IST, then challenged with ciprofloxacin"
[1] NA
[1] "bacteria that were grown in human IST, then challenged with ciprofloxacin"
[1] NA
[1] "bacteria that were grown in human IST, then challenged with ciprofloxacin"
[1] NA
[1] "bacteria that were grown in human IST, then challenged with ciprofloxacin"
[1] NA
[1] "bacteria that were grown in human IST, then challenged with ciprofloxacin"
[1] NA
[1] "bacteria that were grown in human IST"
[1] NA
[1] "bacteria that were grown in human IST"
[1] NA
[1] "bacteria that were grown in human IST"
[1] NA
[1] "bacteria that were grown in human IST"
[1] NA
