[1] NA
[1] "Grown under normal condition"
[1] NA
[1] "0.5mM H2O2, 15min"
[1] "15"
[1] "valid gsm... but no data in gsm data table! getting supplementary file (which may or may not contain the data) and writing to subfolder"
[1] "0.5mM H2O2, 30min"
[1] "30"
[1] "valid gsm... but no data in gsm data table! getting supplementary file (which may or may not contain the data) and writing to subfolder"
[1] "0.5mM H2O2, 90min"
[1] "90"
[1] "valid gsm... but no data in gsm data table! getting supplementary file (which may or may not contain the data) and writing to subfolder"
[1] "Grown under normal condition"
[1] NA
[1] "Grown under normal condition"
[1] NA
[1] "Grown under normal condition"
[1] NA
[1] "Normal condition"
[1] NA
[1] "Oxidative stress 15min"
[1] "15"
[1] "valid gsm... but no data in gsm data table! getting supplementary file (which may or may not contain the data) and writing to subfolder"
[1] "Oxidative stress 90min"
[1] "90"
[1] "valid gsm... but no data in gsm data table! getting supplementary file (which may or may not contain the data) and writing to subfolder"
