[1] "Log2 ratio (Cy5/Cy3) representing test/reference"
[1] "SL1344 parent strain grown to ESP (OD600 = 2.3) and ChIP-chip performed minus antibody."
[1] NA
[1] "SL1344 parent strain grown to ESP (OD600 = 2.3) and ChIP-chip performed plus antibody."
[1] NA
[1] "SL1344 parent strain grown to ESP (OD600 = 2.3) and ChIP-chip performed minus antibody."
[1] NA
[1] "SL1344 parent strain grown to ESP (OD600 = 2.3) and ChIP-chip performed plus antibody."
[1] NA
[1] "SL1344 parent strain grown to ESP (OD600 = 2.3) and ChIP-chip performed minus antibody."
[1] NA
[1] "SL1344 parent strain grown to ESP (OD600 = 2.3) and ChIP-chip performed plus antibody."
[1] NA
[1] "SL1344 ΔrelAΔspoT (ppGpp0) strain grown to ESP (OD600 = 2.3) and ChIP-chip performed minus antibody."
[1] NA
[1] "SL1344 ΔrelAΔspoT (ppGpp0) strain grown to ESP (OD600 = 2.3) and ChIP-chip performed plus antibody."
[1] NA
[1] "SL1344 ΔrelAΔspoT (ppGpp0) strain grown to ESP (OD600 = 2.3) and ChIP-chip performed minus antibody."
[1] NA
[1] "SL1344 ΔrelAΔspoT (ppGpp0) strain grown to ESP (OD600 = 2.3) and ChIP-chip performed plus antibody."
[1] NA
[1] "SL1344 ΔrelAΔspoT (ppGpp0) strain grown to ESP (OD600 = 2.3) and ChIP-chip performed minus antibody."
[1] NA
[1] "SL1344 ΔrelAΔspoT (ppGpp0) strain grown to ESP (OD600 = 2.3) and ChIP-chip performed plus antibody."
[1] NA
[1] "SL1344 ΔrelAΔspoT (ppGpp0) strain grown to ESP (OD600 = 2.3) and ChIP-chip performed minus antibody."
[1] NA
[1] "SL1344 ΔrelAΔspoT (ppGpp0) strain grown to ESP (OD600 = 2.3) and ChIP-chip performed plus antibody."
[1] NA
[1] "SL1344 ΔdksA strain grown to ESP (OD600 = 2.3) and ChIP-chip performed minus antibody."
[1] NA
[1] "SL1344 ΔdksA strain grown to ESP (OD600 = 2.3) and ChIP-chip performed plus antibody."
[1] NA
[1] "SL1344 ΔdksA strain grown to ESP (OD600 = 2.3) and ChIP-chip performed minus antibody."
[1] NA
[1] "SL1344 ΔdksA strain grown to ESP (OD600 = 2.3) and ChIP-chip performed plus antibody."
[1] NA
[1] "SL1344 ΔdksA strain grown to ESP (OD600 = 2.3) and ChIP-chip performed minus antibody."
[1] NA
[1] "SL1344 ΔdksA strain grown to ESP (OD600 = 2.3) and ChIP-chip performed plus antibody."
[1] NA
[1] "SL1344 parent strain grown to LSP (OD600 = 4.2) and ChIP-chip performed minus antibody."
[1] NA
[1] "SL1344 parent strain grown to LSP (OD600 = 4.2) and ChIP-chip performed plus antibody."
[1] NA
[1] "SL1344 parent strain grown to LSP (OD600 = 4.2) and ChIP-chip performed minus antibody."
[1] NA
[1] "SL1344 parent strain grown to LSP (OD600 = 4.2) and ChIP-chip performed plus antibody."
[1] NA
[1] "SL1344 parent strain grown to LSP (OD600 = 4.2) and ChIP-chip performed minus antibody."
[1] NA
[1] "SL1344 parent strain grown to LSP (OD600 = 4.2) and ChIP-chip performed plus antibody."
[1] NA
[1] "SL1344 ΔrelAΔspoT (ppGpp0) strain grown to LSP (OD600 = 4.2) and ChIP-chip performed minus antibody."
[1] NA
[1] "SL1344 ΔrelAΔspoT (ppGpp0) strain grown to LSP (OD600 = 4.2) and ChIP-chip performed minus antibody."
[1] NA
[1] "SL1344 ΔrelAΔspoT (ppGpp0) strain grown to LSP (OD600 = 4.2) and ChIP-chip performed minus antibody."
[1] NA
[1] "SL1344 ΔrelAΔspoT (ppGpp0) strain grown to LSP (OD600 = 4.2) and ChIP-chip performed plus antibody."
[1] NA
[1] "SL1344 ΔrelAΔspoT (ppGpp0) strain grown to LSP (OD600 = 4.2) and ChIP-chip performed plus antibody."
[1] NA
[1] "SL1344 ΔrelAΔspoT (ppGpp0) strain grown to LSP (OD600 = 4.2) and ChIP-chip performed plus antibody."
[1] NA
[1] "SL1344 ΔdksA strain grown to LSP (OD600 = 4.2) and ChIP-chip performed minus antibody."
[1] NA
[1] "SL1344 ΔdksA strain grown to LSP (OD600 = 4.2) and ChIP-chip performed plus antibody."
[1] NA
[1] "SL1344 ΔdksA strain grown to LSP (OD600 = 4.2) and ChIP-chip performed plus antibody."
[1] NA
[1] "SL1344 ΔdksA strain grown to LSP (OD600 = 4.2) and ChIP-chip performed plus antibody."
[1] NA
[1] "S. Typhimurium wt. Biol. Rep. 3 optical density (600 nm) of 3.6"
[1] NA
[1] "S. Typhimurium wt. Biol. Rep. 3 optical density (600 nm) of 3.0"
[1] NA
[1] "S. Typhimurium wt. Biol. Rep. 3 optical density (600 nm) of 2.3"
[1] NA
[1] "S. Typhimurium wt. Biol. Rep. 3 optical density (600 nm) of 1.0"
[1] NA
[1] "S. Typhimurium wt. Biol. Rep. 2 optical density (600 nm) of 3.6"
[1] NA
[1] "S. Typhimurium wt. Biol. Rep. 2 o optical density (600 nm) of 3"
[1] NA
[1] "S. Typhimurium wt. Biol. Rep. 2 optical density (600 nm) of 2.3"
[1] NA
[1] "S. Typhimurium wt. Biol. Rep. 2 optical density (600 nm) of 1.0"
[1] NA
[1] "S. Typhimurium wt. Biol. Rep. 1 optical density (600 nm) of 3.6"
[1] NA
[1] "S. Typhimurium wt. Biol. Rep. 1 o optical density (600 nm) of 3"
[1] NA
[1] "S. Typhimurium wt. Biol. Rep. 1 optical density (600 nm) of 2.3"
[1] NA
[1] "S. Typhimurium wt. Biol. Rep. 1 optical density (600 nm) of 1.0"
[1] NA
[1] "S. Typhimurium Biol. Rep. 5 optical density (600 nm) of 1.0"
[1] NA
[1] "S. Typhimurium Biol. Rep. 4 optical density (600 nm) of 1.0"
[1] NA
[1] "S. Typhimurium ΔrelAΔspoTΔdksA. Biol. Rep. 3 optical density (600 nm) of 4.2"
[1] NA
[1] "S. Typhimurium ΔrelAΔspoTΔdksA. Biol. Rep. 2 optical density (600 nm) of 4.2"
[1] NA
[1] "S. Typhimurium ΔrelAΔspoTΔdksA. Biol. Rep. 1 optical density (600 nm) of 4.2"
[1] NA
[1] "S. Typhimurium ΔdksA. Biol. Rep. 4 optical density (600 nm) of 1.0"
[1] NA
[1] "S. Typhimurium ΔdksA. Biol. Rep. 3 optical density (600 nm) of 3.6"
[1] NA
[1] "S. Typhimurium ΔdksA. Biol. Rep. 3 optical density (600 nm) of 3.0"
[1] NA
[1] "S. Typhimurium ΔdksA. Biol. Rep. 3 optical density (600 nm) of 2.4"
[1] NA
[1] "S. Typhimurium ΔdksA. Biol. Rep. 3 optical density (600 nm) of 1.0"
[1] NA
[1] "S. Typhimurium ΔdksA. Biol. Rep. 2 optical density (600 nm) of 3.6"
[1] NA
[1] "S. Typhimurium ΔdksA. Biol. Rep. 2 optical density (600 nm) of 3.0"
[1] NA
[1] "S. Typhimurium ΔdksA. Biol. Rep. 2 optical density (600 nm) of 2.4"
[1] NA
[1] "S. Typhimurium ΔdksA. Biol. Rep. 2 optical density (600 nm) of 1.0"
[1] NA
[1] "S. Typhimurium ΔdksA. Biol. Rep. 1 optical density (600 nm) of 3.6"
[1] NA
[1] "S. Typhimurium ΔdksA. Biol. Rep. 1 optical density (600 nm) of 3.0"
[1] NA
[1] "S. Typhimurium ΔdksA. Biol. Rep. 1 optical density (600 nm) of 2.4"
[1] NA
[1] "S. Typhimurium ΔdksA. Biol. Rep. 1 optical density (600 nm) of 1.0"
[1] NA
[1] "S. Typhimurium wt. Biol. Rep. 3 optical density (600 nm) of 4.2"
[1] NA
[1] "S. Typhimurium wt. Biol. Rep. 3 optical density (600 nm) of 3.0"
[1] NA
[1] "S. Typhimurium wt. Biol. Rep. 3 optical density (600 nm) of 2.3"
[1] NA
[1] "S. Typhimurium wt. Biol. Rep. 2  optical density (600 nm) of 4.2"
[1] NA
[1] "S. Typhimurium wt. Biol. Rep. 2 optical density (600 nm) of 3.0"
[1] NA
[1] "S. Typhimurium wt. Biol. Rep. 2 optical density (600 nm) of 1.0"
[1] NA
[1] "S. Typhimurium wt. Biol. Rep. 1 optical density (600 nm) of 4.2"
[1] NA
[1] "S. Typhimurium wt. Biol. Rep. 1 optical density (600 nm) of 3.0"
[1] NA
[1] "S. Typhimurium wt. Biol. Rep. 1 optical density (600 nm) of 2.3"
[1] NA
[1] "S. Typhimurium wt. Biol. Rep. 1 optical density (600 nm) of 1.0"
[1] NA
[1] "S. Typhimurium ΔrpoS. Biol. Rep. 3  optical density (600 nm) of 4.2"
[1] NA
[1] "S. Typhimurium ΔrpoS. Biol. Rep. 3 optical density (600 nm) of 3.0_optical density (600 nm) of 3.0"
[1] NA
[1] "S. Typhimurium ΔrpoS. Biol. Rep. 3 optical density (600 nm) of 2.3"
[1] NA
[1] "S. Typhimurium ΔrpoS. Biol. Rep. 3 optical density (600 nm) of 1.0"
[1] NA
[1] "S. Typhimurium ΔrpoS. Biol. Rep. 2 optical density (600 nm) of 4.2"
[1] NA
[1] "S. Typhimurium ΔrpoS. Biol. Rep. 2 optical density (600 nm) of 3.0"
[1] NA
[1] "S. Typhimurium ΔrpoS. Biol. Rep. 2 optical density (600 nm) of 2.3"
[1] NA
[1] "S. Typhimurium ΔrpoS. Biol. Rep. 1 optical density (600 nm) of 4.2"
[1] NA
[1] "S. Typhimurium ΔrpoS. Biol. Rep. 1 optical density (600 nm) of 3.1"
[1] NA
[1] "S. Typhimurium ΔrpoS. Biol. Rep. 1 optical density (600 nm) of 2.3"
[1] NA
[1] "S. Typhimurium ΔrelAΔspoTΔrpoS. Biol. Rep. 3 optical density (600 nm) of 4.2"
[1] NA
[1] "S. Typhimurium ΔrelAΔspoTΔrpoS. Biol. Rep. 2 optical density (600 nm) of 4.2"
[1] NA
[1] "S. Typhimurium ΔrelAΔspoTΔrpoS. Biol. Rep. 1 optical density (600 nm) of 4.2"
[1] NA
[1] "S. Typhimurium ΔrelAΔspoT. Biol. Rep. 3 optical density (600 nm) of 4.2"
[1] NA
[1] "S. Typhimurium ΔrelAΔspoT. Biol. Rep. 3 optical density (600 nm) of 3.0"
[1] NA
[1] "S. Typhimurium ΔrelAΔspoT. Biol. Rep. 3 optical density (600 nm) of 2.3"
[1] NA
[1] "S. Typhimurium ΔrelAΔspoT. Biol. Rep. 3 optical density (600 nm) of 1.0"
[1] NA
[1] "S. Typhimurium ΔrelAΔspoT. Biol. Rep. 2 optical density (600 nm) of 4.2"
[1] NA
[1] "S. Typhimurium ΔrelAΔspoT. Biol. Rep. 2 optical density (600 nm) of 3.0"
[1] NA
[1] "S. Typhimurium ΔrelAΔspoT. Biol. Rep. 2 optical density (600 nm) of 2.3"
[1] NA
[1] "S. Typhimurium ΔrelAΔspoT. Biol. Rep. 2 optical density (600 nm) of 1.0"
[1] NA
[1] "S. Typhimurium ΔrelAΔspoT. Biol. Rep. 1 optical density (600 nm) of 4.2"
[1] NA
[1] "S. Typhimurium ΔrelAΔspoT. Biol. Rep. 1 optical density (600 nm) of 3.0"
[1] NA
[1] "S. Typhimurium ΔrelAΔspoT. Biol. Rep. 1 optical density (600 nm) of 2.3"
[1] NA
[1] "S. Typhimurium ΔrelAΔspoT. Biol. Rep. 1 optical density (600 nm) of 1.0"
[1] NA
