[1] NA
[1] "Chromosomal DNA"
[1] NA
[1] "Chromosomal DNA"
[1] NA
[1] "Chromosomal DNA"
[1] NA
[1] "Chromosomal DNA"
[1] NA
[1] "Chromosomal DNA"
[1] NA
[1] "Chromosomal DNA"
[1] NA
[1] "Chromosomal DNA"
[1] NA
[1] "Chromosomal DNA"
[1] NA
[1] "Chromosomal DNA"
[1] NA
[1] "Chromosomal DNA"
[1] NA
[1] "Chromosomal DNA"
[1] NA
[1] "Chromosomal DNA"
[1] NA
[1] "Chromosomal DNA"
[1] NA
[1] "Chromosomal DNA"
[1] NA
[1] "Chromosomal DNA"
[1] NA
[1] "Chromosomal DNA"
[1] NA
[1] "Chromosomal DNA"
[1] NA
[1] "Chromosomal DNA"
[1] NA
[1] "Chromosomal DNA"
[1] NA
[1] "Chromosomal DNA"
[1] NA
[1] "Chromosomal DNA"
[1] NA
[1] "Chromosomal DNA"
[1] NA
[1] "Chromosomal DNA"
[1] NA
[1] "Chromosomal DNA"
[1] NA
[1] "Chromosomal DNA"
[1] NA
[1] "Chromosomal DNA"
[1] NA
[1] "Chromosomal DNA"
[1] NA
[1] "Chromosomal DNA"
[1] NA
[1] "Chromosomal DNA"
[1] NA
[1] "Chromosomal DNA"
[1] NA
[1] "Chromosomal DNA"
[1] NA
[1] "Chromosomal DNA"
[1] NA
[1] "Chromosomal DNA"
[1] NA
[1] "Chromosomal DNA"
[1] NA
[1] "Chromosomal DNA"
[1] NA
[1] "Chromosomal DNA"
[1] NA
[1] "Chromosomal DNA"
[1] NA
[1] "Chromosomal DNA"
[1] NA
[1] "Chromosomal DNA"
[1] NA
[1] "Chromosomal DNA"
[1] NA
[1] "Chromosomal DNA"
[1] NA
[1] "Chromosomal DNA"
[1] NA
[1] "Chromosomal DNA"
[1] NA
