[1] "RMA-normalized, averaged gene-level signal intensity"
[1] "Pseudomonas aeruginosa PAO1-LAC (ATCC47085) ∆accD::tet/pUCP24GW-lacIQ-lacPO-Paer-accD (strain MDM1325)"
[1] NA
[1] "Pseudomonas aeruginosa PAO1-LAC (ATCC47085) ∆accD::tet/pUCP24GW-lacIQ-lacPO-Paer-accD (strain MDM1325)"
[1] NA
[1] "Pseudomonas aeruginosa PAO1-LAC (ATCC47085) ∆fabG::tet/pUCP24GW-lacIQ-lacPO-Paer-fabG (strain MDM1284)"
[1] NA
[1] "Pseudomonas aeruginosa PAO1-LAC (ATCC47085) ∆fabG::tet/pUCP24GW-lacIQ-lacPO-Paer-fabG (strain MDM1284)"
[1] NA
[1] "Pseudomonas aeruginosa PAO1-LAC (ATCC47085) ∆fabF1 ∆fabF2::tet/pUCP24GW-lacIQ-lacPO-Paer-fabF1 (strain MDM1345)"
[1] NA
[1] "Pseudomonas aeruginosa PAO1-LAC (ATCC47085) ∆fabF1 ∆fabF2::tet/pUCP24GW-lacIQ-lacPO-Paer-fabF1 (strain MDM1345)"
[1] NA
[1] "Pseudomonas aeruginosa PAO1-LAC (ATCC47085) ∆accD::tet/pUCP24GW-lacIQ-lacPO-Paer-accD (strain MDM1325)"
[1] NA
[1] "Pseudomonas aeruginosa PAO1-LAC (ATCC47085) ∆accD::tet/pUCP24GW-lacIQ-lacPO-Paer-accD (strain MDM1325)"
[1] NA
[1] "Pseudomonas aeruginosa PAO1-LAC (ATCC47085) ∆fabG::tet/pUCP24GW-lacIQ-lacPO-Paer-fabG (strain MDM1284)"
[1] NA
[1] "Pseudomonas aeruginosa PAO1-LAC (ATCC47085) ∆fabG::tet/pUCP24GW-lacIQ-lacPO-Paer-fabG (strain MDM1284)"
[1] NA
[1] "Pseudomonas aeruginosa PAO1-LAC (ATCC47085) ∆fabF1 ∆fabF2::tet/pUCP24GW-lacIQ-lacPO-Paer-fabF1 (strain MDM1345)"
[1] NA
[1] "Pseudomonas aeruginosa PAO1-LAC (ATCC47085) ∆fabF1 ∆fabF2::tet/pUCP24GW-lacIQ-lacPO-Paer-fabF1 (strain MDM1345)"
[1] NA
