[1] "Spot R/G Expression ratio (log2-transformed and Lowess-normalized using a Lowess fit to a MA plot)"
[1] "Wild type control"
[1] NA
[1] "Wild type control"
[1] NA
[1] "Wild type control"
[1] NA
[1] "Wild type control"
[1] NA
[1] "Wild type control"
[1] NA
[1] "Wild type control"
[1] NA
[1] "Wild type control"
[1] NA
[1] "Wild type control"
[1] NA
[1] "Wild type control"
[1] NA
[1] "Wild type control"
[1] NA
[1] "Wild type control"
[1] NA
[1] "Wild type control"
[1] NA
[1] "Wild type control"
[1] NA
[1] "Wild type control"
[1] NA
[1] "Wild type control"
[1] NA
[1] "Wild type control (20 min)"
[1] "20"
[1] "1200"
[1] "Wild type control (20 min)"
[1] "20"
[1] "1200"
[1] "Wild type control (20 min)"
[1] "20"
[1] "1200"
[1] "hfq+ Wild type control (20 min)"
[1] "20"
[1] "72000"
[1] "hfq+ Wild type control (20 min)"
[1] "20"
[1] "72000"
[1] "hfq+ Wild type control (20 min)"
[1] "20"
[1] "72000"
[1] "0"     "0"     "0"     "70800" "70800" "70800"
 [1] "ID"           "Block"        "Row"          "Column"       "384 Plate"   
 [6] "Plate Row"    "Plate Column" "NOMAD_ID"     "ORF"          "ORF_TYPE"    
[11] "Name"         "Description"  "FAILED"       "SPOT_ID"     
[1] "Plate Row"
