[1] "normalized log2 ratio (Cy5/Cy3) representing test/reference"
[1] "pControl exponential growth phase_1 ml cell pellet"
[1] NA
[1] "pControl exponential growth phase_1 ml cell pellet"
[1] NA
[1] "pControl exponential growth phase_1 ml cell pellet"
[1] NA
[1] "pControl exponential growth phase_1 ml cell pellet"
[1] NA
[1] "pControl transition growth phase_1 ml cell pellet"
[1] NA
[1] "pControl transition growth phase_1 ml cell pellet"
[1] NA
[1] "pControl transition growth phase_1 ml cell pellet"
[1] NA
[1] "pControl transition growth phase_1 ml cell pellet"
[1] NA
[1] "pControl stationary growth phase_1 ml cell pellet"
[1] NA
[1] "pControl stationary growth phase_1 ml cell pellet"
[1] NA
[1] "pControl stationary growth phase_1 ml cell pellet"
[1] NA
[1] "pControl stationary growth phase_1 ml cell pellet"
[1] NA
