[1] "Log2 ratio (Cy5/Cy3) representing test/reference"
[1] "SL1344 parent strain grown to ESP (OD600 = 2.3) and ChIP-chip performed minus antibody."
[1] NA
[1] "SL1344 parent strain grown to ESP (OD600 = 2.3) and ChIP-chip performed plus antibody."
[1] NA
[1] "SL1344 parent strain grown to ESP (OD600 = 2.3) and ChIP-chip performed minus antibody."
[1] NA
[1] "SL1344 parent strain grown to ESP (OD600 = 2.3) and ChIP-chip performed plus antibody."
[1] NA
[1] "SL1344 parent strain grown to ESP (OD600 = 2.3) and ChIP-chip performed minus antibody."
[1] NA
[1] "SL1344 parent strain grown to ESP (OD600 = 2.3) and ChIP-chip performed plus antibody."
[1] NA
[1] "SL1344 ΔrelAΔspoT (ppGpp0) strain grown to ESP (OD600 = 2.3) and ChIP-chip performed minus antibody."
[1] NA
[1] "SL1344 ΔrelAΔspoT (ppGpp0) strain grown to ESP (OD600 = 2.3) and ChIP-chip performed plus antibody."
[1] NA
[1] "SL1344 ΔrelAΔspoT (ppGpp0) strain grown to ESP (OD600 = 2.3) and ChIP-chip performed minus antibody."
[1] NA
[1] "SL1344 ΔrelAΔspoT (ppGpp0) strain grown to ESP (OD600 = 2.3) and ChIP-chip performed plus antibody."
[1] NA
[1] "SL1344 ΔrelAΔspoT (ppGpp0) strain grown to ESP (OD600 = 2.3) and ChIP-chip performed minus antibody."
[1] NA
[1] "SL1344 ΔrelAΔspoT (ppGpp0) strain grown to ESP (OD600 = 2.3) and ChIP-chip performed plus antibody."
[1] NA
[1] "SL1344 ΔrelAΔspoT (ppGpp0) strain grown to ESP (OD600 = 2.3) and ChIP-chip performed minus antibody."
[1] NA
[1] "SL1344 ΔrelAΔspoT (ppGpp0) strain grown to ESP (OD600 = 2.3) and ChIP-chip performed plus antibody."
[1] NA
[1] "SL1344 ΔdksA strain grown to ESP (OD600 = 2.3) and ChIP-chip performed minus antibody."
[1] NA
[1] "SL1344 ΔdksA strain grown to ESP (OD600 = 2.3) and ChIP-chip performed plus antibody."
[1] NA
[1] "SL1344 ΔdksA strain grown to ESP (OD600 = 2.3) and ChIP-chip performed minus antibody."
[1] NA
[1] "SL1344 ΔdksA strain grown to ESP (OD600 = 2.3) and ChIP-chip performed plus antibody."
[1] NA
[1] "SL1344 ΔdksA strain grown to ESP (OD600 = 2.3) and ChIP-chip performed minus antibody."
[1] NA
[1] "SL1344 ΔdksA strain grown to ESP (OD600 = 2.3) and ChIP-chip performed plus antibody."
[1] NA
[1] "SL1344 parent strain grown to LSP (OD600 = 4.2) and ChIP-chip performed minus antibody."
[1] NA
[1] "SL1344 parent strain grown to LSP (OD600 = 4.2) and ChIP-chip performed plus antibody."
[1] NA
[1] "SL1344 parent strain grown to LSP (OD600 = 4.2) and ChIP-chip performed minus antibody."
[1] NA
[1] "SL1344 parent strain grown to LSP (OD600 = 4.2) and ChIP-chip performed plus antibody."
[1] NA
[1] "SL1344 parent strain grown to LSP (OD600 = 4.2) and ChIP-chip performed minus antibody."
[1] NA
[1] "SL1344 parent strain grown to LSP (OD600 = 4.2) and ChIP-chip performed plus antibody."
[1] NA
[1] "SL1344 ΔrelAΔspoT (ppGpp0) strain grown to LSP (OD600 = 4.2) and ChIP-chip performed minus antibody."
[1] NA
[1] "SL1344 ΔrelAΔspoT (ppGpp0) strain grown to LSP (OD600 = 4.2) and ChIP-chip performed minus antibody."
[1] NA
[1] "SL1344 ΔrelAΔspoT (ppGpp0) strain grown to LSP (OD600 = 4.2) and ChIP-chip performed minus antibody."
[1] NA
[1] "SL1344 ΔrelAΔspoT (ppGpp0) strain grown to LSP (OD600 = 4.2) and ChIP-chip performed plus antibody."
[1] NA
[1] "SL1344 ΔrelAΔspoT (ppGpp0) strain grown to LSP (OD600 = 4.2) and ChIP-chip performed plus antibody."
[1] NA
[1] "SL1344 ΔrelAΔspoT (ppGpp0) strain grown to LSP (OD600 = 4.2) and ChIP-chip performed plus antibody."
[1] NA
[1] "SL1344 ΔdksA strain grown to LSP (OD600 = 4.2) and ChIP-chip performed minus antibody."
[1] NA
[1] "SL1344 ΔdksA strain grown to LSP (OD600 = 4.2) and ChIP-chip performed plus antibody."
[1] NA
[1] "SL1344 ΔdksA strain grown to LSP (OD600 = 4.2) and ChIP-chip performed plus antibody."
[1] NA
[1] "SL1344 ΔdksA strain grown to LSP (OD600 = 4.2) and ChIP-chip performed plus antibody."
[1] NA
