[1] NA
[1] "MucR1 ChIP_exo_T10"
[1] NA
[1] "MucR1 ChIP_exo_T40"
[1] NA
[1] "MucR1 ChIP_exo_T70"
[1] NA
[1] "MucR1 ChIP_exo_T100"
[1] NA
[1] "CaulobacterCrescentus4171"
[1] NA
[1] "CaulobacterCrescentusNA1000"
[1] NA
[1] "Caulobacter crescentus"
[1] NA
[1] "Sinorhizobium meliloti"
[1] NA
[1] "Escherichia coli MG1655"
[1] NA
[1] "Vibrio cholerae O1 biovar El Tor"
[1] NA
[1] "Caulobacter crescentus"
[1] NA
[1] "Sinorhizobium meliloti"
[1] NA
[1] "Caulobacter crescentus"
[1] NA
[1] "Caulobacter crescentus"
[1] NA
[1] "Caulobacter crescentus"
[1] NA
[1] "Caulobacter crescentus"
[1] NA
