Setting options('download.file.method.GEOquery'='auto')
Setting options('GEOquery.inmemory.gpl'=FALSE)
Loading required package: Biobase
Loading required package: BiocGenerics

Attaching package: 'BiocGenerics'

The following objects are masked from 'package:stats':

    IQR, mad, sd, var, xtabs

The following objects are masked from 'package:base':

    anyDuplicated, aperm, append, as.data.frame, basename, cbind,
    colnames, dirname, do.call, duplicated, eval, evalq, Filter, Find,
    get, grep, grepl, intersect, is.unsorted, lapply, Map, mapply,
    match, mget, order, paste, pmax, pmax.int, pmin, pmin.int,
    Position, rank, rbind, Reduce, rownames, sapply, setdiff, table,
    tapply, union, unique, unsplit, which.max, which.min

Welcome to Bioconductor

    Vignettes contain introductory material; view with
    'browseVignettes()'. To cite Bioconductor, see
    'citation("Biobase")', and for packages 'citation("pkgname")'.


Attaching package: 'fs'

The following object is masked from 'package:BiocGenerics':

    path

Using locally cached version of GSE72378 found here:
C:\Users\Rafael\repos\personal\geo_data_analysis\data/GSE72378/GSE72378.soft.gz 
Reading file....
Parsing....
Found 5 entities...
GPL20849 (1 of 6 entities)
GSM1861602 (2 of 6 entities)
GSM1861603 (3 of 6 entities)
GSM1861604 (4 of 6 entities)
GSM1861605 (5 of 6 entities)
Warning message:
series may be getting RATIOS not actual raw measures 
Error: invalid sample names; likely not time series
Execution halted
