[1] "Signal"
[1] "wild type untreated rep 1"
[1] NA
[1] "wild type untreated rep 2"
[1] NA
[1] "wild type untreated rep 3"
[1] NA
[1] "wt treated rep 1"
[1] NA
[1] "wt treated rep 2"
[1] NA
[1] "wt treated rep 3"
[1] NA
[1] "apsS untreated rep 1"
[1] NA
[1] "apsS untreated rep 2"
[1] NA
[1] "apsS untreated rep 3"
[1] NA
[1] "apsS treated rep 1"
[1] NA
[1] "apsS treated rep 2"
[1] NA
[1] "apsS treated rep 3"
[1] NA
[1] "apsR untreated rep 1"
[1] NA
[1] "apsR untreated rep 2"
[1] NA
[1] "apsR untreated rep 3"
[1] NA
[1] "apsR treated rep 1"
[1] NA
[1] "apsR treated rep 2"
[1] NA
[1] "apsR treated rep 3"
[1] NA
[1] "wild type untreated rep 1 exp 2"
[1] NA
[1] "wild type untreated rep 2 exp 2"
[1] NA
[1] "wild type untreated rep 3 exp 2"
[1] NA
[1] "wt treated rep 1 exp 2"
[1] NA
[1] "wt treated rep 2 exp 2"
[1] NA
[1] "wt treated rep 3 exp 2"
[1] NA
[1] "apsX untreated rep 1"
[1] NA
[1] "apsX untreated rep 2"
[1] NA
[1] "apsX untreated rep 3"
[1] NA
[1] "apsX treated rep 1"
[1] NA
[1] "apsX treated rep 2"
[1] NA
[1] "apsX treated rep 3"
[1] NA
