[1] "Log2 GC-RMA signal"
[1] "Stationary phase planktonic cells"
[1] NA
[1] "Stationary phase planktonic cells"
[1] NA
[1] "Stationary phase planktonic cells"
[1] NA
[1] "Stationary phase planktonic cells"
[1] NA
[1] "strain FRD1 biofilm at 0 mM calcium"
[1] NA
[1] "strain FRD1 biofilm at 10 mM calcium"
[1] NA
[1] "strain FRD1 biofilm at 0 mM calcium"
[1] NA
[1] "strain FRD1 biofilm at 10 mM calcium"
[1] NA
[1] "strain FRD1 planktonic at 0 mM calcium"
[1] NA
[1] "strain FRD1 planktonic at 10 mM calcium"
[1] NA
[1] "strain FRD1 planktonic at 0 mM calcium"
[1] NA
[1] "strain FRD1 planktonic at 10 mM calcium"
[1] NA
[1] "strain PAO1 biofilm at 0 mM calcium"
[1] NA
[1] "strain PAO1 biofilm at 10 mM calcium"
[1] NA
[1] "strain PAO1 biofilm at 0 mM calcium"
[1] NA
[1] "strain PAO1 biofilm at 10 mM calcium"
[1] NA
[1] "strain PAO1 planktonic at 0 mM calcium"
[1] NA
[1] "strain PAO1 planktonic at 10 mM calcium"
[1] NA
[1] "strain PAO1 planktonic at 0 mM calcium"
[1] NA
[1] "strain PAO1 planktonic at 10 mM calcium"
[1] NA
