[1] "RMA normalized"
[1] "Wild-type cDNA_Aerobic"
[1] NA
[1] "Wild-type cDNA_Aerobic"
[1] NA
[1] "Wild-type cDNA_Anaerobic"
[1] NA
[1] "Wild-type cDNA_Anaerobic"
[1] NA
[1] "Fur-minus cDNA_Aerobic"
[1] NA
[1] "Fur-minus cDNA_Aerobic"
[1] NA
[1] "Fur-minus cDNA_Anaerobic"
[1] NA
[1] "Fur-minus cDNA_Anaerobic"
[1] NA
[1] "Fur-minus RyhB-minus_cDNA_Aerobic"
[1] NA
[1] "Fur-minus RyhB-minus_cDNA_Aerobic"
[1] NA
[1] "Fur-minus RyhB-minus_cDNA_Anaerobic"
[1] NA
[1] "Fur-minus RyhB-minus_cDNA_Anaerobic"
[1] NA
[1] "RyhB-minus cDNA_Aerobic_WIG.txt"
[1] NA
[1] "RyhB-minus cDNA_Anaerobic_WIG.txt"
[1] NA
[1] "IP ∆fur Anaerobic"
[1] NA
[1] "Aerobic cultures"
[1] NA
[1] "Aerobic cultures"
[1] NA
[1] "Aerobic cultures"
[1] NA
[1] "Anaerobic cultures"
[1] NA
[1] "Anaerobic cultures"
[1] NA
[1] "Anaerobic cultures"
[1] NA
[1] "Anaerobic, Iron Deficient cultures"
[1] NA
[1] "Anaerobic, Iron Deficient cultures"
[1] NA
[1] "Combined input"
[1] NA
