[1] "signal intensity (gProcessedSignal) obtained by applying the Feature Extraction protocol for 1 color gene expression arrays (GE1 105_Dec08)."
[1] "B. subtilis wild type exponential growth in M9SE medium"
[1] NA
[1] "B. subtilis wild type exponential growth in M9SE medium"
[1] NA
[1] "B. subtilis wild type exponential growth in M9SE medium"
[1] NA
[1] "B. subtilis wild type exponential growth in M9SE medium"
[1] NA
[1] "B. subtilis wild type exponential growth in S medium"
[1] NA
[1] "B. subtilis wild type exponential growth in S medium"
[1] NA
[1] "B. subtilis wild type exponential growth in S medium"
[1] NA
[1] "B. subtilis wild type exponential growth in S medium"
[1] NA
[1] "B. subtilis wild type exponential growth in CH medium"
[1] NA
[1] "B. subtilis wild type exponential growth in CH medium"
[1] NA
[1] "B. subtilis wild type exponential growth in CH medium"
[1] NA
[1] "B. subtilis wild type exponential growth in CH medium"
[1] NA
[1] "B. subtilis wild type exponential growth in CHG medium"
[1] NA
[1] "B. subtilis wild type exponential growth in CHG medium"
[1] NA
[1] "B. subtilis wild type exponential growth in CHG medium"
[1] NA
[1] "B. subtilis wild type exponential growth in CHG medium"
[1] NA
