Setting options('download.file.method.GEOquery'='auto')
Setting options('GEOquery.inmemory.gpl'=FALSE)
Loading required package: Biobase
Loading required package: BiocGenerics

Attaching package: 'BiocGenerics'

The following objects are masked from 'package:stats':

    IQR, mad, sd, var, xtabs

The following objects are masked from 'package:base':

    anyDuplicated, aperm, append, as.data.frame, basename, cbind,
    colnames, dirname, do.call, duplicated, eval, evalq, Filter, Find,
    get, grep, grepl, intersect, is.unsorted, lapply, Map, mapply,
    match, mget, order, paste, pmax, pmax.int, pmin, pmin.int,
    Position, rank, rbind, Reduce, rownames, sapply, setdiff, table,
    tapply, union, unique, unsplit, which.max, which.min

Welcome to Bioconductor

    Vignettes contain introductory material; view with
    'browseVignettes()'. To cite Bioconductor, see
    'citation("Biobase")', and for packages 'citation("pkgname")'.


Attaching package: 'fs'

The following object is masked from 'package:BiocGenerics':

    path

Using locally cached version of GSE72060 found here:
C:\Users\Rafael\repos\personal\geo_data_analysis\data/GSE72060/GSE72060.soft.gz 
Reading file....
Parsing....
Found 10 entities...
GPL20806 (1 of 11 entities)
GSM1853927 (2 of 11 entities)
GSM1853928 (3 of 11 entities)
GSM1853929 (4 of 11 entities)
GSM1853930 (5 of 11 entities)
GSM1853931 (6 of 11 entities)
GSM1853932 (7 of 11 entities)
GSM1853933 (8 of 11 entities)
GSM1853934 (9 of 11 entities)
GSM1853935 (10 of 11 entities)
There were 50 or more warnings (use warnings() to see the first 50)
Error: all time values are the same
Execution halted
