[1] "RMA"
[1] "E.coli L-1339/2013 , grown in LB for 72h"
[1] "72"
[1] "259200"
[1] "E.coli L-1339/2013 , grown in LB for 72h"
[1] "72"
[1] "259200"
[1] "E.coli L-1339/2013 , grown in LB for 72h"
[1] "72"
[1] "259200"
[1] "E.coli L-1216/2013 biofilm cells , grown in LB for 72h"
[1] "72"
[1] "259200"
[1] "E.coli L-1216/2013 biofilm cells , grown in LB for 72h"
[1] "72"
[1] "259200"
[1] "E.coli L-1216/2013 biofilm cells , grown in LB for 72h"
[1] "72"
[1] "259200"
[1] "E.coli L-1216/2013 planktonic cells , grown in LB for 72h"
[1] "72"
[1] "259200"
[1] "E.coli L-1216/2013 planktonic cells , grown in LB for 72h"
[1] "72"
[1] "259200"
[1] "E.coli L-1216/2013 planktonic cells , grown in LB for 72h"
[1] "72"
[1] "259200"
