[1] "Normalized signal intensity"
[1] "P. furiosus 0.1 Mpa"
[1] NA
[1] "P. furiosus 0.1 Mpa"
[1] NA
[1] "P. furiosus 0.1 Mpa"
[1] NA
[1] "P. furiosus 52 Mpa"
[1] NA
[1] "P. furiosus 52 Mpa"
[1] NA
[1] "P. furiosus 52 Mpa"
[1] NA
[1] "P. yayanosii 20 Mpa"
[1] NA
[1] "P. yayanosii 20 Mpa"
[1] NA
[1] "P. yayanosii 20 Mpa"
[1] NA
[1] "P. yayanosii 52 Mpa"
[1] NA
[1] "P. yayanosii 52 Mpa"
[1] NA
[1] "P. yayanosii 52 Mpa"
[1] NA
[1] "P. yayanosii 80 Mpa"
[1] NA
[1] "P. yayanosii 80 Mpa"
[1] NA
[1] "P. yayanosii 80 Mpa"
[1] NA
