[1] "log2 ratio (Cy3/Cy5)"
[1] "Genomic DNA from O157 strain 980938"
[1] NA
[1] "Genomic DNA from O157 strain 980938"
[1] NA
[1] "Genomic DNA from O157 strain 980706"
[1] NA
[1] "Genomic DNA from O157 strain 980706"
[1] NA
[1] "Genomic DNA from O157 strain 990281"
[1] NA
[1] "Genomic DNA from O157 strain 990281"
[1] NA
[1] "Genomic DNA from O157 strain 980551"
[1] NA
[1] "Genomic DNA from O157 strain 980551"
[1] NA
[1] "Genomic DNA from O157 strain 990570"
[1] NA
[1] "Genomic DNA from O157 strain 990570"
[1] NA
[1] "Genomic DNA from O157 strain 981456"
[1] NA
[1] "Genomic DNA from O157 strain 981456"
[1] NA
[1] "Genomic DNA from O157 strain 982243"
[1] NA
[1] "Genomic DNA from O157 strain 982243"
[1] NA
[1] "Genomic DNA from O157 strain 981795"
[1] NA
[1] "Genomic DNA from O157 strain 981795"
[1] NA
[1] "Genomic DNA from O26 strain 11044"
[1] NA
[1] "Genomic DNA from O26 strain 11044"
[1] NA
[1] "Genomic DNA from O26 strain 11368"
[1] NA
[1] "Genomic DNA from O26 strain 11368"
[1] NA
[1] "Genomic DNA from O26 strain 11656"
[1] NA
[1] "Genomic DNA from O26 strain 11656"
[1] NA
[1] "Genomic DNA from O26 strain 12719"
[1] NA
[1] "Genomic DNA from O26 strain 12719"
[1] NA
[1] "Genomic DNA from O26 strain 12929"
[1] NA
[1] "Genomic DNA from O26 strain 12929"
[1] NA
[1] "Genomic DNA from O26 strain 13065"
[1] NA
[1] "Genomic DNA from O26 strain 13065"
[1] NA
[1] "Genomic DNA from O26 strain 13247"
[1] NA
[1] "Genomic DNA from O26 strain 13247"
[1] NA
[1] "Genomic DNA from O26 strain ED411"
[1] NA
[1] "Genomic DNA from O26 strain ED411"
[1] NA
[1] "Genomic DNA from O111 strain 11109"
[1] NA
[1] "Genomic DNA from O111 strain 11109"
[1] NA
[1] "Genomic DNA from O111 strain 11128"
[1] NA
[1] "Genomic DNA from O111 strain 11128"
[1] NA
[1] "Genomic DNA from O111 strain 11619"
[1] NA
[1] "Genomic DNA from O111 strain 11619"
[1] NA
[1] "Genomic DNA from O111 strain 11788"
[1] NA
[1] "Genomic DNA from O111 strain 11788"
[1] NA
[1] "Genomic DNA from O111 strain 13369"
[1] NA
[1] "Genomic DNA from O111 strain 13369"
[1] NA
[1] "Genomic DNA from O111 strain ED71"
[1] NA
[1] "Genomic DNA from O111 strain ED71"
[1] NA
[1] "Genomic DNA from O111 strain 10828"
[1] NA
[1] "Genomic DNA from O111 strain 10828"
[1] NA
[1] "Genomic DNA from O111 strain 11117"
[1] NA
[1] "Genomic DNA from O111 strain 11117"
[1] NA
[1] "Genomic DNA from O111 strain 11711"
[1] NA
[1] "Genomic DNA from O111 strain 11711"
[1] NA
[1] "Genomic DNA from O111 strain 11845"
[1] NA
[1] "Genomic DNA from O111 strain 11845"
[1] NA
[1] "Genomic DNA from O111 strain 12009"
[1] NA
[1] "Genomic DNA from O111 strain 12009"
[1] NA
[1] "Genomic DNA from O111 strain PMK5"
[1] NA
[1] "Genomic DNA from O111 strain PMK5"
[1] NA
