[1] "dChip's normalized value"
[1] "biofilm of rpoS knock-out strain in MOPS minimal media with 0.2% glucose"
[1] NA
[1] "biofilm of rpoS knock-out strain in MOPS minimal media with 0.2% glucose"
[1] NA
[1] "biofilm of rpoS knock-out strain in MOPS minimal media with 0.2% glucose"
[1] NA
[1] "biofilm of wild type strain in MOPS minimal media with 0.2% glucose"
[1] NA
[1] "biofilm of wild type strain in MOPS minimal media with 0.2% glucose"
[1] NA
[1] "biofilm of wild type strain in MOPS minimal media with 0.2% glucose"
[1] NA
[1] "plannktonic exponential phase of rpoS knock-out strain in MOPS minimal media with 0.2% glucose"
[1] NA
[1] "plannktonic exponential phase of rpoS knock-out strain in MOPS minimal media with 0.2% glucose"
[1] NA
[1] "plannktonic exponential phase of rpoS knock-out strain in MOPS minimal media with 0.2% glucose"
[1] NA
[1] "plannktonic exponential phase of wild type strain in MOPS minimal media with 0.2% glucose"
[1] NA
[1] "plannktonic exponential phase of wild type strain in MOPS minimal media with 0.2% glucose"
[1] NA
[1] "plannktonic exponential phase of wild type strain in MOPS minimal media with 0.2% glucose"
[1] NA
[1] "plannktonic stationary phase of wild type strain in MOPS minimal media with 0.2% glucose"
[1] NA
[1] "plannktonic stationary phase of wild type strain in MOPS minimal media with 0.2% glucose"
[1] NA
[1] "plannktonic stationary phase of wild type strain in MOPS minimal media with 0.2% glucose"
[1] NA
[1] "plannktonic stationary phase of rpoS knock-out strain in MOPS minimal media with 0.2% glucose"
[1] NA
[1] "plannktonic stationary phase of rpoS knock-out strain in MOPS minimal media with 0.2% glucose"
[1] NA
[1] "plannktonic stationary phase of rpoS knock-out strain in MOPS minimal media with 0.2% glucose"
[1] NA
