[1] "Log (base 2) of the ratio of the median of Channel 2 (usually 635 nm) to Channel 1 (usually 532 nm) [log (base 2) (RAT2N MEDIAN)].; Type: float; Scale: log_base_2"
[1] "0.25 ug Tigr/Astra Reference"
[1] NA
[1] "0.25 ng 26695/J99 genomic DNA mix"
[1] NA
[1] "0.25 ng 26695/J99 genomic DNA mix"
[1] NA
[1] "0.25 ng 26695/J99 genomic DNA mix"
[1] NA
[1] "0.25 ng 26695/J99 genomic DNA mix"
[1] NA
[1] "0.25 ng 26695/J99 genomic DNA mix"
[1] NA
[1] "0.25 ng 26695/J99 genomic DNA mix"
[1] NA
[1] "0.25 ng 26695/J99 genomic DNA mix"
[1] NA
[1] "0.25 ng 26695/J99 genomic DNA mix"
[1] NA
[1] "0.25 ng 26695/J99 genomic DNA mix"
[1] NA
[1] "0.25 ng 26695/J99 genomic DNA mix"
[1] NA
[1] "0.25 ng 26695/J99 genomic DNA mix"
[1] NA
[1] "0.25 ug Tigr/Astra Reference"
[1] NA
[1] "0.25 ng 26695/J99 genomic DNA mix"
[1] NA
[1] "0.25 ug Tigr/Astra Reference"
[1] NA
[1] "0.25 ug Tigr/Astra Reference"
[1] NA
[1] "0.25 ug Tigr/Astra Reference"
[1] NA
[1] "0.25 ug Tigr/Astra genomic DNA reference"
[1] NA
[1] "0.25 ug Tigr/Astra genomic DNA reference"
[1] NA
[1] "0.25 ug Tigr/Astra Reference"
[1] NA
[1] "0.25 ug Tigr/Astra genomic DNA reference"
[1] NA
[1] "0.25 ug Tigr/Astra Reference"
[1] NA
[1] "0.25 ug Tigr/Astra genomic DNA reference"
[1] NA
[1] "0.25 ug Tigr/Astra Reference"
[1] NA
[1] "0.25 ug Tigr/Astra Reference"
[1] NA
[1] "0.25 ug 26695 + 0.25 ug j99 genomic DNA"
[1] NA
[1] "0.25 ug Tigr/Astra genomic DNA reference"
[1] NA
[1] "0.25 ug Tigr/Astra genomic DNA reference"
[1] NA
[1] "0.25 ug Tigr/Astra Reference"
[1] NA
[1] "0.25 ug Tigr/Astra Reference"
[1] NA
[1] "0.25 ug Tigr/Astra genomic DNA reference"
[1] NA
[1] "0.25 ug Tigr/Astra genomic DNA reference"
[1] NA
[1] "0.25 ug Tigr/Astra genomic DNA reference"
[1] NA
[1] "0.25 ug Tigr/Astra genomic DNA reference"
[1] NA
[1] "0.25 ug Tigr/Astra genomic DNA reference"
[1] NA
[1] "0.25 ug Tigr/Astra genomic DNA reference"
[1] NA
[1] "0.25 ng 26695/J99 genomic DNA mix"
[1] NA
[1] "0.25 ug 26695 + 0.25 ug j99 genomic DNA"
[1] NA
[1] "0.25 ug Tigr/Astra Reference"
[1] NA
[1] "0.25 ug Tigr/Astra Reference"
[1] NA
[1] "0.25 ug 26695 + 0.25 ug j99 genomic DNA"
[1] NA
[1] "0.25 ug Tigr/Astra Reference"
[1] NA
[1] "0.25 ug Tigr/Astra genomic DNA reference"
[1] NA
[1] "0.25 ug Tigr/Astra Reference"
[1] NA
[1] "0.25 ug Tigr/Astra genomic DNA reference"
[1] NA
[1] "0.25 ug Tigr/Astra Reference"
[1] NA
[1] "0.25 ug Tigr/Astra genomic DNA reference"
[1] NA
[1] "0.25 ug Tigr/Astra Reference"
[1] NA
[1] "0.25 ug Tigr/Astra Reference"
[1] NA
[1] "0.25 ug Tigr/Astra genomic DNA reference"
[1] NA
[1] "0.25 ug Tigr/Astra genomic DNA reference"
[1] NA
[1] "0.25 ng 26695/J99 genomic DNA mix"
[1] NA
[1] "0.25 ug Tigr/Astra Reference"
[1] NA
[1] "0.25 ng 26695/J99 genomic DNA mix"
[1] NA
[1] "0.25 ug Tigr/Astra Reference"
[1] NA
[1] "0.25 ng 26695/J99 genomic DNA mix"
[1] NA
[1] "0.25 ug Tigr/Astra Reference"
[1] NA
[1] "0.25 ng 26695/J99 genomic DNA mix"
[1] NA
[1] "0.25 ug Tigr/Astra Reference"
[1] NA
[1] "0.25 ng 26695/J99 genomic DNA mix"
[1] NA
[1] "0.25 ng 26695/J99 genomic DNA mix"
[1] NA
[1] "0.25 ug Tigr/Astra Reference"
[1] NA
[1] "0.25 ng 26695/J99 genomic DNA mix"
[1] NA
[1] "0.25 ug Tigr/Astra Reference"
[1] NA
[1] "0.25 ng 26695/J99 genomic DNA mix"
[1] NA
[1] "0.25 ug Tigr/Astra Reference"
[1] NA
[1] "0.25 ng 26695/J99 genomic DNA mix"
[1] NA
[1] "0.25 ug Tigr/Astra Reference"
[1] NA
[1] "0.25 ng 26695/J99 genomic DNA mix"
[1] NA
[1] "0.25 ug Tigr/Astra Reference"
[1] NA
[1] "0.25 ug Tigr/Astra Reference"
[1] NA
[1] "0.25 ug Tigr/Astra Reference"
[1] NA
[1] "0.25 ug Tigr/Astra Reference"
[1] NA
[1] "0.25 ug Tigr/Astra Reference"
[1] NA
[1] "0.25 ug Tigr/Astra genomic DNA reference"
[1] NA
[1] "0.25 ug Tigr/Astra genomic DNA reference"
[1] NA
[1] "0.25 ug Tigr/Astra Reference"
[1] NA
[1] "0.25 ug Tigr/Astra genomic DNA reference"
[1] NA
[1] "0.25 ug Tigr/Astra Reference"
[1] NA
[1] "0.25 ug Tigr/Astra Reference"
[1] NA
[1] "0.25 ug Tigr/Astra Reference"
[1] NA
[1] "0.25 ug Tigr/Astra Reference"
[1] NA
[1] "0.25 ug Tigr/Astra Reference"
[1] NA
[1] "0.25 ug Tigr/Astra Reference"
[1] NA
[1] "0.25 ng 26695/J99 genomic DNA mix"
[1] NA
[1] "0.25 ug Tigr/Astra Reference"
[1] NA
[1] "0.25 ng 26695/J99 genomic DNA mix"
[1] NA
[1] "0.25 ug Tigr/Astra Reference"
[1] NA
[1] "0.25 ng 26695/J99 genomic DNA mix"
[1] NA
[1] "0.25 ug Tigr/Astra Reference"
[1] NA
[1] "0.25 ng 26695/J99 genomic DNA mix"
[1] NA
[1] "0.25 ng 26695/J99 genomic DNA mix"
[1] NA
[1] "0.25 ug Tigr/Astra Reference"
[1] NA
[1] "0.25 ng 26695/J99 genomic DNA mix"
[1] NA
[1] "0.25 ug Tigr/Astra Reference"
[1] NA
[1] "0.25 ng 26695/J99 genomic DNA mix"
[1] NA
[1] "0.25 ug Tigr/Astra Reference"
[1] NA
[1] "0.25 ng 26695/J99 genomic DNA mix"
[1] NA
[1] "0.25 ug Tigr/Astra Reference"
[1] NA
[1] "0.25 ug Tigr/Astra Reference"
[1] NA
[1] "0.25 ug Tigr/Astra Reference"
[1] NA
[1] "0.25 ug Tigr/Astra Reference"
[1] NA
[1] "0.25 ug Tigr/Astra Reference"
[1] NA
[1] "0.25 ug Tigr/Astra Reference"
[1] NA
[1] "0.25 ug Tigr/Astra Reference"
[1] NA
