[1] "normalized log 10 ratio (treatment/reference) with FLAG=K removed"
[1] "Halobacterium NRC-1 dark diurnal experiment 3, 1380 minutes post entrainment."
[1] "1380"
[1] "82800"
[1] "Halobacterium NRC-1 dark diurnal experiment 3, 1380 minutes post entrainment."
[1] "1380"
[1] "82800"
[1] "Halobacterium NRC-1 dark diurnal experiment 3, 1440 minutes post entrainment."
[1] "1440"
[1] "86400"
[1] "Halobacterium NRC-1 dark diurnal experiment 3, 1440 minutes post entrainment."
[1] "1440"
[1] "86400"
[1] "Halobacterium NRC-1 dark diurnal experiment 3, 1500 minutes post entrainment."
[1] "1500"
[1] "90000"
[1] "Halobacterium NRC-1 dark diurnal experiment 3, 1500 minutes post entrainment."
[1] "1500"
[1] "90000"
[1] "Halobacterium NRC-1 dark diurnal experiment 3, 1620 minutes post entrainment."
[1] "1620"
[1] "97200"
[1] "Halobacterium NRC-1 dark diurnal experiment 3, 1620 minutes post entrainment."
[1] "1620"
[1] "97200"
[1] "Halobacterium NRC-1 dark diurnal experiment 3, 1800 minutes post entrainment."
[1] "1800"
[1] "108000"
[1] "Halobacterium NRC-1 dark diurnal experiment 3, 1800 minutes post entrainment."
[1] "1800"
[1] "108000"
[1] "Halobacterium NRC-1 dark diurnal experiment 3, 1980 minutes post entrainment."
[1] "1980"
[1] "118800"
[1] "Halobacterium NRC-1 dark diurnal experiment 3, 1980 minutes post entrainment."
[1] "1980"
[1] "118800"
[1] "Halobacterium NRC-1 dark diurnal experiment 3, 2160 minutes post entrainment."
[1] "2160"
[1] "129600"
[1] "Halobacterium NRC-1 dark diurnal experiment 3, 2160 minutes post entrainment."
[1] "2160"
[1] "129600"
[1] "Halobacterium NRC-1 dark diurnal experiment 3, 2220 minutes post entrainment."
[1] "2220"
[1] "133200"
[1] "Halobacterium NRC-1 dark diurnal experiment 3, 2220 minutes post entrainment."
[1] "2220"
[1] "133200"
[1] "Halobacterium NRC-1 dark diurnal experiment 3, 2340 minutes post entrainment."
[1] "2340"
[1] "140400"
[1] "Halobacterium NRC-1 dark diurnal experiment 3, 2340 minutes post entrainment."
[1] "2340"
[1] "140400"
[1] "Halobacterium NRC-1 dark diurnal experiment 3, 2520 minutes post entrainment."
[1] "2520"
[1] "151200"
[1] "Halobacterium NRC-1 dark diurnal experiment 3, 2520 minutes post entrainment."
[1] "2520"
[1] "151200"
[1] "Halobacterium NRC-1 dark diurnal experiment 3, 2700 minutes post entrainment."
[1] "2700"
[1] "162000"
[1] "Halobacterium NRC-1 dark diurnal experiment 3, 2700 minutes post entrainment."
[1] "2700"
[1] "162000"
[1] "Halobacterium NRC-1 dark diurnal experiment 3, 2880 minutes post entrainment."
[1] "2880"
[1] "172800"
[1] "Halobacterium NRC-1 dark diurnal experiment 3, 2880 minutes post entrainment."
[1] "2880"
[1] "172800"
[1] "Halobacterium NRC-1 dark diurnal experiment 3, 1380 minutes post entrainment."
[1] "1380"
[1] "82800"
[1] "Halobacterium NRC-1 dark diurnal experiment 3, 1380 minutes post entrainment."
[1] "1380"
[1] "82800"
[1] "Halobacterium NRC-1 dark diurnal experiment 3, 1440 minutes post entrainment."
[1] "1440"
[1] "86400"
[1] "Halobacterium NRC-1 dark diurnal experiment 3, 1440 minutes post entrainment."
[1] "1440"
[1] "86400"
[1] "Halobacterium NRC-1 dark diurnal experiment 3, 1500 minutes post entrainment."
[1] "1500"
[1] "90000"
[1] "Halobacterium NRC-1 dark diurnal experiment 3, 1500 minutes post entrainment."
[1] "1500"
[1] "90000"
[1] "Halobacterium NRC-1 dark diurnal experiment 3, 1620 minutes post entrainment."
[1] "1620"
[1] "97200"
[1] "Halobacterium NRC-1 dark diurnal experiment 3, 1620 minutes post entrainment."
[1] "1620"
[1] "97200"
[1] "Halobacterium NRC-1 dark diurnal experiment 3, 1800 minutes post entrainment."
[1] "1800"
[1] "108000"
[1] "Halobacterium NRC-1 dark diurnal experiment 3, 1800 minutes post entrainment."
[1] "1800"
[1] "108000"
[1] "Halobacterium NRC-1 dark diurnal experiment 3, 1980 minutes post entrainment."
[1] "1980"
[1] "118800"
[1] "Halobacterium NRC-1 dark diurnal experiment 3, 1980 minutes post entrainment."
[1] "1980"
[1] "118800"
[1] "Halobacterium NRC-1 dark diurnal experiment 3, 2160 minutes post entrainment."
[1] "2160"
[1] "129600"
[1] "Halobacterium NRC-1 dark diurnal experiment 3, 2160 minutes post entrainment."
[1] "2160"
[1] "129600"
[1] "Halobacterium NRC-1 dark diurnal experiment 3, 2220 minutes post entrainment."
[1] "2220"
[1] "133200"
[1] "Halobacterium NRC-1 dark diurnal experiment 3, 2220 minutes post entrainment."
[1] "2220"
[1] "133200"
[1] "Halobacterium NRC-1 dark diurnal experiment 3, 2340 minutes post entrainment."
[1] "2340"
[1] "140400"
[1] "Halobacterium NRC-1 dark diurnal experiment 3, 2340 minutes post entrainment."
[1] "2340"
[1] "140400"
[1] "Halobacterium NRC-1 dark diurnal experiment 3, 2520 minutes post entrainment."
[1] "2520"
[1] "151200"
[1] "Halobacterium NRC-1 dark diurnal experiment 3, 2520 minutes post entrainment."
[1] "2520"
[1] "151200"
[1] "Halobacterium NRC-1 dark diurnal experiment 3, 2700 minutes post entrainment."
[1] "2700"
[1] "162000"
[1] "Halobacterium NRC-1 dark diurnal experiment 3, 2700 minutes post entrainment."
[1] "2700"
[1] "162000"
[1] "Halobacterium NRC-1 dark diurnal experiment 3, 2880 minutes post entrainment."
[1] "2880"
[1] "172800"
[1] "Halobacterium NRC-1 dark diurnal experiment 3, 2880 minutes post entrainment."
[1] "2880"
[1] "172800"
 [1] "0"     "0"     "3600"  "3600"  "7200"  "7200"  "14400" "14400" "25200"
[10] "25200" "36000" "36000" "46800" "46800" "50400" "50400" "57600" "57600"
[19] "68400" "68400" "79200" "79200" "90000" "90000" "0"     "0"     "3600" 
[28] "3600"  "7200"  "7200"  "14400" "14400" "25200" "25200" "36000" "36000"
[37] "46800" "46800" "50400" "50400" "57600" "57600" "68400" "68400" "79200"
[46] "79200" "90000" "90000"
 [1] "ID"                     "row"                    "col"                   
 [4] "ref"                    "ref"                    "plate_384"             
 [7] "row_384"                "col_384"                "gene_name"             
[10] "ORF"                    "operon_oligo_ID"        "SEQUENCE"              
[13] "melting_temperature"    "control_type"           "control_qualifier"     
[16] "date_obtained"          "clone_provider"         "feature_size"          
[19] "feature_attachment"     "stranded"               "spotting_concentration"
[22] "flag"                   "SPOT_ID"               
[1] "row_384"
