[1] "These data were exported to Acuity 4.1 for lowess normalization and analysis. Spots flagged as ‘Not Found’ by the GenePix algorithms were excluded from downstream analysis."
[1] "H37Rv liquid culture capreomycin"
[1] NA
[1] "H37Rv liquid culture capreomycin"
[1] NA
[1] "H37Rv liquid culture cycloserine"
[1] NA
[1] "H37Rv liquid culture cycloserine"
[1] NA
[1] "H37Rv liquid culture cycloserine"
[1] NA
[1] "H37Rv liquid culture ethionamide"
[1] NA
[1] "H37Rv liquid culture ethionamide"
[1] NA
[1] "H37Rv liquid culture IMTB001 (LY-83583, IDR10013)"
[1] NA
[1] "H37Rv liquid culture IMTB001 (LY-83583, IDR10013)"
[1] NA
[1] "H37Rv liquid culture IMTB001 (LY-83583, IDR10013)"
[1] NA
[1] "H37Rv liquid culture IMTB002 (Aminothiadiazole)"
[1] NA
[1] "H37Rv liquid culture IMTB002 (Aminothiadiazole)"
[1] NA
[1] "H37Rv liquid culture IMTB002 (Aminothiadiazole)"
[1] NA
[1] "H37Rv liquid culture IMTB004 (Tunicamycin)"
[1] NA
[1] "H37Rv liquid culture IMTB004 (Tunicamycin)"
[1] NA
[1] "H37Rv liquid culture IMTB004 (Tunicamycin)"
[1] NA
[1] "H37Rv liquid culture IMTB006 (Salicylanilide (prev. Diarylamide))"
[1] NA
[1] "H37Rv liquid culture IMTB006 (Salicylanilide (prev. Diarylamide))"
[1] NA
[1] "H37Rv liquid culture IMTB006 (Salicylanilide (prev. Diarylamide))"
[1] NA
[1] "H37Rv liquid culture IMTB006 (Salicylanilide (prev. Diarylamide))"
[1] NA
[1] "H37Rv liquid culture IMTB006 (Salicylanilide (prev. Diarylamide))"
[1] NA
[1] "H37Rv liquid culture IMTB006 (Salicylanilide (prev. Diarylamide))"
[1] NA
[1] "H37Rv liquid culture IMTB007 (Amidinobenzoate)"
[1] NA
[1] "H37Rv liquid culture IMTB007 (Amidinobenzoate)"
[1] NA
[1] "H37Rv liquid culture IMTB007 (Amidinobenzoate)"
[1] NA
[1] "H37Rv liquid culture IMTB009 (Coumarin analog)"
[1] NA
[1] "H37Rv liquid culture IMTB009 (Coumarin analog)"
[1] NA
[1] "H37Rv liquid culture IMTB009 (Coumarin analog)"
[1] NA
[1] "H37Rv liquid culture IMTB009 (Coumarin analog)"
[1] NA
[1] "H37Rv liquid culture IMTB011 (Acivicin)"
[1] NA
[1] "H37Rv liquid culture IMTB011 (Acivicin)"
[1] NA
[1] "H37Rv liquid culture IMTB012 (Fenamisal)"
[1] NA
[1] "H37Rv liquid culture IMTB012 (Fenamisal)"
[1] NA
[1] "H37Rv liquid culture IMTB014 (Iodotubercidin)"
[1] NA
[1] "H37Rv liquid culture IMTB014 (Iodotubercidin)"
[1] NA
[1] "H37Rv liquid culture IMTB014 (Iodotubercidin)"
[1] NA
[1] "H37Rv liquid culture IMTB025 (Disulfiram)"
[1] NA
[1] "H37Rv liquid culture IMTB025 (Disulfiram)"
[1] NA
[1] "H37Rv liquid culture IMTB025 (Disulfiram)"
[1] NA
[1] "H37Rv liquid culture IMTB025 (Disulfiram)"
[1] NA
[1] "H37Rv liquid culture IMTB025 (Disulfiram)"
[1] NA
[1] "H37Rv liquid culture IMTB025 (Disulfiram)"
[1] NA
[1] "H37Rv liquid culture IMTB026"
[1] NA
[1] "H37Rv liquid culture IMTB026"
[1] NA
[1] "H37Rv liquid culture IMTB026"
[1] NA
[1] "H37Rv liquid culture IMTB026"
[1] NA
[1] "H37Rv liquid culture IMTB027"
[1] NA
[1] "H37Rv liquid culture IMTB027"
[1] NA
[1] "H37Rv liquid culture IMTB027"
[1] NA
[1] "H37Rv liquid culture IMTB028"
[1] NA
[1] "H37Rv liquid culture IMTB028"
[1] NA
[1] "H37Rv liquid culture IMTB028"
[1] NA
[1] "H37Rv liquid culture IMTB029"
[1] NA
[1] "H37Rv liquid culture IMTB029"
[1] NA
[1] "H37Rv liquid culture IMTB029"
[1] NA
[1] "H37Rv liquid culture IMTB030 (methoxy-methylellipticinium )"
[1] NA
[1] "H37Rv liquid culture IMTB030 (methoxy-methylellipticinium )"
[1] NA
[1] "H37Rv liquid culture IMTB030 (methoxy-methylellipticinium )"
[1] NA
[1] "H37Rv liquid culture IMTB031 (Chloroxine)"
[1] NA
[1] "H37Rv liquid culture IMTB031 (Chloroxine)"
[1] NA
[1] "H37Rv liquid culture IMTB032 (GATB - Biodura*)"
[1] NA
[1] "H37Rv liquid culture IMTB032 (GATB - Biodura*)"
[1] NA
[1] "H37Rv liquid culture IMTB033 (GATB - Biodura*)"
[1] NA
[1] "H37Rv liquid culture IMTB033 (GATB - Biodura*)"
[1] NA
[1] "H37Rv liquid culture IMTB035 (GATB - Biodura*)"
[1] NA
[1] "H37Rv liquid culture IMTB035 (GATB - Biodura*)"
[1] NA
[1] "H37Rv liquid culture IMTB035 (GATB - Biodura*)"
[1] NA
[1] "H37Rv liquid culture IMTB036 (GATB - Biodura*)"
[1] NA
[1] "H37Rv liquid culture IMTB036 (GATB - Biodura*)"
[1] NA
[1] "H37Rv liquid culture IMTB036 (GATB - Biodura*)"
[1] NA
[1] "H37Rv liquid culture IMTB038 (GATB - UIC)"
[1] NA
[1] "H37Rv liquid culture IMTB038 (GATB - UIC)"
[1] NA
[1] "H37Rv liquid culture IMTB038 (GATB - UIC)"
[1] NA
[1] "H37Rv liquid culture IMTB041 (GATB - UIC)"
[1] NA
[1] "H37Rv liquid culture IMTB041 (GATB - UIC)"
[1] NA
[1] "H37Rv liquid culture IMTB041 (GATB - UIC)"
[1] NA
[1] "H37Rv liquid culture IMTB042 (GATB - UIC)"
[1] NA
[1] "H37Rv liquid culture IMTB042 (GATB - UIC)"
[1] NA
[1] "H37Rv liquid culture IMTB042 (GATB - UIC)"
[1] NA
[1] "H37Rv liquid culture IMTB044 (Guanosine analog)"
[1] NA
[1] "H37Rv liquid culture IMTB044 (Guanosine analog)"
[1] NA
[1] "H37Rv liquid culture IMTB045 (GATB - Biodura*)"
[1] NA
[1] "H37Rv liquid culture IMTB045 (GATB - Biodura*)"
[1] NA
[1] "H37Rv liquid culture IMTB047 (GATB - Biodura*)"
[1] NA
[1] "H37Rv liquid culture IMTB047 (GATB - Biodura*)"
[1] NA
[1] "H37Rv liquid culture Isoniazid"
[1] NA
[1] "H37Rv liquid culture Isoniazid"
[1] NA
[1] "H37Rv liquid culture Isoniazid"
[1] NA
[1] "H37Rv liquid culture Isoniazid"
[1] NA
[1] "H37Rv liquid culture Kanamycin"
[1] NA
[1] "H37Rv liquid culture Kanamycin"
[1] NA
[1] "H37Rv liquid culture Kanamycin"
[1] NA
[1] "H37Rv liquid culture Moxifloxacin"
[1] NA
[1] "H37Rv liquid culture Moxifloxacin"
[1] NA
[1] "H37Rv liquid culture Moxifloxacin"
[1] NA
[1] "H37Rv liquid culture PA-824"
[1] NA
[1] "H37Rv liquid culture PA-824"
[1] NA
[1] "H37Rv liquid culture PA-824"
[1] NA
[1] "H37Rv liquid culture Rifampicin"
[1] NA
[1] "H37Rv liquid culture Rifampicin"
[1] NA
[1] "H37Rv liquid culture Streptomycin"
[1] NA
[1] "H37Rv liquid culture Streptomycin"
[1] NA
[1] "H37Rv liquid culture Streptomycin"
[1] NA
[1] "H37Rv liquid culture Streptomycin"
[1] NA
[1] "H37Rv liquid culture Streptomycin"
[1] NA
[1] "H37Rv liquid culture Streptomycin"
[1] NA
