[1] NA
[1] "aerated pure culture replicate A"
[1] NA
[1] "aerated pure culture replicate B"
[1] NA
[1] "aerated pure culture replicate C"
[1] NA
[1] "static pure culture replicate A"
[1] NA
[1] "static pure culture replicate B"
[1] NA
[1] "static pure culture replicate C"
[1] NA
[1] "aerated co-culture replicate A"
[1] NA
[1] "aerated co-culture replicate B"
[1] NA
[1] "aerated co-culture replicate C"
[1] NA
[1] "static co-culture replicate A"
[1] NA
[1] "static co-culture replicate B"
[1] NA
[1] "static co-culture replicate C"
[1] NA
