[1] NA
[1] "MG1655 chemostat"
[1] NA
[1] "MG1655 batch"
[1] NA
[1] "MG1655 starvation"
[1] NA
[1] "IAI1 chemostat"
[1] NA
[1] "IAI1 batch"
[1] NA
[1] "IAI1 starvation"
[1] NA
[1] "TW11588 chemostat"
[1] NA
[1] "TW11588 batch"
[1] NA
[1] "TW11588 starvation"
[1] NA
[1] "TW09308 chemostat"
[1] NA
[1] "TW09308 batch"
[1] NA
[1] "TW09308 starvation"
[1] NA
[1] "MG1655 chemostat"
[1] NA
[1] "MG1655 batch"
[1] NA
[1] "MG1655 starvation"
[1] NA
[1] "IAI1 chemostat"
[1] NA
[1] "IAI1 batch"
[1] NA
[1] "IAI1 starvation"
[1] NA
[1] "TW11588 chemostat"
[1] NA
[1] "TW11588 batch"
[1] NA
[1] "TW11588 starvation"
[1] NA
[1] "TW09308 chemostat"
[1] NA
[1] "TW09308 batch"
[1] NA
[1] "TW09308 starvation"
[1] NA
