[1] NA
[1] "Whole cell, WT, LB and 0.3% glucose"
[1] NA
[1] "Whole cell, WT, LB and 0.3% glucose"
[1] NA
[1] "Whole cell, cysG KO, LB and 0.3% glucose"
[1] NA
[1] "Whole cell, cysG KO, LB and 0.3% glucose"
[1] NA
[1] "Whole cell, cysH KO, LB and 0.3% glucose"
[1] NA
[1] "Whole cell, cysH KO, LB and 0.3% glucose"
[1] NA
[1] "Whole cell, dcd KO, LB and 0.3% glucose"
[1] NA
[1] "Whole cell, dcd KO, LB and 0.3% glucose"
[1] NA
[1] "Whole cell, fadR KO, LB and 0.3% glucose"
[1] NA
[1] "Whole cell, fadR KO, LB and 0.3% glucose"
[1] NA
[1] "Whole cell, ppk KO, LB and 0.3% glucose"
[1] NA
[1] "Whole cell, ppk KO, LB and 0.3% glucose"
[1] NA
[1] "Whole cell, wzc KO, LB and 0.3% glucose"
[1] NA
[1] "Whole cell, wzc KO, LB and 0.3% glucose"
[1] NA
[1] "Whole cell, yghD KO, LB and 0.3% glucose"
[1] NA
[1] "Whole cell, yghD KO, LB and 0.3% glucose"
[1] NA
[1] "Whole cell, fepA KO, LB and 0.3% glucose"
[1] NA
[1] "Whole cell, fepA KO, LB and 0.3% glucose"
[1] NA
[1] "Whole cell, lacA KO, LB and 0.3% glucose"
[1] NA
[1] "Whole cell, lacA KO, LB and 0.3% glucose"
[1] NA
[1] "Whole cell, WT, M9 and 0.3% glucose"
[1] NA
[1] "Whole cell, WT, M9 and 0.3% glucose"
[1] NA
[1] "Whole cell, dcd KO, M9 and 0.3% glucose"
[1] NA
[1] "Whole cell, dcd KO, M9 and 0.3% glucose"
[1] NA
[1] "Whole cell, fadR KO, M9 and 0.3% glucose"
[1] NA
[1] "Whole cell, fadR KO, M9 and 0.3% glucose"
[1] NA
[1] "Whole cell, ppk KO, M9 and 0.3% glucose"
[1] NA
[1] "Whole cell, ppk KO, M9 and 0.3% glucose"
[1] NA
[1] "Whole cell, wzc KO, M9 and 0.3% glucose"
[1] NA
[1] "Whole cell, wzc KO, M9 and 0.3% glucose"
[1] NA
[1] "Whole cell, yghD KO, M9 and 0.3% glucose"
[1] NA
[1] "Whole cell, yghD KO, M9 and 0.3% glucose"
[1] NA
[1] "Whole cell, fepA KO, M9 and 0.3% glucose"
[1] NA
[1] "Whole cell, fepA KO, M9 and 0.3% glucose"
[1] NA
[1] "Whole cell, lacA KO, M9 and 0.3% glucose"
[1] NA
[1] "Whole cell, lacA KO, M9 and 0.3% glucose"
[1] NA
[1] "Whole cell, WT, M9 and 0.4% glucose"
[1] NA
[1] "Whole cell, WT, M9 and 0.4% glucose"
[1] NA
[1] "Whole cell, WT, M9 and 0.4% glucose"
[1] NA
[1] "Whole cell, mgtA KO, M9 and 0.4% glucose"
[1] NA
[1] "Whole cell, mgtA KO, M9 and 0.4% glucose"
[1] NA
[1] "Whole cell, mgtA KO, M9 and 0.4% glucose"
[1] NA
[1] "Whole cell, gabT KO, M9 and 0.4% glucose"
[1] NA
[1] "Whole cell, gabT KO, M9 and 0.4% glucose"
[1] NA
[1] "Whole cell, gabT KO, M9 and 0.4% glucose"
[1] NA
[1] "Whole cell, sdhC KO, M9 and 0.4% glucose"
[1] NA
[1] "Whole cell, sdhC KO, M9 and 0.4% glucose"
[1] NA
[1] "Whole cell, sdhC KO, M9 and 0.4% glucose"
[1] NA
[1] "Whole cell, putP KO, M9 and 0.4% glucose"
[1] NA
[1] "Whole cell, putP KO, M9 and 0.4% glucose"
[1] NA
[1] "Whole cell, putP KO, M9 and 0.4% glucose"
[1] NA
[1] "Whole cell, rfbA KO, M9 and 0.4% glucose"
[1] NA
[1] "Whole cell, rfbA KO, M9 and 0.4% glucose"
[1] NA
[1] "Whole cell, rfbA KO, M9 and 0.4% glucose"
[1] NA
[1] "Whole cell, entF KO, M9 and 0.4% glucose"
[1] NA
[1] "Whole cell, entF KO, M9 and 0.4% glucose"
[1] NA
[1] "Whole cell, entF KO, M9 and 0.4% glucose"
[1] NA
[1] "Whole cell, kefB KO, M9 and 0.4% glucose"
[1] NA
[1] "Whole cell, kefB KO, M9 and 0.4% glucose"
[1] NA
[1] "Whole cell, kefB KO, M9 and 0.4% glucose"
[1] NA
[1] "Whole cell, cysA KO, M9 and 0.4% glucose"
[1] NA
[1] "Whole cell, cysA KO, M9 and 0.4% glucose"
[1] NA
[1] "Whole cell, cysA KO, M9 and 0.4% glucose"
[1] NA
[1] "Whole cell, galE KO, M9 and 0.4% glucose"
[1] NA
[1] "Whole cell, galE KO, M9 and 0.4% glucose"
[1] NA
[1] "Whole cell, galE KO, M9 and 0.4% glucose"
[1] NA
[1] "Whole cell, mhpD KO, M9 and 0.4% glucose"
[1] NA
[1] "Whole cell, mhpD KO, M9 and 0.4% glucose"
[1] NA
[1] "Whole cell, mhpD KO, M9 and 0.4% glucose"
[1] NA
[1] "Whole cell, fliY KO, M9 and 0.4% glucose"
[1] NA
[1] "Whole cell, fliY KO, M9 and 0.4% glucose"
[1] NA
[1] "Whole cell, fliY KO, M9 and 0.4% glucose"
[1] NA
[1] "Whole cell, lplA KO, M9 and 0.4% glucose"
[1] NA
[1] "Whole cell, lplA KO, M9 and 0.4% glucose"
[1] NA
[1] "Whole cell, lplA KO, M9 and 0.4% glucose"
[1] NA
[1] "Whole cell, khc KO, M9 and 0.4% glucose"
[1] NA
[1] "Whole cell, khc KO, M9 and 0.4% glucose"
[1] NA
[1] "Whole cell, khc KO, M9 and 0.4% glucose"
[1] NA
[1] "Whole cell, ugpC KO, M9 and 0.4% glucose"
[1] NA
[1] "Whole cell, ugpC KO, M9 and 0.4% glucose"
[1] NA
[1] "Whole cell, ugpC KO, M9 and 0.4% glucose"
[1] NA
[1] "Whole cell, trpD KO, M9 and 0.4% glucose"
[1] NA
[1] "Whole cell, trpD KO, M9 and 0.4% glucose"
[1] NA
[1] "Whole cell, trpD KO, M9 and 0.4% glucose"
[1] NA
[1] "Whole cell, aspC KO, M9 and 0.4% glucose"
[1] NA
[1] "Whole cell, aspC KO, M9 and 0.4% glucose"
[1] NA
[1] "Whole cell, aspC KO, M9 and 0.4% glucose"
[1] NA
