[1] NA
[1] "exponentially growing culture"
[1] NA
[1] "exponentially growing culture"
[1] NA
[1] "exponentially growing culture"
[1] NA
[1] "exponentially growing culture"
[1] NA
[1] "exponentially growing culture"
[1] NA
[1] "exponentially growing culture"
[1] NA
[1] "exponentially growing culture"
[1] NA
[1] "exponentially growing culture"
[1] NA
[1] "exponentially growing culture"
[1] NA
[1] "exponentially growing culture"
[1] NA
[1] "exponentially growing culture"
[1] NA
[1] "exponentially growing culture"
[1] NA
[1] "exponentially growing culture"
[1] NA
[1] "exponentially growing culture"
[1] NA
[1] "exponentially growing culture"
[1] NA
[1] "exponentially growing culture"
[1] NA
[1] "exponentially growing culture"
[1] NA
[1] "exponentially growing culture"
[1] NA
[1] "exponentially growing culture"
[1] NA
[1] "exponentially growing culture"
[1] NA
[1] "exponentially growing culture"
[1] NA
[1] "exponentially growing culture"
[1] NA
[1] "exponentially growing culture"
[1] NA
[1] "exponentially growing culture"
[1] NA
[1] "exponentially growing culture"
[1] NA
[1] "exponentially growing culture"
[1] NA
[1] "exponentially growing culture"
[1] NA
[1] "exponentially growing culture"
[1] NA
[1] "exponentially growing culture"
[1] NA
[1] "exponentially growing culture"
[1] NA
