[1] "same as UNF VALUE but with flagged values removed"
[1] "dnaC fully replicated, 2 ug Say3AI, pdN6 RT"
[1] NA
[1] "dnaC fully replicated, 2 ug Say3AI, pdN6 RT"
[1] NA
[1] "dnaC fully replicated, 2 ug Say3AI, pdN6 RT"
[1] NA
[1] "dnaC fully replicated, 2 ug Say3AI, pdN6 RT"
[1] NA
[1] "dnaC fully replicated, 2 ug Sau3AI, pdN6 RT"
[1] NA
[1] "dnaC fully replicated, 2 ug Sau3AI, pdN6 RT"
[1] NA
[1] "dnaC fully replicated, 2 ug Sau3AI, pdN6 RT"
[1] NA
[1] "dnaC fully replicated, 2 ug Say3AI, pdN6 RT"
[1] NA
[1] "dnaC fully replicated, 2 ug Say3AI, pdN6 RT"
[1] NA
[1] "dnaC fully replicated, 2 ug Say3AI, pdN6 RT"
[1] NA
[1] "dnaC fully replicated, 2 ug Sau3AI, pdN6 RT"
[1] NA
[1] "dnaC fully replicated, 2 ug Sau3AI, pdN6 RT"
[1] NA
[1] "dnaC fully replicated, 2 ug Say3AI, pdN6 RT"
[1] NA
[1] "dnaC fully replicated, 2 ug Say3AI, pdN6 RT"
[1] NA
[1] "dnaC fully replicated, 2 ug Say3AI, pdN6 RT"
[1] NA
[1] "dnaC fully replicated, 2 ug Say3AI, pdN6 RT"
[1] NA
[1] "dnaC fully replicated, 2 ug Say3AI, pdN6 RT"
[1] NA
[1] "1005, LB + 0.2% glucose (tus repressed)"
[1] NA
[1] "1005, LB + 0.2% glucose (tus repressed)"
[1] NA
[1] "1005, LB + 0.2% glucose (tus repressed)"
[1] NA
[1] "dnaC2 90' at 42 deg, 2 ug gen DNA, pdN6 RT"
[1] NA
