[1] "75th percentile shift normalisation and baseline adjusted"
[1] "E.coli-1x vehicle-rep1"
[1] NA
[1] "E.coli-1x CORM2-rep1"
[1] NA
[1] "E.coli-20x vehicle-rep1"
[1] NA
[1] "E.coli-20x CORM2-rep1"
[1] NA
[1] "E.coli-1x vehicle-rep2"
[1] NA
[1] "E.coli-1x CORM2-rep2"
[1] NA
[1] "E.coli-20x vehicle-rep2"
[1] NA
[1] "E.coli-20x CORM2-rep2"
[1] NA
[1] "E.coli-1x vehicle-rep3"
[1] NA
[1] "E.coli-1x CORM2-rep3"
[1] NA
[1] "E.coli-20x vehicle-rep3"
[1] NA
[1] "E.coli-20x CORM2-rep3"
[1] NA
[1] "E.coli-1x vehicle-rep4"
[1] NA
[1] "E.coli-1x CORM2-rep4"
[1] NA
[1] "E.coli-20x vehicle-rep4"
[1] NA
[1] "E.coli-20x CORM2-rep4"
[1] NA
