[1] NA
[1] "UAMS-1, early stationary phase"
[1] NA
[1] "UAMS-1, early stationary phase"
[1] NA
[1] "UAMS-1 delta-fad, early stationary phase"
[1] NA
[1] "UAMS-1 delta-fad, early stationary phase"
[1] NA
[1] "UAMS-1 delta-mocR, early stationary phase"
[1] NA
[1] "UAMS-1 delta-mocR, early stationary phase"
[1] NA
[1] "UAMS-1, late exponential phase"
[1] NA
[1] "UAMS-1, late exponential phase"
[1] NA
[1] "UAMS-1 delta-mocR, late exponential phase"
[1] NA
[1] "UAMS-1 delta-mocR, late exponential phase"
[1] NA
[1] "UAMS-1, early exponential phase"
[1] NA
[1] "UAMS-1, early exponential phase"
[1] NA
[1] "UAMS-1 delta-mocR, early exponential phase"
[1] NA
[1] "UAMS-1 delta-mocR, early exponential phase"
[1] NA
