[1] NA
[1] "mESC"
[1] NA
[1] "mESC"
[1] NA
[1] "mESC"
[1] NA
[1] "mESC"
[1] NA
[1] "mESC"
[1] NA
[1] "mESC"
[1] NA
[1] "mESC"
[1] NA
[1] "mESC"
[1] NA
[1] "mESC"
[1] NA
[1] "HEK293T"
[1] NA
[1] "HEK293T"
[1] NA
[1] "HeLa"
[1] NA
[1] "HeLa"
[1] NA
[1] "Budding yeast"
[1] NA
[1] "Budding yeast"
[1] NA
[1] "Budding yeast"
[1] NA
[1] "Budding yeast"
[1] NA
[1] "Budding yeast"
[1] NA
[1] "E.coli"
[1] NA
[1] "E.coli"
[1] NA
[1] "E.coli"
[1] NA
[1] "E.coli"
[1] NA
[1] "E.coli"
[1] NA
[1] "P.putida"
[1] NA
[1] "P.putida"
[1] NA
[1] "P.putida"
[1] NA
[1] "P.putida"
[1] NA
[1] "P.putida"
[1] NA
[1] "Synechococcus"
[1] NA
[1] "Synechococcus"
[1] NA
[1] "Synechococcus"
[1] NA
[1] "Synechococcus"
[1] NA
[1] "mESC"
[1] NA
[1] "mESC"
[1] NA
[1] "mESC"
[1] NA
