[1] "log2 of PRE VALUE"
[1] "S, TP2"
[1] NA
[1] "S, TP2"
[1] NA
[1] "S, TP2"
[1] NA
[1] "S, TP2"
[1] NA
[1] "S, TP2"
[1] NA
[1] "L, TP2"
[1] NA
[1] "L, TP2"
[1] NA
[1] "L, TP2"
[1] NA
[1] "L, TP2"
[1] NA
[1] "L, TP2"
[1] NA
[1] "S, TP3"
[1] NA
[1] "S, TP3"
[1] NA
[1] "S, TP3"
[1] NA
[1] "S, TP3"
[1] NA
[1] "S, TP3"
[1] NA
[1] "L, TP3"
[1] NA
[1] "L, TP3"
[1] NA
[1] "L, TP3"
[1] NA
[1] "L, TP3"
[1] NA
[1] "L, TP3"
[1] NA
[1] "S, TP4"
[1] NA
[1] "S, TP4"
[1] NA
[1] "S, TP4"
[1] NA
[1] "S, TP4"
[1] NA
[1] "S, TP4"
[1] NA
[1] "L, TP4"
[1] NA
[1] "L, TP4"
[1] NA
[1] "L, TP4"
[1] NA
[1] "L, TP4"
[1] NA
[1] "L, TP4"
[1] NA
[1] "S, TP1"
[1] NA
[1] "S, TP1"
[1] NA
[1] "S, TP1"
[1] NA
[1] "S, TP1"
[1] NA
[1] "S, TP1"
[1] NA
[1] "L, TP1"
[1] NA
[1] "L, TP1"
[1] NA
[1] "L, TP1"
[1] NA
[1] "L, TP1"
[1] NA
[1] "L, TP1"
[1] NA
