[1] "RMA"
[1] "P. aeruginosa Δ4AQ strain grown in LB"
[1] NA
[1] "P. aeruginosa Δ4AQ strain grown in LB"
[1] NA
[1] "P. aeruginosa Δ4AQ strain grown in LB with HHQ"
[1] NA
[1] "P. aeruginosa Δ4AQ strain grown in LB with HHQ"
[1] NA
[1] "P. aeruginosa Δ4AQ strain grown in LB with PQS"
[1] NA
[1] "P. aeruginosa Δ4AQ strain grown in LB with PQS"
[1] NA
[1] "P. aeruginosa Δ4AQ strain grown in LB with HQNO"
[1] NA
[1] "P. aeruginosa Δ4AQ strain grown in LB with HQNO"
[1] NA
[1] "P. aeruginosa Δ4AQ strain grown in LB with IPTG"
[1] NA
[1] "P. aeruginosa Δ4AQ strain grown in LB with IPTG"
[1] NA
