[1] NA
[1] "17.1A Space_25"
[1] NA
[1] "1.2A Space_25"
[1] NA
[1] "17.3A Space_25"
[1] NA
[1] "1.4A Space_25"
[1] NA
[1] "17.5A Space_50"
[1] NA
[1] "1.6A Space_50"
[1] NA
[1] "17.6A Space_50"
[1] NA
[1] "18.1A Space_75"
[1] NA
[1] "18.3A Space_75"
[1] NA
[1] "2.4A Space_75"
[1] NA
[1] "1.1A Earth_25"
[1] NA
[1] "17.2A Earth_25"
[1] NA
[1] "1.3A Earth_25"
[1] NA
[1] "17.4A Earth_25"
[1] NA
[1] "1.5A Earth_50"
[1] NA
[1] "1.7A Earth_50"
[1] NA
[1] "17.8A Earth_50"
[1] NA
[1] "2.1A Earth_75"
[1] NA
[1] "18.2A Earth_75"
[1] NA
[1] "2.3A Earth_75"
[1] NA
[1] "18.4A Earth_75"
[1] NA
