[1] NA
[1] "cpxA exponentially growing cells"
[1] NA
[1] "cpxA exponentially growing cells"
[1] NA
[1] "cyaA exponentially growing cells"
[1] NA
[1] "cyaA exponentially growing cells"
[1] NA
[1] "fusA exponentially growing cells"
[1] NA
[1] "fusA exponentially growing cells"
[1] NA
[1] "fusA cpxA_exponentially growing cells"
[1] NA
[1] "fusA cpxA_exponentially growing cells"
[1] NA
[1] "fusA cyaA_exponentially growing cells"
[1] NA
[1] "fusA cyaA_exponentially growing cells"
[1] NA
[1] "fusA rpoD_exponentially growing cells"
[1] NA
[1] "fusA rpoD_exponentially growing cells"
[1] NA
[1] "fusA topA_exponentially growing cells"
[1] NA
[1] "fusA topA_exponentially growing cells"
[1] NA
[1] "rpoD exponentially growing cells"
[1] NA
[1] "rpoD exponentially growing cells"
[1] NA
[1] "wtfrt exponentially growing cells"
[1] NA
[1] "wtfrt exponentially growing cells"
[1] NA
