[1] NA
[1] "WT not treated with MMC"
[1] NA
[1] "WT not treated with MMC"
[1] NA
[1] "WT not treated with MMC"
[1] NA
[1] "WT treated with MMC 60 min"
[1] "60"
[1] "valid gsm... but no data in gsm data table! getting supplementary file (which may or may not contain the data) and writing to subfolder"
[1] "WT treated with MMC 60 min"
[1] "60"
[1] "valid gsm... but no data in gsm data table! getting supplementary file (which may or may not contain the data) and writing to subfolder"
[1] "WT treated with MMC 60 min"
[1] "60"
[1] "valid gsm... but no data in gsm data table! getting supplementary file (which may or may not contain the data) and writing to subfolder"
[1] "rtcR mutant not treated with MMC"
[1] NA
[1] "rtcR mutant not treated with MMC"
[1] NA
[1] "rtcR mutant not treated with MMC"
[1] NA
[1] "rtcR mutant treated with MMC 60 min"
[1] "60"
[1] "valid gsm... but no data in gsm data table! getting supplementary file (which may or may not contain the data) and writing to subfolder"
[1] "rtcR mutant treated with MMC 60 min"
[1] "60"
[1] "valid gsm... but no data in gsm data table! getting supplementary file (which may or may not contain the data) and writing to subfolder"
[1] "rtcR mutant treated with MMC 60 min"
[1] "60"
[1] "valid gsm... but no data in gsm data table! getting supplementary file (which may or may not contain the data) and writing to subfolder"
[1] "rsr mutant not treated with MMC"
[1] NA
[1] "rsr mutant not treated with MMC"
[1] NA
[1] "rsr mutant not treated with MMC"
[1] NA
[1] "rsr mutant treated with MMC 60 min"
[1] "60"
[1] "valid gsm... but no data in gsm data table! getting supplementary file (which may or may not contain the data) and writing to subfolder"
[1] "rsr mutant treated with MMC 60 min"
[1] "60"
[1] "valid gsm... but no data in gsm data table! getting supplementary file (which may or may not contain the data) and writing to subfolder"
[1] "rsr mutant treated with MMC 60 min"
[1] "60"
[1] "valid gsm... but no data in gsm data table! getting supplementary file (which may or may not contain the data) and writing to subfolder"
[1] "rtcB mutant not treated with MMC"
[1] NA
[1] "rtcB mutant not treated with MMC"
[1] NA
[1] "rtcB mutant not treated with MMC"
[1] NA
[1] "rtcB treated with MMC 60 min"
[1] "60"
[1] "valid gsm... but no data in gsm data table! getting supplementary file (which may or may not contain the data) and writing to subfolder"
[1] "rtcB treated with MMC 60 min"
[1] "60"
[1] "valid gsm... but no data in gsm data table! getting supplementary file (which may or may not contain the data) and writing to subfolder"
[1] "rtcB treated with MMC 60 min"
[1] "60"
[1] "valid gsm... but no data in gsm data table! getting supplementary file (which may or may not contain the data) and writing to subfolder"
