[1] "Log (base 2) of the ratio of the mean of Channel 2 (usually 635 nm) to Channel 1 (usually 532 nm) [log (base 2) (RAT2N MEAN)].; Type: float; Scale: log_base_2"
[1] "MTB1254 Day 0"
[1] NA
[1] "Rv3132 4KO No treatment"
[1] NA
[1] "Strain: MTB strain 1254 Treatment: Control"
[1] NA
[1] "Control"
[1] NA
[1] "1254 No treatment"
[1] NA
[1] "Strain: MTB strain 1254 Treatment: Control"
[1] NA
[1] "1254 No treatment"
[1] NA
[1] "Strain: MTB strain 1254 Treatment: Control"
[1] NA
[1] "Strain: MTB strain 1254 Treatment: Control"
[1] NA
[1] "1254 No treatment"
[1] NA
[1] "1254 No treatment"
[1] NA
[1] "MTB1254 Day 0"
[1] NA
[1] "1254 No treatment"
[1] NA
[1] "1254 No treatment"
[1] NA
[1] "CDC1551 No treatment"
[1] NA
[1] "Strain: MTB strain 1254 Treatment: Control"
[1] NA
[1] "MTB1254 Day 0"
[1] NA
[1] "Rv3133COMP0 No treatment"
[1] NA
[1] "Strain: MTB strain 1254 Treatment: Control"
[1] NA
[1] "1254 No treatment"
[1] NA
[1] "H37Rv No treatment"
[1] NA
[1] "1254 No treatment"
[1] NA
[1] "1254 No treatment"
[1] NA
[1] "1254 No treatment"
[1] NA
[1] "Strain: MTB strain 1254 Treatment: Control"
[1] NA
[1] "Control"
[1] NA
[1] "1254 No treatment"
[1] NA
[1] "Rv3132 4KO No treatment"
[1] NA
[1] "Control"
[1] NA
[1] "1254 No treatment"
[1] NA
[1] "1254 No treatment"
[1] NA
[1] "H37Rv No treatment"
[1] NA
[1] "1254 No treatment"
[1] NA
[1] "Strain: MTB strain 1254 Treatment: Control"
[1] NA
[1] "1254 No treatment"
[1] NA
[1] "Control"
[1] NA
[1] "1254 No treatment"
[1] NA
[1] "1254 No treatment"
[1] NA
[1] "Strain: MTB strain 1254 Treatment: Control"
[1] NA
[1] "Control"
[1] NA
[1] "1254 No treatment"
[1] NA
[1] "Control"
[1] NA
[1] "Rv3132 4KO No treatment"
[1] NA
[1] "Control"
[1] NA
[1] "Control"
[1] NA
[1] "Strain: MTB strain 1254 Treatment: Control"
[1] NA
[1] "MTB1254 Day 0"
[1] NA
[1] "Strain: MTB strain 1254 Treatment: Control"
[1] NA
[1] "1254 No treatment"
[1] NA
[1] "Control"
[1] NA
[1] "1254 No treatment"
[1] NA
[1] "1254 No treatment"
[1] NA
[1] "1254 No treatment"
[1] NA
[1] "1254 No treatment"
[1] NA
[1] "Control"
[1] NA
[1] "CDC1551 No treatment"
[1] NA
[1] "1254 No treatment"
[1] NA
[1] "1254 No treatment"
[1] NA
[1] "1254 No treatment"
[1] NA
[1] "Strain: MTB strain 1254 Treatment: Control"
[1] NA
[1] "1254 No treatment"
[1] NA
[1] "Control"
[1] NA
[1] "1254 No treatment"
[1] NA
[1] "MTB1254 Day 0"
[1] NA
[1] "1254 No treatment"
[1] NA
[1] "1254 No treatment"
[1] NA
[1] "1254 No treatment"
[1] NA
[1] "1254 No treatment"
[1] NA
[1] "1254 No treatment"
[1] NA
[1] "1254 No treatment"
[1] NA
[1] "Rv3132 4KO No treatment"
[1] NA
[1] "1254 No treatment"
[1] NA
[1] "Strain: MTB strain 1254 Treatment: Control"
[1] NA
[1] "1254 No treatment"
[1] NA
[1] "Strain: MTB strain 1254 Treatment: Control"
[1] NA
[1] "1254 No treatment"
[1] NA
[1] "Control"
[1] NA
[1] "1254 No treatment"
[1] NA
[1] "1254 No treatment"
[1] NA
[1] "Strain: MTB strain 1254 Treatment: Control"
[1] NA
[1] "1254 No treatment"
[1] NA
[1] "H37Rv No treatment"
[1] NA
[1] "1254 No treatment"
[1] NA
[1] "CDC1551 No treatment"
[1] NA
[1] "Control"
[1] NA
[1] "Strain: MTB strain 1254 Treatment: Control"
[1] NA
[1] "1254 No treatment"
[1] NA
[1] "1254 No treatment"
[1] NA
[1] "Control"
[1] NA
[1] "1254 No treatment"
[1] NA
[1] "1254 No treatment"
[1] NA
[1] "MTB1254 Day 0"
[1] NA
[1] "1254 No treatment"
[1] NA
[1] "Strain: MTB strain 1254 Treatment: Control"
[1] NA
[1] "Rv3132 4KO No treatment"
[1] NA
[1] "1254 No treatment"
[1] NA
[1] "Strain: MTB strain 1254 Treatment: Control"
[1] NA
[1] "Control"
[1] NA
[1] "1254 No treatment"
[1] NA
[1] "Strain: MTB strain 1254 Treatment: Control"
[1] NA
[1] "MTB1254 Day 0"
[1] NA
[1] "1254 No treatment"
[1] NA
[1] "1254 No treatment"
[1] NA
[1] "1254 No treatment"
[1] NA
[1] "1254 No treatment"
[1] NA
[1] "1254 No treatment"
[1] NA
[1] "1254 No treatment"
[1] NA
[1] "MTB1254 Day 0"
[1] NA
[1] "MTB1254 Day 0"
[1] NA
[1] "1254 No treatment"
[1] NA
[1] "Strain: MTB strain 1254 Treatment: Control"
[1] NA
[1] "1254 No treatment"
[1] NA
[1] "1254 No treatment"
[1] NA
[1] "1254 No treatment"
[1] NA
[1] "1254 No treatment"
[1] NA
[1] "1254 No treatment"
[1] NA
[1] "Strain: MTB strain 1254 Treatment: Control"
[1] NA
[1] "1254 No treatment"
[1] NA
[1] "CDC1551 No treatment"
[1] NA
[1] "Strain: MTB strain 1254 Treatment: Control"
[1] NA
[1] "H37Rv No treatment"
[1] NA
[1] "1254 No treatment"
[1] NA
[1] "H37Rv No treatment"
[1] NA
[1] "1254 No treatment"
[1] NA
[1] "1254 No treatment"
[1] NA
[1] "1254 No treatment"
[1] NA
[1] "Control"
[1] NA
[1] "CDC1551 No treatment"
[1] NA
[1] "1254 No treatment"
[1] NA
[1] "Strain: MTB strain 1254 Treatment: Control"
[1] NA
[1] "1254 No treatment"
[1] NA
