[1] "log2-rma"
[1] "E. coli wt grown in glucose batch minimal media, cells were harvested at exponential phase, biological rep1"
[1] NA
[1] "E. coli wt grown in glucose batch minimal media, cells were harvested at exponential phase, biological rep2"
[1] NA
[1] "E. coli wt grown in glucose batch minimal media, cells were harvested at stationary phase, biological rep1"
[1] NA
[1] "E. coli wt grown in glucose batch minimal media, cells were harvested at stationary phase, biological rep2"
[1] NA
[1] "E. coli CRP N strain grown in glucose batch minimal media, cells were harvested at exponential phase, biological rep1"
[1] NA
[1] "E. coli CRP N strain grown in glucose batch minimal media, cells were harvested at exponential phase, biological rep2"
[1] NA
[1] "E. coli CRP N strain grown in glucose batch minimal media, cells were harvested at stationary phase, biological rep1"
[1] NA
[1] "E. coli CRP N strain grown in glucose batch minimal media, cells were harvested at stationary phase, biological rep2"
[1] NA
[1] "E. coli CRP R strain grown in glucose batch minimal media, cells were harvested at exponential phase, biological rep1"
[1] NA
[1] "E. coli CRP R strain grown in glucose batch minimal media, cells were harvested at exponential phase, biological rep2"
[1] NA
[1] "E. coli CRP R strain grown in glucose batch minimal media, cells were harvested at stationary phase, biological rep1"
[1] NA
[1] "E. coli CRP R strain grown in glucose batch minimal media, cells were harvested at stationary phase, biological rep2"
[1] NA
[1] "E. coli CRP Q strain grown in glucose batch minimal media, cells were harvested at exponential phase, biological rep1"
[1] NA
[1] "E. coli CRP Q strain grown in glucose batch minimal media, cells were harvested at exponential phase, biological rep2"
[1] NA
[1] "E. coli CRP Q strain grown in glucose batch minimal media, cells were harvested at stationary phase, biological rep1"
[1] NA
[1] "E. coli CRP Q strain grown in glucose batch minimal media, cells were harvested at stationary phase, biological rep2"
[1] NA
[1] "E. coli wt grown in acetate batch minimal media, cells were harvested at exponential phase, biological rep1"
[1] NA
[1] "E. coli wt grown in acetate batch minimal media, cells were harvested at exponential phase, biological rep2"
[1] NA
[1] "E. coli wt grown in acetate batch minimal media, cells were harvested at stationary phase, biological rep1"
[1] NA
[1] "E. coli wt grown in acetate batch minimal media, cells were harvested at stationary phase, biological rep2"
[1] NA
[1] "E. coli CRP N strain grown in acetate batch minimal media, cells were harvested at exponential phase, biological rep1"
[1] NA
[1] "E. coli CRP N strain grown in acetate batch minimal media, cells were harvested at exponential phase, biological rep2"
[1] NA
[1] "E. coli CRP N strain grown in acetate batch minimal media, cells were harvested at stationary phase, biological rep1"
[1] NA
[1] "E. coli CRP N strain grown in acetate batch minimal media, cells were harvested at stationary phase, biological rep2"
[1] NA
[1] "E. coli CRP R strain grown in acetate batch minimal media, cells were harvested at exponential phase, biological rep1"
[1] NA
[1] "E. coli CRP R strain grown in acetate batch minimal media, cells were harvested at exponential phase, biological rep2"
[1] NA
[1] "E. coli CRP R strain grown in acetate batch minimal media, cells were harvested at stationary phase, biological rep1"
[1] NA
[1] "E. coli CRP R strain grown in acetate batch minimal media, cells were harvested at stationary phase, biological rep2"
[1] NA
[1] "E. coli CRP Q strain grown in acetate batch minimal media, cells were harvested at exponential phase, biological rep1"
[1] NA
[1] "E. coli CRP Q strain grown in acetate batch minimal media, cells were harvested at exponential phase, biological rep2"
[1] NA
[1] "E. coli CRP Q strain grown in acetate batch minimal media, cells were harvested at stationary phase, biological rep1"
[1] NA
[1] "E. coli CRP Q strain grown in acetate batch minimal media, cells were harvested at stationary phase, biological rep2"
[1] NA
