[1] "log2 ratios of mRNA vs. genomic DNA"
[1] "E. coli O157:H7 EDL933"
[1] NA
[1] "E. coli O157:H7 EDL933"
[1] NA
[1] "E. coli O157:H7 EDL933"
[1] NA
[1] "E. coli stx positive strain"
[1] NA
[1] "E. coli stx positive strain"
[1] NA
[1] "E. coli stx positive strain"
[1] NA
[1] "E. coli stx negative strain"
[1] NA
[1] "E. coli stx negative strain"
[1] NA
[1] "E. coli stx negative strain"
[1] NA
[1] "E. coli stx positive strain"
[1] NA
[1] "E. coli stx positive strain"
[1] NA
[1] "E. coli stx positive strain"
[1] NA
