[1] NA
[1] "Caulobacter crescentus wt, no stress, 30C"
[1] NA
[1] "Caulobacter crescentus wt, NaCl, 30 min, 30C"
[1] "30"
[1] "valid gsm... but no data in gsm data table! getting supplementary file (which may or may not contain the data) and writing to subfolder"
[1] "Caulobacter crescentus wt, NaCl, 60 min, 30C"
[1] "60"
[1] "valid gsm... but no data in gsm data table! getting supplementary file (which may or may not contain the data) and writing to subfolder"
[1] "Caulobacter crescentus wt, EtOH, 30 min, 30C"
[1] "30"
[1] "valid gsm... but no data in gsm data table! getting supplementary file (which may or may not contain the data) and writing to subfolder"
[1] "Caulobacter crescentus wt, EtOH, 60 min, 30C"
[1] "60"
[1] "valid gsm... but no data in gsm data table! getting supplementary file (which may or may not contain the data) and writing to subfolder"
[1] "Caulobacter crescentus wt, no stress, 37C, 60 min"
[1] "60"
[1] "valid gsm... but no data in gsm data table! getting supplementary file (which may or may not contain the data) and writing to subfolder"
[1] "Caulobacter crescentus divL_ts, 37C, 60 min"
[1] "60"
[1] "valid gsm... but no data in gsm data table! getting supplementary file (which may or may not contain the data) and writing to subfolder"
