[1] "normalized ratio representing test/reference"
[1] "7H9 broth-grown M. tb"
[1] NA
[1] "sputum from PTB patient 1"
[1] NA
[1] "7H9 broth-grown M. tb"
[1] NA
[1] "7H9 broth-grown M. tb"
[1] NA
[1] "sputum from patient 3"
[1] NA
[1] "7H9 broth-grown M. tb"
[1] NA
[1] "7H9 broth-grown M. tb"
[1] NA
[1] "sputum from PTB patient 5"
[1] NA
[1] "sputum from PTB patient 6"
[1] NA
[1] "7H9 broth-grown M. tb"
[1] NA
[1] "sputum from PTB patient 7"
[1] NA
[1] "7H9 broth-grown M. tb"
[1] NA
[1] "sputum from lung cancer patient 1"
[1] NA
[1] "7H9 broth-grown M. tb"
[1] NA
[1] "sputum from lung cancer patient 2"
[1] NA
[1] "7H9 broth-grown M. tb"
[1] NA
[1] "sputum from lung cancer patient 3"
[1] NA
[1] "7H9 broth-grown M. tb"
[1] NA
[1] "sputum from lung cancer patient 4"
[1] NA
[1] "7H9 broth-grown M. tb"
[1] NA
