[1] NA
[1] "ancestor (BWk3)"
[1] NA
[1] "ancestor (BWk3)"
[1] NA
[1] "ancestor (BWk3)"
[1] NA
[1] "tobramycin adapted line 8"
[1] NA
[1] "tobramycin adapted line 8"
[1] NA
[1] "tobramycin adapted line 8"
[1] NA
[1] "tobramycin adapted line 9"
[1] NA
[1] "tobramycin adapted line 9"
[1] NA
[1] "tobramycin adapted line 9"
[1] NA
[1] "kanamycin adapted line 1"
[1] NA
[1] "kanamycin adapted line 1"
[1] NA
[1] "kanamycin adapted line 1"
[1] NA
[1] "kanamycin adapted line 4"
[1] NA
[1] "kanamycin adapted line 4"
[1] NA
[1] "kanamycin adapted line 4"
[1] NA
[1] "ampicillin adapted line 7"
[1] NA
[1] "ampicillin adapted line 7"
[1] NA
[1] "ampicillin adapted line 7"
[1] NA
[1] "ampicillin adapted line 9"
[1] NA
[1] "ampicillin adapted line 9"
[1] NA
[1] "ampicillin adapted line 9"
[1] NA
[1] "chloramphenicol adapted line 2"
[1] NA
[1] "chloramphenicol adapted line 2"
[1] NA
[1] "chloramphenicol adapted line 2"
[1] NA
[1] "chloramphenicol adapted line 9"
[1] NA
[1] "chloramphenicol adapted line 9"
[1] NA
[1] "chloramphenicol adapted line 9"
[1] NA
[1] "ciprofloxacin adapted line 4"
[1] NA
[1] "ciprofloxacin adapted line 4"
[1] NA
[1] "ciprofloxacin adapted line 4"
[1] NA
[1] "ciprofloxacin adapted line 9"
[1] NA
[1] "ciprofloxacin adapted line 9"
[1] NA
[1] "ciprofloxacin adapted line 9"
[1] NA
[1] "doxycycline adapted line 2"
[1] NA
[1] "doxycycline adapted line 2"
[1] NA
[1] "doxycycline adapted line 2"
[1] NA
[1] "doxycycline adapted line 5"
[1] NA
[1] "doxycycline adapted line 5"
[1] NA
[1] "doxycycline adapted line 5"
[1] NA
[1] "erythromycin adapted line 2"
[1] NA
[1] "erythromycin adapted line 2"
[1] NA
[1] "erythromycin adapted line 2"
[1] NA
[1] "erythromycin adapted line 6"
[1] NA
[1] "erythromycin adapted line 6"
[1] NA
[1] "erythromycin adapted line 6"
[1] NA
[1] "cefoxitin adapted line 1"
[1] NA
[1] "cefoxitin adapted line 1"
[1] NA
[1] "cefoxitin adapted line 1"
[1] NA
[1] "cefoxitin adapted line 8"
[1] NA
[1] "cefoxitin adapted line 8"
[1] NA
[1] "cefoxitin adapted line 8"
[1] NA
[1] "trimethoprim adapted line 6"
[1] NA
[1] "trimethoprim adapted line 6"
[1] NA
[1] "trimethoprim adapted line 6"
[1] NA
[1] "trimethoprim adapted line 7"
[1] NA
[1] "trimethoprim adapted line 7"
[1] NA
[1] "trimethoprim adapted line 7"
[1] NA
[1] "nalidixic acid adapted line 6"
[1] NA
[1] "nalidixic acid adapted line 6"
[1] NA
[1] "nalidixic acid adapted line 6"
[1] NA
[1] "nalidixic acid adapted line 8"
[1] NA
[1] "nalidixic acid adapted line 8"
[1] NA
[1] "nalidixic acid adapted line 8"
[1] NA
[1] "nitrofurantoin adapted line 6"
[1] NA
[1] "nitrofurantoin adapted line 6"
[1] NA
[1] "nitrofurantoin adapted line 6"
[1] NA
[1] "nitrofurantoin adapted line 7"
[1] NA
[1] "nitrofurantoin adapted line 7"
[1] NA
[1] "nitrofurantoin adapted line 7"
[1] NA
[1] "tetracycline adapted line 1"
[1] NA
[1] "tetracycline adapted line 1"
[1] NA
[1] "tetracycline adapted line 1"
[1] NA
[1] "tetracycline adapted line 7"
[1] NA
[1] "tetracycline adapted line 7"
[1] NA
[1] "tetracycline adapted line 7"
[1] NA
[1] "ancestor (BWk3)"
[1] NA
[1] "ancestor (BWk3)"
[1] NA
[1] "ancestor (BWk3)"
[1] NA
[1] "ancestor (BWk3)"
[1] NA
[1] "ancestor (BWk3)"
[1] NA
[1] "ancestor (BWk3)"
[1] NA
[1] "ancestor (BWk3)"
[1] NA
[1] "ancestor (BWk3)"
[1] NA
[1] "ancestor (BWk3)"
[1] NA
