Setting options('download.file.method.GEOquery'='auto')
Setting options('GEOquery.inmemory.gpl'=FALSE)
Loading required package: Biobase
Loading required package: BiocGenerics

Attaching package: 'BiocGenerics'

The following objects are masked from 'package:stats':

    IQR, mad, sd, var, xtabs

The following objects are masked from 'package:base':

    anyDuplicated, aperm, append, as.data.frame, basename, cbind,
    colnames, dirname, do.call, duplicated, eval, evalq, Filter, Find,
    get, grep, grepl, intersect, is.unsorted, lapply, Map, mapply,
    match, mget, order, paste, pmax, pmax.int, pmin, pmin.int,
    Position, rank, rbind, Reduce, rownames, sapply, setdiff, table,
    tapply, union, unique, unsplit, which.max, which.min

Welcome to Bioconductor

    Vignettes contain introductory material; view with
    'browseVignettes()'. To cite Bioconductor, see
    'citation("Biobase")', and for packages 'citation("pkgname")'.


Attaching package: 'fs'

The following object is masked from 'package:BiocGenerics':

    path

Using locally cached version of GSE9279 found here:
C:\Users\Rafael\repos\personal\geo_data_analysis\data/GSE9279/GSE9279.soft.gz 
Reading file....
Parsing....
Found 25 entities...
GPL5937 (1 of 26 entities)
GSM232054 (2 of 26 entities)
GSM232073 (3 of 26 entities)
GSM232074 (4 of 26 entities)
GSM232075 (5 of 26 entities)
GSM232076 (6 of 26 entities)
GSM232077 (7 of 26 entities)
GSM232078 (8 of 26 entities)
GSM232079 (9 of 26 entities)
GSM232174 (10 of 26 entities)
GSM232176 (11 of 26 entities)
GSM232177 (12 of 26 entities)
GSM232833 (13 of 26 entities)
GSM232834 (14 of 26 entities)
GSM232835 (15 of 26 entities)
GSM232836 (16 of 26 entities)
GSM232837 (17 of 26 entities)
GSM232838 (18 of 26 entities)
GSM232839 (19 of 26 entities)
GSM232840 (20 of 26 entities)
GSM232841 (21 of 26 entities)
GSM232842 (22 of 26 entities)
GSM232843 (23 of 26 entities)
GSM232844 (24 of 26 entities)
GSM232845 (25 of 26 entities)
Warning message:
series may be getting RATIOS not actual raw measures 
Warning messages:
1: In as.numeric(column) : NAs introduced by coercion
2: In as.numeric(column) : NAs introduced by coercion
Error: !!!!!!!!!!!!!!!!!!!!!!!!!!!!!!!!!!!!!!!!!!!!!!!!!!!!!!!!!!!!!!!!!!!!!!!!!!!!!!!!!!!!!!!!!!!!!!!!!!!!
Execution halted
