[1] NA
[1] "Arabinose-supplemented, OD 2"
[1] NA
[1] "Arabinose-supplemented, OD 2"
[1] NA
[1] "Arabinose-supplemented, OD 2"
[1] NA
[1] "Arabinose-supplemented, OD 2"
[1] NA
[1] "Arabinose-supplemented, OD 2"
[1] NA
[1] "Arabinose-supplemented, OD 2"
[1] NA
[1] "Arabinose-supplemented, OD 2"
[1] NA
[1] "Arabinose-supplemented, OD 2"
[1] NA
[1] "OD 2"
[1] NA
[1] "OD 2"
[1] NA
[1] "OD 2"
[1] NA
[1] "OD 2"
[1] NA
[1] "OD 2"
[1] NA
[1] "OD 2"
[1] NA
[1] "OD 2"
[1] NA
[1] "OD 2"
[1] NA
[1] "OD 2"
[1] NA
[1] "OD 2"
[1] NA
[1] "HeLa cell culture"
[1] NA
[1] "HeLa cell culture"
[1] NA
[1] "HeLa cell culture"
[1] NA
[1] "HeLa cell culture"
[1] NA
[1] "HeLa cell culture"
[1] NA
[1] "HeLa cell culture"
[1] NA
[1] "HeLa cell culture"
[1] NA
[1] "HeLa cell culture"
[1] NA
