[1] "RMA data"
[1] "Pseudomonas aeruginosa PAO1161 in logarithmic phase of growth"
[1] NA
[1] "Pseudomonas aeruginosa PAO1161 in logarithmic phase of growth"
[1] NA
[1] "Pseudomonas aeruginosa PAO1161 (pKGB8.02 araBADp) L broth + 0.02% ara in logarithmic phase of growth"
[1] NA
[1] "Pseudomonas aeruginosa PAO1161 (pKGB8.02 araBADp) L broth + 0.02% ara in logarithmic phase of growth"
[1] NA
[1] "Pseudomonas aeruginosa PAO1161 (pKGB8.02 araBADp) L broth + 0.02% ara in logarithmic phase of growth"
[1] NA
[1] "Pseudomonas aeruginosa PAO1161 (pKGB8.62.2 araBADp-parB) L broth in logarithmic phase of growth"
[1] NA
[1] "Pseudomonas aeruginosa PAO1161 (pKGB8.62.2 araBADp-parB) L broth in logarithmic phase of growth"
[1] NA
[1] "Pseudomonas aeruginosa PAO1161 (pKGB8.62.2 araBADp-parB) L broth in logarithmic phase of growth"
[1] NA
[1] "Pseudomonas aeruginosa PAO1161 (pKGB8.62.2 araBADp-parB) L broth + 0.02% ara in logarithmic phase of growth"
[1] NA
[1] "Pseudomonas aeruginosa PAO1161 (pKGB8.62.2 araBADp-parB) L broth + 0.02% ara in logarithmic phase of growth"
[1] NA
[1] "Pseudomonas aeruginosa PAO1161 (pKGB8.62.2 araBADp-parB) L broth + 0.02% ara in logarithmic phase of growth"
[1] NA
