[1] "Normalized log10 ratio (Alexa 647/Alexa 555) representing test(ΔlucA::hyg or complemented strain)/reference(WT)"
[1] "delta-lucA::hyg"
[1] NA
[1] "delta-lucA::hyg"
[1] NA
[1] "delta-lucA::hyg"
[1] NA
[1] "delta-lucA::hyg"
[1] NA
[1] "delta-lucA::hyg"
[1] NA
[1] "delta-lucA::hyg"
[1] NA
[1] "delta-lucA::hyg"
[1] NA
[1] "delta-lucA::hyg"
[1] NA
[1] "delta-lucA::hyg"
[1] NA
[1] "Comp"
[1] NA
[1] "Comp"
[1] NA
[1] "Comp"
[1] NA
[1] "Comp"
[1] NA
[1] "Comp"
[1] NA
[1] "Comp"
[1] NA
[1] "Comp"
[1] NA
