[1] "We apply a background correction, i.e. we subtract the local background for the local foreground intensities.  Data are base 2 log transformed and for each clone averaged over the 4 replicates on the array."
[1] "201"
[1] NA
[1] "202"
[1] NA
[1] "203"
[1] NA
[1] "204"
[1] NA
[1] "205"
[1] NA
[1] "206"
[1] NA
[1] "207"
[1] NA
[1] "208"
[1] NA
[1] "209"
[1] NA
[1] "210"
[1] NA
[1] "211"
[1] NA
[1] "212"
[1] NA
[1] "213"
[1] NA
[1] "214"
[1] NA
[1] "201"
[1] NA
[1] "202"
[1] NA
[1] "203"
[1] NA
[1] "204"
[1] NA
[1] "205"
[1] NA
[1] "206"
[1] NA
[1] "207"
[1] NA
[1] "208"
[1] NA
[1] "209"
[1] NA
[1] "210"
[1] NA
[1] "211"
[1] NA
[1] "212"
[1] NA
[1] "213"
[1] NA
[1] "214"
[1] NA
[1] "R-27961"
[1] NA
[1] "LMG-8154"
[1] NA
[1] "R-19091"
[1] NA
[1] "R-29870"
[1] NA
[1] "LMG-14187T"
[1] NA
[1] "LMG-16002T"
[1] NA
[1] "R-27961"
[1] NA
[1] "LMG-8154"
[1] NA
[1] "R-19091"
[1] NA
[1] "R-29870"
[1] NA
[1] "LMG-14187T"
[1] NA
[1] "LMG-16002T"
[1] NA
