[1] NA
[1] "DSMZ 24743"
[1] NA
[1] "DSMZ 24743"
[1] NA
[1] "DSMZ 24743"
[1] NA
[1] "DSMZ 24743"
[1] NA
[1] "DSMZ 24743"
[1] NA
[1] "DSMZ 24743"
[1] NA
[1] "DSMZ 17290"
[1] NA
[1] "DSMZ 17290"
[1] NA
[1] "DSMZ 17290"
[1] NA
[1] "DSMZ 17290"
[1] NA
[1] "DSMZ 17290"
[1] NA
[1] "DSMZ 17290"
[1] NA
[1] "DSMZ 22"
[1] NA
[1] "DSMZ 22"
[1] NA
[1] "DSMZ 22"
[1] NA
[1] "DSMZ 22"
[1] NA
[1] "DSMZ 22"
[1] NA
[1] "DSMZ 22"
[1] NA
[1] "DSMZ 10"
[1] NA
[1] "DSMZ 10"
[1] NA
[1] "DSMZ 10"
[1] NA
[1] "DSMZ 10"
[1] NA
[1] "DSMZ 10"
[1] NA
