[1] "normalized"
[1] "ESBL019 Coliform"
[1] NA
[1] "ESBL019 Filamented"
[1] NA
[1] "ESBL019 Transition"
[1] NA
[1] "ESBL019  Reverted"
[1] NA
[1] "ESBL019 Coliform"
[1] NA
[1] "ESBL019 Filamented"
[1] NA
[1] "ESBL019 Transition"
[1] NA
[1] "ESBL019  Reverted"
[1] NA
[1] "ESBL019 Coliform"
[1] NA
[1] "ESBL019 Filamented"
[1] NA
[1] "ESBL019 Transition"
[1] NA
[1] "ESBL019  Reverted"
[1] NA
[1] "ESBL019 Coliform"
[1] NA
[1] "ESBL019 Filamented"
[1] NA
[1] "ESBL019 Transition"
[1] NA
[1] "ESBL019  Reverted"
[1] NA
