[1] NA
[1] "t = 0, Prior MazF induction, Replicate #3"
[1] NA
[1] "t = 2 min after MazF-induction. Replicate #3"
[1] "2"
[1] "valid gsm... but no data in gsm data table! getting supplementary file (which may or may not contain the data) and writing to subfolder"
[1] "t = 4 min after MazF-induction. Replicate #3"
[1] "4"
[1] "valid gsm... but no data in gsm data table! getting supplementary file (which may or may not contain the data) and writing to subfolder"
[1] "t = 6 min after MazF-induction. Replicate #3"
[1] "6"
[1] "valid gsm... but no data in gsm data table! getting supplementary file (which may or may not contain the data) and writing to subfolder"
[1] "t = 8 min after MazF-induction. Replicate #3"
[1] "8"
[1] "valid gsm... but no data in gsm data table! getting supplementary file (which may or may not contain the data) and writing to subfolder"
[1] "t = 0, Prior MazF induction, Replicate #4"
[1] NA
[1] "t = 2 min after MazF-induction. Replicate #4"
[1] "2"
[1] "valid gsm... but no data in gsm data table! getting supplementary file (which may or may not contain the data) and writing to subfolder"
[1] "t = 4 min after MazF-induction. Replicate #4"
[1] "4"
[1] "valid gsm... but no data in gsm data table! getting supplementary file (which may or may not contain the data) and writing to subfolder"
[1] "t = 6 min after MazF-induction. Replicate #4"
[1] "6"
[1] "valid gsm... but no data in gsm data table! getting supplementary file (which may or may not contain the data) and writing to subfolder"
[1] "t = 8 min after MazF-induction. Replicate #4"
[1] "8"
[1] "valid gsm... but no data in gsm data table! getting supplementary file (which may or may not contain the data) and writing to subfolder"
