[1] "normalized log2 ratio (Cy5/Cy3)"
[1] "timepoint 1"
[1] NA
[1] "timepoint 1"
[1] NA
[1] "timepoint 2"
[1] NA
[1] "timepoint 2"
[1] NA
[1] "timepoint 2"
[1] NA
[1] "timepoint 2"
[1] NA
[1] "timepoint 3"
[1] NA
[1] "timepoint 3"
[1] NA
[1] "timepoint 1"
[1] NA
[1] "timepoint 1"
[1] NA
[1] "timepoint 4"
[1] NA
[1] "timepoint 4"
[1] NA
[1] "timepoint 5"
[1] NA
[1] "timepoint 5"
[1] NA
[1] "timepoint 3"
[1] NA
[1] "timepoint 3"
[1] NA
[1] "timepoint 6"
[1] NA
[1] "timepoint 6"
[1] NA
[1] "timepoint 7"
[1] NA
[1] "timepoint 7"
[1] NA
[1] "timepoint 5"
[1] NA
[1] "timepoint 5"
[1] NA
[1] "timepoint 13"
[1] NA
[1] "timepoint 13"
[1] NA
[1] "timepoint 7"
[1] NA
[1] "timepoint 7"
[1] NA
[1] "timepoint 8"
[1] NA
[1] "timepoint 8"
[1] NA
[1] "timepoint 9"
[1] NA
[1] "timepoint 9"
[1] NA
[1] "timepoint 9"
[1] NA
[1] "timepoint 9"
[1] NA
[1] "timepoint 10"
[1] NA
[1] "timepoint 10"
[1] NA
[1] "timepoint 11"
[1] NA
[1] "timepoint 11"
[1] NA
[1] "timepoint 11"
[1] NA
[1] "timepoint 11"
[1] NA
[1] "timepoint 12"
[1] NA
[1] "timepoint 12"
[1] NA
[1] "timepoint 13"
[1] NA
[1] "timepoint 13"
[1] NA
[1] "timepoint 20"
[1] NA
[1] "timepoint 20"
[1] NA
[1] "timepoint 14"
[1] NA
[1] "timepoint 14"
[1] NA
[1] "timepoint 15"
[1] NA
[1] "timepoint 15"
[1] NA
[1] "timepoint 15"
[1] NA
[1] "timepoint 15"
[1] NA
[1] "timepoint 16"
[1] NA
[1] "timepoint 16"
[1] NA
[1] "timepoint 17"
[1] NA
[1] "timepoint 17"
[1] NA
[1] "timepoint 17"
[1] NA
[1] "timepoint 17"
[1] NA
[1] "timepoint 18"
[1] NA
[1] "timepoint 18"
[1] NA
[1] "timepoint 19"
[1] NA
[1] "timepoint 19"
[1] NA
[1] "timepoint 19"
[1] NA
[1] "timepoint 19"
[1] NA
[1] "timepoint 27"
[1] NA
[1] "timepoint 27"
[1] NA
[1] "timepoint 21"
[1] NA
[1] "timepoint 21"
[1] NA
[1] "timepoint 21"
[1] NA
[1] "timepoint 21"
[1] NA
[1] "timepoint 22"
[1] NA
[1] "timepoint 22"
[1] NA
[1] "timepoint 23"
[1] NA
[1] "timepoint 23"
[1] NA
[1] "timepoint 23"
[1] NA
[1] "timepoint 23"
[1] NA
[1] "timepoint 24"
[1] NA
[1] "timepoint 24"
[1] NA
[1] "timepoint 25"
[1] NA
[1] "timepoint 25"
[1] NA
[1] "timepoint 25"
[1] NA
[1] "timepoint 25"
[1] NA
[1] "timepoint 26"
[1] NA
[1] "timepoint 26"
[1] NA
[1] "timepoint 33"
[1] NA
[1] "timepoint 33"
[1] NA
[1] "timepoint 27"
[1] NA
[1] "timepoint 27"
[1] NA
[1] "timepoint 28"
[1] NA
[1] "timepoint 28"
[1] NA
[1] "timepoint 29"
[1] NA
[1] "timepoint 29"
[1] NA
[1] "timepoint 29"
[1] NA
[1] "timepoint 29"
[1] NA
[1] "timepoint 30"
[1] NA
[1] "timepoint 30"
[1] NA
[1] "timepoint 31"
[1] NA
[1] "timepoint 31"
[1] NA
[1] "timepoint 31"
[1] NA
[1] "timepoint 31"
[1] NA
[1] "timepoint 32"
[1] NA
[1] "timepoint 32"
[1] NA
[1] "timepoint 33"
[1] NA
[1] "timepoint 33"
[1] NA
[1] "timepoint 39"
[1] NA
[1] "timepoint 39"
[1] NA
[1] "timepoint 34"
[1] NA
[1] "timepoint 34"
[1] NA
[1] "timepoint 35"
[1] NA
[1] "timepoint 35"
[1] NA
[1] "timepoint 35"
[1] NA
[1] "timepoint 35"
[1] NA
[1] "timepoint 36"
[1] NA
[1] "timepoint 36"
[1] NA
[1] "timepoint 37"
[1] NA
[1] "timepoint 37"
[1] NA
[1] "timepoint 37"
[1] NA
[1] "timepoint 37"
[1] NA
[1] "timepoint 38"
[1] NA
[1] "timepoint 38"
[1] NA
