Setting options('download.file.method.GEOquery'='auto')
Setting options('GEOquery.inmemory.gpl'=FALSE)
Loading required package: Biobase
Loading required package: BiocGenerics

Attaching package: 'BiocGenerics'

The following objects are masked from 'package:stats':

    IQR, mad, sd, var, xtabs

The following objects are masked from 'package:base':

    anyDuplicated, aperm, append, as.data.frame, basename, cbind,
    colnames, dirname, do.call, duplicated, eval, evalq, Filter, Find,
    get, grep, grepl, intersect, is.unsorted, lapply, Map, mapply,
    match, mget, order, paste, pmax, pmax.int, pmin, pmin.int,
    Position, rank, rbind, Reduce, rownames, sapply, setdiff, table,
    tapply, union, unique, unsplit, which.max, which.min

Welcome to Bioconductor

    Vignettes contain introductory material; view with
    'browseVignettes()'. To cite Bioconductor, see
    'citation("Biobase")', and for packages 'citation("pkgname")'.


Attaching package: 'fs'

The following object is masked from 'package:BiocGenerics':

    path

Using locally cached version of GSE134231 found here:
C:\Users\Rafael\repos\personal\geo_data_analysis\data/GSE134231/GSE134231.soft.gz 
Reading file....
Parsing....
Found 193 entities...
GPL18287 (1 of 194 entities)
GPL26913 (2 of 194 entities)
GSM3939894 (3 of 194 entities)
GSM3939895 (4 of 194 entities)
GSM3939896 (5 of 194 entities)
GSM3939897 (6 of 194 entities)
GSM3939898 (7 of 194 entities)
GSM3939899 (8 of 194 entities)
GSM3939900 (9 of 194 entities)
GSM3939901 (10 of 194 entities)
GSM3939902 (11 of 194 entities)
GSM3939903 (12 of 194 entities)
GSM3939904 (13 of 194 entities)
GSM3939905 (14 of 194 entities)
GSM3939906 (15 of 194 entities)
GSM3939907 (16 of 194 entities)
GSM3939908 (17 of 194 entities)
GSM3939909 (18 of 194 entities)
GSM3939910 (19 of 194 entities)
GSM3939911 (20 of 194 entities)
GSM3939912 (21 of 194 entities)
GSM3939913 (22 of 194 entities)
GSM3939914 (23 of 194 entities)
GSM3939915 (24 of 194 entities)
GSM3939916 (25 of 194 entities)
GSM3939917 (26 of 194 entities)
GSM3939918 (27 of 194 entities)
GSM3939919 (28 of 194 entities)
GSM3939920 (29 of 194 entities)
GSM3939921 (30 of 194 entities)
GSM3939922 (31 of 194 entities)
GSM3939923 (32 of 194 entities)
GSM3939924 (33 of 194 entities)
GSM3939925 (34 of 194 entities)
GSM3939926 (35 of 194 entities)
GSM3939927 (36 of 194 entities)
GSM3939928 (37 of 194 entities)
GSM3939929 (38 of 194 entities)
GSM3939930 (39 of 194 entities)
GSM3939931 (40 of 194 entities)
GSM3939932 (41 of 194 entities)
GSM3939933 (42 of 194 entities)
GSM3939934 (43 of 194 entities)
GSM3939935 (44 of 194 entities)
GSM3939936 (45 of 194 entities)
GSM3939937 (46 of 194 entities)
GSM3939938 (47 of 194 entities)
GSM3939939 (48 of 194 entities)
GSM3939940 (49 of 194 entities)
GSM3939941 (50 of 194 entities)
GSM3939942 (51 of 194 entities)
GSM3939943 (52 of 194 entities)
GSM3939944 (53 of 194 entities)
GSM3939945 (54 of 194 entities)
GSM3939946 (55 of 194 entities)
GSM3939947 (56 of 194 entities)
GSM3939948 (57 of 194 entities)
GSM3939949 (58 of 194 entities)
GSM3939950 (59 of 194 entities)
GSM3939951 (60 of 194 entities)
GSM3939952 (61 of 194 entities)
GSM3939953 (62 of 194 entities)
GSM3939954 (63 of 194 entities)
GSM3939955 (64 of 194 entities)
GSM3939956 (65 of 194 entities)
GSM3939957 (66 of 194 entities)
GSM3939958 (67 of 194 entities)
GSM3939959 (68 of 194 entities)
GSM3939960 (69 of 194 entities)
GSM3939961 (70 of 194 entities)
GSM3939962 (71 of 194 entities)
GSM3939963 (72 of 194 entities)
GSM3939964 (73 of 194 entities)
GSM3939965 (74 of 194 entities)
GSM3939966 (75 of 194 entities)
GSM3939967 (76 of 194 entities)
GSM3939968 (77 of 194 entities)
GSM3939969 (78 of 194 entities)
GSM3939970 (79 of 194 entities)
GSM3939971 (80 of 194 entities)
GSM3939972 (81 of 194 entities)
GSM3939973 (82 of 194 entities)
GSM3939974 (83 of 194 entities)
GSM3939975 (84 of 194 entities)
GSM3939976 (85 of 194 entities)
GSM3939977 (86 of 194 entities)
GSM3939978 (87 of 194 entities)
GSM3939979 (88 of 194 entities)
GSM3939980 (89 of 194 entities)
GSM3939981 (90 of 194 entities)
GSM3939982 (91 of 194 entities)
GSM3939983 (92 of 194 entities)
GSM3939984 (93 of 194 entities)
GSM3939985 (94 of 194 entities)
GSM3939986 (95 of 194 entities)
GSM3939987 (96 of 194 entities)
GSM3939988 (97 of 194 entities)
GSM3939989 (98 of 194 entities)
GSM3939990 (99 of 194 entities)
GSM3939991 (100 of 194 entities)
GSM3939992 (101 of 194 entities)
GSM3939993 (102 of 194 entities)
GSM3939994 (103 of 194 entities)
GSM3939995 (104 of 194 entities)
GSM3939996 (105 of 194 entities)
GSM3939997 (106 of 194 entities)
GSM3939998 (107 of 194 entities)
GSM3939999 (108 of 194 entities)
GSM3940000 (109 of 194 entities)
GSM3940001 (110 of 194 entities)
GSM3940002 (111 of 194 entities)
GSM3940003 (112 of 194 entities)
GSM3940004 (113 of 194 entities)
GSM3940005 (114 of 194 entities)
GSM3940006 (115 of 194 entities)
GSM3940007 (116 of 194 entities)
GSM3940008 (117 of 194 entities)
GSM3940009 (118 of 194 entities)
GSM3940010 (119 of 194 entities)
GSM3940011 (120 of 194 entities)
GSM3940012 (121 of 194 entities)
GSM3940013 (122 of 194 entities)
GSM3940014 (123 of 194 entities)
GSM3940015 (124 of 194 entities)
GSM3940016 (125 of 194 entities)
GSM3940017 (126 of 194 entities)
GSM3940018 (127 of 194 entities)
GSM3940019 (128 of 194 entities)
GSM3940020 (129 of 194 entities)
GSM3940021 (130 of 194 entities)
GSM3940022 (131 of 194 entities)
GSM3940023 (132 of 194 entities)
GSM3940024 (133 of 194 entities)
GSM3940025 (134 of 194 entities)
GSM3940026 (135 of 194 entities)
GSM3940027 (136 of 194 entities)
GSM3940028 (137 of 194 entities)
GSM3940029 (138 of 194 entities)
GSM3940030 (139 of 194 entities)
GSM3940031 (140 of 194 entities)
GSM3940032 (141 of 194 entities)
GSM3940033 (142 of 194 entities)
GSM3940034 (143 of 194 entities)
GSM3940035 (144 of 194 entities)
GSM3940036 (145 of 194 entities)
GSM3940037 (146 of 194 entities)
GSM3940038 (147 of 194 entities)
GSM3940039 (148 of 194 entities)
GSM3940040 (149 of 194 entities)
GSM3940041 (150 of 194 entities)
GSM3940042 (151 of 194 entities)
GSM3940043 (152 of 194 entities)
GSM3940044 (153 of 194 entities)
GSM3940045 (154 of 194 entities)
GSM3940046 (155 of 194 entities)
GSM3940047 (156 of 194 entities)
GSM3940048 (157 of 194 entities)
GSM3940049 (158 of 194 entities)
GSM3940050 (159 of 194 entities)
GSM3940051 (160 of 194 entities)
GSM3940052 (161 of 194 entities)
GSM3940053 (162 of 194 entities)
GSM3940054 (163 of 194 entities)
GSM3940055 (164 of 194 entities)
GSM3940056 (165 of 194 entities)
GSM3940057 (166 of 194 entities)
GSM3940058 (167 of 194 entities)
GSM3940059 (168 of 194 entities)
GSM3940060 (169 of 194 entities)
GSM3940061 (170 of 194 entities)
GSM3940062 (171 of 194 entities)
GSM3940063 (172 of 194 entities)
GSM3940064 (173 of 194 entities)
GSM3940065 (174 of 194 entities)
GSM3940066 (175 of 194 entities)
GSM3940067 (176 of 194 entities)
GSM3940068 (177 of 194 entities)
GSM3940069 (178 of 194 entities)
GSM3940070 (179 of 194 entities)
GSM3940071 (180 of 194 entities)
GSM3940072 (181 of 194 entities)
GSM3940073 (182 of 194 entities)
GSM3940074 (183 of 194 entities)
GSM3940075 (184 of 194 entities)
GSM3940076 (185 of 194 entities)
GSM3940077 (186 of 194 entities)
GSM3940078 (187 of 194 entities)
GSM3940079 (188 of 194 entities)
GSM3940080 (189 of 194 entities)
GSM3940081 (190 of 194 entities)
GSM3940082 (191 of 194 entities)
GSM3940083 (192 of 194 entities)
GSM3940084 (193 of 194 entities)
Error: invalid sample names; likely not time series
Execution halted
