[1] NA
[1] "H37Rv Mycobacterium tuberculosis"
[1] NA
[1] "H37Rv Mycobacterium tuberculosis"
[1] NA
[1] "H37Rv Mycobacterium tuberculosis"
[1] NA
[1] "H37Rv Mycobacterium tuberculosis"
[1] NA
[1] "H37Rv Mycobacterium tuberculosis"
[1] NA
[1] "H37Rv Mycobacterium tuberculosis"
[1] NA
[1] "H37Rv Mycobacterium tuberculosis"
[1] NA
[1] "H37Rv Mycobacterium tuberculosis"
[1] NA
[1] "H37Rv Mycobacterium tuberculosis"
[1] NA
[1] "H37Rv Mycobacterium tuberculosis"
[1] NA
[1] "H37Rv Mycobacterium tuberculosis"
[1] NA
[1] "H37Rv Mycobacterium tuberculosis"
[1] NA
[1] "H37Rv Mycobacterium tuberculosis"
[1] NA
[1] "H37Rv Mycobacterium tuberculosis"
[1] NA
[1] "H37Rv Mycobacterium tuberculosis"
[1] NA
[1] "H37Rv Mycobacterium tuberculosis"
[1] NA
[1] "H37Rv Mycobacterium tuberculosis"
[1] NA
[1] "H37Rv Mycobacterium tuberculosis"
[1] NA
[1] "H37Rv Mycobacterium tuberculosis"
[1] NA
[1] "H37Rv Mycobacterium tuberculosis"
[1] NA
[1] "H37Rv Mycobacterium tuberculosis"
[1] NA
[1] "H37Rv Mycobacterium tuberculosis"
[1] NA
[1] "H37Rv Mycobacterium tuberculosis"
[1] NA
[1] "H37Rv Mycobacterium tuberculosis"
[1] NA
[1] "H37Rv Mycobacterium tuberculosis"
[1] NA
[1] "H37Rv Mycobacterium tuberculosis"
[1] NA
[1] "H37Rv Mycobacterium tuberculosis"
[1] NA
[1] "H37Rv Mycobacterium tuberculosis"
[1] NA
[1] "H37Rv Mycobacterium tuberculosis"
[1] NA
[1] "H37Rv Mycobacterium tuberculosis"
[1] NA
[1] "H37Rv Mycobacterium tuberculosis"
[1] NA
[1] "H37Rv Mycobacterium tuberculosis"
[1] NA
[1] "H37Rv Mycobacterium tuberculosis"
[1] NA
[1] "H37Rv Mycobacterium tuberculosis"
[1] NA
[1] "H37Rv Mycobacterium tuberculosis"
[1] NA
[1] "H37Rv Mycobacterium tuberculosis"
[1] NA
[1] "H37Rv Mycobacterium tuberculosis"
[1] NA
[1] "H37Rv Mycobacterium tuberculosis"
[1] NA
[1] "H37Rv Mycobacterium tuberculosis"
[1] NA
[1] "H37Rv Mycobacterium tuberculosis"
[1] NA
[1] "H37Rv Mycobacterium tuberculosis"
[1] NA
[1] "H37Rv Mycobacterium tuberculosis"
[1] NA
[1] "H37Rv Mycobacterium tuberculosis"
[1] NA
[1] "H37Rv Mycobacterium tuberculosis"
[1] NA
[1] "H37Rv Mycobacterium tuberculosis"
[1] NA
[1] "H37Rv Mycobacterium tuberculosis"
[1] NA
[1] "H37Rv Mycobacterium tuberculosis"
[1] NA
[1] "H37Rv Mycobacterium tuberculosis"
[1] NA
[1] "H37Rv Mycobacterium tuberculosis"
[1] NA
[1] "H37Rv Mycobacterium tuberculosis"
[1] NA
[1] "H37Rv Mycobacterium tuberculosis"
[1] NA
[1] "H37Rv Mycobacterium tuberculosis"
[1] NA
[1] "H37Rv Mycobacterium tuberculosis"
[1] NA
[1] "H37Rv Mycobacterium tuberculosis"
[1] NA
[1] "H37Rv Mycobacterium tuberculosis"
[1] NA
[1] "H37Rv Mycobacterium tuberculosis"
[1] NA
[1] "H37Rv Mycobacterium tuberculosis"
[1] NA
[1] "H37Rv Mycobacterium tuberculosis"
[1] NA
[1] "H37Rv Mycobacterium tuberculosis"
[1] NA
[1] "H37Rv Mycobacterium tuberculosis"
[1] NA
[1] "H37Rv Mycobacterium tuberculosis"
[1] NA
[1] "H37Rv Mycobacterium tuberculosis"
[1] NA
[1] "H37Rv Mycobacterium tuberculosis"
[1] NA
[1] "H37Rv Mycobacterium tuberculosis"
[1] NA
[1] "H37Rv Mycobacterium tuberculosis"
[1] NA
[1] "H37Rv Mycobacterium tuberculosis"
[1] NA
[1] "H37Rv Mycobacterium tuberculosis"
[1] NA
[1] "H37Rv Mycobacterium tuberculosis"
[1] NA
[1] "H37Rv Mycobacterium tuberculosis"
[1] NA
[1] "H37Rv Mycobacterium tuberculosis"
[1] NA
[1] "H37Rv Mycobacterium tuberculosis"
[1] NA
