[1] "Ratio of Ch1 signal to Ch2 signal normalized to total signal in each channel."
[1] "Ssb-GFP immunoprecipitated DNA"
[1] NA
[1] "PolC-GFP immunoprecipitated DNA"
[1] NA
[1] "DnaC immunoprecipitated DNA"
[1] NA
[1] "Myc-PcrA immunoprecipitated DNA"
[1] NA
[1] "RapI-induced JMA168"
[1] NA
[1] "RapI-induced JMA168"
[1] NA
[1] "RapI-induced CAL108"
[1] NA
[1] "RapI-induced CAL108"
[1] NA
[1] "RapI-induced CAL306"
[1] NA
[1] "RapI-induced CAL306"
[1] NA
[1] "uninduced IRN342"
[1] NA
[1] "uninduced IRN342"
[1] NA
[1] "RapI-induced CAL1173"
[1] NA
[1] "RapI-induced CAL1173"
[1] NA
[1] "RapI-induced CAL1173"
[1] NA
[1] "RapI-induced CAL1174"
[1] NA
[1] "RapI-induced CAL1174"
[1] NA
[1] "RapI-induced CAL1174"
[1] NA
[1] "RapI-induced CAL1175"
[1] NA
[1] "RapI-induced CAL1175"
[1] NA
[1] "RapI-induced CAL1175"
[1] NA
[1] "RapI-induced CAL1148"
[1] NA
[1] "RapI-induced CAL1148"
[1] NA
[1] "RapI-induced CAL1148"
[1] NA
[1] "IRN342"
[1] NA
[1] "IRN342"
[1] NA
