[1] "RMA normalized"
[1] "EA2 101206W_PS03_#415"
[1] NA
[1] "EA2 101206W_PS02_#412"
[1] NA
[1] "EA2 101206W_PS01_#501"
[1] NA
[1] "EA2 082907W_PS03_CM-S3-A9"
[1] NA
[1] "EA2 082907W_PS01_P-A10"
[1] NA
[1] "EA2 022207W_PS09_(12)4E29"
[1] NA
[1] "EA2 022207W_PS09_(10)2D301"
[1] NA
[1] "EA2 022207W_PS09_(9)1E301"
[1] NA
[1] "EA2 022207W_PS09_(8)1D301"
[1] NA
[1] "EA2 022207W_PS09_(6)2241"
[1] NA
[1] "EA2 022207W_PS09_(5)1241"
[1] NA
[1] "EA2 022207W_PS09_(4)3231"
[1] NA
[1] "EA2 022207W_PS09_(3)2231"
[1] NA
[1] "EA2 022207W_PS09_(1)3151"
[1] NA
[1] "EA2 012508W_PS04_4108"
[1] NA
[1] "EA2 012508W_PS03_CMCO2"
[1] NA
[1] "EA2 012508W_PS02_CMCO2-2"
[1] NA
[1] "EA2 012508W_PS01_CMCO2-1"
[1] NA
