[1] "total intensity normalized log2 ratio test/reference"
[1] "strain 1A1, exposed to 30ºC"
[1] NA
[1] "strain 1A1, exposed to 40ºC"
[1] NA
[1] "strain 1A1, exposed to 40ºC"
[1] NA
[1] "strain 1A1, exposed to 50ºC"
[1] NA
[1] "strain 1A1, exposed to 50ºC"
[1] NA
[1] "strain 1A1, exposed to 57ºC"
[1] NA
[1] "strain 1A1, exposed to 57ºC"
[1] NA
[1] "strain 1A1, exposed to 58ºC"
[1] NA
[1] "strain 1A1, exposed to 58ºC"
[1] NA
[1] "strain 1A1, exposed to 59ºC"
[1] NA
[1] "strain 1A1, exposed to 59ºC"
[1] NA
[1] "strain 1A1, exposed to 60ºC"
[1] NA
[1] "strain 1A1, exposed to 60ºC"
[1] NA
[1] "strain 1A1, exposed to 62ºC"
[1] NA
[1] "strain 1A1, exposed to 62ºC"
[1] NA
[1] "strain A163, exposed to 50ºC"
[1] NA
[1] "strain A163, exposed to 60ºC"
[1] NA
[1] "strain MC85, exposed to 50ºC"
[1] NA
[1] "strain MC85, exposed to 60ºC"
[1] NA
