[1] NA
[1] "RNA extracted from HEK293T cells grown without queuine"
[1] NA
[1] "RNA extracted from HEK293T cells grown without queuine"
[1] NA
[1] "RNA extracted from HEK293T cells grown with added queuine"
[1] NA
[1] "RNA extracted from HEK293T cells grown with added queuine"
[1] NA
[1] "RNA extracted from HEK293T cells grown without queuine"
[1] NA
[1] "RNA extracted from HEK293T cells grown without queuine"
[1] NA
[1] "RNA extracted from HEK293T cells grown with added queuine"
[1] NA
[1] "RNA extracted from HEK293T cells grown with added queuine"
[1] NA
[1] "RNA extracted from HEK293T cells grown without queuine"
[1] NA
[1] "A mixture of RNA from HEK293T cells grown with and without queuine"
[1] NA
[1] "A mixture of RNA from HEK293T cells grown with and without queuine"
[1] NA
[1] "A mixture of RNA from HEK293T cells grown with and without queuine"
[1] NA
[1] "A mixture of RNA from HEK293T cells grown with and without queuine"
[1] NA
[1] "A mixture of RNA from HEK293T cells grown with and without queuine"
[1] NA
[1] "A mixture of RNA from HEK293T cells grown with and without queuine"
[1] NA
[1] "A mixture of RNA from HEK293T cells grown with and without queuine"
[1] NA
[1] "A mixture of RNA from HEK293T cells grown with and without queuine"
[1] NA
[1] "A mixture of RNA from HEK293T cells grown with and without queuine"
[1] NA
[1] "RNA extracted from HEK293T cells grown with added queuine"
[1] NA
[1] "RNA was extracted from E. coli MG1655 cells grown in LB until mid-log growth"
[1] NA
[1] "RNA was extracted from E. coli MG1655 cells grown in LB until mid-log growth"
[1] NA
[1] "RNA was extracted from E. coli MG1655 cells grown in LB until mid-log growth"
[1] NA
[1] "RNA was extracted from E. coli MG1655 cells grown in LB until mid-log growth then treated with 250uM 2,2’-dipyridl (DIP) for 10 minutes"
[1] "10"
[1] "valid gsm... but no data in gsm data table! getting supplementary file (which may or may not contain the data) and writing to subfolder"
[1] "RNA was extracted from E. coli MG1655 cells grown in LB until mid-log growth then treated with 1mM α-methyl glucoside-6-phosphate (αMG) for 10 minutes"
[1] "10"
[1] "valid gsm... but no data in gsm data table! getting supplementary file (which may or may not contain the data) and writing to subfolder"
[1] "RNA was extracted from E. coli MG1655 cells grown in LB until mid-log growth then treated with 0.5% H2O2 for 10 minutes"
[1] "10"
[1] "valid gsm... but no data in gsm data table! getting supplementary file (which may or may not contain the data) and writing to subfolder"
[1] "RNA was extracted from E. coli MG1655 cells grown in LB until mid-log growth"
[1] NA
[1] "RNA was extracted from E. coli MG1655 cells grown in LB until mid-log growth then treated with 250uM 2,2’-dipyridl (DIP) for 10 minutes"
[1] "10"
[1] "valid gsm... but no data in gsm data table! getting supplementary file (which may or may not contain the data) and writing to subfolder"
[1] "RNA was extracted from E. coli MG1655 cells grown in LB until mid-log growth then treated with 1mM α-methyl glucoside-6-phosphate (αMG) for 10 minutes"
[1] "10"
[1] "valid gsm... but no data in gsm data table! getting supplementary file (which may or may not contain the data) and writing to subfolder"
[1] "RNA was extracted from E. coli MG1655 cells grown in LB until mid-log growth then treated with 0.5% H2O2 for 10 minutes"
[1] "10"
[1] "valid gsm... but no data in gsm data table! getting supplementary file (which may or may not contain the data) and writing to subfolder"
