[1] NA
[1] "WT OD_015"
[1] NA
[1] "WT OD_05"
[1] NA
[1] "WT OD_2"
[1] NA
[1] "WT OD_2plus3h"
[1] NA
[1] "WT OD_2plus6h"
[1] NA
[1] "WT OD_2plus9h"
[1] NA
[1] "ProQ OD_015"
[1] NA
[1] "ProQ OD_05"
[1] NA
[1] "ProQ OD_2"
[1] NA
[1] "ProQ OD_2plus3h"
[1] NA
[1] "ProQ OD_2plus6h"
[1] NA
[1] "ProQ OD_2plus9h"
[1] NA
[1] "FinO OD_015_2xpur"
[1] NA
[1] "FinO OD_05_2xpur"
[1] NA
[1] "FinO OD_2_2xpur"
[1] NA
[1] "FinO OD_2plus3h_2xpur"
[1] NA
[1] "FinO OD_2plus6h_2xpur"
[1] NA
[1] "FinO OD_2plus9h_2xpur"
[1] NA
[1] "FinO3xFLAG 1"
[1] NA
[1] "FinO3xFLAG 2"
[1] NA
[1] "ProQ 3XFLAG_1"
[1] NA
[1] "ProQ 3XFLAG_2"
[1] NA
[1] "WT 1"
[1] NA
[1] "WT 2"
[1] NA
