[1] NA
[1] "Plasmid PCR fragment"
[1] NA
[1] "Plasmid PCR fragment"
[1] NA
[1] "Plasmid PCR fragment"
[1] NA
[1] "Plasmid PCR fragment"
[1] NA
[1] "Plasmid PCR fragment"
[1] NA
[1] "Plasmid PCR fragment"
[1] NA
[1] "Plasmid PCR fragment"
[1] NA
[1] "Plasmid PCR fragment"
[1] NA
[1] "Plasmid PCR fragment"
[1] NA
[1] "Plasmid PCR fragment"
[1] NA
[1] "Plasmid PCR fragment"
[1] NA
[1] "Plasmid PCR fragment"
[1] NA
[1] "Plasmid PCR fragment"
[1] NA
[1] "Plasmid PCR fragment"
[1] NA
[1] "Plasmid PCR fragment"
[1] NA
[1] "Plasmid PCR fragment"
[1] NA
[1] "Plasmid PCR fragment"
[1] NA
[1] "Plasmid PCR fragment"
[1] NA
[1] "Plasmid PCR fragment"
[1] NA
[1] "Plasmid PCR fragment"
[1] NA
[1] "Plasmid PCR fragment"
[1] NA
[1] "Plasmid PCR fragment"
[1] NA
[1] "Plasmid PCR fragment"
[1] NA
[1] "Plasmid PCR fragment"
[1] NA
[1] "Human dermis"
[1] NA
[1] "Human dermis"
[1] NA
[1] "Human dermis"
[1] NA
[1] "Human epidermis"
[1] NA
[1] "Human epidermis"
[1] NA
[1] "Human epidermis"
[1] NA
[1] "Human dermis"
[1] NA
[1] "Human dermis"
[1] NA
[1] "Human dermis"
[1] NA
[1] "Human epidermis"
[1] NA
[1] "Human epidermis"
[1] NA
[1] "Human epidermis"
[1] NA
[1] "Human peripheral blood"
[1] NA
[1] "Human peripheral blood"
[1] NA
[1] "Human peripheral blood"
[1] NA
[1] "Human peripheral blood"
[1] NA
[1] "Human peripheral blood"
[1] NA
[1] "Human peripheral blood"
[1] NA
[1] "Human peripheral blood"
[1] NA
[1] "Human peripheral blood"
[1] NA
[1] "Human peripheral blood"
[1] NA
[1] "Human peripheral blood"
[1] NA
[1] "Human peripheral blood"
[1] NA
[1] "Human peripheral blood"
[1] NA
[1] "Human epidermis"
[1] NA
[1] "Human dermis"
[1] NA
[1] "Human epidermis"
[1] NA
[1] "Human dermis"
[1] NA
[1] "Human epidermis"
[1] NA
