[1] NA
[1] "H37Rv Mtb"
[1] NA
[1] "H37Rv Mtb"
[1] NA
[1] "H37Rv Mtb"
[1] NA
[1] "H37Rv Mtb"
[1] NA
[1] "H37Rv Mtb"
[1] NA
[1] "H37Rv Mtb"
[1] NA
[1] "H37Rv Mtb"
[1] NA
[1] "H37Rv Mtb"
[1] NA
[1] "H37Rv Mtb"
[1] NA
[1] "H37Rv Mtb"
[1] NA
[1] "H37Rv Mtb"
[1] NA
[1] "H37Rv Mtb"
[1] NA
[1] "H37Rv Mtb"
[1] NA
[1] "H37Rv Mtb"
[1] NA
[1] "H37Rv Mtb"
[1] NA
[1] "H37Rv Mtb"
[1] NA
[1] "H37Rv Mtb"
[1] NA
[1] "H37Rv Mtb"
[1] NA
[1] "H37Rv Mtb"
[1] NA
[1] "H37Rv Mtb"
[1] NA
[1] "H37Rv Mtb"
[1] NA
[1] "H37Rv Mtb"
[1] NA
[1] "H37Rv Mtb"
[1] NA
[1] "H37Rv Mtb"
[1] NA
[1] "H37Rv Mtb"
[1] NA
[1] "H37Rv Mtb"
[1] NA
[1] "H37Rv Mtb"
[1] NA
