[1] "Normalized log2 ratio (Cy5/Cy3) representing test/reference."
[1] "Wild-type Cells"
[1] NA
[1] "Wild-type Cells"
[1] NA
[1] "Wild-type Cells"
[1] NA
[1] "SHX-treated Wild-type Cells"
[1] NA
[1] "SHX-treated Wild-type Cells"
[1] NA
[1] "SHX-treated Wild-type Cells"
[1] NA
[1] "Delta dksA Cells"
[1] NA
[1] "Delta dksA Cells"
[1] NA
[1] "Delta dksA Cells"
[1] NA
[1] "SHX-treated Delta dksA Cells"
[1] NA
[1] "SHX-treated Delta dksA Cells"
[1] NA
[1] "SHX-treated Delta dksA Cells"
[1] NA
