[1] NA
[1] "whole organism"
[1] NA
[1] "whole organism"
[1] NA
[1] "whole organism"
[1] NA
[1] "whole organism"
[1] NA
[1] "purified DNA from Coriell Institute for Medical Research"
[1] NA
[1] "purified DNA from Coriell Institute for Medical Research"
[1] NA
[1] "whole organism"
[1] NA
[1] "whole organism"
[1] NA
[1] "purified DNA from Zymo Research"
[1] NA
[1] "purified DNA from Zymo Research"
[1] NA
[1] "purified DNA from ATCC®"
[1] NA
[1] "purified DNA from ATCC®"
[1] NA
[1] "skin"
[1] NA
[1] "skin"
[1] NA
[1] "whole cell"
[1] NA
[1] "whole cell"
[1] NA
[1] "whole cell"
[1] NA
[1] "whole cell"
[1] NA
[1] "whole cell"
[1] NA
[1] "whole cell"
[1] NA
[1] "whole cell"
[1] NA
[1] "whole cell"
[1] NA
[1] "whole embryo"
[1] NA
[1] "whole embryo"
[1] NA
