[1] "Log (base 2) of the ratio of the mean of Channel 2 (usually 635 nm) to Channel 1 (usually 532 nm) [log (base 2) (RAT2N MEAN)].; Type: float; Scale: log_base_2"
[1] "Strain: H37Rv wild type; Treatment: Control"
[1] NA
[1] "Strain: H37Rv wild type; Treatment: Control"
[1] NA
[1] "Strain: H37Rv wild type; Treatment: Control"
[1] NA
[1] "Strain: H37Rv wild type; Treatment: No Treatment"
[1] NA
[1] "Strain: H37Rv wild type; Treatment: No Treatment"
[1] NA
[1] "Strain: H37Rv sigB null mutant; Treatment: Control"
[1] NA
[1] "Strain: H37Rv sigB null mutant; Treatment: Control"
[1] NA
[1] "Strain: H37Rv wild type; Treatment: Control"
[1] NA
[1] "Strain: H37Rv wild type; Treatment: No Treatment"
[1] NA
[1] "Strain: H37Rv wild type; Treatment: No Treatment"
[1] NA
[1] "Strain: H37Rv wild type; Treatment: No Treatment"
[1] NA
[1] "Strain: H37Rv sigB null mutant; Treatment: Control"
[1] NA
[1] "Strain: H37Rv wild type; Treatment: Control"
[1] NA
[1] "Strain: H37Rv wild type; Treatment: Control"
[1] NA
[1] "Strain: H37Rv wild type; Treatment: Control"
[1] NA
[1] "Strain: H37Rv wild type; Treatment: No Treatment"
[1] NA
[1] "Strain: H37Rv sigB null mutant; Treatment: Control"
[1] NA
[1] "Strain: H37Rv sigB null mutant; Treatment: Control"
[1] NA
[1] "Strain: H37Rv wild type; Treatment: Control"
[1] NA
[1] "Strain: H37Rv wild type; Treatment: No Treatment"
[1] NA
[1] "Strain: H37Rv wild type; Treatment: Control"
[1] NA
[1] "Strain: H37Rv wild type; Treatment: No Treatment"
[1] NA
[1] "Strain: H37Rv sigB null mutant; Treatment: Control"
[1] NA
[1] "Strain: H37Rv sigB null mutant; Treatment: Control"
[1] NA
[1] "Strain: H37Rv wild type; Treatment: No Treatment"
[1] NA
[1] "Strain: H37Rv sigB null mutant; Treatment: Control"
[1] NA
[1] "Strain: H37Rv wild type; Treatment: No Treatment"
[1] NA
[1] "Strain: H37Rv wild type; Treatment: No Treatment"
[1] NA
[1] "Strain: H37Rv sigB null mutant; Treatment: Control"
[1] NA
[1] "Strain: H37Rv wild type; Treatment: No Treatment"
[1] NA
[1] "Strain: H37Rv wild type; Treatment: Control"
[1] NA
[1] "Strain: H37Rv sigB null mutant; Treatment: Control"
[1] NA
[1] "Strain: H37Rv sigB null mutant; Treatment: Control"
[1] NA
[1] "Strain: H37Rv wild type; Treatment: Control"
[1] NA
[1] "Strain: H37Rv sigB null mutant; Treatment: Control"
[1] NA
[1] "Strain: H37Rv wild type; Treatment: Control"
[1] NA
