[1] "Signal"
[1] "wild type MW2 for JQ 1 series biological rep 1"
[1] NA
[1] "wild type MW2 for JQ 1 series biological rep 2"
[1] NA
[1] "wild type MW2 for JQ 1 series biological rep 3"
[1] NA
[1] "PSM alpha mutant for JQ 1 series biological rep 1"
[1] NA
[1] "PSM alpha mutant for JQ 1 series biological rep 2"
[1] NA
[1] "PSM alpha mutant for JQ 1 series biological rep 3"
[1] NA
[1] "PSM beta mutant for JQ 1 series biological rep 1"
[1] NA
[1] "PSM beta mutant for JQ 1 series biological rep 2"
[1] NA
[1] "PSM beta mutant for JQ 1 series biological rep 3"
[1] NA
[1] "hld mutant for JQ 1 series biological rep 1"
[1] NA
[1] "hld mutant for JQ 1 series biological rep 2"
[1] NA
[1] "hld mutant for JQ 1 series biological rep 3"
[1] NA
[1] "wild type MW2 for JQ 3 series biological rep 1"
[1] NA
[1] "wild type MW2 for JQ 3 series biological rep 2"
[1] NA
[1] "wild type MW2 for JQ 3 series biological rep 3"
[1] NA
[1] "AGR mutant for JQ 3 series biological rep 1"
[1] NA
[1] "AGR mutant for JQ 3 series biological rep 2"
[1] NA
[1] "AGR mutant for JQ 3 series biological rep 3"
[1] NA
[1] "RNAIII mutant for JQ 3 series biological rep 1"
[1] NA
[1] "RNAIII mutant for JQ 3 series biological rep 2"
[1] NA
[1] "RNAIII mutant for JQ 3 series biological rep 3"
[1] NA
[1] "wild type MW2 for Mli 7 series biological rep 1"
[1] NA
[1] "wild type MW2 for Mli 7 series biological rep 2"
[1] NA
[1] "wild type MW2 for Mli 7 series biological rep 3"
[1] NA
[1] "370 mutant for Mli 7 series biological rep 1"
[1] NA
[1] "370 mutant for Mli 7 series biological rep 2"
[1] NA
[1] "370 mutant for Mli 7 series biological rep 3"
[1] NA
