[1] NA
[1] "MG1655(crl-) + pBR-lacI-FliX-S"
[1] NA
[1] "MG1655(crl-) + pBR-lacI-FliX-S"
[1] NA
[1] "MG1655(crl-) + pZE-FliX-S"
[1] NA
[1] "MG1655(crl-) + pZE"
[1] NA
[1] "MG1655(crl-) + pZE-MotR*"
[1] NA
[1] "MG1655(crl-) + pZE-MotR*"
[1] NA
[1] "MG1655(crl-) + pZE-MotR*"
[1] NA
[1] "MG1655(crl-) + pZE"
[1] NA
[1] "MG1655(crl-) + pZE"
[1] NA
[1] "MG1655(crl-) + pZE"
[1] NA
[1] "MG1655(crl-) + pZE"
[1] NA
[1] "MG1655(crl-) + pZE"
[1] NA
[1] "MG1655(crl-) + pZE"
[1] NA
[1] "MG1655(crl-) + pZE-FliX"
[1] NA
[1] "MG1655(crl-) + pZE-FliX"
[1] NA
[1] "MG1655(crl-) + pZE-FliX"
[1] NA
