[1] NA
[1] "OD treatment, A replicate"
[1] NA
[1] "DO treatment, A replicate"
[1] NA
[1] "Dd treatment, A replicate"
[1] NA
[1] "D treatement, A replicate"
[1] NA
[1] "- treatment, A replicate"
[1] NA
[1] "OD treatment, B replicate"
[1] NA
[1] "DO treatment, B replicate"
[1] NA
[1] "Dd treatment, B replicate"
[1] NA
[1] "D treatement, B replicate"
[1] NA
[1] "- treatment, B replicate"
[1] NA
[1] "OD treatment, C replicate"
[1] NA
[1] "DO treatment, C replicate"
[1] NA
[1] "Dd treatment, C replicate"
[1] NA
[1] "D treatement, C replicate"
[1] NA
[1] "- treatment, C replicate"
[1] NA
