[1] NA
[1] "Caulobacter crecentus CB15N"
[1] NA
[1] "Caulobacter crecentus CB15N"
[1] NA
[1] "Caulobacter crecentus CB15N"
[1] NA
[1] "Caulobacter crecentus CB15N"
[1] NA
[1] "Caulobacter crecentus CB15N"
[1] NA
[1] "Escherichia coli AB1157"
[1] NA
[1] "Escherichia coli AB1157"
[1] NA
[1] "Escherichia coli AB1157"
[1] NA
[1] "Escherichia coli AB1157"
[1] NA
[1] "Escherichia coli AB1157"
[1] NA
[1] "Escherichia coli AB1157"
[1] NA
[1] "Escherichia coli AB1157"
[1] NA
[1] "Escherichia coli AB1157"
[1] NA
[1] "Escherichia coli AB1157"
[1] NA
[1] "Escherichia coli AB1157"
[1] NA
[1] "Escherichia coli AB1157"
[1] NA
[1] "Escherichia coli AB1157"
[1] NA
[1] "Escherichia coli AB1157"
[1] NA
[1] "Escherichia coli AB1157"
[1] NA
[1] "Caulobacter crecentus CB15N"
[1] NA
[1] "Caulobacter crecentus CB15N"
[1] NA
[1] "Caulobacter crecentus CB15N"
[1] NA
[1] "Caulobacter crecentus CB15N"
[1] NA
[1] "Caulobacter crecentus CB15N"
[1] NA
[1] "Caulobacter crecentus CB15N"
[1] NA
[1] "Caulobacter crecentus CB15N"
[1] NA
[1] "Caulobacter crecentus CB15N"
[1] NA
[1] "Caulobacter crecentus CB15N"
[1] NA
[1] "Caulobacter crecentus CB15N"
[1] NA
[1] "Caulobacter crecentus CB15N"
[1] NA
