[1] NA
[1] "Bacterial cell extract"
[1] NA
[1] "Bacterial cell extract"
[1] NA
[1] "Bacterial cell extract"
[1] NA
[1] "Bacterial cell extract"
[1] NA
[1] "Bacterial cell extract"
[1] NA
[1] "Bacterial cell extract"
[1] NA
[1] "Bacterial cell extract"
[1] NA
[1] "Bacterial cell extract"
[1] NA
[1] "Bacterial cell extract"
[1] NA
[1] "Bacterial cell extract"
[1] NA
[1] "Bacterial cell extract"
[1] NA
[1] "Bacterial cell extract"
[1] NA
[1] "Bacterial cell extract"
[1] NA
[1] "Bacterial cell extract"
[1] NA
[1] "Bacterial cell extract"
[1] NA
[1] "Bacterial cell extract"
[1] NA
[1] "Bacterial cell extract"
[1] NA
[1] "Bacterial cell extract"
[1] NA
