[1] "log of ch1 % of total / ch2 % of total"
[1] "CT18 gDNA overnight in LB"
[1] NA
[1] "CT18 gDNA overnight in LB"
[1] NA
[1] "CT18 gDNA overnight in LB"
[1] NA
[1] "SARB42 gDNA overnight in LB"
[1] NA
[1] "SARB42 gDNA overnight in LB"
[1] NA
[1] "SARB42 gDNA overnight in LB"
[1] NA
[1] "SARB1 gDNA overnight in LB"
[1] NA
[1] "SARB1 gDNA overnight in LB"
[1] NA
[1] "SARB1 gDNA overnight in LB"
[1] NA
[1] "SARB12 gDNA overnight in LB"
[1] NA
[1] "SARB12 gDNA overnight in LB"
[1] NA
[1] "SARB12 gDNA overnight in LB"
[1] NA
[1] "SARB30 gDNA overnight in LB"
[1] NA
[1] "SARB30 gDNA overnight in LB"
[1] NA
[1] "SARB30 gDNA overnight in LB"
[1] NA
[1] "SARB16 gDNA overnight in LB"
[1] NA
[1] "SARB16 gDNA overnight in LB"
[1] NA
[1] "SARB16 gDNA overnight in LB"
[1] NA
[1] "SARB23 gDNA overnight in LB"
[1] NA
[1] "SARB23 gDNA overnight in LB"
[1] NA
[1] "SARB23 gDNA overnight in LB"
[1] NA
[1] "SARB36 gDNA overnight in LB"
[1] NA
[1] "SARB36 gDNA overnight in LB"
[1] NA
[1] "SARB36 gDNA overnight in LB"
[1] NA
[1] "SARB24 gDNA overnight in LB"
[1] NA
[1] "SARB24 gDNA overnight in LB"
[1] NA
[1] "SARB24 gDNA overnight in LB"
[1] NA
[1] "SARB31 gDNA overnight in LB"
[1] NA
[1] "SARB31 gDNA overnight in LB"
[1] NA
[1] "SARB31 gDNA overnight in LB"
[1] NA
[1] "SARB37 gDNA overnight in LB"
[1] NA
[1] "SARB37 gDNA overnight in LB"
[1] NA
[1] "SARB37 gDNA overnight in LB"
[1] NA
[1] "SARB26 gDNA overnight in LB"
[1] NA
[1] "SARB26 gDNA overnight in LB"
[1] NA
[1] "SARB26 gDNA overnight in LB"
[1] NA
[1] "SARB34 gDNA overnight in LB"
[1] NA
[1] "SARB34 gDNA overnight in LB"
[1] NA
[1] "SARB34 gDNA overnight in LB"
[1] NA
[1] "SARB55 gDNA overnight in LB"
[1] NA
[1] "SARB55 gDNA overnight in LB"
[1] NA
[1] "SARB55 gDNA overnight in LB"
[1] NA
[1] "SARB47 gDNA overnight in LB"
[1] NA
[1] "SARB47 gDNA overnight in LB"
[1] NA
[1] "SARB47 gDNA overnight in LB"
[1] NA
[1] "SARB14 gDNA overnight in LB"
[1] NA
[1] "SARB14 gDNA overnight in LB"
[1] NA
[1] "SARB14 gDNA overnight in LB"
[1] NA
[1] "SARB35 gDNA overnight in LB"
[1] NA
[1] "SARB35 gDNA overnight in LB"
[1] NA
[1] "SARB35 gDNA overnight in LB"
[1] NA
[1] "SARB17 gDNA overnight in LB"
[1] NA
[1] "SARB17 gDNA overnight in LB"
[1] NA
[1] "SARB17 gDNA overnight in LB"
[1] NA
[1] "SARB27 gDNA overnight in LB"
[1] NA
[1] "SARB27 gDNA overnight in LB"
[1] NA
[1] "SARB27 gDNA overnight in LB"
[1] NA
[1] "SARB62 gDNA overnight in LB"
[1] NA
[1] "SARB62 gDNA overnight in LB"
[1] NA
[1] "SARB62 gDNA overnight in LB"
[1] NA
[1] "020420 gDNA overnight in LB"
[1] NA
[1] "020420 gDNA overnight in LB"
[1] NA
[1] "020420 gDNA overnight in LB"
[1] NA
[1] "024724 gDNA overnight in LB"
[1] NA
[1] "024724 gDNA overnight in LB"
[1] NA
[1] "024724 gDNA overnight in LB"
[1] NA
[1] "021834 gDNA overnight in LB"
[1] NA
[1] "021834 gDNA overnight in LB"
[1] NA
[1] "021834 gDNA overnight in LB"
[1] NA
[1] "995115 gDNA overnight in LB"
[1] NA
[1] "995115 gDNA overnight in LB"
[1] NA
[1] "995115 gDNA overnight in LB"
[1] NA
[1] "024509 gDNA overnight in LB"
[1] NA
[1] "024509 gDNA overnight in LB"
[1] NA
[1] "024509 gDNA overnight in LB"
[1] NA
[1] "021964 gDNA overnight in LB"
[1] NA
[1] "021964 gDNA overnight in LB"
[1] NA
[1] "021964 gDNA overnight in LB"
[1] NA
[1] "022226 gDNA overnight in LB"
[1] NA
[1] "022226 gDNA overnight in LB"
[1] NA
[1] "022226 gDNA overnight in LB"
[1] NA
[1] "SARB43 gDNA overnight in LB"
[1] NA
[1] "SARB43 gDNA overnight in LB"
[1] NA
[1] "SARB43 gDNA overnight in LB"
[1] NA
[1] "022007 gDNA overnight in LB"
[1] NA
[1] "022007 gDNA overnight in LB"
[1] NA
[1] "022007 gDNA overnight in LB"
[1] NA
[1] "021988 gDNA overnight in LB"
[1] NA
[1] "021988 gDNA overnight in LB"
[1] NA
[1] "021988 gDNA overnight in LB"
[1] NA
[1] "022477 gDNA overnight in LB"
[1] NA
[1] "022477 gDNA overnight in LB"
[1] NA
[1] "022477 gDNA overnight in LB"
[1] NA
[1] "S1380 gDNA overnight in LB"
[1] NA
[1] "S1380 gDNA overnight in LB"
[1] NA
[1] "S1380 gDNA overnight in LB"
[1] NA
[1] "021173 gDNA overnight in LB"
[1] NA
[1] "021173 gDNA overnight in LB"
[1] NA
[1] "021173 gDNA overnight in LB"
[1] NA
[1] "021785 gDNA overnight in LB"
[1] NA
[1] "021785 gDNA overnight in LB"
[1] NA
[1] "021785 gDNA overnight in LB"
[1] NA
[1] "SARB4 gDNA overnight in LB"
[1] NA
[1] "SARB4 gDNA overnight in LB"
[1] NA
[1] "SARB4 gDNA overnight in LB"
[1] NA
[1] "SARB66 gDNA overnight in LB"
[1] NA
[1] "SARB66 gDNA overnight in LB"
[1] NA
[1] "SARB66 gDNA overnight in LB"
[1] NA
[1] "SARB32 gDNA overnight in LB"
[1] NA
[1] "SARB32 gDNA overnight in LB"
[1] NA
[1] "SARB32 gDNA overnight in LB"
[1] NA
[1] "011795 gDNA overnight in LB"
[1] NA
[1] "011795 gDNA overnight in LB"
[1] NA
[1] "011795 gDNA overnight in LB"
[1] NA
[1] "SARB48 gDNA overnight in LB"
[1] NA
[1] "SARB48 gDNA overnight in LB"
[1] NA
[1] "SARB48 gDNA overnight in LB"
[1] NA
[1] "SARB68 gDNA overnight in LB"
[1] NA
[1] "SARB68 gDNA overnight in LB"
[1] NA
[1] "SARB68 gDNA overnight in LB"
[1] NA
[1] "SARB67 gDNA overnight in LB"
[1] NA
[1] "SARB67 gDNA overnight in LB"
[1] NA
[1] "SARB67 gDNA overnight in LB"
[1] NA
[1] "994730 gDNA overnight in LB"
[1] NA
[1] "994730 gDNA overnight in LB"
[1] NA
[1] "994730 gDNA overnight in LB"
[1] NA
[1] "022621 gDNA overnight in LB"
[1] NA
[1] "022621 gDNA overnight in LB"
[1] NA
[1] "022621 gDNA overnight in LB"
[1] NA
[1] "996933 gDNA overnight in LB"
[1] NA
[1] "996933 gDNA overnight in LB"
[1] NA
[1] "996933 gDNA overnight in LB"
[1] NA
[1] "000175 gDNA overnight in LB"
[1] NA
[1] "000175 gDNA overnight in LB"
[1] NA
[1] "000175 gDNA overnight in LB"
[1] NA
[1] "SARB21 gDNA overnight in LB"
[1] NA
[1] "SARB21 gDNA overnight in LB"
[1] NA
[1] "SARB21 gDNA overnight in LB"
[1] NA
[1] "SARB49 gDNA overnight in LB"
[1] NA
[1] "SARB49 gDNA overnight in LB"
[1] NA
[1] "SARB49 gDNA overnight in LB"
[1] NA
[1] "SARB69 gDNA overnight in LB"
[1] NA
[1] "SARB69 gDNA overnight in LB"
[1] NA
[1] "SARB69 gDNA overnight in LB"
[1] NA
[1] "SARB50 gDNA overnight in LB"
[1] NA
[1] "SARB50 gDNA overnight in LB"
[1] NA
[1] "SARB50 gDNA overnight in LB"
[1] NA
[1] "SARC14 gDNA overnight in LB"
[1] NA
[1] "SARC14 gDNA overnight in LB"
[1] NA
[1] "SARC14 gDNA overnight in LB"
[1] NA
[1] "SARB18 gDNA overnight in LB"
[1] NA
[1] "SARB18 gDNA overnight in LB"
[1] NA
[1] "SARB18 gDNA overnight in LB"
[1] NA
[1] "SARB19 gDNA overnight in LB"
[1] NA
[1] "SARB19 gDNA overnight in LB"
[1] NA
[1] "SARB19 gDNA overnight in LB"
[1] NA
[1] "SARB13 gDNA overnight in LB"
[1] NA
[1] "SARB13 gDNA overnight in LB"
[1] NA
[1] "SARB13 gDNA overnight in LB"
[1] NA
[1] "SARB56 gDNA overnight in LB"
[1] NA
[1] "SARB56 gDNA overnight in LB"
[1] NA
[1] "SARB56 gDNA overnight in LB"
[1] NA
[1] "022382 gDNA overnight in LB"
[1] NA
[1] "022382 gDNA overnight in LB"
[1] NA
[1] "022382 gDNA overnight in LB"
[1] NA
[1] "001186 gDNA overnight in LB"
[1] NA
[1] "001186 gDNA overnight in LB"
[1] NA
[1] "001186 gDNA overnight in LB"
[1] NA
[1] "SARC11 gDNA overnight in LB"
[1] NA
[1] "SARC11 gDNA overnight in LB"
[1] NA
[1] "SARC11 gDNA overnight in LB"
[1] NA
[1] "Ty2 gDNA overnight in LB"
[1] NA
[1] "Ty2 gDNA overnight in LB"
[1] NA
[1] "Ty2 gDNA overnight in LB"
[1] NA
[1] "SARB64 gDNA overnight in LB"
[1] NA
[1] "SARB64 gDNA overnight in LB"
[1] NA
[1] "SARB64 gDNA overnight in LB"
[1] NA
[1] "022481 gDNA overnight in LB"
[1] NA
[1] "022481 gDNA overnight in LB"
[1] NA
[1] "022481 gDNA overnight in LB"
[1] NA
[1] "024358q gDNA overnight in LB"
[1] NA
[1] "024358q gDNA overnight in LB"
[1] NA
[1] "024358q gDNA overnight in LB"
[1] NA
[1] "SARB59 gDNA overnight in LB"
[1] NA
[1] "SARB59 gDNA overnight in LB"
[1] NA
[1] "SARB59 gDNA overnight in LB"
[1] NA
[1] "SARB65 gDNA overnight in LB"
[1] NA
[1] "SARB65 gDNA overnight in LB"
[1] NA
[1] "SARB65 gDNA overnight in LB"
[1] NA
[1] "SARB6 gDNA overnight in LB"
[1] NA
[1] "SARB6 gDNA overnight in LB"
[1] NA
[1] "SARB6 gDNA overnight in LB"
[1] NA
[1] "SARB38 gDNA overnight in LB"
[1] NA
[1] "SARB38 gDNA overnight in LB"
[1] NA
[1] "SARB38 gDNA overnight in LB"
[1] NA
[1] "024513 gDNA overnight in LB"
[1] NA
[1] "024513 gDNA overnight in LB"
[1] NA
[1] "024513 gDNA overnight in LB"
[1] NA
[1] "SARB33 gDNA overnight in LB"
[1] NA
[1] "SARB33 gDNA overnight in LB"
[1] NA
[1] "SARB33 gDNA overnight in LB"
[1] NA
[1] "SARB63 gDNA overnight in LB"
[1] NA
[1] "SARB63 gDNA overnight in LB"
[1] NA
[1] "SARB63 gDNA overnight in LB"
[1] NA
[1] "011277 gDNA overnight in LB"
[1] NA
[1] "011277 gDNA overnight in LB"
[1] NA
[1] "011277 gDNA overnight in LB"
[1] NA
[1] "011650 gDNA overnight in LB"
[1] NA
[1] "011650 gDNA overnight in LB"
[1] NA
[1] "011650 gDNA overnight in LB"
[1] NA
[1] "002693 gDNA overnight in LB"
[1] NA
[1] "002693 gDNA overnight in LB"
[1] NA
[1] "002693 gDNA overnight in LB"
[1] NA
[1] "SARA22 gDNA overnight in LB"
[1] NA
[1] "SARA22 gDNA overnight in LB"
[1] NA
[1] "SARA22 gDNA overnight in LB"
[1] NA
[1] "SARA23 gDNA overnight in LB"
[1] NA
[1] "SARA23 gDNA overnight in LB"
[1] NA
[1] "SARA23 gDNA overnight in LB"
[1] NA
[1] "SARA25 gDNA overnight in LB"
[1] NA
[1] "SARA25 gDNA overnight in LB"
[1] NA
[1] "SARA25 gDNA overnight in LB"
[1] NA
[1] "SARA27 gDNA overnight in LB"
[1] NA
[1] "SARA27 gDNA overnight in LB"
[1] NA
[1] "SARA27 gDNA overnight in LB"
[1] NA
[1] "SARA32 gDNA overnight in LB"
[1] NA
[1] "SARA32 gDNA overnight in LB"
[1] NA
[1] "SARA32 gDNA overnight in LB"
[1] NA
[1] "SARB20 (EN7) gDNA overnight in LB"
[1] NA
[1] "SARB20 (EN7) gDNA overnight in LB"
[1] NA
[1] "SARB20 (EN7) gDNA overnight in LB"
[1] NA
[1] "SARB44 (Pb3) gDNA overnight in LB"
[1] NA
[1] "SARB44 (Pb3) gDNA overnight in LB"
[1] NA
[1] "SARB44 (Pb3) gDNA overnight in LB"
[1] NA
[1] "020150 gDNA overnight in LB"
[1] NA
[1] "020150 gDNA overnight in LB"
[1] NA
[1] "020150 gDNA overnight in LB"
[1] NA
[1] "SARB58 gDNA overnight in LB"
[1] NA
[1] "SARB58 gDNA overnight in LB"
[1] NA
[1] "SARB58 gDNA overnight in LB"
[1] NA
[1] "15.5 gDNA overnight in LB"
[1] NA
[1] "15.5 gDNA overnight in LB"
[1] NA
[1] "15.5 gDNA overnight in LB"
[1] NA
[1] "SS44 gDNA overnight in LB"
[1] NA
[1] "SS44 gDNA overnight in LB"
[1] NA
[1] "SS44 gDNA overnight in LB"
[1] NA
[1] "SPPB7 gDNA overnight in LB"
[1] NA
[1] "SPPB7 gDNA overnight in LB"
[1] NA
[1] "SPPB7 gDNA overnight in LB"
[1] NA
[1] "PbA1 gDNA overnight in LB"
[1] NA
[1] "PbA1 gDNA overnight in LB"
[1] NA
[1] "PbA1 gDNA overnight in LB"
[1] NA
[1] "PbA3 gDNA overnight in LB"
[1] NA
[1] "PbA3 gDNA overnight in LB"
[1] NA
[1] "PbA3 gDNA overnight in LB"
[1] NA
