[1] "normalized log base 10 of (CH2 - CH2 bg)/(CH1-CH1_bg)"
[1] "Ecoli ko-ihfA grown in MOPS"
[1] NA
[1] "Ecoli ko-fur grown in MOPS"
[1] NA
[1] "Ecoli ko-fur grown in MOPS"
[1] NA
[1] "Ecoli ko-ihfA grown in MOPS"
[1] NA
[1] "Ecoli ko-ihfA grown in MOPS"
[1] NA
[1] "Ecoli wildtype grown in MOPS"
[1] NA
[1] "Ecoli wildtype grown in MOPS"
[1] NA
[1] "Ecoli ko-fur grown in MOPS"
[1] NA
[1] "Ecoli ko-fur grown in MOPS"
[1] NA
[1] "Ecoli ko-fur grown in MOPS"
[1] NA
[1] "Ecoli ko-fur grown in MOPS"
[1] NA
[1] "Ecoli ko-phoB grown in MOPS"
[1] NA
[1] "Ecoli ko-phoB grown in MOPS"
[1] NA
[1] "Ecoli wildtype grown in MOPS"
[1] NA
[1] "Ecoli wildtype grown in MOPS"
[1] NA
[1] "Ecoli wildtype grown in MOPS"
[1] NA
[1] "Ecoli wildtype grown in MOPS"
[1] NA
[1] "Ecoli wildtype grown in MOPS"
[1] NA
[1] "Ecoli wildtype grown in MOPS"
[1] NA
[1] "Ecoli wildtype grown in MOPS"
[1] NA
[1] "Ecoli wildtype grown in MOPS"
[1] NA
[1] "Ecoli ko-phoB grown in MOPS"
[1] NA
[1] "Ecoli wildtype grown in MOPS"
[1] NA
[1] "Ecoli wildtype grown in MOPS"
[1] NA
[1] "Ecoli ko-arcA grown in MOPS"
[1] NA
[1] "Ecoli ko-arcA grown in MOPS"
[1] NA
[1] "Ecoli wildtype grown in MOPS"
[1] NA
[1] "Ecoli ko-ihfA grown in MOPS"
[1] NA
[1] "Ecoli ko-arcA grown in MOPS"
[1] NA
[1] "Ecoli ko-arcA grown in MOPS"
[1] NA
[1] "Ecoli wildtype grown in MOPS"
[1] NA
[1] "Ecoli ko-phoB grown in MOPS"
[1] NA
[1] "Ecoli ko-fur grown in MOPS"
[1] NA
[1] "Ecoli ko-phoB grown in MOPS"
[1] NA
[1] "Ecoli ko-phoB grown in MOPS"
[1] NA
[1] "Ecoli ko-phoB grown in MOPS"
[1] NA
[1] "Ecoli ko-phoB grown in MOPS"
[1] NA
[1] "Ecoli wildtype grown in MOPS"
[1] NA
[1] "Ecoli wildtype grown in MOPS"
[1] NA
[1] "Ecoli ko-arcA grown in MOPS"
[1] NA
[1] "Ecoli ko-arcA grown in MOPS"
[1] NA
[1] "Ecoli wildtype grown in MOPS"
[1] NA
[1] "Ecoli wildtype grown in MOPS"
[1] NA
[1] "Ecoli wildtype grown in MOPS"
[1] NA
[1] "Ecoli wildtype grown in MOPS"
[1] NA
[1] "Ecoli wildtype grown in MOPS"
[1] NA
[1] "Ecoli wildtype grown in MOPS"
[1] NA
[1] "Ecoli wildtype grown in MOPS"
[1] NA
[1] "Ecoli ko-arcA grown in MOPS"
[1] NA
[1] "Ecoli ko-arcA grown in MOPS"
[1] NA
[1] "Ecoli ko-ihfA grown in MOPS"
[1] NA
[1] "Ecoli ko-fur grown in MOPS"
[1] NA
[1] "Ecoli ko-ihfA grown in MOPS"
[1] NA
[1] "Ecoli ko-ihfA grown in MOPS"
[1] NA
[1] "Ecoli wildtype grown in MOPS"
[1] NA
[1] "Ecoli wildtype grown in MOPS"
[1] NA
[1] "Ecoli ko-ihfA grown in MOPS"
[1] NA
[1] "Ecoli wildtype grown in MOPS"
[1] NA
[1] "Ecoli wildtype grown in MOPS"
[1] NA
[1] "Ecoli wildtype grown in MOPS"
[1] NA
[1] "Ecoli wildtype grown in MOPS"
[1] NA
[1] "Ecoli wildtype grown in MOPS"
[1] NA
[1] "Ecoli ko-ubiE grown in MOPS"
[1] NA
[1] "Ecoli ko-ubiE grown in MOPS"
[1] NA
[1] "Ecoli ko-ubiE grown in MOPS"
[1] NA
[1] "Ecoli ko-ubiE grown in MOPS"
[1] NA
