[1] "lowess normalized expression data (Cy3)"
[1] "common reference"
[1] NA
[1] "common reference"
[1] NA
[1] "common reference"
[1] NA
[1] "common reference"
[1] NA
[1] "common reference"
[1] NA
[1] "common reference"
[1] NA
[1] "common reference"
[1] NA
[1] "common reference"
[1] NA
[1] "common reference"
[1] NA
[1] "common reference"
[1] NA
[1] "common reference"
[1] NA
[1] "common reference"
[1] NA
[1] "common reference"
[1] NA
[1] "common reference"
[1] NA
[1] "common reference"
[1] NA
[1] "common reference"
[1] NA
[1] "common reference"
[1] NA
[1] "common reference"
[1] NA
[1] "common reference"
[1] NA
[1] "common reference"
[1] NA
[1] "common reference"
[1] NA
[1] "common reference"
[1] NA
[1] "common reference"
[1] NA
[1] "common reference"
[1] NA
[1] "common reference"
[1] NA
[1] "common reference"
[1] NA
[1] "common reference"
[1] NA
[1] "common reference"
[1] NA
[1] "common reference"
[1] NA
[1] "common reference"
[1] NA
[1] "common reference"
[1] NA
[1] "common reference"
[1] NA
[1] "common reference"
[1] NA
[1] "common reference"
[1] NA
[1] "common reference"
[1] NA
