[1] NA
[1] "BW25113 (WT)-1"
[1] NA
[1] "DfumA-1"
[1] NA
[1] "DfumB-1"
[1] NA
[1] "DfumAB-1"
[1] NA
[1] "DfumACB-1"
[1] NA
[1] "BW25113 (WT) MMS-1"
[1] NA
[1] "DfumA MMS-1"
[1] NA
[1] "DfumB MMS-1"
[1] NA
[1] "DfumAB MMS-1"
[1] NA
[1] "DfumACB MMS-1"
[1] NA
[1] "BW25113 (WT) MMS+ α-Ketoglutarate-1"
[1] NA
[1] "DfumA MMS+ α-Ketoglutarate-1"
[1] NA
[1] "DfumB MMS+ α-Ketoglutarate-1"
[1] NA
[1] "DfumAB MMS+ α-Ketoglutarate-1"
[1] NA
[1] "DfumACB MMS+ α-Ketoglutarate-1"
[1] NA
[1] "BW25113 (WT)-2"
[1] NA
[1] "DfumA-2"
[1] NA
[1] "DfumB-2"
[1] NA
[1] "DfumAB-2"
[1] NA
[1] "DfumACB-2"
[1] NA
[1] "BW25113 (WT) MMS-2"
[1] NA
[1] "DfumA MMS-2"
[1] NA
[1] "DfumB MMS-2"
[1] NA
[1] "DfumAB MMS-2"
[1] NA
[1] "DfumACB MMS-2"
[1] NA
[1] "BW25113 (WT) MMS+ α-Ketoglutarate-2"
[1] NA
[1] "DfumA MMS+ α-Ketoglutarate-2"
[1] NA
[1] "DfumB MMS+ α-Ketoglutarate-2"
[1] NA
[1] "DfumAB MMS+ α-Ketoglutarate-2"
[1] NA
[1] "DfumACB MMS+ α-Ketoglutarate-2"
[1] NA
[1] "BW25113 (WT)-3"
[1] NA
[1] "DfumA-3"
[1] NA
[1] "DfumB-3"
[1] NA
[1] "DfumAB-3"
[1] NA
[1] "DfumACB-3"
[1] NA
[1] "BW25113 (WT) MMS-3"
[1] NA
[1] "DfumA MMS-3"
[1] NA
[1] "DfumB MMS-3"
[1] NA
[1] "DfumAB MMS-3"
[1] NA
[1] "DfumACB MMS-3"
[1] NA
[1] "BW25113 (WT) MMS+ α-Ketoglutarate-3"
[1] NA
[1] "DfumA MMS+ α-Ketoglutarate-3"
[1] NA
[1] "DfumB MMS+ α-Ketoglutarate-3"
[1] NA
[1] "DfumAB MMS+ α-Ketoglutarate-3"
[1] NA
[1] "DfumACB MMS+ α-Ketoglutarate-3"
[1] NA
