[1] NA
[1] "Liquid Culture"
[1] NA
[1] "Liquid Culture"
[1] NA
[1] "Liquid Culture"
[1] NA
[1] "Liquid Culture"
[1] NA
[1] "Liquid Culture"
[1] NA
[1] "Liquid Culture"
[1] NA
[1] "Liquid Culture"
[1] NA
[1] "Liquid Culture"
[1] NA
[1] "Liquid Culture"
[1] NA
[1] "Liquid Culture"
[1] NA
[1] "Liquid Culture"
[1] NA
[1] "Liquid Culture"
[1] NA
[1] "Liquid Culture"
[1] NA
[1] "Liquid Culture"
[1] NA
[1] "Liquid Culture"
[1] NA
[1] "Liquid Culture"
[1] NA
[1] "Liquid Culture"
[1] NA
[1] "Liquid Culture"
[1] NA
