[1] NA
[1] "Anc 42CA3_30C_bacteria cells"
[1] NA
[1] "Anc 42CA3_30C_bacteria cells"
[1] NA
[1] "A3F181 30C_bacteria cells"
[1] NA
[1] "A3F181 30C_bacteria cells"
[1] NA
[1] "A3F228 30C_bacteria cells"
[1] NA
[1] "A3F228 30C_bacteria cells"
[1] NA
[1] "A4F244 30C_bacteria cells"
[1] NA
[1] "A4F244 30C_bacteria cells"
[1] NA
[1] "A8F232 30C_bacteria cells"
[1] NA
[1] "A8F232 30C_bacteria cells"
[1] NA
[1] "A9F200 30C_bacteria cells"
[1] NA
[1] "A9F200 30C_bacteria cells"
[1] NA
[1] "A9F255 30C_bacteria cells"
[1] NA
[1] "A9F255 30C_bacteria cells"
[1] NA
[1] "A10F210 30C_bacteria cells"
[1] NA
[1] "A10F210 30C_bacteria cells"
[1] NA
[1] "A16F258 30C_bacteria cells"
[1] NA
[1] "A16F258 30C_bacteria cells"
[1] NA
[1] "Anc 42CA3_37C_bacteria cells"
[1] NA
[1] "Anc 42CA3_37C_bacteria cells"
[1] NA
[1] "A3F181 37C_bacteria cells"
[1] NA
[1] "A3F181 37C_bacteria cells"
[1] NA
[1] "A3F228 37C_bacteria cells"
[1] NA
[1] "A3F228 37C_bacteria cells"
[1] NA
[1] "A4F244 37C_bacteria cells"
[1] NA
[1] "A4F244 37C_bacteria cells"
[1] NA
[1] "A8F232 37C_bacteria cells"
[1] NA
[1] "A8F232 37C_bacteria cells"
[1] NA
[1] "A9F200 37C_bacteria cells"
[1] NA
[1] "A9F200 37C_bacteria cells"
[1] NA
[1] "A9F255 37C_bacteria cells"
[1] NA
[1] "A9F255 37C_bacteria cells"
[1] NA
[1] "A10F210 37C_bacteria cells"
[1] NA
[1] "A10F210 37C_bacteria cells"
[1] NA
[1] "A16F258 37C_bacteria cells"
[1] NA
[1] "A16F258 37C_bacteria cells"
[1] NA
[1] "Anc 42CA3_44C_bacteria cells"
[1] NA
[1] "Anc 42CA3_44C_bacteria cells"
[1] NA
[1] "A3F181 44C_bacteria cells"
[1] NA
[1] "A3F181 44C_bacteria cells"
[1] NA
[1] "A3F228 44C_bacteria cells"
[1] NA
[1] "A3F228 44C_bacteria cells"
[1] NA
[1] "A4F244 44C_bacteria cells"
[1] NA
[1] "A4F244 44C_bacteria cells"
[1] NA
[1] "A8F232 44C_bacteria cells"
[1] NA
[1] "A8F232 44C_bacteria cells"
[1] NA
[1] "A9F200 44C_bacteria cells"
[1] NA
[1] "A9F200 44C_bacteria cells"
[1] NA
[1] "A9F255 44C_bacteria cells"
[1] NA
[1] "A9F255 44C_bacteria cells"
[1] NA
[1] "A10F210 44C_bacteria cells"
[1] NA
[1] "A10F210 44C_bacteria cells"
[1] NA
[1] "A16F258 44C_bacteria cells"
[1] NA
[1] "A16F258 44C_bacteria cells"
[1] NA
