[1] "Probe signal intensity"
[1] "8 kinds of bacterial genomic DNA mixture dilution_step0"
[1] NA
[1] "8 kinds of bacterial genomic DNA mixture dilution_step0"
[1] NA
[1] "8 kinds of bacterial genomic DNA mixture dilution_step0"
[1] NA
[1] "8 kinds of bacterial genomic DNA mixture dilution_step1"
[1] NA
[1] "8 kinds of bacterial genomic DNA mixture dilution_step1"
[1] NA
[1] "8 kinds of bacterial genomic DNA mixture dilution_step1"
[1] NA
[1] "8 kinds of bacterial genomic DNA mixture dilution_step2"
[1] NA
[1] "8 kinds of bacterial genomic DNA mixture dilution_step2"
[1] NA
[1] "8 kinds of bacterial genomic DNA mixture dilution_step2"
[1] NA
[1] "8 kinds of bacterial genomic DNA mixture dilution_step3"
[1] NA
[1] "8 kinds of bacterial genomic DNA mixture dilution_step3"
[1] NA
[1] "8 kinds of bacterial genomic DNA mixture dilution_step3"
[1] NA
[1] "8 kinds of bacterial genomic DNA mixture dilution_step4"
[1] NA
[1] "8 kinds of bacterial genomic DNA mixture dilution_step4"
[1] NA
[1] "8 kinds of bacterial genomic DNA mixture dilution_step4"
[1] NA
[1] "8 kinds of bacterial genomic DNA mixture dilution_step5"
[1] NA
[1] "8 kinds of bacterial genomic DNA mixture dilution_step5"
[1] NA
[1] "8 kinds of bacterial genomic DNA mixture dilution_step5"
[1] NA
[1] "ATCC MSA-1002 dilution_step0"
[1] NA
[1] "ATCC MSA-1002 dilution_step0"
[1] NA
[1] "ATCC MSA-1002 dilution_step0"
[1] NA
[1] "ATCC MSA-1002 dilution_step1"
[1] NA
[1] "ATCC MSA-1002 dilution_step1"
[1] NA
[1] "ATCC MSA-1002 dilution_step1"
[1] NA
[1] "ATCC MSA-1002 dilution_step2"
[1] NA
[1] "ATCC MSA-1002 dilution_step2"
[1] NA
[1] "ATCC MSA-1002 dilution_step2"
[1] NA
[1] "ATCC MSA-1002 dilution_step3"
[1] NA
[1] "ATCC MSA-1002 dilution_step3"
[1] NA
[1] "ATCC MSA-1002 dilution_step3"
[1] NA
[1] "ATCC MSA-1002 dilution_step4"
[1] NA
[1] "ATCC MSA-1002 dilution_step4"
[1] NA
[1] "ATCC MSA-1002 dilution_step4"
[1] NA
[1] "ATCC MSA-1002 dilution_step5"
[1] NA
[1] "ATCC MSA-1002 dilution_step5"
[1] NA
[1] "ATCC MSA-1002 dilution_step5"
[1] NA
[1] "ATCC MSA-1002 dilution_step6"
[1] NA
[1] "ATCC MSA-1002 dilution_step6"
[1] NA
[1] "ATCC MSA-1002 dilution_step6"
[1] NA
[1] "ATCC MSA-1002 dilution_step7"
[1] NA
[1] "ATCC MSA-1002 dilution_step7"
[1] NA
[1] "ATCC MSA-1002 dilution_step7"
[1] NA
[1] "ATCC MSA-1002 dilution_step8"
[1] NA
[1] "ATCC MSA-1002 dilution_step8"
[1] NA
[1] "ATCC MSA-1002 dilution_step8"
[1] NA
[1] "ATCC MSA-1003 dilution_step0"
[1] NA
[1] "ATCC MSA-1003 dilution_step0"
[1] NA
[1] "ATCC MSA-1003 dilution_step1"
[1] NA
[1] "ATCC MSA-1003 dilution_step1"
[1] NA
[1] "ATCC MSA-1003 dilution_step2"
[1] NA
[1] "ATCC MSA-1003 dilution_step2"
[1] NA
[1] "ATCC MSA-1003 dilution_step3"
[1] NA
[1] "ATCC MSA-1003 dilution_step3"
[1] NA
[1] "ATCC MSA-1003 dilution_step4"
[1] NA
[1] "ATCC MSA-1003 dilution_step4"
[1] NA
[1] "ATCC MSA-1003 dilution_step5"
[1] NA
[1] "ATCC MSA-1003 dilution_step5"
[1] NA
[1] "ATCC MSA-1003 dilution_step6"
[1] NA
[1] "ATCC MSA-1003 dilution_step6"
[1] NA
[1] "ATCC MSA-1003 dilution_step7"
[1] NA
[1] "ATCC MSA-1003 dilution_step7"
[1] NA
[1] "ATCC MSA-1003 dilution_step8"
[1] NA
[1] "ATCC MSA-1003 dilution_step8"
[1] NA
[1] "ATCC MSA-1003 dilution_step9"
[1] NA
[1] "ATCC MSA-1003 dilution_step9"
[1] NA
[1] "ATCC MSA-1003 dilution_step10"
[1] NA
[1] "ATCC MSA-1003 dilution_step10"
[1] NA
[1] "Porphyromonas gingivalis 1amol (16SrRNA gene)"
[1] NA
[1] "Porphyromonas gingivalis 1amol (16SrRNA gene)"
[1] NA
[1] "Porphyromonas gingivalis 0.1amol (16SrRNA gene)"
[1] NA
[1] "Porphyromonas gingivalis 0.1amol (16SrRNA gene)"
[1] NA
[1] "Porphyromonas gingivalis 0.01amol (16SrRNA gene)"
[1] NA
[1] "Porphyromonas gingivalis 0.01amol (16SrRNA gene)"
[1] NA
[1] "Porphyromonas gingivalis 0.001amol (16SrRNA gene)"
[1] NA
[1] "Porphyromonas gingivalis 0.001amol (16SrRNA gene)"
[1] NA
[1] "Tannerella forsythia 1amol (16SrRNA gene)"
[1] NA
[1] "Tannerella forsythia 1amol (16SrRNA gene)"
[1] NA
[1] "Tannerella forsythia 0.1amol (16SrRNA gene)"
[1] NA
[1] "Tannerella forsythia 0.1amol (16SrRNA gene)"
[1] NA
[1] "Tannerella forsythia 0.01amol (16SrRNA gene)"
[1] NA
[1] "Tannerella forsythia 0.01amol (16SrRNA gene)"
[1] NA
[1] "Tannerella forsythia 0.001amol (16SrRNA gene)"
[1] NA
[1] "Tannerella forsythia 0.001amol (16SrRNA gene)"
[1] NA
[1] "Treponema denticola 1amol (16SrRNA gene)"
[1] NA
[1] "Treponema denticola 1amol (16SrRNA gene)"
[1] NA
[1] "Treponema denticola 0.1amol (16SrRNA gene)"
[1] NA
[1] "Treponema denticola 0.1amol (16SrRNA gene)"
[1] NA
[1] "Treponema denticola 0.01amol (16SrRNA gene)"
[1] NA
[1] "Treponema denticola 0.01amol (16SrRNA gene)"
[1] NA
[1] "Treponema denticola 0.001amol (16SrRNA gene)"
[1] NA
[1] "Treponema denticola 0.001amol (16SrRNA gene)"
[1] NA
[1] "Campylobacter rectus 1amol (16SrRNA gene)"
[1] NA
[1] "Campylobacter rectus 1amol (16SrRNA gene)"
[1] NA
[1] "Campylobacter rectus 0.1amol (16SrRNA gene)"
[1] NA
[1] "Campylobacter rectus 0.1amol (16SrRNA gene)"
[1] NA
[1] "Campylobacter rectus 0.01amol (16SrRNA gene)"
[1] NA
[1] "Campylobacter rectus 0.01amol (16SrRNA gene)"
[1] NA
[1] "Campylobacter rectus 0.001amol (16SrRNA gene)"
[1] NA
[1] "Campylobacter rectus 0.001amol (16SrRNA gene)"
[1] NA
[1] "Fusobacterium nucleatum subsp. nucleatum 1amol (16SrRNA gene)"
[1] NA
[1] "Fusobacterium nucleatum subsp. nucleatum 1amol (16SrRNA gene)"
[1] NA
[1] "Fusobacterium nucleatum subsp. nucleatum 0.1amol (16SrRNA gene)"
[1] NA
[1] "Fusobacterium nucleatum subsp. nucleatum 0.1amol (16SrRNA gene)"
[1] NA
[1] "Fusobacterium nucleatum subsp. nucleatum 0.01amol (16SrRNA gene)"
[1] NA
[1] "Fusobacterium nucleatum subsp. nucleatum 0.01amol (16SrRNA gene)"
[1] NA
[1] "Fusobacterium nucleatum subsp. nucleatum 0.001amol (16SrRNA gene)"
[1] NA
[1] "Fusobacterium nucleatum subsp. nucleatum 0.001amol (16SrRNA gene)"
[1] NA
[1] "Prevotella intermedia 1amol (16SrRNA gene)"
[1] NA
[1] "Prevotella intermedia 1amol (16SrRNA gene)"
[1] NA
[1] "Prevotella intermedia 0.1amol (16SrRNA gene)"
[1] NA
[1] "Prevotella intermedia 0.1amol (16SrRNA gene)"
[1] NA
[1] "Prevotella intermedia 0.01amol (16SrRNA gene)"
[1] NA
[1] "Prevotella intermedia 0.01amol (16SrRNA gene)"
[1] NA
[1] "Prevotella intermedia 0.001amol (16SrRNA gene)"
[1] NA
[1] "Prevotella intermedia 0.001amol (16SrRNA gene)"
[1] NA
[1] "Prevotella nigrescens 1amol (16SrRNA gene)"
[1] NA
[1] "Prevotella nigrescens 1amol (16SrRNA gene)"
[1] NA
[1] "Prevotella nigrescens 0.1amol (16SrRNA gene)"
[1] NA
[1] "Prevotella nigrescens 0.1amol (16SrRNA gene)"
[1] NA
[1] "Prevotella nigrescens 0.01amol (16SrRNA gene)"
[1] NA
[1] "Prevotella nigrescens 0.01amol (16SrRNA gene)"
[1] NA
[1] "Prevotella nigrescens 0.001amol (16SrRNA gene)"
[1] NA
[1] "Prevotella nigrescens 0.001amol (16SrRNA gene)"
[1] NA
[1] "Aggregatibacter actinomycetemcomitans 1amol (16SrRNA gene)"
[1] NA
[1] "Aggregatibacter actinomycetemcomitans 1amol (16SrRNA gene)"
[1] NA
[1] "Aggregatibacter actinomycetemcomitans 0.1amol (16SrRNA gene)"
[1] NA
[1] "Aggregatibacter actinomycetemcomitans 0.1amol (16SrRNA gene)"
[1] NA
[1] "Aggregatibacter actinomycetemcomitans 0.01amol (16SrRNA gene)"
[1] NA
[1] "Aggregatibacter actinomycetemcomitans 0.01amol (16SrRNA gene)"
[1] NA
[1] "Aggregatibacter actinomycetemcomitans 0.001amol (16SrRNA gene)"
[1] NA
[1] "Aggregatibacter actinomycetemcomitans 0.001amol (16SrRNA gene)"
[1] NA
[1] "Capnocytophaga gingivalis 1amol (16SrRNA gene)"
[1] NA
[1] "Capnocytophaga gingivalis 1amol (16SrRNA gene)"
[1] NA
[1] "Capnocytophaga gingivalis 0.1amol (16SrRNA gene)"
[1] NA
[1] "Capnocytophaga gingivalis 0.1amol (16SrRNA gene)"
[1] NA
[1] "Capnocytophaga gingivalis 0.01amol (16SrRNA gene)"
[1] NA
[1] "Capnocytophaga gingivalis 0.01amol (16SrRNA gene)"
[1] NA
[1] "Capnocytophaga gingivalis 0.001amol (16SrRNA gene)"
[1] NA
[1] "Capnocytophaga gingivalis 0.001amol (16SrRNA gene)"
[1] NA
[1] "Streptococcus gordonii 1amol (16SrRNA gene)"
[1] NA
[1] "Streptococcus gordonii 1amol (16SrRNA gene)"
[1] NA
[1] "Streptococcus gordonii 0.1amol (16SrRNA gene)"
[1] NA
[1] "Streptococcus gordonii 0.1amol (16SrRNA gene)"
[1] NA
[1] "Streptococcus gordonii 0.01amol (16SrRNA gene)"
[1] NA
[1] "Streptococcus gordonii 0.01amol (16SrRNA gene)"
[1] NA
[1] "Streptococcus gordonii 0.001amol (16SrRNA gene)"
[1] NA
[1] "Streptococcus gordonii 0.001amol (16SrRNA gene)"
[1] NA
[1] "Streptococcus intermedius 1amol (16SrRNA gene)"
[1] NA
[1] "Streptococcus intermedius 1amol (16SrRNA gene)"
[1] NA
[1] "Streptococcus intermedius 0.1amol (16SrRNA gene)"
[1] NA
[1] "Streptococcus intermedius 0.1amol (16SrRNA gene)"
[1] NA
[1] "Streptococcus intermedius 0.01amol (16SrRNA gene)"
[1] NA
[1] "Streptococcus intermedius 0.01amol (16SrRNA gene)"
[1] NA
[1] "Streptococcus intermedius 0.001amol (16SrRNA gene)"
[1] NA
[1] "Streptococcus intermedius 0.001amol (16SrRNA gene)"
[1] NA
[1] "Streptococcus mutans 1amol (16SrRNA gene)"
[1] NA
[1] "Streptococcus mutans 1amol (16SrRNA gene)"
[1] NA
[1] "Streptococcus mutans 0.1amol (16SrRNA gene)"
[1] NA
[1] "Streptococcus mutans 0.1amol (16SrRNA gene)"
[1] NA
[1] "Streptococcus mutans 0.01amol (16SrRNA gene)"
[1] NA
[1] "Streptococcus mutans 0.01amol (16SrRNA gene)"
[1] NA
[1] "Streptococcus mutans 0.001amol (16SrRNA gene)"
[1] NA
[1] "Streptococcus mutans 0.001amol (16SrRNA gene)"
[1] NA
[1] "dental plaque from patient (oral sample)"
[1] NA
[1] "dental plaque from patient (oral sample)"
[1] NA
[1] "dental plaque from patient (oral sample)"
[1] NA
[1] "dental plaque from patient (oral sample)"
[1] NA
[1] "dental plaque from patient (oral sample)"
[1] NA
[1] "dental plaque from patient (oral sample)"
[1] NA
[1] "dental plaque from patient (oral sample)"
[1] NA
[1] "dental plaque from patient (oral sample)"
[1] NA
[1] "dental plaque from patient (oral sample)"
[1] NA
[1] "dental plaque from patient (oral sample)"
[1] NA
[1] "dental plaque from patient (oral sample)"
[1] NA
[1] "dental plaque from patient (oral sample)"
[1] NA
[1] "dental plaque from patient (oral sample)"
[1] NA
[1] "dental plaque from patient (oral sample)"
[1] NA
[1] "dental plaque from patient (oral sample)"
[1] NA
