[1] NA
[1] "human HEK293T cell line"
[1] NA
[1] "human HEK293T cell line"
[1] NA
[1] "Chlamydomonas reinhardtii"
[1] NA
[1] "Chlamydomonas reinhardtii"
[1] NA
[1] "Ecoli DH5α"
[1] NA
[1] "mouse embryonic stem cell line"
[1] NA
[1] "mouse embryonic stem cell line"
[1] NA
[1] "Chlamydomonas reinhardtii"
[1] NA
[1] "Chlamydomonas reinhardtii"
[1] NA
[1] "Ecoli DH5α"
[1] NA
[1] "Ecoli DH5α"
[1] NA
[1] "Ecoli DH5α"
[1] NA
[1] "human HEK293T cell line"
[1] NA
[1] "human HEK293T cell line"
[1] NA
[1] "human HEK293T cell line"
[1] NA
[1] "human HEK293T cell line"
[1] NA
