[1] NA
[1] "wt replicate1_10uM_Mg"
[1] NA
[1] "wt replicate2_10uM_Mg"
[1] NA
[1] "pair8 10uM_Mg"
[1] NA
[1] "pair14 10uM_Mg"
[1] NA
[1] "pair15 10uM_Mg"
[1] NA
[1] "pair13 10uM_Mg"
[1] NA
[1] "pair1 10uM_Mg"
[1] NA
[1] "pair4 10uM_Mg"
[1] NA
[1] "PhoQwt-PhoP4 0uM_tZ"
[1] NA
[1] "AQ4-PhoP4 0uM_tZ"
[1] NA
[1] "wt replicate1_50mM_Mg"
[1] NA
[1] "wt replicate2_50mM_Mg"
[1] NA
[1] "pair8 50mM_Mg"
[1] NA
[1] "pair14 50mM_Mg"
[1] NA
[1] "pair15 50mM_Mg"
[1] NA
[1] "pair13 50mM_Mg"
[1] NA
[1] "pair1 50mM_Mg"
[1] NA
[1] "pair4 50mM_Mg"
[1] NA
[1] "PhoQwt-PhoP4 1uM_tZ"
[1] NA
[1] "AQ4-PhoP4 1uM_tZ"
[1] NA
