[1] NA
[1] "t01 whole cell"
[1] NA
[1] "t01 whole cell"
[1] NA
[1] "t01 whole cell"
[1] NA
[1] "t01 whole cell"
[1] NA
[1] "t02 whole cell"
[1] NA
[1] "t02 whole cell"
[1] NA
[1] "t03 whole cell"
[1] NA
[1] "t03 whole cell"
[1] NA
[1] "t04 whole cell"
[1] NA
[1] "t04 whole cell"
[1] NA
[1] "t05 whole cell"
[1] NA
[1] "t05 whole cell"
[1] NA
[1] "t06 whole cell"
[1] NA
[1] "t06 whole cell"
[1] NA
[1] "t07 whole cell"
[1] NA
[1] "t07 whole cell"
[1] NA
[1] "t08 whole cell"
[1] NA
[1] "t08 whole cell"
[1] NA
[1] "t09 whole cell"
[1] NA
[1] "t09 whole cell"
[1] NA
[1] "t10 whole cell"
[1] NA
[1] "t10 whole cell"
[1] NA
[1] "t11 whole cell"
[1] NA
[1] "t11 whole cell"
[1] NA
[1] "t12 whole cell"
[1] NA
[1] "t12 whole cell"
[1] NA
[1] "t13 whole cell"
[1] NA
[1] "t13 whole cell"
[1] NA
[1] "t14 whole cell"
[1] NA
[1] "t15 whole cell"
[1] NA
[1] "t15 whole cell"
[1] NA
[1] "t16 whole cell"
[1] NA
[1] "t17 whole cell"
[1] NA
[1] "t17 whole cell"
[1] NA
[1] "t18 whole cell"
[1] NA
[1] "t18 whole cell"
[1] NA
[1] "t19 whole cell"
[1] NA
[1] "t19 whole cell"
[1] NA
[1] "t20 whole cell"
[1] NA
[1] "t21 whole cell"
[1] NA
[1] "t21 whole cell"
[1] NA
[1] "t22 whole cell"
[1] NA
[1] "t22 whole cell"
[1] NA
[1] "t23 whole cell"
[1] NA
[1] "t23 whole cell"
[1] NA
[1] "t24 whole cell"
[1] NA
[1] "t24 whole cell"
[1] NA
[1] "t25 whole cell"
[1] NA
[1] "t26 whole cell"
[1] NA
[1] "t26 whole cell"
[1] NA
[1] "t27 whole cell"
[1] NA
[1] "t27 whole cell"
[1] NA
[1] "t28 whole cell"
[1] NA
[1] "t28 whole cell"
[1] NA
[1] "t29 whole cell"
[1] NA
[1] "t29 whole cell"
[1] NA
