[1] NA
[1] "wild-type grown in CDM mid-log phase (OD 0.6)"
[1] NA
[1] "wild-type grown in CDM mid-log phase (OD 0.6)"
[1] NA
[1] "wild-type grown in CDM mid-log phase (OD 0.6)"
[1] NA
[1] "wild-type grown in CDM mid-log phase (OD 0.6)"
[1] NA
[1] "Δrr09 mutant grown in CDM mid-log phase (OD 0.6)"
[1] NA
[1] "Δrr09 mutant grown in CDM mid-log phase (OD 0.6)"
[1] NA
[1] "Δrr09 mutant grown in CDM mid-log phase (OD 0.6)"
[1] NA
[1] "Δrr09 mutant grown in CDM mid-log phase (OD 0.6)"
[1] NA
[1] "Δhk09 mutant grown in CDM mid-log phase (OD 0.6)"
[1] NA
[1] "Δhk09 mutant grown in CDM mid-log phase (OD 0.6)"
[1] NA
[1] "Δhk09 mutant grown in CDM mid-log phase (OD 0.6)"
[1] NA
[1] "Δhk09 mutant grown in CDM mid-log phase (OD 0.6)"
[1] NA
[1] "Δtcs09 mutant grown in CDM mid-log phase (OD 0.6)"
[1] NA
[1] "Δtcs09 mutant grown in CDM mid-log phase (OD 0.6)"
[1] NA
[1] "Δtcs09 mutant grown in CDM mid-log phase (OD 0.6)"
[1] NA
[1] "Δtcs09 mutant grown in CDM mid-log phase (OD 0.6)"
[1] NA
