[1] NA
[1] "3C-seq of wt cells in exponential phase in SMG at 37°C"
[1] NA
[1] "3C-seq of cells with Smc-CC435 in exponential phase in SMG at 37°C"
[1] NA
[1] "3C-seq of cells with Smc-CC431 in exponential phase in SMG at 37°C"
[1] NA
[1] "3C-seq of cells with Smc-CC425 in exponential phase in SMG at 37°C"
[1] NA
[1] "3C-seq of cells with Smc-CC425 in exponential phase in SMG at 37°C"
[1] NA
[1] "3C-seq of cells with Smc-CC421 in exponential phase in SMG at 37°C"
[1] NA
[1] "3C-seq of cells with Smc-CC253 in exponential phase in SMG at 37°C"
[1] NA
[1] "3C-seq of cells with Smc-CC253 in exponential phase in SMG at 37°C"
[1] NA
[1] "3C-seq of cells with wtSmc and parS at –9kb in exponential phase in SMG at 37°C"
[1] NA
[1] "3C-seq of cells with wtSmc and parS at –9kb in exponential phase in SMG at 37°C"
[1] NA
[1] "3C-seq of cells with Smc-CC435 and parS at –9kb in exponential phase in SMG at 37°C"
[1] NA
[1] "3C-seq of cells with Smc-CC431 and parS at –9kb in exponential phase in SMG at 37°C"
[1] NA
[1] "3C-seq of cells with Smc-CC425 and parS at –9kb in exponential phase in SMG at 37°C"
[1] NA
[1] "3C-seq of cells with Smc-CC425 and parS at –9kb in exponential phase in SMG at 37°C"
[1] NA
[1] "3C-seq of cells with Smc-CC421 and parS at –9kb in exponential phase in SMG at 37°C"
[1] NA
[1] "3C-seq of cells with Smc-CC253 and parS at –9kb in exponential phase in SMG at 37°C"
[1] NA
[1] "3C-seq time course t0 of wtSmc and parS at –9kb cells in exponential phase in SMG at 30°C"
[1] NA
[1] "3C-seq time course t20 of wtSmc and parS at –9kb cells in exponential phase in SMG at 30°C"
[1] NA
[1] "3C-seq time course t30 of wtSmc and parS at –9kb cells in exponential phase in SMG at 30°C"
[1] NA
[1] "3C-seq time course t40 of wtSmc and parS at –9kb cells in exponential phase in SMG at 30°C"
[1] NA
[1] "3C-seq time course t60 of wtSmc and parS at –9kb cells in exponential phase in SMG at 30°C"
[1] NA
[1] "3C-seq time course t0 of Smc-CC425 and parS at –9kb cells in exponential phase in SMG at 30°C"
[1] NA
[1] "3C-seq time course t20 of Smc-CC425 and parS at –9kb cells in exponential phase in SMG at 30°C"
[1] NA
[1] "3C-seq time course t30 of Smc-CC425 and parS at –9kb cells in exponential phase in SMG at 30°C"
[1] NA
[1] "3C-seq time course t40 of Smc-CC425 and parS at –9kb cells in exponential phase in SMG at 30°C"
[1] NA
[1] "3C-seq time course t60 of Smc-CC425 and parS at –9kb cells in exponential phase in SMG at 30°C"
[1] NA
[1] "3C-seq of cells with Smc-CC425 and parSopt at -304kb and –9kb in exponential phase in SMG at 37°C"
[1] NA
[1] "3C-seq of cells with Smc-CC425 and parSopt at -304kb in exponential phase in SMG at 37°C"
[1] NA
[1] "3C-seq of cells with Smc-CC425 and parSopt at -304kb in exponential phase in SMG at 37°C"
[1] NA
[1] "3C-seq of cells with wtSmc and parSopt at +328kb in exponential phase in SMG at 37°C"
[1] NA
[1] "3C-seq of cells with wtSmc and parSopt at +328kb in exponential phase in SMG at 37°C"
[1] NA
[1] "3C-seq of cells with wtSmc and parSopt at -304kb and –9kb in exponential phase in SMG at 37°C"
[1] NA
[1] "3C-seq of cells with wtSmc and parSopt at -304kb and –9kb in exponential phase in SMG at 37°C"
[1] NA
[1] "3C-seq of cells with wtSmc and parSopt at –9kb and +328kb in exponential phase in SMG at 37°C"
[1] NA
[1] "3C-seq of cells with wtSmc and parSopt at –9kb and +328kb in exponential phase in SMG at 37°C"
[1] NA
[1] "3C-seq of cells with wtSmc and parSopt at -304kb and +328kb in exponential phase in SMG at 37°C"
[1] NA
[1] "3C-seq of cells with wtSmc and parSopt at -304kb and +328kb in exponential phase in SMG at 37°C"
[1] NA
[1] "3C-seq of SMChigh cells in exponential phase in SMG at 37°C"
[1] NA
[1] "3C-seq of SMChigh cells in exponential phase in SMG at 37°C"
[1] NA
[1] "3C-seq of SMChigh cells and parSopt at –9kb in exponential phase in SMG at 37°C"
[1] NA
[1] "3C-seq of SMChigh cells and parSopt at –9kb in exponential phase in SMG at 37°C"
[1] NA
[1] "3C-seq of SMChigh cells and parSopt at –304kb in exponential phase in SMG at 37°C"
[1] NA
[1] "3C-seq of SMChigh cells and parSopt at –304kb in exponential phase in SMG at 37°C"
[1] NA
[1] "3C-seq of SMChigh cells and parSopt at -304kb and –9kb in exponential phase in SMG at 37°C"
[1] NA
[1] "3C-seq of SMChigh cells and parSopt at -304kb and –9kb in exponential phase in SMG at 37°C"
[1] NA
[1] "3C-seq time course of wtSmc and parS at –9kb cells in exponential phase in SMG at 37°C"
[1] NA
[1] "3C-seq time course of wtSmc and parS at -304kb and –9kb cells in exponential phase in SMG at 37°C"
[1] NA
[1] "3C-seq of cells with Smc-CC296 in exponential phase in SMG at 37°C"
[1] NA
[1] "3C-seq of cells with Smc-CC257 in exponential phase in SMG at 37°C"
[1] NA
[1] "3C-seq of cells with Smc-CC334, Spn hinge in exponential phase in SMG at 37°C"
[1] NA
[1] "3C-seq of cells with Smc-CC334, Spn hinge+CC100 in exponential phase in SMG at 37°C"
[1] NA
[1] "3C-seq of cells with wtSmc and parS334 (at -304kb) inactivated in exponential phase in SMG at 37°C"
[1] NA
[1] "3C-seq of cells with wtSmc and parS334 (at -304kb) mutated to parSopt in exponential phase in SMG at 37°C"
[1] NA
[1] "3C-seq time course of wtSmc and parS at –9kb cells in exponential phase in SMG at 37°C"
[1] NA
[1] "3C-seq time course of wtSmc and parS at –9kb cells in exponential phase in SMG at 37°C"
[1] NA
[1] "3C-seq time course of wtSmc and parS at –9kb cells in exponential phase in SMG at 37°C"
[1] NA
[1] "3C-seq time course of wtSmc and parS at –9kb cells in exponential phase in SMG at 37°C"
[1] NA
[1] "3C-seq time course of wtSmc and parS at -304kb and –9kb cells in exponential phase in SMG at 37°C"
[1] NA
[1] "3C-seq time course of wtSmc and parS at -304kb and –9kb cells in exponential phase in SMG at 37°C"
[1] NA
[1] "3C-seq time course of wtSmc and parS at -304kb and –9kb cells in exponential phase in SMG at 37°C"
[1] NA
[1] "3C-seq time course of wtSmc and parS at -304kb and –9kb cells in exponential phase in SMG at 37°C"
[1] NA
[1] "3C-seq of cells with Smc-CC425 and parSopt at -304kb in exponential phase in SMG at 37°C"
[1] NA
[1] "3C-seq of cells with Smc-CC425 and parS334 (at -304kb) inactivated in exponential phase in SMG at 37°C"
[1] NA
[1] "anti-scpB ChIP-seq of wt cells in exponential phase in SMG at 37°C"
[1] NA
[1] "anti-scpB ChIP-seq of cells with wtSmc and parS at –9kb in exponential phase in SMG at 37°C"
[1] NA
[1] "anti-scpB ChIP-seq of cells with Smc-CC425 in exponential phase in SMG at 37°C"
[1] NA
[1] "anti-scpB ChIP-seq of cells with Smc-CC425 and parS at –9kb in exponential phase in SMG at 37°C"
[1] NA
[1] "anti-scpB ChIP-seq time course t0 of wtSmc and parS at –9kb cells in exponential phase in SMG at 30°C"
[1] NA
[1] "anti-scpB ChIP-seq time course t20 of wtSmc and parS at –9kb cells in exponential phase in SMG at 30°C"
[1] NA
[1] "anti-scpB ChIP-seq time course t40 of wtSmc and parS at –9kb cells in exponential phase in SMG at 30°C"
[1] NA
[1] "anti-scpB ChIP-seq time course t60 of wtSmc and parS at –9kb cells in exponential phase in SMG at 30°C"
[1] NA
[1] "anti-scpB ChIP-seq time course t0 of Smc-CC425 and parS at –9kb cells in exponential phase in SMG at 30°C"
[1] NA
[1] "anti-scpB ChIP-seq time course t20 of Smc-CC425 and parS at –9kb cells in exponential phase in SMG at 30°C"
[1] NA
[1] "anti-scpB ChIP-seq time course t40 of Smc-CC425 and parS at –9kb cells in exponential phase in SMG at 30°C"
[1] NA
[1] "anti-scpB ChIP-seq time course t60 of Smc-CC425 and parS at –9kb cells in exponential phase in SMG at 30°C"
[1] NA
[1] "anti-scpB ChIP-seq of cells with wtSmc and parSopt at -304kb and –9kb cells in exponential phase in SMG at 37°C"
[1] NA
[1] "anti-scprB ChIP-seq of cells with wtSmc and parSopt at -304kb and +328kb cells in exponential phase in SMG at 37°C"
[1] NA
[1] "anti-scpB ChIP-seq of cells with wtSmc and parSopt at –9kb and +328kb in exponential phase in SMG at 37°C"
[1] NA
[1] "anti-scpB ChIP-seq of cells with wtSmc and parSopt at –9kb in exponential phase in SMG at 37°C"
[1] NA
[1] "anti-scpB ChIP-seq of SMChigh cells in exponential phase in SMG at 37°C"
[1] NA
[1] "anti-scpB ChIP-seq of SMChigh cells and parSopt at –9kb in exponential phase in SMG at 37°C"
[1] NA
[1] "anti-scpB ChIP-seq of SMChigh cells and parSopt at -304kb and –9kb in exponential phase in SMG at 37°C"
[1] NA
[1] "anti-scpB ChIP-seq of del8parS cells in exponential phase in SMG at 37°C"
[1] NA
[1] "anti-parB ChIP-seq of del8parS cells in exponential phase in SMG at 37°C"
[1] NA
[1] "anti-parB ChIP-seq of cells with wtSmc and parSopt at –9kb in exponential phase in SMG at 37°C"
[1] NA
[1] "anti-parB ChIP-seq of cells with wtSmc and parSopt at -304kb and –9kb cells in exponential phase in SMG at 37°C"
[1] NA
[1] "anti-parB ChIP-seq of cells with wtSmc and parSopt at –9kb and +328kb in exponential phase in SMG at 37°C"
[1] NA
[1] "anti-parB ChIP-seq of cells with wtSmc and parSopt at -304kb and +328kb cells in exponential phase in SMG at 37°C"
[1] NA
[1] "anti-parB ChIP-seq of SMChigh cells in exponential phase in SMG at 37°C"
[1] NA
[1] "anti-parB ChIP-seq of SMChigh cells and parSopt at –9kb in exponential phase in SMG at 37°C"
[1] NA
[1] "anti-parB ChIP-seq of SMChigh cells and parSopt at -304kb and –9kb in exponential phase in SMG at 37°C"
[1] NA
[1] "3C-seq control for rifampicin treatment of wt cells in exponential phase in SMG at 37°C."
[1] NA
[1] "3C-seq of wt cells in exponential phase in SMG at 37°C."
[1] NA
[1] "3C-seq control for rifampicin treatment of cells with Smc-CC425 in exponential phase in SMG at 37°C."
[1] NA
[1] "3C-seq for rifampicin treatment of cells with Smc-CC425 in exponential phase in SMG at 37°C."
[1] NA
[1] "3C-seq control for rifampicin treatment of cells with wtSmc and parS at –9kb in exponential phase in SMG at 37°C."
[1] NA
[1] "3C-seq for rifampicin treatment of cells with wtSmc and parS at –9kb in exponential phase in SMG at 37°C."
[1] NA
[1] "3C-seq control for rifampicin treatment of cells with Smc-CC425 and parS at –9kb in exponential phase in SMG at 37°C."
[1] NA
[1] "3C-seq for rifampicin treatment of cells with Smc-CC425 and parS at –9kb in exponential phase in SMG at 37°C."
[1] NA
[1] "3C-seq control for rifampicin treatment of cells with Smc-CC425 and parSopt at -304kb and –9kb in exponential phase in SMG at 37°C."
[1] NA
[1] "3C-seq for rifampicin treatment of cells with Smc-CC425 and parSopt at -304kb and –9kb in exponential phase in SMG at 37°C."
[1] NA
[1] "3C-seq control for rifampicin treatment of cells with wtSmc and parSopt at -304kb and –9kb in exponential phase in SMG at 37°C."
[1] NA
[1] "3C-seq for rifampicin treatment of cells with wtSmc and parSopt at -304kb and –9kb in exponential phase in SMG at 37°C."
[1] NA
[1] "3C-seq control for rifampicin treatment of SMChigh cells in exponential phase in SMG at 37°C."
[1] NA
[1] "3C-seq for rifampicin treatment of SMChigh cells in exponential phase in SMG at 37°C."
[1] NA
[1] "3C-seq control for rifampicin treatment of SMChigh cells and parSopt at –9kb in exponential phase in SMG at 37°C."
[1] NA
[1] "3C-seq for rifampicin treatment of SMChigh cells and parSopt at –9kb in exponential phase in SMG at 37°C."
[1] NA
[1] "3C-seq control for rifampicin treatment of SMChigh cells and parSopt at -304kb and –9kb in exponential phase in SMG at 37°C."
[1] NA
[1] "3C-seq for rifampicin treatment of SMChigh cells and parSopt at -304kb and –9kb in exponential phase in SMG at 37°C."
[1] NA
