[1] "MAS5.0 signal intensity"
[1] "Bb dks mutant B31A3-2-dks in BSK rep1"
[1] NA
[1] "Bb dks mutant B31A3-2-dks in BSK rep2"
[1] NA
[1] "Bb dks mutant B31A3-2-dks in BSK rep3"
[1] NA
[1] "Bb dks mutant B31A3-1-dks in RPMI rep1"
[1] NA
[1] "Bb dks mutant B31A3-1-dks in RPMI rep2"
[1] NA
[1] "Bb dks mutant B31A3-1-dks in RPMI rep3"
[1] NA
[1] "Bb wt B31A3-2 in BSK rep1"
[1] NA
[1] "Bb wt B31A3-2 in BSK rep2"
[1] NA
[1] "Bb wt B31A3-2 in BSK rep3"
[1] NA
[1] "Bb wt B31A3-2 in RPMI rep1"
[1] NA
[1] "Bb wt B31A3-2 in RPMI rep2"
[1] NA
[1] "Bb wt B31A3-2 in RPMI rep3"
[1] NA
