[1] "Normalized log (2) ratio of Cy5/Cy3"
[1] "REL606, exponential phase, LB"
[1] NA
[1] "REL606, exponential phase, LB"
[1] NA
[1] "REL606, stationary phase, LB"
[1] NA
[1] "REL606, stationary phase, LB"
[1] NA
[1] "REL606, exponential phase, LB"
[1] NA
[1] "REL606, exponential phase, LB"
[1] NA
[1] "MG1655, exponential phase, LB"
[1] NA
[1] "MG1655, exponential phase, LB"
[1] NA
[1] "REL606, exponential phase, LB"
[1] NA
[1] "REL606, exponential phase, LB"
[1] NA
[1] "MG1655, stationary phase, LB"
[1] NA
[1] "MG1655, stationary phase, LB"
[1] NA
