[1] NA
[1] "hfq::3xFLAG P_XL+"
[1] NA
[1] "hfq::3xFLAG P_XL+"
[1] NA
[1] "hfq::3xFLAG P_XL+"
[1] NA
[1] "hfq::3xFLAG P_XL-"
[1] NA
[1] "hfq::3xFLAG P_XL-"
[1] NA
[1] "hfq::3xFLAG P_XL-"
[1] NA
[1] "hfq::3xFLAG B_XL+"
[1] NA
[1] "hfq::3xFLAG B_XL+"
[1] NA
[1] "hfq::3xFLAG B_XL+"
[1] NA
[1] "hfq::3xFLAG B_XL-"
[1] NA
[1] "hfq::3xFLAG B_XL-"
[1] NA
[1] "hfq::3xFLAG B_XL-"
[1] NA
[1] "hfq::3xFLAG P"
[1] NA
[1] "hfq::3xFLAG P"
[1] NA
[1] "hfq::3xFLAG P"
[1] NA
[1] "hfq::3xFLAG B"
[1] NA
[1] "hfq::3xFLAG B"
[1] NA
[1] "hfq::3xFLAG B"
[1] NA
