[1] NA
[1] "CAMHB 0ug/mL Nafcillin"
[1] NA
[1] "CAMHB 0ug/mL Nafcillin"
[1] NA
[1] "CAMHB 0ug/mL Nafcillin"
[1] NA
[1] "CAMHB 0ug/mL Nafcillin"
[1] NA
[1] "CAMHB 0ug/mL Nafcillin"
[1] NA
[1] "CAMHB 0ug/mL Nafcillin"
[1] NA
[1] "CAMHB 0ug/mL Nafcillin"
[1] NA
[1] "CAMHB 0.5ug/mL Nafcillin"
[1] NA
[1] "CAMHB 0.5ug/mL Nafcillin"
[1] NA
[1] "CAMHB 0.5ug/mL Nafcillin"
[1] NA
[1] "CAMHB 0.5ug/mL Nafcillin"
[1] NA
[1] "CAMHB 0.5ug/mL Nafcillin"
[1] NA
[1] "CAMHB 0.5ug/mL Nafcillin"
[1] NA
[1] "CAMHB 0.5ug/mL Nafcillin"
[1] NA
[1] "CAMHB 15ug/mL Nafcillin"
[1] NA
[1] "CAMHB 15ug/mL Nafcillin"
[1] NA
[1] "CAMHB 15ug/mL Nafcillin"
[1] NA
[1] "CAMHB 15ug/mL Nafcillin"
[1] NA
[1] "CAMHB 15ug/mL Nafcillin"
[1] NA
[1] "CAMHB 15ug/mL Nafcillin"
[1] NA
[1] "CAMHB 15ug/mL Nafcillin"
[1] NA
[1] "CAMHB 20ug/mL Nafcillin"
[1] NA
[1] "CAMHB 20ug/mL Nafcillin"
[1] NA
[1] "CAMHB 20ug/mL Nafcillin"
[1] NA
[1] "CAMHB 20ug/mL Nafcillin"
[1] NA
[1] "CAMHB 20ug/mL Nafcillin"
[1] NA
[1] "CAMHB 20ug/mL Nafcillin"
[1] NA
[1] "CAMHB 20ug/mL Nafcillin"
[1] NA
[1] "R10LB 0ug/mL Nafcillin"
[1] NA
[1] "R10LB 0ug/mL Nafcillin"
[1] NA
[1] "R10LB 0ug/mL Nafcillin"
[1] NA
[1] "R10LB 0ug/mL Nafcillin"
[1] NA
[1] "R10LB 0ug/mL Nafcillin"
[1] NA
[1] "R10LB 0ug/mL Nafcillin"
[1] NA
[1] "R10LB 0ug/mL Nafcillin"
[1] NA
[1] "R10LB 0.5ug/mL Nafcillin"
[1] NA
[1] "R10LB 0.5ug/mL Nafcillin"
[1] NA
[1] "R10LB 0.5ug/mL Nafcillin"
[1] NA
[1] "R10LB 0.5ug/mL Nafcillin"
[1] NA
[1] "R10LB 0.5ug/mL Nafcillin"
[1] NA
[1] "R10LB 0.5ug/mL Nafcillin"
[1] NA
[1] "R10LB 0.5ug/mL Nafcillin"
[1] NA
