[1] NA
[1] "Escherichia coli"
[1] NA
[1] "Escherichia coli"
[1] NA
[1] "Escherichia coli"
[1] NA
[1] "Escherichia coli"
[1] NA
[1] "Escherichia coli"
[1] NA
[1] "Escherichia coli"
[1] NA
[1] "Escherichia coli"
[1] NA
[1] "Escherichia coli"
[1] NA
[1] "Escherichia coli"
[1] NA
[1] "HEK293"
[1] NA
[1] "HEK293"
[1] NA
[1] "HEK293"
[1] NA
[1] "HEK293"
[1] NA
[1] "HEK293"
[1] NA
[1] "HEK293"
[1] NA
[1] "HEK293"
[1] NA
[1] "HEK293"
[1] NA
[1] "HEK293"
[1] NA
[1] "HEK293"
[1] NA
[1] "HEK293"
[1] NA
[1] "HEK293"
[1] NA
[1] "HEK293"
[1] NA
[1] "HEK293"
[1] NA
[1] "HEK293"
[1] NA
[1] "HEK293"
[1] NA
[1] "HEK293"
[1] NA
[1] "HEK293"
[1] NA
