[1] "signal intensity (gProcessedSignal) obtained by applying the Feature Extraction protocol for 1 color gene expression arrays (GE1 1105_Oct12)."
[1] "168 lysis.phase"
[1] NA
[1] "168 lysis.phase"
[1] NA
[1] "168 lysis.phase"
[1] NA
[1] "168 Δtat lysis.phase"
[1] NA
[1] "168 Δtat lysis.phase"
[1] NA
[1] "168 Δtat lysis.phase"
[1] NA
[1] "168 recovery.phase"
[1] NA
[1] "168 recovery.phase"
[1] NA
[1] "168 recovery.phase"
[1] NA
[1] "168 Δtat recovery.phase"
[1] NA
[1] "168 Δtat recovery.phase"
[1] NA
[1] "168 Δtat recovery.phase"
[1] NA
[1] "168 DS313 recovery.phase"
[1] NA
[1] "168 DS313 recovery.phase"
[1] NA
[1] "168 DS313 recovery.phase"
[1] NA
