[1] "-[INV VALUE]"
[1] "Salmonella typhimurium, No heterophils encountered (0M-ST)"
[1] NA
[1] "Salmonella typhimurium, Heterophils encountered (30M-B3)"
[1] NA
[1] "Salmonella typhimurium, No heterophils encountered (0M-ST)"
[1] NA
[1] "Salmonella typhimurium. Heterophils encountered (30M-B4)"
[1] NA
[1] "Salmonella typhimurium, No heterophils encountered (0M-ST)"
[1] NA
[1] "Salmonella typhimurium. Heterophils encountered (60M-B3)"
[1] NA
[1] "Salmonella typhimurium, No heterophils encountered (0M-ST)"
[1] NA
[1] "Salmonella typhimurium. Heterophils encountered (60M-B4)"
[1] NA
[1] "Salmonella typhimurium, No heterophils encountered (0M-ST)"
[1] NA
[1] "Salmonella typhimurium. Heterophils encountered (120M-B3)"
[1] NA
[1] "Salmonella typhimurium, No heterophils encountered (0M-ST)"
[1] NA
[1] "Salmonella typhimurium. Heterophils encountered (120M-B4)"
[1] NA
[1] "Salmonella typhimurium, No heterophils encountered (0M-ST)"
[1] NA
[1] "Salmonella typhimurium. Heterophils encountered (180M-B3)"
[1] NA
[1] "Salmonella typhimurium, No heterophils encountered (0M-ST)"
[1] NA
[1] "Salmonella typhimurium. Heterophils encountered (180M-B4)"
[1] NA
