[1] NA
[1] "biofilm colony"
[1] NA
[1] "biofilm colony"
[1] NA
[1] "biofilm colony"
[1] NA
[1] "biofilm colony"
[1] NA
[1] "biofilm colony"
[1] NA
[1] "biofilm colony"
[1] NA
[1] "biofilm colony"
[1] NA
[1] "biofilm colony"
[1] NA
[1] "biofilm colony"
[1] NA
[1] "biofilm colony"
[1] NA
[1] "biofilm colony"
[1] NA
[1] "biofilm colony"
[1] NA
[1] "biofilm colony"
[1] NA
[1] "biofilm colony"
[1] NA
[1] "biofilm colony"
[1] NA
[1] "biofilm colony"
[1] NA
[1] "biofilm colony"
[1] NA
[1] "biofilm colony"
[1] NA
[1] "biofilm colony"
[1] NA
[1] "biofilm colony"
[1] NA
[1] "biofilm colony"
[1] NA
[1] "biofilm colony"
[1] NA
[1] "biofilm colony"
[1] NA
[1] "biofilm colony"
[1] NA
[1] "biofilm colony"
[1] NA
[1] "biofilm colony"
[1] NA
[1] "biofilm colony"
[1] NA
[1] "biofilm colony"
[1] NA
