[1] NA
[1] "clinical isolate derived from Charité Berlin"
[1] NA
[1] "clinical isolate derived from Charité Berlin"
[1] NA
[1] "clinical isolate CH2658 passaged in G. mellonella (first passage)"
[1] NA
[1] "clinical isolate CH2658 passaged in G. mellonella (first passage)"
[1] NA
[1] "clinical isolate CH2658 passaged in G. mellonella (second passage)"
[1] NA
[1] "clinical isolate CH2658 passaged in G. mellonella (second passage)"
[1] NA
[1] "clinical isolate CH2658 passaged in G. mellonella (third passage)"
[1] NA
[1] "clinical isolate CH2658 passaged in G. mellonella (third passage)"
[1] NA
[1] "clinical isolate CH2658 passaged in G. mellonella (fourth passage)"
[1] NA
[1] "clinical isolate CH2658 passaged in G. mellonella (fourth passage)"
[1] NA
[1] "Fourth G. mellonella Passage of CH2658 cultivated in LB  (day 1; 2 passages)"
[1] NA
[1] "Fourth G. mellonella Passage of CH2658 cultivated in LB  (day 1; 2 passages)"
[1] NA
[1] "Fourth G. mellonella Passage of CH2658 cultivated in LB  (day 2; 4 passages)"
[1] NA
[1] "Fourth G. mellonella Passage of CH2658 cultivated in LB  (day 2; 4 passages)"
[1] NA
[1] "Fourth G. mellonella Passage of CH2658 cultivated in LB  (day 3; 6 passages)"
[1] NA
[1] "Fourth G. mellonella Passage of CH2658 cultivated in LB  (day 3; 6 passages)"
[1] NA
[1] "Fourth G. mellonella Passage of CH2658 cultivated in LB  (day 4; 8 passages)"
[1] NA
[1] "Fourth G. mellonella Passage of CH2658 cultivated in LB  (day 4; 8 passages)"
[1] NA
[1] "clinical isolate CH2658 passaged in LB as control for four days (two passages a day)"
[1] NA
[1] "clinical isolate CH2658 passaged in LB as control for four days (two passages a day)"
[1] NA
[1] "clinical isolate CH2658 passaged in LB and an overlay of paraffin as control for four days (two passages a day)"
[1] NA
[1] "clinical isolate CH2658 passaged in LB and an overlay of paraffin as control for four days (two passages a day)"
[1] NA
[1] "clinical isolate CH2658 passaged in the presence of 5 % linolenic acid for four days ( 2 passages a day)"
[1] NA
[1] "clinical isolate CH2658 passaged in the presence of 5 % linolenic acid for four days ( 2 passages a day)"
[1] NA
[1] "clinical isolate CH2658 passaged in the presence of 5 % linolenic acid and an overlay of paraffin for four days ( 2 passages a day)"
[1] NA
[1] "clinical isolate CH2658 passaged in the presence of 5 % linolenic acid and an overlay of paraffin for four days ( 2 passages a day)"
[1] NA
