[1] "normalized log2 intensities calculated by RMA"
[1] "MG1655, glucose minimal medium, control"
[1] NA
[1] "MG1655, glucose minimal medium, control"
[1] NA
[1] "MG1655, mucus (10 mg/ml), test"
[1] NA
[1] "MG1655, mucus (10 mg/ml), test"
[1] NA
[1] "EDL933, glucose minimal medium, control"
[1] NA
[1] "EDL933, glucose minimal medium, control"
[1] NA
[1] "EDL933, mucus (10 mg/ml), test"
[1] NA
[1] "EDL933, mucus (10 mg/ml), test"
[1] NA
[1] "ECOR26, glucose minimal medium, control"
[1] NA
[1] "ECOR26, glucose minimal medium, control"
[1] NA
[1] "ECOR26, mucus (10 mg/ml), test"
[1] NA
[1] "ECOR26, mucus (10 mg/ml), test"
[1] NA
[1] "NISSLE, glucose minimal medium, control"
[1] NA
[1] "NISSLE, glucose minimal medium, control"
[1] NA
[1] "NISSLE, mucus (10 mg/ml), test"
[1] NA
[1] "NISSLE, mucus (10 mg/ml), test"
[1] NA
