[1] "Relative Volume Difference"
[1] "E. coli treated with IPTG"
[1] NA
[1] "E. coli treated with Chloramphenicol"
[1] NA
[1] "E. coli treated with Erythromycin"
[1] NA
[1] "E. coli treated with Hygromycin B"
[1] NA
[1] "E. coli treated with Kanamycin"
[1] NA
[1] "E. coli treated with Nalidixic Acid"
[1] NA
[1] "E. coli treated with Paromomycin"
[1] NA
[1] "E. coli treated with Promethazine"
[1] NA
[1] "E. coli treated with Puromycin"
[1] NA
[1] "E. coli treated with Rifampicin"
[1] NA
[1] "E. coli treated with Spectinomycin"
[1] NA
[1] "E. coli treated with Streptomycin"
[1] NA
[1] "E. coli treated with Sulfisoxazole"
[1] NA
[1] "E. coli treated with Tetracycline"
[1] NA
[1] "E. coli treated with Erythromycin and Promethazine"
[1] NA
[1] "E. coli treated with Paromomycin and Rifampicin"
[1] NA
[1] "E. coli treated with Paromomycin and Streptomycin"
[1] NA
