[1] "Signal"
[1] "Sa strain 315 bilogical rep 1"
[1] NA
[1] "Sa strain 315 bilogical rep 2"
[1] NA
[1] "Sa strain 315 bilogical rep 3"
[1] NA
[1] "Sa strain 1166 bilogical rep 1"
[1] NA
[1] "Sa strain 1166 bilogical rep 2"
[1] NA
[1] "Sa strain 1166 bilogical rep 3"
[1] NA
[1] "Sa strain 1167 bilogical rep 1"
[1] NA
[1] "Sa strain 1167 bilogical rep 2"
[1] NA
[1] "Sa strain 1167 bilogical rep 3"
[1] NA
[1] "Sa strain 1168 (Newbould) bilogical rep 1"
[1] NA
[1] "Sa strain 1168 (Newbould) bilogical rep 2"
[1] NA
[1] "Sa strain 1168 (Newbould) bilogical rep 3"
[1] NA
[1] "Sa strain 1170 bilogical rep 1"
[1] NA
[1] "Sa strain 1170 bilogical rep 2"
[1] NA
[1] "Sa strain 1170 bilogical rep 3"
[1] NA
[1] "Sa strain 1171 bilogical rep 1"
[1] NA
[1] "Sa strain 1171 bilogical rep 2"
[1] NA
[1] "Sa strain 1171 bilogical rep 3"
[1] NA
[1] "Sa strain 1173 bilogical rep 1"
[1] NA
[1] "Sa strain 1173 bilogical rep 2"
[1] NA
[1] "Sa strain 1173 bilogical rep 3"
[1] NA
[1] "Sa strain 1174 bilogical rep 1"
[1] NA
[1] "Sa strain 1174 bilogical rep 2"
[1] NA
[1] "Sa strain 1174 bilogical rep 3"
[1] NA
[1] "Sa strain 1178 bilogical rep 1"
[1] NA
[1] "Sa strain 1178 bilogical rep 2"
[1] NA
[1] "Sa strain 1178 bilogical rep 3"
[1] NA
[1] "Sa strain 1179 (RF122) bilogical rep 1"
[1] NA
[1] "Sa strain 1179 (RF122) bilogical rep 2"
[1] NA
[1] "Sa strain 1179 (RF122) bilogical rep 3"
[1] NA
[1] "Sa strain 1183 bilogical rep 1"
[1] NA
[1] "Sa strain 1183 bilogical rep 2"
[1] NA
[1] "Sa strain 1183 bilogical rep 3"
[1] NA
