[1] "log of ch1 % of total / ch2 % of total"
[1] "MDA 2D IT Nude"
[1] NA
[1] "PC3 2D IT Nude"
[1] NA
[1] "MDA 2D IT Nude"
[1] NA
[1] "Liver 2D IV Nude"
[1] NA
[1] "MDA 2D IT Nude"
[1] NA
[1] "PC3 2D IT Nude"
[1] NA
[1] "PC3 2D IT Nude"
[1] NA
[1] "PC3 2D IT Nude"
[1] NA
[1] "Spleen 2D IV Nude"
[1] NA
[1] "MDA 2D IT Nude"
[1] NA
[1] "MDA 2D IT Nude"
[1] NA
[1] "Spleen 2D IV Nude"
[1] NA
[1] "Liver 2D IV Nude"
[1] NA
[1] "Spleen 2D IV Nude"
[1] NA
[1] "MDA 2D IT Nude"
[1] NA
[1] "PC3 2D IT Nude"
[1] NA
[1] "PC3 2D IT Nude"
[1] NA
[1] "Liver 2D IV Nude"
[1] NA
[1] "Lung 2D IV Nude"
[1] NA
[1] "Lung 2D IV Nude"
[1] NA
[1] "Lung 2D IV Nude"
[1] NA
