[1] "Signal"
[1] "Ct strain L2 biological rep 1"
[1] NA
[1] "Ct strain L2 biological rep 2"
[1] NA
[1] "Ct strain L2 biological rep 3"
[1] NA
[1] "Ct strain L2 biological rep 4"
[1] NA
[1] "Ct strain L2 biological rep 5"
[1] NA
[1] "Ct strain L2 biological rep 6"
[1] NA
[1] "Ct strain L2R biological rep 1"
[1] NA
[1] "Ct strain L2R biological rep 2"
[1] NA
[1] "Ct strain L2R biological rep 3"
[1] NA
[1] "Ct strain L2R biological rep 4"
[1] NA
[1] "Ct strain L2R biological rep 5"
[1] NA
[1] "Ct strain L2R biological rep 6"
[1] NA
[1] "RNA from mock infected biological rep 1"
[1] NA
[1] "RNA from mock infected biological rep 2"
[1] NA
[1] "RNA from mock infected biological rep 3"
[1] NA
[1] "RNA from mock infected biological rep 4"
[1] NA
[1] "RNA from mock infected biological rep 5"
[1] NA
[1] "RNA from mock infected biological rep 6"
[1] NA
