[1] NA
[1] "Broth culture of M. bovis BCG WT, Ambient (21% O2, 0% CO2) shaking, 7 days"
[1] NA
[1] "Broth culture of M. bovis BCG (pMBC357)/ hypoxia supplemented with CO2 (1.3% O2, 5% CO2) shaking, 7 days,"
[1] NA
[1] "Broth culture of M. bovis BCG (pMBC357)/ hypoxia supplemented with CO2 (1.3% O2, 5% CO2) shaking, 7 days; 10mM final dibutyrl cAMP added on day 3"
[1] NA
[1] "Broth culture of M. bovis BCG hypoxia supplemented with CO2 (1.3% O2, 5% CO2) shaking, 7 days,10mM final dibutyrl cAMP added on day 3"
[1] NA
[1] "Broth culture of M. bovis BCG hypoxia supplemented with CO2 (1.3% O2, 5% CO2) shaking, 7 days,"
[1] NA
[1] "Broth culture of M. bovis BCG (p0805:Rv1264cat)/ hypoxia supplemented with CO2 (1.3% O2, 5% CO2) shaking, 7 days,"
[1] NA
[1] "Broth culture of M. bovis BCG WT, Ambient (21% O2, 0% CO2) shaking, 10 days, washed and resuspended in fresh media for 24 h"
[1] "24"
[1] "valid gsm... but no data in gsm data table! getting supplementary file (which may or may not contain the data) and writing to subfolder"
[1] "Broth culture of M. bovis BCG WT, Ambient (21% O2, 0% CO2) shaking, 10 days, washed and resuspended in PBS for 24 h"
[1] "24"
[1] "valid gsm... but no data in gsm data table! getting supplementary file (which may or may not contain the data) and writing to subfolder"
[1] "Broth culture of M. bovis BCG hypoxia supplemented with CO2 (1.3% O2, 5% CO2) shaking, 7 days,"
[1] NA
[1] "Broth culture of M. bovis BCG (p0805:Rv1264cat)/ hypoxia supplemented with CO2 (1.3% O2, 5% CO2) shaking, 7 days,"
[1] NA
