[1] NA
[1] "wild type 37 °C control"
[1] NA
[1] "wild type 37 °C control"
[1] NA
[1] "wild type 37 °C control"
[1] NA
[1] "wild type 48 °C"
[1] NA
[1] "wild type 48 °C"
[1] NA
[1] "wild type 48 °C"
[1] NA
[1] "wild type 53 °C"
[1] NA
[1] "wild type 53 °C"
[1] NA
[1] "wild type 53 °C"
[1] NA
[1] "wild type 48/53 °C"
[1] NA
[1] "wild type 48/53 °C"
[1] NA
[1] "wild type 48/53 °C"
[1] NA
[1] "ΔrelA 37 °C"
[1] NA
[1] "ΔrelA 37 °C"
[1] NA
[1] "ΔrelA 37 °C"
[1] NA
[1] "ΔrelA 48 °C"
[1] NA
[1] "ΔrelA 48 °C"
[1] NA
[1] "ΔrelA 48 °C"
[1] NA
[1] "(p)ppGpp0 37 °C"
[1] NA
[1] "(p)ppGpp0 37 °C"
[1] NA
[1] "(p)ppGpp0 37 °C"
[1] NA
[1] "(p)ppGpp0 48 °C"
[1] NA
[1] "(p)ppGpp0 48 °C"
[1] NA
[1] "(p)ppGpp0 48 °C"
[1] NA
[1] "wild type 37 °C (control) noPP"
[1] NA
[1] "wild type 48 °C noPP"
[1] NA
[1] "wild type 53 °C noPP"
[1] NA
[1] "wild type 48/53 °C noPP"
[1] NA
[1] "ΔrelA 37 °C noPP"
[1] NA
[1] "ΔrelA 48 °C noPP"
[1] NA
[1] "(p)ppGpp0 37 °C noPP"
[1] NA
[1] "(p)ppGpp0 48 °C noPP"
[1] NA
