[1] "normalized to the negative controls"
[1] "non-spiked tomato RNA"
[1] NA
[1] "HAV-spiked tomato"
[1] NA
[1] "non-spiked tomato RNA"
[1] NA
[1] "HAV-spiked tomato"
[1] NA
[1] "non-spiked tomato RNA"
[1] NA
[1] "HAV-spiked tomato"
[1] NA
[1] "negative control RNA"
[1] NA
[1] "HAV-spiked green onion"
[1] NA
[1] "negative control RNA"
[1] NA
[1] "NoV-spiked celery, RNeasy kit extraction"
[1] NA
[1] "NoV-spiked celery, QIAamp viral kit extraction"
[1] NA
[1] "NoV-spiked celery, QIAamp viral kit with tRNA extraction"
[1] NA
[1] "NoV-spiked celery, PowerPlant kit extraction"
[1] NA
[1] "non-spiked celery RNA"
[1] NA
[1] "NoV-spiked celery"
[1] NA
[1] "HAV-spiked celery"
[1] NA
[1] "NoV/HAV-spiked celery"
[1] NA
