[1] NA
[1] "Agrobacterium tumefaciens C58"
[1] NA
[1] "Agrobacterium tumefaciens C58"
[1] NA
[1] "Agrobacterium tumefaciens C58"
[1] NA
[1] "Agrobacterium tumefaciens C58"
[1] NA
[1] "Bacillus subtilis PY79"
[1] NA
[1] "Bacillus subtilis PY79"
[1] NA
[1] "Bacillus subtilis PY79"
[1] NA
[1] "Bacillus subtilis PY79"
[1] NA
[1] "Bacillus subtilis PY79"
[1] NA
[1] "Bacillus subtilis PY79"
[1] NA
[1] "Bacillus subtilis PY79"
[1] NA
[1] "Bacillus subtilis PY79"
[1] NA
[1] "Bacillus subtilis PY79"
[1] NA
[1] "Bacillus subtilis PY79"
[1] NA
[1] "Bacillus subtilis PY79"
[1] NA
[1] "Agrobacterium tumefaciens C58"
[1] NA
[1] "Agrobacterium tumefaciens C58"
[1] NA
[1] "Agrobacterium tumefaciens C58"
[1] NA
[1] "Agrobacterium tumefaciens C58"
[1] NA
[1] "Agrobacterium tumefaciens C58"
[1] NA
[1] "Agrobacterium tumefaciens C58"
[1] NA
[1] "Agrobacterium tumefaciens C58"
[1] NA
[1] "Agrobacterium tumefaciens C58"
[1] NA
[1] "Agrobacterium tumefaciens C58"
[1] NA
[1] "Agrobacterium tumefaciens C58"
[1] NA
[1] "Agrobacterium tumefaciens C58"
[1] NA
[1] "Agrobacterium tumefaciens C58"
[1] NA
[1] "Agrobacterium tumefaciens C58"
[1] NA
[1] "Agrobacterium tumefaciens C58"
[1] NA
