[1] NA
[1] "168 relA D264G"
[1] NA
[1] "168 Wildtype"
[1] NA
[1] "Inducible argS with 15 μM IPTG"
[1] NA
[1] "Inducible argS with 30 μM IPTG"
[1] NA
[1] "Inducible argS with 500 μM IPTG"
[1] NA
[1] "168 Wildtype with 500 μM IPTG"
[1] NA
[1] "Inducible ileS with 10 μM IPTG"
[1] NA
[1] "Inducible ileS with 15 μM IPTG + relA D264G mutation"
[1] NA
[1] "Inducible ileS with 15 μM IPTG"
[1] NA
[1] "Inducible ileS with 30 μM IPTG"
[1] NA
[1] "Inducible ileS with 500 μM IPTG"
[1] NA
[1] "Inducible leuS with 25 μM IPTG"
[1] NA
[1] "Inducible leuS with 27 μM IPTG + relA D264G mutation"
[1] NA
[1] "Inducible leuS with 27 μM IPTG"
[1] NA
[1] "Inducible leuS with 30 μM IPTG"
[1] NA
[1] "Inducible leuS with 35 μM IPTG"
[1] NA
[1] "Inducible leuS with 40 μM IPTG"
[1] NA
[1] "Inducible leuS with 500 μM IPTG"
[1] NA
[1] "Inducible no insert construct with 500 μM IPTG"
[1] NA
[1] "Inducible serS with 5 μM IPTG"
[1] NA
[1] "Inducible serS with 10 μM IPTG + relA D264G mutation"
[1] NA
[1] "Inducible serS with 10 μM IPTG"
[1] NA
[1] "Inducible serS with 20 μM IPTG"
[1] NA
[1] "Inducible serS with 500 μM IPTG"
[1] NA
[1] "168 WT"
[1] NA
[1] "Inducible argS with 500 μM IPTG"
[1] NA
[1] "Inducible argS with 70 μM IPTG"
[1] NA
[1] "Inducible argS with 40 μM IPTG"
[1] NA
[1] "Inducible argS with 30 μM IPTG"
[1] NA
[1] "Inducible argS with 25 μM IPTG"
[1] NA
[1] "Inducible argS with 15 μM IPTG"
[1] NA
[1] "Inducible argS with 10 μM IPTG"
[1] NA
[1] "Inducible ileS with 500 μM IPTG"
[1] NA
[1] "Inducible ileS with 70 μM IPTG"
[1] NA
[1] "Inducible ileS with 40 μM IPTG"
[1] NA
[1] "Inducible ileS with 30 μM IPTG"
[1] NA
[1] "Inducible ileS with 25 μM IPTG"
[1] NA
[1] "Inducible ileS with 20 μM IPTG"
[1] NA
[1] "Inducible ileS with 15 μM IPTG"
[1] NA
[1] "Inducible ileS with 10 μM IPTG"
[1] NA
