[1] NA
[1] "MMC Library 1"
[1] NA
[1] "MMC Library 2"
[1] NA
[1] "MMC Library 3"
[1] NA
[1] "MMC Starter Culture 1"
[1] NA
[1] "MMC Starter Culture 2"
[1] NA
[1] "MMC Starter Culture 3"
[1] NA
[1] "Growth period 1 control"
[1] NA
[1] "Growth period 1 control"
[1] NA
[1] "Growth period 1 control"
[1] NA
[1] "Growth period 1 MMC treated"
[1] NA
[1] "Growth period 1 MMC treated"
[1] NA
[1] "Growth period 1 MMC treated"
[1] NA
[1] "Growth period 2 control"
[1] NA
[1] "Growth period 2 control"
[1] NA
[1] "Growth period 2 control"
[1] NA
[1] "Growth period 2 MMC treated"
[1] NA
[1] "Growth period 2 MMC treated"
[1] NA
[1] "Growth period 2 MMC treated"
[1] NA
[1] "Growth period 3 control"
[1] NA
[1] "Growth period 3 control"
[1] NA
[1] "Growth period 3 control"
[1] NA
[1] "Growth period 3 MMC treated"
[1] NA
[1] "Growth period 3 MMC treated"
[1] NA
[1] "Growth period 3 MMC treated"
[1] NA
[1] "MMS & Phleo Library 1"
[1] NA
[1] "MMS & Phleo Library 2"
[1] NA
[1] "MMS & Phleo Library 3"
[1] NA
[1] "MMS & Phleo Starter Culture 1"
[1] NA
[1] "MMS & Phleo Starter Culture 2"
[1] NA
[1] "MMS & Phleo Starter Culture 3"
[1] NA
[1] "Growth period 1 control"
[1] NA
[1] "Growth period 1 control"
[1] NA
[1] "Growth period 1 control"
[1] NA
[1] "Growth period 1 MMS treated"
[1] NA
[1] "Growth period 1 MMS treated"
[1] NA
[1] "Growth period 1 MMS treated"
[1] NA
[1] "Growth period 1 Phleo treated"
[1] NA
[1] "Growth period 1 Phleo treated"
[1] NA
[1] "Growth period 1 Phleo treated"
[1] NA
[1] "Growth period 2 control"
[1] NA
[1] "Growth period 2 control"
[1] NA
[1] "Growth period 2 control"
[1] NA
[1] "Growth period 2 MMS treated"
[1] NA
[1] "Growth period 2 MMS treated"
[1] NA
[1] "Growth period 2 MMS treated"
[1] NA
[1] "Growth period 2 Phleo treated"
[1] NA
[1] "Growth period 2 Phleo treated"
[1] NA
[1] "Growth period 2 Phleo treated"
[1] NA
[1] "Growth period 3 control"
[1] NA
[1] "Growth period 3 control"
[1] NA
[1] "Growth period 3 control"
[1] NA
[1] "Growth period 3 MMS treated"
[1] NA
[1] "Growth period 3 MMS treated"
[1] NA
[1] "Growth period 3 MMS treated"
[1] NA
[1] "Growth period 3 Phleo treated"
[1] NA
[1] "Growth period 3 Phleo treated"
[1] NA
[1] "Growth period 3 Phleo treated"
[1] NA
