[1] NA
[1] "Control bacterial cells"
[1] NA
[1] "Control + isoleucine starved bacterial cells"
[1] NA
[1] "RelA bacterial cells"
[1] NA
[1] "RelA bacterial cells"
[1] NA
[1] "RelA + isoleucine starved bacterial cells"
[1] NA
[1] "RelA + isoleucine starved bacterial cells"
[1] NA
[1] "RelAH432E bacterial cells"
[1] NA
[1] "RelAH432E bacterial cells"
[1] NA
[1] "RelAH432E + isoleucine starved bacterial cells"
[1] NA
[1] "RelAH432E + isoleucine starved bacterial cells"
[1] NA
[1] "RelARRM bacterial cells"
[1] NA
[1] "RelARRM + isoleucine starved bacterial cells"
[1] NA
[1] "RelAZFDRRM bacterial cells"
[1] NA
[1] "RelAZFDRRM bacterial cells"
[1] NA
[1] "RelAZFDRRM + isoleucine starved bacterial cells"
[1] NA
[1] "RelAZFDRRM + isoleucine starved bacterial cells"
[1] NA
