[1] NA
[1] "Low Light-acclimated culture"
[1] NA
[1] "Low Light-acclimated culture"
[1] NA
[1] "Low Light-acclimated culture"
[1] NA
[1] "Low Light-acclimated culture"
[1] NA
[1] "Low Light-acclimated culture"
[1] NA
[1] "Low Light-acclimated culture"
[1] NA
[1] "Low Light-acclimated culture"
[1] NA
[1] "Low Light-acclimated culture"
[1] NA
[1] "Low Light-acclimated culture"
[1] NA
[1] "Low Light-acclimated culture"
[1] NA
[1] "Low Light-acclimated culture"
[1] NA
[1] "Low Light-acclimated culture"
[1] NA
[1] "Low Light-acclimated culture"
[1] NA
[1] "Low Light-acclimated culture"
[1] NA
[1] "Low Light-acclimated culture"
[1] NA
[1] "Low Light-acclimated culture"
[1] NA
[1] "Clear Day-acclimated culture"
[1] NA
[1] "Clear Day-acclimated culture"
[1] NA
[1] "Clear Day-acclimated culture"
[1] NA
[1] "Clear Day-acclimated culture"
[1] NA
[1] "Clear Day-acclimated culture"
[1] NA
[1] "Clear Day-acclimated culture"
[1] NA
[1] "Clear Day-acclimated culture"
[1] NA
[1] "Clear Day-acclimated culture"
[1] NA
[1] "Clear Day-acclimated culture"
[1] NA
[1] "Clear Day-acclimated culture"
[1] NA
[1] "Clear Day-acclimated culture"
[1] NA
[1] "Clear Day-acclimated culture"
[1] NA
[1] "Clear Day-acclimated culture"
[1] NA
[1] "Clear Day-acclimated culture"
[1] NA
[1] "Clear Day-acclimated culture"
[1] NA
[1] "Clear Day-acclimated culture"
[1] NA
[1] "Low Light-acclimated culture"
[1] NA
[1] "Low Light-acclimated culture"
[1] NA
[1] "Low Light-acclimated culture"
[1] NA
[1] "Low Light-acclimated culture"
[1] NA
[1] "Low Light-acclimated culture"
[1] NA
[1] "Low Light-acclimated culture"
[1] NA
[1] "Low Light-acclimated culture"
[1] NA
[1] "Low Light-acclimated culture"
[1] NA
[1] "Low Light-acclimated culture"
[1] NA
[1] "Low Light-acclimated culture"
[1] NA
[1] "Low Light-acclimated culture"
[1] NA
[1] "Low Light-acclimated culture"
[1] NA
[1] "Low Light-acclimated culture"
[1] NA
[1] "Low Light-acclimated culture"
[1] NA
[1] "Clear Day-acclimated culture"
[1] NA
[1] "Clear Day-acclimated culture"
[1] NA
[1] "Clear Day-acclimated culture"
[1] NA
[1] "Clear Day-acclimated culture"
[1] NA
[1] "Clear Day-acclimated culture"
[1] NA
[1] "Clear Day-acclimated culture"
[1] NA
[1] "Clear Day-acclimated culture"
[1] NA
[1] "Clear Day-acclimated culture"
[1] NA
[1] "Clear Day-acclimated culture"
[1] NA
[1] "Clear Day-acclimated culture"
[1] NA
[1] "Clear Day-acclimated culture"
[1] NA
[1] "Clear Day-acclimated culture"
[1] NA
[1] "Clear Day-acclimated culture"
[1] NA
[1] "Clear Day-acclimated culture"
[1] NA
