[1] "Signal"
[1] "SAE mutant mid exponential phase of growth rep 1"
[1] NA
[1] "SAE mutant mid exponential phase of growth rep 2"
[1] NA
[1] "SAE mutant mid exponential phase of growth rep 3"
[1] NA
[1] "SAE mutant early stationary phase of growth rep 1"
[1] NA
[1] "SAE mutant early stationary phase of growth rep 2"
[1] NA
[1] "SAE mutant early stationary phase of growth rep 3"
[1] NA
[1] "wild type mid exponential phase of growth rep 1"
[1] NA
[1] "wild type mid exponential phase of growth rep 2"
[1] NA
[1] "wild type mid exponential phase of growth rep 3"
[1] NA
[1] "wild type early stationary phase of growth rep 1"
[1] NA
[1] "wild type early stationary phase of growth rep 2"
[1] NA
[1] "wild type early stationary phase of growth rep 3"
[1] NA
