[1] NA
[1] "wild type"
[1] NA
[1] "wild type"
[1] NA
[1] "Adapted - thrA knockout, Experiment1, Flask5, Clone"
[1] NA
[1] "Adapted - thrA knockout, Experiment1, Flask5, Clone"
[1] NA
[1] "Adapted - serB knockout, Experiment1, Flask5, Clone"
[1] NA
[1] "Adapted - serB knockout, Experiment1, Flask5, Clone"
[1] NA
[1] "Adapted - ptsI knockout, Experiment1, Flask5, Clone"
[1] NA
[1] "Adapted - ptsI knockout, Experiment1, Flask5, Clone"
[1] NA
[1] "Adapted - ptsI knockout, Experiment3, Flask1, Population"
[1] NA
[1] "Adapted - ptsI knockout, Experiment3, Flask1, Population"
[1] NA
[1] "Adapted - thrA knockout, Experiment2, Flask1, Population"
[1] NA
[1] "Adapted - thrA knockout, Experiment2, Flask1, Population"
[1] NA
[1] "Adapted - serB knockout, Experiment4, Flask1, Population"
[1] NA
[1] "Adapted - serB knockout, Experiment4, Flask1, Population"
[1] NA
