[1] NA
[1] "Escherichia coli C3000 cells"
[1] NA
[1] "Escherichia coli C3000 cells"
[1] NA
[1] "Escherichia coli C3000 cells"
[1] NA
[1] "Escherichia coli C3000 cells"
[1] NA
[1] "Escherichia coli C3000 cells"
[1] NA
[1] "Escherichia coli C3000 cells"
[1] NA
[1] "Escherichia coli Δ10 cells"
[1] NA
[1] "Escherichia coli Δ10 cells"
[1] NA
[1] "Escherichia coli Δ10 cells"
[1] NA
[1] "Escherichia coli Δ10 cells"
[1] NA
[1] "Escherichia coli Δ10 cells"
[1] NA
[1] "Escherichia coli Δ10 cells"
[1] NA
[1] "Total RNA extracted from E. coli"
[1] NA
[1] "Total RNA extracted from E. coli"
[1] NA
[1] "Total RNA extracted from E. coli"
[1] NA
[1] "Total RNA extracted from E. coli"
[1] NA
[1] "Total RNA extracted from E. coli"
[1] NA
[1] "Total RNA extracted from E. coli"
[1] NA
[1] "C3000"
[1] NA
[1] "C3000"
[1] NA
[1] "C3000"
[1] NA
[1] "C3000"
[1] NA
[1] "C3000"
[1] NA
[1] "C3000"
[1] NA
[1] "C3000"
[1] NA
[1] "C3000"
[1] NA
[1] "C3000"
[1] NA
[1] "C3000"
[1] NA
[1] "C3000"
[1] NA
[1] "C3000"
[1] NA
