[1] NA
[1] "S. pombe cells"
[1] NA
[1] "S. pombe cells"
[1] NA
[1] "S. pombe cells"
[1] NA
[1] "S. pombe cells"
[1] NA
[1] "S. pombe cells"
[1] NA
[1] "S. pombe cells"
[1] NA
[1] "S. pombe cells"
[1] NA
[1] "S. pombe cells"
[1] NA
[1] "S. pombe cells"
[1] NA
[1] "S. pombe cells"
[1] NA
[1] "S. pombe cells"
[1] NA
[1] "S. pombe cells"
[1] NA
[1] "E. coli cells"
[1] NA
[1] "E. coli cells"
[1] NA
[1] "E. coli cells"
[1] NA
[1] "E. coli cells"
[1] NA
[1] "E. coli cells"
[1] NA
[1] "E. coli cells"
[1] NA
[1] "E. coli cells"
[1] NA
[1] "E. coli cells"
[1] NA
[1] "S. pombe cells"
[1] NA
[1] "S. pombe cells"
[1] NA
[1] "S. pombe cells"
[1] NA
[1] "S. pombe cells"
[1] NA
[1] "S. pombe cells"
[1] NA
[1] "S. pombe cells"
[1] NA
[1] "S. pombe cells"
[1] NA
[1] "S. pombe cells"
[1] NA
[1] "S. pombe cells"
[1] NA
[1] "S. pombe cells"
[1] NA
[1] "S. pombe cells"
[1] NA
[1] "S. pombe cells"
[1] NA
[1] "S. pombe cells"
[1] NA
[1] "S. pombe cells"
[1] NA
[1] "S. pombe cells"
[1] NA
[1] "S. pombe cells"
[1] NA
[1] "S. pombe cells"
[1] NA
[1] "S. pombe cells"
[1] NA
[1] "S. pombe cells"
[1] NA
[1] "S. pombe cells"
[1] NA
[1] "S. pombe cells"
[1] NA
[1] "S. pombe cells"
[1] NA
[1] "S. pombe cells"
[1] NA
[1] "S. pombe cells"
[1] NA
[1] "S. pombe cells"
[1] NA
[1] "S. pombe cells"
[1] NA
[1] "S. pombe cells"
[1] NA
[1] "S. pombe cells"
[1] NA
[1] "S. pombe cells"
[1] NA
[1] "S. pombe cells"
[1] NA
[1] "S. pombe cells"
[1] NA
[1] "S. pombe cells"
[1] NA
[1] "HCT116 cells"
[1] NA
[1] "HCT116 cells"
[1] NA
[1] "HCT116 cells"
[1] NA
[1] "HCT116 cells"
[1] NA
[1] "HCT116 cells"
[1] NA
[1] "HCT116 cells"
[1] NA
[1] "HCT116 cells"
[1] NA
[1] "HCT116 cells"
[1] NA
