[1] NA
[1] "Streptococcus pneumoniae cells 0 min (pre-competence)"
[1] "0"
[1] "valid gsm... but no data in gsm data table! getting supplementary file (which may or may not contain the data) and writing to subfolder"
[1] "Streptococcus pneumoniae cells competence at 8 min"
[1] "8"
[1] "valid gsm... but no data in gsm data table! getting supplementary file (which may or may not contain the data) and writing to subfolder"
[1] "Streptococcus pneumoniae cells competence at 12 min"
[1] "12"
[1] "valid gsm... but no data in gsm data table! getting supplementary file (which may or may not contain the data) and writing to subfolder"
[1] "Streptococcus pneumoniae cells competence at 16 min"
[1] "16"
[1] "valid gsm... but no data in gsm data table! getting supplementary file (which may or may not contain the data) and writing to subfolder"
[1] "Streptococcus pneumoniae cells competence at 28 min"
[1] "28"
[1] "valid gsm... but no data in gsm data table! getting supplementary file (which may or may not contain the data) and writing to subfolder"
[1] "Streptococcus pneumoniae cells competence at 38 min"
[1] "38"
[1] "valid gsm... but no data in gsm data table! getting supplementary file (which may or may not contain the data) and writing to subfolder"
[1] "Streptococcus pneumoniae cells 0 min (pre-competence)"
[1] "0"
[1] "valid gsm... but no data in gsm data table! getting supplementary file (which may or may not contain the data) and writing to subfolder"
[1] "Streptococcus pneumoniae cells competence at 8 min"
[1] "8"
[1] "valid gsm... but no data in gsm data table! getting supplementary file (which may or may not contain the data) and writing to subfolder"
[1] "Streptococcus pneumoniae cells competence at 12 min"
[1] "12"
[1] "valid gsm... but no data in gsm data table! getting supplementary file (which may or may not contain the data) and writing to subfolder"
[1] "Streptococcus pneumoniae cells competence at 16 min"
[1] "16"
[1] "valid gsm... but no data in gsm data table! getting supplementary file (which may or may not contain the data) and writing to subfolder"
[1] "Streptococcus pneumoniae cells competence at 28 min"
[1] "28"
[1] "valid gsm... but no data in gsm data table! getting supplementary file (which may or may not contain the data) and writing to subfolder"
[1] "Streptococcus pneumoniae cells competence at 38 min"
[1] "38"
[1] "valid gsm... but no data in gsm data table! getting supplementary file (which may or may not contain the data) and writing to subfolder"
[1] "Streptococcus pneumoniae cells 0 min (pre-competence)"
[1] "0"
[1] "valid gsm... but no data in gsm data table! getting supplementary file (which may or may not contain the data) and writing to subfolder"
[1] "Streptococcus pneumoniae cells competence at 8 min"
[1] "8"
[1] "valid gsm... but no data in gsm data table! getting supplementary file (which may or may not contain the data) and writing to subfolder"
[1] "Streptococcus pneumoniae cells competence at 12 min"
[1] "12"
[1] "valid gsm... but no data in gsm data table! getting supplementary file (which may or may not contain the data) and writing to subfolder"
[1] "Streptococcus pneumoniae cells competence at 16 min"
[1] "16"
[1] "valid gsm... but no data in gsm data table! getting supplementary file (which may or may not contain the data) and writing to subfolder"
[1] "Streptococcus pneumoniae cells competence at 28 min"
[1] "28"
[1] "valid gsm... but no data in gsm data table! getting supplementary file (which may or may not contain the data) and writing to subfolder"
[1] "Streptococcus pneumoniae cells competence at 38 min"
[1] "38"
[1] "valid gsm... but no data in gsm data table! getting supplementary file (which may or may not contain the data) and writing to subfolder"
