[1] NA
[1] "S. Typhimurium null ΔrcsB mutant expressing RcsB variant S207C"
[1] NA
[1] "S. Typhimurium null ΔrcsB mutant expressing RcsB WT"
[1] NA
[1] "S. Typhimurium null ΔrcsB mutant"
[1] NA
[1] "S. Typhimurium null ΔrcsB mutant expressing RcsB variant H12A"
[1] NA
[1] "S. Typhimurium null ΔrcsB mutant expressing RcsB variant D56A"
[1] NA
[1] "S. Typhimurium null ΔrcsB mutant expressing RcsB variant M88A"
[1] NA
[1] "S. Typhimurium null ΔrcsB mutant expressing RcsB variant H77A"
[1] NA
[1] "S. Typhimurium null ΔrcsB mutant expressing RcsB variant L108A"
[1] NA
[1] "S. Typhimurium null ΔrcsB mutant expressing RcsB variant S207C"
[1] NA
[1] "S. Typhimurium null ΔrcsB mutant expressing RcsB WT"
[1] NA
[1] "S. Typhimurium null ΔrcsB mutant"
[1] NA
[1] "S. Typhimurium null ΔrcsB mutant expressing RcsB variant H12A"
[1] NA
[1] "S. Typhimurium null ΔrcsB mutant expressing RcsB variant D56A"
[1] NA
[1] "S. Typhimurium null ΔrcsB mutant expressing RcsB variant M88A"
[1] NA
[1] "S. Typhimurium null ΔrcsB mutant expressing RcsB variant H77A"
[1] NA
[1] "S. Typhimurium null ΔrcsB mutant expressing RcsB variant L108A"
[1] NA
[1] "S. Typhimurium null ΔrcsB mutant expressing RcsB variant S207C"
[1] NA
[1] "S. Typhimurium null ΔrcsB mutant expressing RcsB WT"
[1] NA
[1] "S. Typhimurium null ΔrcsB mutant"
[1] NA
[1] "S. Typhimurium null ΔrcsB mutant expressing RcsB variant H12A"
[1] NA
[1] "S. Typhimurium null ΔrcsB mutant expressing RcsB variant D56A"
[1] NA
[1] "S. Typhimurium null ΔrcsB mutant expressing RcsB variant M88A"
[1] NA
[1] "S. Typhimurium null ΔrcsB mutant expressing RcsB variant H77A"
[1] NA
[1] "S. Typhimurium null ΔrcsB mutant expressing RcsB variant L108A"
[1] NA
