[1] NA
[1] "Whole colony"
[1] NA
[1] "Whole colony"
[1] NA
[1] "Whole colony"
[1] NA
[1] "Whole colony"
[1] NA
[1] "Whole colony"
[1] NA
[1] "Whole colony"
[1] NA
[1] "Whole colony"
[1] NA
[1] "Whole colony"
[1] NA
[1] "Whole colony"
[1] NA
[1] "Whole colony"
[1] NA
[1] "Whole colony"
[1] NA
[1] "Whole colony"
[1] NA
[1] "Whole colony"
[1] NA
[1] "Whole colony"
[1] NA
[1] "Whole colony"
[1] NA
[1] "Whole colony"
[1] NA
[1] "Whole colony"
[1] NA
[1] "Whole colony"
[1] NA
[1] "Whole colony"
[1] NA
[1] "Whole colony"
[1] NA
[1] "Whole colony"
[1] NA
[1] "Whole colony"
[1] NA
[1] "Whole colony"
[1] NA
[1] "Whole colony"
[1] NA
[1] "Liquid culture"
[1] NA
[1] "Liquid culture"
[1] NA
[1] "Liquid culture"
[1] NA
[1] "Whole colony"
[1] NA
[1] "Whole colony"
[1] NA
[1] "Whole colony"
[1] NA
[1] "Whole colony"
[1] NA
[1] "Whole colony"
[1] NA
[1] "Whole colony"
[1] NA
[1] "Whole colony"
[1] NA
[1] "Whole colony"
[1] NA
[1] "Whole colony"
[1] NA
[1] "Whole colony"
[1] NA
[1] "Whole colony"
[1] NA
[1] "Whole colony"
[1] NA
[1] "Whole colony"
[1] NA
[1] "Non-fluorescent cells from colony"
[1] NA
[1] "Non-fluorescent cells from colony"
[1] NA
[1] "Non-fluorescent cells from colony"
[1] NA
[1] "Non-fluorescent cells from colony"
[1] NA
[1] "Fluorescent cells from colony"
[1] NA
[1] "Fluorescent cells from colony"
[1] NA
[1] "Fluorescent cells from colony"
[1] NA
[1] "Fluorescent cells from colony"
[1] NA
