[1] NA
[1] "unicellular organism"
[1] NA
[1] "unicellular organism"
[1] NA
[1] "unicellular organism"
[1] NA
[1] "unicellular organism"
[1] NA
[1] "unicellular organism"
[1] NA
[1] "unicellular organism"
[1] NA
[1] "unicellular organism"
[1] NA
[1] "unicellular organism"
[1] NA
[1] "unicellular organism"
[1] NA
[1] "unicellular organism"
[1] NA
[1] "unicellular organism"
[1] NA
[1] "unicellular organism"
[1] NA
[1] "unicellular organism"
[1] NA
[1] "unicellular organism"
[1] NA
[1] "unicellular organism"
[1] NA
[1] "unicellular organism"
[1] NA
[1] "unicellular organism"
[1] NA
