[1] NA
[1] "BRCA-1"
[1] NA
[1] "BRCA-2"
[1] NA
[1] "BRCAvar1-1"
[1] NA
[1] "BRCAvar1-2"
[1] NA
[1] "BRCAvar2-3"
[1] NA
[1] "BRCAvar2-4"
[1] NA
[1] "CC1-2"
[1] NA
[1] "CC1-1"
[1] NA
[1] "CNTF belt_1"
[1] NA
[1] "CNTF belt_2"
[1] NA
[1] "Gly2-WT-1"
[1] NA
[1] "Gly2-WT-2"
[1] NA
[1] "MBP-2"
[1] NA
[1] "MBP-1"
[1] NA
[1] "RFC-1"
[1] NA
[1] "RFC-2"
[1] NA
[1] "RFCvar1-1"
[1] NA
[1] "RFCvar1-2"
[1] NA
[1] "RFCvar2-1"
[1] NA
[1] "RFCvar2-2"
[1] NA
[1] "RFCvar3-1"
[1] NA
[1] "RFCvar3-2"
[1] NA
[1] "hsTPH N174trunc-1"
[1] NA
[1] "hsTPH N174trunc-2"
[1] NA
[1] "hsTPH Ntermtrunc-1"
[1] NA
[1] "hsTPH Ntermtrunc-2"
[1] NA
[1] "hsTPH E2K-1"
[1] NA
[1] "hsTPH E2K-2"
[1] NA
[1] "HsTPH-1"
[1] NA
[1] "HsTPH-2"
[1] NA
[1] "atASMT-325G-1"
[1] NA
[1] "atASMT-325G-2"
[1] NA
[1] "bpTDC-1"
[1] NA
[1] "bpTDC-2"
[1] NA
[1] "btAANAT 1"
[1] NA
[1] "btAANAT 2"
[1] NA
[1] "btASMT 1"
[1] NA
[1] "btASMT 2"
[1] NA
[1] "ccCOMT-1"
[1] NA
[1] "CcCOMT-2"
[1] NA
[1] "ckDDC 1"
[1] NA
[1] "ckDDC 2"
[1] NA
[1] "cobPNMT-1"
[1] NA
[1] "cobPNMT-2"
[1] NA
[1] "cvPhhB 1"
[1] NA
[1] "cvPhhB 2"
[1] NA
[1] "ggAANAT-1"
[1] NA
[1] "ggAANAT-2"
[1] NA
[1] "ggTPH-1"
[1] NA
[1] "ggTPH-2"
[1] NA
[1] "hsAANAT-2"
[1] NA
[1] "HsAANAT-1"
[1] NA
[1] "hsASMT-1"
[1] NA
[1] "hsASMT-2"
[1] NA
[1] "hsPNMT-mb-1"
[1] NA
[1] "hsPNMT-mb-2"
[1] NA
[1] "hsTPH-E2K-N91I-P99C-1"
[1] NA
[1] "hsTPH-E2K-N91I-P99C-2"
[1] NA
[1] "hsTPH-N158trunc-Set4-7"
[1] NA
[1] "hsTPH-N158trunc-Set4-8"
[1] NA
[1] "hsTPH1-1"
[1] NA
[1] "hsTPH1-2"
[1] NA
[1] "msCOMT-1"
[1] NA
[1] "msCOMT-2"
[1] NA
[1] "ocAANAT-1"
[1] NA
[1] "ocAANAT-2"
[1] NA
[1] "osTDC-K374H-1"
[1] NA
[1] "osTDC-K374H-2"
[1] NA
[1] "osTDC-K374L-1"
[1] NA
[1] "osTDC-K374L-2"
[1] NA
[1] "osTDC-K374Q-1"
[1] NA
[1] "osTDC-K374Q-2"
[1] NA
[1] "osTDC-L360V-1"
[1] NA
[1] "osTDC-L360V-2"
[1] NA
[1] "pmTPH-1"
[1] NA
[1] "pmTPH-2"
[1] NA
[1] "rnCOMT-sol-1"
[1] NA
[1] "rnCOMT-sol-2"
[1] NA
[1] "rnPNMT-1"
[1] NA
[1] "rnPNMT-2"
[1] NA
[1] "rnTDC-1"
[1] NA
[1] "rnTDC-2"
[1] NA
[1] "rnTDC-trunc-1"
[1] NA
[1] "rnTDC-trunc-2"
[1] NA
[1] "saCOMT-T2A-1"
[1] NA
[1] "saCOMT-T2A-2"
[1] NA
[1] "sfCOMT-1"
[1] NA
[1] "sfCOMT-2"
[1] NA
[1] "sgAANAT-D63G-1"
[1] NA
[1] "sgAANAT-D63G-2"
[1] NA
[1] "ssDDC-1"
[1] NA
[1] "ssDDC-2"
[1] NA
[1] "tp53b-1"
[1] NA
[1] "tp53b-2"
[1] NA
