[1] "Median log 2 intensity over replicate probes"
[1] "E.faecalis genomic DNA"
[1] NA
[1] "E.coli CFT073 genomic DNA"
[1] NA
[1] "E.coli O157:H7 EDL 933 genomic DNA"
[1] NA
[1] "S.enterica serovar paratyphi genomic DNA"
[1] NA
[1] "S.pyogenes genomic DNA"
[1] NA
[1] "S.saprophyticus genomic DNA"
[1] NA
[1] "Aerosol background sample"
[1] NA
[1] "S.aureus genomic DNA"
[1] NA
[1] "S.aureus genomic DNA"
[1] NA
[1] "S.aureus genomic DNA"
[1] NA
[1] "S.aureus genomic DNA"
[1] NA
[1] "S.aureus genomic DNA"
[1] NA
