[1] NA
[1] "human cell line"
[1] NA
[1] "human cell line"
[1] NA
[1] "human cell line"
[1] NA
[1] "human cell line"
[1] NA
[1] "human cell line"
[1] NA
[1] "human cell line"
[1] NA
[1] "human cell line"
[1] NA
[1] "human cell line"
[1] NA
[1] "human cell line"
[1] NA
[1] "human cell line"
[1] NA
[1] "human cell line"
[1] NA
[1] "human cell line"
[1] NA
[1] "human cell line"
[1] NA
[1] "human cell line"
[1] NA
[1] "human cell line"
[1] NA
[1] "human cell line"
[1] NA
[1] "human cell line"
[1] NA
[1] "human cell line"
[1] NA
[1] "human cell line"
[1] NA
[1] "human cell line"
[1] NA
[1] "human cell line"
[1] NA
[1] "human cell line"
[1] NA
[1] "human cell line"
[1] NA
[1] "human cell line"
[1] NA
[1] "human cell line"
[1] NA
[1] "human cell line"
[1] NA
[1] "human cell line"
[1] NA
[1] "human cell line"
[1] NA
[1] "human cell line"
[1] NA
[1] "human cell line"
[1] NA
[1] "human cell line"
[1] NA
[1] "human cell line"
[1] NA
[1] "human cell line"
[1] NA
[1] "human cell line"
[1] NA
[1] "human cell line"
[1] NA
[1] "human cell line"
[1] NA
[1] "yeast strain"
[1] NA
[1] "yeast strain"
[1] NA
[1] "yeast strain"
[1] NA
[1] "yeast strain"
[1] NA
[1] "yeast strain"
[1] NA
[1] "yeast strain"
[1] NA
[1] "yeast strain"
[1] NA
[1] "yeast strain"
[1] NA
[1] "yeast strain"
[1] NA
[1] "yeast strain"
[1] NA
[1] "yeast strain"
[1] NA
[1] "yeast strain"
[1] NA
[1] "yeast strain"
[1] NA
[1] "yeast strain"
[1] NA
[1] "archaeal cells"
[1] NA
[1] "archaeal cells"
[1] NA
[1] "archaeal cells"
[1] NA
[1] "archaeal cells"
[1] NA
[1] "archaeal cells"
[1] NA
[1] "archaeal cells"
[1] NA
[1] "archaeal cells"
[1] NA
[1] "archaeal cells"
[1] NA
[1] "archaeal cells"
[1] NA
[1] "archaeal cells"
[1] NA
[1] "archaeal cells"
[1] NA
[1] "archaeal cells"
[1] NA
[1] "archaeal cells"
[1] NA
[1] "archaeal cells"
[1] NA
[1] "archaeal cells"
[1] NA
[1] "archaeal cells"
[1] NA
[1] "archaeal cells"
[1] NA
[1] "archaeal cells"
[1] NA
[1] "archaeal cells"
[1] NA
[1] "archaeal cells"
[1] NA
[1] "archaeal cells"
[1] NA
[1] "archaeal cells"
[1] NA
[1] "archaeal cells"
[1] NA
[1] "archaeal cells"
[1] NA
[1] "archaeal cells"
[1] NA
[1] "archaeal cells"
[1] NA
[1] "archaeal cells"
[1] NA
[1] "archaeal cells"
[1] NA
[1] "archaeal cells"
[1] NA
[1] "archaeal cells"
[1] NA
[1] "archaeal cells"
[1] NA
[1] "archaeal cells"
[1] NA
[1] "archaeal cells"
[1] NA
[1] "archaeal cells"
[1] NA
[1] "archaeal cells"
[1] NA
[1] "archaeal cells"
[1] NA
[1] "archaeal cells"
[1] NA
[1] "archaeal cells"
[1] NA
[1] "archaeal cells"
[1] NA
[1] "archaeal cells"
[1] NA
[1] "archaeal cells"
[1] NA
[1] "archaeal cells"
[1] NA
[1] "archaeal cells"
[1] NA
[1] "archaeal cells"
[1] NA
[1] "archaeal cells"
[1] NA
[1] "archaeal cells"
[1] NA
