[1] "GC RMA-calculated Signal intensity"
[1] "E.coli cells at the time of IPTG induction"
[1] NA
[1] "E.coli cells at the time of IPTG induction"
[1] NA
[1] "E.coli cells at 1.5 hrs after induction with 0 mM IPTG"
[1] "1.5"
[1] "E.coli cells at 1.5 hrs after induction with 0 mM IPTG"
[1] "1.5"
[1] "E.coli cells at 3.5 hrs after induction with 0 mM IPTG"
[1] "3.5"
[1] "E.coli cells at 3.5 hrs after induction with 0 mM IPTG"
[1] "3.5"
[1] "E.coli cells at 1.5 hrs after induction with 0.1 mM IPTG"
[1] "1.5"
[1] "E.coli cells at 1.5 hrs after induction with 0.1 mM IPTG"
[1] "1.5"
[1] "E.coli cells at 3.5 hrs after induction with 0.1 mM IPTG"
[1] "3.5"
[1] "E.coli cells at 3.5 hrs after induction with 0.1 mM IPTG"
[1] "3.5"
[1] "E.coli cells at 1.5 hrs after induction with 1.0 mM IPTG"
[1] "1.5"
[1] "E.coli cells at 1.5 hrs after induction with 1.0 mM IPTG"
[1] "1.5"
[1] "E.coli cells at 3.5 hrs after induction with 1.0 mM IPTG"
[1] "3.5"
[1] "E.coli cells at 3.5 hrs after induction with 1.0 mM IPTG"
[1] "3.5"
[1] "E.coli cells at the time of IPTG induction"
[1] NA
[1] "E.coli cells at the time of IPTG induction"
[1] NA
[1] "E.coli cells at 1.5 hrs after induction with 0 mM IPTG"
[1] "1.5"
[1] "E.coli cells at 1.5 hrs after induction with 0 mM IPTG"
[1] "1.5"
[1] "E.coli cells at 3.5 hrs after induction with 0 mM IPTG"
[1] "3.5"
[1] "E.coli cells at 3.5 hrs after induction with 0 mM IPTG"
[1] "3.5"
[1] "E.coli cells at 1.5 hrs after induction with 0.1 mM IPTG"
[1] "1.5"
[1] "E.coli cells at 1.5 hrs after induction with 0.1 mM IPTG"
[1] "1.5"
[1] "E.coli cells at 3.5 hrs after induction with 0.1 mM IPTG"
[1] "3.5"
[1] "E.coli cells at 3.5 hrs after induction with 0.1 mM IPTG"
[1] "3.5"
[1] "E.coli cells at 1.5 hrs after induction with 1.0 mM IPTG"
[1] "1.5"
[1] "E.coli cells at 1.5 hrs after induction with 1.0 mM IPTG"
[1] "1.5"
[1] "E.coli cells at 3.5 hrs after induction with 1.0 mM IPTG"
[1] "3.5"
[1] "E.coli cells at 3.5 hrs after induction with 1.0 mM IPTG"
[1] "3.5"
