[1] NA
[1] "atASMT-325G"
[1] NA
[1] "atASMT-325G"
[1] NA
[1] "bpTDC"
[1] NA
[1] "bpTDC"
[1] NA
[1] "BRCA"
[1] NA
[1] "BRCA"
[1] NA
[1] "BRCA v1"
[1] NA
[1] "BRCA v1"
[1] NA
[1] "BRCA v2"
[1] NA
[1] "BRCA v2"
[1] NA
[1] "btAANAT"
[1] NA
[1] "btAANAT"
[1] NA
[1] "btASMT"
[1] NA
[1] "btASMT"
[1] NA
[1] "CC1"
[1] NA
[1] "CC1"
[1] NA
[1] "ccCOMT"
[1] NA
[1] "ccCOMT"
[1] NA
[1] "ckDDC"
[1] NA
[1] "ckDDC"
[1] NA
[1] "CNTF belt"
[1] NA
[1] "CNTF belt"
[1] NA
[1] "cobPNMT"
[1] NA
[1] "cobPNMT"
[1] NA
[1] "cvPhhB"
[1] NA
[1] "cvPhhB"
[1] NA
[1] "ggAANAT"
[1] NA
[1] "ggAANAT"
[1] NA
[1] "ggTPH"
[1] NA
[1] "ggTPH"
[1] NA
[1] "hsAANAT"
[1] NA
[1] "hsAANAT"
[1] NA
[1] "hsASMT"
[1] NA
[1] "hsASMT"
[1] NA
[1] "hsPNMT-mb"
[1] NA
[1] "hsPNMT-mb"
[1] NA
[1] "hsTPH E2K"
[1] NA
[1] "hsTPH E2K"
[1] NA
[1] "hsTPH N158trunc"
[1] NA
[1] "hsTPH N158trunc"
[1] NA
[1] "hsTPH N174trunc"
[1] NA
[1] "hsTPH N174trunc"
[1] NA
[1] "hsTPH Ntermtrunc"
[1] NA
[1] "hsTPH Ntermtrunc"
[1] NA
[1] "hsTPH"
[1] NA
[1] "hsTPH1"
[1] NA
[1] "hsTPH1"
[1] NA
[1] "hsTPH"
[1] NA
[1] "hsTPH-E2K-N91I-P99C"
[1] NA
[1] "hsTPH-E2K-N91I-P99C"
[1] NA
[1] "MBP"
[1] NA
[1] "MBP"
[1] NA
[1] "msCOMT"
[1] NA
[1] "msCOMT"
[1] NA
[1] "ocAANAT"
[1] NA
[1] "ocAANAT"
[1] NA
[1] "osTDC-K374H"
[1] NA
[1] "osTDC-K374H"
[1] NA
[1] "osTDC-K374L"
[1] NA
[1] "osTDC-K374L"
[1] NA
[1] "osTDC-K374Q"
[1] NA
[1] "osTDC-K374Q"
[1] NA
[1] "osTDC-L360V"
[1] NA
[1] "osTDC-L360V"
[1] NA
[1] "pmTPH"
[1] NA
[1] "pmTPH"
[1] NA
[1] "RFC v1"
[1] NA
[1] "RFC v1"
[1] NA
[1] "RFC v2"
[1] NA
[1] "RFC v2"
[1] NA
[1] "RFC v3"
[1] NA
[1] "RFC v3"
[1] NA
[1] "RFC"
[1] NA
[1] "RFC"
[1] NA
[1] "rnCOMT sol"
[1] NA
[1] "rnCOMT sol"
[1] NA
[1] "rnPNMT"
[1] NA
[1] "rnPNMT"
[1] NA
[1] "rnTDC"
[1] NA
[1] "rnTDC"
[1] NA
[1] "rnTDC-trunc"
[1] NA
[1] "rnTDC-trunc"
[1] NA
[1] "saCOMT-T2A"
[1] NA
[1] "saCOMT-T2A"
[1] NA
[1] "sfCOMT"
[1] NA
[1] "sfCOMT"
[1] NA
[1] "sgAANAT-D63G"
[1] NA
[1] "sgAANAT-D63G"
[1] NA
[1] "ssDDC"
[1] NA
[1] "ssDDC"
[1] NA
[1] "TP53B1"
[1] NA
[1] "TP53B1"
[1] NA
[1] "WT"
[1] NA
[1] "WT"
[1] NA
