[1] NA
[1] "whole bacterial cells"
[1] NA
[1] "whole bacterial cells"
[1] NA
[1] "whole bacterial cells"
[1] NA
[1] "whole bacterial cells"
[1] NA
[1] "whole bacterial cells"
[1] NA
[1] "whole bacterial cells"
[1] NA
[1] "whole bacterial cells"
[1] NA
[1] "whole bacterial cells"
[1] NA
[1] "whole bacterial cells"
[1] NA
[1] "whole bacterial cells"
[1] NA
[1] "whole bacterial cells"
[1] NA
[1] "whole bacterial cells"
[1] NA
[1] "whole bacterial cells"
[1] NA
[1] "whole bacterial cells"
[1] NA
[1] "whole bacterial cells"
[1] NA
[1] "whole bacterial cells"
[1] NA
[1] "whole bacterial cells"
[1] NA
[1] "whole bacterial cells"
[1] NA
[1] "whole bacterial cells"
[1] NA
[1] "whole bacterial cells"
[1] NA
[1] "whole bacterial cells"
[1] NA
[1] "whole bacterial cells"
[1] NA
[1] "whole bacterial cells"
[1] NA
[1] "whole bacterial cells"
[1] NA
[1] "whole bacterial cells"
[1] NA
[1] "whole bacterial cells"
[1] NA
[1] "whole bacterial cells"
[1] NA
[1] "whole bacterial cells"
[1] NA
[1] "whole bacterial cells"
[1] NA
[1] "whole bacterial cells"
[1] NA
[1] "whole bacterial cells"
[1] NA
[1] "whole bacterial cells"
[1] NA
[1] "whole bacterial cells"
[1] NA
[1] "whole bacterial cells"
[1] NA
[1] "whole bacterial cells"
[1] NA
[1] "whole bacterial cells"
[1] NA
[1] "∆sRNA275::sRNA275"
[1] NA
[1] "∆sRNA275::sRNA275"
[1] NA
[1] "∆sRNA275::sRNA275"
[1] NA
