[1] "-[INV VALUE]"
[1] "RNA 14028s(delpreA)pBAD18"
[1] NA
[1] "RNA 14028s(delpreA)pBAD18"
[1] NA
[1] "RNA 14028s(delpreA)pBAD18"
[1] NA
[1] "RNA 14028s(wt)pBAD18preA"
[1] NA
[1] "RNA 14028s(wt)pBAD18preA"
[1] NA
[1] "RNA 14028s(wt)pBAD18preA"
[1] NA
[1] "RNA 14028s(delpreAB)pBAD18preA"
[1] NA
[1] "RNA 14028s(delpreAB)pBAD18preA"
[1] NA
[1] "RNA 14028s(delpreAB)pBAD18preA"
[1] NA
[1] "RNA 14028s(delpreAB)pBAD18"
[1] NA
[1] "RNA 14028s(delpreAB)pBAD18"
[1] NA
[1] "RNA 14028s(delpreAB)pBAD18"
[1] NA
