[1] "GCRMA normalized signal intensity"
[1] "Exponential phase culture of EDL933 wild type in LB at OD600 of 0.3"
[1] NA
[1] "Exponential phase culture of EDL933 wild type in LB at OD600 of 0.3"
[1] NA
[1] "Exponential phase culture of EDL933 wild type in LB at OD600 of 0.3"
[1] NA
[1] "Exponential phase culture of EDL933 rpoS mutants in LB at OD600 of 0.3"
[1] NA
[1] "Exponential phase culture of EDL933 rpoS mutants in LB at OD600 of 0.3"
[1] NA
[1] "Exponential phase culture of EDL933 rpoS mutants in LB at OD600 of 0.3"
[1] NA
[1] "Stationary phase culture of EDL933 wild type in LB at OD600 of 1.5"
[1] NA
[1] "Stationary phase culture of EDL933 wild type in LB at OD600 of 1.5"
[1] NA
[1] "Stationary phase culture of EDL933 wild type in LB at OD600 of 1.5"
[1] NA
[1] "Stationary phase culture of EDL933 rpoS mutants in LB at OD600 of 1.5"
[1] NA
[1] "Stationary phase culture of EDL933 rpoS mutants in LB at OD600 of 1.5"
[1] NA
[1] "Stationary phase culture of EDL933 rpoS mutants in LB at OD600 of 1.5"
[1] NA
