[1] NA
[1] "M. marinum wild type E11"
[1] NA
[1] "M. marinum wild type E11"
[1] NA
[1] "M. marinum wild type E11"
[1] NA
[1] "M. marinum E11 ESX1 mutant"
[1] NA
[1] "M. marinum E11 ESX1 mutant"
[1] NA
[1] "M. marinum E11 ESX1 mutant"
[1] NA
[1] "M. marinum wild type E11 during THP-1 infection"
[1] NA
[1] "M. marinum ESX-1 mutant during THP-1 infection"
[1] NA
[1] "M. tuberculosis wild type H37Rv"
[1] NA
[1] "M. tuberculosis wild type H37Rv"
[1] NA
[1] "M. tuberculosis wild type H37Rv"
[1] NA
[1] "M. tuberculosis ESX1 mutant"
[1] NA
[1] "M. tuberculosis ESX1 mutant"
[1] NA
[1] "M. tuberculosis ESX1 mutant"
[1] NA
[1] "M. marinum MUSA with empty vector"
[1] NA
[1] "M. marinum MUSA with empty vector"
[1] NA
[1] "M. marinum MUSA complemented with WhiB6"
[1] NA
[1] "M. marinum MUSA complemented with WhiB6"
[1] NA
[1] "M. marinum MUSA WhiB6 mutant"
[1] NA
[1] "M. marinum MUSA WhiB6 mutant"
[1] NA
[1] "M. marinum MVU with empty vector"
[1] NA
[1] "M. marinum MVU with empty vector"
[1] NA
[1] "M. marinum MVU complemented with WhiB6"
[1] NA
[1] "M. marinum MVU complemented with WhiB6"
[1] NA
[1] "M. marinum MVU WhiB6 mutant"
[1] NA
[1] "M. marinum MVU WhiB6 mutant"
[1] NA
