[1] "normalized log10 test/reference with FLAG J and K removed"
[1] "Halobacterium salinarum"
[1] NA
[1] "Halobacterium salinarum"
[1] NA
[1] "Halobacterium salinarum"
[1] NA
[1] "Halobacterium salinarum"
[1] NA
[1] "Halobacterium salinarum"
[1] NA
[1] "Halobacterium salinarum"
[1] NA
[1] "Halobacterium salinarum"
[1] NA
[1] "Halobacterium salinarum"
[1] NA
[1] "Halobacterium salinarum"
[1] NA
[1] "Halobacterium salinarum"
[1] NA
[1] "Halobacterium salinarum"
[1] NA
[1] "Halobacterium salinarum"
[1] NA
[1] "Halobacterium salinarum"
[1] NA
[1] "Halobacterium salinarum"
[1] NA
[1] "Halobacterium salinarum"
[1] NA
[1] "Halobacterium salinarum"
[1] NA
[1] "Halobacterium salinarum"
[1] NA
[1] "Halobacterium salinarum"
[1] NA
[1] "Halobacterium salinarum"
[1] NA
[1] "Halobacterium salinarum"
[1] NA
[1] "Halobacterium salinarum"
[1] NA
[1] "Halobacterium salinarum"
[1] NA
[1] "Halobacterium salinarum"
[1] NA
[1] "Halobacterium salinarum"
[1] NA
[1] "Halobacterium salinarum"
[1] NA
[1] "Halobacterium salinarum"
[1] NA
[1] "Halobacterium salinarum"
[1] NA
[1] "Halobacterium salinarum"
[1] NA
[1] "Halobacterium salinarum"
[1] NA
[1] "Halobacterium salinarum"
[1] NA
[1] "Halobacterium salinarum"
[1] NA
[1] "Halobacterium salinarum"
[1] NA
[1] "Halobacterium salinarum"
[1] NA
[1] "Halobacterium salinarum"
[1] NA
[1] "Halobacterium salinarum"
[1] NA
[1] "Halobacterium salinarum"
[1] NA
[1] "Halobacterium salinarum"
[1] NA
[1] "Halobacterium salinarum"
[1] NA
[1] "Halobacterium salinarum"
[1] NA
[1] "Halobacterium salinarum"
[1] NA
[1] "Halobacterium salinarum"
[1] NA
[1] "Halobacterium salinarum"
[1] NA
[1] "Halobacterium salinarum"
[1] NA
[1] "Halobacterium salinarum"
[1] NA
[1] "Halobacterium salinarum"
[1] NA
[1] "Halobacterium salinarum"
[1] NA
[1] "Halobacterium salinarum"
[1] NA
[1] "Halobacterium salinarum"
[1] NA
[1] "Halobacterium salinarum"
[1] NA
[1] "Halobacterium salinarum"
[1] NA
[1] "Halobacterium salinarum"
[1] NA
[1] "Halobacterium salinarum"
[1] NA
