[1] NA
[1] "Salmonella Typhimurium"
[1] NA
[1] "Human colorectal adenocarcinoma"
[1] NA
[1] "Human colorectal adenocarcinoma"
[1] NA
[1] "Human colorectal adenocarcinoma"
[1] NA
[1] "Human skin microvascular endothelium"
[1] NA
[1] "Human skin microvascular endothelium"
[1] NA
[1] "Peripheral blood leukocytes"
[1] NA
[1] "Peripheral blood leukocytes"
[1] NA
[1] "Peripheral blood leukocytes"
[1] NA
[1] "Peripheral blood leukocytes"
[1] NA
[1] "Salmonella Typhimurium"
[1] NA
[1] "Human colorectal adenocarcinoma"
[1] NA
[1] "Human colorectal adenocarcinoma"
[1] NA
[1] "Human colorectal adenocarcinoma"
[1] NA
[1] "Human skin microvascular endothelium"
[1] NA
[1] "Human skin microvascular endothelium"
[1] NA
[1] "Peripheral blood leukocytes"
[1] NA
[1] "Peripheral blood leukocytes"
[1] NA
[1] "Peripheral blood leukocytes"
[1] NA
[1] "Peripheral blood leukocytes"
[1] NA
