[1] NA
[1] "30mL bacteria culture"
[1] NA
[1] "30mL bacteria culture"
[1] NA
[1] "30mL bacteria culture"
[1] NA
[1] "30mL bacteria culture"
[1] NA
[1] "30mL bacteria culture"
[1] NA
[1] "30mL bacteria culture"
[1] NA
[1] "30mL bacteria culture"
[1] NA
[1] "30mL bacteria culture"
[1] NA
[1] "30mL bacteria culture"
[1] NA
[1] "30mL bacteria culture"
[1] NA
[1] "30mL bacteria culture"
[1] NA
[1] "30mL bacteria culture"
[1] NA
[1] "30mL bacteria culture"
[1] NA
[1] "30mL bacteria culture"
[1] NA
[1] "30mL bacteria culture"
[1] NA
