[1] "signal intensity"
[1] "strain PAO1ut, exponential phase #1"
[1] NA
[1] "strain PAO1ut, exponential phase #2"
[1] NA
[1] "strain ROX1 (roxSR), exponential phase #1"
[1] NA
[1] "strain ROX1 (roxSR), exponential phase #2"
[1] NA
[1] "strain PAO6261 (anr), exponential phase #1"
[1] NA
[1] "strain PAO6261 (anr), exponential phase #2"
[1] NA
[1] "strain PAO1ut, early stationary phase #1"
[1] NA
[1] "strain PAO1ut, early stationary phase #2"
[1] NA
[1] "strain ROX1 (roxSR), early stationary phase #1"
[1] NA
[1] "strain ROX1 (roxSR), early stationary phase #2"
[1] NA
[1] "strain PAO6261 (anr), early stationary phase #1"
[1] NA
[1] "strain PAO6261 (anr), early stationary phase #2"
[1] NA
