[1] "normalized gene-level intensity"
[1] "B. subtilis 168 NH4_0.1mM K_OD0.4-0.6"
[1] NA
[1] "B. subtilis 168 NH4_0.1mM K_OD0.4-0.6"
[1] NA
[1] "B. subtilis 168 NH4_5mM K_OD0.4-0.6"
[1] NA
[1] "B. subtilis 168 NH4_5mM K_OD0.4-0.6"
[1] NA
[1] "B. subtilis 168 Glu_0.1mM K_OD0.4-0.6"
[1] NA
[1] "B. subtilis 168 Glu_0.1mM K_OD0.4-0.6"
[1] NA
[1] "B. subtilis 168 Glu_5mM K_OD0.4-0.6"
[1] NA
[1] "B. subtilis 168 Glu_5mM K_OD0.4-0.6"
[1] NA
[1] "B. subtilis GP2222 NH4_0.1mM K_OD0.4-0.6"
[1] NA
[1] "B. subtilis GP2222 NH4_0.1mM K_OD0.4-0.6"
[1] NA
[1] "B. subtilis GP2223 NH4_5mM K_OD0.4-0.6"
[1] NA
[1] "B. subtilis GP2223 NH4_5mM K_OD0.4-0.6"
[1] NA
