[1] "log2 ratio of QUERY MEDIAN_INTENSITY/REF_MEDIAN_INTENSITY."
[1] "PL30"
[1] NA
[1] "6707"
[1] NA
[1] "ST179"
[1] NA
[1] "O139Arg"
[1] NA
[1] "PS15"
[1] NA
[1] "T2001"
[1] NA
[1] "5678"
[1] NA
[1] "UM17810"
[1] NA
[1] "CS351"
[1] NA
[1] "CS365"
[1] NA
[1] "5694"
[1] NA
[1] "DK69"
[1] NA
[1] "GB228"
[1] NA
[1] "5697"
[1] NA
[1] "IC210"
[1] NA
[1] "MZO 2"
[1] NA
[1] "6970"
[1] NA
[1] "6291"
[1] NA
[1] "MZO 3"
[1] NA
[1] "N15870"
[1] NA
[1] "5145"
[1] NA
[1] "7291"
[1] NA
[1] "CO545"
[1] NA
[1] "CO603"
[1] NA
[1] "5165"
[1] NA
[1] "7449"
[1] NA
[1] "CO845"
[1] NA
[1] "CS148"
[1] NA
[1] "7555"
[1] NA
[1] "5180"
[1] NA
[1] "7920"
[1] NA
[1] "7995"
[1] NA
[1] "5487"
[1] NA
[1] "8105"
[1] NA
[1] "ElTor"
[1] NA
[1] "ATCC 25872"
[1] NA
[1] "395"
[1] NA
[1] "B7648"
[1] NA
[1] "9009"
[1] NA
[1] "9115"
[1] NA
[1] "C6706"
[1] NA
[1] "9183"
[1] NA
[1] "CM50 2"
[1] NA
[1] "AQ3810"
[1] NA
[1] "9248"
[1] NA
[1] "1587"
[1] NA
[1] "BZ243"
[1] NA
[1] "2076 79"
[1] NA
[1] "2165 79"
[1] NA
[1] "MAK757"
[1] NA
[1] "2266 79"
[1] NA
[1] "RV79"
[1] NA
[1] "2740 80"
[1] NA
[1] "3083"
[1] NA
[1] "5052"
[1] NA
[1] "9794"
[1] NA
[1] "5064"
[1] NA
[1] "5009"
[1] NA
[1] "32 90"
[1] NA
[1] "1074 78"
[1] NA
[1] "5011"
[1] NA
[1] "1140 79"
[1] NA
[1] "5037"
[1] NA
[1] "2031H"
[1] NA
[1] "8497"
[1] NA
[1] "5128"
[1] NA
[1] "8635"
[1] NA
[1] "5042"
[1] NA
[1] "6345"
[1] NA
[1] "8643"
[1] NA
[1] "5043"
[1] NA
[1] "NCTC8457"
[1] NA
[1] "8691"
[1] NA
[1] "5047"
[1] NA
[1] "5811"
[1] NA
[1] "6337"
[1] NA
[1] "6355"
[1] NA
[1] "5051"
[1] NA
[1] "6345"
[1] NA
[1] "PG41"
[1] NA
[1] "6355"
[1] NA
[1] "5066"
[1] NA
[1] "6701"
[1] NA
[1] "5072"
[1] NA
[1] "3K"
[1] NA
[1] "638 79"
[1] NA
[1] "5086"
[1] NA
[1] "2794 79"
[1] NA
[1] "NG28836"
[1] NA
[1] "7165"
[1] NA
[1] "O145B"
[1] NA
[1] "A5"
[1] NA
[1] "A334PK"
[1] NA
[1] "PG38"
[1] NA
[1] "VTV2"
[1] NA
[1] "AI1837"
[1] NA
[1] "S21"
[1] NA
[1] "W"
[1] NA
[1] "VV33 0"
[1] NA
[1] "8 1"
[1] NA
[1] "6313"
[1] NA
[1] "6335"
[1] NA
[1] "Y273"
[1] NA
[1] "PG153"
[1] NA
[1] "5096"
[1] NA
[1] "V51"
[1] NA
[1] "V52"
[1] NA
[1] "VO1627"
[1] NA
[1] "NRT36S"
[1] NA
[1] "RB1"
[1] NA
[1] "T712"
[1] NA
[1] "T5957"
[1] NA
[1] "169 68"
[1] NA
[1] "PG25"
[1] NA
[1] "5078"
[1] NA
[1] "569B"
[1] NA
