[1] "GCOS intensity normalized as described above (data processing)"
[1] "Synechococcus wild type cells collected at hour 4 under continuous light (LL) after two 12-h:12-h light/dark cycles from a continuous culture."
[1] NA
[1] "Synechococcus wild type cells collected at hour 8 under continuous light (LL) after two 12-h:12-h light/dark cycles from a continuous culture."
[1] NA
[1] "Synechococcus wild type cells collected at hour 12 under continuous light (LL) after two 12-h:12-h light/dark cycles from a continuous culture."
[1] NA
[1] "Synechococcus wild type cells collected at hour 16 under continuous light (LL) after two 12-h:12-h light/dark cycles from a continuous culture."
[1] NA
[1] "Synechococcus wild type cells collected at hour 20 under continuous light (LL) after two 12-h:12-h light/dark cycles from a continuous culture."
[1] NA
[1] "Synechococcus wild type cells collected at hour 24 under continuous light (LL) after two 12-h:12-h light/dark cycles from a continuous culture."
[1] NA
[1] "Synechococcus wild type cells collected at hour 28 under continuous light (LL) after two 12-h:12-h light/dark cycles from a continuous culture."
[1] NA
[1] "Synechococcus wild type cells collected at hour 32 under continuous light (LL) after two 12-h:12-h light/dark cycles from a continuous culture."
[1] NA
[1] "Synechococcus wild type cells collected at hour 36 under continuous light (LL) after two 12-h:12-h light/dark cycles from a continuous culture."
[1] NA
[1] "Synechococcus wild type cells collected at hour 40 under continuous light (LL) after two 12-h:12-h light/dark cycles from a continuous culture."
[1] NA
[1] "Synechococcus wild type cells collected at hour 44 under continuous light (LL) after two 12-h:12-h light/dark cycles from a continuous culture."
[1] NA
[1] "Synechococcus wild type cells collected at hour 48 under continuous light (LL) after two 12-h:12-h light/dark cycles from a continuous culture."
[1] NA
[1] "Synechococcus wild type cells collected at hour 4 under continuous light (LL) after two 12-h:12-h light/dark cycles from a continuous culture."
[1] NA
[1] "Synechococcus wild type cells collected at hour 8 under continuous light (LL) after two 12-h:12-h light/dark cycles from a continuous culture."
[1] NA
[1] "Synechococcus wild type cells collected at hour 12 under continuous light (LL) after two 12-h:12-h light/dark cycles from a continuous culture."
[1] NA
[1] "Synechococcus wild type cells collected at hour 16 under continuous light (LL) after two 12-h:12-h light/dark cycles from a continuous culture."
[1] NA
[1] "Synechococcus wild type cells collected at hour 20 under continuous light (LL) after two 12-h:12-h light/dark cycles from a continuous culture."
[1] NA
[1] "Synechococcus wild type cells collected at hour 24 under continuous light (LL) after two 12-h:12-h light/dark cycles from a continuous culture."
[1] NA
[1] "Synechococcus wild type cells collected at hour 28 under continuous light (LL) after two 12-h:12-h light/dark cycles from a continuous culture."
[1] NA
[1] "Synechococcus wild type cells collected at hour 32 under continuous light (LL) after two 12-h:12-h light/dark cycles from a continuous culture."
[1] NA
[1] "Synechococcus wild type cells collected at hour 36 under continuous light (LL) after two 12-h:12-h light/dark cycles from a continuous culture."
[1] NA
[1] "Synechococcus wild type cells collected at hour 40 under continuous light (LL) after two 12-h:12-h light/dark cycles from a continuous culture."
[1] NA
[1] "Synechococcus wild type cells collected at hour 48 under continuous light (LL) after two 12-h:12-h light/dark cycles from a continuous culture."
[1] NA
[1] "Synechococcus wild type cells collected at hour 52 under continuous light (LL) after two 12-h:12-h light/dark cycles from a continuous culture."
[1] NA
[1] "Synechococcus kaiABC-null mutant cells collected at hour 4 under continuous light (LL) after two 12-h:12-h light/dark cycles from a continuous culture."
[1] NA
[1] "Synechococcus kaiABC-null mutant cells collected at hour 8 under continuous light (LL) after two 12-h:12-h light/dark cycles from a continuous culture."
[1] NA
[1] "Synechococcus kaiABC-null mutant cells collected at hour 12 under continuous light (LL) after two 12-h:12-h light/dark cycles from a continuous culture."
[1] NA
[1] "Synechococcus kaiABC-null mutant cells collected at hour 16 under continuous light (LL) after two 12-h:12-h light/dark cycles from a continuous culture."
[1] NA
[1] "Synechococcus kaiABC-null mutant cells collected at hour 20 under continuous light (LL) after two 12-h:12-h light/dark cycles from a continuous culture."
[1] NA
[1] "Synechococcus kaiABC-null mutant cells collected at hour 24 under continuous light (LL) after two 12-h:12-h light/dark cycles from a continuous culture."
[1] NA
[1] "Synechococcus kaiABC-null mutant cells collected at hour 28 under continuous light (LL) after two 12-h:12-h light/dark cycles from a continuous culture."
[1] NA
[1] "Synechococcus kaiABC-null mutant cells collected at hour 32 under continuous light (LL) after two 12-h:12-h light/dark cycles from a continuous culture."
[1] NA
[1] "Synechococcus kaiABC-null mutant cells collected at hour 36 under continuous light (LL) after two 12-h:12-h light/dark cycles from a continuous culture."
[1] NA
[1] "Synechococcus kaiABC-null mutant cells collected at hour 40 under continuous light (LL) after two 12-h:12-h light/dark cycles from a continuous culture."
[1] NA
[1] "Synechococcus kaiABC-null mutant cells collected at hour 44 under continuous light (LL) after two 12-h:12-h light/dark cycles from a continuous culture."
[1] NA
[1] "Synechococcus kaiABC-null mutant cells collected at hour 4 under continuous light (LL) after two 12-h:12-h light/dark cycles from a continuous culture."
[1] NA
[1] "Synechococcus kaiABC-null mutant cells collected at hour 8 under continuous light (LL) after two 12-h:12-h light/dark cycles from a continuous culture."
[1] NA
[1] "Synechococcus kaiABC-null mutant cells collected at hour 12 under continuous light (LL) after two 12-h:12-h light/dark cycles from a continuous culture."
[1] NA
[1] "Synechococcus kaiABC-null mutant cells collected at hour 16 under continuous light (LL) after two 12-h:12-h light/dark cycles from a continuous culture."
[1] NA
[1] "Synechococcus kaiABC-null mutant cells collected at hour 20 under continuous light (LL) after two 12-h:12-h light/dark cycles from a continuous culture."
[1] NA
[1] "Synechococcus kaiABC-null mutant cells collected at hour 24 under continuous light (LL) after two 12-h:12-h light/dark cycles from a continuous culture."
[1] NA
[1] "Synechococcus kaiABC-null mutant cells collected at hour 28 under continuous light (LL) after two 12-h:12-h light/dark cycles from a continuous culture."
[1] NA
[1] "Synechococcus kaiABC-null mutant cells collected at hour 32 under continuous light (LL) after two 12-h:12-h light/dark cycles from a continuous culture."
[1] NA
[1] "Synechococcus kaiABC-null mutant cells collected at hour 36 under continuous light (LL) after two 12-h:12-h light/dark cycles from a continuous culture."
[1] NA
[1] "Synechococcus kaiABC-null mutant cells collected at hour 40 under continuous light (LL) after two 12-h:12-h light/dark cycles from a continuous culture."
[1] NA
[1] "Synechococcus kaiABC-null mutant cells collected at hour 44 under continuous light (LL) after two 12-h:12-h light/dark cycles from a continuous culture."
[1] NA
[1] "Synechococcus Ptrc::kaiC cells at LL25 without IPTG (control)"
[1] NA
[1] "Synechococcus Ptrc::kaiC cells at LL25 with 100 uM IPTG (hour 0 after IPTG-induction)"
[1] NA
[1] "Synechococcus Ptrc::kaiC cells at LL25.5 without IPTG (control)"
[1] NA
[1] "Synechococcus Ptrc::kaiC cells at LL25.5 with 100 uM IPTG (hour 0.5 after IPTG-induction)"
[1] NA
[1] "Synechococcus Ptrc::kaiC cells at LL26 without IPTG (control)"
[1] NA
[1] "Synechococcus Ptrc::kaiC cells at LL26 with 100 uM IPTG (hour 1 after IPTG-induction)"
[1] NA
[1] "Synechococcus Ptrc::kaiC cells at LL27 without IPTG (control)"
[1] NA
[1] "Synechococcus Ptrc::kaiC cells at LL27 with 100 uM IPTG (hour 2 after IPTG-induction)"
[1] NA
[1] "Synechococcus Ptrc::kaiC cells at LL29 without IPTG (control)"
[1] NA
[1] "Synechococcus Ptrc::kaiC cells at LL29 with 100 uM IPTG (hour 4 after IPTG-induction)"
[1] NA
[1] "Synechococcus Ptrc::kaiC cells at LL33 without IPTG (control)"
[1] NA
[1] "Synechococcus Ptrc::kaiC cells at LL33 with 100 uM IPTG (hour 8 after IPTG-induction)"
[1] NA
[1] "Synechococcus Ptrc::kaiC cells at LL25 without IPTG (control)"
[1] NA
[1] "Synechococcus Ptrc::kaiC cells at LL25 with 100 uM IPTG (hour 0 after IPTG-induction)"
[1] NA
[1] "Synechococcus Ptrc::kaiC cells at LL25.5 without IPTG (control)"
[1] NA
[1] "Synechococcus Ptrc::kaiC cells at LL25.5 with 100 uM IPTG (hour 0.5 after IPTG-induction)"
[1] NA
[1] "Synechococcus Ptrc::kaiC cells at LL26 without IPTG (control)"
[1] NA
[1] "Synechococcus Ptrc::kaiC cells at LL26 with 100 uM IPTG (hour 1 after IPTG-induction)"
[1] NA
[1] "Synechococcus Ptrc::kaiC cells at LL27 without IPTG (control)"
[1] NA
[1] "Synechococcus Ptrc::kaiC cells at LL27 with 100 uM IPTG (hour 2 after IPTG-induction)"
[1] NA
[1] "Synechococcus Ptrc::kaiC cells at LL29 without IPTG (control)"
[1] NA
[1] "Synechococcus Ptrc::kaiC cells at LL29 with 100 uM IPTG (hour 4 after IPTG-induction)"
[1] NA
[1] "Synechococcus Ptrc::kaiC cells at LL33 without IPTG (control)"
[1] NA
[1] "Synechococcus Ptrc::kaiC cells at LL33 with 100 uM IPTG (hour 8 after IPTG-induction)"
[1] NA
[1] "Synechococcus wild type cells collected at hour 0 (=ZT12, DD0) under continuous dark (DD) after two 12-h:12-h dark/lightcycles from a continuous culture."
[1] NA
[1] "Synechococcus wild type cells collected at hour 4 under continuous dark (DD) after two 12-h:12-h dark/light cycles from a continuous culture."
[1] NA
[1] "Synechococcus wild type cells collected at hour 8 under continuous dark (DD) after two 12-h:12-h dark/light cycles from a continuous culture."
[1] NA
[1] "Synechococcus wild type cells collected at hour 12 under continuous dark (DD) after two 12-h:12-h dark/light cycles from a continuous culture."
[1] NA
[1] "Synechococcus wild type cells collected at hour 16 under continuous dark (DD) after two 12-h:12-h dark/light cycles from a continuous culture."
[1] NA
[1] "Synechococcus wild type cells collected at hour 20 under continuous dark (DD) after two 12-h:12-h dark/light cycles from a continuous culture."
[1] NA
[1] "Synechococcus wild type cells collected at hour 24 under continuous dark (DD) after two 12-h:12-h dark/light cycles from a continuous culture."
[1] NA
[1] "Synechococcus wild type cells collected at hour 28 under continuous dark (DD) after two 12-h:12-h dark/light cycles from a continuous culture."
[1] NA
[1] "Synechococcus wild type cells collected at hour 32 under continuous dark (DD) after two 12-h:12-h dark/light cycles from a continuous culture."
[1] NA
[1] "Synechococcus wild type cells collected at hour 36 under continuous dark (DD) after two 12-h:12-h dark/light cycles from a continuous culture."
[1] NA
[1] "Synechococcus wild type cells collected at hour 40 under continuous dark (DD) after two 12-h:12-h dark/light cycles from a continuous culture."
[1] NA
[1] "Synechococcus wild type cells collected at hour 44 under continuous dark (DD) after two 12-h:12-h dark/light cycles from a continuous culture."
[1] NA
[1] "Synechococcus wild type cells collected at hour 48 under continuous dark (DD) after two 12-h:12-h dark/light cycles from a continuous culture."
[1] NA
[1] "Synechococcus wild type cells collected at hour 52 under continuous dark (DD) after two 12-h:12-h dark/light cycles from a continuous culture."
[1] NA
[1] "Synechococcus wild type cells collected at hour 0 (=ZT12, DD0) under continuous dark (DD) after two 12-h:12-h dark/lightcycles from a continuous culture."
[1] NA
[1] "Synechococcus wild type cells collected at hour 4 under continuous dark (DD) after two 12-h:12-h dark/light cycles from a continuous culture."
[1] NA
[1] "Synechococcus wild type cells collected at hour 8 under continuous dark (DD) after two 12-h:12-h dark/light cycles from a continuous culture."
[1] NA
[1] "Synechococcus wild type cells collected at hour 12 under continuous dark (DD) after two 12-h:12-h dark/light cycles from a continuous culture."
[1] NA
[1] "Synechococcus wild type cells collected at hour 16 under continuous dark (DD) after two 12-h:12-h dark/light cycles from a continuous culture."
[1] NA
[1] "Synechococcus wild type cells collected at hour 20 under continuous dark (DD) after two 12-h:12-h dark/light cycles from a continuous culture."
[1] NA
[1] "Synechococcus wild type cells collected at hour 0 (=ZT12, DD0) under continuous dark (DD) after two 12-h:12-h dark/lightcycles from a continuous culture. 200-ug/ml rifampicin was present from hour 0 under DD."
[1] NA
[1] "Synechococcus wild type cells collected at hour 4 under continuous dark (DD) after two 12-h:12-h dark/lightcycles from a continuous culture. 200-ug/ml rifampicin was present from hour 0 under DD."
[1] NA
[1] "Synechococcus wild type cells collected at hour 8 under continuous dark (DD) after two 12-h:12-h dark/lightcycles from a continuous culture. 200-ug/ml rifampicin was present from hour 0 under DD."
[1] NA
[1] "Synechococcus wild type cells collected at hour 12 under continuous dark (DD) after two 12-h:12-h dark/lightcycles from a continuous culture. 200-ug/ml rifampicin was present from hour 0 under DD."
[1] NA
[1] "Synechococcus wild type cells collected at hour 16 under continuous dark (DD) after two 12-h:12-h dark/lightcycles from a continuous culture. 200-ug/ml rifampicin was present from hour 0 under DD."
[1] NA
[1] "Synechococcus wild type cells collected at hour 20 under continuous dark (DD) after two 12-h:12-h dark/lightcycles from a continuous culture. 200-ug/ml rifampicin was present from hour 0 under DD."
[1] NA
[1] "Synechococcus wild type cells collected at hour 24 under continuous dark (DD) after two 12-h:12-h dark/lightcycles from a continuous culture. 200-ug/ml rifampicin was present from hour 0 under DD."
[1] NA
[1] "Synechococcus wild type cells collected at hour 28 under continuous dark (DD) after two 12-h:12-h dark/lightcycles from a continuous culture. 200-ug/ml rifampicin was present from hour 0 under DD."
[1] NA
[1] "Synechococcus wild type cells collected at hour 32 under continuous dark (DD) after two 12-h:12-h dark/lightcycles from a continuous culture. 200-ug/ml rifampicin was present from hour 0 under DD."
[1] NA
[1] "Synechococcus wild type cells collected at hour 36 under continuous dark (DD) after two 12-h:12-h dark/lightcycles from a continuous culture. 200-ug/ml rifampicin was present from hour 0 under DD."
[1] NA
[1] "Synechococcus wild type cells collected at hour 40 under continuous dark (DD) after two 12-h:12-h dark/lightcycles from a continuous culture. 200-ug/ml rifampicin was present from hour 0 under DD."
[1] NA
[1] "Synechococcus wild type cells collected at hour 44 under continuous dark (DD) after two 12-h:12-h dark/lightcycles from a continuous culture. 200-ug/ml rifampicin was present from hour 0 under DD."
[1] NA
[1] "Synechococcus wild type cells collected at hour 48 under continuous dark (DD) after two 12-h:12-h dark/lightcycles from a continuous culture. 200-ug/ml rifampicin was present from hour 0 under DD."
[1] NA
[1] "wild type genomic DNA was partially digested with DNaseI as a reference"
[1] NA
