[1] NA
[1] "RsmA ChIPPAR"
[1] NA
[1] "RsmA ChIPPAR"
[1] NA
[1] "RsmA ChIPPAR"
[1] NA
[1] "RsmA ChIPPAR_Rif"
[1] NA
[1] "RsmA ChIPPAR_Rif"
[1] NA
[1] "RsmA ChIPPAR_Rif"
[1] NA
[1] "PAO1 midlog"
[1] NA
[1] "Hfq ChIP"
[1] NA
[1] "Hfq ChIP"
[1] NA
[1] "Hfq ChIP"
[1] NA
[1] "Hfq delAF_ChIP"
[1] NA
[1] "Hfq delAF_ChIP"
[1] NA
[1] "Hfq delAF_ChIP"
[1] NA
[1] "PAO1 2"
[1] NA
[1] "RsmA ChIP"
[1] NA
[1] "RsmA ChIP"
[1] NA
[1] "RsmA ChIP"
[1] NA
[1] "RsmA delhfq_ChIP"
[1] NA
[1] "RsmA delhfq_ChIP"
[1] NA
[1] "RsmA delhfq_ChIP"
[1] NA
[1] "PAO1 3"
[1] NA
[1] "Bacterial cells grown to OD 0.5"
[1] NA
[1] "Bacterial cells grown to OD 0.5"
[1] NA
[1] "Bacterial cells grown to OD 0.5"
[1] NA
[1] "Bacterial cells grown to OD 0.5"
[1] NA
[1] "Bacterial cells grown to OD 0.5"
[1] NA
[1] "Bacterial cells grown to OD 0.5"
[1] NA
[1] "Bacterial cells grown to OD 0.5"
[1] NA
[1] "Bacterial cells grown to OD 0.5"
[1] NA
[1] "Bacterial cells grown to OD 0.5"
[1] NA
