[1] NA
[1] "HeLa"
[1] NA
[1] "HeLa"
[1] NA
[1] "HeLa"
[1] NA
[1] "C. trachomatis-infected HeLa"
[1] NA
[1] "C. trachomatis-infected HeLa"
[1] NA
[1] "C. trachomatis-infected HeLa"
[1] NA
[1] "C. trachomatis-infected HeLa"
[1] NA
[1] "C. trachomatis-infected HeLa"
[1] NA
[1] "C. trachomatis-infected HeLa"
[1] NA
[1] "C. trachomatis-infected HeLa"
[1] NA
[1] "C. trachomatis-infected HeLa"
[1] NA
[1] "C. trachomatis-infected HeLa"
[1] NA
[1] "C. trachomatis-infected HeLa"
[1] NA
[1] "C. trachomatis-infected HeLa"
[1] NA
[1] "C. trachomatis-infected HeLa"
[1] NA
[1] "C. trachomatis-infected HeLa"
[1] NA
[1] "C. trachomatis-infected HeLa"
[1] NA
[1] "C. trachomatis-infected HeLa"
[1] NA
