[1] NA
[1] "Liquid culture of  Bacillus amyloliquefaciens."
[1] NA
[1] "Liquid culture of  Bacillus amyloliquefaciens."
[1] NA
[1] "Liquid culture of  Bacillus amyloliquefaciens."
[1] NA
[1] "Liquid culture of  Bacillus amyloliquefaciens."
[1] NA
[1] "Liquid culture of  Bacillus amyloliquefaciens."
[1] NA
[1] "Liquid culture of  Bacillus amyloliquefaciens."
[1] NA
[1] "Liquid culture of  Bacillus amyloliquefaciens."
[1] NA
[1] "Liquid culture of  Bacillus amyloliquefaciens."
[1] NA
[1] "Liquid culture of DH5α (Invitrogen cat-no.18265017."
[1] NA
[1] "Liquid culture of DH5α (Invitrogen cat-no.18265017."
[1] NA
[1] "Liquid culture of DH5α (Invitrogen cat-no.18265017."
[1] NA
[1] "Liquid culture of DH5α (Invitrogen cat-no.18265017."
[1] NA
[1] "Liquid culture of DH5α (Invitrogen cat-no.18265017."
[1] NA
[1] "Liquid culture of DH5α (Invitrogen cat-no.18265017."
[1] NA
[1] "Liquid culture of DH5α (Invitrogen cat-no.18265017."
[1] NA
[1] "Liquid culture of DH5α (Invitrogen cat-no.18265017."
[1] NA
[1] "Liquid culture of DH5α (Invitrogen cat-no.18265017."
[1] NA
[1] "Liquid culture of Lactobacillus plantarum (ATCC 8014."
[1] NA
[1] "Liquid culture of Lactobacillus plantarum (ATCC 8014."
[1] NA
[1] "Liquid culture of Lactobacillus plantarum (ATCC 8014."
[1] NA
[1] "Liquid culture of Lactobacillus plantarum (ATCC 8014."
[1] NA
[1] "Liquid culture of Lactobacillus plantarum (ATCC 8014."
[1] NA
[1] "Liquid culture of Lactobacillus plantarum (ATCC 8014."
[1] NA
[1] "Liquid culture of Lactobacillus plantarum (ATCC 8014."
[1] NA
[1] "Liquid culture of Lactobacillus plantarum (ATCC 8014."
[1] NA
[1] "Liquid culture of Lactobacillus plantarum (ATCC 8014."
[1] NA
[1] "Liquid culture of Lactobacillus plantarum (ATCC 8014."
[1] NA
[1] "Liquid culture of Lactobacillus plantarum (ATCC 8014."
[1] NA
[1] "Liquid culture of Lactobacillus plantarum (ATCC 8014."
[1] NA
[1] "Liquid culture of Lactobacillus plantarum (ATCC 8014."
[1] NA
[1] "Liquid culture of Lactobacillus plantarum (ATCC 8014."
[1] NA
[1] "Liquid culture of Lactobacillus plantarum (ATCC 8014."
[1] NA
[1] "Liquid culture of Lactobacillus plantarum (ATCC 8014."
[1] NA
[1] "Liquid culture of Lactobacillus plantarum (ATCC 8014."
[1] NA
[1] "Liquid culture of Lactobacillus plantarum (ATCC 8014."
[1] NA
[1] "Liquid culture of Lactobacillus plantarum (ATCC 8014."
[1] NA
[1] "Liquid culture of Lactobacillus reuteri (DSM17938."
[1] NA
[1] "Liquid culture of Lactobacillus reuteri (DSM17938."
[1] NA
[1] "Liquid culture of Lactobacillus reuteri (DSM17938."
[1] NA
[1] "Liquid culture of Lactobacillus reuteri (DSM17938."
[1] NA
[1] "Liquid culture of Lactobacillus reuteri (DSM17938."
[1] NA
[1] "Liquid culture of Lactobacillus reuteri (DSM17938."
[1] NA
[1] "Liquid culture of Lactobacillus reuteri (DSM17938."
[1] NA
[1] "Liquid culture of Lactobacillus reuteri (DSM17938."
[1] NA
[1] "Liquid culture of Lactobacillus reuteri (DSM17938."
[1] NA
[1] "Liquid culture of Lactobacillus reuteri (DSM17938."
[1] NA
[1] "Individual Liquid culture of Lactobacillus plantarum (ATCC 8014) and Lactobacillus reuteri (DSM17938."
[1] NA
[1] "Individual Liquid culture of Lactobacillus plantarum (ATCC 8014) and Lactobacillus reuteri (DSM17938."
[1] NA
[1] "Individual Liquid culture of Lactobacillus plantarum (ATCC 8014) and Lactobacillus reuteri (DSM17938."
[1] NA
[1] "Individual Liquid culture of Lactobacillus plantarum (ATCC 8014) and Lactobacillus reuteri (DSM17938."
[1] NA
[1] "Individual Liquid culture of Lactobacillus plantarum (ATCC 8014) and Lactobacillus reuteri (DSM17938."
[1] NA
[1] "Individual Liquid culture of Lactobacillus plantarum (ATCC 8014) and Lactobacillus reuteri (DSM17938."
[1] NA
[1] "Individual Liquid culture of Lactobacillus plantarum (ATCC 8014) and Lactobacillus reuteri (DSM17938."
[1] NA
[1] "Individual Liquid culture of Lactobacillus plantarum (ATCC 8014) and Lactobacillus reuteri (DSM17938."
[1] NA
[1] "Individual Liquid culture of Lactobacillus plantarum (ATCC 8014) and Lactobacillus reuteri (DSM17938."
[1] NA
[1] "Individual Liquid culture of Lactobacillus plantarum (ATCC 8014) and Lactobacillus reuteri (DSM17938."
[1] NA
[1] "Individual Liquid culture of Lactobacillus plantarum (ATCC 8014) and Lactobacillus reuteri (DSM17938."
[1] NA
[1] "Liquid culture of Bacillus subtilis 168 trpC2."
[1] NA
[1] "Liquid culture of Bacillus subtilis 168 trpC2."
[1] NA
[1] "Liquid culture of Bacillus subtilis 168 trpC2."
[1] NA
[1] "Liquid culture of Bacillus subtilis 168 trpC2."
[1] NA
[1] "Liquid culture of Bacillus subtilis 168 trpC2."
[1] NA
[1] "Liquid culture of Bacillus subtilis 168 trpC2."
[1] NA
[1] "Liquid culture of Bacillus subtilis 168 trpC2."
[1] NA
[1] "Liquid culture of Bacillus subtilis 168 trpC2."
[1] NA
[1] "Liquid culture of Bacillus subtilis 168 trpC2."
[1] NA
[1] "Liquid culture of Bacillus subtilis 168 trpC2."
[1] NA
[1] "Liquid culture of Bacillus subtilis 168 trpC2."
[1] NA
[1] "Liquid culture of Bacillus subtilis 168 trpC2."
[1] NA
[1] "Liquid culture of Bacillus subtilis 168 trpC2."
[1] NA
[1] "Liquid culture of Bacillus subtilis 168 trpC2."
[1] NA
[1] "Liquid culture of Bacillus subtilis 168 trpC2."
[1] NA
[1] "Liquid culture of Bacillus subtilis 168 trpC2."
[1] NA
[1] "Liquid culture of Bacillus subtilis 168 trpC2."
[1] NA
[1] "Liquid culture of Bacillus subtilis 168 trpC2."
[1] NA
[1] "Liquid culture of Bacillus subtilis 168 trpC2."
[1] NA
[1] "Liquid culture of Bacillus subtilis 168 trpC2."
[1] NA
[1] "Liquid culture of Bacillus subtilis 168 trpC2."
[1] NA
[1] "Liquid culture of Bacillus subtilis 168 trpC2."
[1] NA
[1] "Liquid culture of Bacillus subtilis 168 trpC2."
[1] NA
[1] "Liquid culture of Bacillus subtilis 168 trpC2."
[1] NA
[1] "Liquid culture of Bacillus subtilis 168 trpC2."
[1] NA
[1] "Liquid culture of Bacillus subtilis 168 trpC2."
[1] NA
[1] "Liquid culture of Bacillus subtilis 168 trpC2."
[1] NA
[1] "Liquid culture of Bacillus subtilis 168 trpC2."
[1] NA
[1] "Liquid culture of Bacillus subtilis 168 trpC2."
[1] NA
[1] "Liquid culture of Bacillus subtilis 168 trpC2."
[1] NA
[1] "Liquid culture of Caulobacter crescentus NA1000."
[1] NA
[1] "Liquid culture of Caulobacter crescentus NA1000."
[1] NA
[1] "Liquid culture of Caulobacter crescentus NA1000."
[1] NA
[1] "Liquid culture of Caulobacter crescentus NA1000."
[1] NA
[1] "Liquid culture of Synechocystis sp. PCC6803."
[1] NA
[1] "Liquid culture of Synechocystis sp. PCC6803."
[1] NA
[1] "Cell sudspension containing mixture of ten inactivated microorganisms (ZymoBIOMICS Microbial Community Standard, cat-no D6300, lot-no ZRC 190633) ."
[1] NA
[1] "Compost collected in Sundbyberg, Stockholm"
[1] NA
[1] "Compost collected in Sundbyberg, Stockholm"
[1] NA
[1] "Fecal cultureB"
[1] NA
[1] "Fecal cultureB"
[1] NA
[1] "Fecal cultureB"
[1] NA
[1] "Fecal cultureB"
[1] NA
[1] "Fecal cultureB"
[1] NA
[1] "Fecal cultureB"
[1] NA
[1] "Fecal cultureB"
[1] NA
[1] "Fecal cultureB"
[1] NA
[1] "Fecal cultureB"
[1] NA
[1] "Fecal cultureC"
[1] NA
[1] "Fecal cultureC"
[1] NA
[1] "Fecal cultureC"
[1] NA
[1] "Fecal cultureC"
[1] NA
[1] "Fecal cultureC"
[1] NA
[1] "Fecal cultureC"
[1] NA
[1] "Fecal cultureC"
[1] NA
[1] "Fecal cultureC"
[1] NA
[1] "Fecal cultureC"
[1] NA
[1] "Liquid culture of Alistipes finegoldii (DSM 17242)"
[1] NA
[1] "Liquid culture of Alistipes finegoldii (DSM 17242)"
[1] NA
[1] "Liquid culture of Alistipes finegoldii (DSM 17242)"
[1] NA
[1] "Liquid culture of Alistipes finegoldii (DSM 17242)"
[1] NA
[1] "Liquid culture of Alistipes finegoldii (DSM 17242)"
[1] NA
[1] "Liquid culture of Alistipes finegoldii (DSM 17242)"
[1] NA
[1] "Liquid culture of Bacillus subtilis 168 trpC2."
[1] NA
[1] "Liquid culture of Bacillus subtilis 168 trpC2."
[1] NA
[1] "Liquid culture of Bacillus subtilis 168 trpC2."
[1] NA
[1] "Liquid culture of Bacillus subtilis 168 trpC2."
[1] NA
[1] "Liquid culture of Bacillus subtilis 168 trpC2."
[1] NA
[1] "Liquid culture of Bacillus subtilis 168 trpC2."
[1] NA
[1] "Liquid culture of DH5α (Invitrogen cat-no.18265017)"
[1] NA
[1] "Liquid culture of DH5α (Invitrogen cat-no.18265017)"
[1] NA
[1] "Liquid culture of DH5α (Invitrogen cat-no.18265017)"
[1] NA
[1] "Liquid culture of DH5α (Invitrogen cat-no.18265017)"
[1] NA
[1] "Liquid culture of DH5α (Invitrogen cat-no.18265017)"
[1] NA
[1] "Liquid culture of DH5α (Invitrogen cat-no.18265017)"
[1] NA
[1] "Liquid culture of Prevotella copri (DSM 18205)"
[1] NA
[1] "Liquid culture of Prevotella copri (DSM 18205)"
[1] NA
[1] "Liquid culture of Prevotella copri (DSM 18205)"
[1] NA
[1] "Liquid culture of Prevotella copri (DSM 18205)"
[1] NA
[1] "Liquid culture of Prevotella copri (DSM 18205)"
[1] NA
[1] "Liquid culture of Prevotella copri (DSM 18205)"
[1] NA
[1] "Liquid culture of Parabacter merdae (DSM 19495)"
[1] NA
[1] "Liquid culture of Parabacter merdae (DSM 19495)"
[1] NA
[1] "Liquid culture of Parabacter merdae (DSM 19495)"
[1] NA
[1] "Liquid culture of Parabacter merdae (DSM 19495)"
[1] NA
[1] "Liquid culture of Parabacter merdae (DSM 19495)"
[1] NA
[1] "Liquid culture of Parabacter merdae (DSM 19495)"
[1] NA
[1] "Liquid culture of Prevotella timonesis (DSM 22865)"
[1] NA
[1] "Liquid culture of Prevotella timonesis (DSM 22865)"
[1] NA
[1] "Liquid culture of Prevotella timonesis (DSM 22865)"
[1] NA
[1] "Liquid culture of Prevotella timonesis (DSM 22865)"
[1] NA
[1] "Liquid culture of Prevotella timonesis (DSM 22865)"
[1] NA
[1] "Liquid culture of Prevotella timonesis (DSM 22865)"
[1] NA
[1] "Liquid culture of Bacillus subtilis 168 trpC2"
[1] NA
[1] "Liquid culture of Bacillus subtilis 168 trpC2"
[1] NA
[1] "Liquid culture of ribonuclease J1 deletion strain (rnjA) Bacillus subtilis 168 trpC2, supplemented with 100µg/ml Spectinomycin for selection"
[1] NA
[1] "Liquid culture of ribonuclease J1 deletion strain (rnjA) Bacillus subtilis 168 trpC2, supplemented with 100µg/ml Spectinomycin for selection"
[1] NA
[1] "Liquid culture of ribonuclease J2 deletion strain (rnjB) Bacillus subtilis 168 trpC2, supplemented with 5µg/ml Kanamycin for selection"
[1] NA
[1] "Liquid culture of ribonuclease J2 deletion strain (rnjB) Bacillus subtilis 168 trpC2, supplemented with 5µg/ml Kanamycin for selection"
[1] NA
[1] "Liquid culture of ribonuclease Y deletion strain (rny) Bacillus subtilis 168 trpC2, supplemented with 5µg/ml Kanamycin for selection"
[1] NA
[1] "Liquid culture of ribonuclease Y deletion strain (rny) Bacillus subtilis 168 trpC2, supplemented with 5µg/ml Kanamycin for selection"
[1] NA
[1] "Liquid culture of Bacillus subtilis 168 trpC2"
[1] NA
[1] "Liquid culture of Bacillus subtilis 168 trpC2"
[1] NA
[1] "Liquid culture of ribonuclease J1 deletion strain (rnjA) Bacillus subtilis 168 trpC2, supplemented with 100µg/ml Spectinomycin for selection"
[1] NA
[1] "Liquid culture of ribonuclease J1 deletion strain (rnjA) Bacillus subtilis 168 trpC2, supplemented with 100µg/ml Spectinomycin for selection"
[1] NA
[1] "Liquid culture of ribonuclease J2 deletion strain (rnjB) Bacillus subtilis 168 trpC2, supplemented with 5µg/ml Kanamycin for selection"
[1] NA
[1] "Liquid culture of ribonuclease J2 deletion strain (rnjB) Bacillus subtilis 168 trpC2, supplemented with 5µg/ml Kanamycin for selection"
[1] NA
[1] "Liquid culture of ribonuclease Y deletion strain (rny) Bacillus subtilis 168 trpC2, supplemented with 5µg/ml Kanamycin for selection"
[1] NA
[1] "Liquid culture of ribonuclease Y deletion strain (rny) Bacillus subtilis 168 trpC2, supplemented with 5µg/ml Kanamycin for selection"
[1] NA
[1] "Liquid culture of Bacillus subtilis 168 trpC2"
[1] NA
[1] "Liquid culture of Bacillus subtilis 168 trpC2"
[1] NA
[1] "Liquid culture of ribonuclease J1 deletion strain (rnjA) Bacillus subtilis 168 trpC2, supplemented with 100µg/ml Spectinomycin for selection"
[1] NA
[1] "Liquid culture of ribonuclease J1 deletion strain (rnjA) Bacillus subtilis 168 trpC2, supplemented with 100µg/ml Spectinomycin for selection"
[1] NA
[1] "Liquid culture of ribonuclease J2 deletion strain (rnjB) Bacillus subtilis 168 trpC2, supplemented with 5µg/ml Kanamycin for selection"
[1] NA
[1] "Liquid culture of ribonuclease J2 deletion strain (rnjB) Bacillus subtilis 168 trpC2, supplemented with 5µg/ml Kanamycin for selection"
[1] NA
[1] "Liquid culture of ribonuclease Y deletion strain (rny) Bacillus subtilis 168 trpC2, supplemented with 5µg/ml Kanamycin for selection"
[1] NA
[1] "Liquid culture of ribonuclease Y deletion strain (rny) Bacillus subtilis 168 trpC2, supplemented with 5µg/ml Kanamycin for selection"
[1] NA
[1] "Liquid culture of Escherichia coli MG1655"
[1] NA
[1] "Liquid culture of Escherichia coli MG1655"
[1] NA
[1] "Liquid culture of Escherichia coli MG1655"
[1] NA
[1] "Liquid culture of Escherichia coli MG1655"
[1] NA
[1] "Liquid culture of Escherichia coli MG1655"
[1] NA
[1] "Liquid culture of Escherichia coli MG1655"
[1] NA
[1] "Liquid culture of Escherichia coli MG1655"
[1] NA
[1] "Liquid culture of Escherichia coli MG1655"
[1] NA
[1] "Liquid culture of Escherichia coli MG1655"
[1] NA
[1] "Liquid culture of Escherichia coli MG1655"
[1] NA
[1] "Liquid culture of Escherichia coli MG1655"
[1] NA
[1] "Liquid culture of Escherichia coli MG1655"
[1] NA
[1] "Liquid culture of Escherichia coli MG1655"
[1] NA
[1] "Liquid culture of Escherichia coli MG1655"
[1] NA
[1] "Liquid culture of Escherichia coli MG1655"
[1] NA
[1] "Liquid culture of one shot Top10 Ecoli cells transformed with  pEC622 plasmid expressing RNase J1 for complementation in Spyogenes on its native promoter "
[1] NA
[1] "Liquid culture of one shot Top10 Ecoli cells transformed with  pEC622 plasmid expressing RNase J1 for complementation in Spyogenes on its native promoter "
[1] NA
[1] "Liquid culture of one shot Top10 Ecoli cells transformed with  pEC622 plasmid expressing RNase J1 for complementation in Spyogenes on its native promoter "
[1] NA
[1] "Liquid culture of one shot Top10 Ecoli cells transformed with  pEC622 plasmid expressing RNase J1 for complementation in Spyogenes on its native promoter "
[1] NA
[1] "A mixed sample of 8 cultures:  bsub-wt ctr_r1_s_o_v17, bsub-wt_hs_r1_s_o_v17, bsub-rnja_ctr_r1_s_o_v17, bsub-rnja_hs_r1_s_o_v17, bsub-rnjb_ctr_r1_s_o_v17, bsub-rnjb_hs_r1_s_o_v17, bsub-rny_ctr_r1_s_o_v17, bsub-rny_hs_r1_s_o_v17"
[1] NA
[1] "A mixed sample of 8 cultures:  bsub-wt ctr_r2_s_o_v17, bsub-wt_hs_r2_s_o_v17, bsub-rnja_ctr_r2_s_o_v17, bsub-rnja_hs_r2_s_o_v17, bsub-rnjb_ctr_r2_s_o_v17, bsub-rnjb_hs_r2_s_o_v17, bsub-rny_ctr_r2_s_o_v17, bsub-rny_hs_r2_s_o_v17"
[1] NA
[1] "A mixed sample of 8 cultures:  bsub-wt ctr_r3_s_o_v17, bsub-wt_hs_r3_s_o_v17, bsub-rnja_ctr_r3_s_o_v17, bsub-rnja_hs_r3_s_o_v17, bsub-rnjb_ctr_r3_s_o_v17, bsub-rnjb_hs_r3_s_o_v17, bsub-rny_ctr_r3_s_o_v17, bsub-rny_hs_r3_s_o_v17"
[1] NA
[1] "A mixed sample of 5 cultures: ecol ctr_r1-1_s_o_v17; ecol_hs_r1_s_o_v17; ecol_ctr_r1-2_s_o_v17; ecol_cam_r1_s_o_v17; ecol_mup_r1_s_o_v17"
[1] NA
[1] "A mixed sample of 5 cultures: ecol ctr_r2-1_s_o_v17; ecol_hs_r2_s_o_v17; ecol_ctr_r2-2_s_o_v17; ecol_cam_r2_s_o_v17; ecol_mup_r2_s_o_v17"
[1] NA
[1] "A mixed sample of 5 cultures: ecol ctr_r3-1_s_o_v17; ecol_hs_r3_s_o_v17; ecol_ctr_r3-2_s_o_v17; ecol_cam_r3_s_o_v17; ecol_mup_r3_s_o_v17"
[1] NA
