[1] NA
[1] "DMC1KO 4h"
[1] "4"
[1] "valid gsm... but no data in gsm data table! getting supplementary file (which may or may not contain the data) and writing to subfolder"
[1] "Plasmid digested by BmgBI"
[1] NA
[1] "Plasmid digested by EcoRI"
[1] NA
[1] "Plasmid digested by PstI"
[1] NA
[1] "SPO11KO 4h"
[1] "4"
[1] "valid gsm... but no data in gsm data table! getting supplementary file (which may or may not contain the data) and writing to subfolder"
[1] "WT 0h"
[1] "0"
[1] "valid gsm... but no data in gsm data table! getting supplementary file (which may or may not contain the data) and writing to subfolder"
[1] "WT 0h digested by AsiSI"
[1] "0"
[1] "valid gsm... but no data in gsm data table! getting supplementary file (which may or may not contain the data) and writing to subfolder"
[1] "WT 0h digested by AsiSI"
[1] "0"
[1] "valid gsm... but no data in gsm data table! getting supplementary file (which may or may not contain the data) and writing to subfolder"
[1] "WT 4h"
[1] "4"
[1] "valid gsm... but no data in gsm data table! getting supplementary file (which may or may not contain the data) and writing to subfolder"
[1] "bacteria"
[1] NA
[1] "n/a"
[1] NA
