[1] "log2 normalized expression ratio MAJ exp/MAJ st"
[1] "O157:H7 Sakai, stationary phase cells in MAJ pH 3.5, 37C"
[1] NA
[1] "O157:H7 Sakai, exponential phase cells in MAJ pH 3.5, 37C"
[1] NA
[1] "O157:H7 Sakai, exponential phase cells in MAJ pH 3.5, 37C"
[1] NA
[1] "O157:H7 Sakai, stationary phase cells in MAJ pH 3.5, 37C"
[1] NA
[1] "O157:H7 Sakai, exponential phase cells in MOPS pH 7.4, 37C"
[1] NA
[1] "O157:H7 Sakai, exponential phase cells in MAJ pH 3.5, 37C"
[1] NA
[1] "O157:H7 Sakai, exponential phase cells in MAJ pH 3.5, 37C"
[1] NA
[1] "O157:H7 Sakai, exponential phase cells in MOPS pH 7.4, 37C"
[1] NA
[1] "O157:H7 Sakai, exponential phase cells in MOPS pH 7.4, 37C"
[1] NA
[1] "O157:H7 Sakai, stationary phase cells in MOPS pH 7.4, 37C"
[1] NA
[1] "O157:H7 Sakai, stationary phase cells in MAJ pH 3.5, 37C"
[1] NA
[1] "O157:H7 Sakai, stationary phase cells in MAJ pH 3.5, 37C"
[1] NA
[1] "O157:H7 Sakai, stationary phase cells in MOPS pH 7.4, 37C"
[1] NA
[1] "O157:H7 Sakai, stationary phase cells in MAJ pH 3.5, 37C"
[1] NA
