Setting options('download.file.method.GEOquery'='auto')
Setting options('GEOquery.inmemory.gpl'=FALSE)
Loading required package: Biobase
Loading required package: BiocGenerics

Attaching package: 'BiocGenerics'

The following objects are masked from 'package:stats':

    IQR, mad, sd, var, xtabs

The following objects are masked from 'package:base':

    anyDuplicated, aperm, append, as.data.frame, basename, cbind,
    colnames, dirname, do.call, duplicated, eval, evalq, Filter, Find,
    get, grep, grepl, intersect, is.unsorted, lapply, Map, mapply,
    match, mget, order, paste, pmax, pmax.int, pmin, pmin.int,
    Position, rank, rbind, Reduce, rownames, sapply, setdiff, table,
    tapply, union, unique, unsplit, which.max, which.min

Welcome to Bioconductor

    Vignettes contain introductory material; view with
    'browseVignettes()'. To cite Bioconductor, see
    'citation("Biobase")', and for packages 'citation("pkgname")'.


Attaching package: 'fs'

The following object is masked from 'package:BiocGenerics':

    path

Using locally cached version of GSE15409 found here:
C:\Users\Rafael\repos\personal\geo_data_analysis\data/GSE15409/GSE15409.soft.gz 
Reading file....
Parsing....
Found 23 entities...
GPL3503 (1 of 24 entities)
GSM386765 (2 of 24 entities)
GSM386766 (3 of 24 entities)
GSM386767 (4 of 24 entities)
GSM386768 (5 of 24 entities)
GSM386769 (6 of 24 entities)
GSM386770 (7 of 24 entities)
GSM386771 (8 of 24 entities)
GSM386772 (9 of 24 entities)
GSM386773 (10 of 24 entities)
GSM386774 (11 of 24 entities)
GSM386775 (12 of 24 entities)
GSM386776 (13 of 24 entities)
GSM386777 (14 of 24 entities)
GSM386778 (15 of 24 entities)
GSM386779 (16 of 24 entities)
GSM386780 (17 of 24 entities)
GSM386781 (18 of 24 entities)
GSM386782 (19 of 24 entities)
GSM386783 (20 of 24 entities)
GSM386784 (21 of 24 entities)
GSM386785 (22 of 24 entities)
GSM386786 (23 of 24 entities)
Warning message:
series may be getting RATIOS not actual raw measures 
Error: all time values are the same
Execution halted
