[1] "Log2 GC-RMA Signal Intensity"
[1] "Early log phase planktonic culture"
[1] NA
[1] "Early log phase planktonic culture"
[1] NA
[1] "Early log phase planktonic culture"
[1] NA
[1] "4 day old untreated biofilm"
[1] NA
[1] "4 day old untreated biofilm"
[1] NA
[1] "4 day old untreated biofilm"
[1] NA
[1] "4 day old antibiotic treated biofilm"
[1] NA
[1] "4 day old antibiotic treated biofilm"
[1] NA
[1] "4 day old antibiotic treated biofilm"
[1] NA
[1] "Planktonic cells, replicate 1"
[1] NA
[1] "Planktonic cells, replicate 2"
[1] NA
[1] "Planktonic cells, replicate 3"
[1] NA
[1] "Biofilm cells, replicate 1"
[1] NA
[1] "Biofilm cells, replicate 2"
[1] NA
[1] "Biofilm cells, replicate 3"
[1] NA
[1] "Antibiotic treated biofilm cells, replicate 1"
[1] NA
[1] "Antibiotic treated biofilm cells, replicate 2"
[1] NA
[1] "Antibiotic treated biofilm cells, replicate 3"
[1] NA
[1] "Planktonic cells"
[1] NA
[1] "Planktonic cells"
[1] NA
[1] "Planktonic cells"
[1] NA
[1] "Planktonic cells"
[1] NA
[1] "Biofilm cells"
[1] NA
[1] "Biofilm cells"
[1] NA
[1] "Biofilm cells"
[1] NA
[1] "Biofilm cells"
[1] NA
[1] "Antibiotic treated biofilm cells"
[1] NA
[1] "Antibiotic treated biofilm cells, replicate 2"
[1] NA
[1] "Antibiotic treated biofilm cells, replicate 3"
[1] NA
[1] "Antibiotic treated biofilm cells, replicate 4"
[1] NA
