[1] NA
[1] "wt  0 min anaerobic"
[1] "0"
[1] "valid gsm... but no data in gsm data table! getting supplementary file (which may or may not contain the data) and writing to subfolder"
[1] "wt 120 min anaerobic"
[1] "120"
[1] "valid gsm... but no data in gsm data table! getting supplementary file (which may or may not contain the data) and writing to subfolder"
[1] "wt 240 min anaerobic"
[1] "240"
[1] "valid gsm... but no data in gsm data table! getting supplementary file (which may or may not contain the data) and writing to subfolder"
[1] "nor KO 0 min anaerobic"
[1] "0"
[1] "valid gsm... but no data in gsm data table! getting supplementary file (which may or may not contain the data) and writing to subfolder"
[1] "nor KO 120 min anaerobic"
[1] "120"
[1] "valid gsm... but no data in gsm data table! getting supplementary file (which may or may not contain the data) and writing to subfolder"
[1] "nor KO 240 min anaerobic"
[1] "240"
[1] "valid gsm... but no data in gsm data table! getting supplementary file (which may or may not contain the data) and writing to subfolder"
[1] "nos KO 0 min anaerobic"
[1] "0"
[1] "valid gsm... but no data in gsm data table! getting supplementary file (which may or may not contain the data) and writing to subfolder"
[1] "nos KO 120 min anaerobic"
[1] "120"
[1] "valid gsm... but no data in gsm data table! getting supplementary file (which may or may not contain the data) and writing to subfolder"
[1] "nos KO 240 min anaerobic"
[1] "240"
[1] "valid gsm... but no data in gsm data table! getting supplementary file (which may or may not contain the data) and writing to subfolder"
[1] "wt 0 min anaerobic"
[1] "0"
[1] "valid gsm... but no data in gsm data table! getting supplementary file (which may or may not contain the data) and writing to subfolder"
[1] "wt 120 min anaerobic"
[1] "120"
[1] "valid gsm... but no data in gsm data table! getting supplementary file (which may or may not contain the data) and writing to subfolder"
[1] "wt 240 min anaerobic"
[1] "240"
[1] "valid gsm... but no data in gsm data table! getting supplementary file (which may or may not contain the data) and writing to subfolder"
[1] "nor KO 0 min anaerobic"
[1] "0"
[1] "valid gsm... but no data in gsm data table! getting supplementary file (which may or may not contain the data) and writing to subfolder"
[1] "nor KO 120 min anaerobic"
[1] "120"
[1] "valid gsm... but no data in gsm data table! getting supplementary file (which may or may not contain the data) and writing to subfolder"
[1] "nor KO 240 min anaerobic"
[1] "240"
[1] "valid gsm... but no data in gsm data table! getting supplementary file (which may or may not contain the data) and writing to subfolder"
[1] "nos KO 0 min anaerobic"
[1] "0"
[1] "valid gsm... but no data in gsm data table! getting supplementary file (which may or may not contain the data) and writing to subfolder"
[1] "nos KO 120 min anaerobic"
[1] "120"
[1] "valid gsm... but no data in gsm data table! getting supplementary file (which may or may not contain the data) and writing to subfolder"
[1] "nos KO 240 min anaerobic"
[1] "240"
[1] "valid gsm... but no data in gsm data table! getting supplementary file (which may or may not contain the data) and writing to subfolder"
[1] "wt  0 mM DEA NONOate"
[1] NA
[1] "wt 2 mM DEA NONOate"
[1] NA
[1] "wt  0 mM DEA NONOate"
[1] NA
[1] "wt 2 mM DEA NONOate"
[1] NA
[1] "nor KO 0 mM DEA NONOate"
[1] NA
[1] "nor KO 2 mM DEA NONOate"
[1] NA
[1] "nos KO 0 mM DEA NONOate"
[1] NA
[1] "nos KO 2 mM DEA NONOate"
[1] NA
[1] "nor KO 0 mM DEA NONOate"
[1] NA
[1] "nor KO 2 mM DEA NONOate"
[1] NA
[1] "nos KO 0 mM DEA NONOate"
[1] NA
[1] "nos KO 2 mM DEA NONOate"
[1] NA
