[1] NA
[1] "FleQ ChIP-seq P. aeruginosa PAO1"
[1] NA
[1] "FleQ ChIP-seq P. aeruginosa PAO1"
[1] NA
[1] "GbdR ChIP-seq P. aeruginosa PAO1"
[1] NA
[1] "GbdR ChIP-seq P. aeruginosa PAO1"
[1] NA
[1] "PchR ChIP-seq P. aeruginosa PAO1"
[1] NA
[1] "PchR ChIP-seq P. aeruginosa PAO1"
[1] NA
[1] "PhoB ChIP-seq P. aeruginosa PAO1"
[1] NA
[1] "PhoB ChIP-seq P. aeruginosa PAO1"
[1] NA
[1] "SphR ChIP-seq P. aeruginosa PAO1"
[1] NA
[1] "SphR ChIP-seq P. aeruginosa PAO1"
[1] NA
[1] "Input ChIP-seq P. aeruginosa PAO1"
[1] NA
[1] "Input ChIP-seq P. aeruginosa PAO1"
[1] NA
[1] "paired-end RNA-seq P. aeruginosa PAO1 algR mutant"
[1] NA
[1] "paired-end RNA-seq P. aeruginosa PAO1 algR mutant"
[1] NA
[1] "paired-end RNA-seq P. aeruginosa PAO1 cdpR mutant"
[1] NA
[1] "paired-end RNA-seq P. aeruginosa PAO1 cdpR mutant"
[1] NA
[1] "paired-end RNA-seq P. aeruginosa PAO1 exsA mutant"
[1] NA
[1] "paired-end RNA-seq P. aeruginosa PAO1 exsA mutant"
[1] NA
[1] "paired-end RNA-seq P. aeruginosa PAO1 fleQ mutant"
[1] NA
[1] "paired-end RNA-seq P. aeruginosa PAO1 fleQ mutant"
[1] NA
[1] "paired-end RNA-seq P. aeruginosa PAO1 gacA mutant"
[1] NA
[1] "paired-end RNA-seq P. aeruginosa PAO1 gacA mutant"
[1] NA
[1] "paired-end RNA-seq P. aeruginosa PAO1 gbdR mutant"
[1] NA
[1] "paired-end RNA-seq P. aeruginosa PAO1 gbdR mutant"
[1] NA
[1] "paired-end RNA-seq P. aeruginosa PAO1 lasR mutant"
[1] NA
[1] "paired-end RNA-seq P. aeruginosa PAO1 lasR mutant"
[1] NA
[1] "paired-end RNA-seq P. aeruginosa PAO1 pchR mutant"
[1] NA
[1] "paired-end RNA-seq P. aeruginosa PAO1 pchR mutant"
[1] NA
[1] "paired-end RNA-seq P. aeruginosa PAO1 phoB mutant"
[1] NA
[1] "paired-end RNA-seq P. aeruginosa PAO1 phoB mutant"
[1] NA
[1] "paired-end RNA-seq P. aeruginosa PAO1 rsaL mutant"
[1] NA
[1] "paired-end RNA-seq P. aeruginosa PAO1 rsaL mutant"
[1] NA
[1] "paired-end RNA-seq P. aeruginosa PAO1 sphR mutant"
[1] NA
[1] "paired-end RNA-seq P. aeruginosa PAO1 sphR mutant"
[1] NA
[1] "paired-end RNA-seq P. aeruginosa PAO1 vqsR mutant"
[1] NA
[1] "paired-end RNA-seq P. aeruginosa PAO1 vqsR mutant"
[1] NA
[1] "paired-end RNA-seq P. aeruginosa PAO1 wild type"
[1] NA
[1] "paired-end RNA-seq P. aeruginosa PAO1 wild type"
[1] NA
[1] "paired-end RNA-seq P. aeruginosa PAO1 wild type"
[1] NA
[1] "paired-end RNA-seq P. aeruginosa PAO1 wild type"
[1] NA
[1] "paired-end RNA-seq P. aeruginosa PAO1 wild type"
[1] NA
[1] "paired-end RNA-seq P. aeruginosa PAO1 wild type"
[1] NA
[1] "paired-end RNA-seq P. aeruginosa PAO1 wild type"
[1] NA
[1] "paired-end RNA-seq P. aeruginosa PAO1 wild type"
[1] NA
[1] "WT-qscR"
[1] NA
[1] "WT-qscR"
[1] NA
[1] "qscR"
[1] NA
[1] "qscR"
[1] NA
[1] "WT-vqsM"
[1] NA
[1] "WT-vqsM"
[1] NA
[1] "vqsM"
[1] NA
[1] "vqsM"
[1] NA
