[1] "normalized log2 ratio (Cy5/Cy3) representing test/reference (ie, wt/mutant)"
[1] "M. tuberculosis delta-sigmaH mutant at log phase"
[1] NA
[1] "M. tuberculosis delta-sigmaH mutant at log phase"
[1] NA
[1] "M. tuberculosis delta-sigmaH mutant at log phase + 1 hr diamide 10 mM, then washed away"
[1] "1"
[1] "3600"
[1] "M. tuberculosis delta-sigmaH mutant at log phase + 1 hr diamide 10 mM, then washed away"
[1] "1"
[1] "3600"
[1] "M. tuberculosis delta-sigmaH mutant at log phase + 1 hr diamide 10 mM, then washed away + 30 min"
[1] "1"
[1] "3600"
[1] "M. tuberculosis delta-sigmaH mutant at log phase + 1 hr diamide 10 mM, then washed away + 30 min"
[1] "1"
[1] "3600"
[1] "M. tuberculosis delta-sigmaH mutant at log phase + 1 hr diamide 10 mM, then washed away + 60 min"
[1] "1"
[1] "3600"
[1] "M. tuberculosis delta-sigmaH mutant at log phase + 1 hr diamide 10 mM, then washed away + 60 min"
[1] "1"
[1] "3600"
[1] "M. tuberculosis delta-sigmaH mutant at log phase + 1 hr diamide 10 mM, then washed away + 90 min"
[1] "1"
[1] "3600"
[1] "M. tuberculosis delta-sigmaH mutant at log phase + 1 hr diamide 10 mM, then washed away + 90 min"
[1] "1"
[1] "3600"
[1] "M. tuberculosis delta-sigmaH mutant at log phase + 1 hr diamide 10 mM, then washed away + 120 min"
[1] "1"
[1] "3600"
[1] "M. tuberculosis delta-sigmaH mutant at log phase + 1 hr diamide 10 mM, then washed away + 120 min"
[1] "1"
[1] "3600"
