[1] NA
[1] "Mono HEK"
[1] NA
[1] "Dis HEK"
[1] NA
[1] "Mono HEK"
[1] NA
[1] "Dis HEK"
[1] NA
[1] "Mono U2OS"
[1] NA
[1] "Dis U2OS"
[1] NA
[1] "Mono U2OS"
[1] NA
[1] "Dis U2OS"
[1] NA
[1] "Total HEK"
[1] NA
[1] "Total HEK"
[1] NA
[1] "Mono HEK_no_puro"
[1] NA
[1] "Dis HEK_no_puro"
[1] NA
[1] "Mono HEK_puro"
[1] NA
[1] "Dis HEK_puro"
[1] NA
[1] "Mono HEK_no_puro"
[1] NA
[1] "Dis HEK_no_puro"
[1] NA
[1] "Mono HEK_puro"
[1] NA
[1] "Dis HEK_puro"
[1] NA
[1] "Mono HEK_no_PK"
[1] NA
[1] "Dis HEK_no_PK"
[1] NA
[1] "Mono HEK_PK_low"
[1] NA
[1] "Dis HEK_PK_low"
[1] NA
[1] "Mono HEK_PK_mid"
[1] NA
[1] "Dis HEK_PK_mid"
[1] NA
[1] "Mono HEK_PK_high"
[1] NA
[1] "Dis HEK_PK_high"
[1] NA
[1] "Mono HEK_PK_veryhigh"
[1] NA
[1] "Dis HEK_PK_veryhigh"
[1] NA
[1] "Mono Ecoli_LMNC"
[1] NA
[1] "Dis Ecoli_LMNC"
[1] NA
[1] "Mono Ecoli_LMNC"
[1] NA
[1] "Dis Ecoli_LMNC"
[1] NA
[1] "Mono Ecoli_1B-Cherry"
[1] NA
[1] "Dis Ecoli_1B-Cherry"
[1] NA
[1] "Mono Ecoli_1B-Cherry"
[1] NA
[1] "Dis Ecoli_1B-Cherry"
[1] NA
[1] "Mono Ecoli_1B*-Cherry"
[1] NA
[1] "Dis Ecoli_1B*-Cherry"
[1] NA
[1] "Mono Ecoli_1B*-Cherry"
[1] NA
[1] "Dis Ecoli_1B*-Cherry"
[1] NA
[1] "Mono Ecoli_DCTN1"
[1] NA
[1] "Dis Ecoli_DCTN1"
[1] NA
