[1] NA
[1] "Un IP_Mu_1"
[1] NA
[1] "Un IN_Mu_1"
[1] NA
[1] "Un IP_Mu_2"
[1] NA
[1] "Un IN_Mu_2"
[1] NA
[1] "Un IP_3"
[1] NA
[1] "Un IN_3"
[1] NA
[1] "Rif IN_Mu_122mkM_1"
[1] NA
[1] "Cfx IP_Mu_10mkM_1"
[1] NA
[1] "Cfx IN_Mu_10mkM_1"
[1] NA
[1] "Cfx IP_Mu_10mkM_2"
[1] NA
[1] "Cfx IN_Mu_10mkM_2"
[1] NA
[1] "Cfx IP_10mkM_3"
[1] NA
[1] "Cfx IN_10mkM_3"
[1] NA
[1] "RifCfx IP_Mu_122mkM_10mkM_1"
[1] NA
[1] "RifCfx IN_Mu_122mkM_10mkM_1"
[1] NA
[1] "RifCfx IP_Mu_122mkM_10mkM_2"
[1] NA
[1] "RifCfx IN_Mu_122mkM_10mkM_2"
[1] NA
[1] "RifCfx IP_Mu_122mkM_10mkM_3"
[1] NA
[1] "RifCfx IN_Mu_122mkM_10mkM_3"
[1] NA
[1] "MIcrocin IP_Mu_10mkM_1"
[1] NA
[1] "Microcin IN_Mu_10mkM_1"
[1] NA
[1] "Microcin IP_Mu_10mkM_2"
[1] NA
[1] "Microcin IN_Mu_10mkM_2"
[1] NA
[1] "Microcin IP_50mkM_3"
[1] NA
[1] "Microcin IN_50mkM_3"
[1] NA
[1] "Oxo IP_Mu_120mkM_1"
[1] NA
[1] "Oxo IN_Mu_120mkM_1"
[1] NA
[1] "Oxo IP_Mu_120mkM_2"
[1] NA
[1] "Oxo IN_Mu_120mkM_2"
[1] NA
[1] "Oxo IP_120mkM_3"
[1] NA
[1] "Oxo IN_120mkM_3"
[1] NA
