[1] NA
[1] "Synthetic sequence"
[1] NA
[1] "Synthetic sequence"
[1] NA
[1] "Synthetic sequence"
[1] NA
[1] "Synthetic sequence"
[1] NA
[1] "Synthetic sequence"
[1] NA
[1] "Synthetic sequence"
[1] NA
[1] "Synthetic sequence"
[1] NA
[1] "Synthetic sequence"
[1] NA
[1] "Synthetic sequence"
[1] NA
[1] "Synthetic sequence"
[1] NA
[1] "Synthetic sequence"
[1] NA
[1] "Synthetic sequence"
[1] NA
[1] "Synthetic sequence"
[1] NA
[1] "Synthetic sequence"
[1] NA
[1] "Synthetic sequence"
[1] NA
[1] "Synthetic sequence"
[1] NA
[1] "Synthetic sequence"
[1] NA
[1] "Synthetic sequence"
[1] NA
