[1] "log2 transformed normalized signal intensity"
[1] "Strain DMS1684 (wildtype)"
[1] NA
[1] "Strain DMS1684 (wildtype)"
[1] NA
[1] "DMS1688 (rpoS-)"
[1] NA
[1] "DMS1688 (rpoS-)"
[1] NA
[1] "DMS1735 (evolved rpoS+)"
[1] NA
[1] "DMS1735 (evolved rpoS+)"
[1] NA
[1] "DMS1737 (evolved rpoS+)"
[1] NA
[1] "DMS1737 (evolved rpoS+)"
[1] NA
[1] "DMS1739 (evolved rpoS+)"
[1] NA
[1] "DMS1739 (evolved rpoS+)"
[1] NA
[1] "DMS1741 (evolved rpoS+)"
[1] NA
[1] "DMS1741 (evolved rpoS+)"
[1] NA
[1] "DMS1743 (evolved rpoS+)"
[1] NA
[1] "DMS1743 (evolved rpoS+)"
[1] NA
[1] "DMS1745(evolved rpoS-)"
[1] NA
[1] "DMS1745(evolved rpoS-)"
[1] NA
[1] "DMS1747(evolved rpoS-)"
[1] NA
[1] "DMS1747(evolved rpoS-)"
[1] NA
[1] "DMS1749(evolved rpoS-)"
[1] NA
[1] "DMS1749(evolved rpoS-)"
[1] NA
[1] "DMS1751(evolved rpoS-)"
[1] NA
[1] "DMS1751(evolved rpoS-)"
[1] NA
[1] "DMS1753(evolved rpoS-)"
[1] NA
[1] "DMS1753(evolved rpoS-)"
[1] NA
