[1] NA
[1] "MDS42, M63, glucose in late-log"
[1] NA
[1] "MDS42, M63, glucose in late-log"
[1] NA
[1] "MDS42, M63, glucose in late-log"
[1] NA
[1] "MDS42, M63, glucose in late-log"
[1] NA
[1] "MDS42, M63, glucose in late-log"
[1] NA
[1] "MDS42, M63, glucose in stationary phase"
[1] NA
[1] "MDS42, M63, glucose in stationary phase"
[1] NA
[1] "MDS42, M63, glucose in stationary phase"
[1] NA
[1] "MDS42, M63 without glucose"
[1] NA
[1] "MDS42, M63 without glucose"
[1] NA
[1] "MDS42, M63 without glucose"
[1] NA
[1] "MDS42, M63 without glucose"
[1] NA
[1] "MDS42, LSP supernatant at 10^9 cells/mL"
[1] NA
[1] "MDS42, LSP supernatant at 10^9 cells/mL"
[1] NA
[1] "MDS42, LSP supernatant at 10^9 cells/mL"
[1] NA
[1] "MDS42, LSP supernatant at 10^9 cells/mL"
[1] NA
[1] "MDS42, LSP supernatant at 10^9 cells/mL"
[1] NA
[1] "MDS42, LSP supernatant at 10^7 cells/mL"
[1] NA
[1] "MDS42, LSP supernatant at 10^7 cells/mL"
[1] NA
[1] "MDS42, LSP supernatant at 10^7 cells/mL"
[1] NA
[1] "MDS42, LSP supernatant at 10^7 cells/mL"
[1] NA
[1] "MDS42, LSP supernatant at 10^7 cells/mL"
[1] NA
[1] "MDS42, LSP supernatant at 10^7 cells/mL"
[1] NA
