[1] "Log2 Ratio of Test/Control"
[1] "Salmonella Typhimurium"
[1] NA
[1] "Salmonella Typhimurium"
[1] NA
[1] "Salmonella Typhimurium"
[1] NA
[1] "Salmonella Typhimurium"
[1] NA
[1] "Salmonella Typhimurium"
[1] NA
[1] "Salmonella Typhimurium"
[1] NA
[1] "Salmonella Typhimurium"
[1] NA
[1] "Salmonella Typhimurium"
[1] NA
[1] "Salmonella Typhimurium"
[1] NA
[1] "Salmonella Typhimurium"
[1] NA
[1] "Salmonella Typhimurium"
[1] NA
[1] "Salmonella Typhimurium"
[1] NA
[1] "Salmonella Typhimurium"
[1] NA
[1] "Salmonella Typhimurium"
[1] NA
[1] "Salmonella Typhimurium"
[1] NA
[1] "Salmonella Typhimurium"
[1] NA
[1] "Salmonella Typhimurium"
[1] NA
[1] "Salmonella Typhimurium"
[1] NA
