[1] NA
[1] "THP-1 uninfected"
[1] NA
[1] "THP-1 uninfected"
[1] NA
[1] "THP-1 uninfected"
[1] NA
[1] "THP-1 infected with Mtb H37Rv for 3 days"
[1] NA
[1] "THP-1 infected with Mtb H37Rv for 3 days"
[1] NA
[1] "THP-1 infected with Mtb H37Rv for 3 days"
[1] NA
[1] "THP-1 infected with Mtb H37Rv for 6 days"
[1] NA
[1] "THP-1 infected with Mtb H37Rv for 6 days"
[1] NA
[1] "THP-1 infected with Mtb H37Rv for 6 days"
[1] NA
[1] "Mtb6230 control"
[1] NA
[1] "Mtb6230 control"
[1] NA
[1] "Mtb6230 control"
[1] NA
[1] "Mtb6230 snc1"
[1] NA
[1] "Mtb6230 snc1"
[1] NA
[1] "Mtb6230 snc1"
[1] NA
