[1] "processed"
[1] "Ecoli MG1655_T0"
[1] NA
[1] "Ecoli MG1655_T2"
[1] NA
[1] "Ecoli MG1655_T8"
[1] NA
[1] "Ecoli MG1655_T15"
[1] NA
[1] "Ecoli MG1655_T0"
[1] NA
[1] "Ecoli MG1655_T5"
[1] NA
[1] "Ecoli MG1655_T10"
[1] NA
[1] "Ecoli MG1655_T18"
[1] NA
[1] "Ecoli MG1655_T0"
[1] NA
[1] "Ecoli MG1655_T3"
[1] NA
[1] "Ecoli MG1655_T12"
[1] NA
[1] "Ecoli MG1655_T30"
[1] NA
[1] "Ecoli MG1655(Δrnr)_T0"
[1] NA
[1] "Ecoli MG1655(Δrnr)_T2"
[1] NA
[1] "Ecoli MG1655(Δrnr)_T8"
[1] NA
[1] "Ecoli MG1655(Δrnr)_T15"
[1] NA
[1] "Ecoli MG1655(Δrnr)_T0"
[1] NA
[1] "Ecoli MG1655(Δrnr)_T5"
[1] NA
[1] "Ecoli MG1655(Δrnr)_T10"
[1] NA
[1] "Ecoli MG1655(Δrnr)_T18"
[1] NA
[1] "Ecoli MG1655(Δrnr)_T0"
[1] NA
[1] "Ecoli MG1655(Δrnr)_T3"
[1] NA
[1] "Ecoli MG1655(Δrnr)_T12"
[1] NA
[1] "Ecoli MG1655(Δrnr)_T30"
[1] NA
[1] "Ecoli MG1655(Δpnp)_T0"
[1] NA
[1] "Ecoli MG1655(Δpnp)_T8"
[1] NA
[1] "Ecoli MG1655(Δpnp)_T15"
[1] NA
[1] "Ecoli MG1655(Δpnp)_T0"
[1] NA
[1] "Ecoli MG1655(Δpnp)_T5"
[1] NA
[1] "Ecoli MG1655(Δpnp)_T10"
[1] NA
[1] "Ecoli MG1655(Δpnp)_T18"
[1] NA
[1] "Ecoli MG1655(Δpnp)_T0"
[1] NA
[1] "Ecoli MG1655(Δpnp)_T3"
[1] NA
[1] "Ecoli MG1655(Δpnp)_T12"
[1] NA
[1] "Ecoli MG1655(Δpnp)_T30"
[1] NA
