[1] "Lowess normalized log2-transformed intensity ratio (experiment (CH1)/ reference (CH2))"
[1] "S. pneumoniae D39 (IU1690) treated with mupirocin for 20 min"
[1] "20"
[1] "72000"
[1] "S. pneumoniae D39 (IU1690) treated with mupirocin for 20 min"
[1] "20"
[1] "72000"
[1] "S. pneumoniae D39 (IU1690) treated with mupirocin for 20 min"
[1] "20"
[1] "72000"
[1] "S. pneumoniae D39 mutant (IU1921) treated with mupirocin for 20 min"
[1] "20"
[1] "72000"
[1] "S. pneumoniae D39 mutant (IU1921) treated with mupirocin for 20 min"
[1] "20"
[1] "72000"
[1] "S. pneumoniae D39 mutant (IU1921) treated with mupirocin for 20 min"
[1] "20"
[1] "72000"
[1] "S. pneumoniae D39 mutant (IU1921), untreated"
[1] NA
[1] "S. pneumoniae D39 mutant (IU1921), untreated"
[1] NA
[1] "S. pneumoniae D39 mutant (IU1921), untreated"
[1] NA
[1] "S. pneumoniae D39 mutant (IU1921) treated with mupirocin for 20 min"
[1] "20"
[1] "72000"
[1] "S. pneumoniae D39 mutant (IU1921) treated with mupirocin for 20 min"
[1] "20"
[1] "72000"
[1] "S. pneumoniae D39 mutant (IU1921) treated with mupirocin for 20 min"
[1] "20"
[1] "72000"
