[1] NA
[1] "PQ1 without paraquat"
[1] NA
[1] "PQ1 250uM Paraquat"
[1] NA
[1] "PQ1 without paraquat"
[1] NA
[1] "PQ1 250uM Paraquat"
[1] NA
[1] "PQ2 without paraquat"
[1] NA
[1] "PQ2 250uM Paraquat"
[1] NA
[1] "PQ2 without paraquat"
[1] NA
[1] "PQ2 250uM Paraquat"
[1] NA
[1] "GLU4 without paraquat"
[1] NA
[1] "GLU4 250uM Paraquat"
[1] NA
[1] "GLU4 without paraquat"
[1] NA
[1] "GLU4 250uM Paraquat"
[1] NA
[1] "MP 250uM Paraquat"
[1] NA
[1] "MP 250uM Paraquat"
[1] NA
[1] "PQ2 without paraquat"
[1] NA
[1] "PQ2 250uM Paraquat"
[1] NA
[1] "PQ2 without paraquat"
[1] NA
[1] "PQ2 250uM Paraquat"
[1] NA
[1] "GLU4 without paraquat"
[1] NA
[1] "GLU4 250uM Paraquat"
[1] NA
[1] "GLU4 without paraquat"
[1] NA
[1] "GLU4 250uM Paraquat"
[1] NA
