[1] NA
[1] "DMSO, E. coli, ex vivo"
[1] NA
[1] "NAI, E. coli, ex vivo"
[1] NA
[1] "DMSO, odd set (SARS-CoV-2)"
[1] NA
[1] "DMSO, even set (SARS-CoV-2)"
[1] NA
[1] "NAI, odd set (SARS-CoV-2), replicate #1"
[1] NA
[1] "NAI, even set (SARS-CoV-2), replicate #1"
[1] NA
[1] "NAI, odd set (SARS-CoV-2), replicate #2"
[1] NA
[1] "NAI, even set (SARS-CoV-2), replicate #2"
[1] NA
[1] "DMS, odd set (SARS-CoV-2), replicate #1"
[1] NA
[1] "DMS, even set (SARS-CoV-2), replicate #1"
[1] NA
[1] "DMS, extra set (SARS-CoV-2), replicate #1"
[1] NA
[1] "DMS, odd set (SARS-CoV-2), replicate #2"
[1] NA
[1] "DMS, even set (SARS-CoV-2), replicate #2"
[1] NA
[1] "DMS, extra set (SARS-CoV-2), replicate #2"
[1] NA
[1] "DMSO, in vivo (SARS-CoV-2)"
[1] NA
[1] "NAI, in vivo (SARS-CoV-2), replicate #1"
[1] NA
[1] "NAI, in vivo (SARS-CoV-2), replicate #2"
[1] NA
