[1] NA
[1] "Escherichia Coli cells"
[1] NA
[1] "Escherichia Coli cells"
[1] NA
[1] "Escherichia Coli cells"
[1] NA
[1] "Escherichia Coli cells"
[1] NA
[1] "Escherichia Coli cells"
[1] NA
[1] "Escherichia Coli cells"
[1] NA
[1] "Escherichia Coli cells"
[1] NA
[1] "Escherichia Coli cells"
[1] NA
[1] "Escherichia Coli cells"
[1] NA
[1] "Escherichia Coli cells"
[1] NA
[1] "Escherichia Coli cells"
[1] NA
[1] "Escherichia Coli cells"
[1] NA
[1] "Escherichia Coli cells"
[1] NA
[1] "Escherichia Coli cells"
[1] NA
[1] "Escherichia Coli cells"
[1] NA
