[1] NA
[1] "anti-ScpB ChIP-seq of Bs cells carrying an inducible version of ATP-Soj conducted at the moment of re-suspension in sporulation salts w/o xylose"
[1] NA
[1] "valid gsm... but no data in gsm data table! getting supplementary file (which may or may not contain the data) and writing to subfolder"
[1] "anti-ScpB ChIP-seq of Bs cells carrying an inducible version of ATP-Soj conducted at the moment of re-suspension in sporulation salts + xylose"
[1] NA
[1] "valid gsm... but no data in gsm data table! getting supplementary file (which may or may not contain the data) and writing to subfolder"
[1] "anti-ScpB ChIP-seq of Bs cells carrying an inducible version of ATP-Soj conducted 60 min after re-suspension in sporulation salts w/o xylose"
[1] "60"
[1] "valid gsm... but no data in gsm data table! getting supplementary file (which may or may not contain the data) and writing to subfolder"
[1] "anti-ScpB ChIP-seq of Bs cells carrying an inducible version of ATP-Soj conducted 60 min after re-suspension in sporulation salts + xylose"
[1] "60"
[1] "valid gsm... but no data in gsm data table! getting supplementary file (which may or may not contain the data) and writing to subfolder"
[1] "anti-ScpB ChIP-seq of Bs cells carrying an inducible version of ATP-Soj conducted 90 min after re-suspension in sporulation salts w/o xylose"
[1] "90"
[1] "valid gsm... but no data in gsm data table! getting supplementary file (which may or may not contain the data) and writing to subfolder"
[1] "anti-ScpB ChIP-seq of Bs cells carrying an inducible version of ATP-Soj conducted 90 min after re-suspension in sporulation salts + xylose"
[1] "90"
[1] "valid gsm... but no data in gsm data table! getting supplementary file (which may or may not contain the data) and writing to subfolder"
[1] "anti-ScpB ChIP-seq of Bs cells carrying an inducible version of Apo-Soj conducted at the moment of re-suspension in sporulation salts w/o xylose"
[1] NA
[1] "valid gsm... but no data in gsm data table! getting supplementary file (which may or may not contain the data) and writing to subfolder"
[1] "anti-ScpB ChIP-seq of Bs cells carrying an inducible version of Apo-Soj conducted at the moment of re-suspension in sporulation salts + xylose"
[1] NA
[1] "valid gsm... but no data in gsm data table! getting supplementary file (which may or may not contain the data) and writing to subfolder"
[1] "anti-ScpB ChIP-seq of Bs cells carrying an inducible version of Apo-Soj conducted 60 min after re-suspension in sporulation salts w/o xylose"
[1] "60"
[1] "valid gsm... but no data in gsm data table! getting supplementary file (which may or may not contain the data) and writing to subfolder"
[1] "anti-ScpB ChIP-seq of Bs cells carrying an inducible version of Apo-Soj conducted 60 min after re-suspension in sporulation salts + xylose"
[1] "60"
[1] "valid gsm... but no data in gsm data table! getting supplementary file (which may or may not contain the data) and writing to subfolder"
[1] "anti-ScpB ChIP-seq of Bs cells carrying an inducible version of Apo-Soj conducted 90 min after re-suspension in sporulation salts w/o xylose"
[1] "90"
[1] "valid gsm... but no data in gsm data table! getting supplementary file (which may or may not contain the data) and writing to subfolder"
[1] "anti-ScpB ChIP-seq of Bs cells carrying an inducible version of Apo-Soj conducted 90 min after re-suspension in sporulation salts + xylose"
[1] "90"
[1] "valid gsm... but no data in gsm data table! getting supplementary file (which may or may not contain the data) and writing to subfolder"
[1] "anti-ScpB ChIP-seq of Bs cells with wt Soj conducted at the moment of re-suspension in sporulation salts w/o xylose"
[1] NA
[1] "valid gsm... but no data in gsm data table! getting supplementary file (which may or may not contain the data) and writing to subfolder"
[1] "anti-ScpB ChIP-seq of Bs cells with wt Soj conducted at the moment of re-suspension in sporulation salts + xylose"
[1] NA
[1] "valid gsm... but no data in gsm data table! getting supplementary file (which may or may not contain the data) and writing to subfolder"
[1] "anti-ScpB ChIP-seq of Bs cells with wt Soj conducted 60 min after re-suspension in sporulation salts w/o xylose"
[1] "60"
[1] "valid gsm... but no data in gsm data table! getting supplementary file (which may or may not contain the data) and writing to subfolder"
[1] "anti-ScpB ChIP-seq of Bs cells with wt Soj conducted 60 min after re-suspension in sporulation salts + xylose"
[1] "60"
[1] "valid gsm... but no data in gsm data table! getting supplementary file (which may or may not contain the data) and writing to subfolder"
[1] "anti-ScpB ChIP-seq of Bs cells with wt Soj conducted 90 min after re-suspension in sporulation salts w/o xylose"
[1] "90"
[1] "valid gsm... but no data in gsm data table! getting supplementary file (which may or may not contain the data) and writing to subfolder"
[1] "anti-ScpB ChIP-seq of Bs cells with wt Soj conducted 90 min after re-suspension in sporulation salts + xylose"
[1] "90"
[1] "valid gsm... but no data in gsm data table! getting supplementary file (which may or may not contain the data) and writing to subfolder"
[1] "anti-ScpB ChIP-seq of wt Bs cells conducted 3 h after re-suspension in sporulation salts"
[1] "3"
[1] "valid gsm... but no data in gsm data table! getting supplementary file (which may or may not contain the data) and writing to subfolder"
[1] "anti-ScpB ChIP-seq of ATP-Soj mutant Bs cells conducted 3 h after re-suspension in sporulation salts"
[1] "3"
[1] "valid gsm... but no data in gsm data table! getting supplementary file (which may or may not contain the data) and writing to subfolder"
[1] "anti-ScpB ChIP-seq of Apo-Soj mutant Bs cells conducted 3 h after re-suspension in sporulation salts"
[1] "3"
[1] "valid gsm... but no data in gsm data table! getting supplementary file (which may or may not contain the data) and writing to subfolder"
