[1] NA
[1] "DY330"
[1] NA
[1] "DY330"
[1] NA
[1] "DY330"
[1] NA
[1] "DY330"
[1] NA
[1] "DY330"
[1] NA
[1] "DY330"
[1] NA
[1] "DY330"
[1] NA
[1] "DY330"
[1] NA
[1] "DY330"
[1] NA
[1] "DY330"
[1] NA
[1] "DY330"
[1] NA
[1] "DY330"
[1] NA
[1] "DY330"
[1] NA
[1] "DY330"
[1] NA
[1] "DY330"
[1] NA
[1] "DY330"
[1] NA
[1] "DY330"
[1] NA
[1] "DY330"
[1] NA
[1] "DY330"
[1] NA
[1] "DY330"
[1] NA
[1] "DY330"
[1] NA
[1] "DY330"
[1] NA
[1] "DY330"
[1] NA
[1] "DY330"
[1] NA
[1] "DY330"
[1] NA
[1] "DY330"
[1] NA
[1] "DY330"
[1] NA
[1] "DY330"
[1] NA
[1] "DY330"
[1] NA
[1] "DY330"
[1] NA
[1] "DY330"
[1] NA
[1] "DY330"
[1] NA
[1] "DY330"
[1] NA
[1] "DY330"
[1] NA
[1] "DY330"
[1] NA
[1] "DY330"
[1] NA
[1] "DY330"
[1] NA
[1] "DY330"
[1] NA
[1] "DY330"
[1] NA
[1] "DY330"
[1] NA
[1] "DY330"
[1] NA
[1] "DY330"
[1] NA
[1] "DY330"
[1] NA
[1] "DY330"
[1] NA
[1] "DY330"
[1] NA
[1] "DY330"
[1] NA
[1] "DY330"
[1] NA
[1] "DY330"
[1] NA
[1] "DY330"
[1] NA
[1] "DY330"
[1] NA
