[1] NA
[1] "P. aeruginosa PADP6 macrocolonies on iron chelated TSBG agar (single-species)"
[1] NA
[1] "P. aeruginosa PADP6 macrocolonies on iron chelated TSBG agar (single-species)"
[1] NA
[1] "P. aeruginosa PADP6 macrocolonies on iron chelated TSBG agar (single-species)"
[1] NA
[1] "P. aeruginosa PADP6 macrocolonies on TSBG agar (single-species)"
[1] NA
[1] "P. aeruginosa PADP6 macrocolonies on TSBG agar (single-species)"
[1] NA
[1] "P. aeruginosa PADP6 macrocolonies on TSBG agar (single-species)"
[1] NA
[1] "P. aeruginosa PADP6 + E. faecalis OG1RF macrocolonies on iron chelated TSBG agar (mixed-species)"
[1] NA
[1] "P. aeruginosa PADP6 + E. faecalis OG1RF macrocolonies on iron chelated TSBG agar (mixed-species)"
[1] NA
[1] "P. aeruginosa PADP6 + E. faecalis OG1RF macrocolonies on iron chelated TSBG agar (mixed-species)"
[1] NA
[1] "P. aeruginosa PADP6 + E. faecalis OG1RF macrocolonies on TSBG agar (mixed-species)"
[1] NA
[1] "P. aeruginosa PADP6 + E. faecalis OG1RF macrocolonies on TSBG agar (mixed-species)"
[1] NA
[1] "P. aeruginosa PADP6 + E. faecalis OG1RF macrocolonies on TSBG agar (mixed-species)"
[1] NA
[1] "P. aeruginosa PADP6 + E. faecalis ∆ldh1 macrocolonies on iron chelated TSBG agar (mixed-species)"
[1] NA
[1] "P. aeruginosa PADP6 + E. faecalis ∆ldh1 macrocolonies on iron chelated TSBG agar (mixed-species)"
[1] NA
[1] "P. aeruginosa PADP6 + E. faecalis ∆ldh1 macrocolonies on iron chelated TSBG agar (mixed-species)"
[1] NA
[1] "P. aeruginosa PADP6 + E. faecalis ∆ldh1 macrocolonies on TSBG agar (mixed-species)"
[1] NA
[1] "P. aeruginosa PADP6 + E. faecalis ∆ldh1 macrocolonies on TSBG agar (mixed-species)"
[1] NA
[1] "P. aeruginosa PADP6 + E. faecalis ∆ldh1 macrocolonies on TSBG agar (mixed-species)"
[1] NA
[1] "E. faecalis OG1RF macrocolonies on iron chelated TSBG agar (single-species)"
[1] NA
[1] "E. faecalis OG1RF macrocolonies on iron chelated TSBG agar (single-species)"
[1] NA
[1] "E. faecalis OG1RF macrocolonies on iron chelated TSBG agar (single-species)"
[1] NA
[1] "E. faecalis OG1RF macrocolonies on TSBG agar (single-species)"
[1] NA
[1] "E. faecalis OG1RF macrocolonies on TSBG agar (single-species)"
[1] NA
[1] "E. faecalis OG1RF macrocolonies on TSBG agar (single-species)"
[1] NA
[1] "E. faecalis ∆ldh1 macrocolonies on iron chelated TSBG agar (single-species)"
[1] NA
[1] "E. faecalis ∆ldh1 macrocolonies on iron chelated TSBG agar (single-species)"
[1] NA
[1] "E. faecalis ∆ldh1 macrocolonies on iron chelated TSBG agar (single-species)"
[1] NA
[1] "E. faecalis ∆ldh1 macrocolonies on TSBG agar (single-species)"
[1] NA
[1] "E. faecalis ∆ldh1 macrocolonies on TSBG agar (single-species)"
[1] NA
[1] "E. faecalis ∆ldh1 macrocolonies on TSBG agar (single-species)"
[1] NA
