[1] "normalized log2 ratios (Cy3/Cy5)"
[1] "RNAP ChIP DNA, old protocol"
[1] NA
[1] "RNAP ChIP DNA, old protocol"
[1] NA
[1] "SeqA ChIP DNA, old protocol"
[1] NA
[1] "SeqA ChIP DNA, old protocol"
[1] NA
[1] "SeqA ChIP DNA, new protocol"
[1] NA
[1] "SeqA ChIP DNA, new protocol"
[1] NA
[1] "SeqA ChIP DNA, old protocol"
[1] NA
[1] "SeqA ChIP DNA, new protocol"
[1] NA
[1] "Crosslinked/reversed DNA"
[1] NA
[1] "σ32 ChIP DNA, heat"
[1] NA
[1] "σ32 ChIP DNA, heat"
[1] NA
[1] "σ32 ChIP DNA, control"
[1] NA
[1] "σ32 ChIP DNA, control"
[1] NA
[1] "σ32 ChIP DNA, short RNase digestion"
[1] NA
[1] "σ32 ChIP DNA, short RNase digestion"
[1] NA
