[1] NA
[1] "archaeal cells Δura3ΔhpyA/HA_Exponential"
[1] NA
[1] "archaeal cells Δura3ΔhpyA/HA_Exponential"
[1] NA
[1] "archaeal cells Δura3ΔhpyA/HA_Stationary"
[1] NA
[1] "archaeal cells Δura3ΔhpyA/HA_Stationary"
[1] NA
[1] "archaeal cells Δura3ΔhpyA/HA_Exponential"
[1] NA
[1] "archaeal cells Δura3ΔhpyA/HA_Exponential"
[1] NA
[1] "archaeal cells Δura3ΔhpyA/HA_Stationary"
[1] NA
[1] "archaeal cells Δura3ΔhpyA/HA_Stationary"
[1] NA
[1] "archaeal cells Δura3ΔhpyA/hpyA-HA_Exponential"
[1] NA
[1] "archaeal cells Δura3ΔhpyA/hpyA-HA_Exponential"
[1] NA
[1] "archaeal cells Δura3ΔhpyA/hpyA-HA_Exponential"
[1] NA
[1] "archaeal cells Δura3ΔhpyA/hpyA-HA_Exponential"
[1] NA
[1] "archaeal cells Δura3ΔhpyA/hpyA-HA_Stationary"
[1] NA
[1] "archaeal cells Δura3ΔhpyA/hpyA-HA_Stationary"
[1] NA
[1] "archaeal cells Δura3ΔhpyA/hpyA-HA_Stationary"
[1] NA
[1] "archaeal cells Δura3ΔhpyA/hpyA-HA_Stationary"
[1] NA
[1] "archaeal cells Δura3ΔhpyA/hpyA-HA_Stationary"
[1] NA
[1] "archaeal cells Δura3ΔhpyA/hpyA-HA_Stationary"
[1] NA
[1] "archaeal cells Δura3ΔhpyA/hpyA-HA_Stationary"
[1] NA
[1] "archaeal cells Δura3ΔhpyA/hpyA-HA_Stationary"
[1] NA
[1] "archaeal cells Δura3ΔhpyA/hpyA-HA_Exponential"
[1] NA
[1] "archaeal cells Δura3ΔhpyA/hpyA-HA_Exponential"
[1] NA
[1] "archaeal cells Δura3ΔhpyA/hpyA-HA_Exponential"
[1] NA
[1] "archaeal cells Δura3ΔhpyA/hpyA-HA_Exponential"
[1] NA
[1] "archaeal cells Δura3ΔhpyA/hpyA-HA_Exponential"
[1] NA
[1] "archaeal cells Δura3ΔhpyA/hpyA-HA_Exponential"
[1] NA
[1] "archaeal cells Δura3ΔhpyA/hpyA-HA_Exponential"
[1] NA
[1] "archaeal cells Δura3ΔhpyA/hpyA-HA_Exponential"
[1] NA
[1] "archaeal cells Δura3ΔhpyA/hpyA-HA_Exponential"
[1] NA
[1] "archaeal cells Δura3ΔhpyA/hpyA-HA_Exponential"
[1] NA
[1] "archaeal cells Δura3ΔhpyA/hpyA-HA_Exponential"
[1] NA
[1] "archaeal cells Δura3ΔhpyA/hpyA-HA_Exponential"
[1] NA
[1] "archaeal cells Δura3ΔhpyA/hpyA-HA_Stationary"
[1] NA
[1] "archaeal cells Δura3ΔhpyA/hpyA-HA_Stationary"
[1] NA
[1] "archaeal cells Δura3ΔhpyA/hpyA-HA_Stationary"
[1] NA
[1] "archaeal cells Δura3ΔhpyA/hpyA-HA_Stationary"
[1] NA
[1] "archaeal cells Δura3ΔhpyA/hpyA-HA_Stationary"
[1] NA
[1] "archaeal cells Δura3ΔhpyA/hpyA-HA_Stationary"
[1] NA
[1] "archaeal cells Δura3ΔhpyA/hpyA-HA_Stationary"
[1] NA
[1] "archaeal cells Δura3ΔhpyA/hpyA-HA_Stationary"
[1] NA
