[1] NA
[1] "Bacterial liquid culture"
[1] NA
[1] "Bacterial liquid culture"
[1] NA
[1] "Bacterial liquid culture"
[1] NA
[1] "Bacterial liquid culture"
[1] NA
[1] "Bacterial liquid culture"
[1] NA
[1] "Bacterial liquid culture"
[1] NA
[1] "Bacterial liquid culture"
[1] NA
[1] "Bacterial liquid culture"
[1] NA
[1] "Bacterial liquid culture"
[1] NA
[1] "Bacterial liquid culture"
[1] NA
[1] "Bacterial liquid culture"
[1] NA
[1] "Bacterial liquid culture"
[1] NA
[1] "Bacterial liquid culture"
[1] NA
[1] "Bacterial liquid culture"
[1] NA
[1] "Bacterial liquid culture"
[1] NA
[1] "Bacterial liquid culture"
[1] NA
[1] "Bacterial liquid culture"
[1] NA
[1] "Bacterial liquid culture"
[1] NA
[1] "Bacterial liquid culture"
[1] NA
[1] "Bacterial liquid culture"
[1] NA
[1] "Bacterial liquid culture"
[1] NA
[1] "Bacterial liquid culture"
[1] NA
[1] "Bacterial liquid culture"
[1] NA
[1] "Bacterial liquid culture"
[1] NA
[1] "Bacterial liquid culture"
[1] NA
[1] "Bacterial liquid culture"
[1] NA
[1] "Bacterial liquid culture"
[1] NA
[1] "Bacterial liquid culture"
[1] NA
[1] "Bacterial liquid culture"
[1] NA
