[1] "MAS 5 signal"
[1] "group A streptococcus grown in human saliva"
[1] NA
[1] "Group A streptococcus grown in human saliva"
[1] NA
[1] "Group A Streptococcus grown in human saliva"
[1] NA
[1] "group A streptococcus grown in human saliva"
[1] NA
[1] "Group A Streptococcus grown in human saliva"
[1] NA
[1] "Group A Streptococcus grown in human saliva"
[1] NA
[1] "Group A Streptococcus grown in human saliva"
[1] NA
[1] "Group A Streptococcus grown in human saliva"
[1] NA
[1] "group A Streptococcus grown in human saliva"
[1] NA
[1] "group A Streptococcus grown in human saliva"
[1] NA
[1] "group A streptococcus grown to mid-exponential phase"
[1] NA
[1] "group A streptococcus grown in human saliva"
[1] NA
[1] "group A streptococcus grown in human saliva"
[1] NA
[1] "group A streptococcus grown in human saliva"
[1] NA
[1] "group A streptococcus grown in human saliva"
[1] NA
[1] "group A streptococcus grown in human saliva"
[1] NA
