[1] NA
[1] "MG1655"
[1] NA
[1] "MG1655 proQ-3XFLAG"
[1] NA
[1] "MG1655 hfq-FLAG"
[1] NA
[1] "MG1655"
[1] NA
[1] "MG1655 proQ-3XFLAG"
[1] NA
[1] "MG1655 hfq-FLAG"
[1] NA
[1] "MG1655"
[1] NA
[1] "MG1655 proQ-3XFLAG"
[1] NA
[1] "MG1655 hfq-FLAG"
[1] NA
[1] "MG1655"
[1] NA
[1] "MG1655 proQ-3XFLAG"
[1] NA
[1] "MG1655 hfq-FLAG"
[1] NA
[1] "MG1655"
[1] NA
[1] "MG1655 proQ-3XFLAG"
[1] NA
[1] "MG1655 hfq-FLAG"
[1] NA
[1] "MG1655"
[1] NA
[1] "MG1655 proQ-3XFLAG"
[1] NA
[1] "MG1655 hfq-FLAG"
[1] NA
[1] "MG1655"
[1] NA
[1] "MG1655 proQ-3XFLAG"
[1] NA
[1] "MG1655 hfq-FLAG"
[1] NA
[1] "MG1655"
[1] NA
[1] "MG1655 proQ-3XFLAG"
[1] NA
[1] "MG1655 hfq-FLAG"
[1] NA
[1] "MG1655"
[1] NA
[1] "MG1655"
[1] NA
[1] "MG1655 hfq-FLAG"
[1] NA
[1] "MG1655 hfq-FLAG"
[1] NA
[1] "MG1655 proQ-3XFLAG"
[1] NA
[1] "MG1655 proQ-3XFLAG"
[1] NA
[1] "MG1655 hfq-FLAG, proQ::kan"
[1] NA
[1] "MG1655 hfq-FLAG, proQ::kan"
[1] NA
[1] "MG1655 proQ-3XFLAG, hfq::cat"
[1] NA
[1] "MG1655 proQ-3XFLAG, hfq::cat"
[1] NA
[1] "MG1655"
[1] NA
[1] "MG1655"
[1] NA
[1] "MG1655 hfq-FLAG"
[1] NA
[1] "MG1655 hfq-FLAG"
[1] NA
[1] "MG1655 proQ-3XFLAG"
[1] NA
[1] "MG1655 proQ-3XFLAG"
[1] NA
[1] "MG1655 hfq-FLAG, proQ::kan"
[1] NA
[1] "MG1655 hfq-FLAG, proQ::kan"
[1] NA
[1] "MG1655 proQ-3XFLAG, hfq::cat"
[1] NA
[1] "MG1655 proQ-3XFLAG, hfq::cat"
[1] NA
[1] "MG1655"
[1] NA
[1] "MG1655"
[1] NA
[1] "MG1655"
[1] NA
[1] "MG1655 proQ::kan"
[1] NA
[1] "MG1655 proQ::kan"
[1] NA
[1] "MG1655 proQ::kan"
[1] NA
[1] "MG1655 + pBAD33"
[1] NA
[1] "MG1655 + pBAD33"
[1] NA
[1] "MG1655 + pBAD33"
[1] NA
[1] "MG1655 + pBAD-ProQ"
[1] NA
[1] "MG1655 + pBAD-ProQ"
[1] NA
[1] "MG1655 + pBAD-ProQ"
[1] NA
