[1] NA
[1] "CF592 Iso2_BF48"
[1] NA
[1] "CH2582 BF48"
[1] NA
[1] "CH2597 BF48"
[1] NA
[1] "CH2665 BF48"
[1] NA
[1] "CH2677 BF48"
[1] NA
[1] "CH2678 BF48"
[1] NA
[1] "CH2680 BF48"
[1] NA
[1] "CH2682 BF48"
[1] NA
[1] "CH2682 BF48"
[1] NA
[1] "CH2685 BF48"
[1] NA
[1] "CH2690 BF48"
[1] NA
[1] "CH2706 BF48"
[1] NA
[1] "CH2724 BF48"
[1] NA
[1] "CH2747 BF48"
[1] NA
[1] "CH2824 BF48"
[1] NA
[1] "CH2860 BF48"
[1] NA
[1] "CH3462 BF48"
[1] NA
[1] "CH3466 BF48"
[1] NA
[1] "CH4035 BF48"
[1] NA
[1] "CH4528 BF48"
[1] NA
[1] "CH4528 BF48"
[1] NA
[1] "CH4591 BF48"
[1] NA
[1] "CH4634 BF48"
[1] NA
[1] "CH4634 BF48"
[1] NA
[1] "CH4681 BF48"
[1] NA
[1] "CH4703 BF48"
[1] NA
[1] "CH5591 BF48"
[1] NA
[1] "ESP027 BF48"
[1] NA
[1] "ESP027 BF48"
[1] NA
[1] "ESP031 BF48"
[1] NA
[1] "ESP032 BF48"
[1] NA
[1] "ESP046 BF48"
[1] NA
[1] "ESP058 BF48"
[1] NA
[1] "ESP063 BF48"
[1] NA
[1] "ESP067 BF48"
[1] NA
[1] "ESP076 BF48"
[1] NA
[1] "ESP083 BF48"
[1] NA
[1] "ESP088 BF48"
[1] NA
[1] "F1659 BF48"
[1] NA
[1] "F1764 BF48"
[1] NA
[1] "F1764 BF48"
[1] NA
[1] "F1764 BF48"
[1] NA
[1] "F1862 BF48"
[1] NA
[1] "F1864 BF48"
[1] NA
[1] "F1959 BF48"
[1] NA
[1] "F1997 BF48"
[1] NA
[1] "F2006 BF48"
[1] NA
[1] "F2006 BF48"
[1] NA
[1] "F2020 BF48"
[1] NA
[1] "F2030 BF48"
[1] NA
[1] "F2044 BF48"
[1] NA
[1] "F2055 BF48"
[1] NA
[1] "F2056 BF48"
[1] NA
[1] "F2059 BF48"
[1] NA
[1] "F2081 BF48"
[1] NA
[1] "F2137 BF48"
[1] NA
[1] "F2165 BF48"
[1] NA
[1] "F2166 BF48"
[1] NA
[1] "F2224 BF48"
[1] NA
[1] "F2856 BF48"
[1] NA
[1] "M70564993 BF48"
[1] NA
[1] "M70639645 BF48"
[1] NA
[1] "M70646077 BF48"
[1] NA
[1] "M70647319 BF48"
[1] NA
[1] "M70647319 BF48"
[1] NA
[1] "MHH15015 BF48"
[1] NA
[1] "MHH15103 BF48"
[1] NA
[1] "MHH1525 BF48"
[1] NA
[1] "MHH16050 BF48"
[1] NA
[1] "MHH16563 BF48"
[1] NA
[1] "MHH16563 BF48"
[1] NA
[1] "MHH16798 BF48"
[1] NA
[1] "MHH16951 BF48"
[1] NA
[1] "MHH17546 BF48"
[1] NA
[1] "MHH17704 BF48"
[1] NA
[1] "MHH17704 BF48"
[1] NA
[1] "MHH17767 BF48"
[1] NA
[1] "MS5 BF48"
[1] NA
[1] "PA14 BF48"
[1] NA
[1] "PSAE1656 BF48"
[1] NA
[1] "PSAE1837 BF48"
[1] NA
[1] "PSAE1934 BF48"
[1] NA
[1] "ZG302383 BF48"
[1] NA
[1] "ZG302442 BF48"
[1] NA
[1] "ZG316717 BF48"
[1] NA
[1] "ZG316717 BF48"
[1] NA
[1] "ZG8038581181 BF48"
[1] NA
[1] "ZG8038581181 BF48"
[1] NA
[1] "ZG8510487 BF48"
[1] NA
[1] "CF592 Iso2_PL"
[1] NA
[1] "CH2582 PL"
[1] NA
[1] "CH2597 PL"
[1] NA
[1] "CH2665 PL"
[1] NA
[1] "CH2677 PL"
[1] NA
[1] "CH2678 PL"
[1] NA
[1] "CH2680 PL"
[1] NA
[1] "CH2682 PL"
[1] NA
[1] "CH2685 PL"
[1] NA
[1] "CH2690 PL"
[1] NA
[1] "CH2706 PL"
[1] NA
[1] "CH2724 PL"
[1] NA
[1] "CH2747 PL"
[1] NA
[1] "CH2824 PL"
[1] NA
[1] "CH2860 PL"
[1] NA
[1] "CH3462 PL"
[1] NA
[1] "CH3466 PL"
[1] NA
[1] "CH4035 PL"
[1] NA
[1] "CH4528 PL"
[1] NA
[1] "CH4591 PL"
[1] NA
[1] "CH4634 PL"
[1] NA
[1] "CH4681 PL"
[1] NA
[1] "CH4703 PL"
[1] NA
[1] "CH5591 PL"
[1] NA
[1] "ESP027 PL"
[1] NA
[1] "ESP031 PL"
[1] NA
[1] "ESP032 PL"
[1] NA
[1] "ESP046 PL"
[1] NA
[1] "ESP058 PL"
[1] NA
[1] "ESP063 PL"
[1] NA
[1] "ESP067 PL"
[1] NA
[1] "ESP076 PL"
[1] NA
[1] "ESP083 PL"
[1] NA
[1] "ESP088 PL"
[1] NA
[1] "F1659 PL"
[1] NA
[1] "F1764 PL"
[1] NA
[1] "F1862 PL"
[1] NA
[1] "F1864 PL"
[1] NA
[1] "F1959 PL"
[1] NA
[1] "F1997 PL"
[1] NA
[1] "F2006 PL"
[1] NA
[1] "F2020 PL"
[1] NA
[1] "F2030 PL"
[1] NA
[1] "F2044 PL"
[1] NA
[1] "F2055 PL"
[1] NA
[1] "F2056 PL"
[1] NA
[1] "F2059 PL"
[1] NA
[1] "F2081 PL"
[1] NA
[1] "F2137 PL"
[1] NA
[1] "F2165 PL"
[1] NA
[1] "F2166 PL"
[1] NA
[1] "F2224 PL"
[1] NA
[1] "F2856 PL"
[1] NA
[1] "M70564993 PL"
[1] NA
[1] "M70639645 PL"
[1] NA
[1] "M70646077 PL"
[1] NA
[1] "M70647319 PL"
[1] NA
[1] "MHH15015 PL"
[1] NA
[1] "MHH15103 PL"
[1] NA
[1] "MHH1525 PL"
[1] NA
[1] "MHH16050 PL"
[1] NA
[1] "MHH16563 PL"
[1] NA
[1] "MHH16798 PL"
[1] NA
[1] "MHH16951 PL"
[1] NA
[1] "MHH17546 PL"
[1] NA
[1] "MHH17704 PL"
[1] NA
[1] "MHH17767 PL"
[1] NA
[1] "MS5 PL"
[1] NA
[1] "PA14 PL"
[1] NA
[1] "PA14 PL"
[1] NA
[1] "Psae1656 PL"
[1] NA
[1] "PSAE1837 PL"
[1] NA
[1] "PSAE1934 PL"
[1] NA
[1] "ZG302383 PL"
[1] NA
[1] "ZG302442 PL"
[1] NA
[1] "ZG316717 PL"
[1] NA
[1] "ZG8038581181 PL"
[1] NA
[1] "ZG8510487 PL"
[1] NA
[1] "ESP067 BF12_dyn"
[1] NA
[1] "ESP067 BF24_dyn"
[1] NA
[1] "ESP067 BF36_dyn"
[1] NA
[1] "ESP067 BF48_dyn"
[1] NA
[1] "F2020 BF12_dyn"
[1] NA
[1] "F2020 BF24_dyn"
[1] NA
[1] "F2020 BF36_dyn"
[1] NA
[1] "F2020 BF48_dyn"
[1] NA
[1] "F2059 BF12_dyn"
[1] NA
[1] "F2059 BF24_dyn"
[1] NA
[1] "F2059 BF36_dyn"
[1] NA
[1] "F2059 BF48_dyn"
[1] NA
[1] "MHH17767 BF12_dyn"
[1] NA
[1] "MHH17767 BF24_dyn"
[1] NA
[1] "MHH17767 BF36_dyn"
[1] NA
[1] "MHH17767 BF48_dyn"
[1] NA
[1] "PSAE1656 BF12_dyn"
[1] NA
[1] "PSAE1656 BF24_dyn"
[1] NA
[1] "PSAE1656 BF36_dyn"
[1] NA
[1] "PSAE1656 BF48_dyn"
[1] NA
[1] "ZG8038581181 BF12_dyn"
[1] NA
[1] "ZG8038581181 BF24_dyn"
[1] NA
[1] "ZG8038581181 BF36_dyn"
[1] NA
[1] "ZG8038581181 BF48_dyn"
[1] NA
