[1] NA
[1] "BsrA overproducer (BsrA-F), replicate 1"
[1] NA
[1] "BsrA overproducer (BsrA-F), replicate 2"
[1] NA
[1] "empty vector control (EV-F), replicate 1"
[1] NA
[1] "empty vector control (EV), biological rep1"
[1] NA
[1] "empty vector control (EV), biological rep2"
[1] NA
[1] "empty vector control (EV), biological rep3"
[1] NA
[1] "BsrA overproducer (BsrA), biological rep1"
[1] NA
[1] "BsrA overproducer (BsrA), biological rep2"
[1] NA
[1] "BsrA overproducer (BsrA), biological rep3"
[1] NA
[1] "PA3027 overproducer (F-PA3027)"
[1] NA
[1] "PA3027 overproducer (F-PA3027)"
[1] NA
[1] "PA3027 overproducer (F-PA3027)"
[1] NA
[1] "PA3027 overproducer (F-PA3027)"
[1] NA
[1] "empty vector control (EV-F)"
[1] NA
[1] "PA3027 overproducer (PA3027)"
[1] NA
[1] "PA3027 overproducer (PA3027)"
[1] NA
[1] "PA3027 overproducer (PA3027)"
[1] NA
[1] "empty vector"
[1] NA
[1] "empty vector"
[1] NA
[1] "empty vector"
[1] NA
[1] "PA3458 overproducer (PA3458-F)"
[1] NA
[1] "PA3458 overproducer (PA3458-F)"
[1] NA
[1] "PA3458 overproducer (PA3458-F)"
[1] NA
[1] "empty vector control (EV-F)"
[1] NA
[1] "PA3458 overproducer (PA3458)"
[1] NA
[1] "PA3458 overproducer (PA3458)"
[1] NA
[1] "PA3458 overproducer (PA3458)"
[1] NA
[1] "empty vector control (EV)"
[1] NA
[1] "empty vector control (EV)"
[1] NA
[1] "empty vector control (EV)"
[1] NA
[1] "PA2577 FLAG overproducer (PA2577-F)"
[1] NA
[1] "PA2577 FLAG overproducer (PA2577-F)"
[1] NA
[1] "empty vector control (EV-F)"
[1] NA
[1] "PA2577 overproducer (PA2577)"
[1] NA
[1] "PA2577 overproducer (PA2577)"
[1] NA
[1] "PA2577 overproducer (PA2577)"
[1] NA
[1] "empty vector control (EV)"
[1] NA
[1] "empty vector control (EV)"
[1] NA
[1] "empty vector control (EV)"
[1] NA
[1] "logarithmic phase of liquid culture"
[1] NA
[1] "logarithmic phase of liquid culture"
[1] NA
[1] "logarithmic phase of liquid culture"
[1] NA
[1] "logarithmic phase of liquid culture"
[1] NA
[1] "logarithmic phase of liquid culture"
[1] NA
[1] "logarithmic phase of liquid culture"
[1] NA
[1] "logarithmic phase of liquid culture"
[1] NA
[1] "logarithmic phase of liquid culture"
[1] NA
[1] "logarithmic phase of liquid culture"
[1] NA
[1] "logarithmic phase of liquid culture"
[1] NA
[1] "logarithmic phase of liquid culture"
[1] NA
[1] "logarithmic phase of liquid culture"
[1] NA
[1] "logarithmic phase of liquid culture"
[1] NA
[1] "logarithmic phase of liquid culture"
[1] NA
[1] "logarithmic phase of liquid culture"
[1] NA
[1] "logarithmic phase of liquid culture"
[1] NA
