[1] NA
[1] "S. Typhimurium WT"
[1] NA
[1] "S. Typhimurium {delta}metJ"
[1] NA
[1] "S. Typhimurium WT"
[1] NA
[1] "S. Typhimurium {delta}metJ"
[1] NA
[1] "S. Typhimurium WT"
[1] NA
[1] "S. Typhimurium {delta}metJ"
[1] NA
[1] "S. Typhimurium WT"
[1] NA
[1] "S. Typhimurium {delta}metJ"
[1] NA
[1] "S. Typhimurium WT"
[1] NA
[1] "S. Typhimurium {delta}metJ"
[1] NA
[1] "S. Typhimurium WT"
[1] NA
[1] "S. Typhimurium {delta}metJ"
[1] NA
[1] "S. Typhimurium WT"
[1] NA
[1] "S. Typhimurium {delta}yhdJ"
[1] NA
[1] "S. Typhimurium WT"
[1] NA
[1] "S. Typhimurium {delta}yhdJ"
[1] NA
[1] "S. Typhimurium WT"
[1] NA
[1] "S. Typhimurium {delta}yhdJ"
[1] NA
[1] "S. Typhimurium WT"
[1] NA
[1] "S. Typhimurium {delta}yhdJ"
[1] NA
[1] "S. Typhimurium WT"
[1] NA
[1] "S. Typhimurium {delta}yhdJ"
[1] NA
[1] "S. Typhimurium WT"
[1] NA
[1] "S. Typhimurium {delta}yhdJ"
[1] NA
[1] "S. Typhimurium WT"
[1] NA
[1] "S. Typhimurium ∆metJ"
[1] NA
[1] "S. Typhimurium ∆dam"
[1] NA
[1] "S. Typhimurium ∆dam∆metJ"
[1] NA
[1] "Salmonella enterica sero. Typhimurium (14028s)"
[1] NA
[1] "∆metJ Salmonella enterica sero. Typhimurium (14028s)"
[1] NA
[1] "∆dam Salmonella enterica sero. Typhimurium (14028s)"
[1] NA
[1] "∆dam ∆metJ Salmonella enterica sero. Typhimurium (14028s)"
[1] NA
[1] "Salmonella enterica sero. Typhimurium (14028s)"
[1] NA
[1] "∆metJ Salmonella enterica sero. Typhimurium (14028s)"
[1] NA
[1] "∆dam Salmonella enterica sero. Typhimurium (14028s)"
[1] NA
[1] "∆dam ∆metJ Salmonella enterica sero. Typhimurium (14028s)"
[1] NA
