[1] NA
[1] "archaeal cells Δura3ΔhpyA/HA_Exponential"
[1] NA
[1] "archaeal cells Δura3ΔhpyA/HA_Exponential"
[1] NA
[1] "archaeal cells Δura3ΔhpyA/HA_Stationary"
[1] NA
[1] "archaeal cells Δura3ΔhpyA/HA_Stationary"
[1] NA
[1] "archaeal cells Δura3ΔhpyA/HA_Exponential"
[1] NA
[1] "archaeal cells Δura3ΔhpyA/HA_Exponential"
[1] NA
[1] "archaeal cells Δura3ΔhpyA/HA_Stationary"
[1] NA
[1] "archaeal cells Δura3ΔhpyA/HA_Stationary"
[1] NA
[1] "archaeal cells Δura3ΔhpyA/hpyA-HA_Exponential"
[1] NA
[1] "archaeal cells Δura3ΔhpyA/hpyA-HA_Exponential"
[1] NA
[1] "archaeal cells Δura3ΔhpyA/hpyA-HA_Exponential"
[1] NA
[1] "archaeal cells Δura3ΔhpyA/hpyA-HA_Exponential"
[1] NA
[1] "archaeal cells Δura3ΔhpyA/hpyA-HA_Stationary"
[1] NA
[1] "archaeal cells Δura3ΔhpyA/hpyA-HA_Stationary"
[1] NA
[1] "archaeal cells Δura3ΔhpyA/hpyA-HA_Stationary"
[1] NA
[1] "archaeal cells Δura3ΔhpyA/hpyA-HA_Stationary"
[1] NA
[1] "archaeal cells Δura3ΔhpyA/hpyA-HA_Stationary"
[1] NA
[1] "archaeal cells Δura3ΔhpyA/hpyA-HA_Stationary"
[1] NA
[1] "archaeal cells Δura3ΔhpyA/hpyA-HA_Stationary"
[1] NA
[1] "archaeal cells Δura3ΔhpyA/hpyA-HA_Stationary"
[1] NA
[1] "archaeal cells Δura3ΔhpyA/hpyA-HA_Exponential"
[1] NA
[1] "archaeal cells Δura3ΔhpyA/hpyA-HA_Exponential"
[1] NA
[1] "archaeal cells Δura3ΔhpyA/hpyA-HA_Exponential"
[1] NA
[1] "archaeal cells Δura3ΔhpyA/hpyA-HA_Exponential"
[1] NA
[1] "archaeal cells Δura3ΔhpyA/hpyA-HA_Exponential"
[1] NA
[1] "archaeal cells Δura3ΔhpyA/hpyA-HA_Exponential"
[1] NA
[1] "archaeal cells Δura3ΔhpyA/hpyA-HA_Exponential"
[1] NA
[1] "archaeal cells Δura3ΔhpyA/hpyA-HA_Exponential"
[1] NA
[1] "archaeal cells Δura3ΔhpyA/hpyA-HA_Exponential"
[1] NA
[1] "archaeal cells Δura3ΔhpyA/hpyA-HA_Exponential"
[1] NA
[1] "archaeal cells Δura3ΔhpyA/hpyA-HA_Exponential"
[1] NA
[1] "archaeal cells Δura3ΔhpyA/hpyA-HA_Exponential"
[1] NA
[1] "archaeal cells Δura3ΔhpyA/hpyA-HA_Stationary"
[1] NA
[1] "archaeal cells Δura3ΔhpyA/hpyA-HA_Stationary"
[1] NA
[1] "archaeal cells Δura3ΔhpyA/hpyA-HA_Stationary"
[1] NA
[1] "archaeal cells Δura3ΔhpyA/hpyA-HA_Stationary"
[1] NA
[1] "archaeal cells Δura3ΔhpyA/hpyA-HA_Stationary"
[1] NA
[1] "archaeal cells Δura3ΔhpyA/hpyA-HA_Stationary"
[1] NA
[1] "archaeal cells Δura3ΔhpyA/hpyA-HA_Stationary"
[1] NA
[1] "archaeal cells Δura3ΔhpyA/hpyA-HA_Stationary"
[1] NA
[1] "Δura3 Optimal (4.2M NaCl)_archaeal cells"
[1] NA
[1] "Δura3 Optimal (4.2M NaCl)_archaeal cells"
[1] NA
[1] "Δura3 Optimal (4.2M NaCl)_archaeal cells"
[1] NA
[1] "Δura3 Optimal (4.2M NaCl)_archaeal cells"
[1] NA
[1] "Δura3 Optimal (4.2M NaCl)_archaeal cells"
[1] NA
[1] "Δura3 Optimal (4.2M NaCl)_archaeal cells"
[1] NA
[1] "Δura3 Reduced (3.4M NaCl)_archaeal cells"
[1] NA
[1] "Δura3 Reduced (3.4M NaCl)_archaeal cells"
[1] NA
[1] "Δura3 Reduced (3.4M NaCl)_archaeal cells"
[1] NA
[1] "Δura3 Reduced (3.4M NaCl)_archaeal cells"
[1] NA
[1] "Δura3 Reduced (3.4M NaCl)_archaeal cells"
[1] NA
[1] "Δura3 Reduced (3.4M NaCl)_archaeal cells"
[1] NA
[1] "Δura3 ΔhpyA Optimal (4.2M NaCl)_archaeal cells"
[1] NA
[1] "Δura3 ΔhpyA Optimal (4.2M NaCl)_archaeal cells"
[1] NA
[1] "Δura3 ΔhpyA Optimal (4.2M NaCl)_archaeal cells"
[1] NA
[1] "Δura3 ΔhpyA Optimal (4.2M NaCl)_archaeal cells"
[1] NA
[1] "Δura3 ΔhpyA Optimal (4.2M NaCl)_archaeal cells"
[1] NA
[1] "Δura3 ΔhpyA Optimal (4.2M NaCl)_archaeal cells"
[1] NA
[1] "Δura3 ΔhpyA Reduced (3.4M NaCl)_archaeal cells"
[1] NA
[1] "Δura3 ΔhpyA Reduced (3.4M NaCl)_archaeal cells"
[1] NA
[1] "Δura3 ΔhpyA Reduced (3.4M NaCl)_archaeal cells"
[1] NA
[1] "Δura3 ΔhpyA Reduced (3.4M NaCl)_archaeal cells"
[1] NA
[1] "Δura3 ΔhpyA Reduced (3.4M NaCl)_archaeal cells"
[1] NA
[1] "Δura3 ΔhpyA Reduced (3.4M NaCl)_archaeal cells"
[1] NA
