[1] NA
[1] "Bacterial Culture"
[1] NA
[1] "Bacterial Culture"
[1] NA
[1] "Bacterial Culture"
[1] NA
[1] "Bacterial Culture"
[1] NA
[1] "Bacterial Culture"
[1] NA
[1] "Bacterial Culture"
[1] NA
[1] "Bacterial Culture"
[1] NA
[1] "WT Replicate 1 Total RNA isolated from total cultures grown to OD600 of 0.25."
[1] NA
[1] "WT Replicate 2 Total RNA isolated from total cultures grown to OD600 of 0.25."
[1] NA
[1] "WT Replicate 3 Total RNA isolated from total cultures grown to OD600 of 0.25."
[1] NA
[1] "DFur Replicate 1 Total RNA isolated from total cultures grown to OD600 of 0.25."
[1] NA
[1] "DFur Replicate 2 Total RNA isolated from total cultures grown to OD600 of 0.25."
[1] NA
[1] "DFur Replicate 3 Total RNA isolated from total cultures grown to OD600 of 0.25."
[1] NA
[1] "DRyhB Replicate 1 Total RNA isolated from total cultures grown to OD600 of 0.25."
[1] NA
[1] "DRyhB Replicate 2 Total RNA isolated from total cultures grown to OD600 of 0.25."
[1] NA
[1] "DRyhB Replicate 3 Total RNA isolated from total cultures grown to OD600 of 0.25."
[1] NA
[1] "DFurDRyhB Replicate 1 Total RNA isolated from total cultures grown to OD600 of 0.25."
[1] NA
[1] "DFurDRyhB Replicate 2 Total RNA isolated from total cultures grown to OD600 of 0.25."
[1] NA
[1] "DFurDRyhB Replicate 3 Total RNA isolated from total cultures grown to OD600 of 0.25."
[1] NA
