[1] NA
[1] "Candida albicans"
[1] NA
[1] "Candida albicans"
[1] NA
[1] "Candida albicans"
[1] NA
[1] "Candida albicans"
[1] NA
[1] "Candida albicans"
[1] NA
[1] "Candida albicans"
[1] NA
[1] "Bacillus subtilis"
[1] NA
[1] "Bacillus subtilis"
[1] NA
[1] "Bacillus subtilis"
[1] NA
[1] "Bacillus subtilis"
[1] NA
[1] "Bacillus subtilis"
[1] NA
[1] "Bacillus subtilis"
[1] NA
[1] "Pseudomonas aeruginosa"
[1] NA
[1] "Pseudomonas aeruginosa"
[1] NA
[1] "Pseudomonas aeruginosa"
[1] NA
[1] "Pseudomonas aeruginosa"
[1] NA
[1] "Pseudomonas aeruginosa"
[1] NA
[1] "Pseudomonas aeruginosa"
[1] NA
