[1] "Normalized signal intensity with dchip"
[1] "Inside of biofilm in MOPS media with 0.2% glucose"
[1] NA
[1] "Inside of biofilm in MOPS media with 0.2% glucose"
[1] NA
[1] "Inside of biofilm in MOPS media with 0.2% glucose"
[1] NA
[1] "Outside of biofilm in MOPS media with 0.2% glucose"
[1] NA
[1] "Outside of biofilm in MOPS media with 0.2% glucose"
[1] NA
[1] "Outside of biofilm in MOPS media with 0.2% glucose"
[1] NA
[1] "Planktonic exponential phase in MOPS media with 0.2% glucose"
[1] NA
[1] "Planktonic exponential phase in MOPS media with 0.2% glucose"
[1] NA
[1] "Planktonic exponential phase in MOPS media with 0.2% glucose"
[1] NA
[1] "Planktonic stationary phase in MOPS media with 0.2% glucose"
[1] NA
[1] "Planktonic stationary phase in MOPS media with 0.2% glucose"
[1] NA
[1] "Planktonic stationary phase in MOPS media with 0.2% glucose"
[1] NA
