[1] NA
[1] "Mycobacterium tuberculosis"
[1] NA
[1] "Mycobacterium tuberculosis"
[1] NA
[1] "Mycobacterium tuberculosis"
[1] NA
[1] "Mycobacterium tuberculosis"
[1] NA
[1] "Mycobacterium tuberculosis"
[1] NA
[1] "Mycobacterium tuberculosis"
[1] NA
[1] "Mycobacterium tuberculosis"
[1] NA
[1] "Mycobacterium tuberculosis"
[1] NA
[1] "Mycobacterium tuberculosis"
[1] NA
[1] "Mycobacterium tuberculosis"
[1] NA
[1] "Mycobacterium tuberculosis"
[1] NA
[1] "Mycobacterium tuberculosis"
[1] NA
[1] "Mycobacterium tuberculosis"
[1] NA
[1] "Mycobacterium tuberculosis"
[1] NA
[1] "Mycobacterium tuberculosis"
[1] NA
[1] "Mycobacterium tuberculosis"
[1] NA
[1] "Mycobacterium tuberculosis"
[1] NA
[1] "Mycobacterium tuberculosis"
[1] NA
[1] "Mycobacterium tuberculosis"
[1] NA
[1] "Mycobacterium tuberculosis"
[1] NA
[1] "Mycobacterium tuberculosis"
[1] NA
[1] "Mycobacterium tuberculosis"
[1] NA
[1] "Mycobacterium tuberculosis"
[1] NA
[1] "Mycobacterium tuberculosis"
[1] NA
[1] "Mycobacterium tuberculosis"
[1] NA
[1] "Mycobacterium tuberculosis"
[1] NA
[1] "Mycobacterium tuberculosis"
[1] NA
[1] "Mycobacterium tuberculosis"
[1] NA
[1] "Mycobacterium tuberculosis"
[1] NA
