[1] NA
[1] "Exponentially growing pneumococcal cells in nose-mimicking condition (NMC)"
[1] NA
[1] "Exponentially growing pneumococcal cells in nose-mimicking condition (NMC)"
[1] NA
[1] "Exponentially growing pneumococcal cells in nose-mimicking condition (NMC)"
[1] NA
[1] "Exponentially growing pneumococcal cells in lung-mimicking condition (LMC)"
[1] NA
[1] "Exponentially growing pneumococcal cells in lung-mimicking condition (LMC)"
[1] NA
[1] "Exponentially growing pneumococcal cells in lung-mimicking condition (LMC)"
[1] NA
[1] "Exponentially growing pneumococcal cells in CSF-mimicking condition (CSFMC)"
[1] NA
[1] "Exponentially growing pneumococcal cells in CSF-mimicking condition (CSFMC)"
[1] NA
[1] "Exponentially growing pneumococcal cells in CSF-mimicking condition (CSFMC)"
[1] NA
[1] "Exponentially growing pneumococcal cells in fever mimicking condition (FEVER)"
[1] NA
[1] "Exponentially growing pneumococcal cells in fever mimicking condition (FEVER)"
[1] NA
[1] "Exponentially growing pneumococcal cells in fever mimicking condition (FEVER)"
[1] NA
[1] "Exponentially growing pneumococcal cells in C+Y"
[1] NA
[1] "Exponentially growing pneumococcal cells in C+Y"
[1] NA
[1] "Exponentially growing pneumococcal cells in C+Y"
[1] NA
[1] "Exponentially growing pneumococcal cells in late competence (CSP, 20 min)"
[1] "20"
[1] "valid gsm... but no data in gsm data table! getting supplementary file (which may or may not contain the data) and writing to subfolder"
[1] "Exponentially growing pneumococcal cells in late competence (CSP, 20 min)"
[1] "20"
[1] "valid gsm... but no data in gsm data table! getting supplementary file (which may or may not contain the data) and writing to subfolder"
[1] "Exponentially growing pneumococcal cells in late competence (CSP, 20 min)"
[1] "20"
[1] "valid gsm... but no data in gsm data table! getting supplementary file (which may or may not contain the data) and writing to subfolder"
