[1] "log10 (signal/background)"
[1] "Clostridium botulinum, strain ATCC 3502"
[1] NA
[1] "Clostridium botulinum, strain FRI-H1A2"
[1] NA
[1] "Clostridium botulinum, strain CDC40234"
[1] NA
[1] "Clostridium botulinum, strain 73A"
[1] NA
[1] "Clostridium botulinum, strain CDC21547"
[1] NA
[1] "Clostridium botulinum, strain CDC657"
[1] NA
[1] "Clostridium botulinum, strain CDC42961"
[1] NA
[1] "Clostridium botulinum, strain CDC51303"
[1] NA
[1] "Clostridium botulinum, strain CDC220727"
[1] NA
[1] "Clostridium botulinum, strain 62A"
[1] NA
[1] "Clostridium botulinum, strain CDC36956"
[1] NA
[1] "Clostridium botulinum, strain CDC36924"
[1] NA
[1] "Clostridium botulinum, strain CDC36923"
[1] NA
[1] "Clostridium botulinum, strain 69A"
[1] NA
[1] "Clostridium botulinum, strain CDC2171"
[1] NA
[1] "Clostridium botulinum, strain CDC36955"
[1] NA
[1] "Clostridium botulinum, strain CDC220726"
[1] NA
[1] "Clostridium botulinum, strain CDC21519"
[1] NA
[1] "Clostridium botulinum, strain CDC21520"
[1] NA
[1] "Clostridium botulinum, strain CDC23084"
[1] NA
[1] "Clostridium botulinum, strain CDC23357"
[1] NA
[1] "Clostridium botulinum, strain CDC23397"
[1] NA
[1] "Clostridium botulinum, strain CDC23996"
[1] NA
[1] "Clostridium botulinum, strain CDC38001"
[1] NA
[1] "Clostridium botulinum, strain CDC38035"
[1] NA
[1] "Clostridium botulinum, strain CDC38652"
[1] NA
[1] "Clostridium botulinum, strain CDC38711"
[1] NA
