[1] "MAS5.0 signal intensity"
[1] "midlog phase broth culture"
[1] NA
[1] "midlog phase broth culture"
[1] NA
[1] "midlog phase broth culture"
[1] NA
[1] "midlog phase broth culture"
[1] NA
[1] "midlog phase broth culture"
[1] NA
[1] "midlog phase broth culture"
[1] NA
[1] "stationary phase broth culture"
[1] NA
[1] "stationary phase broth culture"
[1] NA
[1] "stationary phase broth culture"
[1] NA
[1] "stationary phase broth culture"
[1] NA
[1] "stationary phase broth culture"
[1] NA
[1] "stationary phase broth culture"
[1] NA
[1] "flowcell biofilm culture"
[1] NA
[1] "flowcell biofilm culture"
[1] NA
[1] "flowcell biofilm culture"
[1] NA
[1] "flowcell biofilm culture"
[1] NA
[1] "flowcell biofilm culture"
[1] NA
[1] "flowcell biofilm culture"
[1] NA
[1] "flea biofilm culture"
[1] NA
[1] "flea biofilm culture"
[1] NA
[1] "flea biofilm culture"
[1] NA
[1] "flea biofilm culture"
[1] NA
[1] "flea biofilm culture"
[1] NA
[1] "flea biofilm culture"
[1] NA
