[1] NA
[1] "PP7-wt construct"
[1] NA
[1] "PP7-wt construct"
[1] NA
[1] "PP7-wt construct"
[1] NA
[1] "PP7-wt construct"
[1] NA
[1] "PP7-wt construct"
[1] NA
[1] "PP7-wt construct"
[1] NA
[1] "PP7-wt construct"
[1] NA
[1] "PP7-wt construct"
[1] NA
[1] "PP7-Uss construct"
[1] NA
[1] "PP7-Uss construct"
[1] NA
[1] "PP7-Uss construct"
[1] NA
[1] "PP7-Uss construct"
[1] NA
[1] "PP7-Uss construct"
[1] NA
[1] "PP7-Uss construct"
[1] NA
[1] "PP7-Uss construct"
[1] NA
[1] "PP7-Uss construct"
[1] NA
[1] "PP7-Uss construct"
[1] NA
[1] "PP7-Uss construct"
[1] NA
[1] "PP7-Uss construct"
[1] NA
[1] "PP7-Uss construct"
[1] NA
[1] "PP7-Uss construct"
[1] NA
[1] "PP7-Uss construct"
[1] NA
[1] "PP7-Uss construct"
[1] NA
[1] "PP7-Uss construct"
[1] NA
[1] "PP7-wt construct"
[1] NA
[1] "PP7-wt construct"
[1] NA
[1] "PP7-wt construct"
[1] NA
[1] "PP7-wt construct"
[1] NA
[1] "PP7-wt construct"
[1] NA
[1] "PP7-wt construct"
[1] NA
[1] "PP7-wt construct"
[1] NA
[1] "PP7-wt construct"
[1] NA
[1] "E.coli 5srRNA"
[1] NA
[1] "E.coli 5srRNA"
[1] NA
[1] "E.coli 5srRNA"
[1] NA
[1] "E.coli 5srRNA"
[1] NA
[1] "E.coli 5srRNA"
[1] NA
[1] "E.coli 5srRNA"
[1] NA
[1] "E.coli 5srRNA"
[1] NA
[1] "E.coli 5srRNA"
[1] NA
