[1] NA
[1] "Escherichia coli BW25113"
[1] NA
[1] "Escherichia coli BW25113"
[1] NA
[1] "Escherichia coli BW25113"
[1] NA
[1] "Escherichia coli BW25113"
[1] NA
[1] "Escherichia coli BW25113"
[1] NA
[1] "Escherichia coli BW25113"
[1] NA
[1] "Escherichia coli BW25113"
[1] NA
[1] "Escherichia coli BW25113"
[1] NA
[1] "Escherichia coli BW25113"
[1] NA
[1] "Escherichia coli BW25113"
[1] NA
[1] "Escherichia coli BW25113"
[1] NA
[1] "Escherichia coli BW25113"
[1] NA
[1] "Escherichia coli BW25113"
[1] NA
[1] "Escherichia coli BW25113"
[1] NA
[1] "Escherichia coli BW25113"
[1] NA
[1] "Escherichia coli BW25113"
[1] NA
[1] "Escherichia coli BW25113"
[1] NA
[1] "Escherichia coli BW25113"
[1] NA
