[1] NA
[1] "pSkunk1, no IPTG, biological replica 1"
[1] NA
[1] "pSkunk1 ΔTEM-1 gene deletion, 1 mM IPTG, biological replica 1"
[1] NA
[1] "pSkunk1, 1 mM IPTG, biological replica 1"
[1] NA
[1] "pSkunk1-A11D signal sequence mutation, 1 mM IPTG, biological replica 1"
[1] NA
[1] "pSkunk1-V23D signal sequence mutation, 1mM IPTG, biological replica 1"
[1] NA
[1] "pSkunk1-A25S signal sequence mutation, 1 mM IPTG, biological replica 1"
[1] NA
[1] "pSkunk1-R43C cysteine mutation, 1 mM IPTG, biological replica 1"
[1] NA
[1] "pSkunk1-N52C cysteine mutation, 1 mM IPTG, biological replica 1"
[1] NA
[1] "pSkunk1-C123S cysteine/α-helix mutation, 1 mM IPTG, biological replica 1"
[1] NA
[1] "pSkunk1-L138F α-helix mutation, 1 mM IPTG, biological replica 1"
[1] NA
[1] "pSkunk1-L148R α-helix mutation, 1 mM IPTG, biological replica 1"
[1] NA
[1] "pSkunk1-R178* nonsense mutation, 1 mM IPTG, biological replica 1"
[1] NA
[1] "pSkunk1, no IPTG, biological replica 2"
[1] NA
[1] "pSkunk1 ΔTEM-1 gene deletion, 1 mM IPTG, biological replica 2"
[1] NA
[1] "pSkunk1, 1 mM IPTG, biological replica 2"
[1] NA
[1] "pSkunk1-A11D signal sequence mutation, 1 mM IPTG, biological replica 2"
[1] NA
[1] "pSkunk1-A18K signal sequence mutation, 1 mM IPTG, biological replica 1"
[1] NA
[1] "pSkunk1-A25S signal sequence mutation, 1 mM IPTG, biological replica 2"
[1] NA
[1] "pSkunk1-H96C cysteine mutation, 1 mM IPTG, biological replica 1"
[1] NA
[1] "pSkunk1-L122S α-helix mutation, 1 mM IPTG, biological replica 1"
[1] NA
[1] "pSkunk1-L138F α-helix mutation, 1 mM IPTG, biological replica 2"
[1] NA
[1] "pSkunk1-L148R α-helix mutation, 1 mM IPTG, biological replica 2"
[1] NA
[1] "pSkunk1-R178* nonsense mutation, 1 mM IPTG, biological replica 2"
[1] NA
