[1] "LogRatio (base 10) of Cy5/Cy3 intensities"
[1] "WT Gly I"
[1] NA
[1] "WT Eth I"
[1] NA
[1] "WT Gly I"
[1] NA
[1] "WT Chol I"
[1] NA
[1] "M Gly I"
[1] NA
[1] "M Eth I"
[1] NA
[1] "M Gly I"
[1] NA
[1] "M Chol I"
[1] NA
[1] "WT Gly I"
[1] NA
[1] "M Gly I"
[1] NA
[1] "WT Eth I"
[1] NA
[1] "M Eth I"
[1] NA
[1] "WT Chol I"
[1] NA
[1] "M Chol I"
[1] NA
[1] "WT Gly I"
[1] NA
[1] "M Gly I"
[1] NA
[1] "WT EtOH I"
[1] NA
[1] "M EtOH I"
[1] NA
[1] "WT Chol I"
[1] NA
[1] "M Chol I"
[1] NA
[1] "M Gly I"
[1] NA
[1] "M Chol I"
[1] NA
[1] "WT Gly I"
[1] NA
[1] "M Gly I"
[1] NA
[1] "WT EtOH I"
[1] NA
[1] "M EtOH I"
[1] NA
[1] "WT Chol I"
[1] NA
[1] "M Chol I"
[1] NA
[1] "M Gly I"
[1] NA
[1] "M Chol I"
[1] NA
