[1] "normalized log2 ratio (Cy5/Cy3) representing test/reference (iNOS/WT) or, for dye-swap technical replicates, normalized log2 ratio (Cy3/Cy5) representing test/reference (iNOS/WT)"
[1] "Transposon library recovered from first iNOS-/- mouse after 3 weeks of infection"
[1] NA
[1] "Transposon library recovered from first WT C57BL/6J mouse after 3 weeks of infection"
[1] NA
[1] "Transposon library recovered from second iNOS-/- mouse after 3 weeks of infection"
[1] NA
[1] "Transposon library recovered from second WT C57BL/6J mouse after 3 weeks of infection"
[1] NA
[1] "Transposon library recovered from third iNOS-/- mouse after 3 weeks of infection"
[1] NA
[1] "Transposon library recovered from third WT C57BL/6J mouse after 3 weeks of infection"
[1] NA
[1] "Transposon library recovered from fourth iNOS-/- mouse after 3 weeks of infection"
[1] NA
[1] "Transposon library recovered from fourth WT C57BL/6J mouse after 3 weeks of infection"
[1] NA
[1] "Transposon library recovered from fifth iNOS-/- mouse after 3 weeks of infection"
[1] NA
[1] "Transposon library recovered from fifth WT C57BL/6J mouse after 3 weeks of infection"
[1] NA
[1] "Transposon library recovered from first iNOS-/- mouse after 4 weeks of infection"
[1] NA
[1] "Transposon library recovered from first WT C57BL/6J mouse after 4 weeks of infection"
[1] NA
[1] "Transposon library recovered from second iNOS-/- mouse after 4 weeks of infection"
[1] NA
[1] "Transposon library recovered from second WT C57BL/6J mouse after 4 weeks of infection"
[1] NA
[1] "Transposon library recovered from third iNOS-/- mouse after 4 weeks of infection"
[1] NA
[1] "Transposon library recovered from third WT C57BL/6J mouse after 4 weeks of infection"
[1] NA
[1] "Transposon library recovered from fourth iNOS-/- mouse after 4 weeks of infection"
[1] NA
[1] "Transposon library recovered from fourth WT C57BL/6J mouse after 4 weeks of infection"
[1] NA
[1] "Transposon library recovered from fifth iNOS-/- mouse after 4 weeks of infection"
[1] NA
[1] "Transposon library recovered from fifth WT C57BL/6J mouse after 4 weeks of infection"
[1] NA
[1] "Transposon library recovered from sixth iNOS-/- mouse after 4 weeks of infection"
[1] NA
[1] "Transposon library recovered from sixth WT C57BL/6J mouse after 4 weeks of infection"
[1] NA
[1] "Transposon library recovered from seventh iNOS-/- mouse after 4 weeks of infection"
[1] NA
[1] "Transposon library recovered from seventh WT C57BL/6J mouse after 4 weeks of infection"
[1] NA
[1] "Transposon library recovered from eighth iNOS-/- mouse after 4 weeks of infection"
[1] NA
[1] "Transposon library recovered from eighth WT C57BL/6J mouse after 4 weeks of infection"
[1] NA
