[1] "Cy3:Cy5 ratio following background correction, log2 transformation, Loess normalisation"
[1] "Aerobic E. coli exposed to CO-RMs for 15 minutes"
[1] "15"
[1] "900"
[1] "Aerobic E. coli not exposed to CO-RMs for 15 minutes (control cells)"
[1] "15"
[1] "900"
[1] "Aerobic E. coli not exposed to CO-RMs for 15 minutes (control cells)"
[1] "15"
[1] "900"
[1] "Aerobic E. coli not exposed to CO-RMs for 15 minutes (control cells)"
[1] "15"
[1] "900"
[1] "Aerobic E. coli exposed to CO-RMs for 15 minutes"
[1] "15"
[1] "900"
[1] "Aerobic E. coli exposed to CO-RMs for 15 minutes"
[1] "15"
[1] "900"
[1] "Aerobic E. coli not exposed to CO-RMs for 15 minutes (control cells)"
[1] "15"
[1] "900"
[1] "Aerobic E. coli exposed to CO-RMs for 15 minutes"
[1] "15"
[1] "900"
[1] "Anaerobic E. coli exposed to CO-RMs for 15 minutes"
[1] "15"
[1] "900"
[1] "Anaerobic E. coli not exposed to CO-RMs for 15 minutes (control cells)"
[1] "15"
[1] "900"
[1] "Anaerobic E. coli exposed to CO-RMs for 15 minutes"
[1] "15"
[1] "900"
[1] "Anaerobic E. coli not exposed to CO-RMs for 15 minutes (control cells)"
[1] "15"
[1] "900"
[1] "Anaerobic E. coli exposed to CO-RMs for 15 minutes"
[1] "15"
[1] "900"
[1] "Anaerobic E. coli not exposed to CO-RMs for 15 minutes (control cells)"
[1] "15"
[1] "900"
[1] "Anaerobic E. coli exposed to CO-RMs for 15 minutes"
[1] "15"
[1] "900"
[1] "Anaerobic E. coli not exposed to CO-RMs for 15 minutes (control cells)"
[1] "15"
[1] "900"
