[1] NA
[1] "Bacterial culture"
[1] NA
[1] "Cell culture"
[1] NA
[1] "Cell culture"
[1] NA
[1] "Cell culture"
[1] NA
[1] "Cell culture"
[1] NA
[1] "Cell culture"
[1] NA
[1] "Cell culture"
[1] NA
[1] "Cell culture"
[1] NA
[1] "Cell culture"
[1] NA
[1] "Cell culture"
[1] NA
[1] "Cell culture"
[1] NA
[1] "Cell culture"
[1] NA
[1] "Cell culture"
[1] NA
[1] "Retina"
[1] NA
[1] "Retina"
[1] NA
[1] "Retina"
[1] NA
[1] "Retina"
[1] NA
[1] "Retina"
[1] NA
[1] "Retina"
[1] NA
