[1] NA
[1] "Intracellular Mtb, 0hr, Replicate 1"
[1] "0"
[1] "valid gsm... but no data in gsm data table! getting supplementary file (which may or may not contain the data) and writing to subfolder"
[1] "Intracellular Mtb, 0hr, Replicate 2"
[1] "0"
[1] "valid gsm... but no data in gsm data table! getting supplementary file (which may or may not contain the data) and writing to subfolder"
[1] "Intracellular Control Mtb, 96 hr, Replicate 1"
[1] "96"
[1] "valid gsm... but no data in gsm data table! getting supplementary file (which may or may not contain the data) and writing to subfolder"
[1] "Intracellular Control Mtb, 96 hr, Replicate 2"
[1] "96"
[1] "valid gsm... but no data in gsm data table! getting supplementary file (which may or may not contain the data) and writing to subfolder"
[1] "Intracellular Dormant Mtb (Vit C+INH), 96 hr, Replicate 1"
[1] "96"
[1] "valid gsm... but no data in gsm data table! getting supplementary file (which may or may not contain the data) and writing to subfolder"
[1] "Intracellular Dormant Mtb (Vit C+INH), 96 hr, Replicate 2"
[1] "96"
[1] "valid gsm... but no data in gsm data table! getting supplementary file (which may or may not contain the data) and writing to subfolder"
[1] "Intracellular Control Mtb, 144 hr, Replicate 1"
[1] "144"
[1] "valid gsm... but no data in gsm data table! getting supplementary file (which may or may not contain the data) and writing to subfolder"
[1] "Intracellular Control Mtb, 144 hr, Replicate 2"
[1] "144"
[1] "valid gsm... but no data in gsm data table! getting supplementary file (which may or may not contain the data) and writing to subfolder"
[1] "Intracellular Dormant Mtb (Vit C+INH), 144 hr, Replicate 1"
[1] "144"
[1] "valid gsm... but no data in gsm data table! getting supplementary file (which may or may not contain the data) and writing to subfolder"
[1] "Intracellular Dormant Mtb (Vit C+INH), 144 hr, Replicate 2"
[1] "144"
[1] "valid gsm... but no data in gsm data table! getting supplementary file (which may or may not contain the data) and writing to subfolder"
