[1] "ratios log2(Cy3/Cy5)"
[1] "Total RNA from Staphylococcus aureus Newman incubated with Dermaseptin"
[1] NA
[1] "Total RNA from Staphylococcus aureus Newman incubated with Dermaseptin"
[1] NA
[1] "Total RNA from Staphylococcus aureus Newman incubated with Dermaseptin"
[1] NA
[1] "Total RNA from Staphylococcus aureus Newman incubated with cathelicidin LL-37"
[1] NA
[1] "Total RNA from Staphylococcus aureus Newman incubated with cathelicidin LL-37"
[1] NA
[1] "Total RNA from Staphylococcus aureus Newman incubated with cathelicidin LL-37"
[1] NA
[1] "Total RNA from Staphylococcus aureus Newman incubated with Ovispirin-1"
[1] NA
[1] "Total RNA from Staphylococcus aureus Newman incubated with Ovispirin-1"
[1] NA
[1] "Total RNA from Staphylococcus aureus Newman incubated with Ovispirin-1"
[1] NA
[1] "Total RNA from Staphylococcus aureus Newman incubated with Temporin-L"
[1] NA
[1] "Total RNA from Staphylococcus aureus Newman incubated with Temporin-L"
[1] NA
[1] "Total RNA from Staphylococcus aureus Newman incubated with Temporin-L"
[1] NA
