[1] "log2 RMA signal"
[1] "Kp & Sm cultured in MOPS lactate for 4 h (control condition), biological replicate 1"
[1] "4"
[1] "14400"
[1] "Kp & Sm cultured in MOPS surfactant for 4 h (experimental condition), biological replicate 1"
[1] "4"
[1] "14400"
[1] "Kp & Sm cultured in MOPS lactate for 4 h (control condition), biological replicate 2"
[1] "4"
[1] "14400"
[1] "Kp & Sm cultured in MOPS surfactant for 4 h (experimental condition), biological replicate 2"
[1] "4"
[1] "14400"
[1] "Pa & Bt cultured in MOPS lactate for 4 h (control condition), biological replicate 1"
[1] "4"
[1] "14400"
[1] "Pa & Bt cultured in MOPS surfactant for 4 h (experimental condition), biological replicate 1"
[1] "4"
[1] "14400"
[1] "Pa & Bt cultured in MOPS lactate for 4 h (control condition), biological replicate 2"
[1] "4"
[1] "14400"
[1] "Pa & Bt cultured in MOPS surfactant for 4 h (experimental condition), biological replicate 2"
[1] "4"
[1] "14400"
