[1] NA
[1] "AH LAC + empty vector 3 hours"
[1] "3"
[1] "valid gsm... but no data in gsm data table! getting supplementary file (which may or may not contain the data) and writing to subfolder"
[1] "AH LAC + empty vector 3 hours"
[1] "3"
[1] "valid gsm... but no data in gsm data table! getting supplementary file (which may or may not contain the data) and writing to subfolder"
[1] "AH LAC + empty vector 3 hours"
[1] "3"
[1] "valid gsm... but no data in gsm data table! getting supplementary file (which may or may not contain the data) and writing to subfolder"
[1] "AH LAC sarZ::bursa + empty vector 3 hours"
[1] "3"
[1] "valid gsm... but no data in gsm data table! getting supplementary file (which may or may not contain the data) and writing to subfolder"
[1] "AH LAC sarZ::bursa + empty vector 3 hours"
[1] "3"
[1] "valid gsm... but no data in gsm data table! getting supplementary file (which may or may not contain the data) and writing to subfolder"
[1] "AH LAC sarZ::bursa + empty vector 3 hours"
[1] "3"
[1] "valid gsm... but no data in gsm data table! getting supplementary file (which may or may not contain the data) and writing to subfolder"
[1] "AH LAC sarZ::bursa + WT sarZ 3 hours"
[1] "3"
[1] "valid gsm... but no data in gsm data table! getting supplementary file (which may or may not contain the data) and writing to subfolder"
[1] "AH LAC sarZ::bursa + WT sarZ 3 hours"
[1] "3"
[1] "valid gsm... but no data in gsm data table! getting supplementary file (which may or may not contain the data) and writing to subfolder"
[1] "AH LAC sarZ::bursa + WT sarZ 3 hours"
[1] "3"
[1] "valid gsm... but no data in gsm data table! getting supplementary file (which may or may not contain the data) and writing to subfolder"
[1] "ER00594 3 hours"
[1] "3"
[1] "valid gsm... but no data in gsm data table! getting supplementary file (which may or may not contain the data) and writing to subfolder"
[1] "ER00594 3 hours"
[1] "3"
[1] "valid gsm... but no data in gsm data table! getting supplementary file (which may or may not contain the data) and writing to subfolder"
[1] "ER00594 3 hours"
[1] "3"
[1] "valid gsm... but no data in gsm data table! getting supplementary file (which may or may not contain the data) and writing to subfolder"
[1] "ER00594 + WT sarZ 3 hours"
[1] "3"
[1] "valid gsm... but no data in gsm data table! getting supplementary file (which may or may not contain the data) and writing to subfolder"
[1] "ER00594 + WT sarZ 3 hours"
[1] "3"
[1] "valid gsm... but no data in gsm data table! getting supplementary file (which may or may not contain the data) and writing to subfolder"
[1] "ER00594 + WT sarZ 3 hours"
[1] "3"
[1] "valid gsm... but no data in gsm data table! getting supplementary file (which may or may not contain the data) and writing to subfolder"
[1] "ER00573 3 hours"
[1] "3"
[1] "valid gsm... but no data in gsm data table! getting supplementary file (which may or may not contain the data) and writing to subfolder"
[1] "ER00573 3 hours"
[1] "3"
[1] "valid gsm... but no data in gsm data table! getting supplementary file (which may or may not contain the data) and writing to subfolder"
[1] "ER00573 3 hours"
[1] "3"
[1] "valid gsm... but no data in gsm data table! getting supplementary file (which may or may not contain the data) and writing to subfolder"
[1] "ER00573 sarZ::tet 3 hours"
[1] "3"
[1] "valid gsm... but no data in gsm data table! getting supplementary file (which may or may not contain the data) and writing to subfolder"
[1] "ER00573 sarZ::tet 3 hours"
[1] "3"
[1] "valid gsm... but no data in gsm data table! getting supplementary file (which may or may not contain the data) and writing to subfolder"
[1] "ER00573 sarZ::tet 3 hours"
[1] "3"
[1] "valid gsm... but no data in gsm data table! getting supplementary file (which may or may not contain the data) and writing to subfolder"
[1] "AH LAC + empty vector 5 hours"
[1] "5"
[1] "valid gsm... but no data in gsm data table! getting supplementary file (which may or may not contain the data) and writing to subfolder"
[1] "AH LAC + empty vector 5 hours"
[1] "5"
[1] "valid gsm... but no data in gsm data table! getting supplementary file (which may or may not contain the data) and writing to subfolder"
[1] "AH LAC + empty vector 5 hours"
[1] "5"
[1] "valid gsm... but no data in gsm data table! getting supplementary file (which may or may not contain the data) and writing to subfolder"
[1] "AH LAC sarZ::bursa + empty vector 5 hours"
[1] "5"
[1] "valid gsm... but no data in gsm data table! getting supplementary file (which may or may not contain the data) and writing to subfolder"
[1] "AH LAC sarZ::bursa + empty vector 5 hours"
[1] "5"
[1] "valid gsm... but no data in gsm data table! getting supplementary file (which may or may not contain the data) and writing to subfolder"
[1] "AH LAC sarZ::bursa + empty vector 5 hours"
[1] "5"
[1] "valid gsm... but no data in gsm data table! getting supplementary file (which may or may not contain the data) and writing to subfolder"
[1] "AH LAC sarZ::bursa + WT sarZ 5 hours"
[1] "5"
[1] "valid gsm... but no data in gsm data table! getting supplementary file (which may or may not contain the data) and writing to subfolder"
[1] "AH LAC sarZ::bursa + WT sarZ 5 hours"
[1] "5"
[1] "valid gsm... but no data in gsm data table! getting supplementary file (which may or may not contain the data) and writing to subfolder"
[1] "AH LAC sarZ::bursa + WT sarZ 5 hours"
[1] "5"
[1] "valid gsm... but no data in gsm data table! getting supplementary file (which may or may not contain the data) and writing to subfolder"
[1] "ER00594 5 hours"
[1] "5"
[1] "valid gsm... but no data in gsm data table! getting supplementary file (which may or may not contain the data) and writing to subfolder"
[1] "ER00594 5 hours"
[1] "5"
[1] "valid gsm... but no data in gsm data table! getting supplementary file (which may or may not contain the data) and writing to subfolder"
[1] "ER00594 5 hours"
[1] "5"
[1] "valid gsm... but no data in gsm data table! getting supplementary file (which may or may not contain the data) and writing to subfolder"
[1] "ER00594 + WT sarZ 5 hours"
[1] "5"
[1] "valid gsm... but no data in gsm data table! getting supplementary file (which may or may not contain the data) and writing to subfolder"
[1] "ER00594 + WT sarZ 5 hours"
[1] "5"
[1] "valid gsm... but no data in gsm data table! getting supplementary file (which may or may not contain the data) and writing to subfolder"
[1] "ER00594 + WT sarZ 5 hours"
[1] "5"
[1] "valid gsm... but no data in gsm data table! getting supplementary file (which may or may not contain the data) and writing to subfolder"
[1] "ER00573 5 hours"
[1] "5"
[1] "valid gsm... but no data in gsm data table! getting supplementary file (which may or may not contain the data) and writing to subfolder"
[1] "ER00573 5 hours"
[1] "5"
[1] "valid gsm... but no data in gsm data table! getting supplementary file (which may or may not contain the data) and writing to subfolder"
[1] "ER00573 5 hours"
[1] "5"
[1] "valid gsm... but no data in gsm data table! getting supplementary file (which may or may not contain the data) and writing to subfolder"
[1] "ER00573 sarZ::tet 5 hours"
[1] "5"
[1] "valid gsm... but no data in gsm data table! getting supplementary file (which may or may not contain the data) and writing to subfolder"
[1] "ER00573 sarZ::tet 5 hours"
[1] "5"
[1] "valid gsm... but no data in gsm data table! getting supplementary file (which may or may not contain the data) and writing to subfolder"
[1] "ER00573 sarZ::tet 5 hours"
[1] "5"
[1] "valid gsm... but no data in gsm data table! getting supplementary file (which may or may not contain the data) and writing to subfolder"
