Setting options('download.file.method.GEOquery'='auto')
Setting options('GEOquery.inmemory.gpl'=FALSE)
Loading required package: Biobase
Loading required package: BiocGenerics

Attaching package: 'BiocGenerics'

The following objects are masked from 'package:stats':

    IQR, mad, sd, var, xtabs

The following objects are masked from 'package:base':

    anyDuplicated, aperm, append, as.data.frame, basename, cbind,
    colnames, dirname, do.call, duplicated, eval, evalq, Filter, Find,
    get, grep, grepl, intersect, is.unsorted, lapply, Map, mapply,
    match, mget, order, paste, pmax, pmax.int, pmin, pmin.int,
    Position, rank, rbind, Reduce, rownames, sapply, setdiff, table,
    tapply, union, unique, unsplit, which.max, which.min

Welcome to Bioconductor

    Vignettes contain introductory material; view with
    'browseVignettes()'. To cite Bioconductor, see
    'citation("Biobase")', and for packages 'citation("pkgname")'.


Attaching package: 'fs'

The following object is masked from 'package:BiocGenerics':

    path

Using locally cached version of GSE16440 found here:
C:\Users\Rafael\repos\personal\geo_data_analysis\data/GSE16440/GSE16440.soft.gz 
Reading file....
Parsing....
Found 112 entities...
GPL1261 (1 of 113 entities)
GPL6402 (2 of 113 entities)
GSM411428 (3 of 113 entities)
GSM411429 (4 of 113 entities)
GSM411430 (5 of 113 entities)
GSM411431 (6 of 113 entities)
GSM411432 (7 of 113 entities)
GSM411433 (8 of 113 entities)
GSM411434 (9 of 113 entities)
GSM411435 (10 of 113 entities)
GSM411436 (11 of 113 entities)
GSM411437 (12 of 113 entities)
GSM411438 (13 of 113 entities)
GSM411439 (14 of 113 entities)
GSM411440 (15 of 113 entities)
GSM411441 (16 of 113 entities)
GSM411442 (17 of 113 entities)
GSM411443 (18 of 113 entities)
GSM411444 (19 of 113 entities)
GSM411445 (20 of 113 entities)
GSM411446 (21 of 113 entities)
GSM411447 (22 of 113 entities)
GSM411448 (23 of 113 entities)
GSM411449 (24 of 113 entities)
GSM411450 (25 of 113 entities)
GSM411451 (26 of 113 entities)
GSM411452 (27 of 113 entities)
GSM411453 (28 of 113 entities)
GSM411454 (29 of 113 entities)
GSM411455 (30 of 113 entities)
GSM411456 (31 of 113 entities)
GSM411457 (32 of 113 entities)
GSM411458 (33 of 113 entities)
GSM411459 (34 of 113 entities)
GSM411460 (35 of 113 entities)
GSM411461 (36 of 113 entities)
GSM411462 (37 of 113 entities)
GSM411463 (38 of 113 entities)
GSM411464 (39 of 113 entities)
GSM411465 (40 of 113 entities)
GSM411466 (41 of 113 entities)
GSM411467 (42 of 113 entities)
GSM411468 (43 of 113 entities)
GSM411469 (44 of 113 entities)
GSM411470 (45 of 113 entities)
GSM411471 (46 of 113 entities)
GSM411472 (47 of 113 entities)
GSM411473 (48 of 113 entities)
GSM411474 (49 of 113 entities)
GSM411475 (50 of 113 entities)
GSM411476 (51 of 113 entities)
GSM411477 (52 of 113 entities)
GSM411478 (53 of 113 entities)
GSM411479 (54 of 113 entities)
GSM411480 (55 of 113 entities)
GSM411481 (56 of 113 entities)
GSM411482 (57 of 113 entities)
GSM411483 (58 of 113 entities)
GSM411484 (59 of 113 entities)
GSM411485 (60 of 113 entities)
GSM411486 (61 of 113 entities)
GSM411487 (62 of 113 entities)
GSM413184 (63 of 113 entities)
GSM413185 (64 of 113 entities)
GSM413186 (65 of 113 entities)
GSM413187 (66 of 113 entities)
GSM413188 (67 of 113 entities)
GSM413189 (68 of 113 entities)
GSM413190 (69 of 113 entities)
GSM413191 (70 of 113 entities)
GSM413192 (71 of 113 entities)
GSM413193 (72 of 113 entities)
GSM413194 (73 of 113 entities)
GSM413195 (74 of 113 entities)
GSM413196 (75 of 113 entities)
GSM413197 (76 of 113 entities)
GSM413198 (77 of 113 entities)
GSM413199 (78 of 113 entities)
GSM413200 (79 of 113 entities)
GSM413201 (80 of 113 entities)
GSM413202 (81 of 113 entities)
GSM413203 (82 of 113 entities)
GSM413204 (83 of 113 entities)
GSM413205 (84 of 113 entities)
GSM413206 (85 of 113 entities)
GSM413207 (86 of 113 entities)
GSM413208 (87 of 113 entities)
GSM413209 (88 of 113 entities)
GSM413210 (89 of 113 entities)
GSM413211 (90 of 113 entities)
GSM413212 (91 of 113 entities)
GSM413213 (92 of 113 entities)
GSM413214 (93 of 113 entities)
GSM413215 (94 of 113 entities)
GSM413216 (95 of 113 entities)
GSM413217 (96 of 113 entities)
GSM413218 (97 of 113 entities)
GSM413219 (98 of 113 entities)
GSM413220 (99 of 113 entities)
GSM413221 (100 of 113 entities)
GSM413222 (101 of 113 entities)
GSM413223 (102 of 113 entities)
GSM413224 (103 of 113 entities)
GSM413225 (104 of 113 entities)
GSM413226 (105 of 113 entities)
GSM413227 (106 of 113 entities)
GSM413228 (107 of 113 entities)
GSM413229 (108 of 113 entities)
GSM413230 (109 of 113 entities)
GSM413231 (110 of 113 entities)
GSM413232 (111 of 113 entities)
GSM413233 (112 of 113 entities)
Warning messages:
1: In as.numeric(column) : NAs introduced by coercion
2: In as.numeric(column) : NAs introduced by coercion
3: In as.numeric(column) : NAs introduced by coercion
Error: !!!!!!!!!!!!!!!!!!!!!!!!!!!!!!!!!!!!!!!!!!!!!!!!!!!!!!!!!!!!!!!!!!!!!!!!!!!!!!!!!!!!!!!!!!!!!!!!!!!!
Execution halted
