[1] NA
[1] "WT mid-log phase bacteria culture"
[1] NA
[1] "WT mid-log phase bacteria culture"
[1] NA
[1] "WT H2O2_mid-log phase bacteria culture"
[1] NA
[1] "WT H2O2_mid-log phase bacteria culture"
[1] NA
[1] "GMOS mid-log phase bacteria culture"
[1] NA
[1] "GMOS mid-log phase bacteria culture"
[1] NA
[1] "GMOS H2O2_mid-log phase bacteria culture"
[1] NA
[1] "GMOS H2O2_mid-log phase bacteria culture"
[1] NA
[1] "EC ALE-1 mid-log phase bacteria culture"
[1] NA
[1] "EC ALE-1 mid-log phase bacteria culture"
[1] NA
[1] "EC ALE-1 H2O2_mid-log phase bacteria culture"
[1] NA
[1] "EC ALE-1 H2O2_mid-log phase bacteria culture"
[1] NA
[1] "EC ALE-2 mid-log phase bacteria culture"
[1] NA
[1] "EC ALE-2 mid-log phase bacteria culture"
[1] NA
[1] "EC ALE-2 H2O2_mid-log phase bacteria culture"
[1] NA
[1] "EC ALE-2 H2O2_mid-log phase bacteria culture"
[1] NA
[1] "EC ALE-3 mid-log phase bacteria culture"
[1] NA
[1] "EC ALE-3 mid-log phase bacteria culture"
[1] NA
[1] "EC ALE-3 H2O2_mid-log phase bacteria culture"
[1] NA
[1] "EC ALE-3 H2O2_mid-log phase bacteria culture"
[1] NA
[1] "EC ALE-4 mid-log phase bacteria culture"
[1] NA
[1] "EC ALE-4 mid-log phase bacteria culture"
[1] NA
[1] "EC ALE-4 H2O2_mid-log phase bacteria culture"
[1] NA
[1] "EC ALE-4 H2O2_mid-log phase bacteria culture"
[1] NA
