[1] "Signal"
[1] "Infected Vero cells  day 3 34C rep 1"
[1] NA
[1] "Infected Vero cells  day 3 34C rep 2"
[1] NA
[1] "Infected Vero cells  day 3 34C rep 3"
[1] NA
[1] "Infected Vero cells  day 3 34C rep 4"
[1] NA
[1] "Infected Vero cells  day 3 34C rep 5"
[1] NA
[1] "Non-Infected Vero cells  day 3 34C rep 1"
[1] NA
[1] "Non-Infected Vero cells  day 3 34C rep 2"
[1] NA
[1] "Non-Infected Vero cells  day 3 34C rep 3"
[1] NA
[1] "Non-Infected Vero cells  day 3 34C rep 4"
[1] NA
[1] "Non-Infected Vero cells  day 3 34C rep 5"
[1] NA
[1] "Infected Vero cells  day 7 25C rep 1"
[1] NA
[1] "Infected Vero cells  day 7 25C rep 2"
[1] NA
[1] "Infected Vero cells  day 7 25C rep 3"
[1] NA
[1] "Infected Vero cells  day 7 25C rep 4"
[1] NA
[1] "Infected Vero cells  day 7 25C rep 5"
[1] NA
[1] "Non-Infected Vero cells  day 7 25C rep 1"
[1] NA
[1] "Non-Infected Vero cells  day 7 25C rep 2"
[1] NA
[1] "Non-Infected Vero cells  day 7 25C rep 3"
[1] NA
[1] "Non-Infected Vero cells  day 7 25C rep 4"
[1] NA
[1] "Non-Infected Vero cells  day 7 25C rep 5"
[1] NA
[1] "Infected Vero cells  day 3 37C rep 1"
[1] NA
[1] "Infected Vero cells  day 3 37C rep 2"
[1] NA
[1] "Infected Vero cells  day 3 37C rep 3"
[1] NA
[1] "Infected Vero cells  day 3 37C rep 4"
[1] NA
[1] "Infected Vero cells  day 3 37C rep 5"
[1] NA
[1] "Infected ISE6 cells  day 3 37C rep 1"
[1] NA
[1] "Infected ISE6 cells  day 3 37C rep 2"
[1] NA
[1] "Infected ISE6 cells  day 3 37C rep 3"
[1] NA
[1] "Infected ISE6 cells  day 3 37C rep 4"
[1] NA
[1] "Infected ISE6 cells  day 3 37C rep 5"
[1] NA
[1] "Infected ISE6 cells  day 8 22C rep 1"
[1] NA
[1] "Infected ISE6 cells  day 8 22C rep 2"
[1] NA
[1] "Infected ISE6 cells  day 8 22C rep 3"
[1] NA
[1] "Infected ISE6 cells  day 8 22C rep 4"
[1] NA
[1] "Infected ISE6 cells  day 8 22C rep 5"
[1] NA
[1] "Non-Infected ISE6 cells  day 3 37C rep 1"
[1] NA
[1] "Non-Infected ISE6 cells  day 3 37C rep 2"
[1] NA
[1] "Non-Infected ISE6 cells  day 3 37C rep 3"
[1] NA
[1] "Non-Infected ISE6 cells  day 3 37C rep 4"
[1] NA
[1] "Non-Infected ISE6 cells  day 3 37C rep 5"
[1] NA
[1] "Non-Infected ISE6 cells  day 8 22C rep 1"
[1] NA
[1] "Non-Infected ISE6 cells  day 8 22C rep 2"
[1] NA
[1] "Non-Infected ISE6 cells  day 8 22C rep 3"
[1] NA
[1] "Non-Infected ISE6 cells  day 8 22C rep 4"
[1] NA
[1] "Non-Infected ISE6 cells  day 8 22C rep 5"
[1] NA
[1] "Infected Vero cells  day 3 34C  rep 1"
[1] NA
[1] "Infected Vero cells  day 3 34C  rep 2"
[1] NA
[1] "Infected Vero cells  day 3 34C  rep 3"
[1] NA
[1] "Infected Vero cells  day 3 34C  rep 4"
[1] NA
[1] "Infected Vero cells  day 3 34C  limited iron rep 1"
[1] NA
[1] "Infected Vero cells  day 3 34C  limited iron rep 2"
[1] NA
[1] "Infected Vero cells  day 3 34C  limited iron rep 3"
[1] NA
[1] "Infected Vero cells  day 3 34C  limited iron rep 4"
[1] NA
[1] "Infected Vero cells  day 3 34C  shifted temperature 4C rep 1"
[1] NA
[1] "Infected Vero cells  day 3 34C  shifted temperature 4C rep 2"
[1] NA
[1] "Infected Vero cells  day 3 34C  shifted temperature 4C rep 3"
[1] NA
[1] "Infected Vero cells  day 3 @ 34C rep 1"
[1] NA
[1] "Infected Vero cells  day 3 @ 34C rep 2"
[1] NA
[1] "Infected Vero cells  day 3 @ 34C rep 3"
[1] NA
[1] "Infected Vero cells  day 3 @ 34C rep 4"
[1] NA
[1] "Infected Vero cells  day 3 @ 34C rep 5"
[1] NA
[1] "Infected Vero cells  day 3 @ 34C shifted to 4C 4C rep 1"
[1] NA
[1] "Infected Vero cells  day 3 @ 34C shifted to 4C 4C rep 2"
[1] NA
[1] "Infected Vero cells  day 3 @ 34C shifted to 4C 4C rep 3"
[1] NA
[1] "Infected Vero cells  day 3 @ 34C shifted to 4C 4C rep 4"
[1] NA
[1] "Infected Vero cells  day 3 @ 34C shifted to 4C 4C rep 5"
[1] NA
[1] "Infected Vero cells  day 3 @ 34C shifted to 4C and shifted back to 34C 34C rep 1"
[1] NA
[1] "Infected Vero cells  day 3 @ 34C shifted to 4C and shifted back to 34C 34C rep 2"
[1] NA
[1] "Infected Vero cells  day 3 @ 34C shifted to 4C and shifted back to 34C 34C rep 3"
[1] NA
[1] "Infected Vero cells  day 3 @ 34C shifted to 4C and shifted back to 34C 34C rep 4"
[1] NA
[1] "Infected Vero cells  day 3 @ 34C shifted to 4C and shifted back to 34C 34C rep 5"
[1] NA
[1] "Non-Infected Vero cells @  34C rep 1"
[1] NA
[1] "Non-Infected Vero cells @  34C rep 2"
[1] NA
[1] "Non-Infected Vero cells @  34C rep 3"
[1] NA
[1] "Non-Infected Vero cells @  4C rep 1"
[1] NA
[1] "Non-Infected Vero cells @  4C rep 2"
[1] NA
[1] "Non-Infected Vero cells @  4C rep 3"
[1] NA
[1] "Non-Infected Vero cells@25C rep 1"
[1] NA
[1] "Non-Infected Vero cells@25C rep 2"
[1] NA
[1] "Non-Infected Vero cells@25C rep 3"
[1] NA
[1] "Non-Infected Vero cells@25C rep 4"
[1] NA
[1] "Non-Infected Vero cells@25C rep 5"
[1] NA
[1] "Non-Infected Vero cells@345C rep 1"
[1] NA
[1] "Non-Infected Vero cells@345C rep 2"
[1] NA
[1] "Non-Infected Vero cells@345C rep 3"
[1] NA
[1] "Non-Infected Vero cells@345C rep 4"
[1] NA
[1] "Non-Infected Vero cells@345C rep 5"
[1] NA
[1] "Infected Vero cells@25C rep 1"
[1] NA
[1] "Infected Vero cells@25C rep 2"
[1] NA
[1] "Infected Vero cells@25C rep 3"
[1] NA
[1] "Infected Vero cells@25C rep 4"
[1] NA
[1] "Infected Vero cells@25C rep 5"
[1] NA
[1] "Infected Vero cells@34C rep 1"
[1] NA
[1] "Infected Vero cells@34C rep 2"
[1] NA
[1] "Infected Vero cells@34C rep 3"
[1] NA
[1] "Infected Vero cells@34C rep 4"
[1] NA
[1] "Infected Vero cells@34C rep 5"
[1] NA
