[1] NA
[1] "E.coli cell"
[1] NA
[1] "E.coli cell"
[1] NA
[1] "E.coli cell"
[1] NA
[1] "E.coli cell"
[1] NA
[1] "E.coli cell"
[1] NA
[1] "E.coli cell"
[1] NA
[1] "E.coli cell"
[1] NA
[1] "E.coli cell"
[1] NA
[1] "E.coli cell"
[1] NA
[1] "E.coli cell"
[1] NA
[1] "E.coli cell"
[1] NA
[1] "E.coli cell"
[1] NA
[1] "E.coli cell"
[1] NA
[1] "E.coli cell"
[1] NA
[1] "E.coli cell"
[1] NA
[1] "E.coli cell"
[1] NA
[1] "E.coli cell"
[1] NA
[1] "E.coli cell"
[1] NA
[1] "E.coli cell"
[1] NA
[1] "E.coli cell"
[1] NA
[1] "E.coli cell"
[1] NA
[1] "E.coli cell"
[1] NA
[1] "E.coli cell"
[1] NA
[1] "E.coli cell"
[1] NA
[1] "E.coli cell"
[1] NA
[1] "E.coli cell"
[1] NA
[1] "E.coli cell"
[1] NA
[1] "E.coli cell"
[1] NA
[1] "E.coli cell"
[1] NA
[1] "E.coli cell"
[1] NA
[1] "E.coli cell"
[1] NA
[1] "E.coli cell"
[1] NA
[1] "E.coli cell"
[1] NA
[1] "E.coli cell"
[1] NA
[1] "E.coli cell"
[1] NA
[1] "E.coli cell"
[1] NA
[1] "E.coli cell"
[1] NA
[1] "E.coli cell"
[1] NA
[1] "E.coli cell"
[1] NA
[1] "E.coli cell"
[1] NA
[1] "E.coli cell"
[1] NA
[1] "E.coli cell"
[1] NA
[1] "E.coli cell"
[1] NA
[1] "E.coli cell"
[1] NA
[1] "E.coli cell"
[1] NA
[1] "E.coli cell"
[1] NA
[1] "E.coli cell"
[1] NA
