[1] "Normalized ratio (Cy3 532/Atto635) representing test"
[1] "cultivated cells"
[1] NA
[1] "cultivated cells"
[1] NA
[1] "cultivated cells"
[1] NA
[1] "cultivated cells"
[1] NA
[1] "cultivated cells"
[1] NA
[1] "cultivated cells"
[1] NA
[1] "cultivated cells"
[1] NA
[1] "cultivated cells"
[1] NA
[1] "cultivated cells"
[1] NA
[1] "cultivated cells"
[1] NA
[1] "cultivated cells"
[1] NA
[1] "cultivated cells"
[1] NA
[1] "cultivated cells"
[1] NA
[1] "cultivated cells"
[1] NA
[1] "cultivated cells"
[1] NA
[1] "cultivated cells"
[1] NA
[1] "cultivated cells"
[1] NA
[1] "cultivated cells"
[1] NA
[1] "cultivated cells"
[1] NA
