[1] NA
[1] "H37Rv 0.1P218_D1"
[1] NA
[1] "H37Rv 0.1P218_D1"
[1] NA
[1] "H37Rv 0.1P218_D1"
[1] NA
[1] "H37Rv 0.1P218_D1"
[1] NA
[1] "H37Rv 0P218_D1"
[1] NA
[1] "H37Rv 0P218_D1"
[1] NA
[1] "H37Rv 0P218_D1"
[1] NA
[1] "H37Rv 0P218_D1"
[1] NA
[1] "H37Rv 0.1P218_D0"
[1] NA
[1] "H37Rv 0.1P218_D0"
[1] NA
[1] "H37Rv 0.1P218_D0"
[1] NA
[1] "H37Rv 0.1P218_D0"
[1] NA
[1] "H37Rv 0P218_D0"
[1] NA
[1] "H37Rv 0P218_D0"
[1] NA
[1] "H37Rv 0P218_D0"
[1] NA
[1] "H37Rv 0P218_D0"
[1] NA
