[1] NA
[1] "T=0.5 hours at 37˚C, exponential growth phase"
[1] "0.5"
[1] "T=0.5 hours at 37˚C, exponential growth phase"
[1] "0.5"
[1] "T=0.5 hours at 37˚C, exponential growth phase"
[1] "0.5"
[1] "T=1 hours at 37˚C, exponential growth phase"
[1] "1"
[1] "valid gsm... but no data in gsm data table! getting supplementary file (which may or may not contain the data) and writing to subfolder"
[1] "T=1 hours at 37˚C, exponential growth phase"
[1] "1"
[1] "valid gsm... but no data in gsm data table! getting supplementary file (which may or may not contain the data) and writing to subfolder"
[1] "T=1 hours at 37˚C, exponential growth phase"
[1] "1"
[1] "valid gsm... but no data in gsm data table! getting supplementary file (which may or may not contain the data) and writing to subfolder"
[1] "T=4 hours at 37˚C, exponential growth phase"
[1] "4"
[1] "valid gsm... but no data in gsm data table! getting supplementary file (which may or may not contain the data) and writing to subfolder"
[1] "T=4 hours at 37˚C, exponential growth phase"
[1] "4"
[1] "valid gsm... but no data in gsm data table! getting supplementary file (which may or may not contain the data) and writing to subfolder"
[1] "T=4 hours at 37˚C, exponential growth phase"
[1] "4"
[1] "valid gsm... but no data in gsm data table! getting supplementary file (which may or may not contain the data) and writing to subfolder"
