[1] "MAS5 signal intensity for each probeset"
[1] "TG1/pBS(Kan)-TOM-Green/pMMB277-IsoILR1-GSHI, cis-DCE"
[1] NA
[1] "TG1/pBS(Kan)/pMMB277, cis-DCE"
[1] NA
[1] "TG1/pMMB206-TOM-Green/pBS(Kan)-EchA F108L/I219L/C248I, cis-DCE"
[1] NA
[1] "TG1/ pMMB206-TOM-Green/pBS(Kan), cis-DCE"
[1] NA
[1] "BW25113, water (negative control)"
[1] NA
[1] "BW25113, H2O2"
[1] NA
[1] "BW25113 ygiW, water (negative control)"
[1] NA
[1] "BW25113 ychH, water (negative control)"
[1] NA
[1] "BW25113 ygiW, H2O2"
[1] NA
[1] "BW25113 ychH, H2O2"
[1] NA
[1] "Channel 1"
[1] NA
[1] "Channel 1"
[1] NA
