[1] NA
[1] "Thermoplasma acidophilum cells"
[1] NA
[1] "Thermoplasma acidophilum cells"
[1] NA
[1] "Thermoplasma acidophilum cells"
[1] NA
[1] "Thermoplasma acidophilum cells"
[1] NA
[1] "Thermoplasma acidophilum cells"
[1] NA
[1] "Thermoplasma acidophilum cells"
[1] NA
[1] "Thermoplasma acidophilum cells"
[1] NA
[1] "Thermoplasma acidophilum cells"
[1] NA
[1] "Thermoplasma acidophilum cells"
[1] NA
[1] "Thermoplasma acidophilum cells"
[1] NA
[1] "Thermoplasma acidophilum cells"
[1] NA
[1] "Thermoplasma acidophilum cells"
[1] NA
[1] "Thermoplasma acidophilum cells"
[1] NA
[1] "Thermoplasma acidophilum cells"
[1] NA
[1] "Thermoplasma acidophilum cells"
[1] NA
[1] "Thermoplasma acidophilum cells"
[1] NA
[1] "Thermoplasma acidophilum cells"
[1] NA
[1] "Thermoplasma acidophilum cells"
[1] NA
[1] "Thermoplasma acidophilum cells"
[1] NA
[1] "Thermoplasma acidophilum cells"
[1] NA
[1] "Thermoplasma acidophilum cells"
[1] NA
[1] "Thermoplasma acidophilum cells"
[1] NA
[1] "Thermoplasma acidophilum cells"
[1] NA
