[1] "RMA calculated signal intensity"
[1] "liquid culture"
[1] NA
[1] "liquid culture"
[1] NA
[1] "liquid culture"
[1] NA
[1] "liquid culture"
[1] NA
[1] "liquid culture"
[1] NA
[1] "liquid culture"
[1] NA
[1] "liquid culture"
[1] NA
[1] "liquid culture"
[1] NA
[1] "liquid culture"
[1] NA
[1] "liquid culture"
[1] NA
[1] "liquid culture"
[1] NA
[1] "liquid culture"
[1] NA
[1] "liquid culture"
[1] NA
[1] "liquid culture"
[1] NA
[1] "liquid culture"
[1] NA
[1] "liquid culture"
[1] NA
[1] "liquid culture"
[1] NA
[1] "liquid culture"
[1] NA
[1] "liquid culture"
[1] NA
[1] "liquid culture"
[1] NA
[1] "liquid culture"
[1] NA
[1] "liquid culture"
[1] NA
[1] "liquid culture"
[1] NA
[1] "liquid culture"
[1] NA
