[1] NA
[1] "surfing colony (center)"
[1] NA
[1] "surfing colony (center)"
[1] NA
[1] "surfing colony (center)"
[1] NA
[1] "surfing colony (edge)"
[1] NA
[1] "surfing colony (edge)"
[1] NA
[1] "surfing colony (edge)"
[1] NA
[1] "swimming cells"
[1] NA
[1] "swimming cells"
[1] NA
[1] "swimming cells"
[1] NA
[1] "bacteria surfing colony_center"
[1] NA
[1] "bacteria surfing colony_center"
[1] NA
[1] "bacteria surfing colony_center"
[1] NA
[1] "bacteria surfing colony_edge"
[1] NA
[1] "bacteria surfing colony_edge"
[1] NA
[1] "bacteria surfing colony_edge"
[1] NA
[1] "bacteria planktonic cells"
[1] NA
[1] "bacteria planktonic cells"
[1] NA
[1] "bacteria planktonic cells"
[1] NA
