[1] NA
[1] "WT cells"
[1] NA
[1] "WT cells"
[1] NA
[1] "ParB overproducing cells"
[1] NA
[1] "ParB overproducing cells"
[1] NA
[1] "cells with 9 modified parS sequences; unmodified parS2"
[1] NA
[1] "cells with 9 modified parS sequences; unmodified parS2"
[1] NA
[1] "cells with modified parS1 - parS4 sequences"
[1] NA
[1] "cells with modified parS1 - parS4 sequences"
[1] NA
[1] "cells with 10 modified parS sequences"
[1] NA
[1] "cells with 10 modified parS sequences"
[1] NA
[1] "cells with parB disruption, mock-IP control"
[1] NA
[1] "cells with parB disruption, mock-IP control"
[1] NA
[1] "WT input"
[1] NA
