[1] NA
[1] "WT, USA300 (JE2)"
[1] NA
[1] "SAUSA300 2068"
[1] NA
[1] "SAUSA300 0917"
[1] NA
[1] "SAUSA300 0903"
[1] NA
[1] "SAUSA300 1720"
[1] NA
[1] "SAUSA300 1650"
[1] NA
[1] "SAUSA300 1902"
[1] NA
[1] "WT, USA300 (JE2)"
[1] NA
[1] "SAUSA300 2068"
[1] NA
[1] "SAUSA300 0917"
[1] NA
[1] "SAUSA300 0903"
[1] NA
[1] "SAUSA300 1720"
[1] NA
[1] "SAUSA300 1650"
[1] NA
[1] "SAUSA300 1902"
[1] NA
[1] "WT, USA300 (JE2)"
[1] NA
[1] "SAUSA300 2068"
[1] NA
[1] "SAUSA300 0917"
[1] NA
[1] "SAUSA300 0903"
[1] NA
[1] "SAUSA300 1720"
[1] NA
[1] "SAUSA300 1650"
[1] NA
[1] "SAUSA300 1902"
[1] NA
