[1] "the Net mean intensites (Net F532 (tr.mean){A}) derived directly from the GPR file"
[1] "Bacillus subtilis KMO grown in Glucose"
[1] NA
[1] "Bacillus subtilis KM283 grown in Glucose"
[1] NA
[1] "Bacillus subtilis KM283 grown in Glucose"
[1] NA
[1] "Bacillus subtilis KMO grown in Glucose"
[1] NA
[1] "Bacillus subtilis KMO grown in Maltose"
[1] NA
[1] "Bacillus subtilis KM283 grown in Maltose"
[1] NA
[1] "Bacillus subtilis KM283 grown in Maltose"
[1] NA
[1] "Bacillus subtilis KMO grown in Maltose"
[1] NA
[1] "Bacillus subtilis KMO grown in Mannitol"
[1] NA
[1] "Bacillus subtilis KM283 grown in Mannitol"
[1] NA
[1] "Bacillus subtilis KM283 grown in Mannitol"
[1] NA
[1] "Bacillus subtilis KMO grown in Mannitol"
[1] NA
[1] "Bacillus subtilis KMO grown in Mannose"
[1] NA
[1] "Bacillus subtilis KM283 grown in Mannose"
[1] NA
[1] "Bacillus subtilis KM283 grown in Mannose"
[1] NA
[1] "Bacillus subtilis KMO grown in Mannos"
[1] NA
