[1] "log ratio of normalized data of reference to test (see Data processing)"
[1] "MMB26 genomic DNA"
[1] NA
[1] "MMB26 genomic DNA"
[1] NA
[1] "genomic DNA from AIG278"
[1] NA
[1] "AIG278 gen DNA"
[1] NA
[1] "MMB170 RNA"
[1] NA
[1] "MMB170 RNA"
[1] NA
[1] "MMB170 replicate 3 rna"
[1] NA
[1] "MMB170 untreated RNA"
[1] NA
[1] "MMB170 RNA"
[1] NA
[1] "MMB170 RNA"
[1] NA
[1] "AIG185 RNA"
[1] NA
[1] "AIG185 RNA"
[1] NA
[1] "AIG185 RNA"
[1] NA
[1] "AIG185 RNA"
[1] NA
[1] "AIG185 RNA"
[1] NA
[1] "AIG185 RNA"
[1] NA
