[1] "per gene, per chip Genespring normalized signal"
[1] "1hr time point"
[1] "1"
[1] "3600"
[1] "1hr time point"
[1] "1"
[1] "3600"
[1] "1hr time point"
[1] "1"
[1] "3600"
[1] "1hr time point"
[1] "1"
[1] "3600"
[1] "1hr time point"
[1] "1"
[1] "3600"
[1] "1hr time point"
[1] "1"
[1] "3600"
[1] "2hr time point"
[1] "2"
[1] "7200"
[1] "2hr time point"
[1] "2"
[1] "7200"
[1] "2hr time point"
[1] "2"
[1] "7200"
[1] "2hr time point"
[1] "2"
[1] "7200"
[1] "2hr time point"
[1] "2"
[1] "7200"
[1] "2hr time point"
[1] "2"
[1] "7200"
[1] "3hr time point"
[1] "3"
[1] "10800"
[1] "3hr time point"
[1] "3"
[1] "10800"
[1] "3hr time point"
[1] "3"
[1] "10800"
[1] "3hr time point"
[1] "3"
[1] "10800"
[1] "3hr time point"
[1] "3"
[1] "10800"
[1] "3hr time point"
[1] "3"
[1] "10800"
[1] "4hr time point"
[1] "4"
[1] "14400"
[1] "4hr time point"
[1] "4"
[1] "14400"
[1] "4hr time point"
[1] "4"
[1] "14400"
[1] "4hr time point"
[1] "4"
[1] "14400"
[1] "4hr time point"
[1] "4"
[1] "14400"
[1] "4hr time point"
[1] "4"
[1] "14400"
 [1] "0"     "0"     "0"     "0"     "0"     "0"     "3600"  "3600"  "3600" 
[10] "3600"  "3600"  "3600"  "7200"  "7200"  "7200"  "7200"  "7200"  "7200" 
[19] "10800" "10800" "10800" "10800" "10800" "10800"
[1] "ID"                "ORF"               "ORGANISM"         
[4] "BLAST DESCRIPTION"
[1] "gene symbol column not found. searching for ORF column..."
[1] "orf column not found: checking for '//' exeption..."
