[1] "MAS 5 signal"
[1] "Escherichia coli BW25113（rpoS-）"
[1] NA
[1] "Escherichia coli BW25113（rpoS-）"
[1] NA
[1] "Escherichia coli BW25113（rpoS-）"
[1] NA
[1] "Escherichia coli BW25113（rpoS-）"
[1] NA
[1] "Escherichia coli BW25113（rpoS-）"
[1] NA
[1] "Escherichia coli BW25113（rpoS-）"
[1] NA
[1] "Escherichia coli BW25113"
[1] NA
[1] "Escherichia coli BW25113"
[1] NA
[1] "Escherichia coli BW25113"
[1] NA
[1] "Escherichia coli BW25113"
[1] NA
[1] "Escherichia coli BW25113"
[1] NA
[1] "Escherichia coli BW25113"
[1] NA
[1] "Escherichia coli BW25113（rpoS-）"
[1] NA
[1] "Escherichia coli BW25113（rpoS-）"
[1] NA
[1] "Escherichia coli BW25113（rpoS-）"
[1] NA
[1] "Escherichia coli BW25113（rpoS-）"
[1] NA
[1] "Escherichia coli BW25113（rpoS-）"
[1] NA
[1] "Escherichia coli BW25113（rpoS-）"
[1] NA
[1] "Escherichia coli BW25113"
[1] NA
[1] "Escherichia coli BW25113"
[1] NA
[1] "Escherichia coli BW25113"
[1] NA
[1] "Escherichia coli BW25113"
[1] NA
[1] "Escherichia coli BW25113"
[1] NA
[1] "Escherichia coli BW25113"
[1] NA
