[1] NA
[1] "Mtb untreated control"
[1] NA
[1] "Mtb untreated control"
[1] NA
[1] "Mtb untreated control"
[1] NA
[1] "Mtb DETA-NO treated"
[1] NA
[1] "Mtb DETA-NO treated"
[1] NA
[1] "Mtb DETA-NO treated"
[1] NA
[1] "MtbΔsufR untreated control"
[1] NA
[1] "MtbΔsufR untreated control"
[1] NA
[1] "MtbΔsufR DETA-NO treated"
[1] NA
[1] "MtbΔsufR DETA-NO treated"
[1] NA
[1] "MtbΔsufR DETA-NO treated"
[1] NA
[1] "sufR-Complemented  untreated control"
[1] NA
[1] "sufR-Complemented  untreated control"
[1] NA
[1] "sufR-Complemented  untreated control"
[1] NA
[1] "sufR-Complemented  DETA-NO treated"
[1] NA
[1] "sufR-Complemented  DETA-NO treated"
[1] NA
[1] "sufR-Complemented  DETA-NO treated"
[1] NA
