[1] NA
[1] "RAW264.7 cells infected with Pseudomonas aeruginosa UCBPP-PA14 delta fliC"
[1] NA
[1] "RAW264.7 cells infected with Pseudomonas aeruginosa UCBPP-PA14 delta fliC"
[1] NA
[1] "RAW264.7 cells infected with Pseudomonas aeruginosa UCBPP-PA14 delta flgK"
[1] NA
[1] "RAW264.7 cells infected with Pseudomonas aeruginosa UCBPP-PA14 delta flgK"
[1] NA
[1] "RAW264.7 cells infected with Pseudomonas aeruginosa UCBPP-PA14 delta motAB delta motCD"
[1] NA
[1] "RAW264.7 cells infected with Pseudomonas aeruginosa UCBPP-PA14 delta motAB delta motCD"
[1] NA
[1] "RAW264.7 cells infected with Pseudomonas aeruginosa UCBPP-PA14"
[1] NA
[1] "RAW264.7 cells infected with Pseudomonas aeruginosa UCBPP-PA14"
[1] NA
[1] "mock treated RAW264.7 cells"
[1] NA
[1] "mock treated RAW264.7 cells"
[1] NA
[1] "planctonic culture of Pseudomonas aeruginosa UCBPP-PA14 delta fliC"
[1] NA
[1] "planctonic culture of Pseudomonas aeruginosa UCBPP-PA14 delta fliC"
[1] NA
[1] "planctonic culture of Pseudomonas aeruginosa UCBPP-PA14 delta flgK"
[1] NA
[1] "planctonic culture of Pseudomonas aeruginosa UCBPP-PA14 delta flgK"
[1] NA
[1] "planctonic culture of Pseudomonas aeruginosa UCBPP-PA14 delta motAB delta motCD"
[1] NA
[1] "planctonic culture of Pseudomonas aeruginosa UCBPP-PA14 delta motAB delta motCD"
[1] NA
[1] "planctonic culture of Pseudomonas aeruginosa UCBPP-PA14"
[1] NA
[1] "planctonic culture of Pseudomonas aeruginosa UCBPP-PA14"
[1] NA
[1] "untreated RAW264.7 cells (control for Spermidine treated cells)"
[1] NA
[1] "untreated RAW264.7 cells (control for Spermidine treated cells)"
[1] NA
[1] "untreated RAW264.7 cells (control for Spermidine treated cells)"
[1] NA
[1] "RAW264.7 cells treated for 1 h with 10 µM spermidine"
[1] "1"
[1] "valid gsm... but no data in gsm data table! getting supplementary file (which may or may not contain the data) and writing to subfolder"
[1] "RAW264.7 cells treated for 1 h with 10 µM spermidine"
[1] "1"
[1] "valid gsm... but no data in gsm data table! getting supplementary file (which may or may not contain the data) and writing to subfolder"
[1] "RAW264.7 cells treated for 1 h with 10 µM spermidine"
[1] "1"
[1] "valid gsm... but no data in gsm data table! getting supplementary file (which may or may not contain the data) and writing to subfolder"
