[1] NA
[1] "RNA from M. tuberculosis, H37Rv clone 1 control"
[1] NA
[1] "RNA from M. tuberculosis, H37Rv clone 1 treated with UCI-05"
[1] NA
[1] "RNA from M. tuberculosis, H37Rv clone 1 treated with UCI-14"
[1] NA
[1] "RNA from M. tuberculosis, H37Rv clone 2 control"
[1] NA
[1] "RNA from M. tuberculosis, H37Rv clone 2 treated with UCI-05"
[1] NA
[1] "RNA from M. tuberculosis, H37Rv clone 2 treated with UCI-14"
[1] NA
[1] "RNA from M. tuberculosis, H37Rv clone 3 control"
[1] NA
[1] "RNA from M. tuberculosis, H37Rv clone 3 treated with UCI-05"
[1] NA
[1] "RNA from M. tuberculosis, H37Rv clone 3 treated with UCI-14"
[1] NA
[1] "RNA from M. tuberculosis, CIBIN:UMF:15:99 clone 1 control"
[1] NA
[1] "RNA from M. tuberculosis, CIBIN:UMF:15:99 clone 1 treated with UCI-05"
[1] NA
[1] "RNA from M. tuberculosis, CIBIN:UMF:15:99 clone 1 treated with UCI-14"
[1] NA
[1] "RNA from M. tuberculosis, CIBIN:UMF:15:99 clone 2 control"
[1] NA
[1] "RNA from M. tuberculosis, CIBIN:UMF:15:99 clone 2 treated with UCI-05"
[1] NA
[1] "RNA from M. tuberculosis, CIBIN:UMF:15:99 clone 2 treated with UCI-14"
[1] NA
[1] "RNA from M. tuberculosis, CIBIN:UMF:15:99 clone 3 control"
[1] NA
[1] "RNA from M. tuberculosis, CIBIN:UMF:15:99 clone 3 treated with UCI-05"
[1] NA
[1] "RNA from M. tuberculosis, CIBIN:UMF:15:99 clone 3 treated with UCI-14"
[1] NA
