[1] NA
[1] "Caulobacter crescentus NA1000"
[1] NA
[1] "Caulobacter crescentus NA1000"
[1] NA
[1] "Caulobacter crescentus NA1000"
[1] NA
[1] "Caulobacter crescentus NA1000"
[1] NA
[1] "Caulobacter crescentus NA1000"
[1] NA
[1] "Caulobacter crescentus NA1000"
[1] NA
[1] "Caulobacter crescentus NA1000"
[1] NA
[1] "Caulobacter crescentus NA1000"
[1] NA
[1] "Caulobacter crescentus NA1000"
[1] NA
[1] "Escherichia coli AB1157"
[1] NA
[1] "Escherichia coli AB1157"
[1] NA
[1] "Escherichia coli AB1157"
[1] NA
[1] "Escherichia coli AB1157"
[1] NA
[1] "Escherichia coli AB1157"
[1] NA
[1] "Escherichia coli AB1157"
[1] NA
[1] "Escherichia coli AB1157"
[1] NA
[1] "Escherichia coli AB1157"
[1] NA
[1] "Escherichia coli AB1157"
[1] NA
[1] "Escherichia coli AB1157"
[1] NA
[1] "Escherichia coli AB1157"
[1] NA
[1] "Escherichia coli AB1157"
[1] NA
[1] "Escherichia coli AB1157"
[1] NA
[1] "Escherichia coli AB1157"
[1] NA
[1] "Escherichia coli AB1157"
[1] NA
[1] "Escherichia coli AB1157"
[1] NA
[1] "Escherichia coli AB1157"
[1] NA
[1] "Escherichia coli AB1157"
[1] NA
