[1] NA
[1] "R1-0006 (FSIS-FY14-9) control"
[1] NA
[1] "R1-0006 (FSIS-FY14-9) control"
[1] NA
[1] "R1-0006 (FSIS-FY14-9) control"
[1] NA
[1] "R1-0006 (FSIS-FY14-9) heatshock"
[1] NA
[1] "R1-0006 (FSIS-FY14-9) heatshock"
[1] NA
[1] "R1-0006 (FSIS-FY14-9) heatshock"
[1] NA
[1] "R1-0007 (FSIS-FY14-10) control"
[1] NA
[1] "R1-0007 (FSIS-FY14-10) control"
[1] NA
[1] "R1-0007 (FSIS-FY14-10) control"
[1] NA
[1] "R1-0007 (FSIS-FY14-10) heatshock"
[1] NA
[1] "R1-0007 (FSIS-FY14-10) heatshock"
[1] NA
[1] "R1-0007 (FSIS-FY14-10) heatshock"
[1] NA
[1] "SL476 control"
[1] NA
[1] "SL476 control"
[1] NA
[1] "SL476 control"
[1] NA
[1] "SL476 heatshock"
[1] NA
[1] "SL476 heatshock"
[1] NA
[1] "SL476 heatshock"
[1] NA
