[1] NA
[1] "ND5 (nose-dessication, 5min)"
[1] "5"
[1] "valid gsm... but no data in gsm data table! getting supplementary file (which may or may not contain the data) and writing to subfolder"
[1] "ND5 (nose-dessication, 5min)"
[1] "5"
[1] "valid gsm... but no data in gsm data table! getting supplementary file (which may or may not contain the data) and writing to subfolder"
[1] "ND6 (nose-dessication, 60min)"
[1] "60"
[1] "valid gsm... but no data in gsm data table! getting supplementary file (which may or may not contain the data) and writing to subfolder"
[1] "ND6 (nose-dessication, 60min)"
[1] "60"
[1] "valid gsm... but no data in gsm data table! getting supplementary file (which may or may not contain the data) and writing to subfolder"
[1] "NDN (nose-dessication, 5min-nose)"
[1] "5"
[1] "valid gsm... but no data in gsm data table! getting supplementary file (which may or may not contain the data) and writing to subfolder"
[1] "NDN (nose-dessication, 5min-nose)"
[1] "5"
[1] "valid gsm... but no data in gsm data table! getting supplementary file (which may or may not contain the data) and writing to subfolder"
[1] "C2N (C+Y medium-nose, 5min)"
[1] "5"
[1] "valid gsm... but no data in gsm data table! getting supplementary file (which may or may not contain the data) and writing to subfolder"
[1] "C2N (C+Y medium-nose, 5min)"
[1] "5"
[1] "valid gsm... but no data in gsm data table! getting supplementary file (which may or may not contain the data) and writing to subfolder"
[1] "NEP (nose, exponential phase)"
[1] NA
[1] "NEP (nose, exponential phase)"
[1] NA
[1] "CEP (C+Y, exponential phase)"
[1] NA
[1] "CEP (C+Y, exponential phase)"
[1] NA
[1] "C03 (competence, 3min)"
[1] "3"
[1] "valid gsm... but no data in gsm data table! getting supplementary file (which may or may not contain the data) and writing to subfolder"
[1] "C03 (competence, 3min)"
[1] "3"
[1] "valid gsm... but no data in gsm data table! getting supplementary file (which may or may not contain the data) and writing to subfolder"
[1] "C10 (competence, 10min)"
[1] "10"
[1] "valid gsm... but no data in gsm data table! getting supplementary file (which may or may not contain the data) and writing to subfolder"
[1] "C10 (competence, 10min)"
[1] "10"
[1] "valid gsm... but no data in gsm data table! getting supplementary file (which may or may not contain the data) and writing to subfolder"
[1] "C20 (competence, 20min)"
[1] "20"
[1] "valid gsm... but no data in gsm data table! getting supplementary file (which may or may not contain the data) and writing to subfolder"
[1] "C20 (competence, 20min)"
[1] "20"
[1] "valid gsm... but no data in gsm data table! getting supplementary file (which may or may not contain the data) and writing to subfolder"
[1] "N2L (nose-lung, 5min)"
[1] "5"
[1] "valid gsm... but no data in gsm data table! getting supplementary file (which may or may not contain the data) and writing to subfolder"
[1] "N2L (nose-lung, 5min)"
[1] "5"
[1] "valid gsm... but no data in gsm data table! getting supplementary file (which may or may not contain the data) and writing to subfolder"
[1] "LEP (lung, exponential phase)"
[1] NA
[1] "LEP (lung, exponential phase)"
[1] NA
[1] "B2C (blood-C+Y, 5min)"
[1] "5"
[1] "valid gsm... but no data in gsm data table! getting supplementary file (which may or may not contain the data) and writing to subfolder"
[1] "B2C (blood-C+Y, 5min)"
[1] "5"
[1] "valid gsm... but no data in gsm data table! getting supplementary file (which may or may not contain the data) and writing to subfolder"
[1] "F40 (CSF-40C, 5min)"
[1] "5"
[1] "valid gsm... but no data in gsm data table! getting supplementary file (which may or may not contain the data) and writing to subfolder"
[1] "F40 (CSF-40C, 5min)"
[1] "5"
[1] "valid gsm... but no data in gsm data table! getting supplementary file (which may or may not contain the data) and writing to subfolder"
[1] "FEP (CSF, exponential phase)"
[1] NA
[1] "FEP (CSF, exponential phase)"
[1] NA
[1] "N2F (nose-CSF, 5min)"
[1] "5"
[1] "valid gsm... but no data in gsm data table! getting supplementary file (which may or may not contain the data) and writing to subfolder"
[1] "N2F (nose-CSF, 5min)"
[1] "5"
[1] "valid gsm... but no data in gsm data table! getting supplementary file (which may or may not contain the data) and writing to subfolder"
[1] "N2B (nose-blood, 5min)"
[1] "5"
[1] "valid gsm... but no data in gsm data table! getting supplementary file (which may or may not contain the data) and writing to subfolder"
[1] "N2B (nose-blood, 5min)"
[1] "5"
[1] "valid gsm... but no data in gsm data table! getting supplementary file (which may or may not contain the data) and writing to subfolder"
[1] "BEP (blood, exponential phase)"
[1] NA
[1] "BEP (blood, exponential phase)"
[1] NA
