[1] "log2 of PRE VALUE: Ratios equal to average of vancomycin treated samples (647) / average of untreated samples (555) or average of wild type (555) / average of mutants (647) excluding dye swap experiment which was average of wild type (647) / average of mutant (555). Ave represents the average of medians for duplicate spots (minus median of background)."
[1] "WT/-van"
[1] NA
[1] "WT/-van"
[1] NA
[1] "sigM/-van"
[1] NA
[1] "sigM/-van"
[1] NA
[1] "WT/+van"
[1] NA
[1] "WT/+van"
[1] NA
[1] "WT/+van"
[1] NA
[1] "WT/-van"
[1] NA
[1] "WT/-van"
[1] NA
[1] "WT/-van"
[1] NA
[1] "WT/+van"
[1] NA
[1] "WT/+van"
[1] NA
[1] "WT/-van"
[1] NA
[1] "WT/-van"
[1] NA
