[1] NA
[1] "Bacterial cells, pelleted"
[1] NA
[1] "Bacterial cells, pelleted"
[1] NA
[1] "Bacterial cells, pelleted"
[1] NA
[1] "Bacterial cells, pelleted"
[1] NA
[1] "Bacterial cells, pelleted"
[1] NA
[1] "Bacterial cells, pelleted"
[1] NA
[1] "Bacterial cells, pelleted"
[1] NA
[1] "Bacterial cells, pelleted"
[1] NA
[1] "Bacterial cells, pelleted"
[1] NA
[1] "Bacterial cells, pelleted"
[1] NA
[1] "Bacterial cells, pelleted"
[1] NA
[1] "Bacterial cells, pelleted"
[1] NA
[1] "Bacterial cells, pelleted"
[1] NA
[1] "Bacterial cells, pelleted"
[1] NA
[1] "Bacterial cells, pelleted"
[1] NA
[1] "Bacterial cells, pelleted"
[1] NA
[1] "Bacterial cells, pelleted"
[1] NA
[1] "Bacterial cells, pelleted"
[1] NA
[1] "Bacterial cells, pelleted"
[1] NA
[1] "Bacterial cells, pelleted"
[1] NA
[1] "Bacterial cells, pelleted"
[1] NA
[1] "Bacterial cells, pelleted"
[1] NA
[1] "Bacterial cells, pelleted"
[1] NA
[1] "Bacterial cells, pelleted"
[1] NA
