[1] "Log (base 2) of the ratio of the median of Channel 2 (usually 635 nm) to Channel 1 (usually 532 nm) [log (base 2) (RAT2N MEDIAN)].; Type: float; Scale: log_base_2"
[1] "CDC1551 reference strain"
[1] NA
[1] "CDC1551 reference strain"
[1] NA
[1] "CDC1551 reference strain"
[1] NA
[1] "CDC1551 reference strain"
[1] NA
[1] "CDC1551 reference strain"
[1] NA
[1] "CDC1551 reference strain"
[1] NA
[1] "CDC1551 reference strain"
[1] NA
[1] "CDC1551 reference strain"
[1] NA
[1] "CDC1551 reference strain"
[1] NA
[1] "CDC1551 reference strain"
[1] NA
[1] "CDC1551 reference strain"
[1] NA
[1] "CDC1551 reference strain"
[1] NA
[1] "CDC1551 reference strain"
[1] NA
[1] "CDC1551 reference strain"
[1] NA
[1] "CDC1551 reference strain"
[1] NA
[1] "CDC1551 reference strain"
[1] NA
[1] "CDC1551 reference strain"
[1] NA
[1] "CDC1551 reference strain"
[1] NA
[1] "CDC1551 reference strain"
[1] NA
[1] "CDC1551 reference strain"
[1] NA
[1] "CDC1551 reference strain"
[1] NA
[1] "CDC1551 reference strain"
[1] NA
[1] "CDC1551 reference strain"
[1] NA
[1] "CDC1551 reference strain"
[1] NA
[1] "CDC1551 reference strain"
[1] NA
[1] "CDC1551 reference strain"
[1] NA
[1] "CDC1551 reference strain"
[1] NA
[1] "CDC1551 reference strain"
[1] NA
[1] "CDC1551 reference strain"
[1] NA
[1] "CDC1551 reference strain"
[1] NA
[1] "CDC1551 reference strain"
[1] NA
[1] "CDC1551 reference strain"
[1] NA
[1] "CDC1551 reference strain"
[1] NA
[1] "CDC1551 reference strain"
[1] NA
[1] "CDC1551 reference strain"
[1] NA
[1] "CDC1551 reference strain"
[1] NA
[1] "CDC1551 reference strain"
[1] NA
[1] "CDC1551 reference strain"
[1] NA
[1] "CDC1551 reference strain"
[1] NA
[1] "CDC1551 reference strain"
[1] NA
[1] "CDC1551 reference strain"
[1] NA
[1] "CDC1551 reference strain"
[1] NA
[1] "CDC1551 reference strain"
[1] NA
[1] "CDC1551 reference strain"
[1] NA
[1] "CDC1551 reference strain"
[1] NA
[1] "CDC1551 reference strain"
[1] NA
[1] "CDC1551 reference strain"
[1] NA
[1] "CDC1551 reference strain"
[1] NA
[1] "Extracellular Clinical isolate 2333-99 Uganda"
[1] NA
[1] "Extracellular Clinical isolate 1500-03 Beijing"
[1] NA
[1] "Extracellular Clinical isolate 4850-03 EAI"
[1] NA
[1] "Extracellular Clinical isolate 2336-02 Haarlem"
[1] NA
[1] "Extracellular Clinical isolate 2191-99 Uganda"
[1] NA
[1] "Extracellular CDC1551 strain"
[1] NA
[1] "Extracellular Clinical isolate 9532-03 Haarlem"
[1] NA
[1] "Extracellular CDC1551 strain"
[1] NA
[1] "Extracellular Clinical isolate 10514-01 Afri2"
[1] NA
[1] "Extracellular Clinical isolate 4850-03 EAI"
[1] NA
[1] "Extracellular Clinical isolate 947-01 EAI"
[1] NA
[1] "Extracellular Clinical isolate 4130-02 Haarlem"
[1] NA
[1] "Extracellular Clinical isolate 12954-03 Beijing"
[1] NA
[1] "Extracellular Clinical isolate 9532-03 Haarlem"
[1] NA
[1] "Extracellular Clinical isolate 1934-03 Beijing"
[1] NA
[1] "Extracellular Clinical isolate 1500-03 Beijing"
[1] NA
[1] "Extracellular Clinical isolate 10517-01 Afri2"
[1] NA
[1] "Extracellular Clinical isolate 5468-02 Afri2"
[1] NA
[1] "Extracellular Clinical isolate 10514-01 Afri2"
[1] NA
[1] "Extracellular Clinical isolate 1797-03 EAI"
[1] NA
[1] "Extracellular Clinical isolate 5468-02 Afri2"
[1] NA
[1] "Extracellular Clinical isolate 2169-99 Uganda"
[1] NA
[1] "Extracellular Clinical isolate 1934-03 Beijing"
[1] NA
[1] "Extracellular Clinical isolate 10517-01 Afri2"
[1] NA
[1] "Extracellular Clinical isolate 2333-99 Uganda"
[1] NA
[1] "Extracellular Clinical isolate 947-01 EAI"
[1] NA
[1] "Extracellular Clinical isolate 2191-99 Uganda"
[1] NA
[1] "Extracellular Clinical isolate 2336-02 Haarlem"
[1] NA
[1] "Extracellular Lab strain H37Rv"
[1] NA
[1] "Extracellular Clinical isolate 12954-03 Beijing"
[1] NA
[1] "Extracellular Clinical isolate 1797-03 EAI"
[1] NA
[1] "Extracellular Lab strain H37Rv"
[1] NA
[1] "Extracellular Clinical isolate 4130-02 Haarlem"
[1] NA
[1] "Extracellular Clinical isolate 2169-99 Uganda"
[1] NA
[1] "Extracellular Clinical isolate 5468-02 Afri2"
[1] NA
[1] "Extracellular Clinical isolate 4850-03 EAI"
[1] NA
[1] "Extracellular Clinical isolate 4130-02 Haarlem"
[1] NA
[1] "Extracellular Clinical isolate 1500-03 Beijing"
[1] NA
[1] "Extracellular Clinical isolate 10514-01 Afri2"
[1] NA
[1] "Extracellular Clinical isolate 4130-02 Haarlem"
[1] NA
[1] "Extracellular Clinical isolate 2336-02 Haarlem"
[1] NA
[1] "Extracellular Clinical isolate 10517-01 Afri2"
[1] NA
[1] "Extracellular Clinical isolate 1500-03 Beijing"
[1] NA
[1] "Extracellular CDC1551 strain"
[1] NA
[1] "Extracellular Clinical isolate 9532-03 Haarlem"
[1] NA
[1] "Extracellular Clinical isolate 12954-03 Beijing"
[1] NA
[1] "Extracellular Clinical isolate 1797-03 EAI"
[1] NA
[1] "Extracellular CDC1551 strain"
[1] NA
[1] "Extracellular Clinical isolate 2333-99 Uganda"
[1] NA
[1] "Extracellular Clinical isolate 4850-03 EAI"
[1] NA
[1] "Extracellular Clinical isolate 12954-03 Beijing"
[1] NA
[1] "Extracellular Clinical isolate 2191-99 Uganda"
[1] NA
[1] "Extracellular Clinical isolate 2169-99 Uganda"
[1] NA
[1] "Extracellular Clinical isolate 5468-02 Afri2"
[1] NA
[1] "Extracellular Clinical isolate 10517-01 Afri2"
[1] NA
[1] "Extracellular Clinical isolate 2191-99 Uganda"
[1] NA
[1] "Extracellular Clinical isolate 10514-01 Afri2"
[1] NA
[1] "Extracellular Clinical isolate 1934-03 Beijing"
[1] NA
[1] "Extracellular Clinical isolate 2169-99 Uganda"
[1] NA
[1] "Extracellular Clinical isolate 947-01 EAI"
[1] NA
[1] "Extracellular Clinical isolate 2333-99 Uganda"
[1] NA
[1] "Extracellular Clinical isolate 947-01 EAI"
[1] NA
[1] "Extracellular Clinical isolate 1797-03 EAI"
[1] NA
[1] "Extracellular Lab strain H37Rv"
[1] NA
[1] "Extracellular Clinical isolate 1934-03 Beijing"
[1] NA
[1] "Extracellular Clinical isolate 9532-03 Haarlem"
[1] NA
[1] "Extracellular Clinical isolate 2336-02 Haarlem"
[1] NA
[1] "Extracellular Lab strain H37Rv"
[1] NA
