[1] NA
[1] "trkH Thr350Lys"
[1] NA
[1] "trkH Thr350Lys"
[1] NA
[1] "trkH Thr350Lys"
[1] NA
[1] "BW"
[1] NA
[1] "BW"
[1] NA
[1] "BW"
[1] NA
[1] "BW"
[1] NA
[1] "BW"
[1] NA
[1] "BW"
[1] NA
[1] "envZ Val241Gly"
[1] NA
[1] "envZ Val241Gly"
[1] NA
[1] "envZ Val241Gly"
[1] NA
[1] "gyrA Asp87Gly"
[1] NA
[1] "gyrA Asp87Gly"
[1] NA
[1] "gyrA Asp87Gly"
[1] NA
[1] "marR Val84Glu"
[1] NA
[1] "marR Val84Glu"
[1] NA
[1] "marR Val84Glu"
[1] NA
[1] "phoQ Gly384Cys"
[1] NA
[1] "phoQ Gly384Cys"
[1] NA
[1] "phoQ Gly384Cys"
[1] NA
[1] "rpoC Ala784Val"
[1] NA
[1] "rpoC Ala784Val"
[1] NA
[1] "rpoC Ala784Val"
[1] NA
[1] "soxR Leu139*"
[1] NA
[1] "soxR Leu139*"
[1] NA
[1] "soxR Leu139*"
[1] NA
