[1] "log of Cy5 [635nm] % of total / Cy3 [532nm] % of total"
[1] "cheA 3h +glucose in plate"
[1] "3"
[1] "10800"
[1] "cheA 3h +glucose in plate"
[1] "3"
[1] "10800"
[1] "cheA 3h +glucose in plate"
[1] "3"
[1] "10800"
[1] "cheB 3h +glucose in plate"
[1] "3"
[1] "10800"
[1] "cheB 3h +glucose in plate"
[1] "3"
[1] "10800"
[1] "cheB 3h +glucose in plate"
[1] "3"
[1] "10800"
[1] "Typhimurium 14028 wt"
[1] NA
[1] "Typhimurium 14028 wt"
[1] NA
[1] "Typhimurium 14028 wt"
[1] NA
[1] "Typhimurium 14028 wt"
[1] NA
[1] "Typhimurium 14028 wt"
[1] NA
[1] "Typhimurium 14028 wt"
[1] NA
[1] "Typhimurium 14028 wt"
[1] NA
[1] "Typhimurium 14028 wt"
[1] NA
[1] "Typhimurium 14028 wt"
[1] NA
[1] "Typhimurium 14028 wt"
[1] NA
[1] "Typhimurium 14028 wt"
[1] NA
[1] "Typhimurium 14028 wt"
[1] NA
[1] "Typhimurium 14028 cheZ mutant"
[1] NA
[1] "Typhimurium 14028 cheZ mutant"
[1] NA
[1] "Typhimurium 14028 cheZ mutant"
[1] NA
[1] "Typhimurium 14028 flgM mutant"
[1] NA
[1] "Typhimurium 14028 flgM mutant"
[1] NA
[1] "Typhimurium 14028 flgM mutant"
[1] NA
[1] "Typhimurium 14028 flgM mutant"
[1] NA
[1] "Typhimurium 14028 flgM mutant"
[1] NA
[1] "Typhimurium 14028 flgM mutant"
[1] NA
[1] "Typhimurium 14028 wt"
[1] NA
[1] "Typhimurium 14028 wt"
[1] NA
[1] "Typhimurium 14028 wt"
[1] NA
