[1] "normalized log2 probe-level signal intensity"
[1] "Bacillus subtilis strain AH024, LPDM, exponential growth phase"
[1] NA
[1] "Bacillus subtilis strain AH024, LPDM, T3 growth phase"
[1] NA
[1] "Bacillus subtilis strain AH024, LPDM, exponential growth phase"
[1] NA
[1] "Bacillus subtilis strain 168, HPDM, exponential growth phase"
[1] NA
[1] "Bacillus subtilis strain 168, HPDM, exponential growth phase"
[1] NA
[1] "Bacillus subtilis strain 168, LPDM, exponential growth phase"
[1] NA
[1] "Bacillus subtilis strain AH024, LPDM, T3 growth phase"
[1] NA
[1] "Bacillus subtilis strain AH024, HPDM, exponential growth phase"
[1] NA
[1] "Bacillus subtilis strain AH024, HPDM, exponential growth phase"
[1] NA
[1] "Bacillus subtilis strain 168, LPDM, T3 growth phase"
[1] NA
[1] "Bacillus subtilis strain 168, HPDM, exponential growth phase"
[1] NA
[1] "Bacillus subtilis strain 168, LPDM, T3 growth phase"
[1] NA
[1] "Bacillus subtilis strain 168, LPDM, exponential growth phase"
[1] NA
[1] "Bacillus subtilis strain AH024, HPDM, exponential growth phase"
[1] NA
[1] "Bacillus subtilis strain AH024, LPDM, exponential growth phase"
[1] NA
[1] "Bacillus subtilis strain 168, LPDM, exponential growth phase"
[1] NA
[1] "Bacillus subtilis strain AH024, LPDM, T3 growth phase"
[1] NA
[1] "Bacillus subtilis strain 168, LPDM, T3 growth phase"
[1] NA
