[1] NA
[1] "FLAG-tagged Hfq strain"
[1] NA
[1] "FLAG-tagged Hfq strain"
[1] NA
[1] "FLAG-tagged Hfq strain"
[1] NA
[1] "FLAG-tagged Hfq strain"
[1] NA
[1] "FLAG-tagged Hfq strain"
[1] NA
[1] "WT strain"
[1] NA
[1] "WT strain"
[1] NA
[1] "WT strain"
[1] NA
[1] "WT strain"
[1] NA
[1] "WT strain"
[1] NA
[1] "FLAG-tagged Hfq strain"
[1] NA
[1] "FLAG-tagged Hfq strain"
[1] NA
[1] "FLAG-tagged Hfq strain"
[1] NA
[1] "FLAG-tagged Hfq strain"
[1] NA
[1] "FLAG-tagged Hfq strain"
[1] NA
[1] "WT strain"
[1] NA
[1] "WT strain"
[1] NA
[1] "WT strain"
[1] NA
[1] "WT strain"
[1] NA
[1] "WT strain"
[1] NA
