[1] "RMA background corrected, quantile-normalized, averaged gene-level log2 signal intensity"
[1] "E. coli RL08/pTrc99A-BTE-H204A, EZ glucose, mid-log phase"
[1] NA
[1] "E. coli RL08/pTrc99A-BTE-H204A, EZ glucose, mid-log phase"
[1] NA
[1] "E. coli RL08/pTrc99A-BTE-H204A, EZ glucose, mid-log phase"
[1] NA
[1] "E. coli RL08/pTrc99A-BTE, EZ glucose, mid-log phase"
[1] NA
[1] "E. coli RL08/pTrc99A-BTE, EZ glucose, mid-log phase"
[1] NA
[1] "E. coli RL08/pTrc99A-BTE, EZ glucose, mid-log phase"
[1] NA
[1] "E. coli RL08/pTrc99A-BTE-H204A, EZ glucose, early stationary phase"
[1] NA
[1] "E. coli RL08/pTrc99A-BTE-H204A, EZ glucose, early stationary phase"
[1] NA
[1] "E. coli RL08/pTrc99A-BTE-H204A, EZ glucose, early stationary phase"
[1] NA
[1] "E. coli RL08/pTrc99A-BTE, EZ glucose, early stationary phase"
[1] NA
[1] "E. coli RL08/pTrc99A-BTE, EZ glucose, early stationary phase"
[1] NA
[1] "E. coli RL08/pTrc99A-BTE, EZ glucose, early stationary phase"
[1] NA
[1] "E. coli RL08/pTrc99A-BTE-H204A, EZ glucose, mid-stationary phase"
[1] NA
[1] "E. coli RL08/pTrc99A-BTE-H204A, EZ glucose, mid-stationary phase"
[1] NA
[1] "E. coli RL08/pTrc99A-BTE, EZ glucose, mid-stationary phase"
[1] NA
[1] "E. coli RL08/pTrc99A-BTE, EZ glucose, mid-stationary phase"
[1] NA
[1] "E. coli RL08/pTrc99A-BTE, EZ glucose, mid-stationary phase"
[1] NA
[1] "E. coli RL08/pBAD35-BTE-H204A/pBAD33, EZ glycerol, late-log phase"
[1] NA
[1] "E. coli RL08/pBAD35-BTE-H204A/pBAD33, EZ glycerol, late-log phase"
[1] NA
[1] "E. coli RL08/pBAD35-BTE-H204A/pBAD33, EZ glycerol, late-log phase"
[1] NA
[1] "E. coli RL08/pBAD35-BTE/pBAD33, EZ glycerol, late-log phase"
[1] NA
[1] "E. coli RL08/pBAD35-BTE/pBAD33, EZ glycerol, late-log phase"
[1] NA
[1] "E. coli RL08/pBAD35-BTE/pBAD33-ACC, EZ glycerol, late-log phase"
[1] NA
[1] "E. coli RL08/pBAD35-BTE/pBAD33-ACC, EZ glycerol, late-log phase"
[1] NA
[1] "E. coli RL08/pBAD35-BTE/pBAD33-ACC, EZ glycerol, late-log phase"
[1] NA
[1] "E. coli RL08/pBAD35-BTE-H204A/pBAD33, EZ glycerol, early stationary phase"
[1] NA
[1] "E. coli RL08/pBAD35-BTE-H204A/pBAD33, EZ glycerol, early stationary phase"
[1] NA
[1] "E. coli RL08/pBAD35-BTE-H204A/pBAD33, EZ glycerol, early stationary phase"
[1] NA
[1] "E. coli RL08/pBAD35-BTE/pBAD33, EZ glycerol, early stationary phase"
[1] NA
[1] "E. coli RL08/pBAD35-BTE/pBAD33, EZ glycerol, early stationary phase"
[1] NA
[1] "E. coli RL08/pBAD35-BTE/pBAD33-ACC, EZ glycerol, early stationary phase"
[1] NA
[1] "E. coli RL08/pBAD35-BTE/pBAD33-ACC, EZ glycerol, early stationary phase"
[1] NA
[1] "E. coli RL08/pBAD35-BTE/pBAD33-ACC, EZ glycerol, early stationary phase"
[1] NA
[1] "E. coli RL08/pBAD35-BTE-H204A/pBAD33, EZ glycerol, mid-stationary phase"
[1] NA
[1] "E. coli RL08/pBAD35-BTE-H204A/pBAD33, EZ glycerol, mid-stationary phase"
[1] NA
[1] "E. coli RL08/pBAD35-BTE-H204A/pBAD33, EZ glycerol, mid-stationary phase"
[1] NA
[1] "E. coli RL08/pBAD35-BTE-H204A/pBAD33, EZ glycerol, mid-stationary phase"
[1] NA
[1] "E. coli RL08/pBAD35-BTE/pBAD33, EZ glycerol, mid-stationary phase"
[1] NA
[1] "E. coli RL08/pBAD35-BTE/pBAD33, EZ glycerol, mid-stationary phase"
[1] NA
[1] "E. coli RL08/pBAD35-BTE/pBAD33-ACC, EZ glycerol, mid-stationary phase"
[1] NA
[1] "E. coli RL08/pBAD35-BTE/pBAD33-ACC, EZ glycerol, mid-stationary phase"
[1] NA
[1] "E. coli RL08/pBAD35-BTE/pBAD33-ACC, EZ glycerol, mid-stationary phase"
[1] NA
