[1] NA
[1] "wt M9"
[1] NA
[1] "wt M9"
[1] NA
[1] "rpoB00P M9"
[1] NA
[1] "rpoB00P M9"
[1] NA
[1] "wt M9 glucose with methionine"
[1] NA
[1] "wt M9 glucose with methionine"
[1] NA
[1] "rpoB00P M9 glucose with methionine"
[1] NA
[1] "rpoB00P M9 glucose with methionine"
[1] NA
[1] "rpoB E672K M9 glucose"
[1] NA
[1] "rpoB E672K M9 glucose"
[1] NA
[1] "rpoC N309Y M9 glucose"
[1] NA
[1] "rpoC N309Y M9 glucose"
[1] NA
[1] "rpoB P1100Q M9 glucose"
[1] NA
[1] "rpoB P1100Q M9 glucose"
[1] NA
[1] "rpoC H419P M9 glucose"
[1] NA
[1] "rpoC H419P M9 glucose"
[1] NA
[1] "rpoC N720H M9 glucose"
[1] NA
[1] "rpoC N720H M9 glucose"
[1] NA
[1] "rpoB I966S M9 glucose"
[1] NA
[1] "rpoB I966S M9 glucose"
[1] NA
[1] "rpoB G858D M9 glucose"
[1] NA
[1] "rpoB G858D M9 glucose"
[1] NA
[1] "rpoA G315V M9 glucose"
[1] NA
[1] "rpoA G315V M9 glucose"
[1] NA
[1] "rpoB T1037P M9 glucose"
[1] NA
[1] "rpoB T1037P M9 glucose"
[1] NA
[1] "rpoC G1055V M9 glucose"
[1] NA
[1] "rpoC G1055V M9 glucose"
[1] NA
[1] "rpoB G1189C M9 glucose"
[1] NA
[1] "rpoB G1189C M9 glucose"
[1] NA
[1] "wt M9 glucose at 42 Celsius"
[1] NA
[1] "wt M9 glucose at 42 Celsius"
[1] NA
[1] "rpoB I966S M9 glucose at 42 Celsius"
[1] NA
[1] "rpoB I966S M9 glucose at 42 Celsius"
[1] NA
[1] "wt M9 glucose with octanoic acid"
[1] NA
[1] "wt M9 glucose with octanoic acid"
[1] NA
[1] "rpoC H419P M9 glucose with octanoic acid"
[1] NA
[1] "rpoC H419P M9 glucose with octanoic acid"
[1] NA
