[1] NA
[1] "PHL628"
[1] NA
[1] "PHL628"
[1] NA
[1] "PHL628"
[1] NA
[1] "PHL628"
[1] NA
[1] "PHL628"
[1] NA
[1] "PHL628"
[1] NA
[1] "PHL628"
[1] NA
[1] "PHL628"
[1] NA
[1] "PHL628"
[1] NA
[1] "PHL628"
[1] NA
[1] "PHL628"
[1] NA
[1] "PHL628"
[1] NA
[1] "PHL628"
[1] NA
[1] "PHL628"
[1] NA
[1] "PHL628"
[1] NA
[1] "PHL628"
[1] NA
[1] "PHL628"
[1] NA
[1] "PHL628"
[1] NA
[1] "PHL628"
[1] NA
[1] "PHL628"
[1] NA
[1] "PHL628"
[1] NA
[1] "PHL628"
[1] NA
[1] "PHL628"
[1] NA
[1] "PHL628"
[1] NA
[1] "PHL628"
[1] NA
[1] "PHL628"
[1] NA
[1] "PHL628"
[1] NA
[1] "PHL628"
[1] NA
[1] "PHL628"
[1] NA
[1] "PHL628"
[1] NA
[1] "PHL628"
[1] NA
[1] "PHL628"
[1] NA
[1] "PHL628"
[1] NA
[1] "PHL628"
[1] NA
[1] "PHL628"
[1] NA
[1] "PHL628"
[1] NA
[1] "PHL628"
[1] NA
[1] "PHL628"
[1] NA
[1] "PHL628"
[1] NA
[1] "PHL628"
[1] NA
[1] "PHL628"
[1] NA
[1] "PHL628"
[1] NA
[1] "PHL628"
[1] NA
[1] "PHL628"
[1] NA
[1] "PHL628"
[1] NA
[1] "PHL628"
[1] NA
[1] "PHL628"
[1] NA
[1] "PHL628"
[1] NA
