[1] NA
[1] "Bacterial"
[1] NA
[1] "Bacterial"
[1] NA
[1] "Bacterial"
[1] NA
[1] "Bacterial"
[1] NA
[1] "Bacterial"
[1] NA
[1] "Bacterial"
[1] NA
[1] "Bacterial"
[1] NA
[1] "Bacterial"
[1] NA
[1] "Bacterial"
[1] NA
[1] "Bacterial"
[1] NA
[1] "Bacterial"
[1] NA
[1] "Bacterial"
[1] NA
[1] "Bacterial"
[1] NA
[1] "Bacterial"
[1] NA
[1] "Bacterial"
[1] NA
[1] "Bacterial"
[1] NA
[1] "Bacterial"
[1] NA
[1] "Bacterial"
[1] NA
[1] "Bacterial"
[1] NA
[1] "Bacterial"
[1] NA
[1] "Bacterial"
[1] NA
[1] "Bacterial"
[1] NA
[1] "Bacterial"
[1] NA
[1] "Bacterial"
[1] NA
[1] "Bacterial"
[1] NA
[1] "Bacterial"
[1] NA
[1] "Bacterial"
[1] NA
[1] "Bacterial"
[1] NA
[1] "Bacterial"
[1] NA
[1] "Bacterial"
[1] NA
[1] "Bacterial"
[1] NA
[1] "Bacterial"
[1] NA
[1] "Bacterial"
[1] NA
[1] "Bacterial"
[1] NA
[1] "Bacterial"
[1] NA
[1] "Bacterial"
[1] NA
[1] "Bacterial"
[1] NA
[1] "Bacterial"
[1] NA
[1] "Bacterial"
[1] NA
[1] "Bacterial"
[1] NA
[1] "Bacterial"
[1] NA
[1] "Bacterial"
[1] NA
