[1] NA
[1] "E14 mESC"
[1] NA
[1] "E14 mESC"
[1] NA
[1] "E14 mESC"
[1] NA
[1] "E14 mESC"
[1] NA
[1] "E14 mESC"
[1] NA
[1] "E14 mESC"
[1] NA
[1] "human cortical organoids"
[1] NA
[1] "human cortical organoids"
[1] NA
[1] "human cortical organoids"
[1] NA
[1] "human cortical organoids"
[1] NA
[1] "human cortical organoids"
[1] NA
[1] "human cortical organoids"
[1] NA
[1] "human cortical organoids"
[1] NA
[1] "human cortical organoids"
[1] NA
[1] "Plasmid DNA"
[1] NA
[1] "Electroporated NSC from the day 47 human cortical organoids"
[1] "47"
[1] "valid gsm... but no data in gsm data table! getting supplementary file (which may or may not contain the data) and writing to subfolder"
