[1] NA
[1] "Pseudomonas aeruginosa PAO1, Pseudomonas virus LUZ19"
[1] NA
[1] "Pseudomonas aeruginosa PAO1, Pseudomonas virus LUZ19"
[1] NA
[1] "Pseudomonas aeruginosa Li010, Pseudomonas virus LUZ24"
[1] NA
[1] "Pseudomonas aeruginosa Li010, Pseudomonas virus LUZ24"
[1] NA
[1] "Pseudomonas aeruginosa PAO1, Pseudomonas virus YuA"
[1] NA
[1] "Pseudomonas aeruginosa PAO1, Pseudomonas virus YuA"
[1] NA
[1] "Pseudomonas aeruginosa PAK, Pseudomonas virus PAKP3"
[1] NA
[1] "Pseudomonas aeruginosa PAK, Pseudomonas virus PAKP3"
[1] NA
[1] "Pseudomonas aeruginosa PAO1, Pseudomonas virus 14-1"
[1] NA
[1] "Pseudomonas aeruginosa PAO1, Pseudomonas virus 14-1"
[1] NA
[1] "Pseudomonas aeruginosa PAO1, Pseudomonas virus phiKZ"
[1] NA
[1] "Pseudomonas aeruginosa PAO1, Pseudomonas virus phiKZ"
[1] NA
