[1] "GCOS intensity normalized as described above (data processing)"
[1] "wild type genomic DNA was partially digested with DNaseI as a reference"
[1] NA
[1] "WT at DD 0, rep1 (2010 June)"
[1] NA
[1] "WT at DD 0.5, rep1 (2010 June)"
[1] NA
[1] "WT at DD 1, rep1 (2010 June)"
[1] NA
[1] "WT at DD 2, rep1 (2010 June)"
[1] NA
[1] "WT at DD 4, rep1 (2010 June)"
[1] NA
[1] "WT at DD 8, rep1 (2010 June)"
[1] NA
[1] "WT at DD 12, rep1 (2010 June)"
[1] NA
[1] "WT at DD 0, rep2 (2010 June)"
[1] NA
[1] "WT at DD 0.5, rep2 (2010 June)"
[1] NA
[1] "WT at DD 1, rep2 (2010 June)"
[1] NA
[1] "WT at DD 2, rep2 (2010 June)"
[1] NA
[1] "WT at DD 4, rep2 (2010 June)"
[1] NA
[1] "WT at DD 8, rep2 (2010 June)"
[1] NA
[1] "WT at DD 12, rep2 (2010 June)"
[1] NA
[1] "DkaiABC at DD 0, rep1 (2010 June)"
[1] NA
[1] "DkaiABC at DD 0.5, rep1 (2010 June)"
[1] NA
[1] "DkaiABC at DD 1, rep1 (2010 June)"
[1] NA
[1] "DkaiABC at DD 2, rep1 (2010 June)"
[1] NA
[1] "DkaiABC at DD 4, rep1 (2010 June)"
[1] NA
[1] "DkaiABC at DD 8, rep1 (2010 June)"
[1] NA
[1] "DkaiABC at DD 12, rep1 (2010 June)"
[1] NA
[1] "DkaiABC at DD 0, rep2 (2010 June)"
[1] NA
[1] "DkaiABC at DD 0.5, rep2 (2010 June)"
[1] NA
[1] "DkaiABC at DD 1, rep2 (2010 June)"
[1] NA
[1] "DkaiABC at DD 2, rep2 (2010 June)"
[1] NA
[1] "DkaiABC at DD 4, rep2 (2010 June)"
[1] NA
[1] "DkaiABC at DD 8, rep2 (2010 June)"
[1] NA
[1] "DkaiABC at DD 12, rep2 (2010 June)"
[1] NA
