[1] NA
[1] "Clonal population"
[1] NA
[1] "Clonal population"
[1] NA
[1] "Clonal population"
[1] NA
[1] "Clonal population"
[1] NA
[1] "Clonal population"
[1] NA
[1] "Clonal population"
[1] NA
[1] "Clonal population"
[1] NA
[1] "Clonal population"
[1] NA
[1] "Clonal population"
[1] NA
[1] "Clonal population"
[1] NA
[1] "Clonal population"
[1] NA
[1] "Clonal population"
[1] NA
[1] "Clonal population"
[1] NA
[1] "Clonal population"
[1] NA
[1] "Clonal population"
[1] NA
[1] "Clonal population"
[1] NA
[1] "Clonal population"
[1] NA
[1] "Clonal population"
[1] NA
[1] "Clonal population"
[1] NA
[1] "Clonal population"
[1] NA
[1] "Clonal population"
[1] NA
[1] "Clonal population"
[1] NA
[1] "Clonal population"
[1] NA
[1] "Clonal population"
[1] NA
[1] "Clonal population"
[1] NA
[1] "Clonal population"
[1] NA
[1] "Clonal population"
[1] NA
[1] "Clonal population"
[1] NA
[1] "Clonal population"
[1] NA
[1] "Clonal population"
[1] NA
[1] "Clonal population"
[1] NA
[1] "Clonal population"
[1] NA
[1] "Clonal population"
[1] NA
[1] "Clonal population"
[1] NA
[1] "Clonal population"
[1] NA
[1] "Clonal population"
[1] NA
[1] "Clonal population"
[1] NA
[1] "Clonal population"
[1] NA
[1] "Clonal population"
[1] NA
[1] "Clonal population"
[1] NA
