[1] NA
[1] "cultures"
[1] NA
[1] "cultures"
[1] NA
[1] "cultures"
[1] NA
[1] "cultures"
[1] NA
[1] "cultures"
[1] NA
[1] "cultures"
[1] NA
[1] "cultures"
[1] NA
[1] "cultures"
[1] NA
[1] "cultures"
[1] NA
[1] "cultures"
[1] NA
[1] "cultures"
[1] NA
[1] "cultures"
[1] NA
[1] "cultures"
[1] NA
[1] "cultures"
[1] NA
[1] "cultures"
[1] NA
[1] "cultures"
[1] NA
[1] "cultures"
[1] NA
[1] "cultures"
[1] NA
[1] "cultures"
[1] NA
[1] "cultures"
[1] NA
[1] "cultures"
[1] NA
[1] "cultures"
[1] NA
[1] "cultures"
[1] NA
[1] "cultures"
[1] NA
[1] "cultures"
[1] NA
[1] "cultures"
[1] NA
[1] "cultures"
[1] NA
[1] "cultures"
[1] NA
[1] "cultures"
[1] NA
[1] "cultures"
[1] NA
[1] "cultures"
[1] NA
[1] "cultures"
[1] NA
[1] "cultures"
[1] NA
[1] "cultures"
[1] NA
[1] "cultures"
[1] NA
[1] "cultures"
[1] NA
[1] "mouse forebrain"
[1] NA
[1] "mouse forebrain"
[1] NA
[1] "mouse forebrain"
[1] NA
[1] "mouse forebrain"
[1] NA
[1] "mouse forebrain"
[1] NA
[1] "mouse forebrain"
[1] NA
[1] "mouse forebrain"
[1] NA
[1] "mouse forebrain"
[1] NA
[1] "mouse forebrain"
[1] NA
[1] "mouse forebrain"
[1] NA
[1] "mouse forebrain"
[1] NA
[1] "mouse forebrain"
[1] NA
[1] "cultures"
[1] NA
[1] "cultures"
[1] NA
[1] "cultures"
[1] NA
[1] "cultures"
[1] NA
[1] "cultures"
[1] NA
[1] "cultures"
[1] NA
[1] "cultures"
[1] NA
[1] "cultures"
[1] NA
[1] "cultures"
[1] NA
[1] "cultures"
[1] NA
[1] "cultures"
[1] NA
[1] "cultures"
[1] NA
[1] "cultures"
[1] NA
[1] "cultures"
[1] NA
[1] "cultures"
[1] NA
[1] "cultures"
[1] NA
[1] "cultures"
[1] NA
[1] "cultures"
[1] NA
[1] "cultures"
[1] NA
[1] "cultures"
[1] NA
[1] "cultures"
[1] NA
[1] "cultures"
[1] NA
[1] "cultures"
[1] NA
[1] "cultures"
[1] NA
[1] "HEK293"
[1] NA
[1] "HEK293"
[1] NA
[1] "HEK293"
[1] NA
[1] "HEK293"
[1] NA
[1] "HEK293"
[1] NA
[1] "HEK293"
[1] NA
[1] "MG1655"
[1] NA
[1] "MG1655"
[1] NA
[1] "MG1655"
[1] NA
[1] "MG1655"
[1] NA
[1] "MG1655"
[1] NA
[1] "MG1655"
[1] NA
[1] "MG1655"
[1] NA
[1] "MG1655"
[1] NA
[1] "S2"
[1] NA
[1] "S2"
[1] NA
[1] "S2"
[1] NA
[1] "S2"
[1] NA
[1] "S2"
[1] NA
[1] "S2"
[1] NA
[1] "S2"
[1] NA
[1] "S2"
[1] NA
[1] "Col-0"
[1] NA
[1] "Col-0"
[1] NA
[1] "Col-0"
[1] NA
[1] "Col-0"
[1] NA
[1] "Col-0"
[1] NA
[1] "Col-0"
[1] NA
[1] "Col-0"
[1] NA
[1] "Col-0"
[1] NA
[1] "BY4741"
[1] NA
[1] "BY4741"
[1] NA
[1] "BY4741"
[1] NA
[1] "BY4741"
[1] NA
[1] "BY4741"
[1] NA
[1] "BY4741"
[1] NA
[1] "BY4741"
[1] NA
[1] "BY4741"
[1] NA
[1] "HEK293"
[1] NA
[1] "HEK293"
[1] NA
[1] "HEK293"
[1] NA
[1] "HEK293"
[1] NA
