[1] "log of ch1 % of total / ch2 % of total"
[1] "Salmonella enterica subsp. enterica serovar Enteritidis PT13a SARB16 gDNA"
[1] NA
[1] "Salmonella enterica subsp. enterica serovar Enteritidis PT13a SARB16 gDNA"
[1] NA
[1] "Salmonella enterica subsp. enterica serovar Enteritidis PT13a SARB16 gDNA"
[1] NA
[1] "Salmonella enterica subsp. enterica serovar Enteritidis PT4 SARB18 gDNA"
[1] NA
[1] "Salmonella enterica subsp. enterica serovar Enteritidis PT4 SARB18 gDNA"
[1] NA
[1] "Salmonella enterica subsp. enterica serovar Enteritidis PT4 SARB18 gDNA"
[1] NA
[1] "Salmonella enterica subsp. enterica serovar Dublin MZ647 gDNA"
[1] NA
[1] "Salmonella enterica subsp. enterica serovar Dublin MZ647 gDNA"
[1] NA
[1] "Salmonella enterica subsp. enterica serovar Dublin MZ647 gDNA"
[1] NA
[1] "Salmonella enterica subsp. enterica serovar Enteritidis PT25 MZ646 gDNA"
[1] NA
[1] "Salmonella enterica subsp. enterica serovar Enteritidis PT25 MZ646 gDNA"
[1] NA
[1] "Salmonella enterica subsp. enterica serovar Enteritidis PT25 MZ646 gDNA"
[1] NA
[1] "Salmonella enterica subsp. enterica serovar Gallinarum biovar Gallinarum Sg9 gDNA"
[1] NA
[1] "Salmonella enterica subsp. enterica serovar Gallinarum biovar Gallinarum Sg9 gDNA"
[1] NA
[1] "Salmonella enterica subsp. enterica serovar Gallinarum biovar Gallinarum Sg9 gDNA"
[1] NA
[1] "Salmonella enterica subsp. enterica serovar Enteritidis MZ672 gDNA"
[1] NA
[1] "Salmonella enterica subsp. enterica serovar Enteritidis MZ672 gDNA"
[1] NA
[1] "Salmonella enterica subsp. enterica serovar Enteritidis MZ672 gDNA"
[1] NA
[1] "Salmonella enterica subsp. enterica serovar Enteritidis PT23 MZ655 gDNA"
[1] NA
[1] "Salmonella enterica subsp. enterica serovar Enteritidis PT23 MZ655 gDNA"
[1] NA
[1] "Salmonella enterica subsp. enterica serovar Enteritidis PT23 MZ655 gDNA"
[1] NA
[1] "Salmonella enterica subsp. enterica serovar Enteritidis RDNC SARB17 gDNA"
[1] NA
[1] "Salmonella enterica subsp. enterica serovar Enteritidis RDNC SARB17 gDNA"
[1] NA
[1] "Salmonella enterica subsp. enterica serovar Enteritidis RDNC SARB17 gDNA"
[1] NA
[1] "Salmonella enterica subsp. enterica serovar Gallinarum biovar Pullorum SARB52 gDNA"
[1] NA
[1] "Salmonella enterica subsp. enterica serovar Gallinarum biovar Pullorum SARB52 gDNA"
[1] NA
[1] "Salmonella enterica subsp. enterica serovar Gallinarum biovar Pullorum SARB52 gDNA"
[1] NA
[1] "Salmonella enterica subsp. enterica serovar Enteritidis PT2 MZ649 gDNA"
[1] NA
[1] "Salmonella enterica subsp. enterica serovar Enteritidis PT2 MZ649 gDNA"
[1] NA
[1] "Salmonella enterica subsp. enterica serovar Enteritidis PT2 MZ649 gDNA"
[1] NA
[1] "Salmonella enterica subsp. enterica serovar Enteritidis RDNC SARB20 gDNA"
[1] NA
[1] "Salmonella enterica subsp. enterica serovar Enteritidis RDNC SARB20 gDNA"
[1] NA
[1] "Salmonella enterica subsp. enterica serovar Enteritidis RDNC SARB20 gDNA"
[1] NA
[1] "Salmonella enterica subsp. enterica serovar Enteritidis PT4 MZ634 gDNA"
[1] NA
[1] "Salmonella enterica subsp. enterica serovar Enteritidis PT4 MZ634 gDNA"
[1] NA
[1] "Salmonella enterica subsp. enterica serovar Enteritidis PT4 MZ634 gDNA"
[1] NA
[1] "Salmonella enterica subsp. enterica serovar Galinarum biovar Pullorum SARB51 gDNA"
[1] NA
[1] "Salmonella enterica subsp. enterica serovar Galinarum biovar Pullorum SARB51 gDNA"
[1] NA
[1] "Salmonella enterica subsp. enterica serovar Galinarum biovar Pullorum SARB51 gDNA"
[1] NA
[1] "Salmonella enterica subsp. enterica serovar Gallinarum biovar Gallinarum SgJ91 gDNA"
[1] NA
[1] "Salmonella enterica subsp. enterica serovar Gallinarum biovar Gallinarum SgJ91 gDNA"
[1] NA
[1] "Salmonella enterica subsp. enterica serovar Gallinarum biovar Gallinarum SgJ91 gDNA"
[1] NA
[1] "Salmonella enterica subsp. enterica serovar Enteritidis PT13a 21046 gDNA"
[1] NA
[1] "Salmonella enterica subsp. enterica serovar Enteritidis PT13a 21046 gDNA"
[1] NA
[1] "Salmonella enterica subsp. enterica serovar Enteritidis PT13a 21046 gDNA"
[1] NA
[1] "Salmonella enterica subsp. enterica serovar Enteritidis PT13a 21027 gDNA"
[1] NA
[1] "Salmonella enterica subsp. enterica serovar Enteritidis PT13a 21027 gDNA"
[1] NA
[1] "Salmonella enterica subsp. enterica serovar Enteritidis PT13a 21027 gDNA"
[1] NA
[1] "Salmonella enterica subsp. enterica serovar Enteritidis PT13a MZ744 gDNA"
[1] NA
[1] "Salmonella enterica subsp. enterica serovar Enteritidis PT13a MZ744 gDNA"
[1] NA
[1] "Salmonella enterica subsp. enterica serovar Enteritidis PT13a MZ744 gDNA"
[1] NA
[1] "Salmonella enterica subsp. enterica serovar Enteritidis PT35 MZ745 gDNA"
[1] NA
[1] "Salmonella enterica subsp. enterica serovar Enteritidis PT35 MZ745 gDNA"
[1] NA
[1] "Salmonella enterica subsp. enterica serovar Enteritidis PT35 MZ745 gDNA"
[1] NA
[1] "Salmonella enterica subsp. enterica serovar Enteritidis PT4b MZ636 gDNA"
[1] NA
[1] "Salmonella enterica subsp. enterica serovar Enteritidis PT4b MZ636 gDNA"
[1] NA
[1] "Salmonella enterica subsp. enterica serovar Enteritidis PT4b MZ636 gDNA"
[1] NA
[1] "Salmonella enterica subsp. enterica serovar Enteritidis PT5 MZ637 gDNA"
[1] NA
[1] "Salmonella enterica subsp. enterica serovar Enteritidis PT5 MZ637 gDNA"
[1] NA
[1] "Salmonella enterica subsp. enterica serovar Enteritidis PT5 MZ637 gDNA"
[1] NA
[1] "Salmonella enterica subsp. enterica serovar Enteritidis PT8 SGSC2377 gDNA"
[1] NA
[1] "Salmonella enterica subsp. enterica serovar Enteritidis PT8 SGSC2377 gDNA"
[1] NA
[1] "Salmonella enterica subsp. enterica serovar Enteritidis PT8 SGSC2377 gDNA"
[1] NA
[1] "Salmonella enterica subsp. enterica serovar Enteritidis PT13a MZ746 gDNA"
[1] NA
[1] "Salmonella enterica subsp. enterica serovar Enteritidis PT13a MZ746 gDNA"
[1] NA
[1] "Salmonella enterica subsp. enterica serovar Enteritidis PT13a MZ746 gDNA"
[1] NA
[1] "Salmonella enterica subsp. enterica serovar Enteritidis PT8 MZ750 gDNA"
[1] NA
[1] "Salmonella enterica subsp. enterica serovar Enteritidis PT8 MZ750 gDNA"
[1] NA
[1] "Salmonella enterica subsp. enterica serovar Enteritidis PT8 MZ750 gDNA"
[1] NA
[1] "Salmonella enterica subsp. enterica serovar Enteritidis PT6a MZ743 gDNA"
[1] NA
[1] "Salmonella enterica subsp. enterica serovar Enteritidis PT6a MZ743 gDNA"
[1] NA
[1] "Salmonella enterica subsp. enterica serovar Enteritidis PT6a MZ743 gDNA"
[1] NA
[1] "Salmonella enterica subsp. enterica serovar Enteritidis PT4b MZ749 gDNA"
[1] NA
[1] "Salmonella enterica subsp. enterica serovar Enteritidis PT4b MZ749 gDNA"
[1] NA
[1] "Salmonella enterica subsp. enterica serovar Enteritidis PT4b MZ749 gDNA"
[1] NA
[1] "Salmonella enterica subsp. enterica serovar Enteritidis PT8 MZ747 gDNA"
[1] NA
[1] "Salmonella enterica subsp. enterica serovar Enteritidis PT8 MZ747 gDNA"
[1] NA
[1] "Salmonella enterica subsp. enterica serovar Enteritidis PT8 MZ747 gDNA"
[1] NA
[1] "Salmonella enterica subsp. enterica serovar Enteritidis PT13a MZ748 gDNA"
[1] NA
[1] "Salmonella enterica subsp. enterica serovar Enteritidis PT13a MZ748 gDNA"
[1] NA
[1] "Salmonella enterica subsp. enterica serovar Enteritidis PT13a MZ748 gDNA"
[1] NA
[1] "Salmonella enterica subsp. enterica serovar Gallinarum biovar Pullorum 17368L gDNA"
[1] NA
[1] "Salmonella enterica subsp. enterica serovar Gallinarum biovar Pullorum 17368L gDNA"
[1] NA
[1] "Salmonella enterica subsp. enterica serovar Gallinarum biovar Pullorum 17368L gDNA"
[1] NA
[1] "Salmonella enterica subsp. enterica serovar Gallinarum biovar Pullorum 7865L gDNA"
[1] NA
[1] "Salmonella enterica subsp. enterica serovar Gallinarum biovar Pullorum 7865L gDNA"
[1] NA
[1] "Salmonella enterica subsp. enterica serovar Gallinarum biovar Pullorum 7865L gDNA"
[1] NA
[1] "Salmonella enterica subsp. enterica serovar Enteritidis PT1 MZ648 gDNA"
[1] NA
[1] "Salmonella enterica subsp. enterica serovar Enteritidis PT1 MZ648 gDNA"
[1] NA
[1] "Salmonella enterica subsp. enterica serovar Enteritidis PT1 MZ648 gDNA"
[1] NA
[1] "Salmonella enterica subsp. enterica serovar Enteritidis PT7a MZ635 gDNA"
[1] NA
[1] "Salmonella enterica subsp. enterica serovar Enteritidis PT7a MZ635 gDNA"
[1] NA
[1] "Salmonella enterica subsp. enterica serovar Enteritidis PT7a MZ635 gDNA"
[1] NA
[1] "Salmonella enterica subsp. enterica serovar Enteritidis PT6a MZ638 gDNA"
[1] NA
[1] "Salmonella enterica subsp. enterica serovar Enteritidis PT6a MZ638 gDNA"
[1] NA
[1] "Salmonella enterica subsp. enterica serovar Enteritidis PT6a MZ638 gDNA"
[1] NA
[1] "Salmonella enterica subsp. enterica serovar Gallinarum biovar Pullorum 99113 gDNA"
[1] NA
[1] "Salmonella enterica subsp. enterica serovar Gallinarum biovar Pullorum 99113 gDNA"
[1] NA
[1] "Salmonella enterica subsp. enterica serovar Gallinarum biovar Pullorum 99113 gDNA"
[1] NA
[1] "Salmonella enterica subsp. enterica serovar Gallinarum biovar Pullorum 99117 gDNA"
[1] NA
[1] "Salmonella enterica subsp. enterica serovar Gallinarum biovar Pullorum 99117 gDNA"
[1] NA
[1] "Salmonella enterica subsp. enterica serovar Gallinarum biovar Pullorum 99117 gDNA"
[1] NA
[1] "Salmonella enterica subsp. enterica serovar Dublin SARB12 gDNA"
[1] NA
[1] "Salmonella enterica subsp. enterica serovar Dublin SARB12 gDNA"
[1] NA
[1] "Salmonella enterica subsp. enterica serovar Dublin SARB12 gDNA"
[1] NA
[1] "Salmonella enterica subsp. enterica serovar Dublin SARB13 gDNA"
[1] NA
[1] "Salmonella enterica subsp. enterica serovar Dublin SARB13 gDNA"
[1] NA
[1] "Salmonella enterica subsp. enterica serovar Dublin SARB13 gDNA"
[1] NA
[1] "Salmonella enterica subsp. enterica serovar Enteritidis PT8 MZ650 gDNA"
[1] NA
[1] "Salmonella enterica subsp. enterica serovar Enteritidis PT8 MZ650 gDNA"
[1] NA
[1] "Salmonella enterica subsp. enterica serovar Enteritidis PT8 MZ650 gDNA"
[1] NA
