[1] NA
[1] "Helicobacter pylori"
[1] NA
[1] "Helicobacter pylori"
[1] NA
[1] "Helicobacter pylori"
[1] NA
[1] "Helicobacter pylori"
[1] NA
[1] "Helicobacter pylori"
[1] NA
[1] "Helicobacter pylori"
[1] NA
[1] "GES-1"
[1] NA
[1] "GES-1"
[1] NA
[1] "GES-1"
[1] NA
[1] "GES-1"
[1] NA
[1] "GES-1"
[1] NA
[1] "GES-1"
[1] NA
[1] "GES-1"
[1] NA
[1] "GES-1"
[1] NA
[1] "GES-1"
[1] NA
[1] "GES-1"
[1] NA
[1] "GES-1"
[1] NA
[1] "GES-1"
[1] NA
[1] "GES-1"
[1] NA
[1] "GES-1"
[1] NA
[1] "GES-1"
[1] NA
