[1] NA
[1] "K12 (MG1655)"
[1] NA
[1] "K12 (MG1655)"
[1] NA
[1] "K12 (MG1655)"
[1] NA
[1] "K12 (MG1655)"
[1] NA
[1] "K12 (MG1655)"
[1] NA
[1] "K12 (MG1655)"
[1] NA
[1] "K12 (MG1655)"
[1] NA
[1] "K12 (MG1655)"
[1] NA
[1] "K12 (MG1655)"
[1] NA
[1] "K12 (MG1655)"
[1] NA
[1] "K12 (MG1655)"
[1] NA
[1] "K12 (MG1655)"
[1] NA
[1] "GS-15 (DSM 7210)"
[1] NA
[1] "GS-15 (DSM 7210)"
[1] NA
[1] "GS-15 (DSM 7210)"
[1] NA
[1] "GS-15 (DSM 7210)"
[1] NA
[1] "GS-15 (DSM 7210)"
[1] NA
[1] "GS-15 (DSM 7210)"
[1] NA
[1] "GS-15 (DSM 7210)"
[1] NA
[1] "GS-15 (DSM 7210)"
[1] NA
[1] "GS-15 (DSM 7210)"
[1] NA
[1] "GS-15 (DSM 7210)"
[1] NA
[1] "GS-15 (DSM 7210)"
[1] NA
[1] "GS-15 (DSM 7210)"
[1] NA
[1] "GS-15 (DSM 7210)"
[1] NA
[1] "GS-15 (DSM 7210)"
[1] NA
[1] "GS-15 (DSM 7210)"
[1] NA
[1] "strain UWB7"
[1] NA
[1] "strain UWB7"
[1] NA
[1] "strain UWB7"
[1] NA
[1] "strain UWB7"
[1] NA
[1] "strain UWB7"
[1] NA
[1] "strain UWB7"
[1] NA
[1] "strain UWB7"
[1] NA
[1] "strain UWB7"
[1] NA
[1] "strain UWB7"
[1] NA
[1] "strain UWB7"
[1] NA
[1] "strain UWB7"
[1] NA
[1] "strain UWB7"
[1] NA
[1] "strain UWB7, A. robustus"
[1] NA
[1] "strain UWB7, A. robustus"
[1] NA
[1] "strain UWB7, A. robustus"
[1] NA
[1] "strain UWB7, A. robustus"
[1] NA
[1] "strain UWB7, A. robustus"
[1] NA
[1] "strain UWB7, A. robustus"
[1] NA
[1] "strain UWB7, A. robustus"
[1] NA
[1] "strain UWB7, A. robustus"
[1] NA
[1] "strain UWB7, A. robustus"
[1] NA
[1] "strain UWB7, A. robustus"
[1] NA
[1] "strain UWB7, A. robustus"
[1] NA
[1] "strain UWB7, C. churrovis"
[1] NA
[1] "strain UWB7, C. churrovis"
[1] NA
[1] "strain UWB7, C. churrovis"
[1] NA
[1] "strain UWB7, C. churrovis"
[1] NA
[1] "strain UWB7, C. churrovis"
[1] NA
[1] "strain UWB7, C. churrovis"
[1] NA
[1] "strain UWB7, C. churrovis"
[1] NA
[1] "strain UWB7, C. churrovis"
[1] NA
[1] "strain UWB7, C. churrovis"
[1] NA
[1] "strain UWB7, C. churrovis"
[1] NA
[1] "strain UWB7, C. churrovis"
[1] NA
[1] "strain UWB7, C. churrovis"
[1] NA
[1] "strain UWB7, C. churrovis"
[1] NA
[1] "strain UWB7, C. churrovis"
[1] NA
[1] "strain UWB7, C. churrovis"
[1] NA
