[1] NA
[1] "strain AV19001 ∆greAB"
[1] NA
[1] "strain AV19001 ∆greAB"
[1] NA
[1] "strain AV19001 ∆greAB"
[1] NA
[1] "strain AV19001 ∆greAB"
[1] NA
[1] "strain 14028s"
[1] NA
[1] "strain 14028s"
[1] NA
[1] "strain 14028s"
[1] NA
[1] "strain 14028s"
[1] NA
[1] "strain AV19001 ∆greAB"
[1] NA
[1] "strain AV19001 ∆greAB"
[1] NA
[1] "strain AV19001 ∆greAB"
[1] NA
[1] "strain AV19001 ∆greAB"
[1] NA
[1] "strain 14028s"
[1] NA
[1] "strain 14028s"
[1] NA
[1] "strain 14028s"
[1] NA
[1] "strain 14028s"
[1] NA
