[1] NA
[1] "methylated RNA1#"
[1] NA
[1] "methylated RNA1#_TadA8.20"
[1] NA
[1] "methylated RNA2#"
[1] NA
[1] "methylated RNA2#_TadA8.20"
[1] NA
[1] "methylated E. coli tRNA"
[1] NA
[1] "methylated E. coli tRNA_TadA8.20"
[1] NA
[1] "methylated E. coli tRNA_WTTadA"
[1] NA
[1] "unmethylated RNA1#"
[1] NA
[1] "unmethylated RNA1#_TadA8.20"
[1] NA
[1] "unmethylated RNA2#"
[1] NA
[1] "unmethylated RNA2#_TadA8.20"
[1] NA
[1] "unmethylated E. coli tRNA"
[1] NA
[1] "unmethylated E. coli tRNA_TadA8.20"
[1] NA
[1] "unmethylated E. coli tRNA_WTTadA"
[1] NA
