[1] "Normalized log2 ratio: log(Pgm-)-log(3XQS)"
[1] "3XQS"
[1] NA
[1] "Pgm-"
[1] NA
[1] "3XQS"
[1] NA
[1] "Pgm-"
[1] NA
[1] "3XQS"
[1] NA
[1] "Pgm-"
[1] NA
[1] "3signals"
[1] NA
[1] "control"
[1] NA
[1] "3signals"
[1] NA
[1] "control"
[1] NA
[1] "3signals"
[1] NA
[1] "control"
[1] NA
[1] "control"
[1] NA
[1] "AHLs"
[1] NA
[1] "control"
[1] NA
[1] "AHLs"
[1] NA
[1] "control"
[1] NA
[1] "AHLs"
[1] NA
[1] "AI-2"
[1] NA
[1] "control"
[1] NA
[1] "AI-2"
[1] NA
[1] "control"
[1] NA
[1] "AI-2"
[1] NA
[1] "control"
[1] NA
[1] "luxS"
[1] NA
[1] "Pgm-"
[1] NA
[1] "luxS"
[1] NA
[1] "Pgm-"
[1] NA
[1] "luxS"
[1] NA
[1] "Pgm-"
[1] NA
