[1] NA
[1] "strain 168"
[1] NA
[1] "strain 168"
[1] NA
[1] "strain 168"
[1] NA
[1] "strain 168"
[1] NA
[1] "strain 168"
[1] NA
[1] "strain 168"
[1] NA
[1] "strain 168"
[1] NA
[1] "strain 168"
[1] NA
[1] "strain 168"
[1] NA
[1] "strain 168"
[1] NA
[1] "strain 168"
[1] NA
[1] "strain 168"
[1] NA
[1] "strain 168"
[1] NA
[1] "strain 168"
[1] NA
[1] "strain 168"
[1] NA
[1] "strain 168"
[1] NA
[1] "strain 168"
[1] NA
[1] "strain 168"
[1] NA
[1] "strain 168"
[1] NA
[1] "strain 168"
[1] NA
[1] "strain 168"
[1] NA
[1] "strain 168"
[1] NA
[1] "strain 168"
[1] NA
[1] "strain 168"
[1] NA
[1] "strain 168"
[1] NA
[1] "strain 168"
[1] NA
[1] "strain 168"
[1] NA
[1] "strain 168"
[1] NA
[1] "strain 168"
[1] NA
[1] "strain 168"
[1] NA
[1] "strain 168"
[1] NA
[1] "strain 168"
[1] NA
