[1] "normalized log2 median intensity ratio representing experimental sample/reference"
[1] "Bear feces isolate B1"
[1] NA
[1] "E. coli K12 MG1655"
[1] NA
[1] "Bear feces isolate B3"
[1] NA
[1] "E. coli K12 MG1655"
[1] NA
[1] "Bear feces isolate B5"
[1] NA
[1] "E. coli K12 MG1655"
[1] NA
[1] "Cattle feces isolate C1A"
[1] NA
[1] "E. coli K12 MG1655"
[1] NA
[1] "Cattle feces isolate C4A"
[1] NA
[1] "E. coli K12 MG1655"
[1] NA
[1] "Cattle feces isolate C6D"
[1] NA
[1] "E. coli K12 MG1655"
[1] NA
[1] "Deer feces isolate D1"
[1] NA
[1] "E. coli K12 MG1655"
[1] NA
[1] "Deer feces isolate D3"
[1] NA
[1] "E. coli K12 MG1655"
[1] NA
[1] "Deer feces isolate W6A"
[1] NA
[1] "E. coli K12 MG1655"
[1] NA
[1] "Human sewage isolate H1"
[1] NA
[1] "E. coli K12 MG1655"
[1] NA
[1] "Human sewage isolate H2"
[1] NA
[1] "E. coli K12 MG1655"
[1] NA
[1] "Human sewage isolate H3"
[1] NA
[1] "E. coli K12 MG1655"
[1] NA
