[1] "Lowess-normalized log2 ratio (IP/total)"
[1] "AG174, non-treated, DnaA IP"
[1] NA
[1] "AG174, non-treated, DnaA IP"
[1] NA
[1] "AG174, non-treated, DnaA IP"
[1] NA
[1] "AG174, HPUra treated, 30 minutes, DnaA IP"
[1] "30"
[1] "1800"
[1] "AG174, HPUra treated, 30 minutes, DnaA IP"
[1] "30"
[1] "1800"
[1] "AG174, HPUra treated, 30 minutes, DnaA IP"
[1] "30"
[1] "1800"
[1] "AG174, non-treated, DnaB IP"
[1] NA
[1] "AG174, non-treated, DnaB IP"
[1] NA
[1] "AG174, non-treated, DnaB IP"
[1] NA
[1] "AG174, HPUra treated, 30 minutes, DnaB IP"
[1] "30"
[1] "1800"
[1] "AG174, HPUra treated, 30 minutes, DnaB IP"
[1] "30"
[1] "1800"
[1] "AG174, HPUra treated, 30 minutes, DnaB IP"
[1] "30"
[1] "1800"
[1] "AG174, non-treated, DnaC IP"
[1] NA
[1] "AG174, non-treated, DnaC IP"
[1] NA
[1] "AG174, non-treated, DnaC IP"
[1] NA
[1] "AG174, HPUra treated, 30 minutes, DnaC IP"
[1] "30"
[1] "1800"
[1] "AG174, HPUra treated, 30 minutes, DnaC IP"
[1] "30"
[1] "1800"
[1] "AG174, HPUra treated, 30 minutes, DnaC IP"
[1] "30"
[1] "1800"
[1] "AG174, non-treated, DnaD IP"
[1] NA
[1] "AG174, non-treated, DnaD IP"
[1] NA
[1] "AG174, non-treated, DnaD IP"
[1] NA
[1] "AG174, HPUra treated, 30 minutes, DnaD IP"
[1] "30"
[1] "1800"
[1] "AG174, HPUra treated, 30 minutes, DnaD IP"
[1] "30"
[1] "1800"
[1] "AG174, HPUra treated, 30 minutes, DnaD IP"
[1] "30"
[1] "1800"
