[1] "Normalized signal: relative signals from different arrays were normalized by comparing the signal from a gene to the total signal from all spots on the array."
[1] "HP 26695, wild type"
[1] NA
[1] "HP 26695, wild type"
[1] NA
[1] "HP 26695, wild type"
[1] NA
[1] "HP 26695, wild type"
[1] NA
[1] "HP 26695, Rif Resistant, clone 1"
[1] NA
[1] "HP 26695, Rif Resistant, clone 1"
[1] NA
[1] "HP 26695, Rif Resistant, clone1"
[1] NA
[1] "HP 26695, Rif Resistant, clone 1"
[1] NA
[1] "HP 26695, Rif Resistant, clone 2"
[1] NA
[1] "HP 26695, Rif Resistant, clone 2"
[1] NA
[1] "HP 26695, Rif Resistant, clone 2"
[1] NA
[1] "HP 26695, Rif Resistant, clone 2"
[1] NA
