[1] NA
[1] "chronic wound"
[1] NA
[1] "chronic wound"
[1] NA
[1] "chronic wound"
[1] NA
[1] "chronic wound"
[1] NA
[1] "chronic wound"
[1] NA
[1] "chronic wound"
[1] NA
[1] "chronic wound"
[1] NA
[1] "chronic wound"
[1] NA
[1] "chronic wound"
[1] NA
[1] "nonchronic wound"
[1] NA
[1] "nonchronic wound"
[1] NA
[1] "nonchronic wound"
[1] NA
[1] "nonchronic wound"
[1] NA
[1] "nonchronic wound"
[1] NA
[1] "nonchronic wound"
[1] NA
[1] "nonchronic wound"
[1] NA
[1] "nonchronic wound"
[1] NA
[1] "nonchronic wound"
[1] NA
