[1] NA
[1] "early stationary phase"
[1] NA
[1] "early stationary phase"
[1] NA
[1] "early stationary phase"
[1] NA
[1] "early stationary phase"
[1] NA
[1] "early stationary phase"
[1] NA
[1] "early stationary phase"
[1] NA
[1] "early stationary phase"
[1] NA
[1] "early stationary phase"
[1] NA
[1] "early stationary phase"
[1] NA
[1] "early stationary phase"
[1] NA
[1] "early stationary phase"
[1] NA
[1] "early stationary phase"
[1] NA
[1] "early stationary phase"
[1] NA
[1] "early stationary phase"
[1] NA
[1] "early stationary phase"
[1] NA
[1] "early stationary phase"
[1] NA
[1] "early stationary phase"
[1] NA
[1] "early stationary phase"
[1] NA
[1] "early stationary phase"
[1] NA
[1] "early stationary phase"
[1] NA
