[1] NA
[1] "Feces"
[1] NA
[1] "Feces"
[1] NA
[1] "Feces"
[1] NA
[1] "Feces"
[1] NA
[1] "Cecum"
[1] NA
[1] "Cecum"
[1] NA
[1] "Feces"
[1] NA
[1] "Feces"
[1] NA
[1] "Cecum"
[1] NA
[1] "Cecum"
[1] NA
[1] "Feces"
[1] NA
[1] "Feces"
[1] NA
[1] "Feces"
[1] NA
[1] "Cecum"
[1] NA
[1] "Cecum"
[1] NA
[1] "Culture"
[1] NA
[1] "Culture"
[1] NA
[1] "Culture"
[1] NA
[1] "Culture"
[1] NA
[1] "Culture"
[1] NA
[1] "Culture"
[1] NA
[1] "Culture"
[1] NA
[1] "Culture"
[1] NA
[1] "Culture"
[1] NA
[1] "Culture"
[1] NA
[1] "Culture"
[1] NA
[1] "Culture"
[1] NA
