[1] NA
[1] "PCC 7942"
[1] NA
[1] "PCC 7942"
[1] NA
[1] "PCC 7942"
[1] NA
[1] "PCC 7942"
[1] NA
[1] "PCC 7942"
[1] NA
[1] "PCC 7942"
[1] NA
[1] "PCC 7942"
[1] NA
[1] "PCC 7942"
[1] NA
[1] "PCC 7942"
[1] NA
[1] "PCC 7942"
[1] NA
[1] "PCC 7942"
[1] NA
[1] "PCC 7942"
[1] NA
[1] "PCC 7942"
[1] NA
[1] "PCC 7942"
[1] NA
[1] "PCC 7942"
[1] NA
[1] "PCC 7942"
[1] NA
[1] "PCC 7942"
[1] NA
[1] "PCC 7942"
[1] NA
[1] "PCC 7942"
[1] NA
[1] "PCC 7942"
[1] NA
[1] "PCC 7942"
[1] NA
[1] "PCC 7942"
[1] NA
[1] "PCC 7942"
[1] NA
[1] "PCC 7942"
[1] NA
