[1] NA
[1] "Mycobacterium tuberculosis H37Rv"
[1] NA
[1] "Mycobacterium tuberculosis H37Rv"
[1] NA
[1] "Mycobacterium tuberculosis H37Rv"
[1] NA
[1] "Mycobacterium tuberculosis H37Rv"
[1] NA
[1] "Mycobacterium tuberculosis H37Rv"
[1] NA
[1] "Mycobacterium tuberculosis H37Rv"
[1] NA
[1] "Mycobacterium tuberculosis H37Rv"
[1] NA
[1] "Mycobacterium tuberculosis H37Rv"
[1] NA
[1] "Mycobacterium tuberculosis H37Rv"
[1] NA
[1] "Mycobacterium tuberculosis H37Rv"
[1] NA
[1] "Mycobacterium tuberculosis H37Rv"
[1] NA
[1] "Mycobacterium tuberculosis H37Rv"
[1] NA
