[1] NA
[1] "PA14 WT"
[1] NA
[1] "PA14 WT"
[1] NA
[1] "PA14"
[1] NA
[1] "PA14"
[1] NA
[1] "PA14"
[1] NA
[1] "PA14"
[1] NA
[1] "PAO1 WT"
[1] NA
[1] "PAO1 WT"
[1] NA
[1] "PAO1"
[1] NA
[1] "PAO1"
[1] NA
[1] "PAO1"
[1] NA
[1] "PAO1"
[1] NA
[1] "clinical isolate CH3484 WT"
[1] NA
[1] "clinical isolate CH3484 WT"
[1] NA
[1] "clinical isolate CH3484"
[1] NA
[1] "clinical isolate CH3484"
[1] NA
[1] "clinical isolate CH3484"
[1] NA
[1] "clinical isolate CH3484"
[1] NA
[1] "clinical isolate M70564993 WT"
[1] NA
[1] "clinical isolate M70564993 WT"
[1] NA
[1] "clinical isolate M70564993 WT"
[1] NA
[1] "clinical isolate M70564993 WT"
[1] NA
[1] "clinical isolate M70564993 passage 18"
[1] NA
[1] "clinical isolate M70564993 passage 18"
[1] NA
