[1] NA
[1] "Huh7.5 cell line"
[1] NA
[1] "Huh7.5 cell line"
[1] NA
[1] "Huh7.5 cell line"
[1] NA
[1] "Huh7.5 cell line"
[1] NA
[1] "HeLa cell line"
[1] NA
[1] "HeLa cell line"
[1] NA
[1] "HEK293 cell line"
[1] NA
[1] "HEK293 cell line"
[1] NA
[1] "Bacterial cells (DH5-alpha)"
[1] NA
[1] "Bacterial cells (DH5-alpha)"
[1] NA
[1] "Yeast cells"
[1] NA
[1] "Yeast cells"
[1] NA
[1] "Huh7.5 cell line"
[1] NA
[1] "Huh7.5 cell line"
[1] NA
[1] "Huh7.5 cell line"
[1] NA
[1] "Huh7.5 cell line"
[1] NA
[1] "HeLa cell line"
[1] NA
[1] "HeLa cell line"
[1] NA
[1] "HeLa cell line"
[1] NA
[1] "HeLa cell line"
[1] NA
