[1] "log of ch1 % of total / ch2 % of total"
[1] "14028s RNA"
[1] NA
[1] "14028s RNA"
[1] NA
[1] "14028s RNA"
[1] NA
[1] "14028s RNA"
[1] NA
[1] "14028s RNA"
[1] NA
[1] "14028s RNA"
[1] NA
[1] "14028s RNA"
[1] NA
[1] "14028s RNA"
[1] NA
[1] "14028s RNA"
[1] NA
[1] "14028s RNA"
[1] NA
[1] "14028s RNA"
[1] NA
[1] "14028s RNA"
[1] NA
[1] "14028s RNA"
[1] NA
[1] "14028s RNA"
[1] NA
[1] "14028s RNA"
[1] NA
[1] "14028s RNA"
[1] NA
[1] "14028s RNA"
[1] NA
[1] "14028s RNA"
[1] NA
[1] "14028s RNA"
[1] NA
[1] "14028s RNA"
[1] NA
[1] "14028s RNA"
[1] NA
[1] "14028s RNA"
[1] NA
[1] "14028s RNA"
[1] NA
[1] "14028s RNA"
[1] NA
[1] "14028s RNA"
[1] NA
[1] "14028s RNA"
[1] NA
[1] "14028s RNA"
[1] NA
[1] "14028s RNA"
[1] NA
[1] "14028s RNA"
[1] NA
[1] "14028s RNA"
[1] NA
[1] "RNA"
[1] NA
[1] "RNA"
[1] NA
[1] "RNA"
[1] NA
[1] "14028s RNA"
[1] NA
[1] "14028s RNA"
[1] NA
[1] "14028s RNA"
[1] NA
[1] "14028s RNA"
[1] NA
[1] "14028s RNA"
[1] NA
[1] "14028s RNA"
[1] NA
[1] "14028s RNA"
[1] NA
[1] "14028s RNA"
[1] NA
[1] "14028s RNA"
[1] NA
[1] "14028s RNA"
[1] NA
[1] "14028s RNA"
[1] NA
[1] "14028s RNA"
[1] NA
[1] "14028s RNA"
[1] NA
[1] "14028s RNA"
[1] NA
[1] "14028s RNA"
[1] NA
[1] "14028s RNA"
[1] NA
[1] "14028s RNA"
[1] NA
[1] "14028s RNA"
[1] NA
[1] "14028s RNA"
[1] NA
[1] "14028s RNA"
[1] NA
[1] "14028s RNA"
[1] NA
[1] "14028s RNA"
[1] NA
[1] "14028s RNA"
[1] NA
[1] "14028s RNA"
[1] NA
[1] "14028s RNA"
[1] NA
[1] "14028s RNA"
[1] NA
[1] "14028s RNA"
[1] NA
[1] "14028s RNA"
[1] NA
[1] "14028s RNA"
[1] NA
[1] "14028s RNA"
[1] NA
[1] "14028s RNA"
[1] NA
[1] "14028s RNA"
[1] NA
[1] "14028s RNA"
[1] NA
[1] "14028s RNA"
[1] NA
[1] "14028s RNA"
[1] NA
[1] "14028s RNA"
[1] NA
[1] "14028s RNA"
[1] NA
[1] "14028s RNA"
[1] NA
[1] "14028s RNA"
[1] NA
[1] "14028s RNA"
[1] NA
[1] "14028s RNA"
[1] NA
[1] "14028s RNA"
[1] NA
[1] "14028s RNA"
[1] NA
[1] "14028s RNA"
[1] NA
[1] "14028s RNA"
[1] NA
[1] "BH129 RNA(isogenic UK1 ptsI mutant)"
[1] NA
[1] "BH129 RNA(isogenic UK1 ptsI mutant)"
[1] NA
[1] "BH129 RNA(isogenic UK1 ptsI mutant)"
[1] NA
[1] "BH129 RNA(isogenic UK1 ptsI mutant)"
[1] NA
[1] "BH129 RNA(isogenic UK1 ptsI mutant)"
[1] NA
[1] "BH129 RNA(isogenic UK1 ptsI mutant)"
[1] NA
[1] "BH129 RNA(isogenic UK1 ptsI mutant)"
[1] NA
[1] "BH129 RNA(isogenic UK1 ptsI mutant)"
[1] NA
[1] "BH129 RNA(isogenic UK1 ptsI mutant)"
[1] NA
[1] "BH129 RNA(isogenic UK1 ptsI mutant)"
[1] NA
[1] "BH129 RNA(isogenic UK1 ptsI mutant)"
[1] NA
[1] "BH129 RNA(isogenic UK1 ptsI mutant)"
[1] NA
[1] "BH129 RNA(isogenic UK1 ptsI mutant)"
[1] NA
[1] "BH129 RNA(isogenic UK1 ptsI mutant)"
[1] NA
[1] "BH129 RNA(isogenic UK1 ptsI mutant)"
[1] NA
[1] "BH129 RNA(isogenic UK1 ptsI mutant)"
[1] NA
[1] "BH129 RNA(isogenic UK1 ptsI mutant)"
[1] NA
[1] "BH129 RNA(isogenic UK1 ptsI mutant)"
[1] NA
