[1] NA
[1] "Endura Electrocompetent cells"
[1] NA
[1] "Endura Electrocompetent cells"
[1] NA
[1] "Endura Electrocompetent cells"
[1] NA
[1] "Endura Electrocompetent cells"
[1] NA
[1] "Endura Electrocompetent cells"
[1] NA
[1] "Endura Electrocompetent cells"
[1] NA
[1] "Endura Electrocompetent cells"
[1] NA
[1] "Endura Electrocompetent cells"
[1] NA
[1] "Endura Electrocompetent cells"
[1] NA
[1] "Endura Electrocompetent cells"
[1] NA
[1] "Endura Electrocompetent cells"
[1] NA
[1] "Endura Electrocompetent cells"
[1] NA
[1] "Endura Electrocompetent cells"
[1] NA
[1] "Endura Electrocompetent cells"
[1] NA
[1] "Endura Electrocompetent cells"
[1] NA
[1] "Endura Electrocompetent cells"
[1] NA
[1] "Endura Electrocompetent cells"
[1] NA
[1] "Endura Electrocompetent cells"
[1] NA
[1] "K562"
[1] NA
[1] "K562"
[1] NA
[1] "K562"
[1] NA
[1] "K562"
[1] NA
[1] "K562"
[1] NA
[1] "K562"
[1] NA
[1] "K562"
[1] NA
[1] "K562"
[1] NA
[1] "K562"
[1] NA
[1] "K562"
[1] NA
[1] "K562"
[1] NA
[1] "K562"
[1] NA
