[1] "MAS5.0 signal intensity"
[1] "media= TSB time point 0 replicate 1"
[1] NA
[1] "media= TSB time point 30 replicate 1"
[1] NA
[1] "media= TSB time point 60 replicate 1"
[1] NA
[1] "media= TSB time point 90 replicate 1"
[1] NA
[1] "media= TSB time point 120 replicate 1"
[1] NA
[1] "media= Serum time point 30 replicate 1"
[1] NA
[1] "media= Serum time point 60 replicate 1"
[1] NA
[1] "media= Serum time point 90 replicate 1"
[1] NA
[1] "media= Serum time point 120 replicate 1"
[1] NA
[1] "media= Blood time point 30 replicate 1"
[1] NA
[1] "media= Blood time point 60 replicate 1"
[1] NA
[1] "media= Blood time point 90 replicate 1"
[1] NA
[1] "media= Blood time point 120 replicate 1"
[1] NA
[1] "media= TSB time point 0 replicate 2"
[1] NA
[1] "media= TSB time point 90 replicate 2"
[1] NA
[1] "media= TSB time point 120 replicate 2"
[1] NA
[1] "media= Serum time point 90 replicate 2"
[1] NA
[1] "media= Serum time point 120 replicate 2"
[1] NA
[1] "media= Blood time point 30 replicate 2"
[1] NA
[1] "media= Blood time point 60 replicate 2"
[1] NA
[1] "media= Blood time point 90 replicate 2"
[1] NA
[1] "media= Blood time point 120 replicate 2"
[1] NA
[1] "media= TSB time point 0 replicate 3"
[1] NA
[1] "media= TSB time point 30 replicate 3"
[1] NA
[1] "media= TSB time point 60 replicate 3"
[1] NA
[1] "media= TSB time point 90 replicate 3"
[1] NA
[1] "media= TSB time point 120 replicate 3"
[1] NA
[1] "media= Serum time point 30 replicate 3"
[1] NA
[1] "media= Serum time point 60 replicate 3"
[1] NA
[1] "media= Serum time point 90 replicate 3"
[1] NA
[1] "media= Serum time point 120 replicate 3"
[1] NA
[1] "media= Blood time point 30 replicate 3"
[1] NA
[1] "media= Blood time point 60 replicate 3"
[1] NA
[1] "media= Blood time point 90 replicate 3"
[1] NA
[1] "media= Blood time point 120 replicate 3"
[1] NA
[1] "media= TSB time point 0 replicate 4"
[1] NA
[1] "media= TSB time point 30 replicate 4"
[1] NA
[1] "media= TSB time point 60 replicate 4"
[1] NA
[1] "media= TSB time point 90 replicate 4"
[1] NA
[1] "media= TSB time point 120 replicate 4"
[1] NA
[1] "media= Serum time point 30 replicate 4"
[1] NA
[1] "media= Serum time point 60 replicate 4"
[1] NA
[1] "media= Serum time point 90 replicate 4"
[1] NA
[1] "media= Serum time point 120 replicate 4"
[1] NA
[1] "media= Blood time point 30 replicate 4"
[1] NA
[1] "media= Blood time point 60 replicate 4"
[1] NA
[1] "media= Blood time point 90 replicate 4"
[1] NA
[1] "media= Blood time point 120 replicate 4"
[1] NA
[1] "media= TSB time point 0 replicate 5"
[1] NA
[1] "media= TSB time point 30 replicate 5"
[1] NA
[1] "media= TSB time point 60 replicate 5"
[1] NA
[1] "media= TSB time point 90 replicate 5"
[1] NA
[1] "media= TSB time point 120 replicate 5"
[1] NA
[1] "media= Serum time point 30 replicate 5"
[1] NA
[1] "media= Serum time point 60 replicate 5"
[1] NA
[1] "media= Serum time point 90 replicate 5"
[1] NA
[1] "media= Serum time point 120 replicate 5"
[1] NA
[1] "media= Blood time point 30 replicate 5"
[1] NA
[1] "media= Blood time point 60 replicate 5"
[1] NA
[1] "media= Blood time point 90 replicate 5"
[1] NA
[1] "media= Blood time point 120 replicate 5"
[1] NA
[1] "media= TSB time point 0 replicate 6"
[1] NA
[1] "media= TSB time point 30 replicate 6"
[1] NA
[1] "media= TSB time point 60 replicate 6"
[1] NA
[1] "media= TSB time point 90 replicate 6"
[1] NA
[1] "media= TSB time point 120 replicate 6"
[1] NA
[1] "media= Serum time point 30 replicate 6"
[1] NA
[1] "media= Serum time point 60 replicate 6"
[1] NA
[1] "media= Serum time point 90 replicate 6"
[1] NA
[1] "media= Serum time point 120 replicate 6"
[1] NA
[1] "media= Blood time point 30 replicate 6"
[1] NA
[1] "media= Blood time point 60 replicate 6"
[1] NA
[1] "media= Blood time point 90 replicate 6"
[1] NA
[1] "media= Blood time point 120 replicate 6"
[1] NA
[1] "wild type USA300 strain- rep 1"
[1] NA
[1] "wild type USA300 strain-rep 2"
[1] NA
[1] "wild type USA300 strain-rep 3"
[1] NA
[1] "hlgABC-deletion strainderived from wild type USA300-rep 1"
[1] NA
[1] "hlgABC-deletion strainderived from wild type USA300-rep 2"
[1] NA
[1] "hlgABC-deletion strainderived from wild type USA300-rep 3"
[1] NA
