[1] "log2(QUERY/REF), i.e., the base 2 logarithm of the ratio of QUERY INTEGRATED_INTENSITY over REF_INTEGRATED_INTENSITY"
[1] "Staphylococcus aureus 1422/early log phase(30 min)"
[1] "30"
[1] "108000"
[1] "Staphylococcus aureus 1422/mid log phase (60 min)"
[1] "60"
[1] "216000"
[1] "Staphylococcus aureus 1422/late log phase (90 min)"
[1] "90"
[1] "324000"
[1] "Staphylococcus aureus 1422/early stationary phase (120 min)"
[1] "120"
[1] "432000"
[1] "Staphylococcus aureus 1422/early log phase(30 min)"
[1] "30"
[1] "108000"
[1] "Staphylococcus aureus 1422/mid log phase (60 min)"
[1] "60"
[1] "216000"
[1] "Staphylococcus aureus 1422/late log phase (90 min)"
[1] "90"
[1] "324000"
[1] "Staphylococcus aureus 1422/early stationary phase (120 min)"
[1] "120"
[1] "432000"
[1] "Staphylococcus aureus 1422/early log phase(30 min)"
[1] "30"
[1] "108000"
[1] "Staphylococcus aureus 1422/mid log phase (60 min)"
[1] "60"
[1] "216000"
[1] "Staphylococcus aureus 1422/late log phase (90 min)"
[1] "90"
[1] "324000"
[1] "Staphylococcus aureus 1422/early stationary phase (120 min)"
[1] "120"
[1] "432000"
[1] "Staphylococcus aureus 1422/early stationary phase (120 min)"
[1] "120"
[1] "432000"
[1] "Staphylococcus aureus 1422/late log phase (90 min)"
[1] "90"
[1] "324000"
[1] "Staphylococcus aureus 1422/mid log phase (60 min)"
[1] "60"
[1] "216000"
[1] "Staphylococcus aureus 1422/early log phase(30 min)"
[1] "30"
[1] "108000"
[1] "Staphylococcus aureus 1422/early stationary phase (120 min)"
[1] "120"
[1] "432000"
[1] "Staphylococcus aureus 1422/late log phase (90 min)"
[1] "90"
[1] "324000"
[1] "Staphylococcus aureus 1422/mid log phase (60 min)"
[1] "60"
[1] "216000"
[1] "Staphylococcus aureus 1422/early log phase(30 min)"
[1] "30"
[1] "108000"
[1] "Staphylococcus aureus 1422/early stationary phase (120 min)"
[1] "120"
[1] "432000"
[1] "Staphylococcus aureus 1422/late log phase (90 min)"
[1] "90"
[1] "324000"
[1] "Staphylococcus aureus 1422/mid log phase (60 min)"
[1] "60"
[1] "216000"
[1] "Staphylococcus aureus 1422/early log phase(30 min)"
[1] "30"
[1] "108000"
 [1] "0"      "108000" "216000" "324000" "0"      "108000" "216000" "324000"
 [9] "0"      "108000" "216000" "324000" "324000" "216000" "108000" "0"     
[17] "324000" "216000" "108000" "0"      "324000" "216000" "108000" "0"     
 [1] "ID"                            "SEQUENCE"                     
 [3] "GC%"                           "Internal Repeat Score"        
 [5] "Self-Annealing Score"          "Primary Strain"               
 [7] "Primary Target"                "Common Name of Primary Target"
 [9] "Gene Symbol"                   "Strain pLW043"                
[11] "Strain USA300"                 "Strain MRSA252"               
[13] "Strain MSSA476"                "Strain COL"                   
[15] "Strain Mu50"                   "Strain MW2"                   
[17] "Strain N315"                   "ORF"                          
[19] "SPOT_ID"                      
[1] "gene symbol column not found. searching for ORF column..."
[1] "orf column not found: checking for '//' exeption..."
