[1] "log2 RMA signal intensity"
[1] "P. aeruginosa strain C2773C, replicate 1"
[1] NA
[1] "P. aeruginosa strain C2773C, replicate 2"
[1] NA
[1] "P. aeruginosa strain C3470C, replicate 1"
[1] NA
[1] "P. aeruginosa strain C3470C, replicate 2"
[1] NA
[1] "P. aeruginosa strain C3639M, replicate 1"
[1] NA
[1] "P. aeruginosa strain C3639M, replicate 2"
[1] NA
[1] "P. aeruginosa strain C3640D, replicate 1"
[1] NA
[1] "P. aeruginosa strain C3640D, replicate 2"
[1] NA
[1] "P. aeruginosa strain C4278M, replicate 1"
[1] NA
[1] "P. aeruginosa strain C4278M, replicate 2"
[1] NA
[1] "P. aeruginosa strain C1913C, replicate 1"
[1] NA
[1] "P. aeruginosa strain C1913C, replicate 2"
[1] NA
[1] "P. aeruginosa strain C4218C, replicate 1"
[1] NA
[1] "P. aeruginosa strain C4218C, replicate 2"
[1] NA
[1] "P. aeruginosa strain C4219D, replicate 1"
[1] NA
[1] "P. aeruginosa strain C4219D, replicate 2"
[1] NA
[1] "P. aeruginosa strain C4220M, replicate 1"
[1] NA
[1] "P. aeruginosa strain C4220M, replicate 2"
[1] NA
[1] "P. aeruginosa strain C5912M, replicate 1"
[1] NA
[1] "P. aeruginosa strain C5912M, replicate 2"
[1] NA
[1] "P. aeruginosa strain C5913C, replicate 1"
[1] NA
[1] "P. aeruginosa strain C5913C, replicate 2"
[1] NA
[1] "P. aeruginosa strain C5914M, replicate 1"
[1] NA
[1] "P. aeruginosa strain C5914M, replicate 2"
[1] NA
[1] "P. aeruginosa strain C0324C, replicate 1"
[1] NA
[1] "P. aeruginosa strain C0324C, replicate 2"
[1] NA
[1] "P. aeruginosa strain C0476M, replicate 1"
[1] NA
[1] "P. aeruginosa strain C0476M, replicate 2"
[1] NA
[1] "P. aeruginosa strain C2159M, replicate 1"
[1] NA
[1] "P. aeruginosa strain C2159M, replicate 2"
[1] NA
[1] "P. aeruginosa strain C3488D, replicate 1"
[1] NA
[1] "P. aeruginosa strain C3488D, replicate 2"
[1] NA
[1] "P. aeruginosa strain C5623M, replicate 1"
[1] NA
[1] "P. aeruginosa strain C5623M, replicate 2"
[1] NA
[1] "P. aeruginosa strain PAO1, replicate 1"
[1] NA
[1] "P. aeruginosa strain PAO1, replicate 2"
[1] NA
[1] "P. aeruginosa strain PA14, replicate 1"
[1] NA
[1] "P. aeruginosa strain PA14, replicate 2"
[1] NA
