[1] NA
[1] "Solid cell culture"
[1] NA
[1] "Solid cell culture"
[1] NA
[1] "Solid cell culture"
[1] NA
[1] "Solid cell culture"
[1] NA
[1] "Solid cell culture"
[1] NA
[1] "Solid cell culture"
[1] NA
[1] "Solid cell culture"
[1] NA
[1] "Solid cell culture"
[1] NA
[1] "Solid cell culture"
[1] NA
[1] "Solid cell culture"
[1] NA
[1] "Solid cell culture"
[1] NA
[1] "Solid cell culture"
[1] NA
[1] "Solid cell culture"
[1] NA
[1] "Solid cell culture"
[1] NA
[1] "Solid cell culture"
[1] NA
[1] "Solid cell culture"
[1] NA
[1] "Solid cell culture"
[1] NA
[1] "Solid cell culture"
[1] NA
