[1] NA
[1] "MG1655"
[1] NA
[1] "MG1655"
[1] NA
[1] "14028s"
[1] NA
[1] "14028s"
[1] NA
[1] "DBS100"
[1] NA
[1] "ATCC13047"
[1] NA
[1] "KPNIH01"
[1] NA
[1] "Db11"
[1] NA
[1] "MG1655"
[1] NA
[1] "MG1655"
[1] NA
[1] "14028s"
[1] NA
[1] "14028s"
[1] NA
[1] "DBS100"
[1] NA
[1] "ATCC13047"
[1] NA
[1] "KPNIH01"
[1] NA
[1] "Db11"
[1] NA
[1] "MG1655"
[1] NA
[1] "MG1655"
[1] NA
[1] "14028s"
[1] NA
[1] "14028s"
[1] NA
[1] "DBS100"
[1] NA
[1] "ATCC13047"
[1] NA
[1] "KPNIH01"
[1] NA
[1] "Db11"
[1] NA
[1] "MG1655"
[1] NA
[1] "MG1655"
[1] NA
[1] "14028s"
[1] NA
[1] "14028s"
[1] NA
[1] "DBS100"
[1] NA
[1] "ATCC13047"
[1] NA
[1] "KPNIH01"
[1] NA
[1] "Db11"
[1] NA
[1] "MG1655"
[1] NA
[1] "MG1655"
[1] NA
[1] "14028s"
[1] NA
[1] "14028s"
[1] NA
[1] "DBS100"
[1] NA
[1] "ATCC13047"
[1] NA
[1] "KPNIH01"
[1] NA
[1] "Db11"
[1] NA
[1] "MG1655"
[1] NA
[1] "MG1655"
[1] NA
[1] "14028s"
[1] NA
[1] "14028s"
[1] NA
[1] "DBS100"
[1] NA
[1] "ATCC13047"
[1] NA
[1] "KPNIH01"
[1] NA
[1] "Db11"
[1] NA
[1] "MG1655"
[1] NA
[1] "MG1655"
[1] NA
[1] "14028s"
[1] NA
[1] "14028s"
[1] NA
[1] "DBS100"
[1] NA
[1] "ATCC13047"
[1] NA
[1] "KPNIH01"
[1] NA
[1] "Db11"
[1] NA
[1] "MG1655"
[1] NA
[1] "MG1655"
[1] NA
[1] "14028s"
[1] NA
[1] "14028s"
[1] NA
[1] "DBS100"
[1] NA
[1] "ATCC13047"
[1] NA
[1] "KPNIH01"
[1] NA
[1] "Db11"
[1] NA
