[1] "LOG10 of test/ reference ratio values were normalized with respect to the mean value of all fluorescence ratios."
[1] "H37Rv"
[1] NA
[1] "H37Rv"
[1] NA
[1] "G4B1.2"
[1] NA
[1] "H37Rv"
[1] NA
[1] "H37Rv"
[1] NA
[1] "HN878"
[1] NA
[1] "H37Rv"
[1] NA
[1] "00 4661"
[1] NA
[1] "H37Rv"
[1] NA
[1] "97 1039"
[1] NA
[1] "H37Rv"
[1] NA
[1] "59660"
[1] NA
[1] "H37Rv"
[1] NA
[1] "H37Rv"
[1] NA
[1] "STR 049"
[1] NA
[1] "H37Rv"
[1] NA
[1] "H37Rv"
[1] NA
[1] "W10"
[1] NA
[1] "HN878-wt-27"
[1] NA
[1] "H37Rv"
[1] NA
[1] "HN878-wt-45"
[1] NA
[1] "H37Rv"
[1] NA
[1] "H37Rv"
[1] NA
[1] "HN878-25 (dosR2::hyg)"
[1] NA
[1] "HN878-58 (dosR1::hyg)"
[1] NA
[1] "HN878-58 (dosR1::hyg)"
[1] NA
