[1] NA
[1] "bacterial cell"
[1] NA
[1] "bacterial cell"
[1] NA
[1] "bacterial cell"
[1] NA
[1] "bacterial cell"
[1] NA
[1] "bacterial cell"
[1] NA
[1] "bacterial cell"
[1] NA
[1] "bacterial cell"
[1] NA
[1] "bacterial cell"
[1] NA
[1] "bacterial cell"
[1] NA
[1] "bacterial cell"
[1] NA
[1] "bacterial cell"
[1] NA
[1] "bacterial cell"
[1] NA
[1] "bacterial cell"
[1] NA
[1] "bacterial cell"
[1] NA
[1] "bacterial cell"
[1] NA
[1] "bacterial cell"
[1] NA
[1] "bacterial cell"
[1] NA
[1] "bacterial cell"
[1] NA
[1] "bacterial cell"
[1] NA
[1] "bacterial cell"
[1] NA
[1] "bacterial cell"
[1] NA
[1] "bacterial cell"
[1] NA
[1] "bacterial cell"
[1] NA
[1] "bacterial cell"
[1] NA
[1] "bacterial cell"
[1] NA
[1] "bacterial cell"
[1] NA
[1] "bacterial cell"
[1] NA
[1] "bacterial cell"
[1] NA
[1] "bacterial cell"
[1] NA
[1] "bacterial cell"
[1] NA
[1] "bacterial cell"
[1] NA
[1] "bacterial cell"
[1] NA
[1] "bacterial cell"
[1] NA
[1] "bacterial cell"
[1] NA
[1] "bacterial cell"
[1] NA
[1] "bacterial cell"
[1] NA
[1] "bacterial cell"
[1] NA
[1] "bacterial cell"
[1] NA
[1] "bacterial cell"
[1] NA
[1] "bacterial cell"
[1] NA
[1] "bacterial cell"
[1] NA
[1] "bacterial cell"
[1] NA
[1] "bacterial cell"
[1] NA
[1] "bacterial cell"
[1] NA
[1] "bacterial cell"
[1] NA
[1] "bacterial cell"
[1] NA
[1] "bacterial cell"
[1] NA
[1] "bacterial cell"
[1] NA
[1] "bacterial cell"
[1] NA
