[1] NA
[1] "Control strain exponentially grown in the absence of histidine"
[1] NA
[1] "Control strain exponentially grown in the absence of histidine"
[1] NA
[1] "Control strain exponentially grown in the absence of histidine"
[1] NA
[1] "Control strain exponentially grown in the presence of histidine (1 mM)"
[1] NA
[1] "Control strain exponentially grown in the presence of histidine (1 mM)"
[1] NA
[1] "Control strain exponentially grown in the presence of histidine (1 mM)"
[1] NA
[1] "HisC rewired strain exponentially grown in the absence of histidine"
[1] NA
[1] "HisC rewired strain exponentially grown in the absence of histidine"
[1] NA
[1] "HisC rewired strain exponentially grown in the absence of histidine"
[1] NA
[1] "HisC rewired strain exponentially grown in the presence of histidine (1 mM)"
[1] NA
[1] "HisC rewired strain exponentially grown in the presence of histidine (1 mM)"
[1] NA
[1] "HisC rewired strain exponentially grown in the presence of histidine (1 mM)"
[1] NA
