[1] NA
[1] "mc26230"
[1] NA
[1] "mc26230"
[1] NA
[1] "mc26230"
[1] NA
[1] "mc26230"
[1] NA
[1] "mc26230"
[1] NA
[1] "mc26230"
[1] NA
[1] "mc26230"
[1] NA
[1] "mc26230"
[1] NA
[1] "mc26230"
[1] NA
[1] "mc26230"
[1] NA
[1] "mc26230"
[1] NA
[1] "mc26230"
[1] NA
[1] "mc26230"
[1] NA
[1] "mc26230"
[1] NA
[1] "mc26230"
[1] NA
[1] "mc26230"
[1] NA
[1] "mc26230"
[1] NA
[1] "mc26230"
[1] NA
[1] "mc26230"
[1] NA
[1] "mc26230"
[1] NA
[1] "mc26230"
[1] NA
[1] "mc26230"
[1] NA
[1] "mc26230"
[1] NA
[1] "mc26230"
[1] NA
[1] "mc26230"
[1] NA
[1] "mc26230"
[1] NA
[1] "mc26230"
[1] NA
[1] "mc26230"
[1] NA
[1] "mc26230"
[1] NA
[1] "mc26230"
[1] NA
[1] "mc26230"
[1] NA
[1] "mc26230"
[1] NA
[1] "mc26230"
[1] NA
[1] "mc26230"
[1] NA
[1] "mc26230"
[1] NA
[1] "mc26230"
[1] NA
[1] "mc26230"
[1] NA
[1] "mc26230"
[1] NA
[1] "mc26230"
[1] NA
[1] "mc26230"
[1] NA
[1] "mc26230"
[1] NA
[1] "mc26230"
[1] NA
[1] "mc26230"
[1] NA
[1] "mc26230"
[1] NA
