[1] "log2 of mutant/average of fur"
[1] "fur fsrA, LB, mid-log"
[1] NA
[1] "fur fsrA, LB, mid-log"
[1] NA
[1] "fur, LB, mid-log"
[1] NA
[1] "fur, LB, mid-log"
[1] NA
[1] "fur, LB, mid-log"
[1] NA
[1] "fur fbpAB, LB, mid-log"
[1] NA
[1] "fur fbpC, LB, mid-log"
[1] NA
[1] "fur fbpC, LB, mid-log"
[1] NA
[1] "fur, LB, mid-log"
[1] NA
[1] "fur, LB, mid-log"
[1] NA
[1] "fur, LB, mid-log"
[1] NA
[1] "fur fbpABC, LB, mid-log"
[1] NA
[1] "fur, LB, mid-log"
[1] NA
[1] "fur, LB, mid-log"
[1] NA
[1] "WT, LB, mid-log"
[1] NA
