[1] NA
[1] "Enterobacteria"
[1] NA
[1] "Enterobacteria"
[1] NA
[1] "Enterobacteria"
[1] NA
[1] "Enterobacteria"
[1] NA
[1] "Enterobacteria"
[1] NA
[1] "Enterobacteria"
[1] NA
[1] "Enterobacteria"
[1] NA
[1] "Enterobacteria"
[1] NA
[1] "Enterobacteria"
[1] NA
[1] "Enterobacteria"
[1] NA
[1] "Enterobacteria"
[1] NA
[1] "Enterobacteria"
[1] NA
[1] "Enterobacteria"
[1] NA
[1] "Enterobacteria"
[1] NA
[1] "Enterobacteria"
[1] NA
[1] "Enterobacteria"
[1] NA
[1] "Enterobacteria"
[1] NA
[1] "Enterobacteria"
[1] NA
[1] "Enterobacteria"
[1] NA
[1] "Enterobacteria"
[1] NA
[1] "Enterobacteria"
[1] NA
[1] "Enterobacteria"
[1] NA
[1] "Enterobacteria"
[1] NA
[1] "Enterobacteria"
[1] NA
[1] "Enterobacteria"
[1] NA
[1] "Enterobacteria"
[1] NA
[1] "Enterobacteria"
[1] NA
[1] "Enterobacteria"
[1] NA
[1] "Enterobacteria"
[1] NA
[1] "Enterobacteria"
[1] NA
[1] "Enterobacteria"
[1] NA
[1] "Enterobacteria"
[1] NA
[1] "Enterobacteria"
[1] NA
[1] "Enterobacteria"
[1] NA
[1] "Enterobacteria"
[1] NA
[1] "Enterobacteria"
[1] NA
[1] "Enterobacteria"
[1] NA
[1] "Enterobacteria"
[1] NA
[1] "Enterobacteria"
[1] NA
[1] "Enterobacteria"
[1] NA
[1] "Enterobacteria"
[1] NA
[1] "Enterobacteria"
[1] NA
[1] "Enterobacteria"
[1] NA
[1] "Enterobacteria"
[1] NA
[1] "Enterobacteria"
[1] NA
[1] "Enterobacteria"
[1] NA
[1] "Enterobacteria"
[1] NA
[1] "Enterobacteria"
[1] NA
[1] "Enterobacteria"
[1] NA
[1] "Enterobacteria"
[1] NA
[1] "Enterobacteria"
[1] NA
[1] "Enterobacteria"
[1] NA
[1] "Enterobacteria"
[1] NA
[1] "Enterobacteria"
[1] NA
[1] "Enterobacteria"
[1] NA
