[1] "GCOS intensity normalized as described above (data processing)"
[1] "wild type genomic DNA was partially digested with DNaseI as a reference"
[1] NA
[1] "wild type cells collected at hour 4 under continuous light (LL)"
[1] NA
[1] "wild type cells collected at hour 8 under continuous light (LL)"
[1] NA
[1] "wild type cells collected at hour 12 under continuous light (LL)"
[1] NA
[1] "wild type cells collected at hour 16 under continuous light (LL)"
[1] NA
[1] "wild type cells collected at hour 20 under continuous light (LL)"
[1] NA
[1] "wild type cells collected at hour 24 under continuous light (LL)"
[1] NA
[1] "rpoD6-null mutant cells collected at hour 4 under continuous light (LL)"
[1] NA
[1] "rpoD6-null mutant cells collected at hour 8 under continuous light (LL)"
[1] NA
[1] "rpoD6-null mutant cells collected at hour 12 under continuous light (LL)"
[1] NA
[1] "rpoD6-null mutant cells collected at hour 16 under continuous light (LL)"
[1] NA
[1] "rpoD6-null mutant cells collected at hour 20 under continuous light (LL)"
[1] NA
[1] "rpoD6-null mutant cells collected at hour 24 under continuous light (LL)"
[1] NA
[1] "sasA-null mutant cells collected at hour 4 under continuous light (LL)"
[1] NA
[1] "sasA-null mutant cells collected at hour 8 under continuous light (LL)"
[1] NA
[1] "sasA-null mutant cells collected at hour 12 under continuous light (LL)"
[1] NA
[1] "sasA-null mutant cells collected at hour 24 under continuous light (LL)"
[1] NA
[1] "rpaA-null mutant cells collected at hour 4 under continuous light (LL)"
[1] NA
[1] "rpaA-null mutant cells collected at hour 8 under continuous light (LL)"
[1] NA
[1] "rpaA-null mutant cells collected at hour 12 under continuous light (LL)"
[1] NA
[1] "rpaA-null mutant cells collected at hour 24 under continuous light (LL)"
[1] NA
