[1] "MAS5 normalized signal"
[1] "liquid culture 7 hrs 0.1xTY"
[1] "7"
[1] "25200"
[1] "liquid culture 7 hrs 0.1xTY"
[1] "7"
[1] "25200"
[1] "liquid culture 7 hrs 0.1xTY"
[1] "7"
[1] "25200"
[1] "liquid culture 7 hrs 0.1xTY+Pi 25 mM+200 uM U-50,488"
[1] "7"
[1] "25200"
[1] "liquid culture 7 hrs 0.1xTY+Pi 25 mM+200 uM U-50,488"
[1] "7"
[1] "25200"
[1] "liquid culture 7 hrs 0.1xTY+Pi 25 mM+200 uM U-50,488"
[1] "7"
[1] "25200"
[1] "liquid culture 7 hrs 0.1xTY+200 uM U-50,488"
[1] "7"
[1] "25200"
[1] "liquid culture 7 hrs 0.1xTY+200 uM U-50,488"
[1] "7"
[1] "25200"
[1] "liquid culture 7 hrs 0.1xTY+200 uM U-50,488"
[1] "7"
[1] "25200"
[1] "liquid culture 7 hrs 0.1xTY+Pi 25 mM"
[1] "7"
[1] "25200"
[1] "liquid culture 7 hrs 0.1xTY+Pi 25 mM"
[1] "7"
[1] "25200"
[1] "liquid culture 7 hrs 0.1xTY+Pi 25 mM"
[1] "7"
[1] "25200"
