[1] "log2 normalized expresson ratio of strain TW07961/TW011029"
[1] "strain TW07961"
[1] NA
[1] "strain TW14279"
[1] NA
[1] "strain TW04863"
[1] NA
[1] "strain TW11110"
[1] NA
[1] "strain TW10012"
[1] NA
[1] "strain TW11028"
[1] NA
[1] "strain TW08609"
[1] NA
[1] "strain TW10012"
[1] NA
[1] "strain TW11032"
[1] NA
[1] "strain TW10045"
[1] NA
[1] "strain TW09098"
[1] NA
[1] "strain TW07961"
[1] NA
[1] "strain TW08623"
[1] NA
[1] "strain TW14359"
[1] NA
[1] "strain TW11308"
[1] NA
[1] "strain TW08030"
[1] NA
[1] "strain TW08623"
[1] NA
[1] "strain TW14359"
[1] NA
[1] "strain TW08610"
[1] NA
[1] "strain TW11029"
[1] NA
[1] "strain TW07937"
[1] NA
[1] "strain TW11185"
[1] NA
[1] "strain TW08609"
[1] NA
[1] "strain TW11028"
[1] NA
[1] "strain TW11029"
[1] NA
[1] "strain TW09189"
[1] NA
[1] "strain TW11185"
[1] NA
[1] "strain TW14359"
[1] NA
[1] "strain TW11037"
[1] NA
[1] "strain TW02883"
[1] NA
[1] "strain TW07591"
[1] NA
[1] "strain TW14313"
[1] NA
[1] "strain TW09189"
[1] NA
[1] "strain TW11032"
[1] NA
[1] "strain TW08635"
[1] NA
[1] "strain TW08609"
[1] NA
