[1] "log2(QUERY/REF), i.e., the base 2 logarithm of the ratio of QUERY INTEGRATED_INTENSITY over REF_INTEGRATED_INTENSITY"
[1] "M. tuberculosis CDC1551 strain Cy3 cell culture growing in the suplemented with Cu"
[1] NA
[1] "M. tuberculosis CDC1551 strain Cy3 cell culture growing in the suplemented with Cu"
[1] NA
[1] "M. tuberculosis mpA strain Cy3 cell culture growing in the suplemented with Cu"
[1] NA
[1] "M. tuberculosis mpA strain Cy3 cell culture growing in the suplemented with Cu"
[1] NA
[1] "M. tuberculosis CDC1551 strain Cy3 cell culture growing to mid log"
[1] NA
[1] "M. tuberculosis CDC1551 strain Cy3 cell culture growing to mid log"
[1] NA
[1] "M. tuberculosis mpA strain Cy3 cell culture growing to mid log"
[1] NA
[1] "M. tuberculosis CDC1551 strain Cy3 cell culture growing in the suplemented with Cu"
[1] NA
[1] "M. tuberculosis CDC1551 strain Cy3 cell culture growing in the suplemented with Cu"
[1] NA
[1] "M. tuberculosis pafA strain Cy3 cell culture growing in the suplemented with Cu"
[1] NA
[1] "M. tuberculosis pafA strain Cy3 cell culture growing in the suplemented with Cu"
[1] NA
[1] "M. tuberculosis CDC1551 strain Cy3 cell culture growing to mid log"
[1] NA
[1] "M. tuberculosis CDC1551 strain Cy3 cell culture growing to mid log"
[1] NA
[1] "M. tuberculosis pafA strain Cy3 cell culture growing to mid log"
[1] NA
[1] "M. tuberculosis pafA strain Cy3 cell culture growing to mid log"
[1] NA
