[1] NA
[1] "W3110"
[1] NA
[1] "W3110"
[1] NA
[1] "W3110"
[1] NA
[1] "ECOR4"
[1] NA
[1] "ECOR6"
[1] NA
[1] "ECOR8"
[1] NA
[1] "ECOR16"
[1] NA
[1] "ECOR23"
[1] NA
[1] "ECOR11"
[1] NA
[1] "ECOR14"
[1] NA
[1] "PNK006"
[1] NA
[1] "PNK006"
[1] NA
[1] "PNK006"
[1] NA
[1] "ECOR44"
[1] NA
[1] "ECOR47"
[1] NA
[1] "ECOR49"
[1] NA
[1] "ECOR48"
[1] NA
[1] "ECOR50"
[1] NA
[1] "PNK004"
[1] NA
[1] "PNK004"
[1] NA
[1] "PNK004"
[1] NA
[1] "ECOR51"
[1] NA
[1] "ECOR52"
[1] NA
[1] "ECOR53"
[1] NA
[1] "ECOR54"
[1] NA
[1] "ECOR61"
[1] NA
[1] "ECOR66"
[1] NA
[1] "ECOR55"
[1] NA
[1] "ECOR56"
[1] NA
[1] "ECOR60"
[1] NA
[1] "ECOR62"
[1] NA
[1] "ECOR64"
[1] NA
[1] "UTI89"
[1] NA
[1] "UTI89"
[1] NA
[1] "UTI89"
[1] NA
[1] "CFT073"
[1] NA
[1] "CFT073"
[1] NA
[1] "CFT073"
[1] NA
[1] "KE4"
[1] NA
[1] "KE21"
[1] NA
[1] "KE24"
[1] NA
[1] "KE25"
[1] NA
[1] "KE26"
[1] NA
[1] "LRPF007"
[1] NA
[1] "LRPF62"
[1] NA
