[1] "- Signals were read and exported via the GOCS software version 1.4"
[1] "Chlamydia trachomatis Serovar D supplemented with progesterone"
[1] NA
[1] "Chlamydia trachomatis Serovar D supplemented with progesterone"
[1] NA
[1] "Chlamydia trachomatis Serovar D supplemented with progesterone"
[1] NA
[1] "Chlamydia trachomatis Serovar D supplemented with progesterone"
[1] NA
[1] "Chlamydia trachomatis Serovar D supplemented with etradiol"
[1] NA
[1] "Chlamydia trachomatis Serovar D supplemented with etradiol"
[1] NA
[1] "Chlamydia trachomatis Serovar D supplemented with etradiol"
[1] NA
[1] "Chlamydia trachomatis Serovar D supplemented with etradiol"
[1] NA
[1] "Chlamydia trachomatis Serovar D supplemented in absence of human female reproductive hormones"
[1] NA
[1] "Chlamydia trachomatis Serovar D supplemented in absence of human female reproductive hormones"
[1] NA
[1] "Chlamydia trachomatis Serovar D supplemented in absence of human female reproductive hormones"
[1] NA
[1] "Chlamydia trachomatis Serovar D supplemented in absence of human female reproductive hormones"
[1] NA
[1] "Chlamydia trachomatis Serovar D supplemented with both hormones"
[1] NA
[1] "Chlamydia trachomatis Serovar D supplemented with both hormones"
[1] NA
[1] "Chlamydia trachomatis Serovar D supplemented with both hormones"
[1] NA
[1] "Chlamydia trachomatis Serovar D supplemented with both hormones"
[1] NA
