[1] "Block median normalised log2 ratio (cDNA/refence gDNA)"
[1] "S. Typhimurium untreated log phase"
[1] NA
[1] "S. Typhimurium untreated log phase"
[1] NA
[1] "S. Typhimurium untreated log phase"
[1] NA
[1] "S. Typhimurium DON treated log phase"
[1] NA
[1] "S. Typhimurium DON treated log phase"
[1] NA
[1] "S. Typhimurium DON treated log phase"
[1] NA
[1] "S. Typhimurium untreated stationary phase"
[1] NA
[1] "S. Typhimurium untreated stationary phase"
[1] NA
[1] "S. Typhimurium untreated stationary phase"
[1] NA
[1] "S. Typhimurium DON treated stationary phase"
[1] NA
[1] "S. Typhimurium DON treated stationary phase"
[1] NA
[1] "S. Typhimurium DON treated stationary phase"
[1] NA
