[1] NA
[1] "cells, 1.26 h after swarm expansion, 1528 µm distance from the swarm center (= point of inoculation)"
[1] "1.26"
[1] "cells, 1.56 h after swarm expansion, 1528 µm distance from the swarm center (= point of inoculation)"
[1] "1.56"
[1] "cells, 1.56 h after swarm expansion, 3056 µm distance from the swarm center (= point of inoculation)"
[1] "1.56"
[1] "cells, 1.86 h after swarm expansion, 1529 µm distance from the swarm center (= point of inoculation)"
[1] "1.86"
[1] "cells, 1.86 h after swarm expansion, 3056 µm distance from the swarm center (= point of inoculation)"
[1] "1.86"
[1] "cells, 2.16 h after swarm expansion, 1529 µm distance from the swarm center (= point of inoculation)"
[1] "2.16"
[1] "cells, 2.16 h after swarm expansion, 3056 µm distance from the swarm center (= point of inoculation)"
[1] "2.16"
[1] "cells, 2.46 h after swarm expansion, 1528 µm distance from the swarm center (= point of inoculation)"
[1] "2.46"
[1] "cells, 2.46 h after swarm expansion, 3056 µm distance from the swarm center (= point of inoculation)"
[1] "2.46"
[1] "cells, 2.46 h after swarm expansion, 4585 µm distance from the swarm center (= point of inoculation)"
[1] "2.46"
[1] "cells, 2.76 h after swarm expansion, 1528 µm distance from the swarm center (= point of inoculation)"
[1] "2.76"
[1] "cells, 2.76 h after swarm expansion, 3056 µm distance from the swarm center (= point of inoculation)"
[1] "2.76"
[1] "cells, 2.76 h after swarm expansion, 4584 µm distance from the swarm center (= point of inoculation)"
[1] "2.76"
[1] "cells, 2.76 h after swarm expansion, 6112 µm distance from the swarm center (= point of inoculation)"
[1] "2.76"
[1] "cells, 3.23 h after swarm expansion, 1528 µm distance from the swarm center (= point of inoculation)"
[1] "3.23"
[1] "cells, 3.23 h after swarm expansion, 3056 µm distance from the swarm center (= point of inoculation)"
[1] "3.23"
[1] "cells, 3.23 h after swarm expansion, 4584 µm distance from the swarm center (= point of inoculation)"
[1] "3.23"
[1] "cells, 3.23 h after swarm expansion, 6112 µm distance from the swarm center (= point of inoculation)"
[1] "3.23"
[1] "cells, 3.43 h after swarm expansion, 1529 µm distance from the swarm center (= point of inoculation)"
[1] "3.43"
[1] "cells, 3.43 h after swarm expansion, 3056 µm distance from the swarm center (= point of inoculation)"
[1] "3.43"
[1] "cells, 3.43 h after swarm expansion, 4583 µm distance from the swarm center (= point of inoculation)"
[1] "3.43"
[1] "cells, 3.43 h after swarm expansion, 6111 µm distance from the swarm center (= point of inoculation)"
[1] "3.43"
[1] "cells, 3.43 h after swarm expansion, 7638 µm distance from the swarm center (= point of inoculation)"
[1] "3.43"
[1] "cells, 3.43 h after swarm expansion, 9166 µm distance from the swarm center (= point of inoculation)"
[1] "3.43"
[1] "cells, 3.72 h after swarm expansion, 764 µm distance from the swarm center (= point of inoculation)"
[1] "3.72"
[1] "cells, 3.72 h after swarm expansion, 2292 µm distance from the swarm center (= point of inoculation)"
[1] "3.72"
[1] "cells, 3.72 h after swarm expansion, 3820 µm distance from the swarm center (= point of inoculation)"
[1] "3.72"
[1] "cells, 3.72 h after swarm expansion, 5348 µm distance from the swarm center (= point of inoculation)"
[1] "3.72"
[1] "cells, 3.72 h after swarm expansion, 6877 µm distance from the swarm center (= point of inoculation)"
[1] "3.72"
[1] "cells, 3.72 h after swarm expansion, 8405 µm distance from the swarm center (= point of inoculation)"
[1] "3.72"
[1] "cells, 3.72 h after swarm expansion, 9933 µm distance from the swarm center (= point of inoculation)"
[1] "3.72"
[1] "cells, 4.07 h after swarm expansion, 764 µm distance from the swarm center (= point of inoculation)"
[1] "4.07"
[1] "cells, 4.07 h after swarm expansion, 2292 µm distance from the swarm center (= point of inoculation)"
[1] "4.07"
[1] "cells, 4.07 h after swarm expansion, 3819 µm distance from the swarm center (= point of inoculation)"
[1] "4.07"
[1] "cells, 4.07 h after swarm expansion, 5521 µm distance from the swarm center (= point of inoculation)"
[1] "4.07"
[1] "cells, 4.07 h after swarm expansion, 6475 µm distance from the swarm center (= point of inoculation)"
[1] "4.07"
[1] "cells, 4.07 h after swarm expansion, 7932 µm distance from the swarm center (= point of inoculation)"
[1] "4.07"
[1] "cells, 4.07 h after swarm expansion, 9412 µm distance from the swarm center (= point of inoculation)"
[1] "4.07"
[1] "cells, 4.07 h after swarm expansion, 10906 µm distance from the swarm center (= point of inoculation)"
[1] "4.07"
[1] "cells, 4.07 h after swarm expansion, 12381 µm distance from the swarm center (= point of inoculation)"
[1] "4.07"
[1] "cells, 4.62 h after swarm expansion, 2292 µm distance from the swarm center (= point of inoculation)"
[1] "4.62"
[1] "cells, 4.62 h after swarm expansion, 4585 µm distance from the swarm center (= point of inoculation)"
[1] "4.62"
[1] "cells, 4.62 h after swarm expansion, 8858 µm distance from the swarm center (= point of inoculation)"
[1] "4.62"
[1] "cells, 4.62 h after swarm expansion, 11047 µm distance from the swarm center (= point of inoculation)"
[1] "4.62"
[1] "cells, 4.62 h after swarm expansion, 13236 µm distance from the swarm center (= point of inoculation)"
[1] "4.62"
[1] "cells, 4.92 h after swarm expansion, 2292 µm distance from the swarm center (= point of inoculation)"
[1] "4.92"
[1] "cells, 4.92 h after swarm expansion, 4584 µm distance from the swarm center (= point of inoculation)"
[1] "4.92"
[1] "cells, 4.92 h after swarm expansion, 6771 µm distance from the swarm center (= point of inoculation)"
[1] "4.92"
[1] "cells, 4.92 h after swarm expansion, 8959 µm distance from the swarm center (= point of inoculation)"
[1] "4.92"
[1] "cells, 4.92 h after swarm expansion, 11147 µm distance from the swarm center (= point of inoculation)"
[1] "4.92"
[1] "cells, 4.92 h after swarm expansion, 13336 µm distance from the swarm center (= point of inoculation)"
[1] "4.92"
[1] "cells, 4.92 h after swarm expansion, 15524 µm distance from the swarm center (= point of inoculation)"
[1] "4.92"
[1] "cells, 5.21 h after swarm expansion, 2292 µm distance from the swarm center (= point of inoculation)"
[1] "5.21"
[1] "cells, 5.21 h after swarm expansion, 4584 µm distance from the swarm center (= point of inoculation)"
[1] "5.21"
[1] "cells, 5.21 h after swarm expansion, 6733 µm distance from the swarm center (= point of inoculation)"
[1] "5.21"
[1] "cells, 5.21 h after swarm expansion, 8881 µm distance from the swarm center (= point of inoculation)"
[1] "5.21"
[1] "cells, 5.21 h after swarm expansion, 11028 µm distance from the swarm center (= point of inoculation)"
[1] "5.21"
[1] "cells, 5.21 h after swarm expansion, 13176 µm distance from the swarm center (= point of inoculation)"
[1] "5.21"
[1] "cells, 5.21 h after swarm expansion, 15324 µm distance from the swarm center (= point of inoculation)"
[1] "5.21"
[1] "cells, 5.21 h after swarm expansion, 17472 µm distance from the swarm center (= point of inoculation)"
[1] "5.21"
[1] "cells, 5.51 h after swarm expansion, 1528 µm distance from the swarm center (= point of inoculation)"
[1] "5.51"
[1] "cells, 5.51 h after swarm expansion, 4584 µm distance from the swarm center (= point of inoculation)"
[1] "5.51"
[1] "cells, 5.51 h after swarm expansion, 7568 µm distance from the swarm center (= point of inoculation)"
[1] "5.51"
[1] "cells, 5.51 h after swarm expansion, 10556 µm distance from the swarm center (= point of inoculation)"
[1] "5.51"
[1] "cells, 5.51 h after swarm expansion, 13547 µm distance from the swarm center (= point of inoculation)"
[1] "5.51"
[1] "cells, 5.51 h after swarm expansion, 16538 µm distance from the swarm center (= point of inoculation)"
[1] "5.51"
[1] "cells, 5.51 h after swarm expansion, 19530 µm distance from the swarm center (= point of inoculation)"
[1] "5.51"
[1] "cells, 5.80 h after swarm expansion, 1529 µm distance from the swarm center (= point of inoculation)"
[1] "5.80"
[1] "cells, 5.80 h after swarm expansion, 4585 µm distance from the swarm center (= point of inoculation)"
[1] "5.80"
[1] "cells, 5.80 h after swarm expansion, 7496 µm distance from the swarm center (= point of inoculation)"
[1] "5.80"
[1] "cells, 5.80 h after swarm expansion, 13328 µm distance from the swarm center (= point of inoculation)"
[1] "5.80"
[1] "cells, 5.80 h after swarm expansion, 16246 µm distance from the swarm center (= point of inoculation)"
[1] "5.80"
[1] "cells, 5.80 h after swarm expansion, 19163 µm distance from the swarm center (= point of inoculation)"
[1] "5.80"
[1] "cells, 5.80 h after swarm expansion, 22081 µm distance from the swarm center (= point of inoculation)"
[1] "5.80"
[1] "cells, 6.13 h after swarm expansion, 1910 µm distance from the swarm center (= point of inoculation)"
[1] "6.13"
[1] "cells, 6.13 h after swarm expansion, 5731 µm distance from the swarm center (= point of inoculation)"
[1] "6.13"
[1] "cells, 6.13 h after swarm expansion, 9294 µm distance from the swarm center (= point of inoculation)"
[1] "6.13"
[1] "cells, 6.13 h after swarm expansion, 12856 µm distance from the swarm center (= point of inoculation)"
[1] "6.13"
[1] "cells, 6.13 h after swarm expansion, 16421 µm distance from the swarm center (= point of inoculation)"
[1] "6.13"
[1] "cells, 6.13 h after swarm expansion, 19984 µm distance from the swarm center (= point of inoculation)"
[1] "6.13"
[1] "cells, 6.13 h after swarm expansion, 23546 µm distance from the swarm center (= point of inoculation)"
[1] "6.13"
[1] "cells, 6.44 h after swarm expansion, 1911 µm distance from the swarm center (= point of inoculation)"
[1] "6.44"
[1] "cells, 6.44 h after swarm expansion, 5731 µm distance from the swarm center (= point of inoculation)"
[1] "6.44"
[1] "cells, 6.44 h after swarm expansion, 9479 µm distance from the swarm center (= point of inoculation)"
[1] "6.44"
[1] "cells, 6.44 h after swarm expansion, 13230 µm distance from the swarm center (= point of inoculation)"
[1] "6.44"
[1] "cells, 6.44 h after swarm expansion, 16983 µm distance from the swarm center (= point of inoculation)"
[1] "6.44"
[1] "cells, 6.44 h after swarm expansion, 24432 µm distance from the swarm center (= point of inoculation)"
[1] "6.44"
[1] "cells, 6.77 h after swarm expansion, 1910 µm distance from the swarm center (= point of inoculation)"
[1] "6.77"
[1] "cells, 6.77 h after swarm expansion, 5730 µm distance from the swarm center (= point of inoculation)"
[1] "6.77"
[1] "cells, 6.77 h after swarm expansion, 9118 µm distance from the swarm center (= point of inoculation)"
[1] "6.77"
[1] "cells, 6.77 h after swarm expansion, 12506 µm distance from the swarm center (= point of inoculation)"
[1] "6.77"
[1] "cells, 6.77 h after swarm expansion, 15891 µm distance from the swarm center (= point of inoculation)"
[1] "6.77"
[1] "cells, 6.77 h after swarm expansion, 19279 µm distance from the swarm center (= point of inoculation)"
[1] "6.77"
[1] "cells, 6.77 h after swarm expansion, 22666 µm distance from the swarm center (= point of inoculation)"
[1] "6.77"
[1] "cells, 6.77 h after swarm expansion, 26055 µm distance from the swarm center (= point of inoculation)"
[1] "6.77"
[1] "cells, 6.77 h after swarm expansion, 29443 µm distance from the swarm center (= point of inoculation)"
[1] "6.77"
[1] "cells, 0.68 h after swarm expansion, 1529 µm distance from the swarm center (= point of inoculation)"
[1] "0.68"
[1] "cells, 0.68 h after swarm expansion, 3057 µm distance from the swarm center (= point of inoculation)"
[1] "0.68"
[1] "cells, 0.87 h after swarm expansion, 1528 µm distance from the swarm center (= point of inoculation)"
[1] "0.87"
[1] "cells, 0.87 h after swarm expansion, 3056 µm distance from the swarm center (= point of inoculation)"
[1] "0.87"
[1] "cells, 1.17 h after swarm expansion, 1527 µm distance from the swarm center (= point of inoculation)"
[1] "1.17"
[1] "cells, 1.17 h after swarm expansion, 3055 µm distance from the swarm center (= point of inoculation)"
[1] "1.17"
[1] "cells, 1.47 h after swarm expansion, 1528 µm distance from the swarm center (= point of inoculation)"
[1] "1.47"
[1] "cells, 1.47 h after swarm expansion, 3056 µm distance from the swarm center (= point of inoculation)"
[1] "1.47"
[1] "cells, 1.47 h after swarm expansion, 4583 µm distance from the swarm center (= point of inoculation)"
[1] "1.47"
[1] "cells, 1.77 h after swarm expansion, 3056 µm distance from the swarm center (= point of inoculation)"
[1] "1.77"
[1] "cells, 1.77 h after swarm expansion, 4585 µm distance from the swarm center (= point of inoculation)"
[1] "1.77"
[1] "cells, 2.07 h after swarm expansion, 1528 µm distance from the swarm center (= point of inoculation)"
[1] "2.07"
[1] "cells, 2.07 h after swarm expansion, 3056 µm distance from the swarm center (= point of inoculation)"
[1] "2.07"
[1] "cells, 2.07 h after swarm expansion, 4583 µm distance from the swarm center (= point of inoculation)"
[1] "2.07"
[1] "cells, 2.37 h after swarm expansion, 1529 µm distance from the swarm center (= point of inoculation)"
[1] "2.37"
[1] "cells, 2.37 h after swarm expansion, 3057 µm distance from the swarm center (= point of inoculation)"
[1] "2.37"
[1] "cells, 2.37 h after swarm expansion, 4585 µm distance from the swarm center (= point of inoculation)"
[1] "2.37"
[1] "cells, 2.37 h after swarm expansion, 6114 µm distance from the swarm center (= point of inoculation)"
[1] "2.37"
[1] "cells, 2.67 h after swarm expansion, 1528 µm distance from the swarm center (= point of inoculation)"
[1] "2.67"
[1] "cells, 2.67 h after swarm expansion, 3055 µm distance from the swarm center (= point of inoculation)"
[1] "2.67"
[1] "cells, 2.67 h after swarm expansion, 4584 µm distance from the swarm center (= point of inoculation)"
[1] "2.67"
[1] "cells, 2.67 h after swarm expansion, 6111 µm distance from the swarm center (= point of inoculation)"
[1] "2.67"
[1] "cells, 2.67 h after swarm expansion, 7638 µm distance from the swarm center (= point of inoculation)"
[1] "2.67"
[1] "cells, 3.02 h after swarm expansion, 1528 µm distance from the swarm center (= point of inoculation)"
[1] "3.02"
[1] "cells, 3.02 h after swarm expansion, 3057 µm distance from the swarm center (= point of inoculation)"
[1] "3.02"
[1] "cells, 3.02 h after swarm expansion, 4585 µm distance from the swarm center (= point of inoculation)"
[1] "3.02"
[1] "cells, 3.02 h after swarm expansion, 6114 µm distance from the swarm center (= point of inoculation)"
[1] "3.02"
[1] "cells, 3.02 h after swarm expansion, 7642 µm distance from the swarm center (= point of inoculation)"
[1] "3.02"
[1] "cells, 3.02 h after swarm expansion, 9170 µm distance from the swarm center (= point of inoculation)"
[1] "3.02"
[1] "cells, 3.27 h after swarm expansion, 3056 µm distance from the swarm center (= point of inoculation)"
[1] "3.27"
[1] "cells, 3.27 h after swarm expansion, 4439 µm distance from the swarm center (= point of inoculation)"
[1] "3.27"
[1] "cells, 3.27 h after swarm expansion, 5824 µm distance from the swarm center (= point of inoculation)"
[1] "3.27"
[1] "cells, 3.27 h after swarm expansion, 7207 µm distance from the swarm center (= point of inoculation)"
[1] "3.27"
[1] "cells, 3.27 h after swarm expansion, 8592 µm distance from the swarm center (= point of inoculation)"
[1] "3.27"
[1] "cells, 3.27 h after swarm expansion, 9975 µm distance from the swarm center (= point of inoculation)"
[1] "3.27"
[1] "cells, 3.27 h after swarm expansion, 11359 µm distance from the swarm center (= point of inoculation)"
[1] "3.27"
[1] "cells, 3.59 h after swarm expansion, 2293 µm distance from the swarm center (= point of inoculation)"
[1] "3.59"
[1] "cells, 3.59 h after swarm expansion, 4585 µm distance from the swarm center (= point of inoculation)"
[1] "3.59"
[1] "cells, 3.59 h after swarm expansion, 6748 µm distance from the swarm center (= point of inoculation)"
[1] "3.59"
[1] "cells, 3.59 h after swarm expansion, 8912 µm distance from the swarm center (= point of inoculation)"
[1] "3.59"
[1] "cells, 3.59 h after swarm expansion, 11076 µm distance from the swarm center (= point of inoculation)"
[1] "3.59"
[1] "cells, 3.89 h after swarm expansion, 2292 µm distance from the swarm center (= point of inoculation)"
[1] "3.89"
[1] "cells, 3.89 h after swarm expansion, 4584 µm distance from the swarm center (= point of inoculation)"
[1] "3.89"
[1] "cells, 3.89 h after swarm expansion, 6802 µm distance from the swarm center (= point of inoculation)"
[1] "3.89"
[1] "cells, 3.89 h after swarm expansion, 9021 µm distance from the swarm center (= point of inoculation)"
[1] "3.89"
[1] "cells, 3.89 h after swarm expansion, 11242 µm distance from the swarm center (= point of inoculation)"
[1] "3.89"
[1] "cells, 4.17 h after swarm expansion, 1147 µm distance from the swarm center (= point of inoculation)"
[1] "4.17"
[1] "cells, 4.17 h after swarm expansion, 5582 µm distance from the swarm center (= point of inoculation)"
[1] "4.17"
[1] "cells, 4.17 h after swarm expansion, 7725 µm distance from the swarm center (= point of inoculation)"
[1] "4.17"
[1] "cells, 4.17 h after swarm expansion, 9867 µm distance from the swarm center (= point of inoculation)"
[1] "4.17"
[1] "cells, 4.17 h after swarm expansion, 12010 µm distance from the swarm center (= point of inoculation)"
[1] "4.17"
[1] "cells, 4.17 h after swarm expansion, 14153 µm distance from the swarm center (= point of inoculation)"
[1] "4.17"
[1] "cells, 4.17 h after swarm expansion, 16295 µm distance from the swarm center (= point of inoculation)"
[1] "4.17"
[1] "cells, 4.48 h after swarm expansion, 1146 µm distance from the swarm center (= point of inoculation)"
[1] "4.48"
[1] "cells, 4.48 h after swarm expansion, 3438 µm distance from the swarm center (= point of inoculation)"
[1] "4.48"
[1] "cells, 4.48 h after swarm expansion, 5732 µm distance from the swarm center (= point of inoculation)"
[1] "4.48"
[1] "cells, 4.48 h after swarm expansion, 8027 µm distance from the swarm center (= point of inoculation)"
[1] "4.48"
[1] "cells, 4.48 h after swarm expansion, 10323 µm distance from the swarm center (= point of inoculation)"
[1] "4.48"
[1] "cells, 4.48 h after swarm expansion, 14915 µm distance from the swarm center (= point of inoculation)"
[1] "4.48"
[1] "cells, 4.77 h after swarm expansion, 1146 µm distance from the swarm center (= point of inoculation)"
[1] "4.77"
[1] "cells, 4.77 h after swarm expansion, 3439 µm distance from the swarm center (= point of inoculation)"
[1] "4.77"
[1] "cells, 4.77 h after swarm expansion, 7815 µm distance from the swarm center (= point of inoculation)"
[1] "4.77"
[1] "cells, 4.77 h after swarm expansion, 10004 µm distance from the swarm center (= point of inoculation)"
[1] "4.77"
[1] "cells, 4.77 h after swarm expansion, 12193 µm distance from the swarm center (= point of inoculation)"
[1] "4.77"
[1] "cells, 4.77 h after swarm expansion, 14382 µm distance from the swarm center (= point of inoculation)"
[1] "4.77"
[1] "cells, 4.77 h after swarm expansion, 16571 µm distance from the swarm center (= point of inoculation)"
[1] "4.77"
[1] "cells, 5.13 h after swarm expansion, 1528 µm distance from the swarm center (= point of inoculation)"
[1] "5.13"
[1] "cells, 5.13 h after swarm expansion, 4583 µm distance from the swarm center (= point of inoculation)"
[1] "5.13"
[1] "cells, 5.13 h after swarm expansion, 7431 µm distance from the swarm center (= point of inoculation)"
[1] "5.13"
[1] "cells, 5.13 h after swarm expansion, 13131 µm distance from the swarm center (= point of inoculation)"
[1] "5.13"
[1] "cells, 5.13 h after swarm expansion, 18834 µm distance from the swarm center (= point of inoculation)"
[1] "5.13"
[1] "cells, 5.13 h after swarm expansion, 21685 µm distance from the swarm center (= point of inoculation)"
[1] "5.13"
[1] "cells, 5.48 h after swarm expansion, 1910 µm distance from the swarm center (= point of inoculation)"
[1] "5.48"
[1] "cells, 5.48 h after swarm expansion, 5730 µm distance from the swarm center (= point of inoculation)"
[1] "5.48"
[1] "cells, 5.48 h after swarm expansion, 9262 µm distance from the swarm center (= point of inoculation)"
[1] "5.48"
[1] "cells, 5.48 h after swarm expansion, 12794 µm distance from the swarm center (= point of inoculation)"
[1] "5.48"
[1] "cells, 5.48 h after swarm expansion, 16326 µm distance from the swarm center (= point of inoculation)"
[1] "5.48"
[1] "cells, 5.48 h after swarm expansion, 19858 µm distance from the swarm center (= point of inoculation)"
[1] "5.48"
[1] "cells, 5.48 h after swarm expansion, 23391 µm distance from the swarm center (= point of inoculation)"
[1] "5.48"
[1] "cells, 5.80 h after swarm expansion, 1910 µm distance from the swarm center (= point of inoculation)"
[1] "5.80"
[1] "cells, 5.80 h after swarm expansion, 5730 µm distance from the swarm center (= point of inoculation)"
[1] "5.80"
[1] "cells, 5.80 h after swarm expansion, 9477 µm distance from the swarm center (= point of inoculation)"
[1] "5.80"
[1] "cells, 5.80 h after swarm expansion, 13227 µm distance from the swarm center (= point of inoculation)"
[1] "5.80"
[1] "cells, 5.80 h after swarm expansion, 20673 µm distance from the swarm center (= point of inoculation)"
[1] "5.80"
[1] "cells, 5.80 h after swarm expansion, 24427 µm distance from the swarm center (= point of inoculation)"
[1] "5.80"
[1] "cells, 6.14 h after swarm expansion, 1911 µm distance from the swarm center (= point of inoculation)"
[1] "6.14"
[1] "cells, 6.14 h after swarm expansion, 5731 µm distance from the swarm center (= point of inoculation)"
[1] "6.14"
[1] "cells, 6.14 h after swarm expansion, 9405 µm distance from the swarm center (= point of inoculation)"
[1] "6.14"
[1] "cells, 6.14 h after swarm expansion, 13084 µm distance from the swarm center (= point of inoculation)"
[1] "6.14"
[1] "cells, 6.14 h after swarm expansion, 20307 µm distance from the swarm center (= point of inoculation)"
[1] "6.14"
[1] "cells, 6.14 h after swarm expansion, 23920 µm distance from the swarm center (= point of inoculation)"
[1] "6.14"
[1] "cells, 6.14 h after swarm expansion, 27535 µm distance from the swarm center (= point of inoculation)"
[1] "6.14"
[1] "cells, 0.57 h after swarm expansion, 1528 µm distance from the swarm center (= point of inoculation)"
[1] "0.57"
[1] "cells, 0.87 h after swarm expansion, 1527 µm distance from the swarm center (= point of inoculation)"
[1] "0.87"
[1] "cells, 1.17 h after swarm expansion, 1527 µm distance from the swarm center (= point of inoculation)"
[1] "1.17"
[1] "cells, 1.17 h after swarm expansion, 3056 µm distance from the swarm center (= point of inoculation)"
[1] "1.17"
[1] "cells, 1.47 h after swarm expansion, 1528 µm distance from the swarm center (= point of inoculation)"
[1] "1.47"
[1] "cells, 1.47 h after swarm expansion, 3056 µm distance from the swarm center (= point of inoculation)"
[1] "1.47"
[1] "cells, 1.77 h after swarm expansion, 1529 µm distance from the swarm center (= point of inoculation)"
[1] "1.77"
[1] "cells, 1.77 h after swarm expansion, 3057 µm distance from the swarm center (= point of inoculation)"
[1] "1.77"
[1] "cells, 2.07 h after swarm expansion, 1528 µm distance from the swarm center (= point of inoculation)"
[1] "2.07"
[1] "cells, 2.07 h after swarm expansion, 3056 µm distance from the swarm center (= point of inoculation)"
[1] "2.07"
[1] "cells, 2.07 h after swarm expansion, 4583 µm distance from the swarm center (= point of inoculation)"
[1] "2.07"
[1] "cells, 2.37 h after swarm expansion, 1529 µm distance from the swarm center (= point of inoculation)"
[1] "2.37"
[1] "cells, 2.37 h after swarm expansion, 3057 µm distance from the swarm center (= point of inoculation)"
[1] "2.37"
[1] "cells, 2.37 h after swarm expansion, 4585 µm distance from the swarm center (= point of inoculation)"
[1] "2.37"
[1] "cells, 2.67 h after swarm expansion, 1528 µm distance from the swarm center (= point of inoculation)"
[1] "2.67"
[1] "cells, 2.67 h after swarm expansion, 3056 µm distance from the swarm center (= point of inoculation)"
[1] "2.67"
[1] "cells, 2.67 h after swarm expansion, 4584 µm distance from the swarm center (= point of inoculation)"
[1] "2.67"
[1] "cells, 2.67 h after swarm expansion, 6113 µm distance from the swarm center (= point of inoculation)"
[1] "2.67"
[1] "cells, 2.97 h after swarm expansion, 1528 µm distance from the swarm center (= point of inoculation)"
[1] "2.97"
[1] "cells, 2.97 h after swarm expansion, 3056 µm distance from the swarm center (= point of inoculation)"
[1] "2.97"
[1] "cells, 2.97 h after swarm expansion, 4585 µm distance from the swarm center (= point of inoculation)"
[1] "2.97"
[1] "cells, 2.97 h after swarm expansion, 6113 µm distance from the swarm center (= point of inoculation)"
[1] "2.97"
[1] "cells, 2.97 h after swarm expansion, 7641 µm distance from the swarm center (= point of inoculation)"
[1] "2.97"
[1] "cells, 3.27 h after swarm expansion, 1528 µm distance from the swarm center (= point of inoculation)"
[1] "3.27"
[1] "cells, 3.27 h after swarm expansion, 3056 µm distance from the swarm center (= point of inoculation)"
[1] "3.27"
[1] "cells, 3.27 h after swarm expansion, 4583 µm distance from the swarm center (= point of inoculation)"
[1] "3.27"
[1] "cells, 3.27 h after swarm expansion, 6111 µm distance from the swarm center (= point of inoculation)"
[1] "3.27"
[1] "cells, 3.27 h after swarm expansion, 7638 µm distance from the swarm center (= point of inoculation)"
[1] "3.27"
[1] "cells, 3.27 h after swarm expansion, 9166 µm distance from the swarm center (= point of inoculation)"
[1] "3.27"
[1] "cells, 3.57 h after swarm expansion, 764 µm distance from the swarm center (= point of inoculation)"
[1] "3.57"
[1] "cells, 3.57 h after swarm expansion, 2291 µm distance from the swarm center (= point of inoculation)"
[1] "3.57"
[1] "cells, 3.57 h after swarm expansion, 3820 µm distance from the swarm center (= point of inoculation)"
[1] "3.57"
[1] "cells, 3.57 h after swarm expansion, 5348 µm distance from the swarm center (= point of inoculation)"
[1] "3.57"
[1] "cells, 3.57 h after swarm expansion, 6877 µm distance from the swarm center (= point of inoculation)"
[1] "3.57"
[1] "cells, 3.57 h after swarm expansion, 8404 µm distance from the swarm center (= point of inoculation)"
[1] "3.57"
[1] "cells, 3.57 h after swarm expansion, 9932 µm distance from the swarm center (= point of inoculation)"
[1] "3.57"
[1] "cells, 4.06 h after swarm expansion, 763 µm distance from the swarm center (= point of inoculation)"
[1] "4.06"
[1] "cells, 4.06 h after swarm expansion, 2291 µm distance from the swarm center (= point of inoculation)"
[1] "4.06"
[1] "cells, 4.06 h after swarm expansion, 3818 µm distance from the swarm center (= point of inoculation)"
[1] "4.06"
[1] "cells, 4.06 h after swarm expansion, 5348 µm distance from the swarm center (= point of inoculation)"
[1] "4.06"
[1] "cells, 4.06 h after swarm expansion, 6880 µm distance from the swarm center (= point of inoculation)"
[1] "4.06"
[1] "cells, 4.06 h after swarm expansion, 9946 µm distance from the swarm center (= point of inoculation)"
[1] "4.06"
[1] "cells, 4.06 h after swarm expansion, 11480 µm distance from the swarm center (= point of inoculation)"
[1] "4.06"
[1] "cells, 4.38 h after swarm expansion, 3439 µm distance from the swarm center (= point of inoculation)"
[1] "4.38"
[1] "cells, 4.38 h after swarm expansion, 5627 µm distance from the swarm center (= point of inoculation)"
[1] "4.38"
[1] "cells, 4.38 h after swarm expansion, 7815 µm distance from the swarm center (= point of inoculation)"
[1] "4.38"
[1] "cells, 4.38 h after swarm expansion, 10004 µm distance from the swarm center (= point of inoculation)"
[1] "4.38"
[1] "cells, 4.38 h after swarm expansion, 12192 µm distance from the swarm center (= point of inoculation)"
[1] "4.38"
[1] "cells, 4.38 h after swarm expansion, 14380 µm distance from the swarm center (= point of inoculation)"
[1] "4.38"
[1] "cells, 4.70 h after swarm expansion, 1146 µm distance from the swarm center (= point of inoculation)"
[1] "4.70"
[1] "cells, 4.70 h after swarm expansion, 3438 µm distance from the swarm center (= point of inoculation)"
[1] "4.70"
[1] "cells, 4.70 h after swarm expansion, 7813 µm distance from the swarm center (= point of inoculation)"
[1] "4.70"
[1] "cells, 4.70 h after swarm expansion, 10001 µm distance from the swarm center (= point of inoculation)"
[1] "4.70"
[1] "cells, 4.70 h after swarm expansion, 12189 µm distance from the swarm center (= point of inoculation)"
[1] "4.70"
[1] "cells, 4.70 h after swarm expansion, 14377 µm distance from the swarm center (= point of inoculation)"
[1] "4.70"
[1] "cells, 4.70 h after swarm expansion, 16565 µm distance from the swarm center (= point of inoculation)"
[1] "4.70"
[1] "cells, 5.04 h after swarm expansion, 1528 µm distance from the swarm center (= point of inoculation)"
[1] "5.04"
[1] "cells, 5.04 h after swarm expansion, 4584 µm distance from the swarm center (= point of inoculation)"
[1] "5.04"
[1] "cells, 5.04 h after swarm expansion, 7351 µm distance from the swarm center (= point of inoculation)"
[1] "5.04"
[1] "cells, 5.04 h after swarm expansion, 10119 µm distance from the swarm center (= point of inoculation)"
[1] "5.04"
[1] "cells, 5.04 h after swarm expansion, 12887 µm distance from the swarm center (= point of inoculation)"
[1] "5.04"
[1] "cells, 5.04 h after swarm expansion, 15655 µm distance from the swarm center (= point of inoculation)"
[1] "5.04"
[1] "cells, 5.38 h after swarm expansion, 1528 µm distance from the swarm center (= point of inoculation)"
[1] "5.38"
[1] "cells, 5.38 h after swarm expansion, 4584 µm distance from the swarm center (= point of inoculation)"
[1] "5.38"
[1] "cells, 5.38 h after swarm expansion, 7568 µm distance from the swarm center (= point of inoculation)"
[1] "5.38"
[1] "cells, 5.38 h after swarm expansion, 10557 µm distance from the swarm center (= point of inoculation)"
[1] "5.38"
[1] "cells, 5.38 h after swarm expansion, 13546 µm distance from the swarm center (= point of inoculation)"
[1] "5.38"
[1] "cells, 5.38 h after swarm expansion, 16538 µm distance from the swarm center (= point of inoculation)"
[1] "5.38"
[1] "cells, 5.38 h after swarm expansion, 19529 µm distance from the swarm center (= point of inoculation)"
[1] "5.38"
[1] "cells, 5.73 h after swarm expansion, 1529 µm distance from the swarm center (= point of inoculation)"
[1] "5.73"
[1] "cells, 5.73 h after swarm expansion, 4585 µm distance from the swarm center (= point of inoculation)"
[1] "5.73"
[1] "cells, 5.73 h after swarm expansion, 7497 µm distance from the swarm center (= point of inoculation)"
[1] "5.73"
[1] "cells, 5.73 h after swarm expansion, 10413 µm distance from the swarm center (= point of inoculation)"
[1] "5.73"
[1] "cells, 5.73 h after swarm expansion, 16246 µm distance from the swarm center (= point of inoculation)"
[1] "5.73"
[1] "cells, 5.73 h after swarm expansion, 19165 µm distance from the swarm center (= point of inoculation)"
[1] "5.73"
[1] "cells, 5.73 h after swarm expansion, 22082 µm distance from the swarm center (= point of inoculation)"
[1] "5.73"
[1] "cells, 6.06 h after swarm expansion, 1910 µm distance from the swarm center (= point of inoculation)"
[1] "6.06"
[1] "cells, 6.06 h after swarm expansion, 9292 µm distance from the swarm center (= point of inoculation)"
[1] "6.06"
[1] "cells, 6.06 h after swarm expansion, 12856 µm distance from the swarm center (= point of inoculation)"
[1] "6.06"
[1] "cells, 6.06 h after swarm expansion, 16419 µm distance from the swarm center (= point of inoculation)"
[1] "6.06"
[1] "cells, 6.06 h after swarm expansion, 19984 µm distance from the swarm center (= point of inoculation)"
[1] "6.06"
[1] "cells, 6.06 h after swarm expansion, 23548 µm distance from the swarm center (= point of inoculation)"
[1] "6.06"
[1] "cells, 6.06 h after swarm expansion, 27112 µm distance from the swarm center (= point of inoculation)"
[1] "6.06"
[1] "cells, 6.38 h after swarm expansion, 2293 µm distance from the swarm center (= point of inoculation)"
[1] "6.38"
[1] "cells, 6.38 h after swarm expansion, 6878 µm distance from the swarm center (= point of inoculation)"
[1] "6.38"
[1] "cells, 6.38 h after swarm expansion, 11355 µm distance from the swarm center (= point of inoculation)"
[1] "6.38"
[1] "cells, 6.38 h after swarm expansion, 15840 µm distance from the swarm center (= point of inoculation)"
[1] "6.38"
[1] "cells, 6.38 h after swarm expansion, 24814 µm distance from the swarm center (= point of inoculation)"
[1] "6.38"
[1] "cells, 6.38 h after swarm expansion, 29302 µm distance from the swarm center (= point of inoculation)"
[1] "6.38"
[1] "cells, 6.70 h after swarm expansion, 2674 µm distance from the swarm center (= point of inoculation)"
[1] "6.70"
[1] "cells, 6.70 h after swarm expansion, 8023 µm distance from the swarm center (= point of inoculation)"
[1] "6.70"
[1] "cells, 6.70 h after swarm expansion, 12938 µm distance from the swarm center (= point of inoculation)"
[1] "6.70"
[1] "cells, 6.70 h after swarm expansion, 17854 µm distance from the swarm center (= point of inoculation)"
[1] "6.70"
[1] "cells, 6.70 h after swarm expansion, 22770 µm distance from the swarm center (= point of inoculation)"
[1] "6.70"
[1] "cells, 6.70 h after swarm expansion, 27685 µm distance from the swarm center (= point of inoculation)"
[1] "6.70"
[1] "cells, 6.70 h after swarm expansion, 32601 µm distance from the swarm center (= point of inoculation)"
[1] "6.70"
[1] "cells, 0 min after inoculation on soft-agar, rep.1"
[1] "0"
[1] "valid gsm... but no data in gsm data table! getting supplementary file (which may or may not contain the data) and writing to subfolder"
[1] "cells, 30 min after inoculation on soft-agar, rep.1"
[1] "30"
[1] "valid gsm... but no data in gsm data table! getting supplementary file (which may or may not contain the data) and writing to subfolder"
[1] "cells, 60 min after inoculation on soft-agar, rep.1"
[1] "60"
[1] "valid gsm... but no data in gsm data table! getting supplementary file (which may or may not contain the data) and writing to subfolder"
[1] "cells, 90 min after inoculation on soft-agar, rep.1"
[1] "90"
[1] "valid gsm... but no data in gsm data table! getting supplementary file (which may or may not contain the data) and writing to subfolder"
[1] "cells, 120 min after inoculation on soft-agar, rep.1"
[1] "120"
[1] "valid gsm... but no data in gsm data table! getting supplementary file (which may or may not contain the data) and writing to subfolder"
[1] "cells, 150 min after inoculation on soft-agar, rep.1"
[1] "150"
[1] "valid gsm... but no data in gsm data table! getting supplementary file (which may or may not contain the data) and writing to subfolder"
[1] "cells, 180 min after inoculation on soft-agar, rep.1"
[1] "180"
[1] "valid gsm... but no data in gsm data table! getting supplementary file (which may or may not contain the data) and writing to subfolder"
[1] "cells, 195 min after inoculation on soft-agar, rep.1"
[1] "195"
[1] "valid gsm... but no data in gsm data table! getting supplementary file (which may or may not contain the data) and writing to subfolder"
[1] "cells, 210 min after inoculation on soft-agar, rep.1"
[1] "210"
[1] "valid gsm... but no data in gsm data table! getting supplementary file (which may or may not contain the data) and writing to subfolder"
[1] "cells, 225 min after inoculation on soft-agar, rep.1"
[1] "225"
[1] "valid gsm... but no data in gsm data table! getting supplementary file (which may or may not contain the data) and writing to subfolder"
[1] "cells, 240 min after inoculation on soft-agar, rep.1"
[1] "240"
[1] "valid gsm... but no data in gsm data table! getting supplementary file (which may or may not contain the data) and writing to subfolder"
[1] "cells, 0 min after inoculation on soft-agar, rep.2"
[1] "0"
[1] "valid gsm... but no data in gsm data table! getting supplementary file (which may or may not contain the data) and writing to subfolder"
[1] "cells, 30 min after inoculation on soft-agar, rep.2"
[1] "30"
[1] "valid gsm... but no data in gsm data table! getting supplementary file (which may or may not contain the data) and writing to subfolder"
[1] "cells, 60 min after inoculation on soft-agar, rep.2"
[1] "60"
[1] "valid gsm... but no data in gsm data table! getting supplementary file (which may or may not contain the data) and writing to subfolder"
[1] "cells, 90 min after inoculation on soft-agar, rep.2"
[1] "90"
[1] "valid gsm... but no data in gsm data table! getting supplementary file (which may or may not contain the data) and writing to subfolder"
[1] "cells, 120 min after inoculation on soft-agar, rep.2"
[1] "120"
[1] "valid gsm... but no data in gsm data table! getting supplementary file (which may or may not contain the data) and writing to subfolder"
[1] "cells, 150 min after inoculation on soft-agar, rep.2"
[1] "150"
[1] "valid gsm... but no data in gsm data table! getting supplementary file (which may or may not contain the data) and writing to subfolder"
[1] "cells, 180 min after inoculation on soft-agar, rep.2"
[1] "180"
[1] "valid gsm... but no data in gsm data table! getting supplementary file (which may or may not contain the data) and writing to subfolder"
[1] "cells, 195 min after inoculation on soft-agar, rep.2"
[1] "195"
[1] "valid gsm... but no data in gsm data table! getting supplementary file (which may or may not contain the data) and writing to subfolder"
[1] "cells, 210 min after inoculation on soft-agar, rep.2"
[1] "210"
[1] "valid gsm... but no data in gsm data table! getting supplementary file (which may or may not contain the data) and writing to subfolder"
[1] "cells, 225 min after inoculation on soft-agar, rep.2"
[1] "225"
[1] "valid gsm... but no data in gsm data table! getting supplementary file (which may or may not contain the data) and writing to subfolder"
[1] "cells, 240 min after inoculation on soft-agar, rep.2"
[1] "240"
[1] "valid gsm... but no data in gsm data table! getting supplementary file (which may or may not contain the data) and writing to subfolder"
[1] "cells, 0 min after inoculation on soft-agar, rep.3"
[1] "0"
[1] "valid gsm... but no data in gsm data table! getting supplementary file (which may or may not contain the data) and writing to subfolder"
[1] "cells, 30 min after inoculation on soft-agar, rep.3"
[1] "30"
[1] "valid gsm... but no data in gsm data table! getting supplementary file (which may or may not contain the data) and writing to subfolder"
[1] "cells, 60 min after inoculation on soft-agar, rep.3"
[1] "60"
[1] "valid gsm... but no data in gsm data table! getting supplementary file (which may or may not contain the data) and writing to subfolder"
[1] "cells, 90 min after inoculation on soft-agar, rep.3"
[1] "90"
[1] "valid gsm... but no data in gsm data table! getting supplementary file (which may or may not contain the data) and writing to subfolder"
[1] "cells, 120 min after inoculation on soft-agar, rep.3"
[1] "120"
[1] "valid gsm... but no data in gsm data table! getting supplementary file (which may or may not contain the data) and writing to subfolder"
[1] "cells, 150 min after inoculation on soft-agar, rep.3"
[1] "150"
[1] "valid gsm... but no data in gsm data table! getting supplementary file (which may or may not contain the data) and writing to subfolder"
[1] "cells, 180 min after inoculation on soft-agar, rep.3"
[1] "180"
[1] "valid gsm... but no data in gsm data table! getting supplementary file (which may or may not contain the data) and writing to subfolder"
[1] "cells, 195 min after inoculation on soft-agar, rep.3"
[1] "195"
[1] "valid gsm... but no data in gsm data table! getting supplementary file (which may or may not contain the data) and writing to subfolder"
[1] "cells, 210 min after inoculation on soft-agar, rep.3"
[1] "210"
[1] "valid gsm... but no data in gsm data table! getting supplementary file (which may or may not contain the data) and writing to subfolder"
[1] "cells, 225 min after inoculation on soft-agar, rep.3"
[1] "225"
[1] "valid gsm... but no data in gsm data table! getting supplementary file (which may or may not contain the data) and writing to subfolder"
[1] "cells, 240 min after inoculation on soft-agar, rep.3"
[1] "240"
[1] "valid gsm... but no data in gsm data table! getting supplementary file (which may or may not contain the data) and writing to subfolder"
