[1] NA
[1] "Cos-7 cells"
[1] NA
[1] "Cos-7 cells"
[1] NA
[1] "Cos-7 cells"
[1] NA
[1] "Cos-7 cells"
[1] NA
[1] "Cos-7 cells"
[1] NA
[1] "Cos-7 cells"
[1] NA
[1] "Cos-7 cells"
[1] NA
[1] "Cos-7 cells"
[1] NA
[1] "Cos-7 cells"
[1] NA
[1] "Cos-7 cells"
[1] NA
[1] "Cos-7 cells"
[1] NA
[1] "Cos-7 cells"
[1] NA
[1] "Cos-7 cells"
[1] NA
[1] "Cos-7 cells"
[1] NA
[1] "Cos-7 cells"
[1] NA
[1] "Cos-7 cells"
[1] NA
[1] "Cos-7 cells"
[1] NA
[1] "Cos-7 cells"
[1] NA
[1] "Cos-7 cells"
[1] NA
[1] "Cos-7 cells"
[1] NA
[1] "Cos-7 cells"
[1] NA
[1] "Cos-7 cells"
[1] NA
[1] "Cos-7 cells"
[1] NA
[1] "Cos-7 cells"
[1] NA
[1] "Cos-7 cells"
[1] NA
[1] "Cos-7 cells"
[1] NA
[1] "Cos-7 cells"
[1] NA
[1] "Cos-7 cells"
[1] NA
[1] "Cos-7 cells"
[1] NA
[1] "Cos-7 cells"
[1] NA
