[1] NA
[1] "Escherichia coli_Nissle_WT"
[1] NA
[1] "EcN SensorArrayOnly"
[1] NA
[1] "EcN NOTgate_PsrA"
[1] NA
[1] "EcN NOTgate_HlyIIR"
[1] NA
[1] "EcN NOTgate_BM3R1"
[1] NA
[1] "EcN NOTgate_AmtR"
[1] NA
[1] "EcN NOTgate_QacR"
[1] NA
[1] "EcN NOTgate_LitR"
[1] NA
[1] "EcN NOTgate_AmeR"
[1] NA
[1] "EcN NOTgate_IcaR"
[1] NA
[1] "EcN NOTgate_BetI"
[1] NA
[1] "EcN NOTgate_PhlF"
[1] NA
[1] "Escherichia coli_Nissle_WT"
[1] NA
[1] "EcN SensorArrayOnly"
[1] NA
[1] "EcN NOTgate_PsrA"
[1] NA
[1] "EcN NOTgate_HlyIIR"
[1] NA
[1] "EcN NOTgate_BM3R1"
[1] NA
[1] "EcN NOTgate_AmtR"
[1] NA
[1] "EcN NOTgate_QacR"
[1] NA
[1] "EcN NOTgate_LitR"
[1] NA
[1] "EcN NOTgate_AmeR"
[1] NA
[1] "EcN NOTgate_IcaR"
[1] NA
[1] "EcN NOTgate_BetI"
[1] NA
[1] "EcN NOTgate_PhlF"
[1] NA
[1] "Escherichia coli_Nissle_WT"
[1] NA
[1] "EcN SensorArrayOnly"
[1] NA
[1] "EcN NOTgate_PsrA"
[1] NA
[1] "EcN NOTgate_HlyIIR"
[1] NA
[1] "EcN NOTgate_BM3R1"
[1] NA
[1] "EcN NOTgate_AmtR"
[1] NA
[1] "EcN NOTgate_QacR"
[1] NA
[1] "EcN NOTgate_LitR"
[1] NA
[1] "EcN NOTgate_AmeR"
[1] NA
[1] "EcN NOTgate_IcaR"
[1] NA
[1] "EcN NOTgate_BetI"
[1] NA
[1] "EcN NOTgate_PhlF"
[1] NA
[1] "Escherichia coli_Nissle_WT"
[1] NA
[1] "EcN SensorArrayOnly"
[1] NA
[1] "EcN NOTgate_PsrA"
[1] NA
[1] "EcN NOTgate_HlyIIR"
[1] NA
[1] "EcN NOTgate_BM3R1"
[1] NA
[1] "EcN NOTgate_AmtR"
[1] NA
[1] "EcN NOTgate_QacR"
[1] NA
[1] "EcN NOTgate_LitR"
[1] NA
[1] "EcN NOTgate_AmeR"
[1] NA
[1] "EcN NOTgate_IcaR"
[1] NA
[1] "EcN NOTgate_BetI"
[1] NA
[1] "EcN NOTgate_PhlF"
[1] NA
[1] "Escherichia coli_Nissle_WT"
[1] NA
[1] "EcN SensorArrayOnly"
[1] NA
[1] "EcN NOTgate_PsrA"
[1] NA
[1] "EcN NOTgate_HlyIIR"
[1] NA
[1] "EcN NOTgate_BM3R1"
[1] NA
[1] "EcN NOTgate_AmtR"
[1] NA
[1] "EcN NOTgate_QacR"
[1] NA
[1] "EcN NOTgate_LitR"
[1] NA
[1] "EcN NOTgate_AmeR"
[1] NA
[1] "EcN NOTgate_IcaR"
[1] NA
[1] "EcN NOTgate_BetI"
[1] NA
[1] "EcN NOTgate_PhlF"
[1] NA
[1] "Escherichia coli_Nissle_WT"
[1] NA
[1] "EcN SensorArrayOnly"
[1] NA
[1] "EcN NOTgate_PsrA"
[1] NA
[1] "EcN NOTgate_HlyIIR"
[1] NA
[1] "EcN NOTgate_BM3R1"
[1] NA
[1] "EcN NOTgate_AmtR"
[1] NA
[1] "EcN NOTgate_QacR"
[1] NA
[1] "EcN NOTgate_LitR"
[1] NA
[1] "EcN NOTgate_AmeR"
[1] NA
[1] "EcN NOTgate_IcaR"
[1] NA
[1] "EcN NOTgate_BetI"
[1] NA
[1] "EcN NOTgate_PhlF"
[1] NA
[1] "Escherichia coli_Nissle_WT"
[1] NA
[1] "EcN SensorArrayOnly"
[1] NA
[1] "EcN NOTgate_PsrA"
[1] NA
[1] "EcN NOTgate_HlyIIR"
[1] NA
[1] "EcN NOTgate_BM3R1"
[1] NA
[1] "EcN NOTgate_AmtR"
[1] NA
[1] "EcN NOTgate_QacR"
[1] NA
[1] "EcN NOTgate_LitR"
[1] NA
[1] "EcN NOTgate_AmeR"
[1] NA
[1] "EcN NOTgate_IcaR"
[1] NA
[1] "EcN NOTgate_BetI"
[1] NA
[1] "EcN NOTgate_PhlF"
[1] NA
[1] "Escherichia coli_Nissle_WT"
[1] NA
[1] "EcN SensorArrayOnly"
[1] NA
[1] "EcN NOTgate_PsrA"
[1] NA
[1] "EcN NOTgate_HlyIIR"
[1] NA
[1] "EcN NOTgate_BM3R1"
[1] NA
[1] "EcN NOTgate_AmtR"
[1] NA
[1] "EcN NOTgate_QacR"
[1] NA
[1] "EcN NOTgate_LitR"
[1] NA
[1] "EcN NOTgate_AmeR"
[1] NA
[1] "EcN NOTgate_IcaR"
[1] NA
[1] "EcN NOTgate_BetI"
[1] NA
[1] "EcN NOTgate_PhlF"
[1] NA
