[1] "log2(QUERY/REF), i.e., the base 2 logarithm of the ratio of QUERY INTEGRATED_INTENSITY over REF_INTEGRATED_INTENSITY"
[1] "Staphylococcus aureus subsp.aureus strain Newman (reference)"
[1] NA
[1] "Staphylococcus aureus subsp.aureus strain Newman (reference)"
[1] NA
[1] "Staphylococcus aureus subsp.aureus strain Newman"
[1] NA
[1] "Staphylococcus aureus subsp.aureus strain Newman"
[1] NA
[1] "Staphylococcus aureus subsp.aureus strain Newman"
[1] NA
[1] "Staphylococcus aureus subsp.aureus strain Newman srrb knockout(query)"
[1] NA
[1] "Staphylococcus aureus subsp.aureus strain Newman srrb knockout(query)"
[1] NA
[1] "Staphylococcus aureus subsp.aureus strain Newman srrb knockout \t"
[1] NA
[1] "Staphylococcus aureus subsp.aureus strain Newman srrb knockout"
[1] NA
[1] "Staphylococcus aureus subsp.aureus strain Newman srrb knockout(query)\t"
[1] NA
