[1] NA
[1] "E14"
[1] NA
[1] "E14"
[1] NA
[1] "E14"
[1] NA
[1] "E14"
[1] NA
[1] "E14"
[1] NA
[1] "E14"
[1] NA
[1] "E14"
[1] NA
[1] "E14"
[1] NA
[1] "E14"
[1] NA
[1] "E14"
[1] NA
[1] "E14"
[1] NA
[1] "E14"
[1] NA
[1] "mESC"
[1] NA
[1] "mESC"
[1] NA
[1] "mESC"
[1] NA
[1] "mESC"
[1] NA
[1] "mESC"
[1] NA
[1] "mESC"
[1] NA
[1] "mESC"
[1] NA
[1] "mESC"
[1] NA
[1] "mESC"
[1] NA
[1] "mESC"
[1] NA
[1] "mESC"
[1] NA
[1] "mESC"
[1] NA
[1] "mESC"
[1] NA
[1] "mESC"
[1] NA
[1] "mESC"
[1] NA
[1] "mESC"
[1] NA
[1] "mESC"
[1] NA
[1] "mESC"
[1] NA
[1] "mESC, iNeurons, iTrophoblasts, iNSC"
[1] NA
[1] "Escherichia coli"
[1] NA
[1] "mESC"
[1] NA
[1] "mESC"
[1] NA
[1] "mESC"
[1] NA
[1] "mESC"
[1] NA
[1] "mESC"
[1] NA
[1] "mESC"
[1] NA
[1] "mESC"
[1] NA
[1] "mESC"
[1] NA
[1] "mESC"
[1] NA
[1] "mESC"
[1] NA
[1] "mESC"
[1] NA
[1] "mESC"
[1] NA
[1] "mESC"
[1] NA
[1] "mESC"
[1] NA
[1] "mESC"
[1] NA
[1] "mESC"
[1] NA
[1] "mESC"
[1] NA
[1] "mESC"
[1] NA
[1] "mESC"
[1] NA
[1] "mESC"
[1] NA
[1] "mESC"
[1] NA
[1] "mESC"
[1] NA
[1] "mESC"
[1] NA
[1] "mESC"
[1] NA
[1] "mESC"
[1] NA
[1] "mESC"
[1] NA
[1] "mESC"
[1] NA
[1] "mESC"
[1] NA
[1] "mESC"
[1] NA
[1] "mESC"
[1] NA
[1] "mESC"
[1] NA
[1] "mESC"
[1] NA
