[1] "log of Cy5 [635nm] % of total / Cy3 [532nm] % of total"
[1] "Typhimurium 14028 WT on Plate 3.0h"
[1] "3.0"
[1] "Typhimurium 14028 WT on Plate 3.0h"
[1] "3.0"
[1] "Typhimurium 14028 WT on Plate 3.0h"
[1] "3.0"
[1] "Typhimurium 14028 Wild type RNA from swarming plate at 3.0h"
[1] "3.0"
[1] "Typhimurium 14028 Wild type RNA from swarming plate at 3.0h"
[1] "3.0"
[1] "Typhimurium 14028 Wild type RNA from swarming plate at 3.0h"
[1] "3.0"
[1] "Typhimurium 14028 4-4 (cheY suppressor) on swarming plate at 3.0h"
[1] "3.0"
[1] "Typhimurium 14028 4-4 (cheY suppressor) on swarming plate at 3.0h"
[1] "3.0"
[1] "Typhimurium 14028 4-4 (cheY suppressor) on swarming plate at 3.0h"
[1] "3.0"
[1] "4-4(cheY suppressor) on swarming plate at 3.0h"
[1] "3.0"
[1] "4-4(cheY suppressor) on swarming plate at 3.0h"
[1] "3.0"
[1] "4-4(cheY suppressor) on swarming plate at 3.0h"
[1] "3.0"
