[1] "Normalizaed signal intensity (log 2 based) calculated by R 2.11.0."
[1] "WT E.coli EcNR1, no isobutanol"
[1] NA
[1] "WT E.coli EcNR1, no isobutanol"
[1] NA
[1] "WT E.coli EcNR1, no isobutanol"
[1] NA
[1] "WT E.coli EcNR1, 0.5% isobutanol"
[1] NA
[1] "WT E.coli EcNR1, 0.5% isobutanol"
[1] NA
[1] "WT E.coli EcNR1, 0.5% isobutanol"
[1] NA
[1] "G3.2 mutant of E.coli EcNR1, no isobutanol"
[1] NA
[1] "G3.2 mutant of E.coli EcNR1, no isobutanol"
[1] NA
[1] "G3.2 mutant of E.coli EcNR1, no isobutanol"
[1] NA
[1] "G3.2 mutant of E.coli EcNR1, 0.5% isobutanol"
[1] NA
[1] "G3.2 mutant of E.coli EcNR1, 0.5% isobutanol"
[1] NA
[1] "G3.2 mutant of E.coli EcNR1, 0.5% isobutanol"
[1] NA
