[1] NA
[1] "Mus musculus, plasmid DNA"
[1] NA
[1] "Mus musculus, plasmid DNA"
[1] NA
[1] "Mus musculus, plasmid DNA"
[1] NA
[1] "Mus musculus, plasmid DNA"
[1] NA
[1] "Mus musculus, Escherichia coli DNA"
[1] NA
[1] "Mus musculus, Escherichia coli DNA"
[1] NA
[1] "Mus musculus, Escherichia coli DNA"
[1] NA
[1] "Mus musculus, Escherichia coli DNA"
[1] NA
[1] "Mus musculus, Saccharomyces cerevisiae DNA"
[1] NA
[1] "Mus musculus, Saccharomyces cerevisiae DNA"
[1] NA
[1] "Mus musculus, Saccharomyces cerevisiae DNA"
[1] NA
[1] "Mus musculus, Saccharomyces cerevisiae DNA"
[1] NA
[1] "Mus musculus"
[1] NA
[1] "Mus musculus"
[1] NA
