[1] NA
[1] "BW25113 lacYI::lacIAM-Ptac-gam-3xFLAG"
[1] NA
[1] "BW25113 lacYI::lacIAM-Ptac-gam-3xFLAG"
[1] NA
[1] "BW25113 lacYI::lacIAM-Ptac-gam-3xFLAG"
[1] NA
[1] "BW25113 lacYI::lacIAM-Ptac-gam-3xFLAG"
[1] NA
[1] "BW25113 lacYI::lacIAM-Ptac-gam-3xFLAG"
[1] NA
[1] "BW25113 lacYI::lacIAM-Ptac-gam-3xFLAG"
[1] NA
[1] "BW25113 lacYI::lacIAM-Ptac-gam-3xFLAG"
[1] NA
[1] "BW25113 lacYI::lacIAM-Ptac-gam-3xFLAG"
[1] NA
[1] "BW25113 lacYI::lacIAM-Ptac-gam-3xFLAG"
[1] NA
[1] "BW25113 lacYI::lacIAM-Ptac-gam-3xFLAG"
[1] NA
[1] "BW25113 lacYI::lacIAM-Ptac-gam-3xFLAG"
[1] NA
[1] "BW25113 lacYI::lacIAM-Ptac-gam-3xFLAG"
[1] NA
