[1] NA
[1] "hqbAD98AE102A (XL675)"
[1] NA
[1] "hqbAD98AE102A (XL675)"
[1] NA
[1] "hqbAD98AE102A (XL675)"
[1] NA
[1] "hqbAD98AE102A (XL675)"
[1] NA
[1] "hqbAD98AE102A (XL675)"
[1] NA
[1] "hqbAD98AE102A (XL675)"
[1] NA
[1] "hqbAD98AE102A (XL675)"
[1] NA
[1] "hqbAD98AE102A (XL675)"
[1] NA
[1] "hqbA (XL678)"
[1] NA
[1] "hqbA (XL678)"
[1] NA
[1] "hqbA (XL678)"
[1] NA
[1] "hqbA (XL678)"
[1] NA
[1] "hqbA (XL678)"
[1] NA
[1] "hqbA (XL678)"
[1] NA
[1] "hqbA (XL678)"
[1] NA
[1] "hqbA (XL678)"
[1] NA
[1] "WT (XL674)"
[1] NA
[1] "WT (XL674)"
[1] NA
[1] "WT (XL674)"
[1] NA
[1] "WT (XL674)"
[1] NA
[1] "WT (XL674)"
[1] NA
[1] "WT (XL674)"
[1] NA
[1] "WT (XL674)"
[1] NA
[1] "WT (XL674)"
[1] NA
