[1] "log2(QUERY/REF), i.e., the base 2 logarithm of the ratio of QUERY INTEGRATED_INTENSITY over REF_INTEGRATED_INTENSITY"
[1] "Salmonella enterica strain 14028 with STM1547 mutation/ LB /log"
[1] NA
[1] "Salmonella enterica strain 14028 with STM1547 mutation/LPM4 / Mid log"
[1] NA
[1] "Salmonella enterica strain 14028 with STM1547 mutation/ LPM4 / Mid log"
[1] NA
[1] "Salmonella enterica strain with STM1547 mutation/ LPM20/Stationary"
[1] NA
[1] "Salmonella enterica strain 14028 with STM2275 mutation/ LB  / log"
[1] NA
[1] "Salmonella enterica strain 14028 with STM2575 mutation/ LB / log"
[1] NA
[1] "Salmonella enterica strain 14028 with STM2575 mutation/LPM4 / Mid log"
[1] NA
[1] "Salmonella enterica strain 14028 with STM2575 mutation/LPM4 / Mid log"
[1] NA
[1] "Salmonella enterica strain 14028 with STM2575 mutation/ LPM20/ Stationary"
[1] NA
[1] "Salmonella enterica strain 14028 with STM2912 mutation/ LB /  log"
[1] NA
[1] "Salmonella enterica strain 14028 with STM2912 mutation/ LB / log"
[1] NA
[1] "Salmonella enterica strain 14028 with STM2912 mutation/LPM4 / Mid log"
[1] NA
[1] "Salmonella enterica strain 14028 with STM2912 mutation/LPM4 / Mid log\t"
[1] NA
[1] "Salmonella enterica strain 14028 with STM3121 mutation/ LB / log"
[1] NA
[1] "Salmonella enterica strain 14028 with STM3121 mutation/ LB / log"
[1] NA
[1] "Salmonella enterica strain 14028 with STM3121 mutation/LPM4 / Mid log"
[1] NA
[1] "Salmonella enterica strain 14028 with STM3121 mutation/LPM4 / Mid log"
[1] NA
[1] "Salmonella enterica strain 14028 with crp mutation/ LB / log"
[1] NA
[1] "Salmonella enterica strain 14028 with crp mutation/ LB / log"
[1] NA
[1] "Salmonella enterica strain 14028 with crp mutation/LPM4 / Mid log"
[1] NA
[1] "Salmonella enterica strain 14028 with crp mutation/LPM4 / Mid log"
[1] NA
[1] "Salmonella enterica strain 14028 with crp mutation/ LPM20/Early Stationary"
[1] NA
[1] "Salmonella enterica strain 14028 with STM crp mutation/ LPM20/Early Stationary"
[1] NA
[1] "Salmonella enterica strain 14028 with csrA mutation/ LB / log"
[1] NA
[1] "Salmonella enterica strain 14028 with csrA mutation/ LB / log"
[1] NA
[1] "Salmonella enterica strain 14028 with csrA mutation/LPM4 / Mid log"
[1] NA
[1] "Salmonella enterica strain 14028 with csrA mutation/LPM4 / Mid log\t"
[1] NA
[1] "Salmonella enterica strain 14028 with csrA mutation/ LPM20/ Stationary"
[1] NA
[1] "Salmonella enterica strain 14028 with csrA mutation/ LPM20/Stationary"
[1] NA
[1] "Salmonella enterica strain 14028/ LPM20/Stationary"
[1] NA
[1] "Salmonella enterica strain 14028/ LPM20/ Stationary"
[1] NA
[1] "Salmonella enterica strain 14028/ LPM20/Stationary"
[1] NA
[1] "Salmonella enterica strain 14028 / LPM20/Stationary"
[1] NA
