[1] NA
[1] "E. coli bacteria"
[1] NA
[1] "E. coli bacteria"
[1] NA
[1] "E. coli bacteria"
[1] NA
[1] "E. coli bacteria"
[1] NA
[1] "E. coli bacteria"
[1] NA
[1] "E. coli bacteria"
[1] NA
[1] "E. coli bacteria"
[1] NA
[1] "E. coli bacteria"
[1] NA
[1] "E. coli bacteria"
[1] NA
[1] "E. coli bacteria"
[1] NA
[1] "E. coli bacteria"
[1] NA
[1] "E. coli bacteria"
[1] NA
[1] "E. coli bacteria"
[1] NA
[1] "E. coli bacteria"
[1] NA
[1] "E. coli bacteria"
[1] NA
[1] "E. coli bacteria"
[1] NA
[1] "E. coli bacteria"
[1] NA
[1] "E. coli bacteria"
[1] NA
[1] "E. coli bacteria"
[1] NA
[1] "E. coli bacteria"
[1] NA
[1] "E. coli bacteria"
[1] NA
[1] "E. coli bacteria"
[1] NA
[1] "E. coli bacteria"
[1] NA
[1] "E. coli bacteria"
[1] NA
[1] "E. coli bacteria"
[1] NA
[1] "E. coli bacteria"
[1] NA
[1] "E. coli bacteria"
[1] NA
[1] "E. coli bacteria"
[1] NA
[1] "E. coli bacteria"
[1] NA
[1] "E. coli bacteria"
[1] NA
[1] "E. coli bacteria"
[1] NA
[1] "E. coli bacteria"
[1] NA
[1] "E. coli bacteria"
[1] NA
[1] "E. coli bacteria"
[1] NA
[1] "E. coli bacteria"
[1] NA
[1] "E. coli bacteria"
[1] NA
[1] "E. coli bacteria"
[1] NA
[1] "E. coli bacteria"
[1] NA
[1] "E. coli bacteria"
[1] NA
[1] "E. coli bacteria"
[1] NA
[1] "E. coli bacteria"
[1] NA
[1] "E. coli bacteria"
[1] NA
[1] "E. coli bacteria"
[1] NA
[1] "E. coli bacteria"
[1] NA
[1] "E. coli bacteria"
[1] NA
[1] "E. coli bacteria"
[1] NA
[1] "E. coli bacteria"
[1] NA
[1] "E. coli bacteria"
[1] NA
