[1] NA
[1] "MG1655, adapted"
[1] NA
[1] "MG1655, adapted"
[1] NA
[1] "MG1655, adapted"
[1] NA
[1] "MG1655, adapted"
[1] NA
[1] "MG1655, adapted"
[1] NA
[1] "MG1655, adapted"
[1] NA
[1] "MG1655, adapted"
[1] NA
[1] "MG1655, adapted"
[1] NA
[1] "MG1655, adapted"
[1] NA
[1] "MG1655, adapted"
[1] NA
[1] "MG1655, adapted"
[1] NA
[1] "MG1655, adapted"
[1] NA
[1] "MG1655, adapted"
[1] NA
[1] "MG1655, adapted"
[1] NA
[1] "MG1655, adapted"
[1] NA
[1] "MG1655, adapted"
[1] NA
