[1] "normalized log10 intensity of X INT/Y_INT (Cy3/Cy5), Zero means that the intensity fell below a low intensity threshold."
[1] "Methanococcus maripaludis MM901 growth curve [test sample]"
[1] NA
[1] "Methanococcus maripaludis MM901 [reference sample]"
[1] NA
[1] "Methanococcus maripaludis MM901 growth curve [test sample]"
[1] NA
[1] "Methanococcus maripaludis MM901 [reference sample]"
[1] NA
[1] "Methanococcus maripaludis MM901 growth curve [test sample]"
[1] NA
[1] "Methanococcus maripaludis MM901 [reference sample]"
[1] NA
[1] "Methanococcus maripaludis MM901 growth curve [test sample]"
[1] NA
[1] "Methanococcus maripaludis MM901 [reference sample]"
[1] NA
[1] "Methanococcus maripaludis MM901 growth curve [test sample]"
[1] NA
[1] "Methanococcus maripaludis MM901 [reference sample]"
[1] NA
[1] "Methanococcus maripaludis MM901 growth curve [test sample]"
[1] NA
[1] "Methanococcus maripaludis MM901 [reference sample]"
[1] NA
[1] "Methanococcus maripaludis MM901 growth curve [test sample]"
[1] NA
[1] "Methanococcus maripaludis MM901 [reference sample]"
[1] NA
[1] "Methanococcus maripaludis MM901 growth curve [test sample]"
[1] NA
[1] "Methanococcus maripaludis MM901 [reference sample]"
[1] NA
[1] "Pyrococcus furiosus DSM 3638 growth curve [test sample]"
[1] NA
[1] "Pyrococcus furiosus DSM 3638 [reference sample]"
[1] NA
[1] "Pyrococcus furiosus DSM 3638 growth curve [test sample]"
[1] NA
[1] "Pyrococcus furiosus DSM 3638 [reference sample]"
[1] NA
[1] "Pyrococcus furiosus DSM 3638 growth curve [test sample]"
[1] NA
[1] "Pyrococcus furiosus DSM 3638 [reference sample]"
[1] NA
[1] "Pyrococcus furiosus DSM 3638 growth curve [test sample]"
[1] NA
[1] "Pyrococcus furiosus DSM 3638 [reference sample]"
[1] NA
[1] "Pyrococcus furiosus DSM 3638 growth curve [test sample]"
[1] NA
[1] "Pyrococcus furiosus DSM 3638 [reference sample]"
[1] NA
[1] "Pyrococcus furiosus DSM 3638 growth curve [test sample]"
[1] NA
[1] "Pyrococcus furiosus DSM 3638 [reference sample]"
[1] NA
[1] "Pyrococcus furiosus DSM 3638 growth curve [test sample]"
[1] NA
[1] "Pyrococcus furiosus DSM 3638 [reference sample]"
[1] NA
[1] "Sulfolobus solfataricus P2 growth curve [test sample]"
[1] NA
[1] "Sulfolobus solfataricus P2 [reference sample]"
[1] NA
[1] "Sulfolobus solfataricus P2 growth curve [test sample]"
[1] NA
[1] "Sulfolobus solfataricus P2 [reference sample]"
[1] NA
[1] "Sulfolobus solfataricus P2 growth curve [test sample]"
[1] NA
[1] "Sulfolobus solfataricus P2 [reference sample]"
[1] NA
[1] "Sulfolobus solfataricus P2 growth curve [test sample]"
[1] NA
[1] "Sulfolobus solfataricus P2 [reference sample]"
[1] NA
[1] "Sulfolobus solfataricus P2 growth curve [test sample]"
[1] NA
[1] "Sulfolobus solfataricus P2 [reference sample]"
[1] NA
[1] "Sulfolobus solfataricus P2 growth curve [test sample]"
[1] NA
[1] "Sulfolobus solfataricus P2 [reference sample]"
[1] NA
[1] "Sulfolobus solfataricus P2 growth curve [test sample]"
[1] NA
[1] "Sulfolobus solfataricus P2 [reference sample]"
[1] NA
[1] "Sulfolobus solfataricus P2 growth curve [test sample]"
[1] NA
[1] "Sulfolobus solfataricus P2 [reference sample]"
[1] NA
