[1] "log of ch1 % of total / ch2 % of total"
[1] "SEN NalR total RNA after 10min exposure to HCl pH4.5 in TSB"
[1] "10"
[1] "600"
[1] "SEN NalR total RNA after 10min exposure to acetic acid pH5.5 in TSB"
[1] "10"
[1] "600"
[1] "SKY 3795 total RNA after 10min exposure to HCl pH4.5 in TSB"
[1] "10"
[1] "600"
[1] "SKY 3795 total RNA after 10min exposure to acetic acid pH5.5 in TSB"
[1] "10"
[1] "600"
[1] "SEN NalR total RNA after 10min exposure to acetic acid pH5.5 in TSB"
[1] "10"
[1] "600"
[1] "SEN NalR total RNA after 10min exposure to acetic acid pH5.5 in TSB"
[1] "10"
[1] "600"
[1] "SKY 3795 total RNA after 10min exposure to acetic acid pH5.5 in TSB"
[1] "10"
[1] "600"
[1] "SKY 3795 total RNA after 10min exposure to acetic acid pH5.5 in TSB"
[1] "10"
[1] "600"
[1] "SEN NalR total RNA after 10min exposure to HCl pH5.5 in TSB"
[1] "10"
[1] "600"
[1] "SKY 3795 total RNA after 10min exposure to acetic acid pH5.5 in TSB"
[1] "10"
[1] "600"
[1] "SEN NalR total RNA after 10min exposure to HCl pH5.5 in TSB"
[1] "10"
[1] "600"
[1] "SKY 3795 total RNA after 10min exposure to HCl pH5.5 in TSB"
[1] "10"
[1] "600"
[1] "SEN NalR total RNA in TSB"
[1] NA
[1] "SEN NalR total RNA in TSB"
[1] NA
[1] "SEN NalR total RNA after 10min exposure to HCl pH4.5 in TSB"
[1] "10"
[1] "600"
[1] "SEN NalR total RNA after 10min exposure to HCl pH5.5 in TSB"
[1] "10"
[1] "600"
[1] "SEN NalR total RNA after 10min exposure to acetic acid pH5.5 in TSB"
[1] "10"
[1] "600"
[1] "SKY 3795 total RNA after 10min exposure to HCl pH4.5 in TSB"
[1] "10"
[1] "600"
[1] "SKY 3795 total RNA after 10min exposure to HCl pH4.5 in TSB"
[1] "10"
[1] "600"
[1] "SKY 3795 total RNA after 10min exposure to acetic acid pH5.5 in TSB"
[1] "10"
[1] "600"
[1] "SKY 3795 total RNA after 10min exposure to HCl pH5.5 in TSB"
[1] "10"
[1] "600"
[1] "SKY 3795 total RNA after 10min exposure to HCl pH5.5 in TSB"
[1] "10"
[1] "600"
