[1] NA
[1] "Escherichia coli K-12 control culture"
[1] NA
[1] "Escherichia coli K-12 control culture"
[1] NA
[1] "Escherichia coli K-12 control culture"
[1] NA
[1] "Escherichia coli K-12 control culture"
[1] NA
[1] "Escherichia coli K-12 control culture"
[1] NA
[1] "Escherichia coli K-12 control culture"
[1] NA
[1] "Escherichia coli K-12 control culture"
[1] NA
[1] "Escherichia coli K-12 control culture"
[1] NA
[1] "Escherichia coli K-12 control culture"
[1] NA
[1] "Escherichia coli K-12 novobiocin treated culture"
[1] NA
[1] "Escherichia coli K-12 novobiocin treated culture"
[1] NA
[1] "Escherichia coli K-12 novobiocin treated culture"
[1] NA
[1] "Escherichia coli K-12 novobiocin treated culture"
[1] NA
[1] "Escherichia coli K-12 novobiocin treated culture"
[1] NA
[1] "Escherichia coli K-12 novobiocin treated culture"
[1] NA
[1] "Escherichia coli K-12 novobiocin treated culture"
[1] NA
[1] "Escherichia coli K-12 novobiocin treated culture"
[1] NA
[1] "Escherichia coli K-12 novobiocin treated culture"
[1] NA
[1] "Escherichia coli K-12 rifampicin treated culture"
[1] NA
[1] "Escherichia coli K-12 rifampicin treated culture"
[1] NA
[1] "Escherichia coli K-12 rifampicin treated culture"
[1] NA
[1] "Escherichia coli K-12 rifampicin treated culture"
[1] NA
[1] "Escherichia coli K-12 rifampicin treated culture"
[1] NA
[1] "Escherichia coli K-12 rifampicin treated culture"
[1] NA
[1] "Escherichia coli K-12 rifampicin treated culture"
[1] NA
[1] "Escherichia coli K-12 rifampicin treated culture"
[1] NA
[1] "Escherichia coli K-12 rifampicin treated culture"
[1] NA
[1] "Escherichia coli K-12 tetracycline treated culture"
[1] NA
[1] "Escherichia coli K-12 tetracycline treated culture"
[1] NA
[1] "Escherichia coli K-12 tetracycline treated culture"
[1] NA
[1] "Escherichia coli K-12 tetracycline treated culture"
[1] NA
[1] "Escherichia coli K-12 tetracycline treated culture"
[1] NA
[1] "Escherichia coli K-12 tetracycline treated culture"
[1] NA
[1] "Escherichia coli K-12 tetracycline treated culture"
[1] NA
[1] "Escherichia coli K-12 tetracycline treated culture"
[1] NA
[1] "Escherichia coli K-12 tetracycline treated culture"
[1] NA
