[1] "GeneSpring normalized signal intensity Cy3/Cy5"
[1] "MB282 co cultured with Tetrahymena in H2O for 3 hours at 28 deg C 1-29-09"
[1] "3"
[1] "10800"
[1] "MB282 co cultured with Tetrahymena in H2O for 3 hours at 28 deg C 1-29-09"
[1] "3"
[1] "10800"
[1] "MB282 co cultured with Tetrahymena in H2O for 3 hours at 28 deg C 1-29-09"
[1] "3"
[1] "10800"
[1] "MB282 co cultured with Tetrahymena in H2O for 3 hours at 28 deg C 2-20-09A"
[1] "3"
[1] "10800"
[1] "MB282 co cultured with Tetrahymena in H2O for 3 hours at 28 deg C 2-20-09A"
[1] "3"
[1] "10800"
[1] "MB282 co cultured with Tetrahymena in H2O for 3 hours at 28 deg C 2-20-09A"
[1] "3"
[1] "10800"
[1] "MB282 co cultured with Tetrahymena in H2O for 3 hours at 28 deg C 2-20-09B"
[1] "3"
[1] "10800"
[1] "MB282 co cultured with Tetrahymena in H2O for 3 hours at 28 deg C 2-20-09B"
[1] "3"
[1] "10800"
[1] "MB282 co cultured with Tetrahymena in H2O for 3 hours at 28 deg C 2-20-09B"
[1] "3"
[1] "10800"
[1] "MB282 incubated in H2O for 3 hours at 28 deg C 4-9-09A"
[1] "3"
[1] "10800"
[1] "MB282 incubated in H2O for 3 hours at 28 deg C 4-9-09A"
[1] "3"
[1] "10800"
[1] "MB282 incubated in H2O for 3 hours at 28 deg C 4-9-09B"
[1] "3"
[1] "10800"
[1] "MB282 incubated in H2O for 3 hours at 28 deg C 4-9-09B"
[1] "3"
[1] "10800"
[1] "MB282 incubated in H2O for 3 hours at 28 deg C 4-9-09C"
[1] "3"
[1] "10800"
[1] "MB282 incubated in H2O for 3 hours at 28 deg C 4-9-09C"
[1] "3"
[1] "10800"
[1] "MB282 incubated in H2O for 3 hours at 28 deg C 4-9-09D"
[1] "3"
[1] "10800"
[1] "MB282 incubated in H2O for 3 hours at 28 deg C 4-9-09D"
[1] "3"
[1] "10800"
[1] "MB282 incubated in H2O for 3 hours at 28 deg C 4-9-09E"
[1] "3"
[1] "10800"
[1] "MB282 incubated in H2O for 3 hours at 28 deg C 4-9-09E"
[1] "3"
[1] "10800"
[1] "MB282 grown to mid-log phase in LB broth at 28 deg C 2-19-09"
[1] NA
[1] "MB282 grown to mid-log phase in LB broth at 28 deg C 2-19-09"
[1] NA
[1] "MB282 grown to mid-log phase in LB broth at 28 deg C 4-15-09A"
[1] NA
[1] "MB282 grown to mid-log phase in LB broth at 28 deg C 4-15-09A"
[1] NA
[1] "MB282 grown to mid-log phase in LB broth at 28 deg C 4-15-09B"
[1] NA
[1] "MB282 grown to mid-log phase in LB broth at 28 deg C 4-15-09B"
[1] NA
[1] "MB282 grown to mid-log phase in LB broth at 28 deg C 4-15-09C"
[1] NA
[1] "MB282 grown to mid-log phase in LB broth at 28 deg C 4-15-09C"
[1] NA
