[1] "background substracted and  normalized log2 ratio (ch2[Cy5]/ch1[cy3])"
[1] "Lactobacillus acidophilus NCFM Glucose"
[1] NA
[1] "Lactobacillus acidophilus NCFM Cellobiose"
[1] NA
[1] "Lactobacillus acidophilus NCFM GOS"
[1] NA
[1] "Lactobacillus acidophilus NCFM Raffinose"
[1] NA
[1] "Lactobacillus acidophilus NCFM Panose"
[1] NA
[1] "Lactobacillus acidophilus NCFM Stachyose"
[1] NA
[1] "Lactobacillus acidophilus NCFM Isomaltose"
[1] NA
[1] "Lactobacillus acidophilus NCFM Gentiobiose"
[1] NA
[1] "Lactobacillus acidophilus NCFM Lactitol"
[1] NA
[1] "Lactobacillus acidophilus NCFM Beta-Glucan oligomers"
[1] NA
[1] "Lactobacillus acidophilus NCFM Polydextrose"
[1] NA
[1] "Lactobacillus acidophilus NCFM Isomaltulose"
[1] NA
