[1] "RMA normalized log2 intensity value"
[1] "E. faecalis E99 mid-log"
[1] NA
[1] "E. faecalis E99 mid-log"
[1] NA
[1] "E. faecalis E99 ΔperA mid-log"
[1] NA
[1] "E. faecalis E99 ΔperA mid-log"
[1] NA
[1] "E. faecalis E99 late-log"
[1] NA
[1] "E. faecalis E99 late-log"
[1] NA
[1] "E. faecalis E99 ΔperA late-log"
[1] NA
[1] "E. faecalis E99 ΔperA late-log"
[1] NA
[1] "E. faecalis E99 ST"
[1] NA
[1] "E. faecalis E99 ST"
[1] NA
[1] "E. faecalis E99 ΔperA ST"
[1] NA
[1] "E. faecalis E99 ΔperA ST"
[1] NA
