[1] "Normalized log2 ratio representing mutant/WT"
[1] "P2-08"
[1] NA
[1] "P2-51"
[1] NA
[1] "P2-58"
[1] NA
[1] "P2-66"
[1] NA
[1] "P2-77"
[1] NA
[1] "PF2-04"
[1] NA
[1] "PF2-08"
[1] NA
[1] "PF2-12"
[1] NA
[1] "P2-08"
[1] NA
[1] "P2-51"
[1] NA
[1] "P2-58"
[1] NA
[1] "P2-66"
[1] NA
[1] "P2-77"
[1] NA
[1] "PF2-04"
[1] NA
[1] "PF2-08"
[1] NA
[1] "PF2-12"
[1] NA
[1] "wild-type"
[1] NA
[1] "wild-type"
[1] NA
[1] "wild-type"
[1] NA
[1] "wild-type"
[1] NA
[1] "wild-type"
[1] NA
[1] "wild-type"
[1] NA
[1] "wild-type"
[1] NA
[1] "wild-type"
[1] NA
