[1] "log2 RMA signal"
[1] "K12 Δ(yjjP-yjjQ-bglJ) + pBglJ"
[1] NA
[1] "K12 Δ(yjjP-yjjQ-bglJ) + pBglJ"
[1] NA
[1] "K12Δ(yjjP-yjjQ-bglJ) + pBglJ"
[1] NA
[1] "K12 Δ(yjjP-yjjQ-bglJ) + pBglJ"
[1] NA
[1] "K12 Δ(yjjP-yjjQ-bglJ) + ctrl"
[1] NA
[1] "K12 Δ(yjjP-yjjQ-bglJ) + ctrl"
[1] NA
[1] "K12 Δ(yjjP-yjjQ-bglJ) + ctrl"
[1] NA
[1] "K12 Δ(yjjP-yjjQ-bglJ) + ctrl"
[1] NA
[1] "K12 Δ(yjjP-yjjQ-bglJ) + pLeuO"
[1] NA
[1] "K12 Δ(yjjP-yjjQ-bglJ) + pLeuO"
[1] NA
[1] "K12 Δ(yjjP-yjjQ-bglJ) + pLeuO"
[1] NA
[1] "K12 Δ(yjjP-yjjQ-bglJ) + pLeuO"
[1] NA
[1] "K12 Δ(yjjP-yjjQ-bglJ) ΔrcsB + pBglJ"
[1] NA
[1] "K12 Δ(yjjP-yjjQ-bglJ) ΔrcsB + pBglJ"
[1] NA
[1] "K12 Δ(yjjP-yjjQ-bglJ) ΔrcsB + pBglJ"
[1] NA
[1] "K12 Δ(yjjP-yjjQ-bglJ) ΔrcsB + pBglJ"
[1] NA
[1] "K12 Δ(yjjP-yjjQ-bglJ) ΔrcsB + ctrl"
[1] NA
[1] "K12 Δ(yjjP-yjjQ-bglJ) ΔrcsB + ctrl"
[1] NA
[1] "K12 Δ(yjjP-yjjQ-bglJ) ΔrcsB + ctrl"
[1] NA
[1] "K12 Δ(yjjP-yjjQ-bglJ) ΔrcsB + ctrl"
[1] NA
[1] "K12 Δ(yjjP-yjjQ-bglJ) ΔleuO + pBglJ"
[1] NA
[1] "K12 Δ(yjjP-yjjQ-bglJ) ΔleuO + pBglJ"
[1] NA
[1] "K12 Δ(yjjP-yjjQ-bglJ) ΔleuO + pBglJ"
[1] NA
[1] "K12 Δ(yjjP-yjjQ-bglJ) ΔleuO + pBglJ"
[1] NA
[1] "K12 Δ(yjjP-yjjQ-bglJ) ΔleuO + ctrl"
[1] NA
[1] "K12 Δ(yjjP-yjjQ-bglJ) ΔleuO + ctrl"
[1] NA
[1] "K12 Δ(yjjP-yjjQ-bglJ) ΔleuO + ctrl"
[1] NA
[1] "K12 Δ(yjjP-yjjQ-bglJ) ΔleuO + ctrl"
[1] NA
