[1] "Block median normalised log2 ratio (cDNA/reference gDNA)"
[1] "S. Typhimurium Inoculum A BIO2"
[1] NA
[1] "S. Typhimurium Inoculum A BIO4"
[1] NA
[1] "S. Typhimurium Inoculum A BIO5"
[1] NA
[1] "S. Typhimurium Inoculum B BIO2"
[1] NA
[1] "S. Typhimurium Inoculum B BIO4"
[1] NA
[1] "S. Typhimurium Inoculum B BIO5"
[1] NA
[1] "S. Typhimurium Planktonic MEP BIO2"
[1] NA
[1] "S. Typhimurium Planktonic MEP BIO3"
[1] NA
[1] "S. Typhimurium Planktonic MEP BIO4"
[1] NA
[1] "S. Typhimurium Planktonic MEP BIO5"
[1] NA
[1] "S. Typhimurium Planktonic LEP BIO2"
[1] NA
[1] "S. Typhimurium Planktonic LEP BIO3"
[1] NA
[1] "S. Typhimurium Planktonic LEP BIO4"
[1] NA
[1] "S. Typhimurium Planktonic LEP BIO5"
[1] NA
[1] "S. Typhimurium Planktonic ESP BIO2"
[1] NA
[1] "S. Typhimurium Planktonic ESP BIO3"
[1] NA
[1] "S. Typhimurium Planktonic ESP BIO4"
[1] NA
[1] "S. Typhimurium Planktonic ESP BIO5"
[1] NA
[1] "S. Typhimurium Planktonic LSP BIO2"
[1] NA
[1] "S. Typhimurium Planktonic LSP BIO3"
[1] NA
[1] "S. Typhimurium Planktonic LSP BIO4"
[1] NA
[1] "S. Typhimurium Planktonic LSP BIO5"
[1] NA
[1] "S. Typhimurium Immobilised MEP BIO1"
[1] NA
[1] "S. Typhimurium Immobilised MEP BIO3"
[1] NA
[1] "S. Typhimurium Immobilised MEP BIO4"
[1] NA
[1] "S. Typhimurium Immobilised MEP BIO5"
[1] NA
[1] "S. Typhimurium Immobilised LEP BIO1"
[1] NA
[1] "S. Typhimurium Immobilised LEP BIO3"
[1] NA
[1] "S. Typhimurium Immobilised LEP BIO4"
[1] NA
[1] "S. Typhimurium Immobilised LEP BIO5"
[1] NA
[1] "S. Typhimurium Immobilised ESP BIO3"
[1] NA
[1] "S. Typhimurium Immobilised ESP BIO4"
[1] NA
[1] "S. Typhimurium Immobilised ESP BIO5"
[1] NA
[1] "S. Typhimurium Immobilised LSP BIO1"
[1] NA
[1] "S. Typhimurium Immobilised LSP BIO3"
[1] NA
[1] "S. Typhimurium Immobilised LSP BIO4"
[1] NA
[1] "S. Typhimurium Immobilised LSP BIO5"
[1] NA
