[1] "Log (base 2) of the ratio of the median of Channel 2 (usually 635 nm) to Channel 1 (usually 532 nm) [log (base 2) (RAT2N MEDIAN)].; Type: float; Scale: log_base_2"
[1] "WT 30' (DMSO)"
[1] NA
[1] "UblA- 30' (repeat)"
[1] NA
[1] "UblA- 30'"
[1] NA
[1] "UBlA- 60' (repeat)"
[1] NA
[1] "UblA- 60'"
[1] NA
[1] "PmrA- (H2O)"
[1] NA
[1] "WT 60' (DMSO)"
[1] NA
[1] "PmrA- (DMSO)"
[1] NA
[1] "PmrA- 30' (repeat)"
[1] NA
[1] "WT 30'"
[1] NA
[1] "WT 30' (H2O)"
[1] NA
[1] "PmrA- 30'"
[1] NA
[1] "WT 60'"
[1] NA
[1] "WT 60' (H2O)"
[1] NA
