[1] "log2 RMA signal"
[1] "oxyR mutant grown in rich medium"
[1] NA
[1] "oxyR mutant grown in rich medium"
[1] NA
[1] "oxyR mutant grown in rich medium"
[1] NA
[1] "oxyR mutant grown in poor medium"
[1] NA
[1] "oxyR mutant grown in poor medium"
[1] NA
[1] "oxyR mutant grown in poor medium"
[1] NA
[1] "wildtype mutant grown in rich medium"
[1] NA
[1] "wildtype mutant grown in rich medium"
[1] NA
[1] "wildtype mutant grown in rich medium"
[1] NA
[1] "wildtype mutant grown in poor medium"
[1] NA
[1] "wildtype mutant grown in poor medium"
[1] NA
[1] "wildtype mutant grown in poor medium"
[1] NA
[1] "oxyR overexpression in rich medium"
[1] NA
[1] "oxyR overexpression in rich medium"
[1] NA
[1] "oxyR overexpression in rich medium"
[1] NA
