[1] "log2 ratio (Cy5/Cy3) representing reference/test"
[1] "RNA from strain MC58 grown in PPM+"
[1] NA
[1] "RNA from strain MC58 grown in PPM+"
[1] NA
[1] "RNA from strain MC58 grown in PPM+"
[1] NA
[1] "RNA from strain MC58 grown in PPM+ and exposed to human saliva"
[1] NA
[1] "RNA from strain MC58 grown in PPM+ and exposed to human saliva"
[1] NA
[1] "RNA from strain MC58 grown in PPM+ and exposed to human saliva"
[1] NA
[1] "RNA from strain MC58 grown in PPM+ and exposed to human whole blood"
[1] NA
[1] "RNA from strain MC58 grown in PPM+ and exposed to human whole blood"
[1] NA
[1] "RNA from strain MC58 grown in PPM+ and exposed to human whole blood"
[1] NA
[1] "RNA from strain MC58 grown in PPM+ and exposed to human csf"
[1] NA
[1] "RNA from strain MC58 grown in PPM+ and exposed to human csf"
[1] NA
[1] "RNA from strain MC58 grown in PPM+ and exposed to human csf"
[1] NA
[1] "RNA from strain α522 grown in PPM+"
[1] NA
[1] "RNA from strain α522 grown in PPM+"
[1] NA
[1] "RNA from strain α522 grown in PPM+"
[1] NA
[1] "RNA from strain α522 grown in PPM+ and exposed to human saliva"
[1] NA
[1] "RNA from strain α522 grown in PPM+ and exposed to human saliva"
[1] NA
[1] "RNA from strain α522 grown in PPM+ and exposed to human saliva"
[1] NA
[1] "RNA from strain α522 grown in PPM+ and exposed to human whole blood"
[1] NA
[1] "RNA from strain α522 grown in PPM+ and exposed to human whole blood"
[1] NA
[1] "RNA from strain α522 grown in PPM+ and exposed to human whole blood"
[1] NA
[1] "RNA from strain α522 grown in PPM+ and exposed to human csf"
[1] NA
[1] "RNA from strain α522 grown in PPM+ and exposed to human csf"
[1] NA
[1] "RNA from strain α522 grown in PPM+ and exposed to human csf"
[1] NA
