[1] "Bioconductor RMA signal intensity"
[1] "CF30 patient 1979 isolate"
[1] NA
[1] "CF30 patient 1979 isolate"
[1] NA
[1] "CF30 patient 1979 isolate"
[1] NA
[1] "CF43 patient 1973 isolate"
[1] NA
[1] "CF43 patient 1973 isolate"
[1] NA
[1] "CF43 patient 1973 isolate"
[1] NA
[1] "CF66 patient 1973 isolate"
[1] NA
[1] "CF66 patient 1973 isolate"
[1] NA
[1] "CF66 patient 1973 isolate"
[1] NA
[1] "CF66 patient 1992 isolate"
[1] NA
[1] "CF66 patient 1992 isolate"
[1] NA
[1] "CF66 patient 1992 isolate"
[1] NA
[1] "CF66 patient 2008 isolate"
[1] NA
[1] "CF66 patient 2008 isolate"
[1] NA
[1] "CF66 patient 2008 isolate"
[1] NA
[1] "CF105 patient 1973 isolate"
[1] NA
[1] "CF105 patient 1973 isolate"
[1] NA
[1] "CF105 patient 1973 isolate"
[1] NA
[1] "CF114 patient 1973 isolate"
[1] NA
[1] "CF114 patient 1973 isolate"
[1] NA
[1] "CF114 patient 1973 isolate"
[1] NA
[1] "CF173 patient 1984 isolate"
[1] NA
[1] "CF173 patient 1984 isolate"
[1] NA
[1] "CF173 patient 1984 isolate"
[1] NA
[1] "CF173 patient 2002 isolate"
[1] NA
[1] "CF173 patient 2002 isolate"
[1] NA
[1] "CF173 patient 2002 isolate"
[1] NA
[1] "CF173 patient 2005 isolate"
[1] NA
[1] "CF173 patient 2005 isolate"
[1] NA
[1] "CF173 patient 2005 isolate"
[1] NA
[1] "CF243 patient 2002 isolate"
[1] NA
[1] "CF243 patient 2002 isolate"
[1] NA
[1] "CF243 patient 2002 isolate"
[1] NA
[1] "CF333 patient 1991 isolate"
[1] NA
[1] "CF333 patient 1991 isolate"
[1] NA
[1] "CF333 patient 1991 isolate"
[1] NA
[1] "CF333 patient 1997 isolate"
[1] NA
[1] "CF333 patient 1997 isolate"
[1] NA
[1] "CF333 patient 1997 isolate"
[1] NA
[1] "CF333 patient 2003 isolate"
[1] NA
[1] "CF333 patient 2003 isolate"
[1] NA
[1] "CF333 patient 2003 isolate"
[1] NA
[1] "CF333 patient 2005 isolate"
[1] NA
[1] "CF333 patient 2005 isolate"
[1] NA
[1] "CF333 patient 2005 isolate"
[1] NA
[1] "CF333 patient 2007 isolate"
[1] NA
[1] "CF333 patient 2007 isolate"
[1] NA
[1] "CF333 patient 2007 isolate"
[1] NA
[1] "B6 patient isolate at month 0"
[1] NA
[1] "B6 patient isolate at month 0"
[1] NA
[1] "B6 patient isolate at month 0"
[1] NA
[1] "B6 patient isolate at month 4"
[1] NA
[1] "B6 patient isolate at month 4"
[1] NA
[1] "B6 patient isolate at month 4"
[1] NA
[1] "B12 patient isolate at month 0"
[1] NA
[1] "B12 patient isolate at month 0"
[1] NA
[1] "B12 patient isolate at month 0"
[1] NA
[1] "B12 patient isolate at month 4"
[1] NA
[1] "B12 patient isolate at month 4"
[1] NA
[1] "B12 patient isolate at month 4"
[1] NA
[1] "B12 patient isolate at month 7"
[1] NA
[1] "B12 patient isolate at month 7"
[1] NA
[1] "B12 patient isolate at month 7"
[1] NA
[1] "B38 patient isolate at month 1"
[1] NA
[1] "B38 patient isolate at month 1"
[1] NA
[1] "B38 patient isolate at month 1"
[1] NA
[1] "B38 patient mucoid isolate at month 2"
[1] NA
[1] "B38 patient mucoid isolate at month 2"
[1] NA
[1] "B38 patient mucoid isolate at month 2"
[1] NA
[1] "non-mucoid mutant derived from B38 patient mucoid isolate at month 2"
[1] NA
[1] "non-mucoid mutant derived from B38 patient mucoid isolate at month 2"
[1] NA
[1] "non-mucoid mutant derived from B38 patient mucoid isolate at month 2"
[1] NA
[1] "B38 patient mucoid isolate at month 6"
[1] NA
[1] "B38 patient mucoid isolate at month 6"
[1] NA
[1] "B38 patient mucoid isolate at month 6"
[1] NA
[1] "lab wild-type strain"
[1] NA
[1] "lab wild-type strain"
[1] NA
[1] "lab wild-type strain"
[1] NA
