[1] "Log (base 2) of the ratio of the mean of Channel 2 (usually 635 nm) to Channel 1 (usually 532 nm) [log (base 2) (RAT2N MEAN)].; Type: float; Scale: log_base_2"
[1] "MG1655 (Repaired NCM 3416) in M9 + 0.2% Glucose"
[1] NA
[1] "MG1655 (Repaired NCM 3416) in M9 + 0.2% Glucose"
[1] NA
[1] "MG1655 at 30 Degrees"
[1] NA
[1] "MG1655 at 30 Degrees"
[1] NA
[1] "MG1655 at 30 Degrees"
[1] NA
[1] "MG1655 (Repaired NCM 3416) in M9 + 0.2% Glucose"
[1] NA
[1] "MG1655 (Repaired NCM 3416) in M9 + 0.2% Glucose"
[1] NA
[1] "MG1655 (Repaired NCM 3416) in M9 + 0.2% Glucose"
[1] NA
[1] "MG1655 (Repaired NCM 3416) in M9 + 0.2% Glucose"
[1] NA
[1] "MG1655 (Repaired NCM 3416) in M9 + 0.2% Glucose"
[1] NA
[1] "MG1655 at 30 Degrees"
[1] NA
[1] "MG1655 (Repaired MCM 3416) in M9 + 0.2% Glucose"
[1] NA
