[1] "Log ratio (log2 of PRE VALUE)"
[1] "fnr- aerobic"
[1] NA
[1] "fnr- aerobic"
[1] NA
[1] "fnr- aerobic"
[1] NA
[1] "wt aerobic"
[1] NA
[1] "wt aerobic"
[1] NA
[1] "wt aerobic"
[1] NA
[1] "fnr- anaerobic"
[1] NA
[1] "fnr- anaerobic"
[1] NA
[1] "fnr- anaerobic"
[1] NA
[1] "wt anaerobic"
[1] NA
[1] "wt anaerobic"
[1] NA
[1] "wt anaerobic"
[1] NA
[1] "fnr- anaerobic plus NO2"
[1] NA
[1] "fnr- anaerobic plus NO2"
[1] NA
[1] "fnr- anaerobic plus NO2"
[1] NA
[1] "wt anaerobic plus NO2"
[1] NA
[1] "wt anaerobic plus NO2"
[1] NA
[1] "wt anaerobic plus NO2"
[1] NA
[1] "fnr- anaerobic plus NO3"
[1] NA
[1] "fnr- anaerobic plus NO3"
[1] NA
[1] "fnr- anaerobic plus NO3"
[1] NA
[1] "wt anaerobic plus NO3"
[1] NA
[1] "wt anaerobic plus NO3"
[1] NA
[1] "wt anaerobic plus NO3"
[1] NA
[1] "fnr- aerobic"
[1] NA
[1] "fnr- aerobic"
[1] NA
[1] "fnr- aerobic"
[1] NA
[1] "wt aerobic"
[1] NA
[1] "wt aerobic"
[1] NA
[1] "wt aerobic"
[1] NA
[1] "fnr- anaerobic"
[1] NA
[1] "fnr- anaerobic"
[1] NA
[1] "fnr- anaerobic"
[1] NA
[1] "wt anaerobic"
[1] NA
[1] "wt anaerobic"
[1] NA
[1] "wt anaerobic"
[1] NA
[1] "fnr- anaerobic plus NO2"
[1] NA
[1] "fnr- anaerobic plus NO2"
[1] NA
[1] "fnr- anaerobic plus NO2"
[1] NA
[1] "wt anaerobic plus NO2"
[1] NA
[1] "wt anaerobic plus NO2"
[1] NA
[1] "wt anaerobic plus NO2"
[1] NA
[1] "fnr- anaerobic plus NO3"
[1] NA
[1] "fnr- anaerobic plus NO3"
[1] NA
[1] "fnr- anaerobic plus NO3"
[1] NA
[1] "wt anaerobic plus NO3"
[1] NA
[1] "wt anaerobic plus NO3"
[1] NA
[1] "wt anaerobic plus NO3"
[1] NA
[1] "narXL anaerobic plus NO2"
[1] NA
[1] "narXL anaerobic plus NO2"
[1] NA
[1] "narXL anaerobic plus NO2"
[1] NA
[1] "narXL anaerobic plus NO2"
[1] NA
[1] "narXLP anaerobic plus NO2"
[1] NA
[1] "narXLP anaerobic plus NO2"
[1] NA
[1] "narXLP anaerobic plus NO2"
[1] NA
