[1] "tRNA normalized Log2 intensity over background, as described above."
[1] "Aerobic-RNA-deg T0"
[1] NA
[1] "Aerobic-RNA-deg T0"
[1] NA
[1] "Aerobic-RNA-deg T5"
[1] NA
[1] "Aerobic-RNA-deg T5"
[1] NA
[1] "Aerobic-RNA-deg T10"
[1] NA
[1] "Aerobic-RNA-deg T10"
[1] NA
[1] "Aerobic-RNA-deg T15"
[1] NA
[1] "Aerobic-RNA-deg T15"
[1] NA
[1] "Aerobic-RNA-deg T20"
[1] NA
[1] "Aerobic-RNA-deg T20"
[1] NA
[1] "Aerobic-RNA-deg T30"
[1] NA
[1] "Aerobic-RNA-deg T30"
[1] NA
[1] "Aerobic-RNA-deg T0"
[1] NA
[1] "Aerobic-RNA-deg T5"
[1] NA
[1] "Aerobic-RNA-deg T10"
[1] NA
[1] "Aerobic-RNA-deg T15"
[1] NA
[1] "Aerobic-RNA-deg T20"
[1] NA
[1] "Aerobic-RNA-deg T30"
[1] NA
[1] "Aerobic-RNA-deg T0"
[1] NA
[1] "Aerobic-RNA-deg T5"
[1] NA
[1] "Aerobic-RNA-deg T10"
[1] NA
[1] "Aerobic-RNA-deg T15"
[1] NA
[1] "Aerobic-RNA-deg T20"
[1] NA
[1] "Aerobic-RNA-deg T30"
[1] NA
