[1] "Log (base 2) of the ratio of the median of Channel 2 (usually 635 nm) to Channel 1 (usually 532 nm) [log (base 2) (RAT2N MEDIAN)].; Type: float; Scale: log_base_2"
[1] "500ng D39 T0"
[1] NA
[1] "500ng D39 T0"
[1] NA
[1] "500ng D39 T0 A"
[1] NA
[1] "500ng D39 T0"
[1] NA
[1] "500ng D39 T0 C"
[1] NA
[1] "500ng D39 T0"
[1] NA
[1] "500ng D39 T0"
[1] NA
[1] "500ng D39 T0"
[1] NA
[1] "500ng D39 T0"
[1] NA
[1] "500ng D39 T0"
[1] NA
[1] "500ng D39 T0"
[1] NA
[1] "500ng D39 T0"
[1] NA
[1] "500ng D39 T0"
[1] NA
[1] "500ng D39 T0"
[1] NA
[1] "500ng D39 T0"
[1] NA
[1] "500ng D39 T0 B"
[1] NA
[1] "500ng D39 T0"
[1] NA
[1] "500ng D39 T0 A"
[1] NA
[1] "500ng D39 T0"
[1] NA
[1] "500ng D39 T0 B"
[1] NA
[1] "500ng D39 T0"
[1] NA
[1] "500ng D39 T0"
[1] NA
[1] "500ng D39 T0 A"
[1] NA
[1] "500ng D39 T0"
[1] NA
[1] "500ng D39 T0 B"
[1] NA
[1] "500ng D39 T0"
[1] NA
[1] "500ng D39 T0"
[1] NA
[1] "500ng D39 T0"
[1] NA
[1] "500ng D39 T0"
[1] NA
[1] "500ng D39 T0"
[1] NA
[1] "500ng D39 T0"
[1] NA
[1] "500ng D39 T0"
[1] NA
[1] "500ng D39 T0 C"
[1] NA
[1] "500ng D39 T0"
[1] NA
[1] "500ng D39 GC2 T0 A"
[1] NA
[1] "500ng D39 T0 B"
[1] NA
[1] "500ng D39 T0"
[1] NA
[1] "500ng D39 T0"
[1] NA
[1] "500ng D39 T0"
[1] NA
[1] "500ng D39 T0"
[1] NA
