[1] "Log2GC-RMA signal"
[1] "Escherichia coli treated with 1%DMSO"
[1] NA
[1] "Escherichia coli treated with 1%DMSO"
[1] NA
[1] "Escherichia coli treated with 1%DMSO"
[1] NA
[1] "Escherichia coli treated with 0.5MIC of cyadox"
[1] NA
[1] "Escherichia coli treated with 0.5MIC of cyadox"
[1] NA
[1] "Escherichia coli treated with 0.5MIC of cyadox"
[1] NA
[1] "Escherichia coli treated with MBC of cyadox"
[1] NA
[1] "Escherichia coli treated with MBC of cyadox"
[1] NA
[1] "Escherichia coli treated with MBC of cyadox"
[1] NA
[1] "Escherichia coli treated with MIC of olaquindox"
[1] NA
[1] "Escherichia coli treated with MIC of olaquindox"
[1] NA
[1] "Escherichia coli treated with MIC of olaquindox"
[1] NA
[1] "Escherichia coli treated with MBC of olaquindox"
[1] NA
[1] "Escherichia coli treated with MBC of olaquindox"
[1] NA
[1] "Escherichia coli treated with MBC of olaquindox"
[1] NA
