[1] "tRNA normalized Log2 intensity over background, as described above."
[1] "ColdStress RNAdeg_T0"
[1] NA
[1] "ColdStress RNAdeg_T1"
[1] NA
[1] "ColdStress RNAdeg_T2"
[1] NA
[1] "ColdStress RNAdeg_T5"
[1] NA
[1] "ColdStress RNAdeg_T0"
[1] NA
[1] "ColdStress RNAdeg_T1"
[1] NA
[1] "ColdStress RNAdeg_T2"
[1] NA
[1] "ColdStress RNAdeg_T5"
[1] NA
[1] "ColdStress RNAdeg_T0"
[1] NA
[1] "ColdStress RNAdeg_T1"
[1] NA
[1] "ColdStress RNAdeg_T2"
[1] NA
[1] "ColdStress RNAdeg_T5"
[1] NA
[1] "HypoxicStress RNAdeg_T0"
[1] NA
[1] "HypoxicStress RNAdeg_T1"
[1] NA
[1] "HypoxicStress RNAdeg_T2"
[1] NA
[1] "HypoxicStress RNAdeg_T5"
[1] NA
[1] "HypoxicStress RNAdeg_T0"
[1] NA
[1] "HypoxicStress RNAdeg_T1"
[1] NA
[1] "HypoxicStress RNAdeg_T2"
[1] NA
[1] "HypoxicStress RNAdeg_T5"
[1] NA
[1] "HypoxicStress RNAdeg_T0"
[1] NA
[1] "HypoxicStress RNAdeg_T1"
[1] NA
[1] "HypoxicStress RNAdeg_T2"
[1] NA
[1] "HypoxicStress RNAdeg_T5"
[1] NA
