[1] NA
[1] "cDNA prepared from succinate culture of KT2440"
[1] NA
[1] "cDNA prepared from succinate culture of KT2440"
[1] NA
[1] "cDNA prepared from succinate culture of KT2440"
[1] NA
[1] "cDNA prepared from succinate culture of KT2440"
[1] NA
[1] "cDNA prepared from succinate culture of KT2440(pCAR1)"
[1] NA
[1] "cDNA prepared from succinate culture of KT2440(pCAR1)"
[1] NA
[1] "cDNA prepared from succinate culture of KT2440(pCAR1)"
[1] NA
[1] "cDNA prepared from succinate culture of KT2440(pCAR1)"
[1] NA
[1] "cDNA prepared from succinate culture of PAO1"
[1] NA
[1] "cDNA prepared from succinate culture of PAO1"
[1] NA
[1] "cDNA prepared from succinate culture of PAO1"
[1] NA
[1] "cDNA prepared from succinate culture of PAO1"
[1] NA
[1] "cDNA prepared from succinate culture of PAO1(pCAR1)"
[1] NA
[1] "cDNA prepared from succinate culture of PAO1(pCAR1)"
[1] NA
[1] "cDNA prepared from succinate culture of PAO1(pCAR1)"
[1] NA
[1] "cDNA prepared from succinate culture of PAO1(pCAR1)"
[1] NA
[1] "cDNA prepared from succinate culture of Pf0-1"
[1] NA
[1] "cDNA prepared from succinate culture of Pf0-1"
[1] NA
[1] "cDNA prepared from succinate culture of Pf0-1"
[1] NA
[1] "cDNA prepared from succinate culture of Pf0-1"
[1] NA
[1] "cDNA prepared from succinate culture of Pf0-1(pCAR1)"
[1] NA
[1] "cDNA prepared from succinate culture of Pf0-1(pCAR1)"
[1] NA
[1] "cDNA prepared from succinate culture of Pf0-1(pCAR1)"
[1] NA
[1] "cDNA prepared from succinate culture of Pf0-1(pCAR1)"
[1] NA
[1] "cDNA prepared from succinate culture of KT2440(pCAR1)"
[1] NA
[1] "cDNA prepared from succinate culture of KT2440(pCAR1)"
[1] NA
[1] "cDNA prepared from succinate culture of KT2440(pCAR1)"
[1] NA
[1] "cDNA prepared from succinate culture of KT2440(pCAR1)"
[1] NA
[1] "cDNA prepared from succinate culture of PAO1(pCAR1)"
[1] NA
[1] "cDNA prepared from succinate culture of PAO1(pCAR1)"
[1] NA
[1] "cDNA prepared from succinate culture of PAO1(pCAR1)"
[1] NA
[1] "cDNA prepared from succinate culture of PAO1(pCAR1)"
[1] NA
[1] "cDNA prepared from succinate culture of Pf0-1(pCAR1)"
[1] NA
[1] "cDNA prepared from succinate culture of Pf0-1(pCAR1)"
[1] NA
[1] "cDNA prepared from succinate culture of Pf0-1(pCAR1)"
[1] NA
[1] "cDNA prepared from succinate culture of Pf0-1(pCAR1)"
[1] NA
