[1] "Log base 2 of mean net digital chemiluminescence units after subtraction of non-specific binding"
[1] "CSF, healthy control"
[1] NA
[1] "CSF, healthy control"
[1] NA
[1] "CSF, other neurological disease"
[1] NA
[1] "CSF, relapsing-remitting MS"
[1] NA
[1] "CSF, relapsing-remitting MS"
[1] NA
[1] "CSF, secondary progressive MS"
[1] NA
[1] "CSF, secondary progressive MS"
[1] NA
[1] "CSF, other neurological disease"
[1] NA
[1] "CSF, secondary progressive MS"
[1] NA
[1] "CSF, secondary progressive MS"
[1] NA
[1] "CSF, secondary progressive MS"
[1] NA
[1] "CSF, secondary progressive MS"
[1] NA
[1] "CSF, secondary progressive MS"
[1] NA
[1] "CSF, secondary progressive MS"
[1] NA
[1] "CSF, secondary progressive MS"
[1] NA
[1] "CSF, secondary progressive MS"
[1] NA
[1] "CSF, secondary progressive MS"
[1] NA
[1] "CSF, secondary progressive MS"
[1] NA
[1] "CSF, secondary progressive MS"
[1] NA
[1] "CSF, secondary progressive MS"
[1] NA
[1] "CSF, primary progressive MS"
[1] NA
[1] "CSF, relapsing-remitting MS"
[1] NA
[1] "CSF, other neurological disease"
[1] NA
[1] "CSF, other neurological disease"
[1] NA
[1] "CSF, relapsing-remitting MS"
[1] NA
[1] "CSF, other neurological disease"
[1] NA
[1] "CSF, other neurological disease"
[1] NA
[1] "CSF, other neurological disease"
[1] NA
[1] "CSF, relapsing-remitting MS"
[1] NA
[1] "CSF, relapsing-remitting MS"
[1] NA
[1] "CSF, relapsing-remitting MS"
[1] NA
[1] "CSF, other neurological disease"
[1] NA
[1] "CSF, other neurological disease"
[1] NA
[1] "CSF, other neurological disease"
[1] NA
[1] "CSF, other neurological disease"
[1] NA
[1] "CSF, other neurological disease"
[1] NA
[1] "CSF, relapsing-remitting MS"
[1] NA
[1] "CSF, relapsing-remitting MS"
[1] NA
[1] "CSF, relapsing-remitting MS"
[1] NA
[1] "CSF, relapsing-remitting MS"
[1] NA
[1] "CSF, other neurological disease"
[1] NA
[1] "CSF, relapsing-remitting MS"
[1] NA
[1] "CSF, other neurological disease"
[1] NA
[1] "CSF, other neurological disease"
[1] NA
[1] "CSF, relapsing-remitting MS"
[1] NA
[1] "CSF, relapsing-remitting MS"
[1] NA
[1] "CSF, other neurological disease"
[1] NA
[1] "CSF, healthy control"
[1] NA
[1] "CSF, relapsing-remitting MS"
[1] NA
[1] "CSF, relapsing-remitting MS"
[1] NA
[1] "CSF, other neurological disease (later developed RRMS)"
[1] NA
[1] "CSF, other neurological disease"
[1] NA
[1] "CSF, other neurological disease"
[1] NA
[1] "CSF, other neurological disease"
[1] NA
[1] "CSF, relapsing-remitting MS"
[1] NA
[1] "CSF, relapsing-remitting MS"
[1] NA
[1] "CSF, other neurological disease"
[1] NA
[1] "CSF, healthy control"
[1] NA
[1] "CSF, healthy control"
[1] NA
