[1] "MAS5.0 signal intensity"
[1] "Four L clones isolated at 17000 generations from population ara-2, pooled"
[1] NA
[1] "Four L clones isolated at 17000 generations from population ara-2, pooled"
[1] NA
[1] "Four L clones isolated at 17000 generations from population ara-2, pooled"
[1] NA
[1] "Four L clones isolated at 17000 generations from population ara-2, pooled"
[1] NA
[1] "Four L clones isolated at 17000 generations from population ara-2, pooled"
[1] NA
[1] "Four S clones isolated at 17000 generations from population ara-2, pooled"
[1] NA
[1] "Four S clones isolated at 17000 generations from population ara-2, pooled"
[1] NA
[1] "Four S clones isolated at 17000 generations from population ara-2, pooled"
[1] NA
[1] "Four S clones isolated at 17000 generations from population ara-2, pooled"
[1] NA
[1] "Four S clones isolated at 17000 generations from population ara-2, pooled"
[1] NA
[1] "Four S clones isolated at 17000 generations from population ara-2, pooled"
[1] NA
[1] "Four L clones isolated at 40000 generations from population ara-2, pooled"
[1] NA
[1] "Four L clones isolated at 40000 generations from population ara-2, pooled"
[1] NA
[1] "Four L clones isolated at 40000 generations from population ara-2, pooled"
[1] NA
[1] "Four L clones isolated at 40000 generations from population ara-2, pooled"
[1] NA
[1] "Four L clones isolated at 40000 generations from population ara-2, pooled"
[1] NA
[1] "Four S clones isolated at 40000 generations from population ara-2, pooled"
[1] NA
[1] "Four S clones isolated at 40000 generations from population ara-2, pooled"
[1] NA
[1] "Four S clones isolated at 40000 generations from population ara-2, pooled"
[1] NA
[1] "Four S clones isolated at 40000 generations from population ara-2, pooled"
[1] NA
[1] "Four S clones isolated at 40000 generations from population ara-2, pooled"
[1] NA
[1] "Four S clones isolated at 40000 generations from population ara-2, pooled"
[1] NA
[1] "Four L clones isolated at 6500 generations from population ara-2, pooled"
[1] NA
[1] "Four L clones isolated at 6500 generations from population ara-2, pooled"
[1] NA
[1] "Four L clones isolated at 6500 generations from population ara-2, pooled"
[1] NA
[1] "Four L clones isolated at 6500 generations from population ara-2, pooled"
[1] NA
[1] "Four L clones isolated at 6500 generations from population ara-2, pooled"
[1] NA
[1] "Four L clones isolated at 6500 generations from population ara-2, pooled"
[1] NA
[1] "Four S clones isolated at 6500 generations from population ara-2, pooled"
[1] NA
[1] "Four S clones isolated at 6500 generations from population ara-2, pooled"
[1] NA
[1] "Four S clones isolated at 6500 generations from population ara-2, pooled"
[1] NA
[1] "Four S clones isolated at 6500 generations from population ara-2, pooled"
[1] NA
[1] "Four S clones isolated at 6500 generations from population ara-2, pooled"
[1] NA
[1] "Four S clones isolated at 6500 generations from population ara-2, pooled"
[1] NA
[1] "REL606"
[1] NA
[1] "REL606"
[1] NA
[1] "REL606"
[1] NA
[1] "REL606"
[1] NA
[1] "REL606"
[1] NA
