[1] "Spot R/G Expression ratio (log2-transformed and Lowess-normalized using a Lowess fit to a MA plot)"
[1] "Wild type control (5 min)"
[1] "5"
[1] "300"
[1] "Wild type control (15 min)"
[1] "15"
[1] "900"
[1] "Wild type control (60 min)"
[1] "60"
[1] "3600"
[1] "Wild type control (5 min)"
[1] "5"
[1] "300"
[1] "Wild type control (15 min)"
[1] "15"
[1] "900"
[1] "Wild type control (30 min)"
[1] "30"
[1] "1800"
[1] "Wild type control (60 min)"
[1] "60"
[1] "3600"
[1] "Wild type control (0 min)"
[1] "0"
[1] "0"
[1] "Wild type control (2.5 min)"
[1] "2.5"
[1] "Wild type control (5 min)"
[1] "5"
[1] "300"
[1] "Wild type control (10 min)"
[1] "10"
[1] "600"
[1] "Wild type control (20 min)"
[1] "20"
[1] "1200"
[1] "Wild type control (30 min)"
[1] "30"
[1] "1800"
[1] "Wild type control (60 min)"
[1] "60"
[1] "3600"
[1] "Wild type control (0 min)"
[1] "0"
[1] "0"
[1] "Wild type control (2.5 min)"
[1] "2.5"
[1] "Wild type control (5 min)"
[1] "5"
[1] "300"
[1] "Wild type control (10 min)"
[1] "10"
[1] "600"
[1] "Wild type control (20 min)"
[1] "20"
[1] "1200"
[1] "Wild type control (30 min)"
[1] "30"
[1] "1800"
[1] "Wild type control (60 min)"
[1] "60"
[1] "3600"
 [1] "300"  "900"  "3600" "300"  "900"  "1800" "3600" "0"    "300"  "600" 
[11] "1200" "1800" "3600" "0"    "300"  "600"  "1200" "1800" "3600"
 [1] "ID"           "Block"        "Row"          "Column"       "GODLIST"     
 [6] "384 Plate"    "Plate Row"    "Plate Column" "clone id"     "ORF"         
[11] "ORF"          "SPOT_ID"      "Name"         "Description"  "FAILED"      
[1] "Plate Row"
