[1] "normalized log2 ratio: log(Pgm-)-log(3XQS)"
[1] "3XQS mutant 1"
[1] NA
[1] "Pgm- 2"
[1] NA
[1] "3XQS mutant 3"
[1] NA
[1] "Pgm- 4"
[1] NA
[1] "3XQS mutant 5"
[1] NA
[1] "Pgm- 6"
[1] NA
[1] "3XQS"
[1] NA
[1] "Pgm-"
[1] NA
[1] "3XQS"
[1] NA
[1] "Pgm-"
[1] NA
[1] "3XQS"
[1] NA
[1] "Pgm-"
[1] NA
[1] "3signals"
[1] NA
[1] "control"
[1] NA
[1] "3signals"
[1] NA
[1] "control"
[1] NA
[1] "3signals"
[1] NA
[1] "control"
[1] NA
[1] "AI-2"
[1] NA
[1] "control"
[1] NA
[1] "AI-2"
[1] NA
[1] "control"
[1] NA
[1] "AI-2"
[1] NA
[1] "control"
[1] NA
[1] "luxS"
[1] NA
[1] "Pgm-"
[1] NA
[1] "luxS"
[1] NA
[1] "Pgm-"
[1] NA
[1] "luxS"
[1] NA
[1] "Pgm-"
[1] NA
[1] "ΔPgm"
[1] NA
[1] "ΔPgm ΔluxS"
[1] NA
[1] "ΔPgm"
[1] NA
[1] "ΔPgm ΔluxS"
[1] NA
[1] "ΔPgm"
[1] NA
[1] "ΔPgm ΔluxS"
[1] NA
[1] "control"
[1] NA
[1] "3 signals add in"
[1] NA
[1] "control"
[1] NA
[1] "3 signals add in"
[1] NA
[1] "control"
[1] NA
[1] "3 signals add in"
[1] NA
[1] "control"
[1] NA
[1] "AI-2 treated"
[1] NA
[1] "control"
[1] NA
[1] "AI-2 treated"
[1] NA
[1] "control"
[1] NA
[1] "AI-2 treated"
[1] NA
[1] "30°C"
[1] NA
[1] "37°C"
[1] NA
[1] "30°C"
[1] NA
[1] "37°C"
[1] NA
[1] "30°C"
[1] NA
[1] "37°C"
[1] NA
