[1] "GC-RMA signal"
[1] "E24377A grown in LB + glucose at OD600=0.5"
[1] NA
[1] "E24377A grown in LB + glucose at OD600=0.5"
[1] NA
[1] "E24377A grown in DMEM-HI glucose + PCM from EPEC E2348/69 (10% v/v)"
[1] NA
[1] "E24377A grown in DMEM-HI glucose + PCM from EPEC E2348/69 (10% v/v)"
[1] NA
[1] "E24377A grown in LB + bile salts (3% w/v)"
[1] NA
[1] "E24377A grown in LB + bile salts (3% w/v)"
[1] NA
[1] "E24377A grown in DMEM-HI glucose + bile salts (3% w/v)"
[1] NA
[1] "E24377A grown in DMEM-HI glucose + bile salts (3% w/v)"
[1] NA
[1] "E24377A grown in DMEM-HI glucose"
[1] NA
[1] "E24377A grown in DMEM-HI glucose"
[1] NA
[1] "E24377A grown in DMEM-Lo glucose"
[1] NA
[1] "E24377A grown in DMEM-Lo glucose"
[1] NA
[1] "E24377A grown in DMEM-HI glucose + PCM from E.coli HS (10% v/v)"
[1] NA
[1] "E24377A grown in DMEM-HI glucose + PCM from E.coli HS (10% v/v)"
[1] NA
[1] "E24377A grown in DMEM-HI glucose + PCM from E.coli HS (1% v/v)"
[1] NA
[1] "E24377A grown in DMEM-HI glucose + PCM from E.coli HS (1% v/v)"
[1] NA
[1] "E24377A grown in LB"
[1] NA
[1] "E24377A grown in LB"
[1] NA
[1] "E24377A grown in LB + bile salts (3% w/v) at OD600=0.2"
[1] NA
[1] "E24377A grown in LB + bile salts (3% w/v) at OD600=0.2"
[1] NA
[1] "E24377A grown in LB + bile salts (3% w/v) at OD600=0.8"
[1] NA
[1] "E24377A grown in DMEM-HI glucose + PCM from Shigella boydii  (10% v/v)"
[1] NA
[1] "E24377A grown in DMEM-HI glucose + PCM from Shigella boydii (10% v/v)"
[1] NA
[1] "Bacterial culture"
[1] NA
[1] "Bacterial culture"
[1] NA
