[1] "tRNA normalized Log2 intensity over background, as described above."
[1] "Aerobic-RNA-deg T0"
[1] NA
[1] "Aerobic-RNA-deg T0"
[1] NA
[1] "Aerobic-RNA-deg T5"
[1] NA
[1] "Aerobic-RNA-deg T5"
[1] NA
[1] "Aerobic-RNA-deg T10"
[1] NA
[1] "Aerobic-RNA-deg T10"
[1] NA
[1] "Aerobic-RNA-deg T15"
[1] NA
[1] "Aerobic-RNA-deg T15"
[1] NA
[1] "Aerobic-RNA-deg T20"
[1] NA
[1] "Aerobic-RNA-deg T20"
[1] NA
[1] "Aerobic-RNA-deg T30"
[1] NA
[1] "Aerobic-RNA-deg T30"
[1] NA
[1] "Aerobic-RNA-deg T0"
[1] NA
[1] "Aerobic-RNA-deg T5"
[1] NA
[1] "Aerobic-RNA-deg T10"
[1] NA
[1] "Aerobic-RNA-deg T15"
[1] NA
[1] "Aerobic-RNA-deg T20"
[1] NA
[1] "Aerobic-RNA-deg T30"
[1] NA
[1] "Aerobic-RNA-deg T0"
[1] NA
[1] "Aerobic-RNA-deg T5"
[1] NA
[1] "Aerobic-RNA-deg T10"
[1] NA
[1] "Aerobic-RNA-deg T15"
[1] NA
[1] "Aerobic-RNA-deg T20"
[1] NA
[1] "Aerobic-RNA-deg T30"
[1] NA
[1] "Aerobic mSmeg-RNAdeg_T-5"
[1] NA
[1] "Aerobic mSmeg-RNAdeg_T0"
[1] NA
[1] "Aerobic mSmeg-RNAdeg_T5"
[1] NA
[1] "Aerobic mSmeg-RNAdeg_T-5"
[1] NA
[1] "Aerobic mSmeg-RNAdeg_T0"
[1] NA
[1] "Aerobic mSmeg-RNAdeg_T5"
[1] NA
[1] "Aerobic mSmeg-RNAdeg_T-5"
[1] NA
[1] "Aerobic mSmeg-RNAdeg_T0"
[1] NA
[1] "Aerobic mSmeg-RNAdeg_T5"
[1] NA
[1] "ColdStress RNAdeg_T0"
[1] NA
[1] "ColdStress RNAdeg_T1"
[1] NA
[1] "ColdStress RNAdeg_T2"
[1] NA
[1] "ColdStress RNAdeg_T5"
[1] NA
[1] "ColdStress RNAdeg_T0"
[1] NA
[1] "ColdStress RNAdeg_T1"
[1] NA
[1] "ColdStress RNAdeg_T2"
[1] NA
[1] "ColdStress RNAdeg_T5"
[1] NA
[1] "ColdStress RNAdeg_T0"
[1] NA
[1] "ColdStress RNAdeg_T1"
[1] NA
[1] "ColdStress RNAdeg_T2"
[1] NA
[1] "ColdStress RNAdeg_T5"
[1] NA
[1] "HypoxicStress RNAdeg_T0"
[1] NA
[1] "HypoxicStress RNAdeg_T1"
[1] NA
[1] "HypoxicStress RNAdeg_T2"
[1] NA
[1] "HypoxicStress RNAdeg_T5"
[1] NA
[1] "HypoxicStress RNAdeg_T0"
[1] NA
[1] "HypoxicStress RNAdeg_T1"
[1] NA
[1] "HypoxicStress RNAdeg_T2"
[1] NA
[1] "HypoxicStress RNAdeg_T5"
[1] NA
[1] "HypoxicStress RNAdeg_T0"
[1] NA
[1] "HypoxicStress RNAdeg_T1"
[1] NA
[1] "HypoxicStress RNAdeg_T2"
[1] NA
[1] "HypoxicStress RNAdeg_T5"
[1] NA
[1] "Aerobic Atc induced DosR-RNAdeg_T0"
[1] NA
[1] "Aerobic Atc induced DosR-RNAdeg_T10"
[1] NA
[1] "Aerobic Atc induced DosR-RNAdeg_T20"
[1] NA
[1] "Aerobic Atc induced DosR-RNAdeg_T30"
[1] NA
[1] "Aerobic Atc induced DosR-RNAdeg_T60"
[1] NA
[1] "Aerobic Atc induced DosR-RNAdeg_T0"
[1] NA
[1] "Aerobic Atc induced DosR-RNAdeg_T10"
[1] NA
[1] "Aerobic Atc induced DosR-RNAdeg_T20"
[1] NA
[1] "Aerobic Atc induced DosR-RNAdeg_T30"
[1] NA
[1] "Aerobic Atc induced DosR-RNAdeg_T60"
[1] NA
[1] "Aerobic Atc induced DosR-RNAdeg_T0"
[1] NA
[1] "Aerobic Atc induced DosR-RNAdeg_T10"
[1] NA
[1] "Aerobic Atc induced DosR-RNAdeg_T20"
[1] NA
[1] "Aerobic Atc induced DosR-RNAdeg_T30"
[1] NA
[1] "Aerobic Atc induced DosR-RNAdeg_T60"
[1] NA
[1] "Aerobic Uninduced DMSO control DosR-RNAdeg_T0"
[1] NA
[1] "Aerobic Uninduced DMSO control DosR-RNAdeg_T10"
[1] NA
[1] "Aerobic Uninduced DMSO control DosR-RNAdeg_T20"
[1] NA
[1] "Aerobic Uninduced DMSO control DosR-RNAdeg_T30"
[1] NA
[1] "Aerobic Uninduced DMSO control DosR-RNAdeg_T60"
[1] NA
[1] "Aerobic Uninduced DMSO control DosR-RNAdeg_T0"
[1] NA
[1] "Aerobic Uninduced DMSO control DosR-RNAdeg_T10"
[1] NA
[1] "Aerobic Uninduced DMSO control DosR-RNAdeg_T20"
[1] NA
[1] "Aerobic Uninduced DMSO control DosR-RNAdeg_T30"
[1] NA
[1] "Aerobic Uninduced DMSO control DosR-RNAdeg_T60"
[1] NA
[1] "Aerobic Uninduced DMSO control DosR-RNAdeg_T0"
[1] NA
[1] "Aerobic Uninduced DMSO control DosR-RNAdeg_T10"
[1] NA
[1] "Aerobic Uninduced DMSO control DosR-RNAdeg_T20"
[1] NA
[1] "Aerobic Uninduced DMSO control DosR-RNAdeg_T30"
[1] NA
[1] "Aerobic Uninduced DMSO control DosR-RNAdeg_T60"
[1] NA
