[1] "RMA normalized"
[1] "lactate evolved strain"
[1] NA
[1] "lactate evolved strain"
[1] NA
[1] "lactate evolved strain"
[1] NA
[1] "lactate evolved strain"
[1] NA
[1] "lactate evolved strain"
[1] NA
[1] "lactate evolved strain"
[1] NA
[1] "lactate evolved strain"
[1] NA
[1] "lactate evolved strain"
[1] NA
[1] "lactate evolved strain"
[1] NA
[1] "lactate evolved strain"
[1] NA
[1] "lactate evolved strain"
[1] NA
[1] "lactate evolved strain"
[1] NA
[1] "lactate evolved strain"
[1] NA
[1] "lactate evolved strain"
[1] NA
[1] "lactate evolved strain"
[1] NA
[1] "lactate evolved strain"
[1] NA
[1] "lactate evolved strain"
[1] NA
[1] "lactate evolved strain"
[1] NA
[1] "lactate evolved strain"
[1] NA
[1] "lactate evolved strain"
[1] NA
[1] "lactate evolved strain"
[1] NA
[1] "lactate evolved strain"
[1] NA
[1] "lactate evolved strain"
[1] NA
[1] "lactate evolved strain"
[1] NA
[1] "lactate evolved strain"
[1] NA
[1] "lactate evolved strain"
[1] NA
[1] "lactate evolved strain"
[1] NA
[1] "lactate evolved strain"
[1] NA
[1] "lactate evolved strain"
[1] NA
[1] "lactate evolved strain"
[1] NA
[1] "lactate evolved strain"
[1] NA
[1] "lactate evolved strain"
[1] NA
[1] "lactate evolved strain"
[1] NA
[1] "lactate evolved strain"
[1] NA
[1] "lactate evolved strain"
[1] NA
[1] "lactate evolved strain"
[1] NA
[1] "lactate evolved strain"
[1] NA
[1] "lactate evolved strain"
[1] NA
[1] "lactate evolved strain"
[1] NA
[1] "lactate evolved strain"
[1] NA
[1] "lactate evolved strain"
[1] NA
[1] "lactate evolved strain"
[1] NA
[1] "lactate evolved strain"
[1] NA
[1] "wildtype strain on lactate"
[1] NA
[1] "wildtype strain on lactate"
[1] NA
[1] "wildtype strain on lactate"
[1] NA
[1] "wildtype strain on lactate"
[1] NA
[1] "wildtype strain on lactate"
[1] NA
[1] "wildtype strain on lactate"
[1] NA
[1] "glycerol evolved strain"
[1] NA
[1] "glycerol evolved strain"
[1] NA
[1] "glycerol evolved strain"
[1] NA
[1] "glycerol evolved strain"
[1] NA
[1] "glycerol evolved strain"
[1] NA
[1] "glycerol evolved strain"
[1] NA
[1] "glycerol evolved strain"
[1] NA
[1] "glycerol evolved strain"
[1] NA
[1] "glycerol evolved strain"
[1] NA
[1] "glycerol evolved strain"
[1] NA
[1] "glycerol evolved strain"
[1] NA
[1] "glycerol evolved strain"
[1] NA
[1] "glycerol evolved strain"
[1] NA
[1] "glycerol evolved strain"
[1] NA
[1] "glycerol evolved strain"
[1] NA
[1] "glycerol evolved strain"
[1] NA
[1] "glycerol evolved strain"
[1] NA
[1] "glycerol evolved strain"
[1] NA
[1] "glycerol evolved strain"
[1] NA
[1] "glycerol evolved strain"
[1] NA
[1] "glycerol evolved strain"
[1] NA
[1] "glycerol evolved strain"
[1] NA
[1] "glycerol evolved strain"
[1] NA
[1] "glycerol evolved strain"
[1] NA
[1] "glycerol evolved strain"
[1] NA
[1] "glycerol evolved strain"
[1] NA
[1] "glycerol evolved strain"
[1] NA
[1] "glycerol evolved strain"
[1] NA
[1] "glycerol evolved strain"
[1] NA
[1] "glycerol evolved strain"
[1] NA
[1] "glycerol evolved strain"
[1] NA
[1] "glycerol evolved strain"
[1] NA
[1] "glycerol evolved strain"
[1] NA
[1] "glycerol evolved strain"
[1] NA
[1] "glycerol evolved strain"
[1] NA
[1] "glycerol evolved strain"
[1] NA
[1] "glycerol evolved strain"
[1] NA
[1] "glycerol evolved strain"
[1] NA
[1] "glycerol evolved strain"
[1] NA
[1] "glycerol evolved strain"
[1] NA
[1] "wildtype strain on glycerol"
[1] NA
[1] "wildtype strain on glycerol"
[1] NA
[1] "wildtype strain on glycerol"
[1] NA
[1] "wildtype strain on glycerol"
[1] NA
[1] "wildtype strain on glycerol"
[1] NA
[1] "glycerol evolved strain"
[1] NA
[1] "glycerol evolved strain"
[1] NA
