[1] "processed and normalized median intensity"
[1] "Strain BC8"
[1] NA
[1] "Strain BC8"
[1] NA
[1] "Strain BC8"
[1] NA
[1] "Strain C19"
[1] NA
[1] "Strain C19"
[1] NA
[1] "Strain C19"
[1] NA
[1] "Strain C45"
[1] NA
[1] "Strain C45"
[1] NA
[1] "Strain C45"
[1] NA
[1] "Strain G1"
[1] NA
[1] "Strain G1"
[1] NA
[1] "Strain G1"
[1] NA
[1] "Strain G45"
[1] NA
[1] "Strain G45"
[1] NA
[1] "Strain G45"
[1] NA
[1] "Strain UK1"
[1] NA
[1] "Strain UK1"
[1] NA
[1] "Strain UK1"
[1] NA
