[1] "Log (base 2) of the ratio of the median of Channel 2 (usually 635 nm) to Channel 1 (usually 532 nm) [log (base 2) (RAT2N MEDIAN)].; Type: float; Scale: log_base_2"
[1] "1 ug of Hp RNA from T=0 log culture"
[1] NA
[1] "1 ug of Hp RNA from T=0 stationary culture"
[1] NA
[1] "1ug Motility broth T=0"
[1] NA
[1] "1 ug of Hp RNA from T=0 stationary culture"
[1] NA
[1] "1ug Log Chelate T=0"
[1] NA
[1] "1ug Motility control T=0"
[1] NA
[1] "1ug Motility control T=0"
[1] NA
[1] "1 ug of RNA from experiment 2 T=0"
[1] NA
[1] "1ug Stat Chelate T=0"
[1] NA
[1] "1 ug of RNA from experiment 2 T=0"
[1] NA
[1] "1ug Motility broth T=0"
[1] NA
[1] "1 ug of Hp RNA from the starting culture"
[1] NA
[1] "1 ug of RNA from experiment 2 T=0"
[1] NA
[1] "1ug Motility broth T=0"
[1] NA
[1] "1 ug of Hp RNA from the starting culture"
[1] NA
[1] "1ug Stat Chelate T=0"
[1] NA
[1] "1ug Motility broth T=0"
[1] NA
[1] "1ug Stat Chelate T=0"
[1] NA
[1] "1ug Log Chelate T=0"
[1] NA
[1] "1 ug of RNA from experiment 2 T=0"
[1] NA
[1] "1ug Motility broth T=0"
[1] NA
[1] "1ug Stat Chelate T=0"
[1] NA
[1] "1 ug of RNA from experiment 1 T=0"
[1] NA
[1] "1ug Motility broth T=0"
[1] NA
[1] "1ug Log Chelate T=0"
[1] NA
[1] "1 ug of RNA from experiment 1 T=0"
[1] NA
[1] "1ug Log Chelate T=0"
[1] NA
[1] "1 ug of RNA from experiment 1 T=0"
[1] NA
[1] "1 ug of RNA from experiment 1 T=0"
[1] NA
[1] "1 ug of Hp RNA from T=0 stationary culture"
[1] NA
[1] "1 ug of Hp RNA from T=0 log culture"
[1] NA
[1] "1 ug of Hp RNA from T=0 log culture"
[1] NA
