[1] "normalized, log2 signal intensity"
[1] "P. aeruginosa PAO1 colony biofilms, grown under aerobic conditions on AUM"
[1] NA
[1] "P. aeruginosa PAO1 colony biofilms, grown under aerobic conditions on AUM"
[1] NA
[1] "P. aeruginosa PAO1 colony biofilms, grown under aerobic conditions on AUM"
[1] NA
[1] "P. aeruginosa PAO1 colony biofilms, grown under aerobic conditions on 10-fold diluted LB"
[1] NA
[1] "P. aeruginosa PAO1 colony biofilms, grown under aerobic conditions on 10-fold diluted LB"
[1] NA
[1] "P. aeruginosa PAO1 colony biofilms, grown under aerobic conditions on 10-fold diluted LB"
[1] NA
[1] "P. aeruginosa PAO1 colony biofilms, grown under anaerobic conditions on AUM + 50 mM KNO3"
[1] NA
[1] "P. aeruginosa PAO1 colony biofilms, grown under anaerobic conditions on AUM + 50 mM KNO3"
[1] NA
[1] "P. aeruginosa PAO1 colony biofilms, grown under anaerobic conditions on 10-fold diluted LB + 50 mM KNO3"
[1] NA
[1] "P. aeruginosa PAO1 colony biofilms, grown under anaerobic conditions on 10-fold diluted LB + 50 mM KNO3"
[1] NA
[1] "P. aeruginosa PAO1 colony biofilms, grown under anaerobic conditions on AUM + 50 mM KNO3"
[1] NA
[1] "P. aeruginosa PAO1 colony biofilms, grown under anaerobic conditions on 10-fold diluted LB + 50 mM KNO3"
[1] NA
