[1] "MAS5-calculated Signal intensity"
[1] "bubo from rat"
[1] NA
[1] "bubo from rat"
[1] NA
[1] "bubo from rat"
[1] NA
[1] "bubo from rat"
[1] NA
[1] "bubo from rat"
[1] NA
[1] "bubo from rat"
[1] NA
[1] "stationary 37C"
[1] NA
[1] "stationary 37C"
[1] NA
[1] "stationary 37C"
[1] NA
[1] "stationary 37C"
[1] NA
[1] "stationary 37C"
[1] NA
[1] "stationary 37C"
[1] NA
[1] "exponential 21C"
[1] NA
[1] "exponential 21C"
[1] NA
[1] "exponential 21C"
[1] NA
[1] "exponential 21C"
[1] NA
[1] "exponential 21C"
[1] NA
[1] "exponential 21C"
[1] NA
[1] "exponential 37C"
[1] NA
[1] "exponential 37C"
[1] NA
[1] "exponential 37C"
[1] NA
[1] "exponential 37C"
[1] NA
[1] "exponential 37C"
[1] NA
[1] "exponential 37C"
[1] NA
[1] "stationary 21C"
[1] NA
[1] "stationary 21C"
[1] NA
[1] "stationary 21C"
[1] NA
[1] "stationary 21C"
[1] NA
[1] "stationary 21C"
[1] NA
[1] "stationary 21C"
[1] NA
