[1] "Log2 RMA normalized expression signal"
[1] "Bacterial RNA"
[1] NA
[1] "Bacterial RNA"
[1] NA
[1] "Bacterial RNA"
[1] NA
[1] "Bacterial RNA"
[1] NA
[1] "Bacterial RNA"
[1] NA
[1] "Bacterial RNA"
[1] NA
[1] "Bacterial RNA"
[1] NA
[1] "Bacterial RNA"
[1] NA
[1] "Bacterial RNA"
[1] NA
[1] "Bacterial RNA"
[1] NA
[1] "Bacterial RNA"
[1] NA
[1] "Bacterial RNA"
[1] NA
[1] "Bacterial RNA"
[1] NA
[1] "Bacterial RNA"
[1] NA
[1] "Bacterial RNA"
[1] NA
[1] "Bacterial RNA"
[1] NA
