[1] "GCOS-calculated Signal intensity"
[1] "MGAS2221"
[1] NA
[1] "MGAS2221"
[1] NA
[1] "MGAS2221"
[1] NA
[1] "MGAS5005"
[1] NA
[1] "MGAS5005"
[1] NA
[1] "MGAS5005"
[1] NA
[1] "21PL1"
[1] NA
[1] "21PL2"
[1] NA
[1] "21PL3"
[1] NA
[1] "26PL1"
[1] NA
[1] "26PL2"
[1] NA
[1] "26PL3"
[1] NA
[1] "24SL1"
[1] NA
[1] "24SL2"
[1] NA
[1] "24SL3"
[1] NA
[1] "24SS1"
[1] NA
[1] "24SS2"
[1] NA
[1] "24SS3"
[1] NA
[1] "21PS1"
[1] NA
[1] "21PS2"
[1] NA
[1] "21PS3"
[1] NA
[1] "26PS1"
[1] NA
[1] "26PS2"
[1] NA
[1] "26PS3"
[1] NA
[1] "53PL1"
[1] NA
[1] "53PL2"
[1] NA
[1] "53PL3"
[1] NA
[1] "53SL1"
[1] NA
[1] "53SL2"
[1] NA
[1] "53SL3"
[1] NA
