[1] "Normalized probe signal intensity (log2)"
[1] "E.coli K-12 MG1655, GMM, aerobic, exponential phase"
[1] NA
[1] "E.coli K-12 MG1655, GMM, aerobic, exponential phase"
[1] NA
[1] "E.coli GLBRCE1, GMM, anaerobic, exponential phase"
[1] NA
[1] "E.coli GLBRCE1, GMM, anaerobic, exponential phase"
[1] NA
[1] "E.coli GLBRCE1, GMM, anaerobic, exponential phase"
[1] NA
[1] "E.coli GLBRCE1, GMM, anaerobic, stationary phase"
[1] NA
[1] "E.coli GLBRCE1, GMM, anaerobic, stationary phase"
[1] NA
[1] "E.coli GLBRCE1, SynH, anaerobic, exponential phase"
[1] NA
[1] "E.coli GLBRCE1, SynH, anaerobic, exponential phase"
[1] NA
[1] "E.coli GLBRCE1, SynH, anaerobic, transition phase"
[1] NA
[1] "E.coli GLBRCE1, SynH, anaerobic, transition phase"
[1] NA
[1] "E.coli GLBRCE1, SynH, anaerobic, transition phase"
[1] NA
[1] "E.coli GLBRCE1, SynH, anaerobic, stationary phase"
[1] NA
[1] "E.coli GLBRCE1, SynH, anaerobic, stationary phase"
[1] NA
[1] "E.coli GLBRCE1, ACSH, anaerobic, exponential phase"
[1] NA
[1] "E.coli GLBRCE1, ACSH, anaerobic, exponential phase"
[1] NA
[1] "E.coli GLBRCE1, ACSH, anaerobic, exponential phase"
[1] NA
[1] "E.coli GLBRCE1, ACSH, anaerobic, transition phase"
[1] NA
[1] "E.coli GLBRCE1, ACSH, anaerobic, transition phase"
[1] NA
[1] "E.coli GLBRCE1, ACSH, anaerobic, transition phase"
[1] NA
[1] "E.coli GLBRCE1, ACSH, anaerobic, transition phase"
[1] NA
[1] "E.coli GLBRCE1, ACSH, anaerobic, transition phase"
[1] NA
[1] "E.coli GLBRCE1, ACSH, anaerobic, stationary phase"
[1] NA
[1] "E.coli GLBRCE1, ACSH, anaerobic, stationary phase"
[1] NA
[1] "E.coli GLBRCE1, ACSH, anaerobic, stationary phase"
[1] NA
[1] "E.coli GLBRCE1, ACSH, anaerobic, stationary phase late"
[1] NA
[1] "E.coli GLBRCE1, ACSH, anaerobic, exponential phase"
[1] NA
[1] "E.coli GLBRCE1, ACSH, anaerobic, exponential phase"
[1] NA
[1] "E.coli GLBRCE1, ACSH, anaerobic, exponential phase"
[1] NA
[1] "E.coli GLBRCE1, ACSH, anaerobic, transition phase"
[1] NA
[1] "E.coli GLBRCE1, ACSH, anaerobic, transition phase"
[1] NA
[1] "E.coli GLBRCE1, ACSH, anaerobic, transition phase"
[1] NA
[1] "E.coli GLBRCE1, ACSH, anaerobic, transition phase"
[1] NA
[1] "E.coli GLBRCE1, ACSH, anaerobic, transition phase"
[1] NA
[1] "E.coli GLBRCE1, ACSH, anaerobic, stationary phase"
[1] NA
[1] "E.coli GLBRCE1, ACSH, anaerobic, stationary phase"
[1] NA
[1] "E.coli GLBRCE1, ACSH, anaerobic, stationary phase"
[1] NA
[1] "E.coli GLBRCE1, ACSH, anaerobic, stationary phase late"
[1] NA
