[1] "Log (base 2) of the ratio of the mean of Channel 2 (usually 635 nm) to Channel 1 (usually 532 nm) [log (base 2) (RAT2N MEAN)].; Type: float; Scale: log_base_2"
[1] "250 ng Tigr/Astra genomic DNA"
[1] NA
[1] "250 ng Tigr/Astra genomic DNA"
[1] NA
[1] "250 ng Tigr/Astra genomic DNA"
[1] NA
[1] "250 ng Tigr/Astra genomic DNA"
[1] NA
[1] "250 ng Tigr/Astra genomic DNA"
[1] NA
[1] "250 ng Tigr/Astra genomic DNA"
[1] NA
[1] "250 ng Tigr/Astra genomic DNA"
[1] NA
[1] "0.25 ug tigr/astra reference"
[1] NA
[1] "0.25 ug tigr/astra reference"
[1] NA
[1] "250 ng Tigr/Astra genomic DNA"
[1] NA
[1] "250 ng Tigr/Astra genomic DNA"
[1] NA
[1] "250 ng Tigr/Astra genomic DNA"
[1] NA
[1] "250 ng Tigr/Astra genomic DNA"
[1] NA
[1] "250 ng Tigr/Astra genomic DNA"
[1] NA
[1] "250 ng Tigr/Astra Reference"
[1] NA
[1] "250 ng Tigr/Astra Reference"
[1] NA
[1] "250 ng Tigr/Astra Reference"
[1] NA
[1] "250 ng Tigr/Astra Reference"
[1] NA
[1] "250 ng Tigr/Astra Reference"
[1] NA
[1] "1ug Tigr genomic DNA, 1ug Astra genomic DNA"
[1] NA
[1] "250 ng Tigr/Astra genomic DNA"
[1] NA
[1] "1ug Tigr genomic DNA, 1ug Astra genomic DNA"
[1] NA
[1] "250 ng Tigr/Astra genomic DNA"
[1] NA
[1] "250 ng Tigr/Astra genomic DNA"
[1] NA
[1] "1ug Tigr genomic DNA, 1ug Astra genomic DNA"
[1] NA
[1] "0.7 ug Astra genomic DNA +0.7 ug Tigr genomic DNA"
[1] NA
[1] "1ug Tigr genomic DNA, 1ug Astra genomic DNA"
[1] NA
[1] "1ug Tigr genomic DNA, 1ug Astra genomic DNA"
[1] NA
[1] "1ug Tigr genomic DNA, 1 ug Astra genomic DNA"
[1] NA
[1] "1 ug Tigr genomic DNA, 1 ug Astra genomic DNA"
[1] NA
[1] "1ug Tigr genomic DNA, 1 ug Astra genomic DNA"
[1] NA
[1] "1 ug Tigr genomic DNA, 1 ug Astra genomic DNA"
[1] NA
[1] "1ug Tigr genomic DNA, 1ug Astra genomic DNA"
[1] NA
[1] "1ug Tigr genomic DNA, 1 ug Astra genomic DNA"
[1] NA
[1] "250 ng Tigr/Astra genomic DNA"
[1] NA
[1] "250 ng Tigr/Astra genomic DNA"
[1] NA
[1] "250 ng Tigr/Astra genomic DNA"
[1] NA
[1] "250 ng Tigr/Astra genomic DNA"
[1] NA
[1] "250 ng Tigr/Astra genomic DNA"
[1] NA
[1] "250 ng Tigr/Astra genomic DNA"
[1] NA
[1] "250 ng Tigr/Astra genomic DNA"
[1] NA
[1] "250 ng Tigr/Astra genomic DNA"
[1] NA
[1] "250 ng Tigr/Astra genomic DNA"
[1] NA
[1] "250 ng Tigr/Astra genomic DNA"
[1] NA
[1] "250 ng Tigr/Astra genomic DNA"
[1] NA
[1] "250 ng Tigr/Astra genomic DNA"
[1] NA
[1] "250 ng Tigr/Astra genomic DNA"
[1] NA
[1] "1 ug Tigr genomic DNA, 1 ug Astra genomic DNA"
[1] NA
[1] "250 ng Tigr/Astra genomic DNA"
[1] NA
[1] "1ug Tigr genomic DNA, 1ug Astra genomic DNA"
[1] NA
[1] "250 ng Tigr/Astra genomic DNA"
[1] NA
[1] "250 ng Tigr/Astra genomic DNA"
[1] NA
[1] "1ug Tigr genomic DNA, 1ug Astra genomic DNA"
[1] NA
[1] "250 ng Tigr/Astra genomic DNA"
[1] NA
[1] "1 ug Tigr genomic DNA, 1 ug Astra genomic DNA"
[1] NA
[1] "250 ng Tigr/Astra genomic DNA"
[1] NA
[1] "1ug Tigr genomic DNA, 1 ug Astra genomic DNA"
[1] NA
[1] "250 ng Tigr/Astra genomic DNA"
[1] NA
[1] "1ug Tigr genomic DNA, 1ug Astra genomic DNA"
[1] NA
[1] "1ug TIGR genomic DNA, 1ug Astra genomic DNA"
[1] NA
[1] "1ug TIGR genomic DNA, 1ug Astra genomic DNA"
[1] NA
[1] "250 ng Tigr/Astra genomic DNA"
[1] NA
[1] "1ug TIGR genomic DNA, 1ug Astra genomic DNA"
[1] NA
[1] "250 ng Tigr/Astra genomic DNA"
[1] NA
[1] "1ug TIGR genomic DNA, 1ug Astra Genomic DNA"
[1] NA
[1] "250 ng Tigr/Astra genomic DNA"
[1] NA
[1] "1ug tigr genomic DNA, 1ug Astra genomic DNA"
[1] NA
[1] "1 ug tigr genomic DNA, 1ug Asgra genomic DNA"
[1] NA
[1] "250 ng Tigr/Astra genomic DNA"
[1] NA
