[1] "background subtracted, affine transformed signal"
[1] "Prokaryote,Bacteria"
[1] NA
[1] "Prokaryote,Bacteria"
[1] NA
[1] "Prokaryote,Bacteria"
[1] NA
[1] "Prokaryote,Bacteria"
[1] NA
[1] "Prokaryote,Bacteria"
[1] NA
[1] "Prokaryote,Bacteria"
[1] NA
[1] "Prokaryote,Bacteria"
[1] NA
[1] "Prokaryote,Bacteria"
[1] NA
[1] "Prokaryote,Bacteria"
[1] NA
[1] "Prokaryote,Bacteria"
[1] NA
[1] "Prokaryote,Bacteria"
[1] NA
[1] "Prokaryote,Bacteria"
[1] NA
[1] "Prokaryote,Bacteria"
[1] NA
[1] "Prokaryote,Bacteria"
[1] NA
[1] "Prokaryote,Bacteria"
[1] NA
[1] "Prokaryote,Bacteria"
[1] NA
