[1] "Gene expression value generated using the Robust multichip average (RMA) algorithm and quantile normalisation"
[1] "PfBBc6R8, no fungus control"
[1] NA
[1] "PfBBc6R8, no fungus control"
[1] NA
[1] "PfBBc6R8, no fungus control"
[1] NA
[1] "PfBBc6R8, before contact with fungus"
[1] NA
[1] "PfBBc6R8, before contact with fungus"
[1] NA
[1] "PfBBc6R8, before contact with fungus"
[1] NA
[1] "PfBBc6R8, before contact with fungus"
[1] NA
[1] "PfBBc6R8, at the time of contact with fungus"
[1] NA
[1] "PfBBc6R8, at the time of contact with fungus"
[1] NA
[1] "PfBBc6R8, at the time of contact with fungus"
[1] NA
[1] "PfBBc6R8, extended contact with fungus"
[1] NA
[1] "PfBBc6R8, extended contact with fungus"
[1] NA
[1] "PfBBc6R8, extended contact with fungus"
[1] NA
