[1] "same as UNF VALUE but with flagged values removed"
[1] "1ug TIGR genomic DNA, 1ug Astra genomic DNA"
[1] NA
[1] "1ug TIGR genomic DNA, 1ug Astra genomic DNA"
[1] NA
[1] "1ug TIGR genomic DNA, 1ug Astra genomic DNA"
[1] NA
[1] "1ug TIGR genomic DNA, 1ug Astra genomic DNA"
[1] NA
[1] "1 ug TIGR genomic DNA, 1ug Astra genomic DNA"
[1] NA
[1] "1ug TIGR genomic DNA, 1ug Astra Genomic DNA"
[1] NA
[1] "1ug tigr genomic DNA, 1ug Astra genomic DNA"
[1] NA
[1] "1 ug tigr genomic DNA, 1ug Asgra genomic DNA"
[1] NA
[1] "1ug Tigr genomic DNA, 1ug Astra genomic DNA"
[1] NA
[1] "1ug Tigr genomic DNA, 1ug Astra genomic DNA"
[1] NA
[1] "1ug Tigr genomic DNA, 1 ug Astra genomic DNA"
[1] NA
[1] "1ug Tigr genomic DNA, 1ug Astra genomic DNA"
[1] NA
[1] "1 ug Tigr genomic DNA, 1 ug Astra genomic DNA"
[1] NA
[1] "1ug Tigr genomic DNA, 1 ug Astra genomic DNA"
[1] NA
[1] "1ug Tigr genomic DNA, 1ug Astra genomic DNA"
[1] NA
[1] "1ug Tigr genomic DNA, 1 ug Astra genomic DNA"
[1] NA
[1] "1 ug Tigr genomic DNA, 1 ug Astra genomic DNA"
[1] NA
[1] "1ug Tigr genomic DNA, 1ug Astra genomic DNA"
[1] NA
[1] "1ug Tigr genomic DNA, 1 ug Astra genomic DNA"
[1] NA
[1] "1ug Tigr genomic DNA, 1ug Astra genomic DNA"
[1] NA
[1] "1 ug Tigr genomic DNA, 1 ug Astra genomic DNA"
[1] NA
[1] "1ug Tigr genomic DNA, 1 ug Astra genomic DNA"
[1] NA
[1] "1ug Tigr genomic DNA, 1ug Astra genomic DNA"
[1] NA
[1] "1ug Tigr genomic DNA, 1ug Astra genomic DNA"
[1] NA
[1] "1ug Tigr genomic DNA, 1ug Astra genomic DNA"
[1] NA
[1] "1ug Tigr genomic DNA, 1ug Astra genomic DNA"
[1] NA
[1] "0.7 ug Astra genomic DNA +0.7 ug Tigr genomic DNA"
[1] NA
[1] "2 ug Astra genomic DNA"
[1] NA
[1] "2 ug Astra genomic DNA"
[1] NA
[1] "TIGR/Astra Reference DNA"
[1] NA
[1] "TIGR/Astra Reference DNA"
[1] NA
[1] "TIGR/Astra Reference DNA"
[1] NA
[1] "TIGR/Astra Reference DNA"
[1] NA
[1] "1ug Tigr genomic DNA, 1 ug Astra genomic DNA"
[1] NA
[1] "1ug Tigr genomic DNA + 1ug Astra genomic DNA"
[1] NA
[1] "1ug Tigr genomic DNA + 1ug Astra genomic DNA"
[1] NA
[1] "1 ug 26695 genomic DNA + 1ug J99 genomic DNA"
[1] NA
[1] "1ug Tigr genomic DNA + 1ug Astra genomic DNA"
[1] NA
[1] "1ug Tigr genomic DNA + 1ug Astra genomic DNA"
[1] NA
[1] "1ug Tigr genomic DNA + 1ug Astra genomic DNA"
[1] NA
[1] "1ug Tigr genomic DNA + 1ug Astra genomic DNA"
[1] NA
[1] "1 ug 26695 genomic DNA + 1ug J99 genomic DNA"
[1] NA
[1] "1ug Tigr genomic DNA + 1ug Astra genomic DNA"
[1] NA
[1] "1ug Tigr genomic DNA + 1ug Astra genomic DNA"
[1] NA
[1] "1ug Tigr genomic DNA + 1ug Astra genomic DNA"
[1] NA
[1] "1ug Tigr genomic DNA + 1ug Astra genomic DNA"
[1] NA
[1] "1 ug 26695 genomic DNA + 1ug J99 genomic DNA"
[1] NA
[1] "1ug Tigr genomic DNA + 1ug Astra genomic DNA"
[1] NA
[1] "1ug Tigr genomic DNA + 1ug Astra genomic DNA"
[1] NA
[1] "1ug Tigr genomic DNA + 1ug Astra genomic DNA"
[1] NA
[1] "1 ug 26695 genomic DNA + 1ug J99 genomic DNA"
[1] NA
[1] "1 ug 26695 genomic DNA + 1ug J99 genomic DNA"
[1] NA
[1] "1 ug 26695 genomic DNA + 1ug J99 genomic DNA"
[1] NA
[1] "1ug Tigr genomic DNA + 1ug Astra genomic DNA"
[1] NA
[1] "1ug Tigr genomic DNA + 1ug Astra genomic DNA"
[1] NA
[1] "1ug Tigr genomic DNA + 1ug Astra genomic DNA"
[1] NA
[1] "1 ug 26695 genomic DNA + 1ug J99 genomic DNA"
[1] NA
[1] "1ug Tigr genomic DNA + 1ug Astra genomic DNA"
[1] NA
[1] "1 ug 26695 genomic DNA + 1ug J99 genomic DNA"
[1] NA
[1] "1 ug 26695 genomic DNA + 1ug J99 genomic DNA"
[1] NA
[1] "1 ug 26695 genomic DNA + 1ug J99 genomic DNA"
[1] NA
[1] "1 ug 26695 genomic DNA + 1ug J99 genomic DNA"
[1] NA
[1] "1 ug 26695 genomic DNA + 1ug J99 genomic DNA"
[1] NA
[1] "1 ug 26695 genomic DNA + 1ug J99 genomic DNA"
[1] NA
[1] "1 ug 26695 genomic DNA + 1ug J99 genomic DNA"
[1] NA
[1] "1 ug 26695 genomic DNA + 1ug J99 genomic DNA"
[1] NA
[1] "1 ug 26695 genomic DNA + 1ug J99 genomic DNA"
[1] NA
[1] "1ug Tigr genomic DNA + 1ug Astra genomic DNA"
[1] NA
[1] "1ug Tigr genomic DNA + 1ug Astra genomic DNA"
[1] NA
[1] "1ug Tigr genomic DNA + 1ug Astra genomic DNA"
[1] NA
[1] "1 ug 26695 genomic DNA + 1ug J99 genomic DNA"
[1] NA
[1] "0.25 ug tigr/astra reference"
[1] NA
[1] "1ug Tigr genomic DNA + 1ug Astra genomic DNA"
[1] NA
[1] "0.7 ug Tigr genomic DNA + 0.7 ug Astra genomic DNA"
[1] NA
[1] "1ug Tigr genomic DNA + 1 ug Astra genomic DNA"
[1] NA
[1] "1ug Tigr genomic DNA + 1 ug Astra genomic DNA"
[1] NA
[1] "0.25 ug Tigr/Astra reference"
[1] NA
[1] "0.25 ug Tigr/Astra reference"
[1] NA
[1] "0.5 ug Tigr/Astra reference"
[1] NA
[1] "0.5 ug Tigr/Astra reference"
[1] NA
[1] "0.5 ug Tigr/Astra reference"
[1] NA
[1] "0.5 ug Tigr/Astra reference"
[1] NA
[1] "1ug Tigr genomic DNA + 1ug Astra genomic DNA"
[1] NA
[1] "1ug Tigr genomic DNA + 1ug Astra genomic DNA"
[1] NA
[1] "1ug Tigr genomic DNA + 1ug Astra genomic DNA"
[1] NA
[1] "1ug Tigr genomic DNA + 1ug Astra genomic DNA"
[1] NA
[1] "1ug Tigr genomic DNA + 1 ug Astra genomic DNA"
[1] NA
[1] "1ug Tigr genomic DNA + 1 ug Astra genomic DNA"
[1] NA
[1] "1ug Tigr genomic DNA + 1 ug Astra genomic DNA"
[1] NA
[1] "1ug Tigr genomic DNA + 1ug Astra genomic DNA"
[1] NA
[1] "1ug Tigr genomic DNA + 1ug Astra genomic DNA"
[1] NA
[1] "1ug Tigr genomic DNA + 1ug Astra genomic DNA"
[1] NA
[1] "1ug Tigr genomic DNA + 1ug Astra genomic DNA"
[1] NA
[1] "1ug Tigr genomic DNA + 1ug Astra genomic DNA"
[1] NA
[1] "1ug Tigr genomic DNA + 1ug Astra genomic DNA"
[1] NA
[1] "1ug Tigr genomic DNA + 1ug Astra genomic DNA"
[1] NA
[1] "1ug Tigr genomic DNA + 1ug Astra genomic DNA"
[1] NA
[1] "1ug Tigr genomic DNA and 1ug Astra genomic DNA"
[1] NA
[1] "1ug Tigr genomic DNA + 1 ug Astra genomic DNA"
[1] NA
[1] "1ug Tigr genomic DNA + 1 ug Astra DNA"
[1] NA
[1] "1ug Tigr genomic DNA + 1 ug Astra DNA"
[1] NA
[1] "1ug Tigr genomic DNA, 1ug Astra genomic DNA"
[1] NA
[1] "1ug Tigr genomic DNA, 1ug Astra genomic DNA"
[1] NA
[1] "1ug Tigr genomic DNA, 1ug Astra genomic DNA"
[1] NA
[1] "1ug Tigr genomic DNA + 1ug Astra genomic DNA"
[1] NA
[1] "1ug Tigr genomic DNA + 1ug Astra genomic DNA"
[1] NA
[1] "1ug Tigr genomic DNA + 1ug Astra genomic DNA"
[1] NA
[1] "1ug Tigr genomic DNA + 1ug Astra genomic DNA"
[1] NA
[1] "TIGR/Astra Reference DNA"
[1] NA
[1] "1ug Tigr genomic DNA + 1ug Astra genomic DNA"
[1] NA
[1] "TIGR/Astra Reference DNA"
[1] NA
[1] "1ug Tigr genomic DNA + 1 ug Astra DNA"
[1] NA
[1] "1ug Tigr genomic DNA, 1ug Astra genomic DNA"
[1] NA
[1] "1ug Tigr genomic DNA + 1 ug Astra DNA"
[1] NA
[1] "1 ug 26695 genomic DNA + 1ug J99 genomic DNA"
[1] NA
[1] "1ug Tigr genomic DNA + 1 ug Astra DNA"
[1] NA
[1] "1ug Tigr genomic DNA + 1 ug Astra DNA"
[1] NA
[1] "1ug Tigr genomic DNA + 1 ug Astra DNA"
[1] NA
[1] "1ug Tigr genomic DNA + 1 ug Astra DNA"
[1] NA
[1] "1ug Tigr genomic DNA + 1 ug Astra DNA"
[1] NA
[1] "1ug Tigr genomic DNA + 1 ug Astra DNA"
[1] NA
[1] "1ug Tigr genomic DNA + 1 ug Astra genomic DNA"
[1] NA
[1] "1ug Tigr genomic DNA + 1 ug Astra DNA"
[1] NA
[1] "1ug genomic DNATigr + 1 ug Astra genomic DNA"
[1] NA
[1] "1ug Tigr genomic DNA + 1 ug Astra genomic DNA"
[1] NA
[1] "1ug Tigr genomic DNA + 1 ug Astra genomic DNA"
[1] NA
[1] "1ug Tigr genomic DNA + 1 ug Astra genomic DNA"
[1] NA
[1] "1ug Tigr genomic DNA + 1 ug Astra genomic DNA"
[1] NA
[1] "1ug Tigr genomic DNA + 1ug Astra genomic DNA"
[1] NA
[1] "1ug Tigr genomic DNA + 1ug Astra genomic DNA"
[1] NA
[1] "1ug Tigr genomic DNA + 1ug Astra genomic DNA"
[1] NA
[1] "1 ug Tigr genomic DNA + 1 ug Astra genomic DNA"
[1] NA
[1] "250 ng Tigr/Astra genomic DNA"
[1] NA
[1] "1 ug Tigr genomic DNA + 1 ug Astra genomic DNA"
[1] NA
[1] "0.7 ug Tigr genomic DNA + 0.7 ug Astra genomic DNA"
[1] NA
[1] "1 ug Tigr genomic DNA + 1 ug Astra genomic DNA"
[1] NA
[1] "0.7 ug Tigr genomic DNA + 0.7 ug Astra genomic DNA"
[1] NA
[1] "0.7 ug Tigr genomic DNA + 0.7 ug Astra genomic DNA"
[1] NA
[1] "1 ug Tigr genomic DNA + 1 ug Astra genomic DNA"
[1] NA
