[1] "Normalized log10 intensity of X INT/Y_INT (sample/reference) averaged over dye flip between sample and reference RNA."
[1] "Δura3 knockout at 25C OD600= 0.240"
[1] NA
[1] "Δura3 knockout at 25C OD600= 0.519"
[1] NA
[1] "Δura3 knockout at 25C OD600= 0.807"
[1] NA
[1] "Δura3ΔtfbD knockout at 25C OD600= 0.207"
[1] NA
[1] "Δura3ΔtfbD knockout at 25C OD600= 0.465"
[1] NA
[1] "Δura3ΔtfbD knockout at 25C OD600= 0.798"
[1] NA
[1] "Δura3DtfbE knockout at 25C OD600= 0.196"
[1] NA
[1] "Δura3DtfbE knockout at 25C OD600= 0.418"
[1] NA
[1] "Δura3DtfbE knockout at 25C OD600= 0.867"
[1] NA
[1] "vector in Δura3ΔtfbD knockout at 37C OD600= 0.236"
[1] NA
[1] "vector in Δura3ΔtfbD knockout at 37C OD600= 0.485"
[1] NA
[1] "vector in Δura3ΔtfbD knockout at 37C OD600= 0.834"
[1] NA
[1] "vector in Δura3ΔtfbD knockout at 25C OD600= 0.212"
[1] NA
[1] "vector in Δura3ΔtfbD knockout at 25C OD600= 0.437"
[1] NA
[1] "vector in Δura3ΔtfbD knockout at 25C OD600= 0.874"
[1] NA
[1] "PtfbD-tfbX in Δura3ΔtfbD knockout at 37C OD600= 0.233"
[1] NA
[1] "PtfbD-tfbX in Δura3ΔtfbD knockout at 37C OD600= 0.471"
[1] NA
[1] "PtfbD-tfbX in Δura3ΔtfbD knockout at 37C OD600= 0.828"
[1] NA
[1] "PtfbD-tfbX in Δura3ΔtfbD knockout at 25C OD600= 0.227"
[1] NA
[1] "PtfbD-tfbX in Δura3ΔtfbD knockout at 25C OD600= 0.419"
[1] NA
[1] "PtfbD-tfbX in Δura3ΔtfbD knockout at 25C OD600= 0.801"
[1] NA
[1] "PtfbE-tfbX in Δura3ΔtfbD knockout at 37C OD600= 0.245"
[1] NA
[1] "PtfbE-tfbX in Δura3ΔtfbD knockout at 37C OD600= 0.506"
[1] NA
[1] "PtfbE-tfbX in Δura3ΔtfbD knockout at 37C OD600= 0.828"
[1] NA
[1] "PtfbE-tfbX in Δura3ΔtfbD knockout at 25C OD600= 0.205"
[1] NA
[1] "PtfbE-tfbX in Δura3ΔtfbD knockout at 25C OD600= 0.239"
[1] NA
[1] "PtfbE-tfbX in Δura3ΔtfbD knockout at 25C OD600= 0.412"
[1] NA
[1] "PtfbE-tfbX in Δura3ΔtfbD knockout at 25C OD600= 0.819"
[1] NA
