[1] "raw signal intensity"
[1] "LJ110 LBo"
[1] NA
[1] "LJ110 del pdhr LBo"
[1] NA
[1] "LJ110 pTM30 LBo"
[1] NA
[1] "LJ110 pTM30pdhr LBo"
[1] NA
[1] "LJ110 MMPyruvat"
[1] NA
[1] "LJ110 del pdhr MMPyruvat"
[1] NA
[1] "LJ110 pTM30 MMPyruvat"
[1] NA
[1] "LJ110 pTM30pdhr MMPyruvat"
[1] NA
[1] "LJ110 MMAcetat"
[1] NA
[1] "LJ110 del pdhr MMAcetat"
[1] NA
[1] "LJ110 pTM30 MMAcetat"
[1] NA
[1] "LJ110 pTM30pdhr MMAcetat"
[1] NA
[1] "LJ110 LBo"
[1] NA
[1] "LJ110 del pdhr LBo"
[1] NA
[1] "LJ110 pTM30 LBo"
[1] NA
[1] "LJ110 pTM30pdhr LBo"
[1] NA
[1] "LJ110 MMPyruvat"
[1] NA
[1] "LJ110 del pdhr MMPyruvat"
[1] NA
[1] "LJ110 pTM30 MMPyruvat"
[1] NA
[1] "LJ110 pTM30pdhr MMPyruvat"
[1] NA
[1] "LJ110 MMAcetat"
[1] NA
[1] "LJ110 del pdhr MMAcetat"
[1] NA
[1] "LJ110 pTM30 MMAcetat"
[1] NA
[1] "LJ110 pTM30pdhr MMAcetat"
[1] NA
