[1] "Normalized log10 ratio (Cy5/Cy3) representing test/reference"
[1] "Wild type in LB + 2mM indole, OD600=1"
[1] NA
[1] "Wild type in LB + 2mM indole, OD600=1"
[1] NA
[1] "Wild type in LB + 2mM indole, OD600=1"
[1] NA
[1] "Wild type in LB + 2mM indole, OD600=1"
[1] NA
[1] "Wild type in LB, OD600=1"
[1] NA
[1] "Wild type in LB, OD600=1"
[1] NA
[1] "Wild type in LB, OD600=1"
[1] NA
[1] "Wild type in LB, OD600=1"
[1] NA
[1] "Wild type in LB + 2mM indole OD600=1 for 15min"
[1] "15"
[1] "900"
[1] "Wild type in LB + 2mM indole OD600=1 for 15min"
[1] "15"
[1] "900"
[1] "Wild type in LB + 2mM indole OD600=1 for 15min"
[1] "15"
[1] "900"
[1] "Wild type in LB + 2mM indole OD600=1 for 15min"
[1] "15"
[1] "900"
[1] "Wild type in LB + 2mM indole OD600=1 for 15min"
[1] "15"
[1] "900"
[1] "Wild type in LB + 2mM indole OD600=1 for 15min"
[1] "15"
[1] "900"
