[1] "Normalized log2 ratio: log(AHLs)-log(control)"
[1] "control"
[1] NA
[1] "AHLs"
[1] NA
[1] "control"
[1] NA
[1] "AHLs"
[1] NA
[1] "control"
[1] NA
[1] "AHLs"
[1] NA
[1] "Δpgm"
[1] NA
[1] "Δpgm ΔypeIR ΔyspIR"
[1] NA
[1] "Δpgm"
[1] NA
[1] "Δpgm ΔypeIR ΔyspIR"
[1] NA
[1] "Δpgm"
[1] NA
[1] "Δpgm ΔypeIR ΔyspIR"
[1] NA
[1] "control"
[1] NA
[1] "AHLs treated"
[1] NA
[1] "control"
[1] NA
[1] "AHLs treated"
[1] NA
[1] "control"
[1] NA
[1] "AHLs treated"
[1] NA
[1] "Δpgm"
[1] NA
[1] "Δpgm ΔyspI"
[1] NA
[1] "Δpgm"
[1] NA
[1] "Δpgm ΔyspI"
[1] NA
[1] "Δpgm"
[1] NA
[1] "Δpgm ΔyspI"
[1] NA
[1] "Δpgm"
[1] NA
[1] "Δpgm ΔyspI"
[1] NA
[1] "Δpgm"
[1] NA
[1] "Δpgm ΔyspI"
[1] NA
[1] "Δpgm"
[1] NA
[1] "Δpgm ΔyspI"
[1] NA
[1] "Δpgm ΔypeIR ΔyspIR"
[1] NA
[1] "Δpgm"
[1] NA
[1] "Δpgm ΔypeIR ΔyspIR"
[1] NA
[1] "Δpgm"
[1] NA
[1] "Δpgm ΔypeIR ΔyspIR"
[1] NA
[1] "Δpgm"
[1] NA
[1] "Δpgm"
[1] NA
[1] "Δpgm ΔypeIR"
[1] NA
[1] "Δpgm"
[1] NA
[1] "Δpgm ΔypeIR"
[1] NA
[1] "Δpgm"
[1] NA
[1] "Δpgm ΔypeIR"
[1] NA
[1] "Δpgm"
[1] NA
[1] "Δpgm ΔypeIR"
[1] NA
[1] "Δpgm"
[1] NA
[1] "Δpgm ΔypeIR"
[1] NA
[1] "Δpgm"
[1] NA
[1] "Δpgm ΔypeIR"
[1] NA
