[1] "normalized log10 ratio (test/reference)"
[1] "EDL933"
[1] NA
[1] "042"
[1] NA
[1] "042"
[1] NA
[1] "2457T"
[1] NA
[1] "2457T"
[1] NA
[1] "e2348/69"
[1] NA
[1] "e2348/69"
[1] NA
[1] "9194"
[1] NA
[1] "9194"
[1] NA
[1] "19982"
[1] NA
[1] "19982"
[1] NA
[1] "MG1655"
[1] NA
[1] "MG1655"
[1] NA
[1] "CFT073"
[1] NA
[1] "CFT073"
[1] NA
[1] "TW 09231"
[1] NA
[1] "TW 09231"
[1] NA
[1] "TW 09254"
[1] NA
[1] "TW 09254"
[1] NA
[1] "TW 09266"
[1] NA
[1] "TW 09276"
[1] NA
[1] "TW 09276"
[1] NA
[1] "TW 09308"
[1] NA
[1] "TW 09308"
[1] NA
[1] "TW 11588"
[1] NA
[1] "TW 11588"
[1] NA
[1] "TW 11930"
[1] NA
[1] "TW 11930"
[1] NA
[1] "TW 11966"
[1] NA
[1] "TW 11966"
[1] NA
[1] "TW 12018"
[1] NA
[1] "TW 12018"
[1] NA
[1] "TW 14182"
[1] NA
[1] "TW 14182"
[1] NA
[1] "TW 14263"
[1] NA
[1] "TW 14263"
[1] NA
[1] "TW 14264"
[1] NA
[1] "TW 14264"
[1] NA
[1] "TW 14265"
[1] NA
[1] "TW 14265"
[1] NA
[1] "TW 14266"
[1] NA
[1] "TW 14266"
[1] NA
[1] "TW 14267"
[1] NA
[1] "TW 14267"
[1] NA
[1] "RL325/96"
[1] NA
[1] "RL325/96"
[1] NA
[1] "Z205"
[1] NA
[1] "Z205"
[1] NA
[1] "29E4"
[1] NA
[1] "29E4"
[1] NA
