[1] "normalized log2 ratio (in vivo/in vitro)"
[1] "in vitro"
[1] NA
[1] "in vitro"
[1] NA
[1] "in vivo"
[1] NA
[1] "in vivo"
[1] NA
[1] "in vitro"
[1] NA
[1] "in vitro"
[1] NA
[1] "in vivo"
[1] NA
[1] "in vivo"
[1] NA
[1] "in vitro"
[1] NA
[1] "in vitro"
[1] NA
[1] "in vivo"
[1] NA
[1] "in vivo"
[1] NA
[1] "in vitro"
[1] NA
[1] "in vitro"
[1] NA
[1] "in vivo"
[1] NA
[1] "in vivo"
[1] NA
[1] "in vitro"
[1] NA
[1] "in vitro"
[1] NA
[1] "in vivo"
[1] NA
[1] "in vivo"
[1] NA
