[1] "Signal"
[1] "carry over of EB rep 1"
[1] NA
[1] "carry over of EB rep 2"
[1] NA
[1] "carry over of EB rep 3"
[1] NA
[1] "carry over of EB rep 4"
[1] NA
[1] "EB grown in axenic media rep 1"
[1] NA
[1] "EB grown in axenic media rep 2"
[1] NA
[1] "EB grown in axenic media + rifampicin rep 2"
[1] NA
[1] "EB grown in axenic media + rifampicin rep 3"
[1] NA
[1] "EB grown in axenic media + rifampicin rep 4"
[1] NA
[1] "RB grown in axenic media rep 1"
[1] NA
[1] "RB grown in axenic media rep 2"
[1] NA
[1] "RB grown in axenic media rep 3"
[1] NA
[1] "RB grown in axenic media rep 4"
[1] NA
[1] "RB grown in axenic media + rifampicin rep 1"
[1] NA
[1] "RB grown in axenic media + rifampicin rep 2"
[1] NA
[1] "RB grown in axenic media + rifampicin rep 3"
[1] NA
[1] "RB grown in axenic media + rifampicin rep 4"
[1] NA
[1] "EB grown in axenic media rep 3"
[1] NA
[1] "EB grown in axenic media rep 4"
[1] NA
[1] "EB grown in axenic media + rifampicin rep 1"
[1] NA
