[1] "Log base 2"
[1] "WT bacterial cell pellet, 6h, grown in LB at 42°C, colony A"
[1] "6"
[1] "21600"
[1] "WT bacterial cell pellet, 6h, grown in LB at 42°C, colony B"
[1] "6"
[1] "21600"
[1] "ΔpepN bacterial cell pellet, 6h, grown in LB at 42°C, colony B"
[1] "6"
[1] "21600"
[1] "WT bacterial cell pellet, 6h, grown in MM at 42°C, colony A"
[1] "6"
[1] "21600"
[1] "WT bacterial cell pellet, 6h, grown in MM at 42°C, colony B"
[1] "6"
[1] "21600"
[1] "ΔpepN bacterial cell pellet, 6h, grown in MM at 42°C, colony A"
[1] "6"
[1] "21600"
[1] "ΔpepN bacterial cell pellet, 6h, grown in MM at 42°C, colony B"
[1] "6"
[1] "21600"
[1] "ΔpepN bacterial cell pellet, 6h, grown in LB at 42°C, colony A"
[1] "6"
[1] "21600"
