[1] "MAS5-calculated Signal intensity"
[1] "YL113 planktonic culture"
[1] NA
[1] "YL113 planktonic culture"
[1] NA
[1] "YL113 plamktonic culture"
[1] NA
[1] "YL113 planktonic culture"
[1] NA
[1] "YL113 planktonic culture"
[1] NA
[1] "YL117 planktonic culture"
[1] NA
[1] "YL117 planktonic culture"
[1] NA
[1] "YL117 planktonic culture"
[1] NA
[1] "YL117 planktonic culture"
[1] NA
[1] "YL117 planktonic culture"
[1] NA
[1] "PAOI planktonic culture"
[1] NA
[1] "PAOI planktonic culture"
[1] NA
[1] "PAOR3 planktonic culture"
[1] NA
[1] "PAOR3 planktonic culture"
[1] NA
[1] "PAOI planktonic culture"
[1] NA
[1] "PAOI planktonic culture"
[1] NA
[1] "PAOR3 planktonic culture"
[1] NA
[1] "PAOR3 planktonic culture"
[1] NA
[1] "PAOI planktonic culture"
[1] NA
[1] "PAOI planktonic culture"
[1] NA
[1] "PAOR3 planktonic culture"
[1] NA
[1] "PAOR3 planktonic culture"
[1] NA
[1] "PAOI planktonic culture"
[1] NA
[1] "PAOI planktonic culture"
[1] NA
[1] "PAOR3 planktonic culture"
[1] NA
[1] "PAOR3 planktonic culture"
[1] NA
[1] "PAOI planktonic culture"
[1] NA
[1] "PAOI planktonic culture"
[1] NA
[1] "PAOR3 planktonic culture"
[1] NA
[1] "PAOR3 planktonic culture"
[1] NA
