[1] "normalized log10 ratios"
[1] "Halobacterium NRC-1, control"
[1] NA
[1] "Halobacterium NRC-1, FeSO4.7H2O Stress, 6.0mM"
[1] NA
[1] "Halobacterium NRC-1, control"
[1] NA
[1] "Halobacterium NRC-1, FeSO4.7H2O Stress, 7.0mM"
[1] NA
[1] "Halobacterium NRC-1, control"
[1] NA
[1] "Halobacterium NRC-1, CuSO4.5H2O Stress, 0.7mM"
[1] NA
[1] "Halobacterium NRC-1, control"
[1] NA
[1] "Halobacterium NRC-1, CuSO4.5H2O Stress, 0.85mM"
[1] NA
[1] "Halobacterium NRC-1, control"
[1] NA
[1] "Halobacterium NRC-1, CuSO4.5H2O Stress, 1.0mM"
[1] NA
[1] "Halobacterium NRC-1, control"
[1] NA
[1] "Halobacterium NRC-1, MnSO4.H2O Stress, 0.8mM"
[1] NA
[1] "Halobacterium NRC-1, control"
[1] NA
[1] "Halobacterium NRC-1, MnSO4.H2O Stress, 1.0mM"
[1] NA
[1] "Halobacterium NRC-1, control"
[1] NA
[1] "Halobacterium NRC-1, MnSO4.H2O Stress, 1.5mM"
[1] NA
[1] "Halobacterium NRC-1, control"
[1] NA
[1] "Halobacterium NRC-1, control"
[1] NA
[1] "Halobacterium NRC-1, ZnSO4.7H2O Stress, 0.01mM"
[1] NA
[1] "Halobacterium NRC-1, ZnSO4.7H2O Stress, 0.02mM"
[1] NA
[1] "Halobacterium NRC-1, control"
[1] NA
[1] "Halobacterium NRC-1, 6.0mM FeSO4, -1 minutes"
[1] "-1"
[1] "Halobacterium NRC-1, control"
[1] NA
[1] "Halobacterium NRC-1, 6.0mM FeSO4, 0 minutes"
[1] "0"
[1] "0"
[1] "Halobacterium NRC-1, 6.0mM FeSO4, 160 minutes"
[1] "160"
[1] "9600"
[1] "Halobacterium NRC-1, control"
[1] NA
[1] "Halobacterium NRC-1, 6.0mM FeSO4, 320 minutes"
[1] "320"
[1] "19200"
[1] "Halobacterium NRC-1, control"
[1] NA
[1] "Halobacterium NRC-1, 6.0mM FeSO4, 20 minutes"
[1] "20"
[1] "1200"
[1] "Halobacterium NRC-1, control"
[1] NA
[1] "Halobacterium NRC-1, 6.0mM FeSO4, 40 minutes"
[1] "40"
[1] "2400"
[1] "Halobacterium NRC-1, 6.0mM FeSO4, 80 minutes"
[1] "80"
[1] "4800"
[1] "Halobacterium NRC-1, control"
[1] NA
[1] "Halobacterium NRC-1, 6.0mM FeSO4, 15 minutes"
[1] "15"
[1] "900"
[1] "Halobacterium NRC-1, 6.0mM FeSO4, 25 minutes"
[1] "25"
[1] "1500"
[1] "Halobacterium NRC-1, control"
[1] NA
[1] "Halobacterium NRC-1, control"
[1] NA
[1] "Halobacterium NRC-1, 6.0mM FeSO4, 5 minutes"
[1] "5"
[1] "300"
[1] "Halobacterium NRC-1, 6.0mM FeSO4, 10 minutes"
[1] "10"
[1] "600"
[1] "Halobacterium NRC-1, control"
[1] NA
[1] "Halobacterium NRC-1, NiSO4.6H2O Stress, 0.5mM"
[1] NA
[1] "Halobacterium NRC-1, control"
[1] NA
[1] "Halobacterium NRC-1, NiSO4.6H2O Stress, 0.75mM"
[1] NA
[1] "Halobacterium NRC-1, NiSO4.6H2O Stress, 1.5mM"
[1] NA
[1] "Halobacterium NRC-1, control"
[1] NA
[1] "Halobacterium NRC-1, CoSO4.7H2O Stress, 0.2mM"
[1] NA
[1] "Halobacterium NRC-1, control"
[1] NA
[1] "Halobacterium NRC-1, CoSO4.7H2O Stress, 0.3mM"
[1] NA
[1] "Halobacterium NRC-1, control"
[1] NA
[1] "Halobacterium NRC-1, CoSO4.7H2O Stress, 0.5mM"
[1] NA
[1] "Halobacterium NRC-1, control"
[1] NA
[1] "Halobacterium NRC-1, 2,2 Dipyridyl Stress, 0.025mM"
[1] NA
[1] "Halobacterium NRC-1, control"
[1] NA
[1] "Halobacterium NRC-1, 2,2 Dipyridyl Stress, 0.1mM"
[1] NA
[1] "Halobacterium NRC-1, control"
[1] NA
[1] "Halobacterium NRC-1, control"
[1] NA
[1] "Halobacterium NRC-1, Control Culture"
[1] NA
[1] "Halobacterium NRC-1, control"
[1] NA
[1] "Halobacterium NRC-1, 2,2 Dipyridyl Stress, 0.25mM"
[1] NA
[1] "Halobacterium NRC-1, ura3 Knockout, vng1179 Knockout, Set A, 0.85mM Cu"
[1] NA
[1] "Halobacterium NRC-1, ura3 Knockout, Set A"
[1] NA
[1] "Halobacterium NRC-1, control"
[1] NA
[1] "Halobacterium NRC-1, ura3 Knockout, Set B"
[1] NA
[1] "Halobacterium NRC-1, control"
[1] NA
[1] "Halobacterium NRC-1, ura3 Knockout, Set A, 0.8mM Mn"
[1] NA
[1] "Halobacterium NRC-1, control"
[1] NA
[1] "Halobacterium NRC-1, ura3 Knockout, Set B, 0.8mM Mn"
[1] NA
[1] "Halobacterium NRC-1, control"
[1] NA
[1] "Halobacterium NRC-1, ura3 Knockout, Set A, 1.0mM Mn"
[1] NA
[1] "Halobacterium NRC-1, control"
[1] NA
[1] "Halobacterium NRC-1, ura3 Knockout, Set B, 1.0mM Mn"
[1] NA
[1] "Halobacterium NRC-1, control"
[1] NA
[1] "Halobacterium NRC-1, ura3 Knockout, Set A, 1.5mM Mn"
[1] NA
[1] "Halobacterium NRC-1, control"
[1] NA
[1] "Halobacterium NRC-1, ura3 Knockout, Set B, 1.5mM Mn"
[1] NA
[1] "Halobacterium NRC-1, control"
[1] NA
[1] "Halobacterium NRC-1, ura3 Knockout, Set A, 0.7mM Cu"
[1] NA
[1] "Halobacterium NRC-1, control"
[1] NA
[1] "Halobacterium NRC-1, ura3 Knockout, Set B, 0.7mM Cu"
[1] NA
[1] "Halobacterium NRC-1, control"
[1] NA
[1] "Halobacterium NRC-1, ura3 Knockout, Set A, 0.85mM Cu"
[1] NA
[1] "Halobacterium NRC-1, control"
[1] NA
[1] "Halobacterium NRC-1, ura3 Knockout, Set B, 0.85mM Cu"
[1] NA
[1] "Halobacterium NRC-1, control"
[1] NA
[1] "Halobacterium NRC-1, ura3 Knockout, Set A, 1.0mM Cu"
[1] NA
[1] "Halobacterium NRC-1, control"
[1] NA
[1] "Halobacterium NRC-1, ura3 Knockout, Set B, 1.0mM Cu"
[1] NA
[1] "Halobacterium NRC-1, control"
[1] NA
[1] "Halobacterium NRC-1, ura3 Knockout, sirR Knockout, Set A, 0.0mM Mn"
[1] NA
[1] "Halobacterium NRC-1, control"
[1] NA
[1] "Halobacterium NRC-1, ura3 Knockout, sirR Knockout, Set B, 0.0mM Mn"
[1] NA
[1] "Halobacterium NRC-1, control"
[1] NA
[1] "Halobacterium NRC-1, ura3 Knockout, sirR Knockout, Set A, 0.8mM Mn"
[1] NA
[1] "Halobacterium NRC-1, control"
[1] NA
[1] "Halobacterium NRC-1, ura3 Knockout, sirR Knockout, Set B, 0.8mM Mn"
[1] NA
[1] "Halobacterium NRC-1, control"
[1] NA
[1] "Halobacterium NRC-1, ura3 Knockout, sirR Knockout, Set A, 1.0mM Mn"
[1] NA
[1] "Halobacterium NRC-1, control"
[1] NA
[1] "Halobacterium NRC-1, ura3 Knockout, sirR Knockout, Set B, 1.0mM Mn"
[1] NA
[1] "Halobacterium NRC-1, control"
[1] NA
[1] "Halobacterium NRC-1, ura3 Knockout, sirR Knockout, Set A, 1.5mM Mn"
[1] NA
[1] "Halobacterium NRC-1, control"
[1] NA
[1] "Halobacterium NRC-1, ura3 Knockout, sirR Knockout, Set B, 1.5mM Mn"
[1] NA
[1] "Halobacterium NRC-1, control"
[1] NA
[1] "Halobacterium NRC-1, ura3 Knockout, vng1179 Knockout, Set A, 0.0mM Cu"
[1] NA
[1] "Halobacterium NRC-1, control"
[1] NA
[1] "Halobacterium NRC-1, ura3 Knockout, vng1179 Knockout, Set B, 0.0mM Cu"
[1] NA
[1] "Halobacterium NRC-1, control"
[1] NA
[1] "Halobacterium NRC-1, ura3 Knockout, vng1179 Knockout, Set A, 0.7mM Cu"
[1] NA
[1] "Halobacterium NRC-1, control"
[1] NA
[1] "Halobacterium NRC-1, ura3 Knockout, vng1179 Knockout, Set B, 0.7mM Cu"
[1] NA
[1] "Halobacterium NRC-1, control"
[1] NA
[1] "Halobacterium NRC-1, control"
[1] NA
[1] "Halobacterium NRC-1, ura3 Knockout, vng1179 Knockout, Set B, 0.85mM Cu"
[1] NA
[1] "Halobacterium NRC-1, control"
[1] NA
[1] "Halobacterium NRC-1, ura3 Knockout, vng1179 Knockout, Set A, 1.0mM Cu"
[1] NA
[1] "Halobacterium NRC-1, control"
[1] NA
[1] "Halobacterium NRC-1, ura3 Knockout, vng1179 Knockout, Set B, 1.0mM Cu"
[1] NA
[1] "Halobacterium NRC-1, control"
[1] NA
[1] "Halobacterium NRC-1, FeSO4.7H2O Stress, 2.0mM"
[1] NA
[1] "Halobacterium NRC-1, control"
[1] NA
[1] "Halobacterium NRC-1, FeSO4.7H2O Stress, 4.0mM"
[1] NA
[1] "Halobacterium NRC-1, ZnSO4.7H2O Stress, 0.005mM"
[1] NA
[1] "Halobacterium NRC-1, control"
[1] NA
[1] "Halobacterium NRC-1, control"
[1] NA
[1] "Halobacterium NRC-1, control"
[1] NA
[1] "Halobacterium NRC-1, control"
[1] NA
[1] "Halobacterium NRC-1, control"
[1] NA
[1] "Mid-log phase Halobacterium NRC1, no Nickel control harvested 5 hours post induction of metal stress."
[1] "5"
[1] "18000"
[1] "Mid-log phase Halobacterium NRC1, no Nickel control harvested 5 hours post induction of metal stress."
[1] "5"
[1] "18000"
[1] "Mid-log phase Halobacterium NRC1,  havested 5 hours post 0.5mM Nickel Sulfate stress."
[1] "5"
[1] "18000"
[1] "Mid-log phase Halobacterium NRC1,  havested 5 hours post 0.5mM Nickel Sulfate stress."
[1] "5"
[1] "18000"
[1] "Mid-log phase Halobacterium NRC1,  havested 5 hours post 0.75mM Nickel Sulfate stress."
[1] "5"
[1] "18000"
[1] "Mid-log phase Halobacterium NRC1,  havested 5 hours post 0.75mM Nickel Sulfate stress."
[1] "5"
[1] "18000"
[1] "Mid-log phase Halobacterium NRC1,  havested 5 hours post 1.5mM Nickel Sulfate stress."
[1] "5"
[1] "18000"
[1] "Mid-log phase Halobacterium NRC1,  havested 5 hours post 1.5mM Nickel Sulfate stress."
[1] "5"
[1] "18000"
[1] "Mid-log phase Halobacterium NRC1, no Cobalt control harvested 5 hours post induction of metal stress."
[1] "5"
[1] "18000"
[1] "Mid-log phase Halobacterium NRC1, no Cobalt control harvested 5 hours post induction of metal stress."
[1] "5"
[1] "18000"
[1] "Mid-log phase Halobacterium NRC1,  havested 5 hours post 0.2mM Cobalt Sulfate stress."
[1] "5"
[1] "18000"
[1] "Mid-log phase Halobacterium NRC1,  havested 5 hours post 0.2mM Cobalt Sulfate stress."
[1] "5"
[1] "18000"
[1] "Mid-log phase Halobacterium NRC1,  havested 5 hours post 0.3mM Cobalt Sulfate stress."
[1] "5"
[1] "18000"
[1] "Mid-log phase Halobacterium NRC1,  havested 5 hours post 0.3mM Cobalt Sulfate stress."
[1] "5"
[1] "18000"
[1] "Mid-log phase Halobacterium NRC1,  havested 5 hours post 0.5mM Cobalt Sulfate stress."
[1] "5"
[1] "18000"
[1] "Mid-log phase Halobacterium NRC1,  havested 5 hours post 0.5mM Cobalt Sulfate stress."
[1] "5"
[1] "18000"
[1] "Mid-log phase Halobacterium NRC1,  havested 5 hours post 0.005mM Zinc Sulfate stress."
[1] "5"
[1] "18000"
[1] "Mid-log phase Halobacterium NRC1,  havested 5 hours post 0.005mM Zinc Sulfate stress."
[1] "5"
[1] "18000"
[1] "Mid-log phase Halobacterium NRC1,  havested 5 hours post 0.010mM Zinc Sulfate stress."
[1] "5"
[1] "18000"
[1] "Mid-log phase Halobacterium NRC1,  havested 5 hours post 0.010mM Zinc Sulfate stress."
[1] "5"
[1] "18000"
[1] "Mid-log phase Halobacterium NRC1,  havested 5 hours post 0.015mM Zinc Sulfate stress."
[1] "5"
[1] "18000"
[1] "Mid-log phase Halobacterium NRC1,  havested 5 hours post 0.015mM Zinc Sulfate stress."
[1] "5"
[1] "18000"
 [1] "0"     "9600"  "19200" "1200"  "2400"  "4800"  "900"   "1500"  "300"  
[10] "600"   "18000" "18000" "18000" "18000" "18000" "18000" "18000" "18000"
[19] "18000" "18000" "18000" "18000" "18000" "18000" "18000" "18000" "18000"
[28] "18000" "18000" "18000" "18000" "18000"
 [1] "ID"                     "row"                    "col"                   
 [4] "ref"                    "ref"                    "plate_384"             
 [7] "row_384"                "col_384"                "gene_name"             
[10] "ORF"                    "operon_oligo_ID"        "SEQUENCE"              
[13] "melting_temperature"    "control_type"           "control_qualifier"     
[16] "date_obtained"          "clone_provider"         "feature_size"          
[19] "feature_attachment"     "stranded"               "spotting_concentration"
[22] "flag"                   "SPOT_ID"               
[1] "row_384"
