[1] "Normalized log10 ratio (cy5/cy3)"
[1] "S. aureus UAMS-1 wt biofilm"
[1] NA
[1] "S. aureus UAMS-1 wt biofilm"
[1] NA
[1] "S. aureus UAMS-1 ΔgdpS biofilm"
[1] NA
[1] "S. aureus UAMS-1 ΔgdpS biofilm"
[1] NA
[1] "S. aureus SA113 wt biofilm"
[1] NA
[1] "S. aureus SA113 wt biofilm"
[1] NA
[1] "S. aureus SA113 ΔgdpS biofilm"
[1] NA
[1] "S. aureus SA113 ΔgdpS biofilm"
[1] NA
[1] "S. aureus SA564 wt biofilm"
[1] NA
[1] "S. aureus SA564 wt biofilm"
[1] NA
[1] "S. aureus SA564 wt biofilm"
[1] NA
[1] "S. aureus SA564 wt biofilm"
[1] NA
[1] "S. aureus SA564 ΔgdpS biofilm"
[1] NA
[1] "S. aureus SA564 ΔgdpS biofilm"
[1] NA
