[1] "qunatile normalized log2 IP/mock-IP ratio of individual probes"
[1] "E. Coli Exponential RpoB ChIP DNA 1"
[1] NA
[1] "E. Coli Exponential RpoB ChIP DNA 2"
[1] NA
[1] "E. Coli Exponential RpoB ChIP DNA 3"
[1] NA
[1] "E. Coli Glutamine RpoB ChIP DNA 1"
[1] NA
[1] "E. Coli Glutamine RpoB ChIP DNA 2"
[1] NA
[1] "E. Coli Heatshock RpoB ChIP DNA 1"
[1] NA
[1] "E. Coli Heatshock RpoB ChIP DNA 2"
[1] NA
[1] "E. Coli Stationary RpoB ChIP DNA 1"
[1] NA
[1] "E. Coli Stationary RpoB ChIP DNA 2"
[1] NA
[1] "E. Coli Exponential FecI ChIP DNA 1"
[1] NA
[1] "E. Coli Exponential FecI ChIP DNA 2"
[1] NA
[1] "E. Coli Exponential FecI ChIP DNA 3"
[1] NA
[1] "E. Coli Exponential RpoF ChIP DNA 1"
[1] NA
[1] "E. Coli Exponential RpoF ChIP DNA 2"
[1] NA
[1] "E. Coli Exponential RpoF ChIP DNA 3"
[1] NA
[1] "E. Coli Heatshock RpoH ChIP DNA 1"
[1] NA
[1] "E. Coli Heatshock RpoH ChIP DNA 2"
[1] NA
[1] "E. Coli Heatshock RpoH ChIP DNA 3"
[1] NA
[1] "E. Coli Exponential RpoH ChIP DNA 1"
[1] NA
[1] "E. Coli Exponential RpoH ChIP DNA 2"
[1] NA
[1] "E. Coli Exponential RpoS ChIP DNA 1"
[1] NA
[1] "E. Coli Exponential RpoS ChIP DNA 2"
[1] NA
[1] "E. Coli Stationary RpoS ChIP DNA 1"
[1] NA
[1] "E. Coli Stationary RpoS ChIP DNA 2"
[1] NA
[1] "E. Coli Stationary RpoS ChIP DNA 3"
[1] NA
[1] "E. Coli Glutamine RpoN ChIP DNA 1"
[1] NA
[1] "E. Coli Glutamine RpoN ChIP DNA 2"
[1] NA
[1] "E. Coli Exponential RpoN ChIP DNA 1"
[1] NA
[1] "E. Coli Exponential RpoN ChIP DNA 2"
[1] NA
[1] "E. Coli Exponential RpoN ChIP DNA 3"
[1] NA
[1] "E. Coli Exponential RpoD ChIP DNA 1"
[1] NA
[1] "E. Coli Exponential RpoD ChIP DNA 2"
[1] NA
[1] "E. Coli Exponential RpoD ChIP DNA 3"
[1] NA
[1] "E. Coli Exponential RpoD DelN ChIP DNA 1"
[1] NA
[1] "E. Coli Exponential RpoD DelN ChIP DNA 2"
[1] NA
[1] "E. Coli Glutamine RpoD ChIP DNA 1"
[1] NA
[1] "E. Coli Glutamine RpoD ChIP DNA 2"
[1] NA
[1] "E. Coli Heatshock RpoD ChIP DNA 1"
[1] NA
[1] "E. Coli Heatshock RpoD ChIP DNA 2"
[1] NA
[1] "E. Coli Iron RpoD ChIP DNA 1"
[1] NA
[1] "E. Coli Iron RpoD ChIP DNA 2"
[1] NA
[1] "E. Coli Stationary RpoD ChIP DNA 1"
[1] NA
[1] "E. Coli Stationary RpoD ChIP DNA 2"
[1] NA
[1] "E. Coli Stationary RpoD DelS ChIP DNA 1"
[1] NA
[1] "E. Coli Stationary RpoD DelS ChIP DNA 2"
[1] NA
