[1] "RMA-normalized, averaged gene-level signal intensity"
[1] "Wild type S. flexneri, 4 h post infection"
[1] "4"
[1] "14400"
[1] "Wild type S. flexneri, 4 h post infection"
[1] "4"
[1] "14400"
[1] "Wild type S. flexneri, 4 h post infection"
[1] "4"
[1] "14400"
[1] "ntrBC mutant S. flexneri, 4 h post infection"
[1] "4"
[1] "14400"
[1] "ntrBC mutant S. flexneri, 4 h post infection"
[1] "4"
[1] "14400"
[1] "ntrBC mutant S. flexneri, 4 h post infection"
[1] "4"
[1] "14400"
[1] "nac mutant S. flexneri, 4 h post infection"
[1] "4"
[1] "14400"
[1] "nac mutant S. flexneri, 4 h post infection"
[1] "4"
[1] "14400"
[1] "nac mutant S. flexneri, 4 h post infection"
[1] "4"
[1] "14400"
