[1] "normalized log10 ratios"
[1] "Halobacterium NRC-1, ura3 Knockout, sirR Knockout, Set A, 0.0mM Mn"
[1] NA
[1] "Halobacterium NRC-1, control"
[1] NA
[1] "Halobacterium NRC-1, ura3 Knockout, sirR Knockout, Set B, 0.0mM Mn"
[1] NA
[1] "Halobacterium NRC-1, control"
[1] NA
[1] "Halobacterium NRC-1, ura3 Knockout, sirR Knockout, Set A, 0.8mM Mn"
[1] NA
[1] "Halobacterium NRC-1, control"
[1] NA
[1] "Halobacterium NRC-1, ura3 Knockout, sirR Knockout, Set B, 0.8mM Mn"
[1] NA
[1] "Halobacterium NRC-1, control"
[1] NA
[1] "Halobacterium NRC-1, ura3 Knockout, sirR Knockout, Set A, 1.0mM Mn"
[1] NA
[1] "Halobacterium NRC-1, control"
[1] NA
[1] "Halobacterium NRC-1, ura3 Knockout, sirR Knockout, Set B, 1.0mM Mn"
[1] NA
[1] "Halobacterium NRC-1, control"
[1] NA
[1] "Halobacterium NRC-1, ura3 Knockout, sirR Knockout, Set A, 1.5mM Mn"
[1] NA
[1] "Halobacterium NRC-1, control"
[1] NA
[1] "Halobacterium NRC-1, ura3 Knockout, sirR Knockout, Set B, 1.5mM Mn"
[1] NA
[1] "Halobacterium NRC-1, control"
[1] NA
