[1] "RMA-normalized"
[1] "Escherichia coli O103:H25 in co-culture at OD=0.5"
[1] NA
[1] "Escherichia coli O103:H25 in co-culture at OD=0.5"
[1] NA
[1] "Escherichia coli O103:H25 in co-culture at OD=0.5"
[1] NA
[1] "Escherichia coli O103:H25 in co-culture after treatment with MMC"
[1] NA
[1] "Escherichia coli O103:H25 in co-culture after treatment with MMC"
[1] NA
[1] "Escherichia coli O103:H25 in co-culture after treatment with MMC"
[1] NA
[1] "Escherichia coli O103:H25 alone after treatment"
[1] NA
[1] "Escherichia coli O103:H25 alone after treatment"
[1] NA
[1] "Escherichia coli O103:H25 alone after treatment"
[1] NA
[1] "Escherichia coli O103:H25 in supernatant at OD=0.5"
[1] NA
[1] "Escherichia coli O103:H25 in supernatant at OD=0.5"
[1] NA
[1] "Escherichia coli O103:H25 in supernatant at OD=0.5"
[1] NA
[1] "Escherichia coli O103:H25 in supernatant after treatment with MMC"
[1] NA
[1] "Escherichia coli O103:H25 in supernatant after treatment with MMC"
[1] NA
[1] "Escherichia coli O103:H25 in supernatant after treatment with MMC"
[1] NA
[1] "Escherichia coli O103:H25 alone at OD=0.5"
[1] NA
[1] "Escherichia coli O103:H25 alone at OD=0.5"
[1] NA
[1] "Escherichia coli O103:H25 alone at OD=0.5"
[1] NA
[1] "Escherichia coli O103:H25 alone at OD=0.5"
[1] NA
[1] "Escherichia coli O103:H25 alone at OD=0.5"
[1] NA
[1] "Escherichia coli O103:H25 alone at OD=0.5"
[1] NA
[1] "Escherichia coli O103:H25 alone at OD=0.5"
[1] NA
[1] "Escherichia coli O103:H25 alone at OD=0.5"
[1] NA
[1] "Escherichia coli O103:H25 alone at OD=0.5"
[1] NA
[1] "Escherichia coli O103:H25 alone at OD=0.5"
[1] NA
[1] "Escherichia coli O103:H25 alone at OD=0.5"
[1] NA
[1] "Escherichia coli O103:H25 alone at OD=0.5"
[1] NA
