[1] "log of ch1 % of total / ch2 % of total"
[1] "IP 14028sRpoSlowhns- pWN441-pHNS-FLAG_antiHA"
[1] NA
[1] "IP 14028sRpoSlowhns- pWN441-pHNS-FLAG_antiHA"
[1] NA
[1] "IP 14028sRpoSlowhns- pWN441-pHNS-FLAG_antiHA"
[1] NA
[1] "IP 14028sRpoSlowhns- pWN442-pHNS-HA_antiHA"
[1] NA
[1] "IP 14028sRpoSlowhns- pWN442-pHNS-HA_antiHA"
[1] NA
[1] "IP 14028sRpoSlowhns- pWN442-pHNS-HA_antiHA"
[1] NA
[1] "14028s gDNA"
[1] NA
[1] "14028s gDNA"
[1] NA
[1] "14028s gDNA"
[1] NA
[1] "14028s gDNA"
[1] NA
[1] "14028s gDNA"
[1] NA
[1] "14028s gDNA"
[1] NA
