[1] "normalized signal intensity"
[1] "S. Typhimurium LT2 20h culture"
[1] "20"
[1] "72000"
[1] "S. Typhimurium LT2 20h culture"
[1] "20"
[1] "72000"
[1] "S. Typhimurium LT2 20h culture"
[1] "20"
[1] "72000"
[1] "S. Typhimurium LT2 20h culture stored at 11% ERH for 2h"
[1] "20"
[1] "72000"
[1] "S. Typhimurium LT2 20h culture stored at 11% ERH for 2h"
[1] "20"
[1] "72000"
[1] "S. Typhimurium LT2 20h culture stored at 11% ERH for 2h"
[1] "20"
[1] "72000"
[1] "S. Tennessee 20h culture"
[1] "20"
[1] "72000"
[1] "S. Tennessee 20h culture"
[1] "20"
[1] "72000"
[1] "S. Tennessee 20h culture"
[1] "20"
[1] "72000"
[1] "S. Tennessee 20h culture stored at 11% ERH for 2h"
[1] "20"
[1] "72000"
[1] "S. Tennessee 20h culture stored at 11% ERH for 2h"
[1] "20"
[1] "72000"
[1] "S. Tennessee 20h culture stored at 11% ERH for 2h"
[1] "20"
[1] "72000"
