[1] "RMA-normalized, averaged gene-level signal intensity (linear values)"
[1] "Escherichia coli MG1655 K-12 WT"
[1] NA
[1] "Escherichia coli MG1655 K-12 WT"
[1] NA
[1] "Escherichia coli MG1655 K-12 ∆fnr"
[1] NA
[1] "Escherichia coli MG1655 K-12 ∆fnr"
[1] NA
[1] "Escherichia coli MG1655 K-12 WT"
[1] NA
[1] "Escherichia coli MG1655 K-12 WT"
[1] NA
[1] "ArcA IP from WT Escherichia coli MG1655 K-12"
[1] NA
[1] "ArcA IP from WT Escherichia coli MG1655 K-12"
[1] NA
[1] "ArcA IP DNA from WT Escherichia coli MG1655 K-12"
[1] NA
[1] "∆arcA IP DNA from PK9416"
[1] NA
[1] "∆arcA IP DNA from PK9416"
[1] NA
[1] "Anaerobic Cultures"
[1] NA
[1] "Anaerobic Cultures"
[1] NA
