[1] "Log10 ratio (signal/background)"
[1] "Beluga, type E"
[1] NA
[1] "CDC41648, type E"
[1] NA
[1] "CDC42747, type E"
[1] NA
[1] "CDC42840, type E"
[1] NA
[1] "CDC47437, type E"
[1] NA
[1] "CDC5247, type E"
[1] NA
[1] "Alaska, type E"
[1] NA
[1] "CDC52256, type E"
[1] NA
[1] "CDC59470, type E"
[1] NA
[1] "CDC59471, type E"
[1] NA
[1] "CDC59498, type E"
[1] NA
[1] "CDC42861, type E"
[1] NA
[1] "CDC40329, type E"
[1] NA
[1] "VH, type E"
[1] NA
[1] "Minnesota, type E"
[1] NA
[1] "CDC66177, type E"
[1] NA
[1] "CDC38597, type B"
[1] NA
[1] "17B, type B"
[1] NA
[1] "CDC706, type B"
[1] NA
[1] "CDC30592, type B"
[1] NA
[1] "KA173, type F"
[1] NA
[1] "VPI7943, type F"
[1] NA
