[1] NA
[1] "Genomic DNA"
[1] NA
[1] "Genomic DNA"
[1] NA
[1] "Genomic DNA"
[1] NA
[1] "Genomic DNA"
[1] NA
[1] "Genomic DNA"
[1] NA
[1] "Genomic DNA"
[1] NA
[1] "Genomic DNA"
[1] NA
[1] "Genomic DNA"
[1] NA
[1] "Genomic DNA"
[1] NA
[1] "Genomic DNA"
[1] NA
[1] "Genomic DNA"
[1] NA
[1] "Genomic DNA"
[1] NA
[1] "Genomic DNA"
[1] NA
[1] "Genomic DNA"
[1] NA
[1] "Genomic DNA"
[1] NA
[1] "Genomic DNA"
[1] NA
[1] "Genomic DNA"
[1] NA
[1] "Genomic DNA"
[1] NA
[1] "Genomic DNA"
[1] NA
[1] "Genomic DNA"
[1] NA
[1] "Genomic DNA"
[1] NA
[1] "Genomic DNA"
[1] NA
[1] "Genomic DNA"
[1] NA
[1] "Genomic DNA"
[1] NA
[1] "Genomic DNA"
[1] NA
[1] "Genomic DNA"
[1] NA
[1] "Genomic DNA"
[1] NA
[1] "Genomic DNA"
[1] NA
[1] "Genomic DNA"
[1] NA
[1] "Genomic DNA"
[1] NA
[1] "Genomic DNA"
[1] NA
[1] "Genomic DNA"
[1] NA
[1] "Genomic DNA"
[1] NA
