[1] "Normalized signal intensity using Lowess method.  Values were expressed by Log (base 2)."
[1] "Caco-2 cell, STEC interaction"
[1] NA
[1] "Caco-2 cell, STEC interaction"
[1] NA
[1] "Caco-2 cell, STEC interaction"
[1] NA
[1] "Caco-2 cell, STEC interaction"
[1] NA
[1] "Caco-2 cell, control"
[1] NA
[1] "Caco-2 cell, control"
[1] NA
[1] "Caco-2 cell, control"
[1] NA
[1] "Caco-2 cell, control"
[1] NA
[1] "Caco-2 cell, STEC interaction"
[1] NA
[1] "Caco-2 cell, STEC interaction"
[1] NA
[1] "Caco-2 cell, STEC interaction"
[1] NA
[1] "Caco-2 cell, STEC interaction"
[1] NA
[1] "Caco-2 cell, control"
[1] NA
[1] "Caco-2 cell, control"
[1] NA
[1] "Caco-2 cell, control"
[1] NA
[1] "Caco-2 cell, control"
[1] NA
[1] "STEC EH41, conditioned medium"
[1] NA
[1] "STEC EH41, conditioned medium"
[1] NA
[1] "STEC EH41, conditioned medium"
[1] NA
[1] "STEC EH41, conditioned medium"
[1] NA
[1] "STEC EC472/01, conditioned medium"
[1] NA
[1] "STEC EC472/01, conditioned medium"
[1] NA
[1] "STEC EC472/01, conditioned medium"
[1] NA
[1] "STEC EC472/01, conditioned medium"
[1] NA
[1] "STEC EH41, fresh medium"
[1] NA
[1] "STEC EH41, fresh medium"
[1] NA
[1] "STEC EH41, fresh medium"
[1] NA
[1] "STEC EH41, fresh medium"
[1] NA
[1] "STEC EC472/01, fresh medium"
[1] NA
[1] "STEC EC472/01, fresh medium"
[1] NA
[1] "STEC EC472/01, fresh medium"
[1] NA
[1] "STEC EC472/01, fresh medium"
[1] NA
