Setting options('download.file.method.GEOquery'='auto')
Setting options('GEOquery.inmemory.gpl'=FALSE)
Loading required package: Biobase
Loading required package: BiocGenerics

Attaching package: 'BiocGenerics'

The following objects are masked from 'package:stats':

    IQR, mad, sd, var, xtabs

The following objects are masked from 'package:base':

    anyDuplicated, aperm, append, as.data.frame, basename, cbind,
    colnames, dirname, do.call, duplicated, eval, evalq, Filter, Find,
    get, grep, grepl, intersect, is.unsorted, lapply, Map, mapply,
    match, mget, order, paste, pmax, pmax.int, pmin, pmin.int,
    Position, rank, rbind, Reduce, rownames, sapply, setdiff, table,
    tapply, union, unique, unsplit, which.max, which.min

Welcome to Bioconductor

    Vignettes contain introductory material; view with
    'browseVignettes()'. To cite Bioconductor, see
    'citation("Biobase")', and for packages 'citation("pkgname")'.


Attaching package: 'fs'

The following object is masked from 'package:BiocGenerics':

    path

Using locally cached version of GSE44253 found here:
C:\Users\Rafael\repos\personal\geo_data_analysis\data/GSE44253/GSE44253.soft.gz 
Reading file....
Parsing....
Found 5 entities...
GPL18031 (1 of 6 entities)
GSM1121425 (2 of 6 entities)
GSM1121426 (3 of 6 entities)
GSM1129651 (4 of 6 entities)
GSM1129652 (5 of 6 entities)
trying URL 'https://ftp.ncbi.nlm.nih.gov/geo/series/GSE44nnn/GSE44253/suppl//GSE44253_24hpi_CtE_Hep2_MOI_1_rRNAdepvs1hpi_CtE_Hep2_MOI_1_rRNAdep.rpkm.fold.change.txt.gz?tool=geoquery'
Content type 'application/x-gzip' length 29681 bytes (28 KB)
==================================================
downloaded 28 KB

trying URL 'https://ftp.ncbi.nlm.nih.gov/geo/series/GSE44nnn/GSE44253/suppl//GSE44253_24hpi_CtE_Hep2_MOI_1_rRNApolyAdepvs1hpi_CtE_Hep2_MOI_1_rRNApolyAdep.rpkm.fold.change.txt.gz?tool=geoquery'
Content type 'application/x-gzip' length 29687 bytes (28 KB)
==================================================
downloaded 28 KB

trying URL 'https://ftp.ncbi.nlm.nih.gov/geo/series/GSE44nnn/GSE44253/suppl//GSE44253_24hpi_CtE_Hep2_MOI_1_rRNAdepvs1hpi_CtE_Hep2_MOI_1_rRNAdep.rpkm.fold.change.txt.gz?tool=geoquery'
Content type 'application/x-gzip' length 29681 bytes (28 KB)
==================================================
downloaded 28 KB

trying URL 'https://ftp.ncbi.nlm.nih.gov/geo/series/GSE44nnn/GSE44253/suppl//GSE44253_24hpi_CtE_Hep2_MOI_1_rRNApolyAdepvs1hpi_CtE_Hep2_MOI_1_rRNApolyAdep.rpkm.fold.change.txt.gz?tool=geoquery'
Content type 'application/x-gzip' length 29687 bytes (28 KB)
==================================================
downloaded 28 KB

trying URL 'https://ftp.ncbi.nlm.nih.gov/geo/series/GSE44nnn/GSE44253/suppl//GSE44253_24hpi_CtE_Hep2_MOI_1_rRNAdepvs1hpi_CtE_Hep2_MOI_1_rRNAdep.rpkm.fold.change.txt.gz?tool=geoquery'
Content type 'application/x-gzip' length 29681 bytes (28 KB)
==================================================
downloaded 28 KB

trying URL 'https://ftp.ncbi.nlm.nih.gov/geo/series/GSE44nnn/GSE44253/suppl//GSE44253_24hpi_CtE_Hep2_MOI_1_rRNApolyAdepvs1hpi_CtE_Hep2_MOI_1_rRNApolyAdep.rpkm.fold.change.txt.gz?tool=geoquery'
Content type 'application/x-gzip' length 29687 bytes (28 KB)
==================================================
downloaded 28 KB

trying URL 'https://ftp.ncbi.nlm.nih.gov/geo/series/GSE44nnn/GSE44253/suppl//GSE44253_24hpi_CtE_Hep2_MOI_1_rRNAdepvs1hpi_CtE_Hep2_MOI_1_rRNAdep.rpkm.fold.change.txt.gz?tool=geoquery'
Content type 'application/x-gzip' length 29681 bytes (28 KB)
==================================================
downloaded 28 KB

trying URL 'https://ftp.ncbi.nlm.nih.gov/geo/series/GSE44nnn/GSE44253/suppl//GSE44253_24hpi_CtE_Hep2_MOI_1_rRNApolyAdepvs1hpi_CtE_Hep2_MOI_1_rRNApolyAdep.rpkm.fold.change.txt.gz?tool=geoquery'
Content type 'application/x-gzip' length 29687 bytes (28 KB)
==================================================
downloaded 28 KB

Error: invalid sample names; likely not time series
Execution halted
