[1] "Log (base 2) of the ratio of the median of Channel 2 (usually 635 nm) to Channel 1 (usually 532 nm) [log (base 2) (RAT2N MEDIAN)].; Type: float; Scale: log_base_2"
[1] "WT (SH3208)  M9 + 0.2% Glycerol, 0.2% Tryptone at 30 C Mid Log"
[1] NA
[1] "Wild Type (N3433)  M9 + 0.2% Glycerol, 0.2% Tryptone at 30 C Mid Log"
[1] NA
[1] "Wild Type (K10)  M9 0.2% Glycerol 0.2% Tryptone 40 mM Suc. at 30 C Mid Log"
[1] NA
[1] "Wild Type (N3433)  in M9  0.2% Glycerol, 0.2% Tryptone at 30 C Mid Log"
[1] NA
[1] "Wild Type (N3433)  M9  0.2% Glycerol, 0.2% Tryptone at 30 C Mid Log"
[1] NA
[1] "Wild Type (K10)  M9 + 0.2% Glycerol, 0.2% Tryptone, 40 mM Suc. at 30 C Mid Log"
[1] NA
[1] "WT (SH3208)  M9 + 0.2% Glycerol, 0.2% Tryptone at 30 C Mid Log"
[1] NA
[1] "Wild Type (K10)  M9 + 0.2% Glycerol, 0.2% Tryptone, 40 mM Suc. at 30 C Mid Log"
[1] NA
[1] "Wild Type (K10)  M9 + 0.2% Glycerol, 0.2% Tryptone, 40 mM Suc. at 30 CMid Log"
[1] NA
[1] "Wild Type (N3433)  M9 + 0.2% Glycerol, 0.2% Tryptone at 30 C Mid Log"
[1] NA
[1] "Wild Type (N3433)  M9 + 0.2% Glycerol, 0.2% Tryptone at 30 C Mid Log"
[1] NA
[1] "Wild Type (N3433)  M9 + 0.2% Glycerol, 0.2% Tryptone at 30 C Mid Log"
[1] NA
[1] "Wild Type (N3433)  M9 + 0.2% Glycerol, 0.2% Tryptone at 30 C Mid Log"
[1] NA
[1] "WT (SH3208)  M9 + 0.2% Glycerol, 0.2% Tryptone at 30 C Mid Log"
[1] NA
[1] "WT (SH3208)  M9 + 0.2% Glycerol, 0.2% Tryptone at 30 C Mid Log"
[1] NA
[1] "Wild Type (N3433)  M9 + 0.2% Glycerol, 0.2% Tryptone at 30 C Mid Log"
[1] NA
[1] "Wild Type (N3433)  M9 + 0.2% Glycerol, 0.2% Tryptone at 30 C Mid Log"
[1] NA
[1] "WT (K10)  M9  0.2% Glycerol 0.2% Tryptone 40 mM Suc. at 30 C Mid Log"
[1] NA
[1] "WT (K10)  M9  0.2% Glycerol 0.2% Tryptone 40 mM Suc. at 30 C Mid Log"
[1] NA
[1] "WT (K10)  M9  0.2% Glycerol 0.2% Tryptone 40 mM Succinate at 30 C Mid Log"
[1] NA
[1] "WT (K10)  M9  0.2% Glycerol 0.2% Tryptone 40 mM Suc. at 30 C Mid Log"
[1] NA
[1] "WT (SH3208)  M9 + 0.2% Glycerol, 0.2% Tryptone at 30 C Mid Log"
[1] NA
[1] "RhlB- (SU02) in  M9 + 0.2% Glycerol, 0.2% Tryptone at 30 C Mid Log"
[1] NA
[1] "WT (SH3208)  M9 + 0.2% Glycerol, 0.2% Tryptone at 30 C Mid Log"
[1] NA
[1] "RhlB- (SU02) in  M9 + 0.2% Glycerol, 0.2% Tryptone at 30 C Mid Log"
[1] NA
[1] "WT (SH3208)  M9 + 0.2% Glycerol, 0.2% Tryptone at 30 C Mid Log"
[1] NA
[1] "RhlB- (SU02) in  M9 + 0.2% Glycerol, 0.2% Tryptone at 30 C Mid Log"
[1] NA
[1] "WT (SH3208)  M9 + 0.2% Glycerol, 0.2% Tryptone at 30 C Mid Log"
[1] NA
[1] "RhlB- (SU02) in  M9 + 0.2% Glycerol, 0.2% Tryptone at 30 C Mid Log"
[1] NA
[1] "WT (SH3208)  M9 + 0.2% Glycerol, 0.2% Tryptone at 30 C Mid Log"
[1] NA
[1] "RhlB- (SU02) in  M9 + 0.2% Glycerol, 0.2% Tryptone at 30 C Mid Log"
[1] NA
[1] "WT (SH3208) in M9 + 0.2% Glycerol, 0.2% Tryptone at 30 C Mid Log"
[1] NA
[1] "RhlB- (SU02) in  M9 + 0.2% Glycerol, 0.2% Tryptone at 30 C Mid Log"
[1] NA
[1] "WT (N3433)  M9 + 0.2% Glycerol, 0.2% Tryptone at 30 C Mid Log"
[1] NA
[1] "WT (N3433)  M9 + 0.2% Glycerol, 0.2% Tryptone at 30 C Mid Log"
[1] NA
[1] "WT (N3433)  M9 + 0.2% Glycerol, 0.2% Tryptone at 30 C Mid Log"
[1] NA
[1] "WT (N3433)  M9 + 0.2% Glycerol, 0.2% Tryptone at 30 C Mid Log"
[1] NA
[1] "WT (N3433)  M9 + 0.2% Glycerol, 0.2% Tryptone at 30 C Mid Log"
[1] NA
[1] "WT (N3433)  M9 + 0.2% Glycerol, 0.2% Tryptone at 30 C Mid Log"
[1] NA
[1] "RhlB- (SU02) in  M9 + 0.2% Glycerol, 0.2% Tryptone at 30 C Mid Log"
[1] NA
[1] "Pnp- (YHC012) in M9 + 0.2% Glycerol, 0.2% Tryptone at 30 C Mid Log"
[1] NA
[1] "RhlB- (SU02) in  M9 + 0.2% Glycerol, 0.2% Tryptone at 30 C Mid Log"
[1] NA
[1] "Pnp- (YHC012) in M9 + 0.2% Glycerol, 0.2% Tryptone at 30 C Mid Log"
[1] NA
[1] "RhlB- (SU02) in  M9 + 0.2% Glycerol, 0.2% Tryptone at 30 C Mid Log"
[1] NA
[1] "Pnp- (YHC012) in   M9 + 0.2% Glycerol, 0.2% Tryptone at 30 C Mid Log"
[1] NA
[1] "Pnp- (YHC012) in M9 + 0.2% Glycerol, 0.2% Tryptone at 30 C Mid Log"
[1] NA
[1] "Pnp- (YHC012) in   M9 + 0.2% Glycerol, 0.2% Tryptone at 30 C Mid Log"
[1] NA
[1] "N-RNaseE (BZ453) in  M9 + 0.2% Glycerol, 0.2% Tryptone at 30 C Mid Log"
[1] NA
[1] "N-RNaseE (BZ453) in   M9 + 0.2% Glycerol, 0.2% Tryptone at 30 C Mid Log"
[1] NA
[1] "Pnp- (YHC012) in  M9 + 0.2% Glycerol, 0.2% Tryptone at 30 C Mid Log"
[1] NA
[1] "WT (K10)  M9  0.2% Glycerol 0.2% Tryptone 40 mM Suc. at 30 C Mid Log"
[1] NA
[1] "WT (K10)  M9  0.2% Glycerol 0.2% Tryptone 40 mM Suc. at 30 C Mid Log"
[1] NA
[1] "Eno- (DF261)  in  M9  0.2% Glycerol 0.2% Tryptone 40 mM Suc. at 30 C Mid Log"
[1] NA
[1] "Eno- (DF261) in  M9  0.2% Glycerol  0.2% Tryptone 40 mM Suc. at 30 C Mid Log"
[1] NA
[1] "Eno- (DF261) in  M9  0.2% Glycerol 0.2% Tryptone 40 mM Suc. at 30 C Mid Log"
[1] NA
[1] "Eno- (DF261) in  M9  0.2% Glycerol 0.2% Tryptone 40 mM Suc. at 30 C Mid Log"
[1] NA
[1] "N-RNaseE (BZ453)  in  M9 + 0.2% Glycerol, 0.2% Tryptone at 30 C Mid Log"
[1] NA
[1] "Eno- (DF261) in  M9  0.2% Glycerol 0.2% Tryptone 40 mM Suc. at 30 C Mid Log"
[1] NA
[1] "N-RNaseE (BZ453)  in   M9 + 0.2% Glycerol, 0.2% Tryptone at 30 C Mid Log"
[1] NA
[1] "Eno- (DF261) in  M9  0.2% Glycerol 0.2% Tryptone 40 mM Suc. at 30 C Mid Log"
[1] NA
[1] "N-RNaseE (BZ453) in   M9 + 0.2% Glycerol, 0.2% Tryptone at 30 C Mid Log"
[1] NA
[1] "Eno- (DF261) in  M9  0.2% Glycerol 0.2% Tryptone 40 mM Suc. at 30 C Mid Log"
[1] NA
[1] "N-RNaseE (BZ453) in  M9 + 0.2% Glycerol, 0.2% Tryptone at 30 C Mid Log"
[1] NA
[1] "N-RNaseE (BZ453) in  M9 + 0.2% Glycerol, 0.2% Tryptone at 30 C Mid Log"
[1] NA
[1] "N-RNaseE (BZ453) in M9 + 0.2% Glycerol, 0.2% Tryptone at 30 C Mid Log"
[1] NA
[1] "N-RNaseE (BZ453) in  M9 + 0.2% Glycerol, 0.2% Tryptone at 30 C Mid Log"
[1] NA
[1] "N-RNaseE (BZ453) in   M9 + 0.2% Glycerol, 0.2% Tryptone at 30 C Mid Log"
[1] NA
[1] "N-RNaseE (BZ453) in M9 + 0.2% Glycerol, 0.2% Tryptone at 30 C Mid Log"
[1] NA
[1] "N-RNaseE (BZ453) in M9 + 0.2% Glycerol, 0.2% Tryptone at 30 C Mid Log"
[1] NA
[1] "RhlB- (SU02) in  M9 + 0.2% Glycerol, 0.2% Tryptone at 30 C Mid Log"
[1] NA
[1] "RhlB- (SU02) in  M9 + 0.2% Glycerol, 0.2% Tryptone at 30 C Mid Log"
[1] NA
[1] "RhlB- (SU02) in  M9 + 0.2% Glycerol, 0.2% Tryptone at 30 C Mid Log"
[1] NA
[1] "WT (N3433)  M9 + 0.2% Glycerol, 0.2% Tryptone at 30 C Mid Log"
[1] NA
[1] "WT (N3433)  M9 + 0.2% Glycerol, 0.2% Tryptone at 30 C Mid Log"
[1] NA
[1] "WT (N3433)  M9 + 0.2% Glycerol, 0.2% Tryptone at 30 C Mid Log"
[1] NA
[1] "WT (N3433)  M9 + 0.2% Glycerol, 0.2% Tryptone at 30 C Mid Log"
[1] NA
[1] "WT (N3433)  M9 + 0.2% Glycerol, 0.2% Tryptone at 30 C Mid Log"
[1] NA
[1] "WT (N3433)  M9 + 0.2% Glycerol, 0.2% Tryptone at 30 C Mid Log"
[1] NA
