[1] "Log base 10 of ratio F635 Median-B635 divided by F532 Median-B532"
[1] "F635 Median-B635"
[1] NA
[1] "F635 Median-B635"
[1] NA
[1] "F635 Median-B635"
[1] NA
[1] "F635 Median-B635"
[1] NA
[1] "F635 Median-B635"
[1] NA
[1] "F635 Median-B635"
[1] NA
[1] "F635 Median-B635"
[1] NA
[1] "F635 Median-B635"
[1] NA
[1] "F635 Median-B635"
[1] NA
[1] "F635 Median-B635"
[1] NA
[1] "F635 Median-B635"
[1] NA
[1] "F635 Median-B635"
[1] NA
[1] "F635 Median-B635"
[1] NA
[1] "F635 Median-B635"
[1] NA
[1] "F635 Median-B635"
[1] NA
[1] "F635 Median-B635"
[1] NA
[1] "F635 Median-B635"
[1] NA
[1] "F635 Median-B635"
[1] NA
[1] "F635 Median-B635"
[1] NA
[1] "F635 Median-B635"
[1] NA
[1] "F635 Median-B635"
[1] NA
[1] "F635 Median-B635"
[1] NA
[1] "F635 Median-B635"
[1] NA
[1] "F635 Median-B635"
[1] NA
[1] "F635 Median-B635"
[1] NA
[1] "F635 Median-B635"
[1] NA
[1] "F635 Median-B635"
[1] NA
[1] "F635 Median-B635"
[1] NA
[1] "F635 Median-B635"
[1] NA
[1] "F635 Median-B635"
[1] NA
[1] "F635 Median-B635"
[1] NA
[1] "F635 Median-B635"
[1] NA
