[1] "Ratio between the mean of the background corrected signal of triplicate probes and background fluorescence"
[1] "CRI"
[1] NA
[1] "CRI"
[1] NA
[1] "CRI"
[1] NA
[1] "CRI"
[1] NA
[1] "CRI"
[1] NA
[1] "CRI"
[1] NA
[1] "CRI"
[1] NA
[1] "CRI"
[1] NA
[1] "CRI"
[1] NA
[1] "NA"
[1] NA
[1] "NA"
[1] NA
[1] "Geneva"
[1] NA
[1] "Geneva"
[1] NA
[1] "Geneva"
[1] NA
[1] "Geneva"
[1] NA
[1] "Geneva"
[1] NA
[1] "Geneva"
[1] NA
[1] "Geneva"
[1] NA
[1] "Geneva"
[1] NA
[1] "LSPQ"
[1] NA
[1] "LSPQ"
[1] NA
[1] "LSPQ"
[1] NA
[1] "LSPQ"
[1] NA
[1] "LSPQ"
[1] NA
[1] "LSPQ"
[1] NA
[1] "LSPQ"
[1] NA
[1] "LSPQ"
[1] NA
[1] "LSPQ"
[1] NA
[1] "LSPQ"
[1] NA
[1] "LSPQ"
[1] NA
[1] "LSPQ"
[1] NA
[1] "LSPQ"
[1] NA
[1] "LSPQ"
[1] NA
[1] "LSPQ"
[1] NA
[1] "LSPQ"
[1] NA
[1] "LSPQ"
[1] NA
[1] "LSPQ"
[1] NA
[1] "LSPQ"
[1] NA
[1] "LSPQ"
[1] NA
[1] "LSPQ"
[1] NA
[1] "LSPQ"
[1] NA
[1] "LSPQ"
[1] NA
[1] "LSPQ"
[1] NA
[1] "LSPQ"
[1] NA
[1] "LSPQ"
[1] NA
[1] "LSPQ"
[1] NA
[1] "LSPQ"
[1] NA
[1] "LSPQ"
[1] NA
[1] "LSPQ"
[1] NA
[1] "LSPQ"
[1] NA
[1] "LSPQ"
[1] NA
[1] "LSPQ"
[1] NA
[1] "LSPQ"
[1] NA
[1] "LSPQ"
[1] NA
[1] "LSPQ"
[1] NA
[1] "LSPQ"
[1] NA
[1] "LSPQ"
[1] NA
[1] "LSPQ"
[1] NA
[1] "LSPQ"
[1] NA
[1] "LSPQ"
[1] NA
[1] "LSPQ"
[1] NA
[1] "LSPQ"
[1] NA
[1] "LSPQ"
[1] NA
[1] "LSPQ"
[1] NA
[1] "LSPQ"
[1] NA
[1] "LSPQ"
[1] NA
[1] "LSPQ"
[1] NA
[1] "LSPQ"
[1] NA
[1] "LSPQ"
[1] NA
[1] "LSPQ"
[1] NA
[1] "LSPQ"
[1] NA
[1] "LSPQ"
[1] NA
[1] "LSPQ"
[1] NA
[1] "LSPQ"
[1] NA
[1] "LSPQ"
[1] NA
[1] "LSPQ"
[1] NA
[1] "LSPQ"
[1] NA
[1] "LSPQ"
[1] NA
[1] "LSPQ"
[1] NA
[1] "LSPQ"
[1] NA
[1] "LSPQ"
[1] NA
[1] "LSPQ"
[1] NA
[1] "LSPQ"
[1] NA
[1] "LSPQ"
[1] NA
[1] "LSPQ"
[1] NA
[1] "LSPQ"
[1] NA
[1] "LSPQ"
[1] NA
[1] "LSPQ"
[1] NA
[1] "LSPQ"
[1] NA
[1] "LSPQ"
[1] NA
[1] "LSPQ"
[1] NA
[1] "LSPQ"
[1] NA
[1] "LSPQ"
[1] NA
[1] "LSPQ"
[1] NA
[1] "LSPQ"
[1] NA
[1] "LSPQ"
[1] NA
[1] "LSPQ"
[1] NA
[1] "LSPQ"
[1] NA
[1] "LSPQ"
[1] NA
[1] "LSPQ"
[1] NA
[1] "LSPQ"
[1] NA
[1] "LSPQ"
[1] NA
[1] "LSPQ"
[1] NA
[1] "LSPQ"
[1] NA
[1] "LSPQ"
[1] NA
[1] "LSPQ"
[1] NA
[1] "LSPQ"
[1] NA
[1] "LSPQ"
[1] NA
[1] "LSPQ"
[1] NA
[1] "LSPQ"
[1] NA
[1] "LSPQ"
[1] NA
[1] "LSPQ"
[1] NA
[1] "LSPQ"
[1] NA
[1] "LSPQ"
[1] NA
[1] "LSPQ"
[1] NA
[1] "LSPQ"
[1] NA
[1] "LSPQ"
[1] NA
[1] "LSPQ"
[1] NA
[1] "LSPQ"
[1] NA
[1] "LSPQ"
[1] NA
[1] "LSPQ"
[1] NA
[1] "LSPQ"
[1] NA
[1] "LSPQ"
[1] NA
[1] "LSPQ"
[1] NA
[1] "LSPQ"
[1] NA
[1] "LSPQ"
[1] NA
[1] "LSPQ"
[1] NA
[1] "LSPQ"
[1] NA
[1] "LSPQ"
[1] NA
[1] "LSPQ"
[1] NA
[1] "LSPQ"
[1] NA
[1] "LSPQ"
[1] NA
[1] "LSPQ"
[1] NA
[1] "LSPQ"
[1] NA
[1] "LSPQ"
[1] NA
[1] "LSPQ"
[1] NA
[1] "LSPQ"
[1] NA
[1] "LSPQ"
[1] NA
[1] "LSPQ"
[1] NA
[1] "LSPQ"
[1] NA
[1] "LSPQ"
[1] NA
[1] "LSPQ"
[1] NA
[1] "LSPQ"
[1] NA
[1] "LSPQ"
[1] NA
[1] "LSPQ"
[1] NA
[1] "LSPQ"
[1] NA
[1] "LSPQ"
[1] NA
[1] "LSPQ"
[1] NA
[1] "LSPQ"
[1] NA
[1] "LSPQ"
[1] NA
[1] "LSPQ"
[1] NA
[1] "Geneva"
[1] NA
[1] "Geneva"
[1] NA
[1] "Geneva"
[1] NA
[1] "Geneva"
[1] NA
[1] "Geneva"
[1] NA
[1] "Geneva"
[1] NA
[1] "Geneva"
[1] NA
[1] "Geneva"
[1] NA
[1] "Geneva"
[1] NA
[1] "Geneva"
[1] NA
[1] "Geneva"
[1] NA
[1] "CRI"
[1] NA
[1] "CRI"
[1] NA
[1] "CRI"
[1] NA
[1] "CRI"
[1] NA
[1] "CRI"
[1] NA
[1] "CRI"
[1] NA
