[1] "VERA/SAM normalized log10 ratio (test/reference); see also: Marzolf B, Deutsch EW, Moss P, Campbell D, Johnson MH, Galitski T. 2006. SBEAMS-Microarray: database software supporting genomic expression analyses for systems biology. BMC Bioinformatics. 7:286."
[1] "Halo  grown to mid-logarithmic phase (OD600 ~0.4 – 0.8) in MM2, washed and incubated in MM1 and harvested immediately."
[1] NA
[1] "Halo  grown to mid-logarithmic phase (OD600 ~0.4 – 0.8) in MM2, washed and incubated in MM1 and harvested at 5 min."
[1] "5"
[1] "18000"
[1] "Halo  grown to mid-logarithmic phase (OD600 ~0.4 – 0.8) in MM2, washed and incubated in MM1 and harvested at 10 min."
[1] "10"
[1] "36000"
[1] "Halo  grown to mid-logarithmic phase (OD600 ~0.4 – 0.8) in MM2, washed and incubated in MM1 and harvested 20 min."
[1] "20"
[1] "72000"
[1] "Halo  grown to mid-logarithmic phase (OD600 ~0.4 – 0.8) in MM2, washed and incubated in MM1 and harvested 40 min."
[1] "40"
[1] "144000"
[1] "Halo  grown to mid-logarithmic phase (OD600 ~0.4 – 0.8) in MM2, washed and incubated in MM1 and harvested 80 min."
[1] "80"
[1] "288000"
[1] "Halo  grown to mid-logarithmic phase (OD600 ~0.4 – 0.8) in MM2, washed and incubated in MM1 and harvested at 160 min."
[1] "160"
[1] "576000"
[1] "Halo  grown to mid-logarithmic phase (OD600 ~0.4 – 0.8) in MM2, washed and incubated in MM1 and harvested 320 min."
[1] "320"
[1] "1152000"
[1] "Halo  grown to mid-logarithmic phase (OD600 ~0.4 – 0.8) in MM2, washed and incubated in Dunaliella supernatant and harvested immediately."
[1] NA
[1] "Halo  grown to mid-logarithmic phase (OD600 ~0.4 – 0.8) in MM2, washed and incubated in Dunaliella supernatant and harvested at 5 min."
[1] "5"
[1] "18000"
[1] "Halo  grown to mid-logarithmic phase (OD600 ~0.4 – 0.8) in MM2, washed and incubated in Dunaliella supernatant and harvested at 10 min."
[1] "10"
[1] "36000"
[1] "Halo  grown to mid-logarithmic phase (OD600 ~0.4 – 0.8) in MM2, washed and incubated in Dunaliella supernatant and harvested 20 min."
[1] "20"
[1] "72000"
[1] "Halo  grown to mid-logarithmic phase (OD600 ~0.4 – 0.8) in MM2, washed and incubated in Dunaliella supernatant and harvested at 40 min."
[1] "40"
[1] "144000"
[1] "Halo  grown to mid-logarithmic phase (OD600 ~0.4 – 0.8) in MM2, washed and incubated in Dunaliella supernatant and harvested at 80 min."
[1] "80"
[1] "288000"
[1] "Halo  grown to mid-logarithmic phase (OD600 ~0.4 – 0.8) in MM2, washed and incubated in Dunaliella supernatant and harvested at 160 min."
[1] "160"
[1] "576000"
[1] "Halo  grown to mid-logarithmic phase (OD600 ~0.4 – 0.8) in MM2, washed and incubated in Dunaliella supernatant and harvested 320 min."
[1] "320"
[1] "1152000"
[1] "Halo  grown to mid-logarithmic phase (OD600 ~0.4 – 0.8) in MM2, washed and incubated in MM1 and harvested immediately. Replica"
[1] NA
[1] "Halo  grown to mid-logarithmic phase (OD600 ~0.4 – 0.8) in MM2, washed and incubated in MM1 and harvested at 5 min. Replica"
[1] "5"
[1] "18000"
[1] "Halo  grown to mid-logarithmic phase (OD600 ~0.4 – 0.8) in MM2, washed and incubated in MM1 and harvested at 10 min. Replica."
[1] "10"
[1] "36000"
[1] "Halo  grown to mid-logarithmic phase (OD600 ~0.4 – 0.8) in MM2, washed and incubated in MM1 and harvested 20 min. Replica"
[1] "20"
[1] "72000"
[1] "Halo  grown to mid-logarithmic phase (OD600 ~0.4 – 0.8) in MM2, washed and incubated in MM1 and harvested 40 min. Replica"
[1] "40"
[1] "144000"
[1] "Halo  grown to mid-logarithmic phase (OD600 ~0.4 – 0.8) in MM2, washed and incubated in MM1 and harvested 80 min. Replica"
[1] "80"
[1] "288000"
[1] "Halo  grown to mid-logarithmic phase (OD600 ~0.4 – 0.8) in MM2, washed and incubated in MM1 and harvested at 160 min. Replica"
[1] "160"
[1] "576000"
[1] "Halo  grown to mid-logarithmic phase (OD600 ~0.4 – 0.8) in MM2, washed and incubated in MM1 and harvested 320 min. Replica"
[1] "320"
[1] "1152000"
[1] "Halo  grown to mid-logarithmic phase (OD600 ~0.4 – 0.8) in MM2, washed and incubated in Dunaliella supernatant and harvested immediately. Replica"
[1] NA
[1] "Halo  grown to mid-logarithmic phase (OD600 ~0.4 – 0.8) in MM2, washed and incubated in Dunaliella supernatant and harvested at 5 min. Replica"
[1] "5"
[1] "18000"
[1] "Halo  grown to mid-logarithmic phase (OD600 ~0.4 – 0.8) in MM2, washed and incubated in Dunaliella supernatant and harvested at 10 min. Replica"
[1] "10"
[1] "36000"
[1] "Halo  grown to mid-logarithmic phase (OD600 ~0.4 – 0.8) in MM2, washed and incubated in Dunaliella supernatant and harvested at 20 min. Replica"
[1] "20"
[1] "72000"
[1] "Halo  grown to mid-logarithmic phase (OD600 ~0.4 – 0.8) in MM2, washed and incubated in Dunaliella supernatant and harvested at 40 min. Replica"
[1] "40"
[1] "144000"
[1] "Halo  grown to mid-logarithmic phase (OD600 ~0.4 – 0.8) in MM2, washed and incubated in Dunaliella supernatant and harvested at 80 min. Replica"
[1] "80"
[1] "288000"
[1] "Halo  grown to mid-logarithmic phase (OD600 ~0.4 – 0.8) in MM2, washed and incubated in Dunaliella supernatant and harvested at 160 min. Replica"
[1] "160"
[1] "576000"
[1] "Halo  grown to mid-logarithmic phase (OD600 ~0.4 – 0.8) in MM2, washed and incubated in Dunaliella supernatant and harvested 320 min. Replica"
[1] "320"
[1] "1152000"
 [1] "0"       "18000"   "54000"   "126000"  "270000"  "558000"  "1134000"
 [8] "0"       "18000"   "54000"   "126000"  "270000"  "558000"  "1134000"
[15] "0"       "18000"   "54000"   "126000"  "270000"  "558000"  "1134000"
[22] "0"       "18000"   "54000"   "126000"  "270000"  "558000"  "1134000"
 [1] "ID"                     "plate_384"              "row_384"               
 [4] "col_384"                "gene_name"              "ORF"                   
 [7] "operon_oligo_ID"        "SEQUENCE"               "melting_temperature"   
[10] "control_type"           "control_qualifier"      "date_obtained"         
[13] "clone_provider"         "feature_size"           "feature_attachment"    
[16] "stranded"               "spotting_concentration" "flag"                  
[1] "row_384"
