[1] "Ratio of Ch1 signal to Ch2 signal normalized to total signal in each channel"
[1] "Wild-type"
[1] NA
[1] "Wild-type"
[1] NA
[1] "Wild-type"
[1] NA
[1] "Wild-type"
[1] NA
[1] "Wild-type"
[1] NA
[1] "Wild-type"
[1] NA
[1] "Wild-type"
[1] NA
[1] "ftsY disruption"
[1] NA
[1] "ftsY disruption"
[1] NA
[1] "ftsY disruption"
[1] NA
[1] "ftsY disruption"
[1] NA
[1] "smc disruption"
[1] NA
[1] "smc disruption"
[1] NA
[1] "smc disruption"
[1] NA
[1] "smc disruption"
[1] NA
[1] "smc deletion"
[1] NA
[1] "smc deletion"
[1] NA
[1] "smc deletion"
[1] NA
[1] "smc deletion"
[1] NA
