[1] "MAS 5.0-calculated signal intensity"
[1] "Staphylococcus strain UAMS-155, exponential phase cells"
[1] NA
[1] "Staphylococcus strain UAMS-155, exponential phase cells"
[1] NA
[1] "Staphylococcus strain UAMS-155, post-exponential phase cells"
[1] NA
[1] "Staphylococcus strain UAMS-155, post-exponential phase cells"
[1] NA
[1] "Staphylococcus strain RN6390, exponential phase cells"
[1] NA
[1] "Staphylococcus strain RN6390, exponential phase cells"
[1] NA
[1] "Staphylococcus strain RN6390, post-exponential phase cells"
[1] NA
[1] "Staphylococcus strain RN6390, post-exponential phase cells"
[1] NA
[1] "Staphylococcus strain UAMS-929, exponential phase cells"
[1] NA
[1] "Staphylococcus strain UAMS-929, exponential phase cells"
[1] NA
[1] "Staphylococcus strain UAMS-929, post-exponential phase cells"
[1] NA
[1] "Staphylococcus strain UAMS-929, post-exponential phase cells"
[1] NA
[1] "Staphylococcus strain UAMS-1, exponential phase cells"
[1] NA
[1] "Staphylococcus strain UAMS-1, exponential phase cells"
[1] NA
[1] "Staphylococcus strain UAMS-1, post-exponential phase cells"
[1] NA
[1] "Staphylococcus strain UAMS-1, post-exponential phase cells"
[1] NA
