[1] NA
[1] "SABG C128"
[1] NA
[1] "SABG 1835"
[1] NA
[1] "N315"
[1] NA
[1] "SABG 340D"
[1] NA
[1] "SABG C348"
[1] NA
[1] "SABG 1057"
[1] NA
[1] "SABG 1096"
[1] NA
[1] "SABG 1150"
[1] NA
[1] "SABG 1165"
[1] NA
[1] "SABG 1750"
[1] NA
[1] "SABG 1769"
[1] NA
[1] "SABG 1213"
[1] NA
[1] "SABG C345D"
[1] NA
[1] "SABG 547"
[1] NA
[1] "SABG 1114"
[1] NA
[1] "SABG 1612"
[1] NA
[1] "SABG 1770"
[1] NA
[1] "SABG 2018"
[1] NA
[1] "SABG C93"
[1] NA
[1] "MRSA252"
[1] NA
[1] "UAMS-1"
[1] NA
[1] "SABG C341D"
[1] NA
[1] "SABG 149"
[1] NA
[1] "SABG 1176"
[1] NA
[1] "SABG 1214"
[1] NA
[1] "SABG 1233"
[1] NA
[1] "SABG 1242"
[1] NA
[1] "SABG 1267"
[1] NA
[1] "SABG 1500"
[1] NA
[1] "SABG 1605"
[1] NA
[1] "SABG 290"
[1] NA
[1] "SABG 1524"
[1] NA
