[1] "RMA-normalized, averaged gene-level signal intensity, quantile-normalized across all samples"
[1] "GLBRCE1, SynH, Exp"
[1] NA
[1] "GLBRCE1, SynH, Exp"
[1] NA
[1] "GLBRCE1, SynH, Exp"
[1] NA
[1] "GLBRCE1, SynH, Exp"
[1] NA
[1] "GLBRCE1, SynH, Trans"
[1] NA
[1] "GLBRCE1, SynH, Trans"
[1] NA
[1] "GLBRCE1, SynH, Trans"
[1] NA
[1] "GLBRCE1, SynH, Stat1"
[1] NA
[1] "GLBRCE1, SynH, Stat1"
[1] NA
[1] "GLBRCE1, SynH, Stat1"
[1] NA
[1] "GLBRCE1, SynH, Stat2"
[1] NA
[1] "GLBRCE1, SynH LT, Exp"
[1] NA
[1] "GLBRCE1, SynH LT, Exp"
[1] NA
[1] "GLBRCE1, SynH LT, Exp"
[1] NA
[1] "GLBRCE1, SynH LT, Trans"
[1] NA
[1] "GLBRCE1, SynH LT, Trans"
[1] NA
[1] "GLBRCE1, SynH LT, Trans"
[1] NA
[1] "GLBRCE1, SynH LT, Stat1"
[1] NA
[1] "GLBRCE1, SynH LT, Stat1"
[1] NA
[1] "GLBRCE1, SynH LT, Stat1"
[1] NA
[1] "GLBRCE1, SynH LT, Stat2"
[1] NA
[1] "GLBRCE1, SynH LT, Stat2"
[1] NA
[1] "GLBRCE1, SynH LT, Stat2"
[1] NA
[1] "GLBRCE1, ACSH, Exp"
[1] NA
[1] "GLBRCE1, ACSH, Exp"
[1] NA
[1] "GLBRCE1, ACSH, Exp"
[1] NA
[1] "GLBRCE1, ACSH, Trans"
[1] NA
[1] "GLBRCE1, ACSH, Trans"
[1] NA
[1] "GLBRCE1, ACSH, Trans"
[1] NA
[1] "GLBRCE1, ACSH, Trans"
[1] NA
[1] "GLBRCE1, ACSH, Stat1"
[1] NA
[1] "GLBRCE1, ACSH, Stat1"
[1] NA
[1] "GLBRCE1, ACSH, Stat1"
[1] NA
[1] "GLBRCE1, ACSH, Stat2"
[1] NA
[1] "GLBRCE1, ACSH, Stat2"
[1] NA
[1] "GLBRCE1, ACSH, Stat2"
[1] NA
[1] "Escherichia coli GLBRCE1"
[1] NA
[1] "Escherichia coli GLBRCE1"
[1] NA
[1] "Escherichia coli GLBRCE1"
[1] NA
[1] "Escherichia coli GLBRCE1 pBBR"
[1] NA
[1] "Escherichia coli GLBRCE1 pBBR"
[1] NA
[1] "Escherichia coli GLBRCE1 pBBR"
[1] NA
[1] "Escherichia coli GLBRCE1"
[1] NA
[1] "Escherichia coli GLBRCE1"
[1] NA
[1] "Escherichia coli GLBRCE1"
[1] NA
[1] "Escherichia coli GLBRCE1"
[1] NA
[1] "Escherichia coli GLBRCE1"
[1] NA
[1] "Escherichia coli GLBRCE1"
[1] NA
[1] "Escherichia coli GLBRCE1"
[1] NA
[1] "Escherichia coli GLBRCE1"
[1] NA
[1] "Escherichia coli GLBRCE1"
[1] NA
[1] "Escherichia coli GLBRCE1"
[1] NA
[1] "Escherichia coli GLBRCE1"
[1] NA
[1] "Escherichia coli GLBRCE1"
[1] NA
[1] "Escherichia coli GLBRCE1"
[1] NA
[1] "Escherichia coli GLBRCE1"
[1] NA
[1] "Escherichia coli GLBRCE1"
[1] NA
[1] "Escherichia coli GLBRCE1"
[1] NA
[1] "Escherichia coli GLBRCE1"
[1] NA
[1] "Escherichia coli GLBRCE1"
[1] NA
[1] "Escherichia coli GLBRCE1"
[1] NA
[1] "Escherichia coli GLBRCE1"
[1] NA
[1] "Escherichia coli GLBRCE1"
[1] NA
[1] "Escherichia coli GLBRCE1"
[1] NA
[1] "Escherichia coli GLBRCE1"
[1] NA
[1] "Escherichia coli GLBRCE1"
[1] NA
[1] "Escherichia coli GLBRCE1"
[1] NA
[1] "Escherichia coli GLBRCE1"
[1] NA
[1] "Escherichia coli GLBRCE1"
[1] NA
[1] "Escherichia coli GLBRCE1"
[1] NA
[1] "Escherichia coli GLBRCE1"
[1] NA
[1] "Escherichia coli GLBRCE1"
[1] NA
[1] "Escherichia coli GLBRCE1"
[1] NA
[1] "Escherichia coli GLBRCE1"
[1] NA
[1] "Escherichia coli GLBRCE1"
[1] NA
[1] "Escherichia coli GLBRCE1"
[1] NA
[1] "Escherichia coli GLBRCE1"
[1] NA
[1] "Escherichia coli GLBRCE1"
[1] NA
[1] "Escherichia coli GLBRCE1"
[1] NA
[1] "Escherichia coli GLBRCE1"
[1] NA
[1] "Escherichia coli GLBRCE1"
[1] NA
[1] "Escherichia coli GLBRCE1"
[1] NA
[1] "Escherichia coli GLBRCE1"
[1] NA
[1] "Escherichia coli GLBRCE1"
[1] NA
[1] "Escherichia coli GLBRCE1"
[1] NA
[1] "Escherichia coli GLBRCE1"
[1] NA
[1] "Escherichia coli GLBRCE1"
[1] NA
[1] "Escherichia coli GLBRCE1"
[1] NA
[1] "Escherichia coli GLBRCE1"
[1] NA
[1] "Escherichia coli GLBRCE1"
[1] NA
[1] "Escherichia coli GLBRCE1"
[1] NA
[1] "Escherichia coli GLBRCE1"
[1] NA
[1] "Escherichia coli GLBRCE1"
[1] NA
[1] "Escherichia coli GLBRCE1"
[1] NA
[1] "Escherichia coli GLBRCE1"
[1] NA
[1] "Escherichia coli GLBRCE1"
[1] NA
[1] "Escherichia coli GLBRCE1"
[1] NA
[1] "Escherichia coli GLBRCE1"
[1] NA
[1] "Escherichia coli GLBRCE1"
[1] NA
[1] "Escherichia coli GLBRCE1"
[1] NA
[1] "Escherichia coli GLBRCE1"
[1] NA
[1] "Escherichia coli GLBRCE1"
[1] NA
[1] "Escherichia coli GLBRCE1"
[1] NA
[1] "Escherichia coli GLBRCE1"
[1] NA
[1] "Escherichia coli GLBRCE1"
[1] NA
[1] "Escherichia coli GLBRCE1"
[1] NA
[1] "Escherichia coli GLBRCE1"
[1] NA
[1] "Escherichia coli GLBRCE1"
[1] NA
[1] "Escherichia coli GLBRCE1"
[1] NA
[1] "Escherichia coli GLBRCE1"
[1] NA
[1] "Escherichia coli GLBRCE1"
[1] NA
[1] "Escherichia coli GLBRCE1"
[1] NA
[1] "Escherichia coli GLBRCE1"
[1] NA
[1] "Escherichia coli GLBRCE1"
[1] NA
[1] "Escherichia coli GLBRCE1"
[1] NA
[1] "Escherichia coli GLBRCE1"
[1] NA
[1] "Escherichia coli GLBRCE1"
[1] NA
[1] "Escherichia coli GLBRCE1"
[1] NA
[1] "Escherichia coli GLBRCE1"
[1] NA
[1] "Escherichia coli GLBRCE1"
[1] NA
[1] "Escherichia coli GLBRCE1"
[1] NA
[1] "Escherichia coli GLBRCE1"
[1] NA
[1] "Escherichia coli GLBRCE1"
[1] NA
