[1] "Values in the data table represent RMA-normalized log2 expression"
[1] "Untreated WT E coli cells at 60 min"
[1] "60"
[1] "3600"
[1] "Untreated WT E coli cells at 60 min"
[1] "60"
[1] "3600"
[1] "Untreated WT E coli cells at 60 min"
[1] "60"
[1] "3600"
[1] "Amp treated WT E coli cells at 60 min"
[1] "60"
[1] "3600"
[1] "Amp treated WT E coli cells at 60 min"
[1] "60"
[1] "3600"
[1] "Amp treated WT E coli cells at 60 min"
[1] "60"
[1] "3600"
[1] "Gent treated WT E coli cells at 60 min"
[1] "60"
[1] "3600"
[1] "Gent treated WT E coli cells at 60 min"
[1] "60"
[1] "3600"
[1] "Gent treated WT E coli cells at 60 min"
[1] "60"
[1] "3600"
[1] "Kan treated WT E coli cells at 60 min"
[1] "60"
[1] "3600"
[1] "Kan treated WT E coli cells at 60 min"
[1] "60"
[1] "3600"
[1] "Kan treated WT E coli cells at 60 min"
[1] "60"
[1] "3600"
[1] "Nor treated WT E coli cells at 60 min"
[1] "60"
[1] "3600"
[1] "Nor treated WT E coli cells at 60 min"
[1] "60"
[1] "3600"
[1] "Nor treated WT E coli cells at 60 min"
[1] "60"
[1] "3600"
[1] "H2O2 treated WT E coli cells at 60 min"
[1] "60"
[1] "3600"
[1] "H2O2 treated WT E coli cells at 60 min"
[1] "60"
[1] "3600"
[1] "H2O2 treated WT E coli cells at 60 min"
[1] "60"
[1] "3600"
[1] "Untreated ∆fur E coli cells at 60 min"
[1] "60"
[1] "3600"
[1] "Untreated ∆fur E coli cells at 60 min"
[1] "60"
[1] "3600"
[1] "Untreated ∆fur E coli cells at 60 min"
[1] "60"
[1] "3600"
[1] "Gent treated ∆fur E coli cells at 60 min"
[1] "60"
[1] "3600"
[1] "Gent treated ∆fur E coli cells at 60 min"
[1] "60"
[1] "3600"
[1] "Gent treated ∆fur E coli cells at 60 min"
[1] "60"
[1] "3600"
[1] "Untreated Hpx- E coli cells at 60 min"
[1] "60"
[1] "3600"
[1] "Untreated Hpx- E coli cells at 60 min"
[1] "60"
[1] "3600"
[1] "Untreated Hpx- E coli cells at 60 min"
[1] "60"
[1] "3600"
