[1] "normalized log10 ratio (test/control)"
[1] "Batch anaerobically grown cultures in hemA defined medium, prior to CORM-3 addition"
[1] NA
[1] "Batch anaerobically grown cultures in hemA defined medium, prior to CORM-3 addition"
[1] NA
[1] "Batch anaerobically grown cultures in hemA defined medium, prior to CORM-3 addition"
[1] NA
[1] "Batch anaerobically grown cultures in hemA defined medium, prior to CORM-3 addition"
[1] NA
[1] "Batch anaerobically grown cultures in hemA defined medium, prior to CORM-3 addition"
[1] NA
[1] "Batch anaerobically grown cultures in hemA defined medium, prior to CORM-3 addition"
[1] NA
[1] "Batch anaerobically grown cultures in hemA defined medium, prior to CORM-3 addition"
[1] NA
[1] "Batch anaerobically grown cultures in hemA defined medium, prior to CORM-3 addition"
[1] NA
[1] "Batch anaerobically grown cultures in hemA defined medium, prior to CORM-3 addition"
[1] NA
[1] "Batch anaerobically grown cultures in hemA defined medium, prior to CORM-3 addition"
[1] NA
[1] "Batch anaerobically grown cultures in hemA defined medium, prior to CORM-3 addition"
[1] NA
[1] "Batch anaerobically grown cultures in hemA defined medium, prior to CORM-3 addition"
[1] NA
[1] "Batch anaerobically grown cultures in hemA defined medium, prior to CORM-3 addition"
[1] NA
[1] "Batch anaerobically grown cultures in hemA defined medium, prior to CORM-3 addition"
[1] NA
[1] "Batch anaerobically grown cultures in hemA defined medium, prior to CORM-3 addition"
[1] NA
[1] "Batch anaerobically grown cultures in hemA defined medium, prior to CORM-3 addition"
[1] NA
[1] "Batch anaerobically grown cultures in hemA defined medium, prior to CORM-3 addition"
[1] NA
[1] "Batch anaerobically grown cultures in hemA defined medium, prior to CORM-3 addition"
[1] NA
[1] "Batch anaerobically grown cultures in hemA defined medium, prior to CORM-3 addition"
[1] NA
[1] "Batch anaerobically grown cultures in hemA defined medium, prior to CORM-3 addition"
[1] NA
[1] "Batch anaerobically grown cultures in hemA defined medium, prior to CORM-3 addition"
[1] NA
[1] "Batch anaerobically grown cultures in hemA defined medium, prior to CORM-3 addition"
[1] NA
[1] "Batch anaerobically grown cultures in hemA defined medium, prior to CORM-3 addition"
[1] NA
[1] "Batch anaerobically grown cultures in hemA defined medium, prior to CORM-3 addition"
[1] NA
[1] "Batch anaerobically grown cultures in hemA defined medium, prior to CORM-3 addition"
[1] NA
[1] "Batch anaerobically grown cultures in hemA defined medium, prior to CORM-3 addition"
[1] NA
[1] "Batch anaerobically grown cultures in hemA defined medium, prior to CORM-3 addition"
[1] NA
[1] "Batch anaerobically grown cultures in hemA defined medium, prior to CORM-3 addition"
[1] NA
[1] "Batch anaerobically grown cultures in hemA defined medium, prior to CORM-3 addition"
[1] NA
[1] "Batch anaerobically grown cultures in hemA defined medium, prior to CORM-3 addition"
[1] NA
[1] "Batch anaerobically grown cultures in hemA defined medium, prior to CORM-3 addition"
[1] NA
[1] "Batch anaerobically grown cultures in hemA defined medium, prior to CORM-3 addition"
[1] NA
[1] "Batch anaerobically grown cultures in hemA defined medium, prior to CORM-3 addition"
[1] NA
[1] "Batch anaerobically grown cultures in hemA defined medium, prior to CORM-3 addition"
[1] NA
[1] "Batch anaerobically grown cultures in hemA defined medium, prior to CORM-3 addition"
[1] NA
[1] "Batch anaerobically grown cultures in hemA defined medium, prior to CORM-3 addition"
[1] NA
[1] "Batch anaerobically grown cultures in hemA defined medium, prior to CORM-3 addition"
[1] NA
[1] "Batch anaerobically grown cultures in hemA defined medium, prior to CORM-3 addition"
[1] NA
[1] "Batch anaerobically grown cultures in hemA defined medium, prior to CORM-3 addition"
[1] NA
[1] "Batch anaerobically grown cultures in hemA defined medium, prior to CORM-3 addition"
[1] NA
[1] "Batch anaerobically grown cultures in hemA defined medium, prior to iCORM-3 addition"
[1] NA
[1] "Batch anaerobically grown cultures in hemA defined medium, prior to iCORM-3 addition"
[1] NA
[1] "Batch anaerobically grown cultures in hemA defined medium, prior to iCORM-3 addition"
[1] NA
[1] "Batch anaerobically grown cultures in hemA defined medium, prior to iCORM-3 addition"
[1] NA
[1] "Batch anaerobically grown cultures in hemA defined medium, prior to iCORM-3 addition"
[1] NA
[1] "Batch anaerobically grown cultures in hemA defined medium, prior to iCORM-3 addition"
[1] NA
[1] "Batch anaerobically grown cultures in hemA defined medium, prior to iCORM-3 addition"
[1] NA
[1] "Batch anaerobically grown cultures in hemA defined medium, prior to iCORM-3 addition"
[1] NA
[1] "Batch anaerobically grown cultures in hemA defined medium, prior to iCORM-3 addition"
[1] NA
[1] "Batch anaerobically grown cultures in hemA defined medium, prior to iCORM-3 addition"
[1] NA
[1] "Batch anaerobically grown cultures in hemA defined medium, prior to iCORM-3 addition"
[1] NA
[1] "Batch anaerobically grown cultures in hemA defined medium, prior to iCORM-3 addition"
[1] NA
[1] "Batch anaerobically grown cultures in hemA defined medium, prior to iCORM-3 addition"
[1] NA
[1] "Batch anaerobically grown cultures in hemA defined medium, prior to iCORM-3 addition"
[1] NA
[1] "Batch anaerobically grown cultures in hemA defined medium, prior to iCORM-3 addition"
[1] NA
[1] "Batch anaerobically grown cultures in hemA defined medium, prior to iCORM-3 addition"
[1] NA
[1] "Batch anaerobically grown cultures in hemA defined medium, prior to iCORM-3 addition"
[1] NA
[1] "Batch anaerobically grown cultures in hemA defined medium, prior to iCORM-3 addition"
[1] NA
[1] "Batch anaerobically grown cultures in hemA defined medium, prior to iCORM-3 addition"
[1] NA
[1] "Batch anaerobically grown cultures in hemA defined medium, prior to iCORM-3 addition"
[1] NA
[1] "Batch anaerobically grown cultures in hemA defined medium, prior to CORM-3 addition (t=0)"
[1] NA
[1] "Batch anaerobically grown cultures in hemA defined medium, prior to CORM-3 addition (t=0)"
[1] NA
[1] "Batch anaerobically grown cultures in hemA defined medium, prior to CORM-3 addition (t=0)"
[1] NA
[1] "Batch anaerobically grown cultures in hemA defined medium, prior to CORM-3 addition (t=0)"
[1] NA
