[1] "log2 IP/mock-IP ratio of individual probes"
[1] "E. Coli ArcA ChIP DNA anaerobic"
[1] NA
[1] "E. Coli ArcA ChIP DNA anaerobic"
[1] NA
[1] "E. Coli ArcA ChIP DNA anaerobic"
[1] NA
[1] "E. Coli ArcA ChIP DNA NO3"
[1] NA
[1] "E. Coli ArcA ChIP DNA NO3"
[1] NA
[1] "E. Coli ArcA ChIP DNA NO3"
[1] NA
[1] "E. Coli Fnr ChIP DNA anaerobic"
[1] NA
[1] "E. Coli Fnr ChIP DNA anaerobic"
[1] NA
[1] "E. Coli Fnr ChIP DNA anaerobic"
[1] NA
[1] "E. Coli Fnr ChIP DNA NO3"
[1] NA
[1] "E. Coli Fnr ChIP DNA NO3"
[1] NA
[1] "E. Coli Fnr ChIP DNA NO3"
[1] NA
