[1] NA
[1] "PA14 exponential growth (PA14_e)"
[1] NA
[1] "PA14 exponential growth (PA14_e)"
[1] NA
[1] "PA14 stationary growth (PA14_s)"
[1] NA
[1] "PA14 stationary growth (PA14_s)"
[1] NA
[1] "WT murine tumor cells (PA14_t)"
[1] NA
[1] "WT murine tumor cells (PA14_t)"
[1] NA
[1] "pqsA exponential growth (pqsA_e)"
[1] NA
[1] "pqsA exponential growth (pqsA_e)"
[1] NA
[1] "pqsA stationary growth (pqsA_s)"
[1] NA
[1] "pqsA stationary growth (pqsA_s)"
[1] NA
[1] "pqsA murine tumor cells  (pqsA_t)"
[1] NA
[1] "pqsA murine tumor cells  (pqsA_t)"
[1] NA
