[1] NA
[1] "PA14 AlgU_empty_vector"
[1] NA
[1] "PA14 AlgU_empty_vector"
[1] NA
[1] "PA14 AlgU_knockout_mutant"
[1] NA
[1] "PA14 AlgU_knockout_mutant"
[1] NA
[1] "PA14 AlgU_overexpressed"
[1] NA
[1] "PA14 AlgU_overexpressed"
[1] NA
[1] "PA14 AlgU_wildtype"
[1] NA
[1] "PA14 AlgU_wildtype"
[1] NA
[1] "PA14 FecI_empty_vector"
[1] NA
[1] "PA14 FecI_knockout_mutant"
[1] NA
[1] "PA14 FecI_knockout_mutant"
[1] NA
[1] "PA14 FecI_overexpressed"
[1] NA
[1] "PA14 FecI_overexpressed"
[1] NA
[1] "PA14 FecI2_empty_vector"
[1] NA
[1] "PA14 FecI2_overexpressed"
[1] NA
[1] "PA14 FecI2_overexpressed"
[1] NA
[1] "PA14 FecI2_wildtype"
[1] NA
[1] "PA14 FliA_empty_vector"
[1] NA
[1] "PA14 FliA_empty_vector"
[1] NA
[1] "PA14 FliA_knockout_mutant"
[1] NA
[1] "PA14 FliA_knockout_mutant"
[1] NA
[1] "PA14 FliA_overexpressed"
[1] NA
[1] "PA14 FliA_overexpressed"
[1] NA
[1] "PA14 FliA_wildtype"
[1] NA
[1] "PA14 FliA_wildtype"
[1] NA
[1] "PA14 FpvI_empty_vector"
[1] NA
[1] "PA14 FpvI_knockout_mutant"
[1] NA
[1] "PA14 FpvI_knockout_mutant"
[1] NA
[1] "PA14 FpvI_overexpressed"
[1] NA
[1] "PA14 FpvI_overexpressed"
[1] NA
[1] "PA14 FpvI_wildtype"
[1] NA
[1] "PA14 PvdS_empty_vector"
[1] NA
[1] "PA14 PvdS_knockout_mutant"
[1] NA
[1] "PA14 PvdS_knockout_mutant"
[1] NA
[1] "PA14 PvdS_overexpressed"
[1] NA
[1] "PA14 PvdS_overexpressed"
[1] NA
[1] "PA14 PvdS_wildtype"
[1] NA
[1] "PA14 RpoH_empty_vector"
[1] NA
[1] "PA14 RpoH_empty_vector"
[1] NA
[1] "PA14 RpoH_overexpressed"
[1] NA
[1] "PA14 RpoH_overexpressed"
[1] NA
[1] "PA14 RpoN_empty_vector"
[1] NA
[1] "PA14 RpoN_empty_vector"
[1] NA
[1] "PA14 RpoN_knockout_mutant_nitrogen_starvation"
[1] NA
[1] "PA14 RpoN_knockout_mutant_nitrogen_starvation"
[1] NA
[1] "PA14 RpoN_knockout_mutant"
[1] NA
[1] "PA14 RpoN_knockout_mutant"
[1] NA
[1] "PA14 RpoN_overexpressed"
[1] NA
[1] "PA14 RpoN_overexpressed"
[1] NA
[1] "PA14 RpoN_wildtype_nitrogen_starvation"
[1] NA
[1] "PA14 RpoN_wildtype_nitrogen_starvation"
[1] NA
[1] "PA14 RpoN_wildtype"
[1] NA
[1] "PA14 RpoS_empty_vector"
[1] NA
[1] "PA14 RpoS_knockout_mutant"
[1] NA
[1] "PA14 RpoS_knockout_mutant"
[1] NA
[1] "PA14 RpoS_overexpressed"
[1] NA
[1] "PA14 RpoS_overexpressed"
[1] NA
[1] "PA14 RpoS_wildtype"
[1] NA
[1] "PA14 RpoS_wildtype"
[1] NA
[1] "PA14 SigX_empty_vector"
[1] NA
[1] "PA14 SigX_empty_vector"
[1] NA
[1] "PA14 SigX_knockout_mutant"
[1] NA
[1] "PA14 SigX_knockout_mutant"
[1] NA
[1] "PA14 SigX_knockout_mutant_new"
[1] NA
[1] "PA14 SigX_knockout_mutant_new"
[1] NA
[1] "PA14 SigX_overexpressed"
[1] NA
[1] "PA14 SigX_overexpressed"
[1] NA
[1] "PA14 SigX_wildtype"
[1] NA
[1] "PA14 SigX_wildtype"
[1] NA
[1] "PA14 SigX_wildtype"
[1] NA
