[1] "log10 (average of triplicate 635 nm signal intensity/average signal intensity for all empty spots on array)"
[1] "Liver paste"
[1] NA
[1] "unknown"
[1] NA
[1] "crab"
[1] NA
[1] "pasteurized crab"
[1] NA
[1] "unknown"
[1] NA
[1] "crab"
[1] NA
[1] "honey"
[1] NA
[1] "dust"
[1] NA
[1] "dust"
[1] NA
[1] "chamomile"
[1] NA
[1] "anchovies"
[1] NA
[1] "soil"
[1] NA
[1] "soil"
[1] NA
[1] "soil"
[1] NA
[1] "soil"
[1] NA
[1] "soil"
[1] NA
[1] "soil"
[1] NA
[1] "stool"
[1] NA
[1] "soil"
[1] NA
[1] "soil"
[1] NA
[1] "stool"
[1] NA
[1] "soil"
[1] NA
