[1] "Lowess and quantile normalized log2(timepoint/background pool). Reported is the average of 4 separate probes per gene."
[1] "rpaA- strain, LL, 24 h"
[1] "24"
[1] "86400"
[1] "rpaA- strain, LL, 28 h"
[1] "28"
[1] "100800"
[1] "rpaA- strain, LL, 32 h"
[1] "32"
[1] "115200"
[1] "rpaA- strain, LL, 36 h"
[1] "36"
[1] "129600"
[1] "rpaA- strain, LL, 40 h"
[1] "40"
[1] "144000"
[1] "rpaA- strain, LL, 44 h"
[1] "44"
[1] "158400"
[1] "rpaA- strain, LL, 48 h"
[1] "48"
[1] "172800"
[1] "rpaA- strain, LL, 52 h"
[1] "52"
[1] "187200"
[1] "rpaA- strain, LL, 56 h"
[1] "56"
[1] "201600"
[1] "rpaA- strain, LL, 60 h"
[1] "60"
[1] "216000"
[1] "rpaA- strain, LL, 64 h"
[1] "64"
[1] "230400"
[1] "rpaA- strain, LL, 68 h"
[1] "68"
[1] "244800"
[1] "rpaA- strain, LL, 72 h"
[1] "72"
[1] "259200"
[1] "rpaA- strain, 20 h pool in LL"
[1] "20"
[1] "72000"
[1] "wild-type strain, 20 h pool in LL"
[1] "20"
[1] "72000"
[1] "ΔrpaA clock rescue, 24 h, replicate 1"
[1] "24"
[1] "86400"
[1] "ΔrpaA clock rescue, 28 h, replicate 1"
[1] "28"
[1] "100800"
[1] "ΔrpaA clock rescue, 32 h, replicate 1"
[1] "32"
[1] "115200"
[1] "ΔrpaA clock rescue, 36 h, replicate 1"
[1] "36"
[1] "129600"
[1] "ΔrpaA clock rescue, 40 h, replicate 1"
[1] "40"
[1] "144000"
[1] "ΔrpaA clock rescue, 44 h, replicate 1"
[1] "44"
[1] "158400"
[1] "ΔrpaA clock rescue, 48 h, replicate 1"
[1] "48"
[1] "172800"
[1] "ΔrpaA clock rescue, 52 h, replicate 1"
[1] "52"
[1] "187200"
[1] "ΔrpaA clock rescue, 56 h, replicate 1"
[1] "56"
[1] "201600"
[1] "ΔrpaA clock rescue, 60 h, replicate 1"
[1] "60"
[1] "216000"
[1] "ΔrpaA clock rescue, 64 h, replicate 1"
[1] "64"
[1] "230400"
[1] "ΔrpaA clock rescue, 68 h, replicate 1"
[1] "68"
[1] "244800"
[1] "ΔrpaA clock rescue, 24 h, replicate 2"
[1] "24"
[1] "86400"
[1] "ΔrpaA clock rescue, 28 h, replicate 2"
[1] "28"
[1] "100800"
[1] "ΔrpaA clock rescue, 32 h, replicate 2"
[1] "32"
[1] "115200"
[1] "ΔrpaA clock rescue, 36 h, replicate 2"
[1] "36"
[1] "129600"
[1] "ΔrpaA clock rescue, 40 h, replicate 2"
[1] "40"
[1] "144000"
[1] "ΔrpaA clock rescue, 44 h, replicate 2"
[1] "44"
[1] "158400"
[1] "ΔrpaA clock rescue, 48 h, replicate 2"
[1] "48"
[1] "172800"
[1] "ΔrpaA clock rescue, 52 h, replicate 2"
[1] "52"
[1] "187200"
[1] "ΔrpaA clock rescue, 56 h, replicate 2"
[1] "56"
[1] "201600"
[1] "ΔrpaA clock rescue, 60 h, replicate 2"
[1] "60"
[1] "216000"
[1] "ΔrpaA clock rescue, 64 h, replicate 2"
[1] "64"
[1] "230400"
[1] "ΔrpaA clock rescue, 68 h, replicate 2"
[1] "68"
[1] "244800"
[1] "control clock rescue, 24 h, replicate 1"
[1] "24"
[1] "86400"
[1] "control clock rescue, 28 h, replicate 1"
[1] "28"
[1] "100800"
[1] "control clock rescue, 32 h, replicate 1"
[1] "32"
[1] "115200"
[1] "control clock rescue, 36 h, replicate 1"
[1] "36"
[1] "129600"
[1] "control clock rescue, 40 h, replicate 1"
[1] "40"
[1] "144000"
[1] "control clock rescue, 44 h, replicate 1"
[1] "44"
[1] "158400"
[1] "control clock rescue, 48 h, replicate 1"
[1] "48"
[1] "172800"
[1] "control clock rescue, 52 h, replicate 1"
[1] "52"
[1] "187200"
[1] "control clock rescue, 56 h, replicate 1"
[1] "56"
[1] "201600"
[1] "control clock rescue, 60 h, replicate 1"
[1] "60"
[1] "216000"
[1] "control clock rescue, 64 h, replicate 1"
[1] "64"
[1] "230400"
[1] "control clock rescue, 68 h, replicate 1"
[1] "68"
[1] "244800"
[1] "control clock rescue, 24 h, replicate 2"
[1] "24"
[1] "86400"
[1] "control clock rescue, 28 h, replicate 2"
[1] "28"
[1] "100800"
[1] "control clock rescue, 32 h, replicate 2"
[1] "32"
[1] "115200"
[1] "control clock rescue, 36 h, replicate 2"
[1] "36"
[1] "129600"
[1] "control clock rescue, 40 h, replicate 2"
[1] "40"
[1] "144000"
[1] "control clock rescue, 44 h, replicate 2"
[1] "44"
[1] "158400"
[1] "control clock rescue, 48 h, replicate 2"
[1] "48"
[1] "172800"
[1] "control clock rescue, 52 h, replicate 2"
[1] "52"
[1] "187200"
[1] "control clock rescue, 56 h, replicate 2"
[1] "56"
[1] "201600"
[1] "control clock rescue, 60 h, replicate 2"
[1] "60"
[1] "216000"
[1] "control clock rescue, 64 h, replicate 2"
[1] "64"
[1] "230400"
[1] "control clock rescue, 68 h, replicate 2"
[1] "68"
[1] "244800"
[1] "Strain AMC408, LL, ZT 24 h"
[1] "24"
[1] "valid gsm... but no data in gsm data table! getting supplementary file (which may or may not contain the data) and writing to subfolder"
[1] "Strain AMC408, LL, ZT 28 h"
[1] "28"
[1] "valid gsm... but no data in gsm data table! getting supplementary file (which may or may not contain the data) and writing to subfolder"
[1] "Strain AMC408, LL, ZT 32 h"
[1] "32"
[1] "valid gsm... but no data in gsm data table! getting supplementary file (which may or may not contain the data) and writing to subfolder"
[1] "Strain AMC408, LL, ZT 36 h"
[1] "36"
[1] "valid gsm... but no data in gsm data table! getting supplementary file (which may or may not contain the data) and writing to subfolder"
