[1] NA
[1] "Escherichia coli GLBRCE1"
[1] NA
[1] "Escherichia coli GLBRCE1"
[1] NA
[1] "Escherichia coli GLBRCE1"
[1] NA
[1] "Escherichia coli GLBRCE1"
[1] NA
[1] "Escherichia coli GLBRCE1"
[1] NA
[1] "Escherichia coli GLBRCE1"
[1] NA
[1] "Escherichia coli GLBRCE1"
[1] NA
[1] "Escherichia coli GLBRCE1"
[1] NA
[1] "Escherichia coli GLBRCE1"
[1] NA
[1] "Escherichia coli GLBRCE1"
[1] NA
[1] "Escherichia coli GLBRCE1"
[1] NA
[1] "Escherichia coli GLBRCE1"
[1] NA
[1] "Escherichia coli GLBRCE1"
[1] NA
[1] "Escherichia coli GLBRCE1"
[1] NA
[1] "Escherichia coli GLBRCE1"
[1] NA
[1] "Escherichia coli GLBRCE1"
[1] NA
[1] "Escherichia coli GLBRCE1"
[1] NA
[1] "Escherichia coli GLBRCE1"
[1] NA
[1] "Escherichia coli GLBRCE1"
[1] NA
[1] "Escherichia coli GLBRCE1"
[1] NA
[1] "Escherichia coli GLBRCE1"
[1] NA
