[1] "Normalized log2 ratio (Cy5/Cy3) representing treatment/control"
[1] "Bsubtilis t00min_control"
[1] NA
[1] "Bsubtilis t10min_control"
[1] NA
[1] "Bsubtilis t20min_control"
[1] NA
[1] "Bsubtilis t30min_control"
[1] NA
[1] "Bsubtilis t40min_control"
[1] NA
[1] "Bsubtilis t50min_control"
[1] NA
[1] "Bsubtilis t00min_control"
[1] NA
[1] "Bsubtilis t10min_control"
[1] NA
[1] "Bsubtilis t20min_control"
[1] NA
[1] "Bsubtilis t30min_control"
[1] NA
[1] "Bsubtilis t40min_control"
[1] NA
[1] "Bsubtilis t50min_control"
[1] NA
