[1] "GCRMA Log2 Signal Intensity,"
[1] "affyexp delta-arcA_glucose_NH4Cl_NO3"
[1] NA
[1] "affyexp delta-arcA_glucose_NH4Cl_NO3"
[1] NA
[1] "affyexp delta-arcA_glucose_NH4Cl_NO3"
[1] NA
[1] "affyexp delta-fnr_glucose_NH4Cl_NO3"
[1] NA
[1] "affyexp delta-fnr_glucose_NH4Cl_NO3"
[1] NA
[1] "affyexp delta-fnr_glucose_NH4Cl_NO3"
[1] NA
[1] "affyexp wt_glucose_NH4Cl_NO3"
[1] NA
[1] "affyexp wt_glucose_NH4Cl_NO3"
[1] NA
[1] "affyexp wt_glucose_NH4Cl_NO3"
[1] NA
[1] "affyexp delta-arcA_glucose_NH4CL_anaerobic"
[1] NA
[1] "affyexp delta-arcA_glucose_NH4CL_anaerobic"
[1] NA
[1] "affyexp delta-arcA_glucose_NH4CL_anaerobic"
[1] NA
[1] "affyexp delta-fnr_glucose_NH4CL_anaerobic"
[1] NA
[1] "affyexp delta-fnr_glucose_NH4CL_anaerobic"
[1] NA
[1] "affyexp delta-fnr_glucose_NH4CL_anaerobic"
[1] NA
[1] "affyexp wt_glucose_NH4CL_anaerobic"
[1] NA
[1] "affyexp wt_glucose_NH4CL_anaerobic"
[1] NA
[1] "affyexp wt_glucose_NH4CL_anaerobic"
[1] NA
[1] "E. Coli ArcA ChIP DNA anaerobic"
[1] NA
[1] "E. Coli ArcA ChIP DNA anaerobic"
[1] NA
[1] "E. Coli ArcA ChIP DNA anaerobic"
[1] NA
[1] "E. Coli ArcA ChIP DNA NO3"
[1] NA
[1] "E. Coli ArcA ChIP DNA NO3"
[1] NA
[1] "E. Coli ArcA ChIP DNA NO3"
[1] NA
[1] "E. Coli Fnr ChIP DNA anaerobic"
[1] NA
[1] "E. Coli Fnr ChIP DNA anaerobic"
[1] NA
[1] "E. Coli Fnr ChIP DNA anaerobic"
[1] NA
[1] "E. Coli Fnr ChIP DNA NO3"
[1] NA
[1] "E. Coli Fnr ChIP DNA NO3"
[1] NA
[1] "E. Coli Fnr ChIP DNA NO3"
[1] NA
