[1] "VALUE=log2(Cy5 signal/Cy3_signal)=log2(SIGNAL_RED/SIGNAL_GREEN), scaled"
[1] "RNAP ChIP DNA from wt cells"
[1] NA
[1] "RNAP ChIP DNA from wt cells"
[1] NA
[1] "RNAP ChIP DNA from starved wt cells"
[1] NA
[1] "RNAP ChIP DNA from starved wt cells"
[1] NA
[1] "RNAP ChIP DNA from DdksA cells"
[1] NA
[1] "RNAP ChIP DNA from DdksA cells"
[1] NA
[1] "RNAP ChIP DNA from starved DdksA cells"
[1] NA
[1] "RNAP ChIP DNA from starved DdksA cells"
[1] NA
[1] "s70 ChIP DNA from wt cells"
[1] NA
[1] "s70 ChIP DNA from wt cells"
[1] NA
[1] "s70 ChIP DNA from starved wt cells"
[1] NA
[1] "s70 ChIP DNA from starved wt cells"
[1] NA
[1] "s70 ChIP DNA from DdksA cells"
[1] NA
[1] "s70 ChIP DNA from DdksA cells"
[1] NA
[1] "s70 ChIP DNA from starved DdksA cells"
[1] NA
[1] "s70 ChIP DNA from starved DdksA cells"
[1] NA
[1] "DksA ChIP DNA from wt cells"
[1] NA
[1] "DksA ChIP DNA from wt cells"
[1] NA
[1] "DksA ChIP DNA from DdksA cells"
[1] NA
