[1] NA
[1] "Untreated S. pneumoniae cells"
[1] NA
[1] "Untreated S. pneumoniae cells"
[1] NA
[1] "HPUra-treated S. pneumoniae cells"
[1] NA
[1] "HPUra-treated S. pneumoniae cells"
[1] NA
[1] "Kanamycin-treated S. pneumoniae cells"
[1] NA
[1] "Untreated E. coli cells"
[1] NA
[1] "Untreated E. coli cells"
[1] NA
[1] "Trimethoprim-treated E. coli cells"
[1] NA
[1] "Trimethoprim-treated E. coli cells"
[1] NA
[1] "Untreated S. pneumoniae cells"
[1] NA
[1] "Untreated S. pneumoniae cells"
[1] NA
[1] "HPUra-treated S. pneumoniae cells"
[1] NA
[1] "HPUra-treated S. pneumoniae cells"
[1] NA
[1] "Kanamycin-treated S. pneumoniae cells"
[1] NA
[1] "Untreated E. coli cells"
[1] NA
[1] "Untreated E. coli cells"
[1] NA
[1] "Trimethoprim-treated E. coli cells"
[1] NA
[1] "Trimethoprim-treated E. coli cells"
[1] NA
