[1] NA
[1] "LadS mutant_planktonic culture"
[1] NA
[1] "LadS mutant_planktonic culture"
[1] NA
[1] "RhlR mutant_planktonic culture"
[1] NA
[1] "RhlR mutant_planktonic culture"
[1] NA
[1] "GacA mutant_planktonic culture"
[1] NA
[1] "GacA mutant_planktonic culture"
[1] NA
[1] "Anr mutant_planktonic culture"
[1] NA
[1] "Anr mutant_planktonic culture"
[1] NA
[1] "LasR mutant_planktonic culture"
[1] NA
[1] "LasR mutant_planktonic culture"
[1] NA
[1] "FleQ mutant_planktonic culture"
[1] NA
[1] "FleQ mutant_planktonic culture"
[1] NA
[1] "Cbrb mutant_planktonic culture"
[1] NA
[1] "Cbrb mutant_planktonic culture"
[1] NA
