[1] "normalized and summurized signal intensity"
[1] "delta bolA_exponential_replicate_1"
[1] NA
[1] "delta bolA_exponential_replicate_2"
[1] NA
[1] "delta bolA_exponential_replicate_3"
[1] NA
[1] "BolA overexpression_exponential_replicate_1"
[1] NA
[1] "BolA overexpression_exponential_replicate_2"
[1] NA
[1] "BolA overexpression_exponential_replicate_3"
[1] NA
[1] "delta bolA_stationnary_replicate_1"
[1] NA
[1] "delta bolA_stationnary_replicate_2"
[1] NA
[1] "delta bolA_stationnary_replicate_3"
[1] NA
[1] "BolA overexpression_stationnary_replicate_1"
[1] NA
[1] "BolA overexpression_stationnary_replicate_2"
[1] NA
[1] "BolA overexpression_stationnary_replicate_3"
[1] NA
