[1] "MAS 5.0 signal"
[1] "Staphylococcus aureus LAC vehicle rep 1"
[1] NA
[1] "Staphylococcus aureus LAC vehicle rep 2"
[1] NA
[1] "Staphylococcus aureus LAC vehicle rep 3"
[1] NA
[1] "Staphylococcus aureus LAC-savirin rep 1"
[1] NA
[1] "Staphylococcus aureus LAC-savirin rep 2"
[1] NA
[1] "Staphylococcus aureus LAC-savirin rep 3"
[1] NA
[1] "Staphylococcus aureus agr mutant vehicle rep 1"
[1] NA
[1] "Staphylococcus aureus agr mutant vehicle rep 2"
[1] NA
[1] "Staphylococcus aureus agr mutant vehicle rep 3"
[1] NA
[1] "Staphylococcus aureus agr mutant savirin rep 1"
[1] NA
[1] "Staphylococcus aureus agr mutant savirin rep 2"
[1] NA
[1] "Staphylococcus aureus agr mutant savirin rep 3"
[1] NA
