[1] "Log2 of Lowess normalized cy3 vs cy5 ratio"
[1] "I1c: the 1 hr control sample"
[1] "1"
[1] "3600"
[1] "I0: control 0 hr sample"
[1] "0"
[1] "0"
[1] "I1m:the 1 hr MMC-treated sample"
[1] "1"
[1] "3600"
[1] "I0: the 0 hr control sample"
[1] "0"
[1] "0"
[1] "I2c:the 2 hr control sample"
[1] "2"
[1] "7200"
[1] "I0: the 0 hr control sample"
[1] "0"
[1] "0"
[1] "I2m: the MMC-treated 2hr sample"
[1] "2"
[1] "7200"
[1] "I0: the 0 hr control sample"
[1] "0"
[1] "0"
[1] "3600" "0"    "3600" "0"    "7200" "0"    "7200" "0"   
[1] "ID"      "SPOT_ID"
[1] "gene symbol column not found. searching for ORF column..."
[1] "orf column not found: checking for '//' exeption..."
