[1] "Expression levels were normalized using the quantile normalization."
[1] "Exponential culture of the parent strain without antibiotic"
[1] NA
[1] "Exponential culture of the parent strain without antibiotic"
[1] NA
[1] "Exponential culture of CPZ resistant strain Line1"
[1] NA
[1] "Exponential culture of CPZ resistant strain Line2"
[1] NA
[1] "Exponential culture of CPZ resistant strain Line3"
[1] NA
[1] "Exponential culture of CPZ resistant strain Line4"
[1] NA
[1] "Exponential culture of CFIX resistant strain Line1"
[1] NA
[1] "Exponential culture of CFIX resistant strain Line2"
[1] NA
[1] "Exponential culture of CFIX resistant strain Line3"
[1] NA
[1] "Exponential culture of CFIX resistant strain Line4"
[1] NA
[1] "Exponential culture of AMK resistant strain Line1"
[1] NA
[1] "Exponential culture of AMK resistant strain Line2"
[1] NA
[1] "Exponential culture of AMK resistant strain Line3"
[1] NA
[1] "Exponential culture of AMK resistant strain Line4"
[1] NA
[1] "Exponential culture of NM resistant strain Line1"
[1] NA
[1] "Exponential culture of NM resistant strain Line2"
[1] NA
[1] "Exponential culture of NM resistant strain Line3"
[1] NA
[1] "Exponential culture of NM resistant strain Line4"
[1] NA
[1] "Exponential culture of DOXY resistant strain Line1"
[1] NA
[1] "Exponential culture of DOXY resistant strain Line2"
[1] NA
[1] "Exponential culture of DOXY resistant strain Line3"
[1] NA
[1] "Exponential culture of DOXY resistant strain Line4"
[1] NA
[1] "Exponential culture of CP resistant strain Line1"
[1] NA
[1] "Exponential culture of CP resistant strain Line2"
[1] NA
[1] "Exponential culture of CP resistant strain Line3"
[1] NA
[1] "Exponential culture of CP resistant strain Line4"
[1] NA
[1] "Exponential culture of AZM resistant strain Line1"
[1] NA
[1] "Exponential culture of AZM resistant strain Line2"
[1] NA
[1] "Exponential culture of AZM resistant strain Line3"
[1] NA
[1] "Exponential culture of AZM resistant strain Line4"
[1] NA
[1] "Exponential culture of TP resistant strain Line1"
[1] NA
[1] "Exponential culture of TP resistant strain Line2"
[1] NA
[1] "Exponential culture of TP resistant strain Line3"
[1] NA
[1] "Exponential culture of TP resistant strain Line4"
[1] NA
[1] "Exponential culture of ENX resistant strain Line1"
[1] NA
[1] "Exponential culture of ENX resistant strain Line2"
[1] NA
[1] "Exponential culture of ENX resistant strain Line3"
[1] NA
[1] "Exponential culture of ENX resistant strain Line4"
[1] NA
[1] "Exponential culture of CPFX resistant strain Line1"
[1] NA
[1] "Exponential culture of CPFX resistant strain Line2"
[1] NA
[1] "Exponential culture of CPFX resistant strain Line3"
[1] NA
[1] "Exponential culture of CPFX resistant strain Line4"
[1] NA
