[1] "Log (base 2) of the ratio of the median of Channel 2 (usually 635 nm) to Channel 1 (usually 532 nm) [log (base 2) (RAT2N MEDIAN)].; Type: float; Scale: log_base_2"
[1] "A1552 11hr 3"
[1] "11"
[1] "39600"
[1] "A1552 11hr 3"
[1] "11"
[1] "39600"
[1] "A1552 11hr 3"
[1] "11"
[1] "39600"
[1] "A1552 11hr 3"
[1] "11"
[1] "39600"
[1] "A1552 11hr 3"
[1] "11"
[1] "39600"
[1] "wt 11h  in LB 37 C ( 2 ug RNA)"
[1] "11"
[1] "39600"
[1] "A1552 11hr 3"
[1] "11"
[1] "39600"
[1] "wt 11h  in LB 37 C ( 2 ug RNA)"
[1] "11"
[1] "39600"
[1] "A1552 11hr 3"
[1] "11"
[1] "39600"
[1] "wt mid log  in LB 37 C ( 2 ug RNA)"
[1] NA
[1] "wt 11h in LB 37 C ( 2ug RNA)"
[1] "11"
[1] "39600"
[1] "wt 11h  in LB 37 C ( 2 ug RNA)"
[1] "11"
[1] "39600"
[1] "wt mid log  in LB 37 C ( 2 ug RNA)"
[1] NA
[1] "wt 11h in LB 37 C ( 2ug RNA)"
[1] "11"
[1] "39600"
[1] "wt mid log  in LB 37 C ( 2 ug RNA)"
[1] NA
[1] "wt 11h in LB 37 C ( 2ug RNA)"
[1] "11"
[1] "39600"
[1] "wt 11h  in LB 37 C ( 2 ug RNA)"
[1] "11"
[1] "39600"
[1] "wt mid log  in LB 37 C ( 2 ug RNA)"
[1] NA
[1] "wt 11h  in LB 37 C ( 2 ug RNA)"
[1] "11"
[1] "39600"
