[1] "Log (base 2) of the ratio of the median of Channel 2 (usually 635 nm) to Channel 1 (usually 532 nm) [log (base 2) (RAT2N MEDIAN)].; Type: float; Scale: log_base_2"
[1] "NSH57 6 input 3 N3, 2C"
[1] NA
[1] "input mouse NSH57 17.1i; N3, 2C"
[1] NA
[1] "input mouse NSH57 17.1i; N3, 2C"
[1] NA
[1] "NSH57 6 input 3 N3, 2C"
[1] NA
[1] "input mouse NSH57 17.1i; N3, 2C"
[1] NA
[1] "input mouse NSH57 17.2i; N3, 2C"
[1] NA
[1] "NSH57 8 input 1 N3, 2C"
[1] NA
[1] "input mouse NSH57 17.2i; N3, 2C"
[1] NA
[1] "input mouse NSH57 5.2i; N3, 2C"
[1] NA
[1] "input mouse NSH57 5.2i; N3, 2C"
[1] NA
[1] "input mouse NSH57 5.1i; S, 2C"
[1] NA
[1] "input mouse NSH57 5.1i; S, 2C"
[1] NA
[1] "NSH57 8 input 2 S, 2C"
[1] NA
[1] "input mouse NSH57 5.2i; S, 2C"
[1] NA
[1] "input mouse NSH57 5.2i; S, 2C"
[1] NA
[1] "input mouse NSH57 11.2i; N3, 2C"
[1] NA
[1] "input mouse NSH57 11.2i; N3, 2C"
[1] NA
[1] "input mouse NSH57 11.2i; N3, 2C"
[1] NA
[1] "input mouse NSH57 11.2i; S, 2C"
[1] NA
[1] "input mouse NSH57 18.1i; N3, 2C"
[1] NA
[1] "input mouse NSH57 18.1i; N3, 2C"
[1] NA
[1] "NSH57 8 input 1 N3, 2C"
[1] NA
[1] "input mouse NSH57 18.2i; N3, 2C"
[1] NA
[1] "input mouse NSH57 17.1i; S, 2C"
[1] NA
[1] "input mouse NSH57 17.1i; S, 2C"
[1] NA
[1] "NSH57 8 input 1 S, 2C"
[1] NA
[1] "input mouse NSH57 17.1i; S, 2C"
[1] NA
[1] "input mouse NSH57 17.2i; S, 2C"
[1] NA
[1] "NSH57 8 input 1 S, 2C"
[1] NA
[1] "input mouse NSH57 17.2i; S, 2C"
[1] NA
[1] "input mouse NSH57 18.1i; S, 2C"
[1] NA
[1] "input mouse NSH57 18.1i; S, 2C"
[1] NA
[1] "input mouse NSH57 11.2i; S, 2C"
[1] NA
[1] "input mouse NSH57 11.2i; S, 2C"
[1] NA
[1] "input mouse NSH57 12.2i; N3, 2C"
[1] NA
[1] "input mouse NSH57 12.2i; N3, 2C"
[1] NA
[1] "input mouse NSH57 12.2i; N3, 2C"
[1] NA
[1] "input mouse NSH57 12.2i; S, 2C"
[1] NA
[1] "input mouse NSH57 12.2i; S, 2C"
[1] NA
[1] "input mouse NSH57 12.2i; S, 2C"
[1] NA
[1] "input mouse NSH57 5.3i; N3, 2C"
[1] NA
[1] "NSH57 8 input 2 N3, 2C"
[1] NA
[1] "input mouse NSH57 5.3i; S, 2C"
[1] NA
[1] "NSH57 8 input 2 N3, 2C"
[1] NA
[1] "NSH57 8 input 2 N3, 2C"
[1] NA
[1] "NSH57 8 input 2 N3, 2C"
[1] NA
[1] "NSH57 8 input 2 S, 2C"
[1] NA
[1] "input mouse NSH57 18.2i; S, 2C"
[1] NA
[1] "NSH57 8 input 2 S, 2C"
[1] NA
[1] "input mouse NSH57 20.1i; N3, 2C"
[1] NA
[1] "NSH57 8 input 2 S, 2C"
[1] NA
[1] "input mouse NSH57 20.1i; N3, 2C"
[1] NA
[1] "input mouse NSH57 20.1i; N3, 2C"
[1] NA
[1] "input mouse NSH57 20.1i; N3, 2C"
[1] NA
[1] "input mouse NSH57 19.1i; N3, 2C"
[1] NA
[1] "input mouse NSH57 19.1i; N3, 2C"
[1] NA
[1] "input mouse NSH57 19.1i; N3, 2C"
[1] NA
[1] "input mouse NSH57 21.1i; N3, 2C"
[1] NA
[1] "input mouse NSH57 21.1i; N3, 2C"
[1] NA
[1] "input mouse NSH57 9.1i; N3, 2C"
[1] NA
[1] "input mouse NSH57 9.1i; S, 2C"
[1] NA
[1] "input mouse NSH57 9.2i; N3, 2C"
[1] NA
[1] "input mouse NSH57 9.2i; N3, 2C"
[1] NA
[1] "input mouse NSH57 9.2i; S, 2C"
[1] NA
[1] "input mouse NSH57 9.2i; S, 2C"
[1] NA
[1] "input mouse NSH57 9.3i; N3, 2C"
[1] NA
[1] "NSH57 8 input 2 S, 2C"
[1] NA
[1] "input mouse NSH57 9.3i; S, 2C"
[1] NA
[1] "NSH57 6 input 3 S, 2C"
[1] NA
[1] "NSH57 6 input 3 S, 2C"
[1] NA
[1] "input mouse NSH57 11.3i; N3, 2C"
[1] NA
[1] "NSH57 7 input 1 N3, 2C"
[1] NA
[1] "input mouse NSH57 11.3i; N3, 2C"
[1] NA
[1] "NSH57 7 input 1 N3, 2C"
[1] NA
[1] "NSH57 7 input 1 N3, 2C"
[1] NA
[1] "input mouse NSH57 3.1i; N3, 2C"
[1] NA
[1] "NSH57 7 input 1 N3, 2C"
[1] NA
[1] "NSH57 7 input 1 S, 2C"
[1] NA
[1] "input mouse NSH57 21.2i; N3, 2C"
[1] NA
[1] "input mouse NSH57 21.2i; N3, 2C"
[1] NA
[1] "NSH57 7 input 1 S, 2C"
[1] NA
[1] "input mouse NSH57 19.1i; S, 2C"
[1] NA
[1] "input mouse NSH57 19.1i; S, 2C"
[1] NA
[1] "input mouse NSH57 19.1i; S, 2C"
[1] NA
[1] "input mouse NSH57 20.1i; S, 2C"
[1] NA
[1] "input mouse NSH57 20.1i; S, 2C"
[1] NA
[1] "input mouse NSH57 20.1i; S, 2C"
[1] NA
[1] "input mouse NSH57 20.1i; S, 2C"
[1] NA
[1] "input mouse NSH57 21.1i; S, 2C"
[1] NA
[1] "input mouse NSH57 11.3i; S, 2C"
[1] NA
[1] "input mouse NSH57 11.3i; S, 2C"
[1] NA
[1] "input mouse NSH57 12.3i; N3, 2C"
[1] NA
[1] "input mouse NSH57 3.1i; N3, 2C"
[1] NA
[1] "input mouse NSH57 12.3i; S, 2C"
[1] NA
[1] "input mouse NSH57 3.1i; N3, 2C"
[1] NA
[1] "input mouse NSH57 3.1i; N3, 2C"
[1] NA
[1] "NSH57 7 input 1 S, 2C"
[1] NA
[1] "input mouse NSH57 3.1i; S, 2C"
[1] NA
[1] "input mouse NSH57 3.1i; S, 2C"
[1] NA
[1] "input mouse NSH57 3.1i; S, 2C"
[1] NA
[1] "NSH57 7 input 1 S, 2C"
[1] NA
[1] "input mouse NSH57 3.1i; S, 2C"
[1] NA
[1] "input mouse NSH57 4.1i; N3, 2C"
[1] NA
[1] "input mouse NSH57 4.1i; N3, 2C"
[1] NA
[1] "input mouse NSH57 21.1i; S, 2C"
[1] NA
[1] "input mouse NSH57 21.2i; S, 2C"
[1] NA
[1] "input mouse NSH57 21.2i; S, 2C"
[1] NA
[1] "input mouse NSH57 22-1i; N3, 2C"
[1] NA
[1] "input mouse NSH57 22-1i; N3, 2C"
[1] NA
[1] "NSH57 16 input 1 N3, 2C"
[1] NA
[1] "input mouse NSH57 23-1i; N3, 2C"
[1] NA
[1] "NSH57 16 input 1 N3, 2C"
[1] NA
[1] "input mouse NSH57 23-1i; N3, 2C"
[1] NA
[1] "input mouse NSH57 25-1i; N3, 2C"
[1] NA
[1] "input mouse NSH57 25-1i; N3, 2C"
[1] NA
[1] "NSH57 1 input 2 N3, 2C"
[1] NA
[1] "input mouse NSH57 25-1i; N3, 2C"
[1] NA
[1] "NSH57 1 input 2 N3, 2C"
[1] NA
[1] "NSH57 1 input 2 N3, 2C"
[1] NA
[1] "input mouse NSH57 4.1i; N3, 2C"
[1] NA
[1] "input mouse NSH57 4.1i; N3, 2C"
[1] NA
[1] "input mouse NSH57 4.1i; S, 2C"
[1] NA
[1] "input mouse NSH57 4.1i; S, 2C"
[1] NA
[1] "input mouse NSH57 4.1i; S, 2C"
[1] NA
[1] "input mouse NSH57 4.1i; S, 2C"
[1] NA
[1] "input mouse NSH57 13.2i; N3, 2C"
[1] NA
[1] "input mouse NSH57 13.2i; N3, 2C"
[1] NA
[1] "input mouse NSH57 13.2i; N3, 2C"
[1] NA
[1] "input mouse NSH57 13.2i; S, 2C"
[1] NA
[1] "NSH57 16 input 2 N3, 2C"
[1] NA
[1] "input mouse NSH57 25-1i; N3, 2C"
[1] NA
[1] "NSH57 1 input 2 N3, 2C"
[1] NA
[1] "NSH57 16 input 1 S, 2C"
[1] NA
[1] "input mouse NSH57 22-1i; S, 2C"
[1] NA
[1] "input mouse NSH57 22-1i; S, 2C"
[1] NA
[1] "NSH57 1 input 2 N3, 2C"
[1] NA
[1] "input mouse NSH57 23-1i; S, 2C"
[1] NA
[1] "NSH57 16 input 1 S, 2C"
[1] NA
[1] "input mouse NSH57 23-1i; S, 2C"
[1] NA
[1] "input mouse NSH57 25-1i; S, 2C"
[1] NA
[1] "input mouse NSH57 25-1i; S, 2C"
[1] NA
[1] "NSH57 1 input 2 N3, 2C"
[1] NA
[1] "NSH57 16 input 2 S, 2C"
[1] NA
[1] "NSH57 1 input 2 N3, 2C"
[1] NA
[1] "input mouse NSH57 25-1i; S, 2C"
[1] NA
[1] "input mouse NSH57 25-1i; S, 2C"
[1] NA
[1] "NSH57 1 input 2 S, 2C"
[1] NA
[1] "NSH57 1 input 2 N3, 2C"
[1] NA
[1] "input mouse NSH57 24.1i; N3, 2C"
[1] NA
[1] "NSH57 1 input 2 S, 2C"
[1] NA
[1] "NSH57 1 input 2 S, 2C"
[1] NA
[1] "NSH57 1 input 2 S, 2C"
[1] NA
[1] "NSH57 1 input 2 S, 2C"
[1] NA
[1] "input mouse NSH57 13.2i; S, 2C"
[1] NA
[1] "input mouse NSH57 13.2i; S, 2C"
[1] NA
[1] "input mouse NSH57 14.1i; N3, 2C"
[1] NA
[1] "input mouse NSH57 14.1i; N3, 2C"
[1] NA
[1] "input mouse NSH57 14.1i; N3, 2C"
[1] NA
[1] "input mouse NSH57 14.1i; S, 2C"
[1] NA
[1] "input mouse NSH57 14.1i; S, 2C"
[1] NA
[1] "input mouse NSH57 14.1i; S, 2C"
[1] NA
[1] "input mouse NSH57 15.2i; N3, 2C"
[1] NA
[1] "NSH57 8 input 2 S, 2C"
[1] NA
[1] "input mouse NSH57 15.2i; N3, 2C"
[1] NA
[1] "NSH57 1 input 2 S, 2C"
[1] NA
[1] "input mouse NSH57 24.1i; N3, 2C"
[1] NA
[1] "NSH57 1 input 2 S, 2C"
[1] NA
[1] "input mouse NSH57 24.1i; N3, 2C"
[1] NA
[1] "input mouse NSH57 24.1i; S, 2C"
[1] NA
[1] "NSH57 1 input 2 S, 2C"
[1] NA
[1] "input mouse NSH57 24.1i; S, 2C"
[1] NA
[1] "input mouse NSH57 24.1i; S, 2C"
[1] NA
[1] "input mouse NSH57 22.2i; N3, 2C"
[1] NA
[1] "NSH57 1 input 2 N3, 2C"
[1] NA
[1] "input mouse NSH57 22.2i; N3, 2C"
[1] NA
[1] "NSH57 1 input 2 N3, 2C"
[1] NA
[1] "input mouse NSH57 24.2i; N3, 2C"
[1] NA
[1] "NSH57 1 input 2 S, 2C"
[1] NA
[1] "input mouse NSH57 24.2i; N3, 2C"
[1] NA
[1] "input mouse NSH57 22.2i; S, 2C"
[1] NA
[1] "NSH57 1 input 2 S, 2C"
[1] NA
[1] "input mouse NSH57 22.2i; S, 2C"
[1] NA
[1] "input mouse NSH57 24.2i; S, 2C"
[1] NA
[1] "input mouse NSH57 24.2i; S, 2C"
[1] NA
[1] "input mouse NSH57 15.2i; N3, 2C"
[1] NA
[1] "input mouse NSH57 15.2i; S, 2C"
[1] NA
[1] "input mouse NSH57 15.2i; S, 2C"
[1] NA
[1] "input mouse NSH57 15.2i; S, 2C"
[1] NA
[1] "input mouseNSH57 13.3i; N3, 2C"
[1] NA
[1] "input mouse NSH57 13.3i; S, 2C"
[1] NA
[1] "input mouse NSH57 15.3i; N3, 2C"
[1] NA
[1] "input mouse NSH57 15.3i; S, 2C"
[1] NA
[1] "input mouse NSH57 5.1i; N3, 2C"
[1] NA
[1] "input mouse NSH57 5.1i; N3, 2C"
[1] NA
