[1] NA
[1] "Liquid culture"
[1] NA
[1] "Liquid culture"
[1] NA
[1] "Liquid culture"
[1] NA
[1] "Liquid culture"
[1] NA
[1] "Liquid culture"
[1] NA
[1] "Liquid culture"
[1] NA
[1] "Liquid culture"
[1] NA
[1] "Liquid culture"
[1] NA
[1] "Liquid culture"
[1] NA
[1] "Liquid culture"
[1] NA
[1] "Liquid culture"
[1] NA
[1] "Liquid culture"
[1] NA
[1] "Liquid culture"
[1] NA
[1] "Liquid culture"
[1] NA
[1] "Liquid culture"
[1] NA
[1] "Liquid culture"
[1] NA
[1] "Liquid culture"
[1] NA
[1] "Liquid culture"
[1] NA
[1] "Liquid culture"
[1] NA
[1] "Liquid culture"
[1] NA
[1] "Liquid culture"
[1] NA
[1] "Liquid culture"
[1] NA
[1] "Liquid culture"
[1] NA
[1] "Liquid culture"
[1] NA
