[1] "Normalized, log base 2 signal intensity"
[1] "Pseudomonas aeruginosa unique planktonic culture"
[1] NA
[1] "Pseudomonas aeruginosa non-clonal planktonic culture"
[1] NA
[1] "Pseudomonas aeruginosa non-clonal planktonic culture"
[1] NA
[1] "Pseudomonas aeruginosa unique planktonic culture"
[1] NA
[1] "Pseudomonas aeruginosa planktonic culture"
[1] NA
[1] "Psuedomonas aeruginosa AES-1 planktonic culture"
[1] NA
[1] "Pseudomonas aeruginosa planktonic culture"
[1] NA
[1] "Pseudomonas aeruginosa planktonic culture"
[1] NA
[1] "Pseudomonas aeruginosa biofilm culture"
[1] NA
[1] "Pseudomonas aeruginosa AES-1 biofilm culture"
[1] NA
[1] "Pseudomonas aeruginosa AES-2 biofilm culture"
[1] NA
[1] "Pseudomonas aeruginosa AES-1 biofilm culture"
[1] NA
[1] "Pseudomonas aeruginosa non-clonal biofilm culture"
[1] NA
[1] "Pseudomonas aeruginosa non-clonal biofilm culture"
[1] NA
[1] "Pseudomonas aeruginosa nonclonal biofilm culture"
[1] NA
[1] "Pseudomonas aeruginosa non-clonal biofilm culture"
[1] NA
[1] "Pseudomonas aeruginosa PAO1"
[1] NA
[1] "Pseudomonas aeruginosa PAO1"
[1] NA
