[1] "RMA signal"
[1] "10-HT874-PS-60min1"
[1] "-60"
[1] "11-HT874-PS-60min2"
[1] "-60"
[1] "12-HT874-PS-60min3"
[1] "-60"
[1] "1-HT873-PA1-"
[1] NA
[1] "2-HT873-PA2-"
[1] NA
[1] "3-HT873-PA3-"
[1] NA
[1] "4-HT873-PS-60min1"
[1] "-60"
[1] "5-HT873-PS-60min2"
[1] "-60"
[1] "6-HT873-PS-60min3"
[1] "-60"
[1] "7-HT874-PA1-"
[1] NA
[1] "8-HT874-PA2-"
[1] NA
[1] "9-HT874-PA3-"
[1] NA
[1] "875-PA1--"
[1] NA
[1] "875-PA2--"
[1] NA
[1] "875-PA3--"
[1] NA
[1] "873-Con1--"
[1] NA
[1] "873-Con2--"
[1] NA
[1] "873-Con3--"
[1] NA
[1] "873-PA1--"
[1] NA
[1] "873-PA2--"
[1] NA
[1] "873-PA3--"
[1] NA
[1] "875-Con1--"
[1] NA
[1] "875-Con2--"
[1] NA
[1] "875-Con3--"
[1] NA
