[1] NA
[1] "Immunoprecipitated DNA"
[1] NA
[1] "Immunoprecipitated DNA"
[1] NA
[1] "Immunoprecipitated DNA"
[1] NA
[1] "Immunoprecipitated DNA"
[1] NA
[1] "Immunoprecipitated DNA"
[1] NA
[1] "Immunoprecipitated DNA"
[1] NA
[1] "WT pH5.5"
[1] NA
[1] "WT pH5.5"
[1] NA
[1] "ΔgadE pH5.5"
[1] NA
[1] "ΔgadE pH5.5"
[1] NA
[1] "ΔgadW pH5.5"
[1] NA
[1] "ΔgadW pH5.5"
[1] NA
[1] "ΔgadX pH5.5"
[1] NA
[1] "ΔgadX pH5.5"
[1] NA
[1] "Immunoprecipitated DNA"
[1] NA
[1] "Immunoprecipitated DNA"
[1] NA
