[1] "Median Fluorescence intensity (MFI) of 635 (Cy5) channel minus local background. Negative MFI minus background signals were set to zero."
[1] "Serum"
[1] NA
[1] "Serum"
[1] NA
[1] "Serum"
[1] NA
[1] "Serum"
[1] NA
[1] "Serum"
[1] NA
[1] "Serum"
[1] NA
[1] "Serum"
[1] NA
[1] "Serum"
[1] NA
[1] "Serum"
[1] NA
[1] "Serum"
[1] NA
[1] "Serum"
[1] NA
[1] "Serum"
[1] NA
[1] "Serum"
[1] NA
[1] "Serum"
[1] NA
[1] "Serum"
[1] NA
[1] "Serum"
[1] NA
[1] "Serum"
[1] NA
[1] "Serum"
[1] NA
[1] "Serum"
[1] NA
[1] "Serum"
[1] NA
[1] "Serum"
[1] NA
[1] "Serum"
[1] NA
[1] "Serum"
[1] NA
[1] "Serum"
[1] NA
[1] "Serum"
[1] NA
[1] "Serum"
[1] NA
[1] "Serum"
[1] NA
[1] "Serum"
[1] NA
[1] "Serum"
[1] NA
[1] "Serum"
[1] NA
[1] "Serum"
[1] NA
[1] "Serum"
[1] NA
[1] "Serum"
[1] NA
[1] "Serum"
[1] NA
[1] "Serum"
[1] NA
[1] "Serum"
[1] NA
[1] "Serum"
[1] NA
[1] "Serum"
[1] NA
[1] "Serum"
[1] NA
[1] "Serum"
[1] NA
[1] "Serum"
[1] NA
[1] "Serum"
[1] NA
[1] "Serum"
[1] NA
[1] "Serum"
[1] NA
[1] "Serum"
[1] NA
[1] "Serum"
[1] NA
[1] "Serum"
[1] NA
[1] "Serum"
[1] NA
[1] "Serum"
[1] NA
[1] "Serum"
[1] NA
[1] "Serum"
[1] NA
[1] "Serum"
[1] NA
[1] "Serum"
[1] NA
[1] "Serum"
[1] NA
[1] "Serum"
[1] NA
[1] "Serum"
[1] NA
[1] "Serum"
[1] NA
[1] "Serum"
[1] NA
[1] "Serum"
[1] NA
[1] "Serum"
[1] NA
[1] "Serum"
[1] NA
[1] "Serum"
[1] NA
