[1] "-[INV VALUE]"
[1] "RO-NN-1"
[1] NA
[1] "Bsu168"
[1] NA
[1] "RO-NN-1"
[1] NA
[1] "natto"
[1] NA
[1] "natto"
[1] NA
[1] "Bsu168"
[1] NA
[1] "Bsu168"
[1] NA
[1] "Bsu168"
[1] NA
[1] "BS5"
[1] NA
[1] "Bsu168"
[1] NA
[1] "1440"
[1] NA
[1] "Bsu168"
[1] NA
[1] "Bsu168"
[1] NA
[1] "1431"
[1] NA
[1] "Bsu168"
[1] NA
[1] "Bsu168"
[1] NA
[1] "Bsu168"
[1] NA
[1] "Bsu168"
[1] NA
[1] "Bsu168"
[1] NA
[1] "Bsu168"
[1] NA
[1] "HLR11"
[1] NA
[1] "Bsu168"
[1] NA
[1] "RO-E-2"
[1] NA
[1] "Bsu168"
[1] NA
[1] "N10"
[1] NA
[1] "Bsu168"
[1] NA
[1] "N10"
[1] NA
[1] "Bsu168"
[1] NA
[1] "Bsu168"
[1] NA
[1] "DV1-B-1"
[1] NA
[1] "Bsu168"
[1] NA
[1] "Bsu168"
[1] NA
[1] "RO-FF-1"
[1] NA
[1] "Bsu168"
[1] NA
[1] "MGla47"
[1] NA
[1] "Bsu168"
[1] NA
[1] "Bsu168"
[1] NA
[1] "Bsu168"
[1] NA
[1] "DV1-F-3"
[1] NA
[1] "Bsu168"
[1] NA
[1] "Bsu168"
[1] NA
[1] "Bsu168"
[1] NA
[1] "Bsu168"
[1] NA
[1] "Bsu168"
[1] NA
[1] "TU-B-10"
[1] NA
[1] "Bsu168"
[1] NA
[1] "Bsu168"
[1] NA
[1] "T-89-48"
[1] NA
[1] "Bsu168"
[1] NA
[1] "Bsu168eps::tet"
[1] NA
[1] "Bsu168"
[1] NA
[1] "Bsu168"
[1] NA
[1] "Bsu168"
[1] NA
[1] "Bsu168"
[1] NA
[1] "NCIB3610"
[1] NA
[1] "DV1-E-2"
[1] NA
[1] "DV1-E-2"
[1] NA
[1] "Bsu168"
[1] NA
[1] "Bsu168"
[1] NA
[1] "Bsu168"
[1] NA
[1] "Bsu168"
[1] NA
