[1] NA
[1] "Chromosomal DNA"
[1] NA
[1] "Chromosomal DNA"
[1] NA
[1] "Chromosomal DNA"
[1] NA
[1] "Chromosomal DNA"
[1] NA
[1] "Chromosomal DNA"
[1] NA
[1] "Chromosomal DNA"
[1] NA
[1] "Chromosomal DNA"
[1] NA
[1] "Chromosomal DNA"
[1] NA
[1] "Chromosomal DNA"
[1] NA
[1] "Chromosomal DNA"
[1] NA
[1] "Chromosomal DNA"
[1] NA
[1] "Chromosomal DNA"
[1] NA
[1] "Chromosomal DNA"
[1] NA
[1] "Chromosomal DNA"
[1] NA
[1] "Chromosomal DNA"
[1] NA
[1] "Chromosomal DNA"
[1] NA
[1] "Chromosomal DNA"
[1] NA
[1] "Chromosomal DNA"
[1] NA
[1] "Chromosomal DNA"
[1] NA
[1] "Chromosomal DNA"
[1] NA
[1] "Chromosomal DNA"
[1] NA
[1] "Chromosomal DNA"
[1] NA
[1] "Chromosomal DNA"
[1] NA
[1] "Chromosomal DNA"
[1] NA
[1] "Chromosomal DNA"
[1] NA
[1] "Chromosomal DNA"
[1] NA
[1] "Chromosomal DNA"
[1] NA
[1] "Chromosomal DNA"
[1] NA
[1] "Chromosomal DNA"
[1] NA
[1] "Chromosomal DNA"
[1] NA
[1] "Chromosomal DNA"
[1] NA
[1] "Chromosomal DNA"
[1] NA
[1] "Chromosomal DNA"
[1] NA
[1] "Chromosomal DNA"
[1] NA
[1] "Chromosomal DNA"
[1] NA
[1] "Chromosomal DNA"
[1] NA
[1] "Chromosomal DNA"
[1] NA
[1] "Chromosomal DNA"
[1] NA
[1] "Chromosomal DNA"
[1] NA
[1] "Chromosomal DNA"
[1] NA
[1] "Chromosomal DNA"
[1] NA
[1] "Chromosomal DNA"
[1] NA
[1] "Chromosomal DNA"
[1] NA
[1] "E. coli K12 MG1655"
[1] NA
[1] "E. coli K12 MG1655"
[1] NA
[1] "E. coli K12 MG1655"
[1] NA
[1] "E. coli K12 MG1655"
[1] NA
[1] "E. coli K12 MG1655"
[1] NA
[1] "E. coli K12 MG1655"
[1] NA
[1] "E. coli K12 MG1655"
[1] NA
[1] "E. coli K12 MG1655"
[1] NA
[1] "E. coli K12 MG1655"
[1] NA
[1] "E. coli K12 MG1655"
[1] NA
[1] "E. coli K12 MG1655"
[1] NA
[1] "E. coli K12 MG1655"
[1] NA
[1] "E. coli K12 MG1655"
[1] NA
[1] "E. coli K12 MG1655"
[1] NA
[1] "E. coli K12 MG1655"
[1] NA
[1] "E. coli K12 MG1655"
[1] NA
[1] "E. coli K12 MG1655"
[1] NA
[1] "E. coli K12 MG1655"
[1] NA
[1] "E. coli K12 MG1655"
[1] NA
[1] "E. coli K12 MG1655"
[1] NA
[1] "E. coli K12 MG1655"
[1] NA
[1] "E. coli K12 MG1655"
[1] NA
[1] "E. coli K12 MG1655"
[1] NA
[1] "E. coli K12 MG1655"
[1] NA
[1] "E. coli K12 MG1655"
[1] NA
