[1] NA
[1] "USA300 in vitro culture"
[1] NA
[1] "USA300 in vitro culture"
[1] NA
[1] "C11585 isolated from Patient P nasal tissue"
[1] NA
[1] "C1360 isolated from Patient P blood"
[1] NA
[1] "C24365 isolated from Patient S nasal tissue"
[1] NA
[1] "C24366 isolated from Patient S blood"
[1] NA
[1] "USA300 in vitro culture"
[1] NA
[1] "USA300 in vitro culture"
[1] NA
[1] "C11585 isolated from Patient P nasal tissue"
[1] NA
[1] "C1360 isolated from Patient P blood"
[1] NA
[1] "C24365 isolated from Patient S nasal tissue"
[1] NA
[1] "C24366 isolated from Patient S blood"
[1] NA
