[1] "normalized log2 ratio (Cy5/Cy3) representing test/reference"
[1] "S. Typhimurium wt. Biol. Rep. 3 optical density (600 nm) of 4.2"
[1] NA
[1] "S. Typhimurium wt. Biol. Rep. 3 optical density (600 nm) of 3.0"
[1] NA
[1] "S. Typhimurium wt. Biol. Rep. 3 optical density (600 nm) of 2.3"
[1] NA
[1] "S. Typhimurium wt. Biol. Rep. 2  optical density (600 nm) of 4.2"
[1] NA
[1] "S. Typhimurium wt. Biol. Rep. 2 optical density (600 nm) of 3.0"
[1] NA
[1] "S. Typhimurium wt. Biol. Rep. 2 optical density (600 nm) of 1.0"
[1] NA
[1] "S. Typhimurium wt. Biol. Rep. 1 optical density (600 nm) of 4.2"
[1] NA
[1] "S. Typhimurium wt. Biol. Rep. 1 optical density (600 nm) of 3.0"
[1] NA
[1] "S. Typhimurium wt. Biol. Rep. 1 optical density (600 nm) of 2.3"
[1] NA
[1] "S. Typhimurium wt. Biol. Rep. 1 optical density (600 nm) of 1.0"
[1] NA
[1] "S. Typhimurium ΔrpoS. Biol. Rep. 3  optical density (600 nm) of 4.2"
[1] NA
[1] "S. Typhimurium ΔrpoS. Biol. Rep. 3 optical density (600 nm) of 3.0_optical density (600 nm) of 3.0"
[1] NA
[1] "S. Typhimurium ΔrpoS. Biol. Rep. 3 optical density (600 nm) of 2.3"
[1] NA
[1] "S. Typhimurium ΔrpoS. Biol. Rep. 3 optical density (600 nm) of 1.0"
[1] NA
[1] "S. Typhimurium ΔrpoS. Biol. Rep. 2 optical density (600 nm) of 4.2"
[1] NA
[1] "S. Typhimurium ΔrpoS. Biol. Rep. 2 optical density (600 nm) of 3.0"
[1] NA
[1] "S. Typhimurium ΔrpoS. Biol. Rep. 2 optical density (600 nm) of 2.3"
[1] NA
[1] "S. Typhimurium ΔrpoS. Biol. Rep. 1 optical density (600 nm) of 4.2"
[1] NA
[1] "S. Typhimurium ΔrpoS. Biol. Rep. 1 optical density (600 nm) of 3.1"
[1] NA
[1] "S. Typhimurium ΔrpoS. Biol. Rep. 1 optical density (600 nm) of 2.3"
[1] NA
[1] "S. Typhimurium ΔrelAΔspoTΔrpoS. Biol. Rep. 3 optical density (600 nm) of 4.2"
[1] NA
[1] "S. Typhimurium ΔrelAΔspoTΔrpoS. Biol. Rep. 2 optical density (600 nm) of 4.2"
[1] NA
[1] "S. Typhimurium ΔrelAΔspoTΔrpoS. Biol. Rep. 1 optical density (600 nm) of 4.2"
[1] NA
[1] "S. Typhimurium ΔrelAΔspoT. Biol. Rep. 3 optical density (600 nm) of 4.2"
[1] NA
[1] "S. Typhimurium ΔrelAΔspoT. Biol. Rep. 3 optical density (600 nm) of 3.0"
[1] NA
[1] "S. Typhimurium ΔrelAΔspoT. Biol. Rep. 3 optical density (600 nm) of 2.3"
[1] NA
[1] "S. Typhimurium ΔrelAΔspoT. Biol. Rep. 3 optical density (600 nm) of 1.0"
[1] NA
[1] "S. Typhimurium ΔrelAΔspoT. Biol. Rep. 2 optical density (600 nm) of 4.2"
[1] NA
[1] "S. Typhimurium ΔrelAΔspoT. Biol. Rep. 2 optical density (600 nm) of 3.0"
[1] NA
[1] "S. Typhimurium ΔrelAΔspoT. Biol. Rep. 2 optical density (600 nm) of 2.3"
[1] NA
[1] "S. Typhimurium ΔrelAΔspoT. Biol. Rep. 2 optical density (600 nm) of 1.0"
[1] NA
[1] "S. Typhimurium ΔrelAΔspoT. Biol. Rep. 1 optical density (600 nm) of 4.2"
[1] NA
[1] "S. Typhimurium ΔrelAΔspoT. Biol. Rep. 1 optical density (600 nm) of 3.0"
[1] NA
[1] "S. Typhimurium ΔrelAΔspoT. Biol. Rep. 1 optical density (600 nm) of 2.3"
[1] NA
[1] "S. Typhimurium ΔrelAΔspoT. Biol. Rep. 1 optical density (600 nm) of 1.0"
[1] NA
