[1] NA
[1] "SigH (30 ℃) rep1"
[1] NA
[1] "SigH (30 ℃) rep2"
[1] NA
[1] "SigH (30 ℃) mock IgG rep1"
[1] NA
[1] "SigH (30 ℃) mock IgG rep2"
[1] NA
[1] "SigH (42 ℃) rep1"
[1] NA
[1] "SigH (42 ℃) rep2"
[1] NA
[1] "SigH (42 ℃) mock IgG rep1"
[1] NA
[1] "SigH (42 ℃) mock IgG rep2"
[1] NA
[1] "RNAP beta (42 ℃) rep1"
[1] NA
[1] "RNAP beta (42 ℃) rep2"
[1] NA
[1] "RNAP beta (42 ℃) mock IgG"
[1] NA
[1] "SigH (30 ℃)"
[1] NA
[1] "SigH (30 ℃) mock IgG"
[1] NA
[1] "SigH (42 ℃)"
[1] NA
