[1] "MAS5-calculated signal intensity scaled to 500"
[1] "TIME 120"
[1] NA
[1] " TIME_30"
[1] NA
[1] " TIME_15"
[1] NA
[1] " TIME_120"
[1] NA
[1] " TIME_30"
[1] NA
[1] " TIME_15"
[1] NA
[1] " TIME_120"
[1] NA
[1] " TIME_60"
[1] NA
[1] " TIME_60"
[1] NA
[1] " TIME_120"
[1] NA
[1] " TIME_30"
[1] NA
[1] " TIME_60"
[1] NA
[1] " TIME_120"
[1] NA
[1] " TIME_60"
[1] NA
[1] " TIME_30"
[1] NA
[1] " TIME_15"
[1] NA
[1] " TIME_30"
[1] NA
[1] " TIME_60"
[1] NA
[1] " TIME_15"
[1] NA
[1] " TIME_30"
[1] NA
[1] " TIME_60"
[1] NA
[1] " TIME_60"
[1] NA
[1] " TIME_15"
[1] NA
[1] " TIME_120"
[1] NA
[1] " TIME_15"
[1] NA
[1] " TIME_60"
[1] NA
[1] " TIME_15"
[1] NA
[1] " TIME_30"
[1] NA
[1] " TIME_60"
[1] NA
[1] " TIME_120"
[1] NA
[1] " TIME_120"
[1] NA
[1] " TIME_120"
[1] NA
[1] " TIME_15"
[1] NA
[1] " TIME_30"
[1] NA
[1] " TIME_60"
[1] NA
[1] " TIME_15"
[1] NA
[1] " TIME_30"
[1] NA
[1] " TIME_60"
[1] NA
[1] " TIME_15"
[1] NA
[1] " TIME_30"
[1] NA
[1] " TIME_120"
[1] NA
[1] " TIME_15"
[1] NA
[1] " TIME_30"
[1] NA
[1] " TIME_60"
[1] NA
[1] " TIME_120"
[1] NA
[1] " TIME_15"
[1] NA
[1] " TIME_30"
[1] NA
[1] " TIME_120"
[1] NA
