[1] "COMBAT adjusted normalized signal intensities"
[1] "Escherchia coli HB101"
[1] NA
[1] "Escherchia coli HB101"
[1] NA
[1] "Escherchia coli HB101 exposed to C. elegans for 24 hours"
[1] "24"
[1] "86400"
[1] "Escherchia coli HB101 exposed to C. elegans for 24 hours"
[1] "24"
[1] "86400"
[1] "Escherchia coli HB101 exposed to C. elegans for 24 hours"
[1] "24"
[1] "86400"
[1] "Escherchia coli HB101 exposed to Giardia for 24 hours"
[1] "24"
[1] "86400"
[1] "Escherchia coli HB101 exposed to Giardia for 24 hours"
[1] "24"
[1] "86400"
[1] "Escherchia coli HB101 exposed to Giardia for 24 hours"
[1] "24"
[1] "86400"
[1] "Escherchia coli HB101 exposed to C. elegans and Giardia for 24 hours"
[1] "24"
[1] "86400"
[1] "Escherchia coli HB101 exposed to C. elegans and Giardia for 24 hours"
[1] "24"
[1] "86400"
[1] "Escherchia coli HB101 exposed to C. elegans and Giardia for 24 hours"
[1] "24"
[1] "86400"
