[1] "RMA signal"
[1] "Escherichia coli, 0 µM AgNO3"
[1] NA
[1] "Escherichia coli,  0 µM AgNO3"
[1] NA
[1] "Escherichia coli, 0 µM AgNO3"
[1] NA
[1] "Escherichia coli, 5 µM AgNO3"
[1] NA
[1] "Escherichia coli, 5 µM AgNO3"
[1] NA
[1] "Escherichia coli, 5 µM AgNO3"
[1] NA
[1] "Escherichia coli, 6.5 µM AgNO3"
[1] NA
[1] "Escherichia coli, 6.5 µM AgNO3"
[1] NA
[1] "Escherichia coli, 6.5 µM AgNO3"
[1] NA
[1] "Escherichia coli, 8.5 µM AgNO3"
[1] NA
[1] "Escherichia coli, 8.5 µM AgNO3"
[1] NA
[1] "Escherichia coli, 8.5 µM AgNO3"
[1] NA
