[1] "Signal"
[1] "phoP-biofilm-rep 1"
[1] NA
[1] "phoP-biofilm-rep 2"
[1] NA
[1] "phoP-biofilm-rep 3"
[1] NA
[1] "phoP-biofilm-rep 4"
[1] NA
[1] "phoP-biofilm-rep 5"
[1] NA
[1] "wild type-biofilm-rep 1"
[1] NA
[1] "wild type-biofilm-rep 2"
[1] NA
[1] "wild type-biofilm-rep 3"
[1] NA
[1] "wild type-biofilm-rep 4"
[1] NA
[1] "wild type-biofilm-rep 5"
[1] NA
[1] "phoP-log phase-rep1"
[1] NA
[1] "phoP-log phase-rep2"
[1] NA
[1] "phoP-log phase-rep3"
[1] NA
[1] "phoP-log phase-rep4"
[1] NA
[1] "phoP-log phase-rep5"
[1] NA
[1] "phoP-stationary phase-rep1"
[1] NA
[1] "phoP-stationary phase-rep2"
[1] NA
[1] "phoP-stationary phase-rep3"
[1] NA
[1] "phoP-stationary phase-rep4"
[1] NA
[1] "phoP-stationary phase-rep5"
[1] NA
[1] "wild type-log phase-rep1"
[1] NA
[1] "wild type-log phase-rep2"
[1] NA
[1] "wild type-log phase-rep3"
[1] NA
[1] "wild type-log phase-rep4"
[1] NA
[1] "wild type-log phase-rep5"
[1] NA
[1] "wild type-stationary phase-rep1"
[1] NA
[1] "wild type-stationary phase-rep2"
[1] NA
[1] "wild type-stationary phase-rep3"
[1] NA
[1] "wild type-stationary phase-rep4"
[1] NA
[1] "wild type-stationary phase-rep5"
[1] NA
[1] "wild type-flea-rep1"
[1] NA
[1] "wild type-flea-rep2"
[1] NA
[1] "wild type-flea-rep3"
[1] NA
[1] "wild type-flea-rep4"
[1] NA
[1] "wild type-flea-rep5"
[1] NA
[1] "phoP-flea-rep1"
[1] NA
[1] "phoP-flea-rep2"
[1] NA
[1] "phoP-flea-rep3"
[1] NA
[1] "phoP-flea-rep4"
[1] NA
[1] "phoP-flea-rep5"
[1] NA
