[1] NA
[1] "Untreated S. pneumoniae cells"
[1] NA
[1] "Untreated S. pneumoniae cells"
[1] NA
[1] "HPUra-treated S. pneumoniae cells"
[1] NA
[1] "HPUra-treated S. pneumoniae cells"
[1] NA
[1] "Kanamycin-treated S. pneumoniae cells"
[1] NA
[1] "Ciprofloxacin-treated S. pneumoniae cells"
[1] NA
[1] "Hydroxyurea-treated S. pneumoniae cells"
[1] NA
[1] "Rifampicin-treated S. pneumoniae cells"
[1] NA
[1] "Untreated S. pneumoniae cells"
[1] NA
[1] "Untreated S. pneumoniae cells"
[1] NA
[1] "HPUra-treated S. pneumoniae cells"
[1] NA
[1] "HPUra-treated S. pneumoniae cells"
[1] NA
[1] "Kanamycin-treated S. pneumoniae cells"
[1] NA
[1] "Ciprofloxacin-treated S. pneumoniae cells"
[1] NA
[1] "Hydroxyurea-treated S. pneumoniae cells"
[1] NA
[1] "Rifampicin-treated S. pneumoniae cells"
[1] NA
