[1] "normalized signal intensity"
[1] "PVL-negative strain (LUG776) exponential phase"
[1] NA
[1] "PVL-negative strain (LUG776) exponential phase"
[1] NA
[1] "PVL-negative strain (LUG776) exponential phase"
[1] NA
[1] "PVL-negative strain (LUG776) stationary phase"
[1] NA
[1] "PVL-negative strain (LUG776) stationary phase"
[1] NA
[1] "PVL-negative strain (LUG776) stationary phase"
[1] NA
[1] "PVL-positive strain (LUG881) stationary phase"
[1] NA
[1] "PVL-positive strain (LUG881) stationary phase"
[1] NA
[1] "PVL-positive strain (LUG881) stationary phase"
[1] NA
[1] "PVL-positive strain (LUG881) exponential phase"
[1] NA
[1] "PVL-positive strain (LUG881) exponential phase"
[1] NA
[1] "PVL-positive strain (LUG881) exponential phase"
[1] NA
