[1] NA
[1] "mutant -TEX_OD=0.1"
[1] NA
[1] "mutant +TEX_OD=0.1"
[1] NA
[1] "mutant -TEX_OD=2.0"
[1] NA
[1] "mutant +TEX_OD=2.0"
[1] NA
[1] "mutant -TEX_OD=0.1"
[1] NA
[1] "mutant +TEX_OD=0.1"
[1] NA
[1] "mutant -TEX_OD=2.0"
[1] NA
[1] "mutant +TEX_OD=2.0"
[1] NA
[1] "wild typ -TEX_OD=0.1"
[1] NA
[1] "wild typ +TEX_OD=0.1"
[1] NA
[1] "wild typ -TEX_OD=2.0"
[1] NA
[1] "wild typ +TEX_OD=2.0"
[1] NA
[1] "wild typ -TEX_OD=0.1"
[1] NA
[1] "wild typ +TEX_OD=0.1"
[1] NA
[1] "wild typ -TEX_OD=2.0"
[1] NA
[1] "wild typ +TEX_OD=2.0"
[1] NA
