[1] "median-normalized log2 (Cy5/Cy3) ratio, bad quality ratios deleted"
[1] "Reference Pool"
[1] NA
[1] "Reference Pool"
[1] NA
[1] "Reference Pool"
[1] NA
[1] "Reference Pool"
[1] NA
[1] "Reference Pool"
[1] NA
[1] "Reference Pool"
[1] NA
[1] "Reference Pool"
[1] NA
[1] "Reference Pool"
[1] NA
[1] "Reference Pool"
[1] NA
[1] "Reference Pool"
[1] NA
[1] "Reference Pool"
[1] NA
[1] "Reference Pool"
[1] NA
[1] "Reference Pool"
[1] NA
[1] "Reference Pool"
[1] NA
[1] "Reference Pool"
[1] NA
[1] "Reference Pool"
[1] NA
[1] "Reference Pool"
[1] NA
[1] "Reference Pool"
[1] NA
[1] "Reference Pool"
[1] NA
[1] "Reference Pool"
[1] NA
[1] "Reference Pool"
[1] NA
[1] "Reference Pool"
[1] NA
[1] "Reference Pool"
[1] NA
[1] "Reference Pool"
[1] NA
