[1] NA
[1] "wt Erdman strain grown on 7H10+glycerol"
[1] NA
[1] "wt Erdman strain grown on 7H10+glycerol"
[1] NA
[1] "wt Erdman strain grown on 7H10+glycerol+phenanthroline"
[1] NA
[1] "wt Erdman strain grown on 7H10+glycerol+phenanthroline"
[1] NA
[1] "knockout of Rv2869c in Erdman strain grown on 7H10+glycerol"
[1] NA
[1] "knockout of Rv2869c in Erdman strain grown on 7H10+glycerol"
[1] NA
[1] "knockout of Rv2869c in Erdman strain grown on 7H10+glycerol+phenanthroline"
[1] NA
[1] "knockout of Rv2869c in Erdman strain grown on 7H10+glycerol+phenanthroline"
[1] NA
[1] "wt H37Rv strain grown on 7H10+glycerol"
[1] NA
[1] "wt H37Rv strain grown on 7H10+glycerol"
[1] NA
[1] "wt H37Rv strain grown on 7H10+glycerol+phenanthroline"
[1] NA
[1] "wt H37Rv strain grown on 7H10+glycerol+phenanthroline"
[1] NA
[1] "knockout of Rv3193c in H37Rv strain grown on 7H10+glycerol"
[1] NA
[1] "knockout of Rv3193c in H37Rv strain grown on 7H10+glycerol"
[1] NA
[1] "knockout of Rv3193c in H37Rv strain grown on 7H10+glycerol+phenanthroline"
[1] NA
[1] "knockout of Rv3193c in H37Rv strain grown on 7H10+glycerol+phenanthroline"
[1] NA
