[1] "Print Tip Lowess Normalized Log 2 ratio (Cy5/Cy3)"
[1] "Rv control"
[1] NA
[1] "Rv treated with SDS"
[1] NA
[1] "Rv control"
[1] NA
[1] "Rv treated with SDS"
[1] NA
[1] "Rv control"
[1] NA
[1] "Rv treated with SDS"
[1] NA
[1] "Rv control"
[1] NA
[1] "Mpr control"
[1] NA
[1] "Rv control"
[1] NA
[1] "Mpr control"
[1] NA
[1] "Rv control"
[1] NA
[1] "Mpr control"
[1] NA
[1] "Mpr control"
[1] NA
[1] "Mpr treated with SDS"
[1] NA
[1] "Mpr control"
[1] NA
[1] "Mpr treated with SDS"
[1] NA
[1] "Mpr control"
[1] NA
[1] "Mpr treated with SDS"
[1] NA
[1] "Rv treated with SDS"
[1] NA
[1] "Mpr treated with SDS"
[1] NA
[1] "Rv treated with SDS"
[1] NA
[1] "Mpr treated with SDS"
[1] NA
[1] "Rv treated with SDS"
[1] NA
[1] "Mpr treated with SDS"
[1] NA
