[1] "RMA normalized expression (log2 values)"
[1] "KO CS_1"
[1] NA
[1] "KO CS_2"
[1] NA
[1] "KO CS_3"
[1] NA
[1] "KO CS_4"
[1] NA
[1] "KO HS_1.1"
[1] NA
[1] "KO HS_1.2"
[1] NA
[1] "KO HS_1.3"
[1] NA
[1] "KO HS_2.1"
[1] NA
[1] "KO HS_2.2"
[1] NA
[1] "KO HS_2.3"
[1] NA
[1] "KO HS_3.1"
[1] NA
[1] "KO HS_3.2"
[1] NA
[1] "KO HS_3.3"
[1] NA
[1] "KO Hyp_0.1"
[1] NA
[1] "KO Hyp_0.2"
[1] NA
[1] "KO Hyp_0.3"
[1] NA
[1] "KO Hyp_1.1"
[1] NA
[1] "KO Hyp_1.2"
[1] NA
[1] "KO Hyp_1.3"
[1] NA
[1] "KO LA_1"
[1] NA
[1] "KO LA_2"
[1] NA
[1] "KO LA_3"
[1] NA
[1] "KO LA_4"
[1] NA
[1] "KO LOG_37.1"
[1] NA
[1] "KO LOG_37.2"
[1] NA
[1] "KO LOG_37.3"
[1] NA
[1] "KO MCS_1"
[1] NA
[1] "KO MCS_2"
[1] NA
[1] "KO MCS_3"
[1] NA
[1] "KO MCS_4"
[1] NA
[1] "KO pH1"
[1] NA
[1] "KO pH2"
[1] NA
[1] "KO pH3"
[1] NA
[1] "KO pH4"
[1] NA
[1] "KO pH5"
[1] NA
[1] "KO SDS1"
[1] NA
[1] "KO SDS2"
[1] NA
[1] "KO SDS3"
[1] NA
[1] "KO SDS4"
[1] NA
[1] "KO SDS5"
[1] NA
[1] "KO STAT1"
[1] NA
[1] "KO STAT2"
[1] NA
[1] "KO STAT3"
[1] NA
[1] "KO STAT4"
[1] NA
[1] "KO STAT5"
[1] NA
[1] "WT CS_1"
[1] NA
[1] "WT CS_2"
[1] NA
[1] "WT CS_3"
[1] NA
[1] "WT CS_4"
[1] NA
[1] "WT HS_1.1"
[1] NA
[1] "WT HS_1.2"
[1] NA
[1] "WT HS_1.3"
[1] NA
[1] "WT HS_2.1"
[1] NA
[1] "WT HS_2.2"
[1] NA
[1] "WT HS_2.3"
[1] NA
[1] "WT HS_3.1"
[1] NA
[1] "WT HS_3.2"
[1] NA
[1] "WT HS_3.3"
[1] NA
[1] "WT LA_1"
[1] NA
[1] "WT LA_2"
[1] NA
[1] "WT LA_3"
[1] NA
[1] "WT LA_4"
[1] NA
[1] "WT LOG_37.1"
[1] NA
[1] "WT LOG_37.2"
[1] NA
[1] "WT LOG_37.3"
[1] NA
[1] "WT MCS_1"
[1] NA
[1] "WT MCS_2"
[1] NA
[1] "WT MCS_3"
[1] NA
[1] "WT MCS_4"
[1] NA
[1] "WT pH1"
[1] NA
[1] "WT pH2"
[1] NA
[1] "WT pH3"
[1] NA
[1] "WT pH4"
[1] NA
[1] "WT pH5"
[1] NA
[1] "WT SDS1"
[1] NA
[1] "WT SDS2"
[1] NA
[1] "WT SDS3"
[1] NA
[1] "WT SDS4"
[1] NA
[1] "WT SDS5"
[1] NA
[1] "WT STAT1"
[1] NA
[1] "WT STAT2"
[1] NA
[1] "WT STAT3"
[1] NA
[1] "WT STAT4"
[1] NA
[1] "WT STAT5"
[1] NA
