[1] "Software computed foreground median intensities"
[1] "Individual mouse sera"
[1] NA
[1] "Individual mouse sera"
[1] NA
[1] "Individual mouse sera"
[1] NA
[1] "Individual mouse sera"
[1] NA
[1] "Individual mouse sera"
[1] NA
[1] "Individual mouse sera"
[1] NA
[1] "Individual mouse sera"
[1] NA
[1] "Individual mouse sera"
[1] NA
[1] "Individual mouse sera"
[1] NA
[1] "Individual mouse sera"
[1] NA
[1] "Individual mouse sera"
[1] NA
[1] "Individual mouse sera"
[1] NA
[1] "Individual mouse sera"
[1] NA
[1] "Individual mouse sera"
[1] NA
[1] "Individual mouse sera"
[1] NA
[1] "Individual mouse sera"
[1] NA
[1] "Individual mouse sera"
[1] NA
[1] "Individual mouse sera"
[1] NA
[1] "Individual mouse sera"
[1] NA
[1] "Individual mouse sera"
[1] NA
[1] "Individual mouse sera"
[1] NA
[1] "Individual mouse sera"
[1] NA
[1] "Individual mouse sera"
[1] NA
[1] "Individual mouse sera"
[1] NA
[1] "BXD2 Mice Sera"
[1] NA
[1] "B6 Mice Sera"
[1] NA
[1] "B6 Mice Sera"
[1] NA
[1] "BXD2 Mice Sera"
[1] NA
[1] "BXD2 Mice Sera"
[1] NA
