[1] NA
[1] "Exponentially grown cells"
[1] NA
[1] "Exponentially grown cells"
[1] NA
[1] "Exponentially grown cells"
[1] NA
[1] "Exponentially grown cells"
[1] NA
[1] "Exponentially grown cells"
[1] NA
[1] "Exponentially grown cells"
[1] NA
[1] "Exponentially grown cells"
[1] NA
[1] "Exponentially grown cells"
[1] NA
[1] "Exponentially grown cells"
[1] NA
[1] "Exponentially grown cells"
[1] NA
[1] "Exponentially grown cells"
[1] NA
[1] "Exponentially grown cells"
[1] NA
