[1] "Normalized signal intensity"
[1] "PA3/pUCP24 lysates, lag phase"
[1] NA
[1] "PA3/pUCP24 lysates, lag phase"
[1] NA
[1] "PA3/pUCP24 lysates, lag phase"
[1] NA
[1] "PA3/pUCP24 lysates, logarithmic phase"
[1] NA
[1] "PA3/pUCP24 lysates, logarithmic phase"
[1] NA
[1] "PA3/pUCP24 lysates, logarithmic phase"
[1] NA
[1] "PA3/pUCP24 lysates, stable phase"
[1] NA
[1] "PA3/pUCP24 lysates, stable phase"
[1] NA
[1] "PA3/pUCP24 lysates, stable phase"
[1] NA
[1] "PA3/pUCP24-orf70.1, lag phase"
[1] NA
[1] "PA3/pUCP24-orf70.1, lag phase"
[1] NA
[1] "PA3/pUCP24-orf70.1, lag phase"
[1] NA
[1] "PA3/pUCP24-orf70.1, logarithmic phase"
[1] NA
[1] "PA3/pUCP24-orf70.1, logarithmic phase"
[1] NA
[1] "PA3/pUCP24-orf70.1, logarithmic phase"
[1] NA
[1] "PA3/pUCP24-orf70.1, stable phase"
[1] NA
[1] "PA3/pUCP24-orf70.1, stable phase"
[1] NA
[1] "PA3/pUCP24-orf70.1, stable phase"
[1] NA
