[1] "Log2 Ratio of median (635/532)"
[1] "menC 053442"
[1] NA
[1] "menC 053442"
[1] NA
[1] "menC 053442"
[1] NA
[1] "menC 053442"
[1] NA
[1] "menC 053442"
[1] NA
[1] "menC 053442"
[1] NA
[1] "menC 053442"
[1] NA
[1] "menC 053442"
[1] NA
[1] "menC 053442"
[1] NA
[1] "menC 053442"
[1] NA
[1] "menC 053442"
[1] NA
[1] "menC 053442"
[1] NA
[1] "menC 053442"
[1] NA
[1] "menC 053442"
[1] NA
[1] "menC 053442"
[1] NA
[1] "menC 053442"
[1] NA
[1] "menC 053442"
[1] NA
[1] "menC 053442"
[1] NA
[1] "menC 053442"
[1] NA
[1] "menC 053442"
[1] NA
[1] "menC 053442"
[1] NA
[1] "menC 053442"
[1] NA
[1] "menC 053442"
[1] NA
[1] "menC 053442"
[1] NA
[1] "menC 053442"
[1] NA
[1] "menC 053442"
[1] NA
[1] "menC 053442"
[1] NA
[1] "menC 053442"
[1] NA
[1] "menC 053442"
[1] NA
[1] "menC 053442"
[1] NA
[1] "menC 053442"
[1] NA
[1] "menC 053442"
[1] NA
[1] "menC 053442"
[1] NA
[1] "menC 053442"
[1] NA
[1] "menC 053442"
[1] NA
[1] "menC 053442"
[1] NA
[1] "menC 053442"
[1] NA
[1] "menC 053442"
[1] NA
[1] "menC 053442"
[1] NA
[1] "menC 053442"
[1] NA
[1] "menC 053442"
[1] NA
[1] "menC 053442"
[1] NA
[1] "menC 053442"
[1] NA
[1] "menC 053442"
[1] NA
[1] "menC 053442"
[1] NA
[1] "menC 053442"
[1] NA
[1] "menC 053442"
[1] NA
[1] "menC 053442"
[1] NA
[1] "menC 053442"
[1] NA
[1] "menC 053442"
[1] NA
[1] "menC 053442"
[1] NA
[1] "menC 053442"
[1] NA
[1] "menC 053442"
[1] NA
[1] "menC 053442"
[1] NA
[1] "menC 053442"
[1] NA
[1] "menC 053442"
[1] NA
[1] "menC 053442"
[1] NA
[1] "menC 053442"
[1] NA
[1] "menC 053442"
[1] NA
[1] "menC 053442"
[1] NA
[1] "menC 053442"
[1] NA
[1] "menC 053442"
[1] NA
[1] "menC 053442"
[1] NA
[1] "menC 053442"
[1] NA
[1] "menC 053442"
[1] NA
[1] "menC 053442"
[1] NA
[1] "menC 053442"
[1] NA
[1] "menC 053442"
[1] NA
[1] "menC 053442"
[1] NA
[1] "menC 053442"
[1] NA
[1] "menC 053442"
[1] NA
[1] "menC 053442"
[1] NA
[1] "menC 053442"
[1] NA
[1] "menC 053442"
[1] NA
[1] "menC 053442"
[1] NA
[1] "menC 053442"
[1] NA
[1] "menC 053442"
[1] NA
[1] "menC 053442"
[1] NA
[1] "menC 053442"
[1] NA
[1] "menC 053442"
[1] NA
[1] "menC 053442"
[1] NA
