[1] "Quantile normalized, using Partek Genomics Suite, signal intensity"
[1] "S. aureus strain MW2, psmalpha, psmbeta, and hld deletion mutant"
[1] NA
[1] "S. aureus strain MW2, psmalpha, psmbeta, and hld deletion mutant"
[1] NA
[1] "S. aureus strain MW2, psmalpha, psmbeta, and hld deletion mutant"
[1] NA
[1] "S. aureus strain MW2, psmalpha, psmbeta, hld, and pmtR deletion mutant"
[1] NA
[1] "S. aureus strain MW2, psmalpha, psmbeta, hld, and pmtR deletion mutant"
[1] NA
[1] "S. aureus strain MW2, psmalpha, psmbeta, hld, and pmtR deletion mutant"
[1] NA
[1] "S. aureus strain MW2"
[1] NA
[1] "S. aureus strain MW2"
[1] NA
[1] "S. aureus strain MW2"
[1] NA
[1] "S. aureus strain MW2, psmalpha, psmbeta, and hld deletion mutant"
[1] NA
[1] "S. aureus strain MW2, psmalpha, psmbeta, and hld deletion mutant"
[1] NA
[1] "S. aureus strain MW2, psmalpha, psmbeta, and hld deletion mutant"
[1] NA
