[1] "normalized log10 ratio of test/reference"
[1] "Halobacterium NRC1, IP fraction of ChIP-Chip sample from Cmyc tagged TFBd"
[1] NA
[1] "Halobacterium NRC1, IP fraction of ChIP-Chip sample from Cmyc tagged TFBd"
[1] NA
[1] "Halobacterium NRC1, IP fraction of ChIP-Chip sample from Cmyc tagged TFBd"
[1] NA
[1] "Halobacterium NRC1, IP fraction of ChIP-Chip sample from Cmyc tagged TFBd"
[1] NA
[1] "Halobacterium NRC1, IP fraction of ChIP-Chip sample from Cmyc tagged TBPb"
[1] NA
[1] "Halobacterium NRC1, IP fraction of ChIP-Chip sample from Cmyc tagged TBPb"
[1] NA
[1] "Halobacterium NRC1, IP fraction of ChIP-Chip sample from Cmyc tagged TFBg"
[1] NA
[1] "Halobacterium NRC1, IP fraction of ChIP-Chip sample from Cmyc tagged TFBg"
[1] NA
[1] "Halobacterium NRC1, IP fraction of ChIP-Chip sample from Cmyc tagged TBPb"
[1] NA
[1] "Halobacterium NRC1, IP fraction of ChIP-Chip sample from Cmyc tagged TBPb"
[1] NA
[1] "Halobacterium NRC1, IP fraction of ChIP-Chip sample from Cmyc tagged TFBg"
[1] NA
[1] "Halobacterium NRC1, IP fraction of ChIP-Chip sample from Cmyc tagged TFBg"
[1] NA
[1] "Halobacterium NRC1, IP fraction of ChIP-Chip sample from Cmyc tagged TFBa"
[1] NA
[1] "Halobacterium NRC1, IP fraction of ChIP-Chip sample from Cmyc tagged TFBa"
[1] NA
[1] "Halobacterium NRC1, IP fraction of ChIP-Chip sample from Cmyc tagged TFBa"
[1] NA
[1] "Halobacterium NRC1, IP fraction of ChIP-Chip sample from Cmyc tagged TFBa"
[1] NA
[1] "Halobacterium NRC1, IP fraction of ChIP-Chip sample from Cmyc tagged TFBc"
[1] NA
[1] "Halobacterium NRC1, IP fraction of ChIP-Chip sample from Cmyc tagged TFBc"
[1] NA
[1] "Halobacterium NRC1, IP fraction of ChIP-Chip sample from Cmyc tagged TFBc"
[1] NA
[1] "Halobacterium NRC1, IP fraction of ChIP-Chip sample from Cmyc tagged TFBc"
[1] NA
[1] "Halobacterium NRC1, IP fraction of ChIP-Chip sample from Cmyc tagged TFBe"
[1] NA
[1] "Halobacterium NRC1, IP fraction of ChIP-Chip sample from Cmyc tagged TFBe"
[1] NA
[1] "Halobacterium NRC1, IP fraction of ChIP-Chip sample from Cmyc tagged TFBe"
[1] NA
[1] "Halobacterium NRC1, IP fraction of ChIP-Chip sample from Cmyc tagged TFBf"
[1] NA
[1] "Halobacterium NRC1, IP fraction of ChIP-Chip sample from Cmyc tagged TFBf"
[1] NA
[1] "Halobacterium NRC1, IP fraction of ChIP-Chip sample from Cmyc tagged TFBf"
[1] NA
[1] "Halobacterium NRC1, IP fraction of ChIP-Chip sample from Cmyc tagged TFBf"
[1] NA
[1] "Halobacterium NRC1, IP fraction of ChIP-Chip sample from Cmyc tagged TFBd"
[1] NA
[1] "Halobacterium NRC1, IP fraction of ChIP-Chip sample from Cmyc tagged TFBd"
[1] NA
[1] "Halobacterium NRC1, IP fraction of ChIP-Chip sample from Cmyc tagged TFBc"
[1] NA
[1] "Halobacterium NRC1, IP fraction of ChIP-Chip sample from Cmyc tagged TFBc"
[1] NA
[1] "Halobacterium NRC1, IP fraction of ChIP-Chip sample from Cmyc tagged TFBd"
[1] NA
[1] "Halobacterium NRC1, IP fraction of ChIP-Chip sample from Cmyc tagged TFBd"
[1] NA
[1] "Halobacterium NRC1, IP fraction of ChIP-Chip sample from Cmyc tagged TFBc"
[1] NA
[1] "Halobacterium NRC1, IP fraction of ChIP-Chip sample from Cmyc tagged TFBc"
[1] NA
[1] "Halobacterium NRC1, IP fraction of ChIP-Chip sample from Cmyc tagged TFBd"
[1] NA
[1] "Halobacterium NRC1, IP fraction of ChIP-Chip sample from Cmyc tagged TFBd"
[1] NA
[1] "Halobacterium NRC1, IP fraction of ChIP-Chip sample from Cmyc tagged TFBd"
[1] NA
[1] "Halobacterium NRC1, IP fraction of ChIP-Chip sample from Cmyc tagged TFBd"
[1] NA
[1] "Halobacterium NRC1, IP fraction of ChIP-Chip sample from Cmyc tagged TFBa"
[1] NA
[1] "Halobacterium NRC1, IP fraction of ChIP-Chip sample from Cmyc tagged TFBa"
[1] NA
[1] "Halobacterium NRC1, IP fraction of ChIP-Chip sample from Cmyc tagged TFBa"
[1] NA
[1] "Halobacterium NRC1, IP fraction of ChIP-Chip sample from Cmyc tagged TFBa"
[1] NA
[1] "Halobacterium NRC1, IP fraction of ChIP-Chip sample from Cmyc tagged TFBb"
[1] NA
[1] "Halobacterium NRC1, IP fraction of ChIP-Chip sample from Cmyc tagged TFBb"
[1] NA
[1] "Halobacterium NRC1, IP fraction of ChIP-Chip sample from Cmyc tagged TFBf"
[1] NA
[1] "Halobacterium NRC1, IP fraction of ChIP-Chip sample from Cmyc tagged TFBf"
[1] NA
[1] "Halobacterium NRC1, IP fraction of ChIP-Chip sample from Cmyc tagged TFBf"
[1] NA
[1] "Halobacterium NRC1, IP fraction of ChIP-Chip sample from Cmyc tagged TFBf"
[1] NA
[1] "Halobacterium NRC1, IP fraction of ChIP-Chip sample from Cmyc tagged TFBb"
[1] NA
[1] "Halobacterium NRC1, IP fraction of ChIP-Chip sample from Cmyc tagged TFBb"
[1] NA
[1] "Halobacterium NRC1, IP fraction of ChIP-Chip sample from Cmyc tagged TFBc"
[1] NA
[1] "Halobacterium NRC1, IP fraction of ChIP-Chip sample from Cmyc tagged TFBc"
[1] NA
[1] "Halobacterium NRC1, IP fraction of ChIP-Chip sample from Cmyc tagged TFBc"
[1] NA
[1] "Halobacterium NRC1, IP fraction of ChIP-Chip sample from Cmyc tagged TFBc"
[1] NA
[1] "Halobacterium NRC1, IP fraction of ChIP-Chip sample from Cmyc tagged TBPb"
[1] NA
[1] "Halobacterium NRC1, IP fraction of ChIP-Chip sample from Cmyc tagged TBPb"
[1] NA
[1] "Halobacterium NRC1, IP fraction of ChIP-Chip sample from Cmyc tagged TBPb"
[1] NA
[1] "Halobacterium NRC1, IP fraction of ChIP-Chip sample from Cmyc tagged TFBg"
[1] NA
[1] "Halobacterium NRC1, IP fraction of ChIP-Chip sample from Cmyc tagged TFBg"
[1] NA
[1] "Halobacterium NRC1, IP fraction of ChIP-Chip sample from Cmyc tagged TFBe"
[1] NA
[1] "Halobacterium NRC1, IP fraction of ChIP-Chip sample from Cmyc tagged TFBf"
[1] NA
[1] "Halobacterium NRC1, IP fraction of ChIP-Chip sample from Cmyc tagged TFBg"
[1] NA
[1] "Halobacterium NRC1, IP fraction of ChIP-Chip sample from Cmyc tagged TFBg"
[1] NA
[1] "Halobacterium NRC1, IP fraction of ChIP-Chip sample from Cmyc tagged TFBe"
[1] NA
[1] "Halobacterium NRC1, IP fraction of ChIP-Chip sample from Cmyc tagged TFBf"
[1] NA
[1] "Halobacterium NRC1, IP fraction of ChIP-Chip sample from Cmyc tagged TFBd"
[1] NA
[1] "Halobacterium NRC1, whole cell extract (wce) from Cmyc tagged TFBd"
[1] NA
[1] "Halobacterium NRC1, IP fraction of ChIP-Chip sample from Cmyc tagged TFBd"
[1] NA
[1] "Halobacterium NRC1, whole cell extract (wce) from Cmyc tagged TFBd"
[1] NA
[1] "Halobacterium NRC1, IP fraction of ChIP-Chip sample from Cmyc tagged TFBd"
[1] NA
[1] "Halobacterium NRC1, whole cell extract (wce) from Cmyc tagged TFBd"
[1] NA
[1] "Halobacterium NRC1, IP fraction of ChIP-Chip sample from Cmyc tagged TFBd"
[1] NA
[1] "Halobacterium NRC1, IP fraction of ChIP-Chip sample from Cmyc tagged TFBd"
[1] NA
[1] "Halobacterium NRC1, IP fraction of ChIP-Chip sample from Cmyc tagged TFBg"
[1] NA
[1] "Halobacterium NRC1, IP fraction of ChIP-Chip sample from Cmyc tagged TFBg"
[1] NA
[1] "Halobacterium NRC1, whole cell extract (wce) from Cmyc tagged TFBg"
[1] NA
[1] "Halobacterium NRC1, whole cell extract (wce) from Cmyc tagged TFBg"
[1] NA
