[1] "Loess normalised log2 ratio (Cy3/Cy5)"
[1] "WCH16 (serotype 6A), nasal wash, 48 hrs"
[1] "48"
[1] "172800"
[1] "WCH16 (serotype 6A), blood, 48 hrs"
[1] "48"
[1] "172800"
[1] "WCH16 (serotype 6A), nasal wash, 48 hrs"
[1] "48"
[1] "172800"
[1] "WCH16 (serotype 6A), nasal wash, 72 hrs"
[1] "72"
[1] "259200"
[1] "WCH16 (serotype 6A), nasal wash, 72 hrs"
[1] "72"
[1] "259200"
[1] "WCH16 (serotype 6A), blood, 72 hrs"
[1] "72"
[1] "259200"
[1] "WCH16 (serotype 6A), nasal wash, 96 hrs"
[1] "96"
[1] "345600"
[1] "WCH16 (serotype 6A), nasal wash, 96 hrs"
[1] "96"
[1] "345600"
[1] "WCH16 (serotype 6A), blood, 96 hrs"
[1] "96"
[1] "345600"
[1] "WCH43 (serotype 4), nasal wash, 48 hrs"
[1] "48"
[1] "172800"
[1] "WCH43 (serotype 4), nasal wash, 96 hrs"
[1] "96"
[1] "345600"
[1] "WCH43 (serotype 4), nasal wash, 72 hrs"
[1] "72"
[1] "259200"
[1] "WCH43 (serotype 4), nasal wash, 48 hrs"
[1] "48"
[1] "172800"
[1] "WCH43 (serotype 4), nasal wash, 96 hrs"
[1] "96"
[1] "345600"
[1] "WCH43 (serotype 4), nasal wash, 72 hrs"
[1] "72"
[1] "259200"
[1] "WCH43 (serotype 4), blood, 48 hrs"
[1] "48"
[1] "172800"
[1] "WCH43 (serotype 4), blood, 72 hrs"
[1] "72"
[1] "259200"
[1] "WCH43 (serotype 4), blood, 96 hrs"
[1] "96"
[1] "345600"
 [1] "0"      "0"      "0"      "86400"  "86400"  "86400"  "172800" "172800"
 [9] "172800" "0"      "172800" "86400"  "0"      "172800" "86400"  "0"     
[17] "86400"  "172800"
[1] "ID"      "Block"   "Column"  "Row"     "SP ID"   "ORF"     "SPOT_ID"
[1] "gene symbol column not found. searching for ORF column..."
[1] "orf column not found: checking for '//' exeption..."
