[1] "normalized log 10 ratio (treatment/reference) with FLAG=K removed"
[1] "Halobacterium NRC-1 ura3 and phr1 gene knockouts."
[1] NA
[1] "Halobacterium NRC-1 ura3 and phr1 gene knockouts."
[1] NA
[1] "Halobacterium NRC-1 ura3 and phr1 gene knockouts."
[1] NA
[1] "Halobacterium NRC-1 ura3 and phr1 gene knockouts."
[1] NA
[1] "Halobacterium NRC-1 ura3 and phr1 gene knockouts."
[1] NA
[1] "Halobacterium NRC-1 ura3 and phr1 gene knockouts."
[1] NA
[1] "Halobacterium NRC-1 ura3 and phr1 gene knockouts."
[1] NA
[1] "Halobacterium NRC-1 ura3 and phr1 gene knockouts."
[1] NA
[1] "Halobacterium NRC-1 ura3 knockout."
[1] NA
[1] "Halobacterium NRC-1 ura3 knockout."
[1] NA
[1] "Halobacterium NRC-1 ura3 knockout."
[1] NA
[1] "Halobacterium NRC-1 ura3 knockout."
[1] NA
[1] "Halobacterium NRC-1 ura3 knockout."
[1] NA
[1] "Halobacterium NRC-1 ura3 knockout."
[1] NA
[1] "Halobacterium NRC-1 ura3 knockout."
[1] NA
[1] "Halobacterium NRC-1 ura3 knockout."
[1] NA
[1] "Halobacterium NRC-1 ura3 and phr1 and phr2 gene knockouts."
[1] NA
[1] "Halobacterium NRC-1 ura3 and phr1 and phr2 gene knockouts."
[1] NA
[1] "Halobacterium NRC-1 ura3 and phr1 and phr2 gene knockouts."
[1] NA
[1] "Halobacterium NRC-1 ura3 and phr1 and phr2 gene knockouts."
[1] NA
[1] "Halobacterium NRC-1 ura3 and phr1 and phr2 gene knockouts."
[1] NA
[1] "Halobacterium NRC-1 ura3 and phr1 and phr2 gene knockouts."
[1] NA
[1] "Halobacterium NRC-1 ura3 and phr1 and phr2 gene knockouts."
[1] NA
[1] "Halobacterium NRC-1 ura3 and phr1 and phr2 gene knockouts."
[1] NA
[1] "Halobacterium NRC-1 ura3 and bop gene knockouts."
[1] NA
[1] "Halobacterium NRC-1 ura3 and bop gene knockouts."
[1] NA
[1] "Halobacterium NRC-1 ura3 and bop gene knockouts."
[1] NA
[1] "Halobacterium NRC-1 ura3 and bop gene knockouts."
[1] NA
[1] "Halobacterium NRC-1 ura3 and bop gene knockouts."
[1] NA
[1] "Halobacterium NRC-1 ura3 and bop gene knockouts."
[1] NA
[1] "Halobacterium NRC-1 ura3 and bop gene knockouts."
[1] NA
[1] "Halobacterium NRC-1 ura3 and bop gene knockouts."
[1] NA
[1] "Halobacterium NRC-1 ura3 and phr2 gene knockouts."
[1] NA
[1] "Halobacterium NRC-1 ura3 and phr2 gene knockouts."
[1] NA
[1] "Halobacterium NRC-1 ura3 and phr2 gene knockouts."
[1] NA
[1] "Halobacterium NRC-1 ura3 and phr2 gene knockouts."
[1] NA
[1] "Halobacterium NRC-1 ura3 and phr2 gene knockouts."
[1] NA
[1] "Halobacterium NRC-1 ura3 and phr2 gene knockouts."
[1] NA
[1] "Halobacterium NRC-1 ura3 and phr2 gene knockouts."
[1] NA
[1] "Halobacterium NRC-1 ura3 and phr2 gene knockouts."
[1] NA
[1] "Halobacterium NRC-1 ura3 and sop2 gene knockouts."
[1] NA
[1] "Halobacterium NRC-1 ura3 and sop2 gene knockouts."
[1] NA
[1] "Halobacterium NRC-1 ura3 and sop2 gene knockouts."
[1] NA
[1] "Halobacterium NRC-1 ura3 and sop2 gene knockouts."
[1] NA
[1] "Halobacterium NRC-1 ura3 and sop2 gene knockouts."
[1] NA
[1] "Halobacterium NRC-1 ura3 and sop2 gene knockouts."
[1] NA
[1] "Halobacterium NRC-1 ura3 and sop2 gene knockouts."
[1] NA
[1] "Halobacterium NRC-1 ura3 and sop2 gene knockouts."
[1] NA
[1] "Halobacterium NRC-1 ura3 and afsQ2 gene knockouts."
[1] NA
[1] "Halobacterium NRC-1 ura3 and afsQ2 gene knockouts."
[1] NA
[1] "Halobacterium NRC-1 ura3 and afsQ2 gene knockouts."
[1] NA
[1] "Halobacterium NRC-1 ura3 and afsQ2 gene knockouts."
[1] NA
[1] "Halobacterium NRC-1 ura3 and afsQ2 gene knockouts."
[1] NA
[1] "Halobacterium NRC-1 ura3 and afsQ2 gene knockouts."
[1] NA
[1] "Halobacterium NRC-1 ura3 and afsQ2 gene knockouts."
[1] NA
[1] "Halobacterium NRC-1 ura3 and afsQ2 gene knockouts."
[1] NA
[1] "Halobacterium NRC-1 ura3 and htlD gene knockouts."
[1] NA
[1] "Halobacterium NRC-1 ura3 and htlD gene knockouts."
[1] NA
[1] "Halobacterium NRC-1 ura3 and htlD gene knockouts."
[1] NA
[1] "Halobacterium NRC-1 ura3 and htlD gene knockouts."
[1] NA
[1] "Halobacterium NRC-1 ura3 and htlD gene knockouts."
[1] NA
[1] "Halobacterium NRC-1 ura3 and htlD gene knockouts."
[1] NA
[1] "Halobacterium NRC-1 ura3 and htlD gene knockouts."
[1] NA
[1] "Halobacterium NRC-1 ura3 and htlD gene knockouts."
[1] NA
[1] "Halobacterium NRC-1 ura3 and vng750c gene knockouts."
[1] NA
[1] "Halobacterium NRC-1 ura3 and vng750c gene knockouts."
[1] NA
[1] "Halobacterium NRC-1 ura3 and vng750c gene knockouts."
[1] NA
[1] "Halobacterium NRC-1 ura3 and vng750c gene knockouts."
[1] NA
[1] "Halobacterium NRC-1 ura3 and vng750c gene knockouts."
[1] NA
[1] "Halobacterium NRC-1 ura3 and vng750c gene knockouts."
[1] NA
[1] "Halobacterium NRC-1 ura3 and vng750c gene knockouts."
[1] NA
[1] "Halobacterium NRC-1 ura3 and vng750c gene knockouts."
[1] NA
[1] "Halobacterium NRC-1 ura3 and boa1 gene knockouts."
[1] NA
[1] "Halobacterium NRC-1 ura3 and boa1 gene knockouts."
[1] NA
[1] "Halobacterium NRC-1 ura3 and boa1 gene knockouts."
[1] NA
[1] "Halobacterium NRC-1 ura3 and boa1 gene knockouts."
[1] NA
[1] "Halobacterium NRC-1 ura3 and boa1 gene knockouts."
[1] NA
[1] "Halobacterium NRC-1 ura3 and boa1 gene knockouts."
[1] NA
[1] "Halobacterium NRC-1 ura3 and boa1 gene knockouts."
[1] NA
[1] "Halobacterium NRC-1 ura3 and boa1 gene knockouts."
[1] NA
[1] "Halobacterium NRC-1 ura3 and ark gene knockouts."
[1] NA
[1] "Halobacterium NRC-1 ura3 and ark gene knockouts."
[1] NA
[1] "Halobacterium NRC-1 ura3 and ark gene knockouts."
[1] NA
[1] "Halobacterium NRC-1 ura3 and ark gene knockouts."
[1] NA
[1] "Halobacterium NRC-1 ura3 and ark gene knockouts."
[1] NA
[1] "Halobacterium NRC-1 ura3 and ark gene knockouts."
[1] NA
[1] "Halobacterium NRC-1 ura3 and ark gene knockouts."
[1] NA
[1] "Halobacterium NRC-1 ura3 and ark gene knockouts."
[1] NA
[1] "Halobacterium NRC-1 ura3 and boa4 gene knockouts."
[1] NA
[1] "Halobacterium NRC-1 ura3 and boa4 gene knockouts."
[1] NA
[1] "Halobacterium NRC-1 ura3 and boa4 gene knockouts."
[1] NA
[1] "Halobacterium NRC-1 ura3 and boa4 gene knockouts."
[1] NA
[1] "Halobacterium NRC-1 ura3 and boa4 gene knockouts."
[1] NA
[1] "Halobacterium NRC-1 ura3 and boa4 gene knockouts."
[1] NA
[1] "Halobacterium NRC-1 ura3 and boa4 gene knockouts."
[1] NA
[1] "Halobacterium NRC-1 ura3 and boa4 gene knockouts."
[1] NA
[1] "Halobacterium NRC-1 ura3 and htr1 gene knockouts."
[1] NA
[1] "Halobacterium NRC-1 ura3 and htr1 gene knockouts."
[1] NA
[1] "Halobacterium NRC-1 ura3 and htr1 gene knockouts."
[1] NA
[1] "Halobacterium NRC-1 ura3 and htr1 gene knockouts."
[1] NA
[1] "Halobacterium NRC-1 ura3 and htr1 gene knockouts."
[1] NA
[1] "Halobacterium NRC-1 ura3 and htr1 gene knockouts."
[1] NA
[1] "Halobacterium NRC-1 ura3 and htr1 gene knockouts."
[1] NA
[1] "Halobacterium NRC-1 ura3 and htr1 gene knockouts."
[1] NA
[1] "Halobacterium NRC-1 ura3 and kinA2 gene knockouts."
[1] NA
[1] "Halobacterium NRC-1 ura3 and kinA2 gene knockouts."
[1] NA
[1] "Halobacterium NRC-1 ura3 and kinA2 gene knockouts."
[1] NA
[1] "Halobacterium NRC-1 ura3 and kinA2 gene knockouts."
[1] NA
[1] "Halobacterium NRC-1 ura3 and kinA2 gene knockouts."
[1] NA
[1] "Halobacterium NRC-1 ura3 and kinA2 gene knockouts."
[1] NA
[1] "Halobacterium NRC-1 ura3 and kinA2 gene knockouts."
[1] NA
[1] "Halobacterium NRC-1 ura3 and kinA2 gene knockouts."
[1] NA
[1] "Halobacterium NRC-1 ura3 and htr8 gene knockouts."
[1] NA
[1] "Halobacterium NRC-1 ura3 and htr8 gene knockouts."
[1] NA
[1] "Halobacterium NRC-1 ura3 and htr8 gene knockouts."
[1] NA
[1] "Halobacterium NRC-1 ura3 and htr8 gene knockouts."
[1] NA
[1] "Halobacterium NRC-1 ura3 and htr8 gene knockouts."
[1] NA
[1] "Halobacterium NRC-1 ura3 and htr8 gene knockouts."
[1] NA
[1] "Halobacterium NRC-1 ura3 and htr8 gene knockouts."
[1] NA
[1] "Halobacterium NRC-1 ura3 and htr8 gene knockouts."
[1] NA
[1] "Halobacterium NRC-1"
[1] NA
[1] "Halobacterium NRC-1"
[1] NA
[1] "Halobacterium NRC-1"
[1] NA
[1] "Halobacterium NRC-1"
[1] NA
[1] "Halobacterium NRC-1"
[1] NA
[1] "Halobacterium NRC-1"
[1] NA
[1] "Halobacterium NRC-1"
[1] NA
[1] "Halobacterium NRC-1"
[1] NA
[1] "Halobacterium NRC-1 ura3 and phoR gene knockouts."
[1] NA
[1] "Halobacterium NRC-1 ura3 and phoR gene knockouts."
[1] NA
[1] "Halobacterium NRC-1 ura3 and phoR gene knockouts."
[1] NA
[1] "Halobacterium NRC-1 ura3 and phoR gene knockouts."
[1] NA
[1] "Halobacterium NRC-1 ura3 and phoR gene knockouts."
[1] NA
[1] "Halobacterium NRC-1 ura3 and phoR gene knockouts."
[1] NA
[1] "Halobacterium NRC-1 ura3 and phoR gene knockouts."
[1] NA
[1] "Halobacterium NRC-1 ura3 and phoR gene knockouts."
[1] NA
[1] "Halobacterium NRC-1 ura3 and htr2 gene knockouts."
[1] NA
[1] "Halobacterium NRC-1 ura3 and htr2 gene knockouts."
[1] NA
[1] "Halobacterium NRC-1 ura3 and htr2 gene knockouts."
[1] NA
[1] "Halobacterium NRC-1 ura3 and htr2 gene knockouts."
[1] NA
[1] "Halobacterium NRC-1 ura3 and htr2 gene knockouts."
[1] NA
[1] "Halobacterium NRC-1 ura3 and htr2 gene knockouts."
[1] NA
[1] "Halobacterium NRC-1 ura3 and htr2 gene knockouts."
[1] NA
[1] "Halobacterium NRC-1 ura3 and htr2 gene knockouts."
[1] NA
[1] "Halobacterium NRC-1 ura3 and vng1296c gene knockouts."
[1] NA
[1] "Halobacterium NRC-1 ura3 and vng1296c gene knockouts."
[1] NA
[1] "Halobacterium NRC-1 ura3 and vng1296c gene knockouts."
[1] NA
[1] "Halobacterium NRC-1 ura3 and vng1296c gene knockouts."
[1] NA
[1] "Halobacterium NRC-1 ura3 and vng1296c gene knockouts."
[1] NA
[1] "Halobacterium NRC-1 ura3 and vng1296c gene knockouts."
[1] NA
[1] "Halobacterium NRC-1 ura3 and vng1296c gene knockouts."
[1] NA
[1] "Halobacterium NRC-1 ura3 and vng1296c gene knockouts."
[1] NA
[1] "Halobacterium NRC-1 ura3 and vng2334c gene knockouts."
[1] NA
[1] "Halobacterium NRC-1 ura3 and vng2334c gene knockouts."
[1] NA
[1] "Halobacterium NRC-1 ura3 and vng2334c gene knockouts."
[1] NA
[1] "Halobacterium NRC-1 ura3 and vng2334c gene knockouts."
[1] NA
[1] "Halobacterium NRC-1 ura3 and vng2334c gene knockouts."
[1] NA
[1] "Halobacterium NRC-1 ura3 and vng2334c gene knockouts."
[1] NA
[1] "Halobacterium NRC-1 ura3 and vng2334c gene knockouts."
[1] NA
[1] "Halobacterium NRC-1 ura3 and vng2334c gene knockouts."
[1] NA
[1] "Halobacterium NRC-1 ura3 and zim gene knockouts."
[1] NA
[1] "Halobacterium NRC-1 ura3 and zim gene knockouts."
[1] NA
[1] "Halobacterium NRC-1 ura3 and zim gene knockouts."
[1] NA
[1] "Halobacterium NRC-1 ura3 and zim gene knockouts."
[1] NA
[1] "Halobacterium NRC-1 ura3 and zim gene knockouts."
[1] NA
[1] "Halobacterium NRC-1 ura3 and zim gene knockouts."
[1] NA
[1] "Halobacterium NRC-1 ura3 and zim gene knockouts."
[1] NA
[1] "Halobacterium NRC-1 ura3 and zim gene knockouts."
[1] NA
[1] "Halobacterium NRC-1 ura3 and kinA2 gene knockouts."
[1] NA
[1] "Halobacterium NRC-1 ura3 and kinA2 gene knockouts."
[1] NA
[1] "Halobacterium NRC-1 ura3 and kinA2 gene knockouts."
[1] NA
[1] "Halobacterium NRC-1 ura3 and kinA2 gene knockouts."
[1] NA
[1] "Halobacterium NRC-1 ura3 and kinA2 gene knockouts."
[1] NA
[1] "Halobacterium NRC-1 ura3 and kinA2 gene knockouts."
[1] NA
[1] "Halobacterium NRC-1 ura3 and kinA2 gene knockouts."
[1] NA
[1] "Halobacterium NRC-1 ura3 and kinA2 gene knockouts."
[1] NA
[1] "Halobacterium NRC-1 ura3 and sop2 gene knockouts."
[1] NA
[1] "Halobacterium NRC-1 ura3 and sop2 gene knockouts."
[1] NA
[1] "Halobacterium NRC-1 ura3 and sop2 gene knockouts."
[1] NA
[1] "Halobacterium NRC-1 ura3 and sop2 gene knockouts."
[1] NA
[1] "Halobacterium NRC-1 ura3 and sop2 gene knockouts."
[1] NA
[1] "Halobacterium NRC-1 ura3 and sop2 gene knockouts."
[1] NA
[1] "Halobacterium NRC-1 ura3 and sop2 gene knockouts."
[1] NA
[1] "Halobacterium NRC-1 ura3 and sop2 gene knockouts."
[1] NA
[1] "Halobacterium NRC-1 ura3 and vng19h gene knockouts."
[1] NA
[1] "Halobacterium NRC-1 ura3 and vng19h gene knockouts."
[1] NA
[1] "Halobacterium NRC-1 ura3 and vng19h gene knockouts."
[1] NA
[1] "Halobacterium NRC-1 ura3 and vng19h gene knockouts."
[1] NA
[1] "Halobacterium NRC-1 ura3 and vng19h gene knockouts."
[1] NA
[1] "Halobacterium NRC-1 ura3 and vng19h gene knockouts."
[1] NA
[1] "Halobacterium NRC-1 ura3 and vng19h gene knockouts."
[1] NA
[1] "Halobacterium NRC-1 ura3 and vng19h gene knockouts."
[1] NA
[1] "Halobacterium NRC-1 ura3 and gap gene knockouts."
[1] NA
[1] "Halobacterium NRC-1 ura3 and gap gene knockouts."
[1] NA
[1] "Halobacterium NRC-1 ura3 and gap gene knockouts."
[1] NA
[1] "Halobacterium NRC-1 ura3 and gap gene knockouts."
[1] NA
[1] "Halobacterium NRC-1 ura3 and gap gene knockouts."
[1] NA
[1] "Halobacterium NRC-1 ura3 and gap gene knockouts."
[1] NA
[1] "Halobacterium NRC-1 ura3 and gap gene knockouts."
[1] NA
[1] "Halobacterium NRC-1 ura3 and gap gene knockouts."
[1] NA
