[1] NA
[1] "HepG2 cells"
[1] NA
[1] "HepG2 cells"
[1] NA
[1] "HepG2 cells"
[1] NA
[1] "HepG2 cells"
[1] NA
[1] "HepG2 cells"
[1] NA
[1] "HepG2 cells"
[1] NA
[1] "HepG2 cells"
[1] NA
[1] "HepG2 cells"
[1] NA
[1] "K562 cells"
[1] NA
[1] "K562 cells"
[1] NA
[1] "K562 cells"
[1] NA
[1] "K562 cells"
[1] NA
[1] "K562 cells"
[1] NA
[1] "K562 cells"
[1] NA
[1] "K562 cells"
[1] NA
[1] "K562 cells"
[1] NA
[1] "Plasmid pool"
[1] NA
[1] "Plasmid pool"
[1] NA
[1] "Plasmid pool"
[1] NA
[1] "Plasmid pool"
[1] NA
[1] "HepG2 cells"
[1] NA
[1] "HepG2 cells"
[1] NA
[1] "K562 cells"
[1] NA
[1] "K562 cells"
[1] NA
[1] "Plasmid pool"
[1] NA
[1] "Plasmid pool"
[1] NA
