[1] "normalized log 10 ratio (treatment/reference) with FLAG=K removed"
[1] "Halobacterium NRC-1, knockout of transcription factortbpA"
[1] NA
[1] "Halobacterium NRC-1, knockout of transcription factortbpA"
[1] NA
[1] "Halobacterium NRC-1, knockout of transcription factortbpC"
[1] NA
[1] "Halobacterium NRC-1, knockout of transcription factortbpC"
[1] NA
[1] "Halobacterium NRC-1, knockout of transcription factortbpD"
[1] NA
[1] "Halobacterium NRC-1, knockout of transcription factortbpD"
[1] NA
[1] "Halobacterium NRC-1, knockout of transcription factortfbA"
[1] NA
[1] "Halobacterium NRC-1, knockout of transcription factortfbA"
[1] NA
[1] "Halobacterium NRC-1, knockout of transcription factortfbB"
[1] NA
[1] "Halobacterium NRC-1, knockout of transcription factortfbB"
[1] NA
[1] "Halobacterium NRC-1, knockout of transcription factortfbC"
[1] NA
[1] "Halobacterium NRC-1, knockout of transcription factortfbC"
[1] NA
[1] "Halobacterium NRC-1, knockout of transcription factortfbD"
[1] NA
[1] "Halobacterium NRC-1, knockout of transcription factortfbD"
[1] NA
[1] "Halobacterium NRC-1, non-native expression of transcription factor tfbG."
[1] NA
[1] "Halobacterium NRC-1, non-native expression of transcription factor tfbG."
[1] NA
