[1] "Agilent log2 ratio, test channel (ch1) to reference channel (ch2)."
[1] "Staphylococcus aureus USA300 derived from Mouse Kidney Abscess - InVivo"
[1] NA
[1] "Staphylococcus aureus USA300 derived from Mouse Kidney Abscess - InVivo"
[1] NA
[1] "Staphylococcus aureus USA300 derived from Mouse Kidney Abscess - InVivo"
[1] NA
[1] "Staphylococcus aureus USA300 derived from Mouse Kidney Abscess - InVivo"
[1] NA
[1] "Staphylococcus aureus USA300 derived from Mouse Kidney Abscess - InVivo"
[1] NA
[1] "Staphylococcus aureus USA300 derived from Mouse Kidney Abscess - InVivo"
[1] NA
[1] "Staphylococcus aureus USA300 derived from Mouse Kidney Abscess - InVivo"
[1] NA
[1] "Staphylococcus aureus USA300 derived from Mouse Kidney Abscess - InVivo"
[1] NA
[1] "Staphylococcus aureus USA300 derived from Mouse Kidney Abscess - InVivo"
[1] NA
[1] "Staphylococcus aureus USA300 derived from Mouse Kidney Abscess - InVivo"
[1] NA
[1] "Staphylococcus aureus USA300 derived from Human Skin Pus - InVivo"
[1] NA
[1] "Staphylococcus aureus USA300 derived from Human Skin Pus - InVivo"
[1] NA
[1] "Staphylococcus aureus USA300 4 hour Log Control - Culture"
[1] "4"
[1] "14400"
[1] "Staphylococcus aureus USA300 4 hour Log Control - Culture"
[1] "4"
[1] "14400"
[1] "Staphylococcus aureus USA300 4 hour Log Control - Culture"
[1] "4"
[1] "14400"
[1] "Staphylococcus aureus USA300 derived from Human Skin Pus - InVivo"
[1] NA
