[1] NA
[1] "E. coli Dam- input"
[1] NA
[1] "E. coli Dam- IP"
[1] NA
[1] "E. coli Dam+ input"
[1] NA
[1] "E. coli Dam+ IP"
[1] NA
[1] "M. musculus kidney input"
[1] NA
[1] "M. musculus kidney input"
[1] NA
[1] "M. musculus kidney input"
[1] NA
[1] "M. musculus kidney IP"
[1] NA
[1] "M. musculus kidney IP"
[1] NA
[1] "M. musculus kidney IP"
[1] NA
[1] "X. laevis fat input"
[1] NA
[1] "X. laevis fat input"
[1] NA
[1] "X. laevis fat IP"
[1] NA
[1] "X. laevis fat IP"
[1] NA
[1] "X. laevis oviduct input"
[1] NA
[1] "X. laevis oviduct input"
[1] NA
[1] "X. laevis oviduct IP"
[1] NA
[1] "X. laevis oviduct IP"
[1] NA
[1] "X. laevis testes input"
[1] NA
[1] "X. laevis testes input"
[1] NA
[1] "X. laevis testes IP IgG"
[1] NA
[1] "X. laevis testes IP IgG"
[1] NA
[1] "X. laevis testes IP"
[1] NA
[1] "X. laevis testes IP"
[1] NA
[1] "X. laevis testes IP*"
[1] NA
[1] "X. laevis testes IP*"
[1] NA
[1] "X. laevis testes IP**"
[1] NA
[1] "X. laevis testes IP**"
[1] NA
