[1] "MAS5.0 signal intensity"
[1] "Coxiella grown in Vero cells, time 3D, early LCV"
[1] NA
[1] "Coxiella grown in Vero cells, time 3D, early LCV"
[1] NA
[1] "Coxiella grown in Vero cells, time 3D, early LCV"
[1] NA
[1] "Coxiella grown in Vero cells, time 3D, early LCV"
[1] NA
[1] "Coxiella grown in Vero cells, time 5D, late LCV"
[1] NA
[1] "Coxiella grown in Vero cells, time 5D, late LCV"
[1] NA
[1] "Coxiella grown in Vero cells, time 5D, late LCV"
[1] NA
[1] "Coxiella grown in Vero cells, time 5D, late LCV"
[1] NA
[1] "Coxiella grown in Vero cells, time 7D, intermediate LCV/SCV forms"
[1] NA
[1] "Coxiella grown in Vero cells, time 7D, intermediate LCV/SCV forms"
[1] NA
[1] "Coxiella grown in Vero cells, time 7D, intermediate LCV/SCV forms"
[1] NA
[1] "Coxiella grown in Vero cells, time 7D, intermediate LCV/SCV forms"
[1] NA
[1] "Coxiella grown in Vero cells, time 14D, early SCV"
[1] NA
[1] "Coxiella grown in Vero cells, time 14D, early SCV"
[1] NA
[1] "Coxiella grown in Vero cells, time 14D, early SCV"
[1] NA
[1] "Coxiella grown in Vero cells, time 14D, early SCV"
[1] NA
[1] "Coxiella grown in Vero cells, time 21D, late SCV"
[1] NA
[1] "Coxiella grown in Vero cells, time 21D, late SCV"
[1] NA
[1] "Coxiella grown in Vero cells, time 21D, late SCV"
[1] NA
[1] "Coxiella grown in Vero cells, time 21D, late SCV"
[1] NA
