[1] "normalized log 10 ratio (treatment/reference) with FLAG=K removed"
[1] "Halobacterium NRC-1, Control Culture"
[1] NA
[1] "Halobacterium NRC-1, control"
[1] NA
[1] "Mid-log phase Halobacterium NRC1,  havested 5 hours post 0.005mM Zinc Sulfate stress."
[1] "5"
[1] "18000"
[1] "Mid-log phase Halobacterium NRC1,  havested 5 hours post 0.005mM Zinc Sulfate stress."
[1] "5"
[1] "18000"
[1] "Mid-log phase Halobacterium NRC1,  havested 5 hours post 0.010mM Zinc Sulfate stress."
[1] "5"
[1] "18000"
[1] "Mid-log phase Halobacterium NRC1,  havested 5 hours post 0.010mM Zinc Sulfate stress."
[1] "5"
[1] "18000"
[1] "Mid-log phase Halobacterium NRC1,  havested 5 hours post 0.015mM Zinc Sulfate stress."
[1] "5"
[1] "18000"
[1] "Mid-log phase Halobacterium NRC1,  havested 5 hours post 0.015mM Zinc Sulfate stress."
[1] "5"
[1] "18000"
