[1] NA
[1] "wild type anoxic (NO3)_glycerol"
[1] NA
[1] "wild type anoxic (NO3)_glycerol"
[1] NA
[1] "wild type oxic_glycerol"
[1] NA
[1] "wild type oxic_glycerol"
[1] NA
[1] "wild type anoxic (NO3)_glycerol + propionate"
[1] NA
[1] "wild type anoxic (NO3)_glycerol + propionate"
[1] NA
[1] "wild type oxic_glycerol + propionate"
[1] NA
[1] "wild type oxic_glycerol + propionate"
[1] NA
[1] "delta-rnr mutant anoxic (NO3)_glycerol"
[1] NA
[1] "delta-rnr mutant anoxic (NO3)_glycerol"
[1] NA
[1] "delta-rnr mutant oxic_glycerol"
[1] NA
[1] "delta-rnr mutant oxic_glycerol"
[1] NA
[1] "delta-rnr mutant anoxic (NO3)_glycerol + propionate"
[1] NA
[1] "delta-rnr mutant anoxic (NO3)_glycerol + propionate"
[1] NA
[1] "delta-rnr mutant oxic_glycerol + propionate"
[1] NA
[1] "delta-rnr mutant oxic_glycerol + propionate"
[1] NA
