[1] "Lowess M log ratiio [(F632 median - B635)/(F532 median - B532)]"
[1] "mutant at OD1.0"
[1] NA
[1] "mutant at OD1.0"
[1] NA
[1] "wild type at OD1.0"
[1] NA
[1] "wild type at OD1.0"
[1] NA
[1] "mutant at OD1.0"
[1] NA
[1] "mutant at OD1.0"
[1] NA
[1] "mutant at OD1.0"
[1] NA
[1] "mutant at OD1.0"
[1] NA
[1] "wild type at OD1.0"
[1] NA
[1] "wild type at OD1.0"
[1] NA
[1] "wild type at OD1.0"
[1] NA
[1] "wild type at OD1.0"
[1] NA
[1] "mutant at OD2.0"
[1] NA
[1] "mutant at OD2.0"
[1] NA
[1] "mutant at OD2.0"
[1] NA
[1] "Mutant at OD 2.0"
[1] NA
[1] "mutant at OD2.0"
[1] NA
[1] "mutant at OD2.0"
[1] NA
[1] "wild type at OD2.0"
[1] NA
[1] "wild type at OD2.0"
[1] NA
[1] "wild type at OD2.0"
[1] NA
[1] "wild type at OD2.0"
[1] NA
[1] "wild type at OD2.0"
[1] NA
[1] "wild type at OD2.0"
[1] NA
[1] "mutant at OD1.0"
[1] NA
[1] "mutant at OD1.0"
[1] NA
[1] "mutant at OD1.0"
[1] NA
[1] "mutant at OD1.0"
[1] NA
[1] "mutant at OD1.0"
[1] NA
[1] "mutant at OD1.0"
[1] NA
[1] "mutant at OD2.0"
[1] NA
[1] "mutant at OD2.0"
[1] NA
[1] "mutant at OD2.0"
[1] NA
[1] "mutant at OD2.0"
[1] NA
[1] "mutant at OD2.0"
[1] NA
[1] "wild type at OD1.0"
[1] NA
[1] "wild type at OD1.0"
[1] NA
[1] "wild type at OD1.0"
[1] NA
[1] "wild type at OD1.0"
[1] NA
[1] "wild type at OD1.0"
[1] NA
[1] "wild type at OD2.0"
[1] NA
[1] "wild type at OD2.0"
[1] NA
[1] "wild type at OD2.0"
[1] NA
[1] "wild type at OD2.0"
[1] NA
