[1] "lowess norm"
[1] "Mtb transcriptome from infected C3HeB/FeJ mice"
[1] NA
[1] "Mtb transcriptome from infected C3HeB/FeJ mice"
[1] NA
[1] "Mtb transcriptome from infected C3HeB/FeJ mice"
[1] NA
[1] "MtbdeldosR transcriptome from infected C3HeB/FeJ mice"
[1] NA
[1] "MtbdeldosR transcriptome from infected C3HeB/FeJ mice"
[1] NA
[1] "MtbdeldosR transcriptome from infected C3HeB/FeJ mice"
[1] NA
[1] "MtbdeldosS transcriptome from infected C3HeB/FeJ mice"
[1] NA
[1] "MtbdeldosS transcriptome from infected C3HeB/FeJ mice"
[1] NA
[1] "MtbdeldosS transcriptome from infected C3HeB/FeJ mice"
[1] NA
[1] "MtbdeldosT transcriptome from infected C3HeB/FeJ mice"
[1] NA
[1] "MtbdeldosT transcriptome from infected C3HeB/FeJ mice"
[1] NA
[1] "MtbdeldosT transcriptome from infected C3HeB/FeJ mice"
[1] NA
