Setting options('download.file.method.GEOquery'='auto')
Setting options('GEOquery.inmemory.gpl'=FALSE)
Loading required package: Biobase
Loading required package: BiocGenerics

Attaching package: 'BiocGenerics'

The following objects are masked from 'package:stats':

    IQR, mad, sd, var, xtabs

The following objects are masked from 'package:base':

    anyDuplicated, aperm, append, as.data.frame, basename, cbind,
    colnames, dirname, do.call, duplicated, eval, evalq, Filter, Find,
    get, grep, grepl, intersect, is.unsorted, lapply, Map, mapply,
    match, mget, order, paste, pmax, pmax.int, pmin, pmin.int,
    Position, rank, rbind, Reduce, rownames, sapply, setdiff, table,
    tapply, union, unique, unsplit, which.max, which.min

Welcome to Bioconductor

    Vignettes contain introductory material; view with
    'browseVignettes()'. To cite Bioconductor, see
    'citation("Biobase")', and for packages 'citation("pkgname")'.


Attaching package: 'fs'

The following object is masked from 'package:BiocGenerics':

    path

Using locally cached version of GSE7398 found here:
C:\Users\Rafael\repos\personal\geo_data_analysis\data/GSE7398/GSE7398.soft.gz 
Reading file....
Parsing....
Found 25 entities...
GPL199 (1 of 26 entities)
GSM177549 (2 of 26 entities)
GSM177550 (3 of 26 entities)
GSM177551 (4 of 26 entities)
GSM177552 (5 of 26 entities)
GSM177553 (6 of 26 entities)
GSM177554 (7 of 26 entities)
GSM177555 (8 of 26 entities)
GSM177556 (9 of 26 entities)
GSM177557 (10 of 26 entities)
GSM177558 (11 of 26 entities)
GSM177559 (12 of 26 entities)
GSM177560 (13 of 26 entities)
GSM177561 (14 of 26 entities)
GSM177562 (15 of 26 entities)
GSM177563 (16 of 26 entities)
GSM177564 (17 of 26 entities)
GSM177565 (18 of 26 entities)
GSM177566 (19 of 26 entities)
GSM177567 (20 of 26 entities)
GSM177568 (21 of 26 entities)
GSM177569 (22 of 26 entities)
GSM177570 (23 of 26 entities)
GSM177571 (24 of 26 entities)
GSM177572 (25 of 26 entities)
There were 15 warnings (use warnings() to see them)
