[1] "linear GC-RMA signal"
[1] "PAO1 start population"
[1] NA
[1] "PAO1 start population"
[1] NA
[1] "PAO1 start population"
[1] NA
[1] "Δ mutS start population"
[1] NA
[1] "Δ mutS start population"
[1] NA
[1] "Δ mutS start population"
[1] NA
[1] "PAO1 evolved population in LB_lineage A_Day 94_without ciprofloxacin"
[1] NA
[1] "PAO1 evolved population in LB_lineage A_Day 94_without ciprofloxacin"
[1] NA
[1] "PAO1 evolved population in LB_lineage A_Day 94_without ciprofloxacin"
[1] NA
[1] "PAO1 evolved population in LB_lineage A_Day 94_with ciprofloxacin"
[1] NA
[1] "PAO1 evolved population in LB_lineage A_Day 94_with ciprofloxacin"
[1] NA
[1] "PAO1 evolved population in LB_lineage A_Day 94_with ciprofloxacin"
[1] NA
[1] "Δ mutS evolved population in LB_lineage A_without ciprofloxacin"
[1] NA
[1] "Δ mutS evolved population in LB_lineage A_without ciprofloxacin"
[1] NA
[1] "Δ mutS evolved population in LB_lineageA_without ciprofloxacin"
[1] NA
[1] "Δ mutS evolved population in LB_lineage A_with ciprofloxacin"
[1] NA
[1] "Δ mutS evolved population in LB_lineage A_with ciprofloxacin"
[1] NA
[1] "Δ mutS evolved population in LB_lineage A_with ciprofloxacin"
[1] NA
[1] "PAO1 evolved population in LB_lineage B_Day 94_without ciprofloxacin"
[1] NA
[1] "PAO1 evolved population in LB_lineage B_Day 94_without ciprofloxacin"
[1] NA
[1] "PAO1 evolved population in LB_lineage B_Day 94_without ciprofloxacin"
[1] NA
[1] "PAO1 evolved population in LB_lineage B_Day 94_with ciprofloxacin"
[1] NA
[1] "PAO1 evolved population in LB_lineage B_Day 94_with ciprofloxacin"
[1] NA
[1] "PAO1 evolved population in LB_lineage B_Day 94_with ciprofloxacin"
[1] NA
[1] "Δ mutS evolved population in LB_lineage B_without ciprofloxacin"
[1] NA
[1] "Δ mutS evolved population in LB_lineage B_without ciprofloxacin"
[1] NA
[1] "Δ mutS evolved population in LB_lineage B_without ciprofloxacin"
[1] NA
[1] "Δ mutS evolved population in LB_lineage B_with ciprofloxacin"
[1] NA
[1] "Δ mutS evolved population in LB_lineage B_with ciprofloxacin"
[1] NA
[1] "Δ mutS evolved population in LB_lineage B_with ciprofloxacin"
[1] NA
[1] "PAO1 evolved population in LB_lineage C_Day 94_without ciprofloxacin"
[1] NA
[1] "PAO1 evolved population in LB_lineage C_Day 94_without ciprofloxacin"
[1] NA
[1] "PAO1 evolved population in LB_lineage C_Day 94_without ciprofloxacin"
[1] NA
[1] "PAO1 evolved population in LB_lineage C_Day 94_with ciprofloxacin"
[1] NA
[1] "PAO1 evolved population in LB_lineage C_Day 94_with ciprofloxacin"
[1] NA
[1] "PAO1 evolved population in LB_lineage C_Day 94_with ciprofloxacin"
[1] NA
[1] "Δ mutS evolved population in LB_lineage C_without ciprofloxacin"
[1] NA
[1] "Δ mutS evolved population in LB_lineage C_without ciprofloxacin"
[1] NA
[1] "Δ mutS evolved population in LB_lineage C_without ciprofloxacin"
[1] NA
[1] "Δ mutS evolved population in LB_lineage C_with ciprofloxacin"
[1] NA
[1] "Δ mutS evolved population in LB_lineage C_with ciprofloxacin"
[1] NA
[1] "Δ mutS evolved population in LB_lineage C_with ciprofloxacin"
[1] NA
