[1] "aka LOG RAT2N_MEAN, or log2 of ratio of CH2DN_MEAN and CH1DN_MEAN"
[1] "dnaC genomic DNA, Sau3A, 2 ug"
[1] NA
[1] "dnaC genomic DNA, Sau3A, 2 ug"
[1] NA
[1] "0' in minimal medium +0.2% glu, 25 ug total RNA"
[1] NA
[1] "0' in minimal medium +0.2% glu, 25 ug total RNA"
[1] NA
[1] "0' in minimal medium +0.2% glu, 25 ug total RNA"
[1] NA
[1] "0' in minimal medium +0.2% glu, 25 ug total RNA"
[1] NA
[1] "0' in min med +0.2% glu, 25ug total RNA"
[1] NA
[1] "0' in min med +0.2% glu, 25ug total RNA"
[1] NA
[1] "0' in min med +0.2% glu, 25ug total RNA"
[1] NA
[1] "0' in min med +0.2% glu, 25ug total RNA"
[1] NA
[1] "W3110 wt-trp, 30 ug total RNA"
[1] NA
[1] "tnaA2,W3110 min +Trp 50ug/ml, 30 ug total"
[1] NA
[1] "W3110 wt, min+.2%glucose, 30 ug RNA"
[1] NA
[1] "wt+50ug/ml Trp, 30 ug total RNA"
[1] NA
[1] "W3110 trpR2 -trp, 30 ug total RNA"
[1] NA
[1] "trpEA2,W3110 min +Trp 50ug/ml, 30 ug total"
[1] NA
[1] "tnaA2,W3110 min,30 ug total"
[1] NA
[1] "reference 0', min +.2% glu, 25 ug RNA"
[1] NA
[1] "reference 0', min +.2% glu, 25 ug RNA"
[1] NA
[1] "0' minimal medium + 0.2% glu, 25 ug total"
[1] NA
[1] "0' minimal medium + 0.2% glu, 25 ug total"
[1] NA
[1] "0' minimal medium + 0.2% glu, 25 ug total"
[1] NA
[1] "0' minimal medium + 0.2% glu, 25 ug total"
[1] NA
[1] "0' minimal medium + 0.2% glu, 25 ug total"
[1] NA
[1] "0' minimal medium + 0.2% glu, 25 ug total"
[1] NA
[1] "0' minimal + 0.2% glu, 25 ug total RNA"
[1] NA
[1] "0' minimal medium + 0.2% glu, 25 ug total"
[1] NA
[1] "0' minimal +02% glu, 25 ug total RNA"
[1] NA
[1] "0' in minimal medium +0.2% glu, 25 ug total RNA"
[1] NA
