[1] "Fold change of 10 mM calcium over 0 mM calcium; ratio of background subtracted, loess normalized, scaled median pixel intensity of 10 mM / 0 mM calcium."
[1] "strain FRD1 biofilm at 0 mM calcium"
[1] NA
[1] "strain FRD1 biofilm at 10 mM calcium"
[1] NA
[1] "strain FRD1 biofilm at 0 mM calcium"
[1] NA
[1] "strain FRD1 biofilm at 10 mM calcium"
[1] NA
[1] "strain FRD1 planktonic at 0 mM calcium"
[1] NA
[1] "strain FRD1 planktonic at 10 mM calcium"
[1] NA
[1] "strain FRD1 planktonic at 0 mM calcium"
[1] NA
[1] "strain FRD1 planktonic at 10 mM calcium"
[1] NA
[1] "strain PAO1 biofilm at 0 mM calcium"
[1] NA
[1] "strain PAO1 biofilm at 10 mM calcium"
[1] NA
[1] "strain PAO1 biofilm at 0 mM calcium"
[1] NA
[1] "strain PAO1 biofilm at 10 mM calcium"
[1] NA
[1] "strain PAO1 planktonic at 0 mM calcium"
[1] NA
[1] "strain PAO1 planktonic at 10 mM calcium"
[1] NA
[1] "strain PAO1 planktonic at 0 mM calcium"
[1] NA
[1] "strain PAO1 planktonic at 10 mM calcium"
[1] NA
