[1] "Log base 2"
[1] "48h Bac cul presence of glucose, tech rep1"
[1] "48"
[1] "172800"
[1] "48h Bac cul presence of glucose, tech rep2"
[1] "48"
[1] "172800"
[1] "48h Bac cul presence of glucose, tech rep3"
[1] "48"
[1] "172800"
[1] "48h Bac cul presence of glutamic acid, tech rep1"
[1] "48"
[1] "172800"
[1] "48h Bac cul presence of glutamic acid, tech rep2"
[1] "48"
[1] "172800"
[1] "48h Bac cul presence of glutamic acid, tech rep3"
[1] "48"
[1] "172800"
[1] "48h Bac cul presence of glucose & glutamic acid both, tech rep1"
[1] "48"
[1] "172800"
[1] "48h Bac cul presence of glucose & glutamic acid both, tech rep2"
[1] "48"
[1] "172800"
[1] "48h Bac cul presence of glucose & glutamic acid both, tech rep3"
[1] "48"
[1] "172800"
