[1] "Normalized signal intensity"
[1] "Mtb,TrxB2-DUC,no treatment, 24hr,replicate1"
[1] "24"
[1] "86400"
[1] "Mtb,TrxB2-DUC,no treatment, 24hr,replicate2"
[1] "24"
[1] "86400"
[1] "Mtb,TrxB2-DUC,no treatment, 24hr,replicate3"
[1] "24"
[1] "86400"
[1] "Mtb,TrxB2-DUC,DTT 2mM, 24hr, replicate1"
[1] "24"
[1] "86400"
[1] "Mtb,TrxB2-DUC,DTT 2mM, 24hr, replicate2"
[1] "24"
[1] "86400"
[1] "Mtb,TrxB2-DUC,DTT 2mM, 24hr, replicate3"
[1] "24"
[1] "86400"
[1] "Mtb,TrxB2-DUC,atc 800 ng/ml, 24hr, replicate1"
[1] "24"
[1] "86400"
[1] "Mtb,TrxB2-DUC,atc 800 ng/ml, 24hr, replicate2"
[1] "24"
[1] "86400"
[1] "Mtb,TrxB2-DUC,atc 800 ng/ml, 24hr, replicate3"
[1] "24"
[1] "86400"
[1] "Mtb,TrxB2-DUC,DTT 2mM,atc 800 ng/ml, 24hr, replicate1"
[1] "24"
[1] "86400"
[1] "Mtb,TrxB2-DUC,DTT 2mM,atc 800 ng/ml, 24hr, replicate2"
[1] "24"
[1] "86400"
[1] "Mtb,TrxB2-DUC,DTT 2mM,atc 800 ng/ml, 24hr, replicate3"
[1] "24"
[1] "86400"
