[1] "Signal Intensity"
[1] "PAO1 minimal media citrate replicate1"
[1] NA
[1] "PAO1 minimal media citrate replicate2"
[1] NA
[1] "PAO1 minimal media citrate replicate3"
[1] NA
[1] "CF Sputum pool isolate minimal media citrate replicate1"
[1] NA
[1] "CF Sputum pool isolate minimal media citrate replicate2"
[1] NA
[1] "CF Sputum pool isolate minimal media citrate replicate3"
[1] NA
[1] "CF Sputum in vivo replicate1"
[1] NA
[1] "CF Sputum in vivo replicate2"
[1] NA
[1] "PAO1 minimal media palmitate replicate 1"
[1] NA
[1] "PAO1 minimal media palmitate replicate 2"
[1] NA
[1] "PAO1 minimal media palmitate replicate 3"
[1] NA
[1] "PAO1 minimal media phosphatidylcholine replicate 1"
[1] NA
[1] "PAO1 minimal media phosphatidylcholine replicate 2"
[1] NA
[1] "PAO1 minimal media phosphatidylcholine replicate 3"
[1] NA
