[1] "log2 of PRE VALUE"
[1] "menC 510603"
[1] NA
[1] "menC 510603"
[1] NA
[1] "menC 510603"
[1] NA
[1] "menC 630601"
[1] NA
[1] "menC 630601"
[1] NA
[1] "menC 630601"
[1] NA
[1] "menA 180"
[1] NA
[1] "menA 180"
[1] NA
[1] "menC 180"
[1] NA
[1] "menA 200"
[1] NA
[1] "menA 200"
[1] NA
[1] "menA 200"
[1] NA
[1] "menA 210"
[1] NA
[1] "menA 210"
[1] NA
[1] "menA 210"
[1] NA
[1] "menA 263"
[1] NA
[1] "menA 263"
[1] NA
[1] "menA 263"
[1] NA
[1] "menA 281"
[1] NA
[1] "menA 281"
[1] NA
[1] "menA 281"
[1] NA
[1] "menA 307"
[1] NA
[1] "menA 307"
[1] NA
[1] "menA 307"
[1] NA
[1] "menA 315"
[1] NA
[1] "menA 315"
[1] NA
[1] "menA 315"
[1] NA
[1] "menA 317"
[1] NA
[1] "menA 317"
[1] NA
[1] "menA 317"
[1] NA
[1] "menA 342"
[1] NA
[1] "menA 342"
[1] NA
[1] "menA 342"
[1] NA
[1] "menA 362"
[1] NA
[1] "menA 362"
[1] NA
[1] "menA 362"
[1] NA
[1] "menA 412"
[1] NA
[1] "menA 412"
[1] NA
[1] "menA 412"
[1] NA
[1] "menA 462"
[1] NA
[1] "menA 462"
[1] NA
[1] "menA 462"
[1] NA
[1] "menA 472"
[1] NA
[1] "menA 472"
[1] NA
[1] "menA 472"
[1] NA
[1] "menB 004"
[1] NA
[1] "menB 004"
[1] NA
[1] "menB 004"
[1] NA
