[1] "Normalized signal intensity"
[1] "Mtb H37Rv 2hrs_untreated"
[1] "2"
[1] "7200"
[1] "Mtb H37Rv 2hrs_untreated"
[1] "2"
[1] "7200"
[1] "Mtb H37Rv 2hrs_0.25 mM CHP"
[1] "2"
[1] "7200"
[1] "Mtb H37Rv 2hrs_0.25 mM CHP"
[1] "2"
[1] "7200"
[1] "Mtb H37Rv 2hrs_0.25 mM CHP"
[1] "2"
[1] "7200"
[1] "Mtb H37Rv 2hrs_0.25 mM CHP"
[1] "2"
[1] "7200"
[1] "MtbΔwhiB4 2hrs_untreated"
[1] "2"
[1] "7200"
[1] "MtbΔwhiB4 2hrs_untreated"
[1] "2"
[1] "7200"
[1] "MtbΔwhiB4 2hrs_untreated"
[1] "2"
[1] "7200"
[1] "MtbΔwhiB4 2hrs_0.25 mM CHP"
[1] "2"
[1] "7200"
[1] "MtbΔwhiB4 2hrs_0.25 mM CHP"
[1] "2"
[1] "7200"
