[1] "normalized log base 10 of (CH2 - CH2 bg)/(CH1-CH1_bg))"
[1] "Ecoli with argR deleted grown in MOPS prior to DeaNO treatment"
[1] NA
[1] "Ecoli with argR deleted grown in MOPS prior to DeaNO treatment"
[1] NA
[1] "Ecoli with argR deleted grown in MOPS prior to DeaNO treatment"
[1] NA
[1] "Ecoli with argR deleted grown in MOPS prior to DeaNO treatment"
[1] NA
[1] "E coli grown in MOPS prior to SeOH (1 mg/mL) treatment"
[1] NA
[1] "E coli grown in MOPS prior to SeOH (1 mg/mL) treatment"
[1] NA
[1] "E coli grown in MOPS prior to SeOH (1 mg/mL) treatment"
[1] NA
[1] "E coli grown in MOPS prior to SeOH (1 mg/mL) treatment"
[1] NA
[1] "Ecoli with arcA deleted grown in MOPS prior to DeaNO treatment"
[1] NA
[1] "Ecoli with arcA deleted grown in MOPS prior to DeaNO treatment"
[1] NA
[1] "Ecoli with arcA deleted grown in MOPS prior to DeaNO treatment"
[1] NA
[1] "Ecoli with arcA deleted grown in MOPS prior to DeaNO treatment"
[1] NA
[1] "E coli grown in MOPS prior to degraded DeaNO treatment"
[1] NA
[1] "E coli grown in MOPS prior to degraded DeaNO treatment"
[1] NA
[1] "E coli grown in MOPS prior to degraded DeaNO treatment"
[1] NA
[1] "E coli grown in MOPS prior to degraded DeaNO treatment"
[1] NA
[1] "Ecoli with iscR deleted grown in MOPS prior to DeaNO treatment"
[1] NA
[1] "Ecoli with iscR deleted grown in MOPS prior to DeaNO treatment"
[1] NA
[1] "Ecoli with iscR deleted grown in MOPS prior to DeaNO treatment"
[1] NA
[1] "Ecoli with iscR deleted grown in MOPS prior to DeaNO treatment"
[1] NA
[1] "Ecoli with metJ deleted grown in MOPS prior to DeaNO treatment"
[1] NA
[1] "Ecoli with metJ deleted grown in MOPS prior to DeaNO treatment"
[1] NA
[1] "Ecoli with metJ deleted grown in MOPS prior to DeaNO treatment"
[1] NA
[1] "Ecoli with metJ deleted grown in MOPS prior to DeaNO treatment"
[1] NA
[1] "Ecoli with norR deleted grown in MOPS prior to DeaNO treatment"
[1] NA
[1] "Ecoli with norR deleted grown in MOPS prior to DeaNO treatment"
[1] NA
[1] "Ecoli with norR deleted grown in MOPS prior to DeaNO treatment"
[1] NA
[1] "Ecoli with norR deleted grown in MOPS prior to DeaNO treatment"
[1] NA
[1] "Ecoli with nsrR deleted grown in MOPS prior to DeaNO treatment"
[1] NA
[1] "Ecoli with nsrR deleted grown in MOPS prior to DeaNO treatment"
[1] NA
[1] "Ecoli with nsrR and hmpA deleted grown in MOPS prior to DeaNO treatment"
[1] NA
[1] "Ecoli with nsrR and hmpA deleted grown in MOPS prior to DeaNO treatment"
[1] NA
[1] "Ecoli with nsrR and hmpA deleted grown in MOPS prior to DeaNO treatment"
[1] NA
[1] "Ecoli grown in MOPS prior to DeaNO treatment"
[1] NA
[1] "Ecoli grown in MOPS prior to DeaNO treatment"
[1] NA
[1] "Ecoli grown in MOPS 5 minutes after DeaNO (8 microM) treatment."
[1] "5"
[1] "300"
[1] "Ecoli grown in MOPS 5 minutes after DeaNO (8 microM ) treatment"
[1] "5"
[1] "300"
[1] "Ecoli grown in MOPS prior to DeaNO treatment"
[1] NA
[1] "Ecoli grown in MOPS prior to DeaNO treatment"
[1] NA
[1] "Ecoli grown in MOPS with methionine (50 ug/mL) prior to DeaNO treatment"
[1] NA
[1] "Ecoli grown in MOPS with methionine (50 ug/mL) prior to DeaNO treatment"
[1] NA
[1] "Ecoli grown in MOPS with methionine (50 ug/mL) prior to DeaNO treatment"
[1] NA
[1] "Ecoli grown in MOPS with methionine (50 ug/mL) prior to DeaNO treatment"
[1] NA
