[1] "GC-RMA calculated signal intensity"
[1] "Pseudomonas aeruginosa cells"
[1] NA
[1] "Pseudomonas aeruginosa E601 grown with sulfate as S source"
[1] NA
[1] "Pseudomonas aeruginosa E601 grown with sulfate as S source"
[1] NA
[1] "Pseudomonas aeruginosa E601 grown with cyclamate as S source"
[1] NA
[1] "Pseudomonas aeruginosa E601 grown with cyclamate as S source"
[1] NA
[1] "Pseudomonas aeruginosa E601 grown with cyclamate as S source"
[1] NA
[1] "Pseudomonas aeruginosa E601 grown with cyclamate as S source"
[1] NA
[1] "Pseudomonas aeruginosa E601 grown with human colon cell line mucin LS174T as S source"
[1] NA
[1] "Pseudomonas aeruginosa E601 grown with human colon cell line mucin LS174T as S source"
[1] NA
[1] "Pseudomonas aeruginosa E601 grown with human colon cell line mucin LS174T as S source"
[1] NA
[1] "Pseudomonas aeruginosa E601 grown with cyclamate and human colon cell line mucin LS174T as S source"
[1] NA
[1] "Pseudomonas aeruginosa E601 grown with cyclamate and human colon cell line mucin LS174T as S source"
[1] NA
[1] "Pseudomonas aeruginosa E601 grown with cyclamate and human colon cell line mucin LS174T as S source"
[1] NA
[1] "Pseudomonas aeruginosa PAO1 grown with sulfate as S source"
[1] NA
[1] "Pseudomonas aeruginosa PAO1 grown with sulfate as S source"
[1] NA
[1] "Pseudomonas aeruginosa PAO1 grown with sulfate as S source"
[1] NA
[1] "Pseudomonas aeruginosa PAO1 grown with cyclamate as S source"
[1] NA
[1] "Pseudomonas aeruginosa PAO1 grown with cyclamate as S source"
[1] NA
[1] "Pseudomonas aeruginosa PAO1 grown with cyclamate and sulfate as S source"
[1] NA
[1] "Pseudomonas aeruginosa PAO1 grown with sulfate and cyclamate as S source"
[1] NA
