[1] "Log2 RMA-normalized data for gene probesets"
[1] "K562"
[1] NA
[1] "K562"
[1] NA
[1] "K562"
[1] NA
[1] "K562+GATA1"
[1] NA
[1] "K562+GATA1"
[1] NA
[1] "K562+GATA1"
[1] NA
[1] "CD34+ hematopoietic cells"
[1] NA
[1] "CD34+ hematopoietic cells"
[1] NA
[1] "CD34+ hematopoietic cells"
[1] NA
[1] "CD34+ hematopoietic cells"
[1] NA
[1] "CD34+ hematopoietic cells"
[1] NA
[1] "CD34+ hematopoietic cells"
[1] NA
[1] "Escherichia coli"
[1] NA
[1] "Escherichia coli"
[1] NA
[1] "K562"
[1] NA
[1] "K562"
[1] NA
[1] "K562"
[1] NA
[1] "K562"
[1] NA
[1] "K562"
[1] NA
[1] "K562"
[1] NA
[1] "K562"
[1] NA
[1] "K562"
[1] NA
[1] "K562"
[1] NA
[1] "K562"
[1] NA
