[1] "normalized log base 10 of (CH2 - CH2 bg)/(CH1-CH1_bg))"
[1] "E. coli mid-log aerobic 37C in MOPS glucose"
[1] NA
[1] "E. coli mid-log aerobic 37C in MOPS glucose"
[1] NA
[1] "E. coli mid-log aerobic 37C in MOPS glucose"
[1] NA
[1] "E. coli mid-log aerobic 37C in MOPS glucose"
[1] NA
[1] "E. coli cysB- mid-log aerobic 37C in cys-supplemented MOPS glucose"
[1] NA
[1] "E. coli cysB- mid-log aerobic 37C in cys-supplemented MOPS glucose"
[1] NA
[1] "E. coli nsrR- mid-log aerobic 37C in MOPS glucose"
[1] NA
[1] "E. coli nsrR- mid-log aerobic 37C in MOPS glucose"
[1] NA
[1] "E. coli nsrR- mid-log aerobic 37C in MOPS glucose"
[1] NA
[1] "E. coli nsrR- mid-log aerobic 37C in MOPS glucose"
[1] NA
[1] "E. coli flhDC- mid-log aerobic 37C in MOPS glucose"
[1] NA
[1] "E. coli flhDC- mid-log aerobic 37C in MOPS glucose"
[1] NA
[1] "E. coli mid-log aerobic 37C in methionine-supplemented MOPS glucose"
[1] NA
[1] "E. coli mid-log aerobic 37C in methionine-supplemented MOPS glucose"
[1] NA
[1] "E. coli mid-log aerobic 37C in cysteine-supplemented MOPS glucose"
[1] NA
[1] "E. coli mid-log aerobic 37C in cysteine-supplemented MOPS glucose"
[1] NA
[1] "E. coli flhDC- mid-log aerobic 37C in MOPS glucose"
[1] NA
[1] "E. coli flhDC- mid-log aerobic 37C in MOPS glucose"
[1] NA
[1] "E. coli wt mid-log aerobic 37C in MOPS glucose"
[1] NA
[1] "E. coli wt mid-log aerobic 37C in MOPS glucose"
[1] NA
[1] "E. coli wt mid-log aerobic 37C in MOPS glucose"
[1] NA
[1] "E. coli wt mid-log aerobic 37C in MOPS glucose"
[1] NA
[1] "E. coli wt mid-log aerobic 37C in MOPS glucose"
[1] NA
[1] "E. coli wt mid-log aerobic 37C in MOPS glucose"
[1] NA
[1] "E. coli dpp- mid-log aerobic 37C in MOPS glucose"
[1] NA
[1] "E. coli dpp- mid-log aerobic 37C in MOPS glucose"
[1] NA
[1] "E. coli dpp- mid-log aerobic 37C in MOPS glucose"
[1] NA
[1] "E. coli dpp- mid-log aerobic 37C in MOPS glucose"
[1] NA
[1] "E. coli wt mid-log aerobic 37C in MOPS glucose"
[1] NA
[1] "E. coli wt mid-log aerobic 37C in MOPS glucose"
[1] NA
[1] "E. coli wt mid-log aerobic 37C in MOPS glucose"
[1] NA
[1] "E. coli wt mid-log aerobic 37C in MOPS glucose"
[1] NA
[1] "E. coli mid-log aerobic 37C in methionine-supplemented MOPS glucose"
[1] NA
[1] "E. coli mid-log aerobic 37C in methionine-supplemented MOPS glucose"
[1] NA
[1] "E. coli metJ- mid-log aerobic 37C in MOPS glucose"
[1] NA
[1] "E. coli metJ- mid-log aerobic 37C in MOPS glucose"
[1] NA
[1] "E. coli metJ- mid-log aerobic 37C in MOPS glucose"
[1] NA
[1] "E. coli metJ- mid-log aerobic 37C in MOPS glucose"
[1] NA
[1] "E. coli metJ- mid-log aerobic 37C in MOPS glucose"
[1] NA
[1] "E. coli metJ- mid-log aerobic 37C in MOPS glucose"
[1] NA
