[1] "Signal"
[1] "PAO1 treated with azithromycin (8 microgram pr. mL)"
[1] NA
[1] "PAO1 treated with azithromycin (2 microgram pr. mL)"
[1] NA
[1] "PAO1 treated with ceftazidime (0.25 microgram pr. mL)"
[1] NA
[1] "PAO1 treated with ciprofloxacin (0.04 microgram pr. mL)"
[1] NA
[1] "PAO1 untreated reference PA ref1"
[1] NA
[1] "PAO1 untreated reference PA ref2"
[1] NA
[1] "PAO1 untreated reference PA ref3"
[1] NA
[1] "PAO1 untreated reference PA ref4"
[1] NA
[1] "PAO1 treated with azithromycin (8 microgram pr. mL) (replicate b)"
[1] NA
[1] "PAO1 treated with azithromycin (2 microgram pr. mL) (replicate b)"
[1] NA
[1] "PAO1 treated with ceftazidime (0.25 microgram pr. mL) (replicate b)"
[1] NA
[1] "PAO1 treated with ciprofloxacin (0.04 microgram pr. mL)  (replicate b)"
[1] NA
