[1] "Signal"
[1] "wt8300 TSB log rep1"
[1] NA
[1] "wt8300 TSB log rep2"
[1] NA
[1] "wt8300 TSB log rep3"
[1] NA
[1] "mut8300 TSB log rep1"
[1] NA
[1] "mut8300 TSB log rep2"
[1] NA
[1] "mut8300 TSB log rep3"
[1] NA
[1] "wt8300 TSB sta rep 1"
[1] NA
[1] "wt8300 TSB sta rep 2"
[1] NA
[1] "wt8300 TSB sta rep 3"
[1] NA
[1] "mut8300 TSB sta rep 1"
[1] NA
[1] "mut8300 TSB sta rep 2"
[1] NA
[1] "mut8300 TSB sta rep 3"
[1] NA
[1] "wtMW2 TSB sta rep1"
[1] NA
[1] "wtMW2 TSB sta rep2"
[1] NA
[1] "wtMW2 TSB sta rep3"
[1] NA
[1] "mutMW2 TSB sta rep1"
[1] NA
[1] "mutMW2 TSB sta rep2"
[1] NA
[1] "mutMW2 TSB sta rep3"
[1] NA
[1] "wt8300 CCY sta rep1"
[1] NA
[1] "wt8300 CCY sta rep2"
[1] NA
[1] "wt8300 CCY sta rep3"
[1] NA
[1] "mut8300 CCY sta rep1"
[1] NA
[1] "mut8300 CCY sta rep2"
[1] NA
[1] "mut8300 CCY sta rep3"
[1] NA
[1] "wtMW2 CCY sta rep1"
[1] NA
[1] "wtMW2 CCY sta rep2"
[1] NA
[1] "wtMW2 CCY sta rep3"
[1] NA
[1] "mutMW2 CCY sta rep1"
[1] NA
[1] "mutMW2 CCY sta rep2"
[1] NA
[1] "mutMW2 CCY sta rep3"
[1] NA
