[1] "normalized log2 ratio (Cy5/Cy3) representing test/reference"
[1] "AIG200"
[1] NA
[1] "AIG200"
[1] NA
[1] "AIG200"
[1] NA
[1] "AIG200"
[1] NA
[1] "AIG200"
[1] NA
[1] "AIG200"
[1] NA
[1] "AIG200"
[1] NA
[1] "AIG200"
[1] NA
[1] "AIG200"
[1] NA
[1] "AIG200"
[1] NA
[1] "AIG200"
[1] NA
[1] "AIG200"
[1] NA
[1] "AIG200"
[1] NA
[1] "AIG200"
[1] NA
[1] "AIG200"
[1] NA
[1] "TAW5"
[1] NA
[1] "TAW5"
[1] NA
[1] "TAW5"
[1] NA
[1] "TAW5"
[1] NA
[1] "TAW5"
[1] NA
[1] "TAW5"
[1] NA
[1] "TAW5"
[1] NA
[1] "TAW5"
[1] NA
[1] "TAW5"
[1] NA
[1] "TAW5"
[1] NA
[1] "TAW5"
[1] NA
[1] "TAW5"
[1] NA
[1] "TAW5"
[1] NA
[1] "TAW5"
[1] NA
[1] "TAW5"
[1] NA
[1] "TAW5"
[1] NA
[1] "TAW5"
[1] NA
[1] "TAW5"
[1] NA
[1] "TAW5"
[1] NA
[1] "TAW5"
[1] NA
[1] "TAW5"
[1] NA
[1] "TAW5"
[1] NA
[1] "AG174"
[1] NA
[1] "AG174"
[1] NA
[1] "AG174"
[1] NA
[1] "BB668"
[1] NA
[1] "BB668"
[1] NA
[1] "BB668"
[1] NA
[1] "TAW86"
[1] NA
[1] "TAW86"
[1] NA
[1] "TAW86"
[1] NA
[1] "TAW97"
[1] NA
[1] "TAW97"
[1] NA
[1] "TAW97"
[1] NA
[1] "TAW118"
[1] NA
[1] "TAW118"
[1] NA
[1] "TAW118"
[1] NA
[1] "TAW121"
[1] NA
[1] "TAW121"
[1] NA
[1] "TAW121"
[1] NA
[1] "TAW106"
[1] NA
[1] "TAW106"
[1] NA
[1] "TAW106"
[1] NA
