Setting options('download.file.method.GEOquery'='auto')
Setting options('GEOquery.inmemory.gpl'=FALSE)
Loading required package: Biobase
Loading required package: BiocGenerics

Attaching package: 'BiocGenerics'

The following objects are masked from 'package:stats':

    IQR, mad, sd, var, xtabs

The following objects are masked from 'package:base':

    anyDuplicated, aperm, append, as.data.frame, basename, cbind,
    colnames, dirname, do.call, duplicated, eval, evalq, Filter, Find,
    get, grep, grepl, intersect, is.unsorted, lapply, Map, mapply,
    match, mget, order, paste, pmax, pmax.int, pmin, pmin.int,
    Position, rank, rbind, Reduce, rownames, sapply, setdiff, table,
    tapply, union, unique, unsplit, which.max, which.min

Welcome to Bioconductor

    Vignettes contain introductory material; view with
    'browseVignettes()'. To cite Bioconductor, see
    'citation("Biobase")', and for packages 'citation("pkgname")'.


Attaching package: 'fs'

The following object is masked from 'package:BiocGenerics':

    path

Using locally cached version of GSE815 found here:
C:\Users\Rafael\repos\personal\geo_data_analysis\data/GSE815/GSE815.soft.gz 
Reading file....
Parsing....
Found 7 entities...
GPL224 (1 of 8 entities)
GSM11784 (2 of 8 entities)
GSM11785 (3 of 8 entities)
GSM11786 (4 of 8 entities)
GSM11787 (5 of 8 entities)
GSM11788 (6 of 8 entities)
GSM11789 (7 of 8 entities)
There were 12 warnings (use warnings() to see them)
There were 22 warnings (use warnings() to see them)
Warning messages:
1: In grep(" ", column) :
  unable to translate 'STY0256; STY0437; STY1580; STY1895; STY3154<e0>' to a wide string
2: In grep(" ", column) : input string 786 is invalid
3: In grep(" ", column) :
  unable to translate 'STY4125; STY4657; HCM1.04c; HCM1.136a; HCM1.204c; HCM1.238c<e0>' to a wide string
4: In grep(" ", column) : input string 970 is invalid
5: In grep(" ", column) :
  unable to translate 'STY4124; STY4658; HCM1.05c; HCM1.136; HCM1.138; HCM1.205c; HCM1.239c<e0>' to a wide string
6: In grep(" ", column) : input string 1912 is invalid
Error: !!!!!!!!!!!!!!!!!!!!!!!!!!!!!!!!!!!!!!!!!!!!!!!!!!!!!!!!!!!!!!!!!!!!!!!!!!!!!!!!!!!!!!!!!!!!!!!!!!!!
Execution halted
