[1] "Log (base 2) of the ratio of the median of Channel 2 (usually 635 nm) to Channel 1 (usually 532 nm) [log (base 2) (RAT2N MEDIAN)].; Type: float; Scale: log_base_2"
[1] "MCM252"
[1] NA
[1] "W6G"
[1] NA
[1] "MCM253"
[1] NA
[1] "MCM254"
[1] NA
[1] "MCM256"
[1] NA
[1] "MCM257"
[1] NA
[1] "MCM259"
[1] NA
[1] "MCM260"
[1] NA
[1] "MCM262"
[1] NA
[1] "MCM263"
[1] NA
[1] "MCM263"
[1] NA
[1] "W6G"
[1] NA
[1] "W6G"
[1] NA
[1] "W6G"
[1] NA
[1] "W6G"
[1] NA
[1] "W6G"
[1] NA
[1] "W6G"
[1] NA
[1] "W6G"
[1] NA
[1] "MCM252"
[1] NA
[1] "MCM253"
[1] NA
[1] "MCM254"
[1] NA
[1] "MCM256"
[1] NA
[1] "MCM257"
[1] NA
[1] "MCM259"
[1] NA
[1] "W6G"
[1] NA
[1] "MCM260"
[1] NA
[1] "MCM262"
[1] NA
[1] "W6G"
[1] NA
[1] "W6G"
[1] NA
[1] "W6G"
[1] NA
[1] "W6G"
[1] NA
[1] "W6G"
[1] NA
[1] "W6G"
[1] NA
[1] "W6G"
[1] NA
[1] "W6G"
[1] NA
[1] "W6G"
[1] NA
