[1] "Log (base 2) of the ratio of the median of Channel 2 (usually 635 nm) to Channel 1 (usually 532 nm) [log (base 2) (RAT2N MEDIAN)].; Type: float; Scale: log_base_2"
[1] "N16961"
[1] NA
[1] "N16961"
[1] NA
[1] "N16961"
[1] NA
[1] "N16961"
[1] NA
[1] "N16961"
[1] NA
[1] "N16961"
[1] NA
[1] "N16961"
[1] NA
[1] "N16961"
[1] NA
[1] "N16961"
[1] NA
[1] "N16961"
[1] NA
[1] "N16961"
[1] NA
[1] "N16961"
[1] NA
[1] "N16961"
[1] NA
[1] "N16961"
[1] NA
[1] "N16961"
[1] NA
[1] "N16961"
[1] NA
[1] "N16961"
[1] NA
[1] "N16961"
[1] NA
[1] "N16961"
[1] NA
[1] "N16961"
[1] NA
[1] "N16961"
[1] NA
[1] "N16961"
[1] NA
[1] "N16961"
[1] NA
[1] "N16961"
[1] NA
[1] "N16961"
[1] NA
[1] "N16961"
[1] NA
[1] "N16961"
[1] NA
[1] "N16961"
[1] NA
[1] "N16961"
[1] NA
[1] "N16961"
[1] NA
[1] "N16961"
[1] NA
[1] "N16961"
[1] NA
[1] "N16961"
[1] NA
[1] "N16961"
[1] NA
[1] "N16961"
[1] NA
[1] "N16961"
[1] NA
[1] "N16961"
[1] NA
[1] "N16961"
[1] NA
[1] "N16961"
[1] NA
[1] "N16961"
[1] NA
[1] "N16961"
[1] NA
[1] "N16961"
[1] NA
[1] "N16961"
[1] NA
[1] "N16961"
[1] NA
[1] "N16961"
[1] NA
[1] "N16961"
[1] NA
[1] "N16961"
[1] NA
[1] "N16961"
[1] NA
[1] "N16961"
[1] NA
[1] "N16961"
[1] NA
[1] "N16961"
[1] NA
[1] "N16961"
[1] NA
[1] "N16961"
[1] NA
[1] "N16961"
[1] NA
[1] "N16961"
[1] NA
[1] "N16961"
[1] NA
[1] "N16961"
[1] NA
[1] "N16961"
[1] NA
[1] "N16961"
[1] NA
[1] "N16961"
[1] NA
[1] "N16961"
[1] NA
[1] "N16961"
[1] NA
[1] "N16961"
[1] NA
[1] "Sa8M"
[1] NA
[1] "Sa7G"
[1] NA
[1] "SO8"
[1] NA
[1] "W9G"
[1] NA
[1] "W6G"
[1] NA
[1] "N16961"
[1] NA
[1] "N16961"
[1] NA
[1] "N16961"
[1] NA
[1] "N16961"
[1] NA
[1] "N16961"
[1] NA
[1] "N16961"
[1] NA
[1] "N16961"
[1] NA
[1] "N16961"
[1] NA
[1] "N16961"
[1] NA
[1] "N16961"
[1] NA
[1] "N16961"
[1] NA
[1] "Sa3G"
[1] NA
[1] "N16961"
[1] NA
[1] "Sa3G"
[1] NA
[1] "MCM3"
[1] NA
[1] "MCM3"
[1] NA
[1] "MCM3"
[1] NA
[1] "N16961"
[1] NA
[1] "MCM3"
[1] NA
[1] "SL5Y"
[1] NA
[1] "N16961"
[1] NA
[1] "MCM3"
[1] NA
[1] "Sp7G"
[1] NA
[1] "MCM3"
[1] NA
[1] "W7G"
[1] NA
[1] "E8M"
[1] NA
[1] "W8G"
[1] NA
[1] "N16961"
[1] NA
[1] "SL4G"
[1] NA
[1] "N16961"
[1] NA
[1] "SL5Y"
[1] NA
[1] "MCM3"
[1] NA
[1] "Sa9G"
[1] NA
[1] "MCM3"
[1] NA
[1] "N16961"
[1] NA
[1] "N16961"
[1] NA
[1] "MCM3"
[1] NA
[1] "N16961"
[1] NA
[1] "N16961"
[1] NA
[1] "N16961"
[1] NA
[1] "N16961"
[1] NA
[1] "N16961"
[1] NA
[1] "N16961"
[1] NA
[1] "N16961"
[1] NA
[1] "N16961"
[1] NA
[1] "Sa7G"
[1] NA
[1] "SP7G"
[1] NA
[1] "W7G"
[1] NA
[1] "E8M"
[1] NA
[1] "N16961"
[1] NA
[1] "N16961"
[1] NA
[1] "N16961"
[1] NA
[1] "N16961"
[1] NA
[1] "N16961"
[1] NA
[1] "N16961"
[1] NA
[1] "N16961"
[1] NA
[1] "N16961"
[1] NA
[1] "N16961"
[1] NA
[1] "N16961"
[1] NA
[1] "N16961"
[1] NA
[1] "N16961"
[1] NA
[1] "N16961"
[1] NA
[1] "N16961"
[1] NA
[1] "N16961"
[1] NA
[1] "N16961"
[1] NA
[1] "N16961"
[1] NA
[1] "N16961"
[1] NA
