[1] "Log (base 2) of the ratio of the mean of Channel 2 (usually 635 nm) to Channel 1 (usually 532 nm) [log (base 2) (RAT2N MEAN)]."
[1] "Universal RNA"
[1] NA
[1] "Universal RNA"
[1] NA
[1] "Universal RNA"
[1] NA
[1] "Universal RNA"
[1] NA
[1] "Universal RNA"
[1] NA
[1] "Universal RNA"
[1] NA
[1] "Universal RNA"
[1] NA
[1] "Universal RNA"
[1] NA
[1] "Universal RNA"
[1] NA
[1] "Universal RNA"
[1] NA
[1] "Universal RNA"
[1] NA
[1] "Universal RNA"
[1] NA
[1] "Universal RNA"
[1] NA
[1] "Universal RNA"
[1] NA
[1] "Universal RNA"
[1] NA
[1] "Universal RNA"
[1] NA
[1] "Universal RNA"
[1] NA
[1] "Universal RNA"
[1] NA
[1] "Universal RNA"
[1] NA
[1] "Universal RNA"
[1] NA
[1] "Universal RNA"
[1] NA
[1] "Universal RNA"
[1] NA
[1] "Universal RNA"
[1] NA
[1] "Universal RNA"
[1] NA
