[1] "MAS5.0 signal intensity"
[1] "Staphylococcus epidermidis strain Rp62A"
[1] NA
[1] "Staphylococcus epidermidis strain Rp62A"
[1] NA
[1] "Staphylococcus epidermidis strain Rp62A"
[1] NA
[1] "Staphylococcus epidermidis strain Rp62A isogenic Δpsm-mec deletion mutants"
[1] NA
[1] "Staphylococcus epidermidis strain Rp62A isogenic Δpsm-mec deletion mutants"
[1] NA
[1] "Staphylococcus epidermidis strain Rp62A isogenic Δpsm-mec deletion mutants"
[1] NA
[1] "Staphylococcus epidermidis strain SE620"
[1] NA
[1] "Staphylococcus epidermidis strain SE620"
[1] NA
[1] "Staphylococcus epidermidis strain SE620"
[1] NA
[1] "Staphylococcus epidermidis strain SE620 Δmec mutant"
[1] NA
[1] "Staphylococcus epidermidis strain SE620 Δmec mutant"
[1] NA
[1] "Staphylococcus epidermidis strain SE620 Δmec mutant"
[1] NA
[1] "Staphylococcus epidermidis strain SE620 Δpsm-mec mutant"
[1] NA
[1] "Staphylococcus epidermidis strain SE620 Δpsm-mec mutant"
[1] NA
[1] "Staphylococcus epidermidis strain SE620 Δpsm-mec mutant"
[1] NA
