[1] "log of ch1 % of total / ch2 % of total"
[1] "Salmonella enterica subsp. enterica serovar Typhimurium X3339 total RNA after microgravity in flight F11"
[1] NA
[1] "Salmonella enterica subsp. enterica serovar Typhimurium X3339 total RNA after microgravity in flight F11"
[1] NA
[1] "Salmonella enterica subsp. enterica serovar Typhimurium X3339 total RNA after microgravity in flight F11"
[1] NA
[1] "Salmonella enterica subsp. enterica serovar Typhimurium X3339 total RNA after flight F15"
[1] NA
[1] "Salmonella enterica subsp. enterica serovar Typhimurium X3339 total RNA after flight F15"
[1] NA
[1] "Salmonella enterica subsp. enterica serovar Typhimurium X3339 total RNA after flight F15"
[1] NA
[1] "Salmonella enterica subsp. enterica serovar Typhimurium X3339 total RNA after flight F25"
[1] NA
[1] "Salmonella enterica subsp. enterica serovar Typhimurium X3339 total RNA after flight F25"
[1] NA
[1] "Salmonella enterica subsp. enterica serovar Typhimurium X3339 total RNA after flight F25"
[1] NA
[1] "Salmonella enterica subsp. enterica serovar Typhimurium X3339 total RNA after ground G11"
[1] NA
[1] "Salmonella enterica subsp. enterica serovar Typhimurium X3339 total RNA after ground G11"
[1] NA
[1] "Salmonella enterica subsp. enterica serovar Typhimurium X3339 total RNA after ground G11"
[1] NA
[1] "Salmonella enterica subsp. enterica serovar Typhimurium X3339 total RNA after ground G25"
[1] NA
[1] "Salmonella enterica subsp. enterica serovar Typhimurium X3339 total RNA after ground G25"
[1] NA
[1] "Salmonella enterica subsp. enterica serovar Typhimurium X3339 total RNA after ground G25"
[1] NA
[1] "Salmonella enterica subsp. enterica serovar Typhimurium X3339 total RNA after ground G123"
[1] NA
[1] "Salmonella enterica subsp. enterica serovar Typhimurium X3339 total RNA after ground G123"
[1] NA
[1] "Salmonella enterica subsp. enterica serovar Typhimurium X3339 total RNA after ground G123"
[1] NA
[1] "X3339 total RNA after microgravity in flight on M9 minimal media"
[1] NA
[1] "X3339 total RNA after microgravity in flight on M9 minimal media"
[1] NA
[1] "X3339 total RNA after microgravity in flight on M9 minimal media"
[1] NA
[1] "X3339 total RNA after microgravity on ground on M9 minimal media"
[1] NA
[1] "X3339 total RNA after microgravity on ground on M9 minimal media"
[1] NA
[1] "X3339 total RNA after microgravity on ground on M9 minimal media"
[1] NA
