[1] "Log10 normalized expression of ORF"
[1] "Parent without stress"
[1] NA
[1] "Parent without stress"
[1] NA
[1] "Parent without stress"
[1] NA
[1] "Parent with NaCl stress"
[1] NA
[1] "Parent with KCl stress"
[1] NA
[1] "Parent with Co stress"
[1] NA
[1] "Parent with SoCar stress"
[1] NA
[1] "Parent with Lac stress"
[1] NA
[1] "Parent with Mal stress"
[1] NA
[1] "Parent with Metha stress"
[1] NA
[1] "Parent with Croton stress"
[1] NA
[1] "Parent with MG stress"
[1] NA
[1] "Parent with BuOH stress"
[1] NA
[1] "Parent with CPC stress"
[1] NA
[1] "NaCl resistant strain without stress"
[1] NA
[1] "NaCl resistant strain without stress"
[1] NA
[1] "NaCl resistant strain without stress"
[1] NA
[1] "NaCl resistant strain without stress"
[1] NA
[1] "NaCl resistant strain without stress"
[1] NA
[1] "KCl resistant strain without stress"
[1] NA
[1] "KCl resistant strain without stress"
[1] NA
[1] "KCl resistant strain without stress"
[1] NA
[1] "KCl resistant strain without stress"
[1] NA
[1] "KCl resistant strain without stress"
[1] NA
[1] "Co resistant strain without stress"
[1] NA
[1] "Co resistant strain without stress"
[1] NA
[1] "Co resistant strain without stress"
[1] NA
[1] "Co resistant strain without stress"
[1] NA
[1] "Co resistant strain without stress"
[1] NA
[1] "SoCar resistant strain without stress"
[1] NA
[1] "SoCar resistant strain without stress"
[1] NA
[1] "SoCar resistant strain without stress"
[1] NA
[1] "SoCar resistant strain without stress"
[1] NA
[1] "SoCar resistant strain without stress"
[1] NA
[1] "Lac resistant strain without stress"
[1] NA
[1] "Lac resistant strain without stress"
[1] NA
[1] "Lac resistant strain without stress"
[1] NA
[1] "Lac resistant strain without stress"
[1] NA
[1] "Lac resistant strain without stress"
[1] NA
[1] "Mal resistant strain without stress"
[1] NA
[1] "Mal resistant strain without stress"
[1] NA
[1] "Mal resistant strain without stress"
[1] NA
[1] "Mal resistant strain without stress"
[1] NA
[1] "Mal resistant strain without stress"
[1] NA
[1] "Metha resistant strain without stress"
[1] NA
[1] "Metha resistant strain without stress"
[1] NA
[1] "Metha resistant strain without stress"
[1] NA
[1] "Metha resistant strain without stress"
[1] NA
[1] "Metha resistant strain without stress"
[1] NA
[1] "Cro resistant strain without stress"
[1] NA
[1] "Cro resistant strain without stress"
[1] NA
[1] "Cro resistant strain without stress"
[1] NA
[1] "Cro resistant strain without stress"
[1] NA
[1] "Cro resistant strain without stress"
[1] NA
[1] "MG resistant strain without stress"
[1] NA
[1] "MG resistant strain without stress"
[1] NA
[1] "MG resistant strain without stress"
[1] NA
[1] "MG resistant strain without stress"
[1] NA
[1] "MG resistant strain without stress"
[1] NA
[1] "BuOH resistant strain without stress"
[1] NA
[1] "BuOH resistant strain without stress"
[1] NA
[1] "BuOH resistant strain without stress"
[1] NA
[1] "BuOH resistant strain without stress"
[1] NA
[1] "BuOH resistant strain without stress"
[1] NA
[1] "CPC resistant strain without stress"
[1] NA
[1] "CPC resistant strain without stress"
[1] NA
[1] "CPC resistant strain without stress"
[1] NA
[1] "CPC resistant strain without stress"
[1] NA
[1] "CPC resistant strain without stress"
[1] NA
[1] "NaCl resistant strain with NaCl stress"
[1] NA
[1] "NaCl resistant strain with NaCl stress"
[1] NA
[1] "NaCl resistant strain with NaCl stress"
[1] NA
[1] "NaCl resistant strain with NaCl stress"
[1] NA
[1] "NaCl resistant strain with NaCl stress"
[1] NA
[1] "KCl resistant strain with KCl stress"
[1] NA
[1] "KCl resistant strain with KCl stress"
[1] NA
[1] "KCl resistant strain with KCl stress"
[1] NA
[1] "KCl resistant strain with KCl stress"
[1] NA
[1] "KCl resistant strain with KCl stress"
[1] NA
[1] "Co resistant strain with Co stress"
[1] NA
[1] "Co resistant strain with Co stress"
[1] NA
[1] "Co resistant strain with Co stress"
[1] NA
[1] "Co resistant strain with Co stress"
[1] NA
[1] "Co resistant strain with Co stress"
[1] NA
[1] "SoCar resistant strain with SoCar stress"
[1] NA
[1] "SoCar resistant strain with SoCar stress"
[1] NA
[1] "SoCar resistant strain with SoCar stress"
[1] NA
[1] "SoCar resistant strain with SoCar stress"
[1] NA
[1] "SoCar resistant strain with SoCar stress"
[1] NA
[1] "Lac resistant strain with Lac stress"
[1] NA
[1] "Lac resistant strain with Lac stress"
[1] NA
[1] "Lac resistant strain with Lac stress"
[1] NA
[1] "Lac resistant strain with Lac stress"
[1] NA
[1] "Lac resistant strain with Lac stress"
[1] NA
[1] "Mal resistant strain with Mal stress"
[1] NA
[1] "Mal resistant strain with Mal stress"
[1] NA
[1] "Mal resistant strain with Mal stress"
[1] NA
[1] "Mal resistant strain with Mal stress"
[1] NA
[1] "Mal resistant strain with Mal stress"
[1] NA
[1] "Metha resistant strain with Metha stress"
[1] NA
[1] "Metha resistant strain with Metha stress"
[1] NA
[1] "Metha resistant strain with Metha stress"
[1] NA
[1] "Metha resistant strain with Metha stress"
[1] NA
[1] "Metha resistant strain with Metha stress"
[1] NA
[1] "Croton resistant strain with Croton stress"
[1] NA
[1] "Croton resistant strain with Croton stress"
[1] NA
[1] "Croton resistant strain with Croton stress"
[1] NA
[1] "Croton resistant strain with Croton stress"
[1] NA
[1] "Croton resistant strain with Croton stress"
[1] NA
[1] "MG resistant strain with MG stress"
[1] NA
[1] "MG resistant strain with MG stress"
[1] NA
[1] "MG resistant strain with MG stress"
[1] NA
[1] "MG resistant strain with MG stress"
[1] NA
[1] "MG resistant strain with MG stress"
[1] NA
[1] "BuOH resistant strain with BuOH stress"
[1] NA
[1] "BuOH resistant strain with BuOH stress"
[1] NA
[1] "BuOH resistant strain with BuOH stress"
[1] NA
[1] "BuOH resistant strain with BuOH stress"
[1] NA
[1] "BuOH resistant strain with BuOH stress"
[1] NA
[1] "CPC resistant strain with CPC stress"
[1] NA
[1] "CPC resistant strain with CPC stress"
[1] NA
[1] "CPC resistant strain with CPC stress"
[1] NA
[1] "CPC resistant strain with CPC stress"
[1] NA
[1] "CPC resistant strain with CPC stress"
[1] NA
