[1] NA
[1] "Streptococcus pneumoniae cells, infected mouse heart sample"
[1] NA
[1] "Streptococcus pneumoniae cells, infected mouse heart sample"
[1] NA
[1] "Streptococcus pneumoniae cells, infected mouse heart sample"
[1] NA
[1] "Streptococcus pneumoniae cells, media-grown planktonic sample"
[1] NA
[1] "Streptococcus pneumoniae cells, media-grown planktonic sample"
[1] NA
[1] "Streptococcus pneumoniae cells, media-grown planktonic sample"
[1] NA
[1] "Streptococcus pneumoniae cells, media-grown biofilm sample"
[1] NA
[1] "Streptococcus pneumoniae cells, media-grown biofilm sample"
[1] NA
[1] "Streptococcus pneumoniae cells, media-grown biofilm sample"
[1] NA
[1] "Streptococcus pneumoniae cells, infected mouse blood sample"
[1] NA
[1] "Streptococcus pneumoniae cells, infected mouse blood sample"
[1] NA
[1] "Uninfected mouse heart controls"
[1] NA
[1] "Uninfected mouse heart controls"
[1] NA
[1] "Uninfected mouse heart controls"
[1] NA
