[1] "Normalized spot signal"
[1] "Late exponential Bacillus subtilis 168 cells"
[1] NA
[1] "Late exponential Bacillus subtilis 168 cells"
[1] NA
[1] "Late exponential Bacillus subtilis 168 cells"
[1] NA
[1] "Late exponential Bacillus subtilis 168 cells overproducing AmyQ"
[1] NA
[1] "Late exponential Bacillus subtilis 168 cells overproducing AmyQ"
[1] NA
[1] "Late exponential Bacillus subtilis 168 cells overproducing AmyQ"
[1] NA
[1] "Late exponential Bacillus subtilis 168 CssS knockout cells overproducing AmyQ"
[1] NA
[1] "Late exponential Bacillus subtilis 168 CssS knockout cells overproducing AmyQ"
[1] NA
[1] "Late exponential Bacillus subtilis 168 CssS knockout cells overproducing AmyQ"
[1] NA
[1] "Stationary phase Bacillus subtilis 168 cells"
[1] NA
[1] "Stationary phase Bacillus subtilis 168 cells"
[1] NA
[1] "Stationary phase Bacillus subtilis 168 cells"
[1] NA
[1] "Stationary phase Bacillus subtilis 168 cells overproducing AmyQ"
[1] NA
[1] "Stationary phase Bacillus subtilis 168 cells overproducing AmyQ"
[1] NA
[1] "Stationary phase Bacillus subtilis 168 cells overproducing AmyQ"
[1] NA
[1] "Stationary phase Bacillus subtilis 168 CssS knockout cells overproducing AmyQ"
[1] NA
[1] "Stationary phase Bacillus subtilis 168 CssS knockout cells overproducing AmyQ"
[1] NA
[1] "Stationary phase Bacillus subtilis 168 CssS knockout cells overproducing AmyQ"
[1] NA
