[1] "log2 ratio (Cy3/Cy5)"
[1] "Genomic DNA from O55:H7 strain TB182A"
[1] NA
[1] "Genomic DNA from O55:H7 strain TB182A"
[1] NA
[1] "Genomic DNA from O55:H7 strain st957"
[1] NA
[1] "Genomic DNA from O55:H7 strain st957"
[1] NA
[1] "Genomic DNA from O55:H7 strain WC211"
[1] NA
[1] "Genomic DNA from O55:H7 strain WC211"
[1] NA
[1] "Genomic DNA from O55:H7 strain WC416"
[1] NA
[1] "Genomic DNA from O55:H7 strain WC416"
[1] NA
[1] "Genomic DNA from O55:H7 strain st58"
[1] NA
[1] "Genomic DNA from O55:H7 strain st58"
[1] NA
[1] "Genomic DNA from O55:H6 strain ICC219"
[1] NA
[1] "Genomic DNA from O55:H6 strain ICC219"
[1] NA
[1] "Genomic DNA from O55:H6 strain ICC221"
[1] NA
[1] "Genomic DNA from O55:H6 strain ICC221"
[1] NA
[1] "Genomic DNA from O55:H6 strain ICC222"
[1] NA
[1] "Genomic DNA from O55:H6 strain ICC222"
[1] NA
