[1] NA
[1] "HiC BWX3352_0IPTG"
[1] NA
[1] "HiC BWX3352_1mMIPTG_15m"
[1] NA
[1] "HiC BWX3352_1mMIPTG_20m"
[1] NA
[1] "HiC BWX3352_1mMIPTG_25m"
[1] NA
[1] "HiC BWX3352_1mMIPTG_30m"
[1] NA
[1] "HiC BWX3352_1mMIPTG_35m"
[1] NA
[1] "HiC BWX3352_1mMIPTG_45m"
[1] NA
[1] "HiC BWX3377"
[1] NA
[1] "HiC BWX3270"
[1] NA
[1] "HiC BWX3381"
[1] NA
[1] "HiC BWX3383"
[1] NA
[1] "HiC BWX3268"
[1] NA
[1] "HiC BWX3403"
[1] NA
[1] "HiC BWX3403_10m_rif"
[1] NA
[1] "HiC BWX3403_30m_rif"
[1] NA
[1] "HiC BWX3352_1mMIPTG_20m_15m"
[1] NA
[1] "HiC BWX3352_1mMIPTG_20m_15mrif"
[1] NA
[1] "HiC BWX3596_0IPTG"
[1] NA
[1] "HiC BWX3596_1mMIPTG_15min"
[1] NA
[1] "HiC BWX3596_1mMIPTG_20min"
[1] NA
[1] "HiC BWX3596_1mMIPTG_25min"
[1] NA
[1] "HiC BWX3596_1mMIPTG_30min"
[1] NA
[1] "HiC BWX3596_1mMIPTG_35min"
[1] NA
[1] "ChIPSMC BWX3352_0IPTG"
[1] NA
[1] "ChIPSMC BWX3352_1mMIPTG_15m"
[1] NA
[1] "ChIPSMC BWX3352_1mMIPTG_20m"
[1] NA
[1] "ChIPSMC BWX3352_1mMIPTG_25m"
[1] NA
[1] "ChIPSMC BWX3377"
[1] NA
[1] "ChIPSMC BWX3270"
[1] NA
[1] "ChIPSMC BWX3381"
[1] NA
[1] "ChIPSMC BWX3383"
[1] NA
[1] "ChIPParB BWX3377"
[1] NA
[1] "ChIPParB BWX3270"
[1] NA
[1] "ChIPParB BWX3381"
[1] NA
[1] "ChIPParB BWX3383"
[1] NA
[1] "ChIPScpA BWX3383"
[1] NA
[1] "ChIPScpB BWX3383"
[1] NA
[1] "ChIPSMC BWX3690_0IPTG"
[1] NA
[1] "ChIPGFP BWX3690_0IPTG"
[1] NA
[1] "ChIPGFP BWX3690_1mMIPTG_10m"
[1] NA
[1] "ChIPGFP BWX3690_1mMIPTG_15m"
[1] NA
[1] "ChIPGFP BWX3690_1mMIPTG_20m"
[1] NA
[1] "ChIPGFP BWX3690_1mMIPTG_25m"
[1] NA
[1] "ChIPGFP BDR1841"
[1] NA
[1] "input BWX3352_0IPTG"
[1] NA
[1] "input BWX3352_1mMIPTG_15m"
[1] NA
[1] "input BWX3352_1mMIPTG_20m"
[1] NA
[1] "input BWX3352_1mMIPTG_25m"
[1] NA
[1] "input BWX3377"
[1] NA
[1] "input BWX3270"
[1] NA
[1] "input BWX3381"
[1] NA
[1] "input BWX3383"
[1] NA
[1] "input BWX3690_0IPTG"
[1] NA
[1] "input BWX3690_1mMIPTG_10m"
[1] NA
[1] "input BWX3690_1mMIPTG_15m"
[1] NA
[1] "input BWX3690_1mMIPTG_20m"
[1] NA
[1] "input BWX3690_1mMIPTG_25m"
[1] NA
[1] "input BDR1841"
[1] NA
[1] "Bacillus subtilis PY79"
[1] NA
