[1] "Normalised signal intensity"
[1] "Total RNA from E. coli only control"
[1] NA
[1] "Total RNA from E. coli only control"
[1] NA
[1] "Total RNA from E. coli only control"
[1] NA
[1] "Total RNA from E. coli only control"
[1] NA
[1] "Total RNA from E. coli only control"
[1] NA
[1] "Total RNA from E. coli only control"
[1] NA
[1] "Total RNA from E. coli only control"
[1] NA
[1] "Total RNA from E. coli only control"
[1] NA
[1] "Total RNA from E. coli only control"
[1] NA
[1] "Total RNA from E. coli only control"
[1] NA
[1] "Total RNA from  Bdellovibrio infection on E. coli sample"
[1] NA
[1] "Total RNA from  Bdellovibrio infection on E. coli sample"
[1] NA
[1] "Total RNA from  Bdellovibrio infection on E. coli sample"
[1] NA
[1] "Total RNA from  Bdellovibrio infection on E. coli sample"
[1] NA
[1] "Total RNA from  Bdellovibrio infection on E. coli sample"
[1] NA
[1] "Total RNA from  Bdellovibrio infection on E. coli sample"
[1] NA
[1] "Total RNA from  Bdellovibrio infection on E. coli sample"
[1] NA
[1] "Total RNA from  Bdellovibrio infection on E. coli sample"
[1] NA
[1] "Total RNA from  Bdellovibrio infection on E. coli sample"
[1] NA
[1] "Total RNA from  Bdellovibrio infection on E. coli sample"
[1] NA
[1] "Total RNA from  Bdellovibrio only control"
[1] NA
[1] "Total RNA from  Bdellovibrio only control"
[1] NA
[1] "Total RNA from  Bdellovibrio only control"
[1] NA
[1] "Total RNA from  Bdellovibrio only control"
[1] NA
[1] "Total RNA from  Bdellovibrio only control"
[1] NA
[1] "Total RNA from  Bdellovibrio only control"
[1] NA
[1] "Total RNA from  Bdellovibrio only control"
[1] NA
[1] "Total RNA from  Bdellovibrio only control"
[1] NA
[1] "Total RNA from  Bdellovibrio only control"
[1] NA
[1] "Total RNA from  Bdellovibrio only control"
[1] NA
