[1] "log2 ratio (Cy5/Cy3)"
[1] "MTb control"
[1] NA
[1] "MTb control"
[1] NA
[1] "MTb control"
[1] NA
[1] "MTb control"
[1] NA
[1] "MTb control"
[1] NA
[1] "MTb control"
[1] NA
[1] "MTb control"
[1] NA
[1] "MTb control"
[1] NA
[1] "MTb control"
[1] NA
[1] "MTb control"
[1] NA
[1] "MTb control"
[1] NA
[1] "MTb control"
[1] NA
[1] "MTb control"
[1] NA
[1] "MTb control"
[1] NA
[1] "MTb control"
[1] NA
[1] "MTb control"
[1] NA
[1] "MTb control"
[1] NA
[1] "MTb control"
[1] NA
[1] "MTb control"
[1] NA
[1] "MTb control"
[1] NA
[1] "MTb control"
[1] NA
[1] "MTb control"
[1] NA
[1] "MTb control"
[1] NA
[1] "MTb control"
[1] NA
[1] "MTb control"
[1] NA
[1] "MTb control"
[1] NA
[1] "MTb control"
[1] NA
[1] "MTb control"
[1] NA
[1] "MTb control"
[1] NA
[1] "MTb control"
[1] NA
[1] "MTb control"
[1] NA
[1] "MTb control"
[1] NA
[1] "MTb control"
[1] NA
[1] "MTb control"
[1] NA
[1] "MTb control"
[1] NA
[1] "MTb control"
[1] NA
[1] "MTb control"
[1] NA
[1] "MTb control"
[1] NA
[1] "MTb control"
[1] NA
[1] "MTb control"
[1] NA
[1] "MTb control"
[1] NA
[1] "MTb control"
[1] NA
[1] "MTb control"
[1] NA
[1] "MTb control"
[1] NA
[1] "MTb control"
[1] NA
[1] "MTb control"
[1] NA
[1] "MTb control"
[1] NA
[1] "MTb control"
[1] NA
[1] "MTb control"
[1] NA
[1] "MTb control"
[1] NA
[1] "MTb control"
[1] NA
[1] "MTb control"
[1] NA
[1] "MTb control"
[1] NA
[1] "MTb control"
[1] NA
