[1] "We apply a background correction, i.e. we subtract the local background for the local foreground intensities.  We compute the base 2 log-ratio for each probe and average the log-ratios over the 4 replicates on the array."
[1] "194"
[1] NA
[1] "200"
[1] NA
[1] "184"
[1] NA
[1] "186"
[1] NA
[1] "189"
[1] NA
[1] "195"
[1] NA
[1] "215"
[1] NA
[1] "216"
[1] NA
[1] "217"
[1] NA
[1] "218"
[1] NA
[1] "219"
[1] NA
[1] "220"
[1] NA
[1] "221"
[1] NA
[1] "222"
[1] NA
[1] "223"
[1] NA
[1] "224"
[1] NA
[1] "225"
[1] NA
[1] "226"
[1] NA
[1] "227"
[1] NA
[1] "228"
[1] NA
