[1] NA
[1] "chemostat STR-PFR culture"
[1] NA
[1] "chemostat STR-PFR culture"
[1] NA
[1] "chemostat STR-PFR culture"
[1] NA
[1] "chemostat STR-PFR culture"
[1] NA
[1] "chemostat STR-PFR culture"
[1] NA
[1] "chemostat STR-PFR culture"
[1] NA
[1] "chemostat STR-PFR culture"
[1] NA
[1] "chemostat STR-PFR culture"
[1] NA
[1] "chemostat STR-PFR culture"
[1] NA
[1] "chemostat STR-PFR culture"
[1] NA
[1] "chemostat STR-PFR culture"
[1] NA
[1] "chemostat STR culture"
[1] NA
[1] "chemostat STR culture"
[1] NA
[1] "chemostat STR culture"
[1] NA
[1] "chemostat STR-PFR culture"
[1] NA
[1] "chemostat STR-PFR culture"
[1] NA
[1] "chemostat STR-PFR culture"
[1] NA
[1] "chemostat STR-PFR culture"
[1] NA
[1] "chemostat STR-PFR culture"
[1] NA
[1] "chemostat STR-PFR culture"
[1] NA
[1] "chemostat STR-PFR culture"
[1] NA
[1] "chemostat STR-PFR culture"
[1] NA
[1] "chemostat STR-PFR culture"
[1] NA
[1] "chemostat STR-PFR culture"
[1] NA
[1] "chemostat STR-PFR culture"
[1] NA
[1] "chemostat STR-PFR culture"
[1] NA
[1] "chemostat STR-PFR culture"
[1] NA
[1] "chemostat STR-PFR culture"
[1] NA
[1] "chemostat STR-PFR culture"
[1] NA
[1] "chemostat STR-PFR culture"
[1] NA
[1] "chemostat STR-PFR culture"
[1] NA
[1] "chemostat STR-PFR culture"
[1] NA
[1] "chemostat STR-PFR culture"
[1] NA
[1] "chemostat STR-PFR culture"
[1] NA
[1] "chemostat STR-PFR culture"
[1] NA
[1] "chemostat STR-PFR culture"
[1] NA
[1] "chemostat STR-PFR culture"
[1] NA
[1] "chemostat STR-PFR culture"
[1] NA
[1] "chemostat STR-PFR culture"
[1] NA
[1] "chemostat STR culture"
[1] NA
[1] "chemostat STR culture"
[1] NA
[1] "chemostat STR culture"
[1] NA
[1] "chemostat STR-PFR culture"
[1] NA
[1] "chemostat STR-PFR culture"
[1] NA
[1] "chemostat STR-PFR culture"
[1] NA
[1] "chemostat STR-PFR culture"
[1] NA
[1] "chemostat STR-PFR culture"
[1] NA
[1] "chemostat STR-PFR culture"
[1] NA
[1] "chemostat STR-PFR culture"
[1] NA
[1] "chemostat STR-PFR culture"
[1] NA
[1] "chemostat STR-PFR culture"
[1] NA
[1] "chemostat STR-PFR culture"
[1] NA
[1] "chemostat STR-PFR culture"
[1] NA
[1] "chemostat STR-PFR culture"
[1] NA
[1] "chemostat STR-PFR culture"
[1] NA
[1] "chemostat STR-PFR culture"
[1] NA
[1] "chemostat STR-PFR culture"
[1] NA
[1] "chemostat STR-PFR culture"
[1] NA
[1] "chemostat STR-PFR culture"
[1] NA
