[1] "Log2 RMA signal"
[1] "WT (wild type)  Day 0,biological rep1"
[1] NA
[1] "WT (wild type)  Day 1,biological rep1"
[1] NA
[1] "WT (wild type)  Day 1,biological rep2"
[1] NA
[1] "WT (wild type)  Day 7,biological rep1"
[1] NA
[1] "WT (wild type)  Day 7,biological rep2"
[1] NA
[1] "Mut (Mutant)  Day 0,biological rep1"
[1] NA
[1] "Mut (Mutant)  Day 1,biological rep1"
[1] NA
[1] "Mut (Mutant)  Day 1,biological rep2"
[1] NA
[1] "Mut (Mutant)  Day 7,biological rep1"
[1] NA
[1] "Mut (Mutant)  Day 7,biological rep2"
[1] NA
[1] "WT+I (inhibitor)  Day 1,biological rep1"
[1] NA
[1] "WT+I (inhibitor)  Day 1,biological rep2"
[1] NA
[1] "WT+I (inhibitor)  Day 7,biological rep1"
[1] NA
[1] "WT+I (inhibitor)  Day 7,biological rep2"
[1] NA
