[1] "log of medians ch1/ch2 (mean of the ratio of medians of all the features was equal to one)"
[1] "QW119 RNA from LB broth at log phase"
[1] NA
[1] "QW119"
[1] NA
[1] "QW119"
[1] NA
[1] "QW119"
[1] NA
[1] "QW119"
[1] NA
[1] "QW119"
[1] NA
[1] "Wildtype 14028"
[1] NA
[1] "Wildtype 14028"
[1] NA
[1] "Wildtype 14028"
[1] NA
[1] "Wildtype 14028"
[1] NA
[1] "Wildtype 14028"
[1] NA
[1] "WILDTYPE 14028"
[1] NA
[1] "WILDTYPE 14028"
[1] NA
[1] "WILDTYPE 14028"
[1] NA
[1] "WILDTYPE 14028"
[1] NA
[1] "QW226"
[1] NA
[1] "QW226"
[1] NA
[1] "QW226"
[1] NA
[1] "WILDTYPE 14028"
[1] NA
[1] "Wildtype 14028"
[1] NA
[1] "Wildtype 14028"
[1] NA
[1] "Wildtype 14028"
[1] NA
[1] "Wildtype 14028"
[1] NA
[1] "Wildtype 14028"
[1] NA
[1] "QW434"
[1] NA
[1] "QW434"
[1] NA
[1] "QW434"
[1] NA
[1] "Wildtype 14028"
[1] NA
[1] "Wildtype 14028"
[1] NA
[1] "Wildtype 14028"
[1] NA
