[1] NA
[1] "E. coli"
[1] NA
[1] "E. coli"
[1] NA
[1] "E. coli"
[1] NA
[1] "E. coli"
[1] NA
[1] "E. coli"
[1] NA
[1] "E. coli"
[1] NA
[1] "E. coli"
[1] NA
[1] "E. coli"
[1] NA
[1] "E. coli"
[1] NA
[1] "E. coli"
[1] NA
[1] "E. coli"
[1] NA
[1] "E. coli"
[1] NA
[1] "E. coli"
[1] NA
[1] "E. coli"
[1] NA
[1] "E. coli"
[1] NA
[1] "E. coli"
[1] NA
[1] "E. coli"
[1] NA
[1] "E. coli"
[1] NA
[1] "E. coli"
[1] NA
[1] "E. coli"
[1] NA
[1] "E. coli"
[1] NA
[1] "E. coli"
[1] NA
[1] "E. coli"
[1] NA
[1] "E. coli"
[1] NA
[1] "E. coli"
[1] NA
[1] "E. coli"
[1] NA
[1] "E. coli"
[1] NA
[1] "E. coli"
[1] NA
[1] "E. coli"
[1] NA
[1] "E. coli"
[1] NA
