[1] "mean fluorescence intensity (MFI)"
[1] "recombinant antibody"
[1] NA
[1] "recombinant antibody"
[1] NA
[1] "recombinant antibody"
[1] NA
[1] "recombinant antibody"
[1] NA
[1] "recombinant antibody"
[1] NA
[1] "recombinant antibody"
[1] NA
[1] "recombinant antibody"
[1] NA
[1] "recombinant antibody"
[1] NA
[1] "recombinant antibody"
[1] NA
[1] "recombinant antibody"
[1] NA
[1] "recombinant antibody"
[1] NA
[1] "recombinant antibody"
[1] NA
[1] "recombinant antibody"
[1] NA
[1] "recombinant antibody"
[1] NA
[1] "recombinant antibody"
[1] NA
[1] "recombinant antibody"
[1] NA
[1] "recombinant antibody"
[1] NA
[1] "recombinant antibody"
[1] NA
[1] "recombinant antibody"
[1] NA
[1] "recombinant antibody"
[1] NA
[1] "recombinant antibody"
[1] NA
[1] "recombinant antibody"
[1] NA
[1] "recombinant antibody"
[1] NA
[1] "recombinant antibody"
[1] NA
[1] "recombinant antibody"
[1] NA
[1] "recombinant antibody"
[1] NA
[1] "recombinant antibody"
[1] NA
[1] "recombinant antibody"
[1] NA
[1] "recombinant antibody"
[1] NA
[1] "recombinant antibody"
[1] NA
[1] "recombinant antibody"
[1] NA
[1] "recombinant antibody"
[1] NA
[1] "recombinant antibody"
[1] NA
[1] "recombinant antibody"
[1] NA
[1] "recombinant antibody"
[1] NA
[1] "recombinant antibody"
[1] NA
[1] "recombinant antibody"
[1] NA
[1] "recombinant antibody"
[1] NA
[1] "recombinant antibody"
[1] NA
[1] "recombinant antibody"
[1] NA
[1] "recombinant antibody"
[1] NA
[1] "recombinant antibody"
[1] NA
[1] "recombinant antibody"
[1] NA
[1] "recombinant antibody"
[1] NA
[1] "recombinant antibody"
[1] NA
[1] "recombinant antibody"
[1] NA
[1] "recombinant antibody"
[1] NA
[1] "recombinant antibody"
[1] NA
[1] "recombinant antibody"
[1] NA
[1] "recombinant antibody"
[1] NA
[1] "recombinant antibody"
[1] NA
[1] "recombinant antibody"
[1] NA
[1] "recombinant antibody"
[1] NA
[1] "recombinant antibody"
[1] NA
[1] "recombinant antibody"
[1] NA
[1] "recombinant antibody"
[1] NA
[1] "recombinant antibody"
[1] NA
