[1] NA
[1] "ChIPBsNoc aTP394"
[1] NA
[1] "ChIPBsNoc aTP403"
[1] NA
[1] "ChIPHis6 aTP394"
[1] NA
[1] "ChIPHis6 aTP403"
[1] NA
[1] "ChIPHis6 aTP959"
[1] NA
[1] "ChIPHis6 aTP961"
[1] NA
[1] "input aTP394"
[1] NA
[1] "input aTP403"
[1] NA
[1] "input aTP394"
[1] NA
[1] "input aTP403"
[1] NA
[1] "input aTP959"
[1] NA
[1] "input aTP961"
[1] NA
[1] "Bacillus subtilis PY79"
[1] NA
[1] "Bacillus subtilis PY79"
[1] NA
[1] "Bacillus subtilis PY79"
[1] NA
[1] "Bacillus subtilis PY79"
[1] NA
[1] "Bacillus subtilis PY79"
[1] NA
[1] "Bacillus subtilis PY79"
[1] NA
[1] "Bacillus subtilis PY79"
[1] NA
[1] "Bacillus subtilis PY79"
[1] NA
