[1] NA
[1] "whole cells, glucose"
[1] NA
[1] "whole cells, glucose"
[1] NA
[1] "whole cells, glucose"
[1] NA
[1] "whole cells, glucose"
[1] NA
[1] "whole cells, glucose"
[1] NA
[1] "whole cells, glucose"
[1] NA
[1] "whole cells, glucose"
[1] NA
[1] "whole cells, glucose"
[1] NA
[1] "whole cells, glycerol"
[1] NA
[1] "whole cells, glycerol"
[1] NA
[1] "whole cells, glycerol"
[1] NA
[1] "whole cells, glycerol"
[1] NA
[1] "whole cells, xylose"
[1] NA
[1] "whole cells, xylose"
[1] NA
[1] "whole cells, xylose"
[1] NA
[1] "whole cells, xylose"
[1] NA
[1] "whole cells, xylose"
[1] NA
[1] "whole cells, acetate"
[1] NA
[1] "whole cells, acetate"
[1] NA
[1] "whole cells, acetate"
[1] NA
[1] "whole cells, acetate"
[1] NA
[1] "whole cells, acetate"
[1] NA
[1] "whole cells, acetate"
[1] NA
