[1] "normalized log2 ratio (test/reference)"
[1] "Total RNA from wild type EHEC harboring pGEM vector labeled with Cy3."
[1] NA
[1] "Total RNA from wild type EHEC harboring pGEM vector labeled with Cy5."
[1] NA
[1] "Total RNA from wild type EHEC harboring pGEM vector labeled with Cy3."
[1] NA
[1] "Total RNA from wild type EHEC harboring pGEM vector labeled with Cy5."
[1] NA
[1] "Total RNA from wild type EHEC harboring pGEM vector labeled with Cy3."
[1] NA
[1] "Total RNA from wild type EHEC harboring pGEM vector labeled with Cy5."
[1] NA
[1] "Total RNA from wild type EHEC harboring pGEM vector labeled with Cy3."
[1] NA
[1] "Total RNA from wild type EHEC harboring pGEM vector labeled with Cy5."
[1] NA
[1] "Total RNA from ler mutant of EHEC harboring pGEM vector labeled with Cy3."
[1] NA
[1] "Total RNA from ler mutant of EHEC harboring pGEM vector labeled with Cy5."
[1] NA
[1] "Total RNA from pchAB mutant of EHEC harboring pGEM vector labeled with Cy3."
[1] NA
[1] "Total RNA from pchAB mutant of EHEC harboring pGEM vector labeled with Cy5."
[1] NA
[1] "Total RNA from pchABC mutant of EHEC harboring pGEM vector labeled with Cy3."
[1] NA
[1] "Total RNA from pchABC mutant of EHEC harboring pGEM vector labeled with Cy5."
[1] NA
[1] "Total RNA from wild type EHEC harboring pGEM vector labeled with Cy3."
[1] NA
[1] "Total RNA from wild type EHEC harboring pGEM vector labeled with Cy5."
[1] NA
[1] "Total RNA from wild type EHEC harboring pGEM vector labeled with Cy3."
[1] NA
[1] "Total RNA from wild type EHEC harboring pGEM vector labeled with Cy5."
[1] NA
[1] "Total RNA from wild type EHEC harboring pGEM vector labeled with Cy3."
[1] NA
[1] "Total RNA from wild type EHEC harboring pGEM vector labeled with Cy5."
[1] NA
[1] "Total RNA from wild type EHEC harboring pGEM vector labeled with Cy3."
[1] NA
[1] "Total RNA from wild type EHEC harboring pGEM vector labeled with Cy5."
[1] NA
[1] "Total RNA from ler mutant of EHEC harboring pGEM vector labeled with Cy3."
[1] NA
[1] "Total RNA from ler mutant of EHEC harboring pGEM vector labeled with Cy5."
[1] NA
[1] "Total RNA from pchABC mutant of EHEC harboring pGEM vector labeled with Cy3."
[1] NA
[1] "Total RNA from pchABC mutant of EHEC harboring pGEM vector labeled with Cy5."
[1] NA
