[1] "Signal"
[1] "wild type - exp rep1"
[1] NA
[1] "wild type - exp rep2"
[1] NA
[1] "wild type - exp rep3"
[1] NA
[1] "wild type - sta rep1"
[1] NA
[1] "wild type - sta rep2"
[1] NA
[1] "wild type - sta rep3"
[1] NA
[1] "SCCmec mutant - exp rep1"
[1] NA
[1] "SCCmec mutant - exp rep2"
[1] NA
[1] "SCCmec mutant - exp rep3"
[1] NA
[1] "SCCmec mutant - sta rep1"
[1] NA
[1] "SCCmec mutant - sta rep2"
[1] NA
[1] "SCCmec mutant - sta rep3"
[1] NA
[1] "ACME mutant - exp rep1"
[1] NA
[1] "ACME mutant - exp rep2"
[1] NA
[1] "ACME mutant - exp rep3"
[1] NA
[1] "ACME mutant - sta rep1"
[1] NA
[1] "ACME mutant - sta rep2"
[1] NA
[1] "ACME mutant - sta rep3"
[1] NA
[1] "double mutant - exp rep1"
[1] NA
[1] "double mutant - exp rep2"
[1] NA
[1] "double mutant - exp rep3"
[1] NA
[1] "double mutant - sta rep1"
[1] NA
[1] "double mutant - sta rep2"
[1] NA
[1] "double mutant - sta rep3"
[1] NA
